00:23:05 Listing url is not the same: /fr/Systeme-immunitaire-c93/Bach-b137/Druide-b63/b.Url vs /fr/Systeme-immunitaire-c93/Bach-b137/Druide-b63. Lang:fr
00:26:59 Listing url is not the same: /fr/Concentration-memoire-migraine-c56/Clef-des-champs-b26/Kyolic-b115/addressLink vs /fr/Concentration-memoire-migraine-c56/Clef-des-champs-b26/Kyolic-b115. Lang:fr
00:27:16 Listing url is not the same: /fr/Sante-des-enfants-c108/Kyolic-b115/brand.Url vs /fr/Sante-des-enfants-c108/Kyolic-b115. Lang:fr
01:17:26 Listing url is not the same: /fr/Antioxydants-c62/A-Vogel-b54/Le-Tournesol-ANB-b64/New-roots-b74/promotion.Url vs /fr/Antioxydants-c62/A-Vogel-b54/Le-Tournesol-ANB-b64/New-roots-b74. Lang:fr
01:18:25 Listing url is not the same: /fr/Sante-des-femmes-c100/Bach-b137/Natural-Factors-b71/brand.Url vs /fr/Sante-des-femmes-c100/Bach-b137/Natural-Factors-b71. Lang:fr
01:57:44 Listing url is not the same: /fr/Detox-Digestion-c87/Clef-des-champs-b26/Merveilles-d-Abeilles-b69/Natural-Factors-b71/New-roots-b74/promotion.Url vs /fr/Detox-Digestion-c87/Clef-des-champs-b26/Merveilles-d-Abeilles-b69/Natural-Factors-b71/New-roots-b74. Lang:fr
01:57:50 Listing url is not the same: /fr/Stress-c97/Healthology-b116/urlBilingual vs /fr/Stress-c97/Healthology-b116. Lang:fr
02:00:19 Listing url is not the same: /fr/Antioxydants-c62/A-Vogel-b54/Bach-b137/Boiron-b61/Clef-des-champs-b26/p.UrlBrand vs /fr/Antioxydants-c62/A-Vogel-b54/Bach-b137/Boiron-b61/Clef-des-champs-b26. Lang:fr
02:04:04 Listing url is not the same: /fr/Antioxydants-c62/Anokian-b58/New-roots-b74/subcat.Url vs /fr/Antioxydants-c62/Anokian-b58/New-roots-b74. Lang:fr
02:04:17 Listing url is not the same: /fr/Cosmetique-parfum-et-deodorant-c60/A-Vogel-b54/Druide-b63/Flora-b123/subcat.Url vs /fr/Cosmetique-parfum-et-deodorant-c60/A-Vogel-b54/Druide-b63/Flora-b123. Lang:fr
02:04:29 Listing url is not the same: /fr/Rhume-grippe-voie-respiratoire-c57/A-Vogel-b54/Bach-b137/Boiron-b61/Clef-des-champs-b26/promotion.Url vs /fr/Rhume-grippe-voie-respiratoire-c57/A-Vogel-b54/Bach-b137/Boiron-b61/Clef-des-champs-b26. Lang:fr
02:04:40 Listing url is not the same: /fr/Sante-des-femmes-c100/Clef-des-champs-b26/Druide-b63/Meditrina-b68/Nature-Clean-b72/New-roots-b74/brand.Url vs /fr/Sante-des-femmes-c100/Clef-des-champs-b26/Druide-b63/Meditrina-b68/Nature-Clean-b72/New-roots-b74. Lang:fr
02:04:50 Listing url is not the same: /fr/Sante-des-femmes-c100/Le-Tournesol-ANB-b64/Medelys-b128/b.Url vs /fr/Sante-des-femmes-c100/Le-Tournesol-ANB-b64/Medelys-b128. Lang:fr
02:05:00 Listing url is not the same: /fr/Sante-des-femmes-c100/Medelys-b128/Natural-Factors-b71/subcat.Url vs /fr/Sante-des-femmes-c100/Medelys-b128/Natural-Factors-b71. Lang:fr
02:46:32 Listing url is not the same: /fr/Concentration-memoire-migraine-c56/A-Vogel-b54/Anokian-b58/Boiron-b61/Clef-des-champs-b26/promotion.Url vs /fr/Concentration-memoire-migraine-c56/A-Vogel-b54/Anokian-b58/Boiron-b61/Clef-des-champs-b26. Lang:fr
02:49:56 Listing url is not the same: /fr/Systeme-immunitaire-c93/A-Vogel-b54/Boiron-b61/Natural-Factors-b71/New-roots-b74/p.Url vs /fr/Systeme-immunitaire-c93/A-Vogel-b54/Boiron-b61/Natural-Factors-b71/New-roots-b74. Lang:fr
02:53:55 Listing url is not the same: /fr/Homeopathie-c12/Anokian-b58/Natural-Factors-b71/New-roots-b74/cat.Url vs /fr/Homeopathie-c12/Anokian-b58/Natural-Factors-b71/New-roots-b74. Lang:fr
02:53:56 Listing url is not the same: /fr/Inflammation-c98/A-Vogel-b54/Boiron-b61/Clef-des-champs-b26/Meditrina-b68/Nature-Clean-b72/promotion.Url vs /fr/Inflammation-c98/A-Vogel-b54/Boiron-b61/Clef-des-champs-b26/Meditrina-b68/Nature-Clean-b72. Lang:fr
02:53:58 Listing url is not the same: /fr/Rhume-grippe-voie-respiratoire-c57/Clef-des-champs-b26/Meditrina-b68/Natural-Factors-b71/New-roots-b74/addressLink vs /fr/Rhume-grippe-voie-respiratoire-c57/Clef-des-champs-b26/Meditrina-b68/Natural-Factors-b71/New-roots-b74. Lang:fr
02:53:59 Listing url is not the same: /fr/Stress-c97/A-Vogel-b54/Clef-des-champs-b26/Druide-b63/Merveilles-d-Abeilles-b69/Natural-Factors-b71/brand.Url vs /fr/Stress-c97/A-Vogel-b54/Clef-des-champs-b26/Druide-b63/Merveilles-d-Abeilles-b69/Natural-Factors-b71. Lang:fr
03:33:10 Listing url is not the same: /fr/Huiles-magiques-de-wicca-c65/Boiron-b61/Le-Tournesol-ANB-b64/New-roots-b74/b.Url vs /fr/Huiles-magiques-de-wicca-c65/Boiron-b61/Le-Tournesol-ANB-b64/New-roots-b74. Lang:fr
03:35:46 Listing url is not the same: /fr/Antioxydants-c62/A-Vogel-b54/Bach-b137/Boiron-b61/Clef-des-champs-b26/addressLink vs /fr/Antioxydants-c62/A-Vogel-b54/Bach-b137/Boiron-b61/Clef-des-champs-b26. Lang:fr
03:35:54 Listing url is not the same: /fr/Systeme-immunitaire-c93/A-Vogel-b54/Clef-des-champs-b26/Nature-Clean-b72/New-roots-b74/subcat.Url vs /fr/Systeme-immunitaire-c93/A-Vogel-b54/Clef-des-champs-b26/Nature-Clean-b72/New-roots-b74. Lang:fr
03:39:41 Listing url is not the same: /fr/Concentration-memoire-migraine-c56/A-Vogel-b54/Le-Tournesol-ANB-b64/New-roots-b74/p.UrlBrand vs /fr/Concentration-memoire-migraine-c56/A-Vogel-b54/Le-Tournesol-ANB-b64/New-roots-b74. Lang:fr
03:39:48 Listing url is not the same: /fr/Cosmetique-parfum-et-deodorant-c60/A-Vogel-b54/Druide-b63/Flora-b123/addressLink vs /fr/Cosmetique-parfum-et-deodorant-c60/A-Vogel-b54/Druide-b63/Flora-b123. Lang:fr
03:39:54 Listing url is not the same: /fr/Homeopathie-c12/A-Vogel-b54/Clef-des-champs-b26/Leo-Desilet-b66/b.Url vs /fr/Homeopathie-c12/A-Vogel-b54/Clef-des-champs-b26/Leo-Desilet-b66. Lang:fr
03:39:58 Listing url is not the same: /fr/Rhume-grippe-voie-respiratoire-c57/A-Vogel-b54/Le-Tournesol-ANB-b64/New-roots-b74/subcat.Url vs /fr/Rhume-grippe-voie-respiratoire-c57/A-Vogel-b54/Le-Tournesol-ANB-b64/New-roots-b74. Lang:fr
03:40:02 Listing url is not the same: /fr/Sante-des-femmes-c100/A-Vogel-b54/Le-Tournesol-ANB-b64/New-roots-b74/p.UrlBrand vs /fr/Sante-des-femmes-c100/A-Vogel-b54/Le-Tournesol-ANB-b64/New-roots-b74. Lang:fr
03:40:09 Listing url is not the same: /fr/Stress-c97/Boiron-b61/Kyolic-b115/promotion.Url vs /fr/Stress-c97/Boiron-b61/Kyolic-b115. Lang:fr
03:40:12 Listing url is not the same: /fr/Stress-c97/Medelys-b128/Natural-Factors-b71/p.UrlBrand vs /fr/Stress-c97/Medelys-b128/Natural-Factors-b71. Lang:fr
04:22:17 Listing url is not the same: /fr/Concentration-memoire-migraine-c56/A-Vogel-b54/Nature-Clean-b72/New-roots-b74/promotion.Url vs /fr/Concentration-memoire-migraine-c56/A-Vogel-b54/Nature-Clean-b72/New-roots-b74. Lang:fr
04:25:23 Listing url is not the same: /fr/Allergies-c55/A-Vogel-b54/Clef-des-champs-b26/Meditrina-b68/New-roots-b74/p.UrlBrand vs /fr/Allergies-c55/A-Vogel-b54/Clef-des-champs-b26/Meditrina-b68/New-roots-b74. Lang:fr
04:25:35 Listing url is not the same: /fr/Concentration-memoire-migraine-c56/A-Vogel-b54/Anokian-b58/Boiron-b61/Clef-des-champs-b26/p.Url vs /fr/Concentration-memoire-migraine-c56/A-Vogel-b54/Anokian-b58/Boiron-b61/Clef-des-champs-b26. Lang:fr
04:25:43 Listing url is not the same: /fr/Concentration-memoire-migraine-c56/Boiron-b61/Le-Tournesol-ANB-b64/New-roots-b74/b.Url vs /fr/Concentration-memoire-migraine-c56/Boiron-b61/Le-Tournesol-ANB-b64/New-roots-b74. Lang:fr
05:14:51 Listing url is not the same: /fr/Homeopathie-c12/A-Vogel-b54/Druide-b63/Flora-b123/brand.Url vs /fr/Homeopathie-c12/A-Vogel-b54/Druide-b63/Flora-b123. Lang:fr
05:58:18 Listing url is not the same: /fr/Sante-des-femmes-c100/Clef-des-champs-b26/Healthology-b116/brand.Url vs /fr/Sante-des-femmes-c100/Clef-des-champs-b26/Healthology-b116. Lang:fr
06:05:31 Listing url is not the same: /fr/Rhume-grippe-voie-respiratoire-c57/Clef-des-champs-b26/Numi-tea-b124/p.UrlBrand vs /fr/Rhume-grippe-voie-respiratoire-c57/Clef-des-champs-b26/Numi-tea-b124. Lang:fr
06:42:26 Listing url is not the same: /fr/Inflammation-c98/Clef-des-champs-b26/Numi-tea-b124/brand.Url vs /fr/Inflammation-c98/Clef-des-champs-b26/Numi-tea-b124. Lang:fr
06:45:28 Listing url is not the same: /fr/Allergies-c55/A-Vogel-b54/Clef-des-champs-b26/Natural-Factors-b71/New-roots-b74/b.Url vs /fr/Allergies-c55/A-Vogel-b54/Clef-des-champs-b26/Natural-Factors-b71/New-roots-b74. Lang:fr
06:45:40 Listing url is not the same: /fr/Fatigue-c99/A-Vogel-b54/Clef-des-champs-b26/Nature-Clean-b72/New-roots-b74/subcat.Url vs /fr/Fatigue-c99/A-Vogel-b54/Clef-des-champs-b26/Nature-Clean-b72/New-roots-b74. Lang:fr
06:45:53 Listing url is not the same: /fr/Sommeil-c88/Clef-des-champs-b26/Meditrina-b68/Nature-Clean-b72/New-roots-b74/b.Url vs /fr/Sommeil-c88/Clef-des-champs-b26/Meditrina-b68/Nature-Clean-b72/New-roots-b74. Lang:fr
06:49:52 Listing url is not the same: /fr/Concentration-memoire-migraine-c56/Anokian-b58/Natural-Factors-b71/New-roots-b74/urlBilingual vs /fr/Concentration-memoire-migraine-c56/Anokian-b58/Natural-Factors-b71/New-roots-b74. Lang:fr
06:50:01 Listing url is not the same: /fr/Cosmetique-parfum-et-deodorant-c60/Anokian-b58/Natural-Factors-b71/New-roots-b74/subcat.Url vs /fr/Cosmetique-parfum-et-deodorant-c60/Anokian-b58/Natural-Factors-b71/New-roots-b74. Lang:fr
06:50:08 Listing url is not the same: /fr/Sante-des-enfants-c108/Boiron-b61/Kyolic-b115/p.Url vs /fr/Sante-des-enfants-c108/Boiron-b61/Kyolic-b115. Lang:fr
06:50:14 Listing url is not the same: /fr/Sante-des-femmes-c100/Druide-b63/Salus-b126/p.Url vs /fr/Sante-des-femmes-c100/Druide-b63/Salus-b126. Lang:fr
06:50:19 Listing url is not the same: /fr/Sommeil-c88/Clef-des-champs-b26/Kyolic-b115/urlBilingual vs /fr/Sommeil-c88/Clef-des-champs-b26/Kyolic-b115. Lang:fr
07:29:11 Listing url is not the same: /fr/Stress-c97/Kyolic-b115/cat.Url vs /fr/Stress-c97/Kyolic-b115. Lang:fr
07:31:49 Listing url is not the same: /fr/Systeme-immunitaire-c93/A-Vogel-b54/Boiron-b61/Natural-Factors-b71/New-roots-b74/addressLink vs /fr/Systeme-immunitaire-c93/A-Vogel-b54/Boiron-b61/Natural-Factors-b71/New-roots-b74. Lang:fr
07:36:06 Listing url is not the same: /fr/Antioxydants-c62/Anokian-b58/New-roots-b74/addressLink vs /fr/Antioxydants-c62/Anokian-b58/New-roots-b74. Lang:fr
07:36:10 Listing url is not the same: /fr/Inflammation-c98/Clef-des-champs-b26/Kyolic-b115/p.Url vs /fr/Inflammation-c98/Clef-des-champs-b26/Kyolic-b115. Lang:fr
07:36:41 Listing url is not the same: /fr/Stress-c97/A-Vogel-b54/Le-Tournesol-ANB-b64/New-roots-b74/urlBilingual vs /fr/Stress-c97/A-Vogel-b54/Le-Tournesol-ANB-b64/New-roots-b74. Lang:fr
08:18:15 Listing url is not the same: /fr/Inflammation-c98/A-Vogel-b54/Clef-des-champs-b26/Meditrina-b68/New-roots-b74/p.Url vs /fr/Inflammation-c98/A-Vogel-b54/Clef-des-champs-b26/Meditrina-b68/New-roots-b74. Lang:fr
08:23:38 Listing url is not the same: /fr/Antioxydants-c62/A-Vogel-b54/Clef-des-champs-b26/Leo-Desilet-b66/b.Url vs /fr/Antioxydants-c62/A-Vogel-b54/Clef-des-champs-b26/Leo-Desilet-b66. Lang:fr
08:23:52 Listing url is not the same: /fr/Coeur-et-sante-generale-c106/Anokian-b58/Natural-Factors-b71/New-roots-b74/p.Url vs /fr/Coeur-et-sante-generale-c106/Anokian-b58/Natural-Factors-b71/New-roots-b74. Lang:fr
08:25:14 Listing url is not the same: /fr/Inflammation-c98/A-Vogel-b54/Healthology-b116/addressLink vs /fr/Inflammation-c98/A-Vogel-b54/Healthology-b116. Lang:fr
08:25:47 Listing url is not the same: /fr/Inflammation-c98/Boiron-b61/Clef-des-champs-b26/Leo-Desilet-b66/urlBilingual vs /fr/Inflammation-c98/Boiron-b61/Clef-des-champs-b26/Leo-Desilet-b66. Lang:fr
08:26:16 Listing url is not the same: /fr/Rhume-grippe-voie-respiratoire-c57/A-Vogel-b54/Le-Tournesol-ANB-b64/New-roots-b74/urlBilingual vs /fr/Rhume-grippe-voie-respiratoire-c57/A-Vogel-b54/Le-Tournesol-ANB-b64/New-roots-b74. Lang:fr
08:26:44 Listing url is not the same: /fr/Sante-des-femmes-c100/Le-Tournesol-ANB-b64/Medelys-b128/p.Url vs /fr/Sante-des-femmes-c100/Le-Tournesol-ANB-b64/Medelys-b128. Lang:fr
09:04:01 Listing url is not the same: /fr/Concentration-memoire-migraine-c56/Leo-Desilet-b66/promotion.Url vs /fr/Concentration-memoire-migraine-c56/Leo-Desilet-b66. Lang:fr
09:04:20 Listing url is not the same: /fr/Systeme-immunitaire-c93/A-Vogel-b54/Boiron-b61/Natural-Factors-b71/New-roots-b74/brand.Url vs /fr/Systeme-immunitaire-c93/A-Vogel-b54/Boiron-b61/Natural-Factors-b71/New-roots-b74. Lang:fr
09:07:46 Listing url is not the same: /fr/Fatigue-c99/New-roots-b74/Numi-tea-b124/promotion.Url vs /fr/Fatigue-c99/New-roots-b74/Numi-tea-b124. Lang:fr
09:07:49 Listing url is not the same: /fr/Sante-des-enfants-c108/Medelys-b128/Natural-Factors-b71/cat.Url vs /fr/Sante-des-enfants-c108/Medelys-b128/Natural-Factors-b71. Lang:fr
09:07:52 Listing url is not the same: /fr/Sante-des-femmes-c100/Bach-b137/Meditrina-b68/p.UrlBrand vs /fr/Sante-des-femmes-c100/Bach-b137/Meditrina-b68. Lang:fr
09:07:54 Listing url is not the same: /fr/Systeme-immunitaire-c93/Anokian-b58/New-roots-b74/brand.Url vs /fr/Systeme-immunitaire-c93/Anokian-b58/New-roots-b74. Lang:fr
09:52:06 Listing url is not the same: /fr/Detox-Digestion-c87/A-Vogel-b54/Natural-Factors-b71/Nature-Clean-b72/New-roots-b74/b.Url vs /fr/Detox-Digestion-c87/A-Vogel-b54/Natural-Factors-b71/Nature-Clean-b72/New-roots-b74. Lang:fr
09:52:13 Listing url is not the same: /fr/Rhume-grippe-voie-respiratoire-c57/A-Vogel-b54/Bach-b137/Boiron-b61/Clef-des-champs-b26/addressLink vs /fr/Rhume-grippe-voie-respiratoire-c57/A-Vogel-b54/Bach-b137/Boiron-b61/Clef-des-champs-b26. Lang:fr
09:52:21 Listing url is not the same: /fr/Sommeil-c88/Clef-des-champs-b26/Meditrina-b68/Nature-Clean-b72/New-roots-b74/brand.Url vs /fr/Sommeil-c88/Clef-des-champs-b26/Meditrina-b68/Nature-Clean-b72/New-roots-b74. Lang:fr
09:55:45 Listing url is not the same: /fr/Allergies-c55/Anokian-b58/Natural-Factors-b71/New-roots-b74/p.UrlBrand vs /fr/Allergies-c55/Anokian-b58/Natural-Factors-b71/New-roots-b74. Lang:fr
09:55:53 Listing url is not the same: /fr/Concentration-memoire-migraine-c56/Anokian-b58/Natural-Factors-b71/New-roots-b74/p.UrlBrand vs /fr/Concentration-memoire-migraine-c56/Anokian-b58/Natural-Factors-b71/New-roots-b74. Lang:fr
09:55:56 Listing url is not the same: /fr/Detox-Digestion-c87/Medelys-b128/Natural-Factors-b71/cat.Url vs /fr/Detox-Digestion-c87/Medelys-b128/Natural-Factors-b71. Lang:fr
09:55:59 Listing url is not the same: /fr/Rhume-grippe-voie-respiratoire-c57/A-Vogel-b54/Clef-des-champs-b26/Natural-Factors-b71/New-roots-b74/p.Url vs /fr/Rhume-grippe-voie-respiratoire-c57/A-Vogel-b54/Clef-des-champs-b26/Natural-Factors-b71/New-roots-b74. Lang:fr
09:56:02 Listing url is not the same: /fr/Sante-des-enfants-c108/A-Vogel-b54/Clef-des-champs-b26/Druide-b63/Meditrina-b68/New-roots-b74/cat.Url vs /fr/Sante-des-enfants-c108/A-Vogel-b54/Clef-des-champs-b26/Druide-b63/Meditrina-b68/New-roots-b74. Lang:fr
09:56:04 Listing url is not the same: /fr/Sommeil-c88/Leo-Desilet-b66/Natural-Factors-b71/promotion.Url vs /fr/Sommeil-c88/Leo-Desilet-b66/Natural-Factors-b71. Lang:fr
09:56:15 Listing url is not the same: /fr/Stress-c97/Anokian-b58/New-roots-b74/urlBilingual vs /fr/Stress-c97/Anokian-b58/New-roots-b74. Lang:fr
10:37:35 Listing url is not the same: /fr/Concentration-memoire-migraine-c56/Clef-des-champs-b26/Druide-b63/Meditrina-b68/New-roots-b74/p.Url vs /fr/Concentration-memoire-migraine-c56/Clef-des-champs-b26/Druide-b63/Meditrina-b68/New-roots-b74. Lang:fr
10:37:47 Listing url is not the same: /fr/Inflammation-c98/A-Vogel-b54/Clef-des-champs-b26/Meditrina-b68/New-roots-b74/addressLink vs /fr/Inflammation-c98/A-Vogel-b54/Clef-des-champs-b26/Meditrina-b68/New-roots-b74. Lang:fr
10:40:56 Listing url is not the same: /fr/Allergies-c55/Clef-des-champs-b26/Meditrina-b68/Natural-Factors-b71/New-roots-b74/addressLink vs /fr/Allergies-c55/Clef-des-champs-b26/Meditrina-b68/Natural-Factors-b71/New-roots-b74. Lang:fr
10:41:03 Listing url is not the same: /fr/Antioxydants-c62/Clef-des-champs-b26/Meditrina-b68/Natural-Factors-b71/New-roots-b74/b.Url vs /fr/Antioxydants-c62/Clef-des-champs-b26/Meditrina-b68/Natural-Factors-b71/New-roots-b74. Lang:fr
10:41:10 Listing url is not the same: /fr/Detox-Digestion-c87/A-Vogel-b54/Clef-des-champs-b26/Nature-Clean-b72/New-roots-b74/b.Url vs /fr/Detox-Digestion-c87/A-Vogel-b54/Clef-des-champs-b26/Nature-Clean-b72/New-roots-b74. Lang:fr
10:41:15 Listing url is not the same: /fr/Homeopathie-c12/Clef-des-champs-b26/Meditrina-b68/Natural-Factors-b71/New-roots-b74/urlBilingual vs /fr/Homeopathie-c12/Clef-des-champs-b26/Meditrina-b68/Natural-Factors-b71/New-roots-b74. Lang:fr
10:41:26 Listing url is not the same: /fr/Rhume-grippe-voie-respiratoire-c57/A-Vogel-b54/Bach-b137/Boiron-b61/Clef-des-champs-b26/p.UrlBrand vs /fr/Rhume-grippe-voie-respiratoire-c57/A-Vogel-b54/Bach-b137/Boiron-b61/Clef-des-champs-b26. Lang:fr
10:41:43 Listing url is not the same: /fr/Stress-c97/Anokian-b58/Natural-Factors-b71/New-roots-b74/p.Url vs /fr/Stress-c97/Anokian-b58/Natural-Factors-b71/New-roots-b74. Lang:fr
10:44:30 Listing url is not the same: /fr/Antioxydants-c62/Clef-des-champs-b26/Sisu-b118/urlBilingual vs /fr/Antioxydants-c62/Clef-des-champs-b26/Sisu-b118. Lang:fr
10:44:37 Listing url is not the same: /fr/Coeur-et-sante-generale-c106/A-Vogel-b54/Clef-des-champs-b26/Natural-Factors-b71/New-roots-b74/subcat.Url vs /fr/Coeur-et-sante-generale-c106/A-Vogel-b54/Clef-des-champs-b26/Natural-Factors-b71/New-roots-b74. Lang:fr
10:44:56 Listing url is not the same: /fr/Homeopathie-c12/Anokian-b58/Natural-Factors-b71/New-roots-b74/p.Url vs /fr/Homeopathie-c12/Anokian-b58/Natural-Factors-b71/New-roots-b74. Lang:fr
10:45:00 Listing url is not the same: /fr/Sante-des-enfants-c108/Boiron-b61/Clef-des-champs-b26/Flora-b123/addressLink vs /fr/Sante-des-enfants-c108/Boiron-b61/Clef-des-champs-b26/Flora-b123. Lang:fr
10:59:17 Listing url is not the same: /fr/Rabais/Nouveautes vs /fr/Nouveautes/Rabais. Lang:fr
11:01:12 Listing url is not the same: /fr/Nouveautes/page5/Promos vs /fr/Nouveautes/Promos/page5. Lang:fr
11:24:00 Listing url is not the same: /fr/Coeur-et-sante-generale-c106/A-Vogel-b54/Clef-des-champs-b26/Meditrina-b68/New-roots-b74/brand.Url vs /fr/Coeur-et-sante-generale-c106/A-Vogel-b54/Clef-des-champs-b26/Meditrina-b68/New-roots-b74. Lang:fr
11:26:17 Listing url is not the same: /fr/Sante-des-femmes-c100/A-Vogel-b54/Bach-b137/Boiron-b61/Clef-des-champs-b26/brand.Url vs /fr/Sante-des-femmes-c100/A-Vogel-b54/Bach-b137/Boiron-b61/Clef-des-champs-b26. Lang:fr
11:29:29 Listing url is not the same: /fr/Antioxydants-c62/A-Vogel-b54/Le-Tournesol-ANB-b64/New-roots-b74/addressLink vs /fr/Antioxydants-c62/A-Vogel-b54/Le-Tournesol-ANB-b64/New-roots-b74. Lang:fr
11:29:59 Listing url is not the same: /fr/Antioxydants-c62/A-Vogel-b54/Le-Tournesol-ANB-b64/New-roots-b74/brand.Url vs /fr/Antioxydants-c62/A-Vogel-b54/Le-Tournesol-ANB-b64/New-roots-b74. Lang:fr
11:31:01 Listing url is not the same: /fr/Concentration-memoire-migraine-c56/A-Vogel-b54/Clef-des-champs-b26/Leo-Desilet-b66/p.UrlBrand vs /fr/Concentration-memoire-migraine-c56/A-Vogel-b54/Clef-des-champs-b26/Leo-Desilet-b66. Lang:fr
11:31:28 Listing url is not the same: /fr/Detox-Digestion-c87/Leo-Desilet-b66/Natural-Factors-b71/b.Url vs /fr/Detox-Digestion-c87/Leo-Desilet-b66/Natural-Factors-b71. Lang:fr
11:31:54 Listing url is not the same: /fr/Detox-Digestion-c87/Meditrina-b68/New-roots-b74/p.UrlBrand vs /fr/Detox-Digestion-c87/Meditrina-b68/New-roots-b74. Lang:fr
11:32:18 Listing url is not the same: /fr/Homeopathie-c12/Anokian-b58/Natural-Factors-b71/New-roots-b74/b.Url vs /fr/Homeopathie-c12/Anokian-b58/Natural-Factors-b71/New-roots-b74. Lang:fr
11:33:06 Listing url is not the same: /fr/Inflammation-c98/A-Vogel-b54/Le-Tournesol-ANB-b64/New-roots-b74/p.Url vs /fr/Inflammation-c98/A-Vogel-b54/Le-Tournesol-ANB-b64/New-roots-b74. Lang:fr
11:33:27 Listing url is not the same: /fr/Sante-des-enfants-c108/A-Vogel-b54/Healthology-b116/promotion.Url vs /fr/Sante-des-enfants-c108/A-Vogel-b54/Healthology-b116. Lang:fr
11:34:12 Listing url is not the same: /fr/Sante-des-enfants-c108/Merveilles-d-Abeilles-b69/Natural-Factors-b71/New-roots-b74/subcat.Url vs /fr/Sante-des-enfants-c108/Merveilles-d-Abeilles-b69/Natural-Factors-b71/New-roots-b74. Lang:fr
11:34:31 Listing url is not the same: /fr/Sante-des-enfants-c108/New-roots-b74/Salus-b126/p.UrlBrand vs /fr/Sante-des-enfants-c108/New-roots-b74/Salus-b126. Lang:fr
17:49:41 Listing url is not the same: /fr/Systeme-immunitaire-c93/Bach-b137/Druide-b63/promotion.Url vs /fr/Systeme-immunitaire-c93/Bach-b137/Druide-b63. Lang:fr
18:40:16 Listing url is not the same: /fr/Sommeil-c88/Clef-des-champs-b26/Meditrina-b68/Nature-Clean-b72/New-roots-b74/cat.Url vs /fr/Sommeil-c88/Clef-des-champs-b26/Meditrina-b68/Nature-Clean-b72/New-roots-b74. Lang:fr
18:41:06 Listing url is not the same: /fr/Stress-c97/A-Vogel-b54/Druide-b63/Nature-Clean-b72/New-roots-b74/b.Url vs /fr/Stress-c97/A-Vogel-b54/Druide-b63/Nature-Clean-b72/New-roots-b74. Lang:fr
21:54:44 Listing url is not the same: /fr/Homeopathie-c12/Clef-des-champs-b26/Meditrina-b68/Natural-Factors-b71/New-roots-b74/promotion.Url vs /fr/Homeopathie-c12/Clef-des-champs-b26/Meditrina-b68/Natural-Factors-b71/New-roots-b74. Lang:fr
21:54:49 Listing url is not the same: /fr/Rhume-grippe-voie-respiratoire-c57/A-Vogel-b54/Bach-b137/Boiron-b61/Clef-des-champs-b26/p.Url vs /fr/Rhume-grippe-voie-respiratoire-c57/A-Vogel-b54/Bach-b137/Boiron-b61/Clef-des-champs-b26. Lang:fr
23:25:55 Listing url is not the same: /fr/Concentration-memoire-migraine-c56/Clef-des-champs-b26/Healthology-b116/p.Url vs /fr/Concentration-memoire-migraine-c56/Clef-des-champs-b26/Healthology-b116. Lang:fr
23:27:25 Listing url is not the same: /fr/Concentration-memoire-migraine-c56/A-Vogel-b54/Anokian-b58/Boiron-b61/Clef-des-champs-b26/brand.Url vs /fr/Concentration-memoire-migraine-c56/A-Vogel-b54/Anokian-b58/Boiron-b61/Clef-des-champs-b26. Lang:fr
23:27:29 Listing url is not the same: /fr/Inflammation-c98/Clef-des-champs-b26/Druide-b63/Meditrina-b68/New-roots-b74/addressLink vs /fr/Inflammation-c98/Clef-des-champs-b26/Druide-b63/Meditrina-b68/New-roots-b74. Lang:fr
