00:21:20 Listing url is not the same: /fr/Stress-c97/Kyolic-b115/addressLink vs /fr/Stress-c97/Kyolic-b115. Lang:fr
00:24:27 Listing url is not the same: /fr/Fatigue-c99/A-Vogel-b54/Bach-b137/Boiron-b61/Clef-des-champs-b26/p.UrlBrand vs /fr/Fatigue-c99/A-Vogel-b54/Bach-b137/Boiron-b61/Clef-des-champs-b26. Lang:fr
00:24:29 Listing url is not the same: /fr/Homeopathie-c12/A-Vogel-b54/Bach-b137/Druide-b63/p.UrlBrand vs /fr/Homeopathie-c12/A-Vogel-b54/Bach-b137/Druide-b63. Lang:fr
00:24:30 Listing url is not the same: /fr/Sante-des-femmes-c100/A-Vogel-b54/Boiron-b61/Clef-des-champs-b26/Meditrina-b68/Nature-Clean-b72/subcat.Url vs /fr/Sante-des-femmes-c100/A-Vogel-b54/Boiron-b61/Clef-des-champs-b26/Meditrina-b68/Nature-Clean-b72. Lang:fr
00:24:32 Listing url is not the same: /fr/Sommeil-c88/Clef-des-champs-b26/Meditrina-b68/Nature-Clean-b72/New-roots-b74/addressLink vs /fr/Sommeil-c88/Clef-des-champs-b26/Meditrina-b68/Nature-Clean-b72/New-roots-b74. Lang:fr
00:28:30 Listing url is not the same: /fr/Allergies-c55/Bach-b137/Natural-Factors-b71/p.Url vs /fr/Allergies-c55/Bach-b137/Natural-Factors-b71. Lang:fr
00:28:33 Listing url is not the same: /fr/Systeme-immunitaire-c93/A-Vogel-b54/Clef-des-champs-b26/Merveilles-d-Abeilles-b69/New-roots-b74/cat.Url vs /fr/Systeme-immunitaire-c93/A-Vogel-b54/Clef-des-champs-b26/Merveilles-d-Abeilles-b69/New-roots-b74. Lang:fr
02:04:13 Listing url is not the same: /fr/Nettoyage-c73/Meditrina-b68/Natural-Factors-b71/Nature-Clean-b72/cat.Url vs /fr/Nettoyage-c73/Meditrina-b68/Natural-Factors-b71/Nature-Clean-b72. Lang:fr
02:05:55 Listing url is not the same: /fr/Coeur-et-sante-generale-c106/Boiron-b61/Clef-des-champs-b26/Natural-Factors-b71/New-roots-b74/p.UrlBrand vs /fr/Coeur-et-sante-generale-c106/Boiron-b61/Clef-des-champs-b26/Natural-Factors-b71/New-roots-b74. Lang:fr
02:05:58 Listing url is not the same: /fr/Stress-c97/Clef-des-champs-b26/Merveilles-d-Abeilles-b69/Natural-Factors-b71/Nature-Clean-b72/b.Url vs /fr/Stress-c97/Clef-des-champs-b26/Merveilles-d-Abeilles-b69/Natural-Factors-b71/Nature-Clean-b72. Lang:fr
02:09:07 Listing url is not the same: /fr/Sante-des-enfants-c108/Clef-des-champs-b26/Meditrina-b68/Nature-Clean-b72/New-roots-b74/addressLink vs /fr/Sante-des-enfants-c108/Clef-des-champs-b26/Meditrina-b68/Nature-Clean-b72/New-roots-b74. Lang:fr
02:09:09 Listing url is not the same: /fr/Sante-des-femmes-c100/Clef-des-champs-b26/Le-Tournesol-ANB-b64/New-roots-b74/subcat.Url vs /fr/Sante-des-femmes-c100/Clef-des-champs-b26/Le-Tournesol-ANB-b64/New-roots-b74. Lang:fr
02:09:10 Listing url is not the same: /fr/Stress-c97/A-Vogel-b54/Clef-des-champs-b26/Le-Tournesol-ANB-b64/Natural-Factors-b71/brand.Url vs /fr/Stress-c97/A-Vogel-b54/Clef-des-champs-b26/Le-Tournesol-ANB-b64/Natural-Factors-b71. Lang:fr
02:57:56 Listing url is not the same: /fr/Concentration-memoire-migraine-c56/Boiron-b61/Le-Tournesol-ANB-b64/New-roots-b74/brand.Url vs /fr/Concentration-memoire-migraine-c56/Boiron-b61/Le-Tournesol-ANB-b64/New-roots-b74. Lang:fr
03:02:48 Listing url is not the same: /fr/Homeopathie-c12/A-Vogel-b54/Clef-des-champs-b26/Natural-Factors-b71/New-roots-b74/subcat.Url vs /fr/Homeopathie-c12/A-Vogel-b54/Clef-des-champs-b26/Natural-Factors-b71/New-roots-b74. Lang:fr
03:02:50 Listing url is not the same: /fr/Homeopathie-c12/A-Vogel-b54/Druide-b63/Flora-b123/urlBilingual vs /fr/Homeopathie-c12/A-Vogel-b54/Druide-b63/Flora-b123. Lang:fr
03:02:53 Listing url is not the same: /fr/Homeopathie-c12/Clef-des-champs-b26/Meditrina-b68/Nature-Clean-b72/New-roots-b74/addressLink vs /fr/Homeopathie-c12/Clef-des-champs-b26/Meditrina-b68/Nature-Clean-b72/New-roots-b74. Lang:fr
03:02:54 Listing url is not the same: /fr/Homeopathie-c12/Clef-des-champs-b26/Meditrina-b68/Nature-Clean-b72/New-roots-b74/urlBilingual vs /fr/Homeopathie-c12/Clef-des-champs-b26/Meditrina-b68/Nature-Clean-b72/New-roots-b74. Lang:fr
03:02:55 Listing url is not the same: /fr/Sante-des-enfants-c108/A-Vogel-b54/Druide-b63/Natural-Factors-b71/New-roots-b74/promotion.Url vs /fr/Sante-des-enfants-c108/A-Vogel-b54/Druide-b63/Natural-Factors-b71/New-roots-b74. Lang:fr
03:02:56 Listing url is not the same: /fr/Sante-des-enfants-c108/Boiron-b61/Meditrina-b68/Natural-Factors-b71/New-roots-b74/subcat.Url vs /fr/Sante-des-enfants-c108/Boiron-b61/Meditrina-b68/Natural-Factors-b71/New-roots-b74. Lang:fr
03:03:01 Listing url is not the same: /fr/soin-du-corps-c86/Merveilles-d-Abeilles-b69/New-roots-b74/promotion.Url vs /fr/Soin-du-corps-c86/Merveilles-d-Abeilles-b69/New-roots-b74. Lang:fr
03:47:27 Listing url is not the same: /fr/Concentration-memoire-migraine-c56/Clef-des-champs-b26/Healthology-b116/b.Url vs /fr/Concentration-memoire-migraine-c56/Clef-des-champs-b26/Healthology-b116. Lang:fr
03:49:36 Listing url is not the same: /fr/Detox-Digestion-c87/A-Vogel-b54/Boiron-b61/Natural-Factors-b71/Nature-Clean-b72/brand.Url vs /fr/Detox-Digestion-c87/A-Vogel-b54/Boiron-b61/Natural-Factors-b71/Nature-Clean-b72. Lang:fr
03:49:38 Listing url is not the same: /fr/Detox-Digestion-c87/A-Vogel-b54/Boiron-b61/Natural-Factors-b71/Nature-Clean-b72/subcat.Url vs /fr/Detox-Digestion-c87/A-Vogel-b54/Boiron-b61/Natural-Factors-b71/Nature-Clean-b72. Lang:fr
03:49:43 Listing url is not the same: /fr/Fatigue-c99/Healthology-b116/subcat.Url vs /fr/Fatigue-c99/Healthology-b116. Lang:fr
03:49:45 Listing url is not the same: /fr/Homeopathie-c12/Clef-des-champs-b26/Druide-b63/Meditrina-b68/New-roots-b74/p.Url vs /fr/Homeopathie-c12/Clef-des-champs-b26/Druide-b63/Meditrina-b68/New-roots-b74. Lang:fr
03:54:01 Listing url is not the same: /fr/Allergies-c55/A-Vogel-b54/Clef-des-champs-b26/Flora-b123/p.Url vs /fr/Allergies-c55/A-Vogel-b54/Clef-des-champs-b26/Flora-b123. Lang:fr
03:54:03 Listing url is not the same: /fr/Antioxydants-c62/Healthology-b116/brand.Url vs /fr/Antioxydants-c62/Healthology-b116. Lang:fr
03:54:05 Listing url is not the same: /fr/Detox-Digestion-c87/A-Vogel-b54/Natural-Factors-b71/Nature-Clean-b72/New-roots-b74/p.Url vs /fr/Detox-Digestion-c87/A-Vogel-b54/Natural-Factors-b71/Nature-Clean-b72/New-roots-b74. Lang:fr
03:54:06 Listing url is not the same: /fr/Fatigue-c99/A-Vogel-b54/Boiron-b61/Druide-b63/Merveilles-d-Abeilles-b69/cat.Url vs /fr/Fatigue-c99/A-Vogel-b54/Boiron-b61/Druide-b63/Merveilles-d-Abeilles-b69. Lang:fr
03:54:07 Listing url is not the same: /fr/Fatigue-c99/A-Vogel-b54/Clef-des-champs-b26/Nature-Clean-b72/New-roots-b74/brand.Url vs /fr/Fatigue-c99/A-Vogel-b54/Clef-des-champs-b26/Nature-Clean-b72/New-roots-b74. Lang:fr
03:54:10 Listing url is not the same: /fr/Homeopathie-c12/A-Vogel-b54/Boiron-b61/Clef-des-champs-b26/Meditrina-b68/Nature-Clean-b72/p.Url vs /fr/Homeopathie-c12/A-Vogel-b54/Boiron-b61/Clef-des-champs-b26/Meditrina-b68/Nature-Clean-b72. Lang:fr
03:54:11 Listing url is not the same: /fr/Homeopathie-c12/A-Vogel-b54/Boiron-b61/Natural-Factors-b71/Nature-Clean-b72/subcat.Url vs /fr/Homeopathie-c12/A-Vogel-b54/Boiron-b61/Natural-Factors-b71/Nature-Clean-b72. Lang:fr
03:54:12 Listing url is not the same: /fr/Homeopathie-c12/A-Vogel-b54/Clef-des-champs-b26/Meditrina-b68/Nature-Clean-b72/p.UrlBrand vs /fr/Homeopathie-c12/A-Vogel-b54/Clef-des-champs-b26/Meditrina-b68/Nature-Clean-b72. Lang:fr
03:54:22 Listing url is not the same: /fr/Inflammation-c98/A-Vogel-b54/Bach-b137/Boiron-b61/Clef-des-champs-b26/subcat.Url vs /fr/Inflammation-c98/A-Vogel-b54/Bach-b137/Boiron-b61/Clef-des-champs-b26. Lang:fr
03:54:26 Listing url is not the same: /fr/Inflammation-c98/A-Vogel-b54/Boiron-b61/Natural-Factors-b71/Nature-Clean-b72/urlBilingual vs /fr/Inflammation-c98/A-Vogel-b54/Boiron-b61/Natural-Factors-b71/Nature-Clean-b72. Lang:fr
03:54:31 Listing url is not the same: /fr/Sante-des-enfants-c108/Clef-des-champs-b26/Organic-traditions-b127/promotion.Url vs /fr/Sante-des-enfants-c108/Clef-des-champs-b26/Organic-traditions-b127. Lang:fr
03:54:35 Listing url is not the same: /fr/Sante-des-femmes-c100/A-Vogel-b54/Boiron-b61/Druide-b63/Natural-Factors-b71/cat.Url vs /fr/Sante-des-femmes-c100/A-Vogel-b54/Boiron-b61/Druide-b63/Natural-Factors-b71. Lang:fr
03:54:39 Listing url is not the same: /fr/Systeme-immunitaire-c93/A-Vogel-b54/Anokian-b58/Meditrina-b68/Nature-Clean-b72/urlBilingual vs /fr/Systeme-immunitaire-c93/A-Vogel-b54/Anokian-b58/Meditrina-b68/Nature-Clean-b72. Lang:fr
03:54:42 Listing url is not the same: /fr/Systeme-immunitaire-c93/A-Vogel-b54/Boiron-b61/Clef-des-champs-b26/Meditrina-b68/Nature-Clean-b72/brand.Url vs /fr/Systeme-immunitaire-c93/A-Vogel-b54/Boiron-b61/Clef-des-champs-b26/Meditrina-b68/Nature-Clean-b72. Lang:fr
03:54:45 Listing url is not the same: /fr/Systeme-immunitaire-c93/Numi-tea-b124/addressLink vs /fr/Systeme-immunitaire-c93/Numi-tea-b124. Lang:fr
04:40:58 Listing url is not the same: /fr/Systeme-immunitaire-c93/Healthology-b116/subcat.Url vs /fr/Systeme-immunitaire-c93/Healthology-b116. Lang:fr
04:44:17 Listing url is not the same: /fr/Antioxydants-c62/A-Vogel-b54/Clef-des-champs-b26/Druide-b63/Nature-Clean-b72/New-roots-b74/brand.Url vs /fr/Antioxydants-c62/A-Vogel-b54/Clef-des-champs-b26/Druide-b63/Nature-Clean-b72/New-roots-b74. Lang:fr
04:44:18 Listing url is not the same: /fr/Concentration-memoire-migraine-c56/Boiron-b61/Clef-des-champs-b26/Flora-b123/promotion.Url vs /fr/Concentration-memoire-migraine-c56/Boiron-b61/Clef-des-champs-b26/Flora-b123. Lang:fr
04:44:20 Listing url is not the same: /fr/Concentration-memoire-migraine-c56/Boiron-b61/Clef-des-champs-b26/Leo-Desilet-b66/addressLink vs /fr/Concentration-memoire-migraine-c56/Boiron-b61/Clef-des-champs-b26/Leo-Desilet-b66. Lang:fr
04:44:22 Listing url is not the same: /fr/Inflammation-c98/A-Vogel-b54/Le-Tournesol-ANB-b64/New-roots-b74/b.Url vs /fr/Inflammation-c98/A-Vogel-b54/Le-Tournesol-ANB-b64/New-roots-b74. Lang:fr
04:44:25 Listing url is not the same: /fr/Sante-des-enfants-c108/A-Vogel-b54/Druide-b63/Flora-b123/cat.Url vs /fr/Sante-des-enfants-c108/A-Vogel-b54/Druide-b63/Flora-b123. Lang:fr
04:44:28 Listing url is not the same: /fr/Sommeil-c88/Clef-des-champs-b26/Le-Tournesol-ANB-b64/Merveilles-d-Abeilles-b69/Nature-Clean-b72/p.Url vs /fr/Sommeil-c88/Clef-des-champs-b26/Le-Tournesol-ANB-b64/Merveilles-d-Abeilles-b69/Nature-Clean-b72. Lang:fr
04:44:30 Listing url is not the same: /fr/Stress-c97/Anokian-b58/Natural-Factors-b71/New-roots-b74/urlBilingual vs /fr/Stress-c97/Anokian-b58/Natural-Factors-b71/New-roots-b74. Lang:fr
05:35:28 Listing url is not the same: /fr/Detox-Digestion-c87/A-Vogel-b54/Clef-des-champs-b26/Merveilles-d-Abeilles-b69/New-roots-b74/urlBilingual vs /fr/Detox-Digestion-c87/A-Vogel-b54/Clef-des-champs-b26/Merveilles-d-Abeilles-b69/New-roots-b74. Lang:fr
05:37:52 Listing url is not the same: /fr/Homeopathie-c12/Clef-des-champs-b26/Meditrina-b68/Natural-Factors-b71/New-roots-b74/addressLink vs /fr/Homeopathie-c12/Clef-des-champs-b26/Meditrina-b68/Natural-Factors-b71/New-roots-b74. Lang:fr
05:37:55 Listing url is not the same: /fr/Systeme-immunitaire-c93/Healthology-b116/p.Url vs /fr/Systeme-immunitaire-c93/Healthology-b116. Lang:fr
05:41:50 Listing url is not the same: /fr/Antioxydants-c62/Boiron-b61/Clef-des-champs-b26/Leo-Desilet-b66/p.UrlBrand vs /fr/Antioxydants-c62/Boiron-b61/Clef-des-champs-b26/Leo-Desilet-b66. Lang:fr
05:41:53 Listing url is not the same: /fr/Coeur-et-sante-generale-c106/Anokian-b58/Natural-Factors-b71/New-roots-b74/p.UrlBrand vs /fr/Coeur-et-sante-generale-c106/Anokian-b58/Natural-Factors-b71/New-roots-b74. Lang:fr
05:42:01 Listing url is not the same: /fr/Detox-Digestion-c87/Kyolic-b115/Natural-Factors-b71/p.UrlBrand vs /fr/Detox-Digestion-c87/Kyolic-b115/Natural-Factors-b71. Lang:fr
05:42:05 Listing url is not the same: /fr/Rhume-grippe-voie-respiratoire-c57/A-Vogel-b54/Anokian-b58/Clef-des-champs-b26/Nature-Clean-b72/addressLink vs /fr/Rhume-grippe-voie-respiratoire-c57/A-Vogel-b54/Anokian-b58/Clef-des-champs-b26/Nature-Clean-b72. Lang:fr
05:42:07 Listing url is not the same: /fr/Rhume-grippe-voie-respiratoire-c57/A-Vogel-b54/Clef-des-champs-b26/Natural-Factors-b71/New-roots-b74/addressLink vs /fr/Rhume-grippe-voie-respiratoire-c57/A-Vogel-b54/Clef-des-champs-b26/Natural-Factors-b71/New-roots-b74. Lang:fr
05:42:09 Listing url is not the same: /fr/Sante-des-femmes-c100/Bach-b137/Meditrina-b68/subcat.Url vs /fr/Sante-des-femmes-c100/Bach-b137/Meditrina-b68. Lang:fr
05:42:11 Listing url is not the same: /fr/Sommeil-c88/Anokian-b58/Druide-b63/Natural-Factors-b71/promotion.Url vs /fr/Sommeil-c88/Anokian-b58/Druide-b63/Natural-Factors-b71. Lang:fr
05:42:13 Listing url is not the same: /fr/Stress-c97/A-Vogel-b54/Bach-b137/Boiron-b61/Druide-b63/subcat.Url vs /fr/Stress-c97/A-Vogel-b54/Bach-b137/Boiron-b61/Druide-b63. Lang:fr
05:42:15 Listing url is not the same: /fr/Stress-c97/Boiron-b61/Kyolic-b115/p.UrlBrand vs /fr/Stress-c97/Boiron-b61/Kyolic-b115. Lang:fr
05:42:18 Listing url is not the same: /fr/Stress-c97/Clef-des-champs-b26/Salus-b126/subcat.Url vs /fr/Stress-c97/Clef-des-champs-b26/Salus-b126. Lang:fr
05:42:20 Listing url is not the same: /fr/Systeme-immunitaire-c93/A-Vogel-b54/Le-Tournesol-ANB-b64/New-roots-b74/cat.Url vs /fr/Systeme-immunitaire-c93/A-Vogel-b54/Le-Tournesol-ANB-b64/New-roots-b74. Lang:fr
05:42:23 Listing url is not the same: /fr/Systeme-immunitaire-c93/Anokian-b58/Clef-des-champs-b26/Meditrina-b68/p.Url vs /fr/Systeme-immunitaire-c93/Anokian-b58/Clef-des-champs-b26/Meditrina-b68. Lang:fr
07:28:36 Listing url is not the same: /fr/Antioxydants-c62/A-Vogel-b54/Druide-b63/Nature-Clean-b72/New-roots-b74/promotion.Url vs /fr/Antioxydants-c62/A-Vogel-b54/Druide-b63/Nature-Clean-b72/New-roots-b74. Lang:fr
07:32:48 Listing url is not the same: /fr/Coeur-et-sante-generale-c106/A-Vogel-b54/Le-Tournesol-ANB-b64/New-roots-b74/p.Url vs /fr/Coeur-et-sante-generale-c106/A-Vogel-b54/Le-Tournesol-ANB-b64/New-roots-b74. Lang:fr
07:32:52 Listing url is not the same: /fr/Homeopathie-c12/A-Vogel-b54/Clef-des-champs-b26/Leo-Desilet-b66/cat.Url vs /fr/Homeopathie-c12/A-Vogel-b54/Clef-des-champs-b26/Leo-Desilet-b66. Lang:fr
07:32:53 Listing url is not the same: /fr/Homeopathie-c12/A-Vogel-b54/Le-Tournesol-ANB-b64/New-roots-b74/cat.Url vs /fr/Homeopathie-c12/A-Vogel-b54/Le-Tournesol-ANB-b64/New-roots-b74. Lang:fr
07:32:54 Listing url is not the same: /fr/Sante-des-enfants-c108/A-Vogel-b54/Druide-b63/Flora-b123/urlBilingual vs /fr/Sante-des-enfants-c108/A-Vogel-b54/Druide-b63/Flora-b123. Lang:fr
07:32:55 Listing url is not the same: /fr/Stress-c97/Medelys-b128/Natural-Factors-b71/addressLink vs /fr/Stress-c97/Medelys-b128/Natural-Factors-b71. Lang:fr
08:23:47 Listing url is not the same: /fr/Detox-Digestion-c87/A-Vogel-b54/Boiron-b61/Natural-Factors-b71/Nature-Clean-b72/p.Url vs /fr/Detox-Digestion-c87/A-Vogel-b54/Boiron-b61/Natural-Factors-b71/Nature-Clean-b72. Lang:fr
08:23:48 Listing url is not the same: /fr/Systeme-immunitaire-c93/Clef-des-champs-b26/Meditrina-b68/Nature-Clean-b72/New-roots-b74/p.UrlBrand vs /fr/Systeme-immunitaire-c93/Clef-des-champs-b26/Meditrina-b68/Nature-Clean-b72/New-roots-b74. Lang:fr
08:27:48 Listing url is not the same: /fr/Detox-Digestion-c87/A-Vogel-b54/Bach-b137/Boiron-b61/Clef-des-champs-b26/p.Url vs /fr/Detox-Digestion-c87/A-Vogel-b54/Bach-b137/Boiron-b61/Clef-des-champs-b26. Lang:fr
08:27:49 Listing url is not the same: /fr/Homeopathie-c12/Clef-des-champs-b26/Meditrina-b68/Natural-Factors-b71/New-roots-b74/p.Url vs /fr/Homeopathie-c12/Clef-des-champs-b26/Meditrina-b68/Natural-Factors-b71/New-roots-b74. Lang:fr
08:27:53 Listing url is not the same: /fr/Stress-c97/Clef-des-champs-b26/Merveilles-d-Abeilles-b69/Natural-Factors-b71/New-roots-b74/p.Url vs /fr/Stress-c97/Clef-des-champs-b26/Merveilles-d-Abeilles-b69/Natural-Factors-b71/New-roots-b74. Lang:fr
08:27:55 Listing url is not the same: /fr/Systeme-immunitaire-c93/A-Vogel-b54/Boiron-b61/Clef-des-champs-b26/Meditrina-b68/Nature-Clean-b72/promotion.Url vs /fr/Systeme-immunitaire-c93/A-Vogel-b54/Boiron-b61/Clef-des-champs-b26/Meditrina-b68/Nature-Clean-b72. Lang:fr
08:30:37 Listing url is not the same: /fr/Sante-des-femmes-c100/A-Vogel-b54/Meditrina-b68/Merveilles-d-Abeilles-b69/Natural-Factors-b71/p.Url vs /fr/Sante-des-femmes-c100/A-Vogel-b54/Meditrina-b68/Merveilles-d-Abeilles-b69/Natural-Factors-b71. Lang:fr
10:19:55 Listing url is not the same: /fr/Stress-c97/Clef-des-champs-b26/Meditrina-b68/Nature-Clean-b72/New-roots-b74/urlBilingual vs /fr/Stress-c97/Clef-des-champs-b26/Meditrina-b68/Nature-Clean-b72/New-roots-b74. Lang:fr
12:00:28 Listing url is not the same: /fr/Allergies-c55/A-Vogel-b54/Clef-des-champs-b26/Flora-b123/b.Url vs /fr/Allergies-c55/A-Vogel-b54/Clef-des-champs-b26/Flora-b123. Lang:fr
