06:47:40 Listing url is not the same: /fr/Antioxydants-c62/A-Vogel-b54/brand.Url vs /fr/Antioxydants-c62/A-Vogel-b54. Lang:fr
07:40:12 Listing url is not the same: /fr/Antioxydants-c62/A-Vogel-b54/p.Url vs /fr/Antioxydants-c62/A-Vogel-b54. Lang:fr
10:19:31 Listing url is not the same: /fr/Concentration-memoire-migraine-c56/Clef-des-champs-b26/b.Url vs /fr/Concentration-memoire-migraine-c56/Clef-des-champs-b26. Lang:fr
10:50:56 Listing url is not the same: /fr/Rhume-grippe-voie-respiratoire-c57/A-Vogel-b54/subcat.Url vs /fr/Rhume-grippe-voie-respiratoire-c57/A-Vogel-b54. Lang:fr
10:53:42 Listing url is not the same: /fr/Cosmetique-parfum-et-deodorant-c60/Druide-b63/p.UrlBrand vs /fr/Cosmetique-parfum-et-deodorant-c60/Druide-b63. Lang:fr
10:55:26 Listing url is not the same: /fr/Allergies-c55/A-Vogel-b54/Boiron-b61/Clef-des-champs-b26/brand.Url vs /fr/Allergies-c55/A-Vogel-b54/Boiron-b61/Clef-des-champs-b26. Lang:fr
10:55:30 Listing url is not the same: /fr/Concentration-memoire-migraine-c56/A-Vogel-b54/p.Url vs /fr/Concentration-memoire-migraine-c56/A-Vogel-b54. Lang:fr
10:56:29 Listing url is not the same: /fr/Rhume-grippe-voie-respiratoire-c57/A-Vogel-b54/Boiron-b61/Clef-des-champs-b26/promotion.Url vs /fr/Rhume-grippe-voie-respiratoire-c57/A-Vogel-b54/Boiron-b61/Clef-des-champs-b26. Lang:fr
10:58:14 Listing url is not the same: /fr/Rhume-grippe-voie-respiratoire-c57/Clef-des-champs-b26/Le-Tournesol-ANB-b64/promotion.Url vs /fr/Rhume-grippe-voie-respiratoire-c57/Clef-des-champs-b26/Le-Tournesol-ANB-b64. Lang:fr
10:59:23 Listing url is not the same: /fr/Nettoyage-c73/Nature-Clean-b72/addressLink vs /fr/Nettoyage-c73/Nature-Clean-b72. Lang:fr
11:38:44 Listing url is not the same: /fr/Allergies-c55/addressLink vs /fr/Allergies-c55. Lang:fr
11:42:40 Listing url is not the same: /fr/Cosmetique-parfum-et-deodorant-c60/p.Url vs /fr/Cosmetique-parfum-et-deodorant-c60. Lang:fr
11:42:48 Listing url is not the same: /fr/Nettoyage-c73/cat.Url vs /fr/Nettoyage-c73. Lang:fr
11:42:54 Listing url is not the same: /fr/Nettoyage-c73/p.Url vs /fr/Nettoyage-c73. Lang:fr
11:45:36 Listing url is not the same: /fr/Antioxydants-c62/Druide-b63/cat.Url vs /fr/Antioxydants-c62/Druide-b63. Lang:fr
11:46:29 Listing url is not the same: /fr/Allergies-c55/A-Vogel-b54/Boiron-b61/Clef-des-champs-b26/promotion.Url vs /fr/Allergies-c55/A-Vogel-b54/Boiron-b61/Clef-des-champs-b26. Lang:fr
11:46:32 Listing url is not the same: /fr/Antioxydants-c62/Le-Tournesol-ANB-b64/subcat.Url vs /fr/Antioxydants-c62/Le-Tournesol-ANB-b64. Lang:fr
11:46:35 Listing url is not the same: /fr/Huiles-magiques-de-wicca-c65/promotion.Url vs /fr/Huiles-magiques-de-wicca-c65. Lang:fr
11:46:37 Listing url is not the same: /fr/Rhume-grippe-voie-respiratoire-c57/A-Vogel-b54/Druide-b63/subcat.Url vs /fr/Rhume-grippe-voie-respiratoire-c57/A-Vogel-b54/Druide-b63. Lang:fr
11:49:04 Listing url is not the same: /fr/A-Vogel-b54/Clef-des-champs-b26/Natural-Factors-b71/Nature-Clean-b72/subcat.Url vs /fr/A-Vogel-b54/Clef-des-champs-b26/Natural-Factors-b71/Nature-Clean-b72. Lang:fr
11:49:21 Listing url is not the same: /fr/Sommeil-c88/Boiron-b61/Merveilles-d-Abeilles-b69/Natural-Factors-b71/cat.Url vs /fr/Sommeil-c88/Boiron-b61/Merveilles-d-Abeilles-b69/Natural-Factors-b71. Lang:fr
12:28:13 Listing url is not the same: /fr/Allergies-c55/brand.Url vs /fr/Allergies-c55. Lang:fr
12:34:10 Listing url is not the same: /fr/Cosmetique-parfum-et-deodorant-c60/Druide-b63/urlBilingual vs /fr/Cosmetique-parfum-et-deodorant-c60/Druide-b63. Lang:fr
12:35:55 Listing url is not the same: /fr/Concentration-memoire-migraine-c56/A-Vogel-b54/subcat.Url vs /fr/Concentration-memoire-migraine-c56/A-Vogel-b54. Lang:fr
12:40:05 Listing url is not the same: /fr/Chandelles-c70/Merveilles-d-Abeilles-b69/brand.Url vs /fr/Chandelles-c70/Merveilles-d-Abeilles-b69. Lang:fr
13:18:49 Listing url is not the same: /fr/Nettoyage-c73/p.UrlBrand vs /fr/Nettoyage-c73. Lang:fr
13:22:06 Listing url is not the same: /fr/Concentration-memoire-migraine-c56/Druide-b63/p.UrlBrand vs /fr/Concentration-memoire-migraine-c56/Druide-b63. Lang:fr
13:22:12 Listing url is not the same: /fr/Rhume-grippe-voie-respiratoire-c57/A-Vogel-b54/Druide-b63/cat.Url vs /fr/Rhume-grippe-voie-respiratoire-c57/A-Vogel-b54/Druide-b63. Lang:fr
13:23:21 Listing url is not the same: /fr/A-Vogel-b54/Clef-des-champs-b26/Natural-Factors-b71/Nature-Clean-b72/p.Url vs /fr/A-Vogel-b54/Clef-des-champs-b26/Natural-Factors-b71/Nature-Clean-b72. Lang:fr
13:24:47 Listing url is not the same: /fr/Concentration-memoire-migraine-c56/A-Vogel-b54/Bach-b137/Boiron-b61/Clef-des-champs-b26/addressLink vs /fr/Concentration-memoire-migraine-c56/A-Vogel-b54/Bach-b137/Boiron-b61/Clef-des-champs-b26. Lang:fr
13:29:42 Listing url is not the same: /fr/Nettoyage-c73/A-Vogel-b54/p.UrlBrand vs /fr/Nettoyage-c73/A-Vogel-b54. Lang:fr
14:10:50 Listing url is not the same: /fr/Cosmetique-parfum-et-deodorant-c60/promotion.Url vs /fr/Cosmetique-parfum-et-deodorant-c60. Lang:fr
14:13:24 Listing url is not the same: /fr/Allergies-c55/Boiron-b61/Clef-des-champs-b26/subcat.Url vs /fr/Allergies-c55/Boiron-b61/Clef-des-champs-b26. Lang:fr
14:15:38 Listing url is not the same: /fr/Antioxydants-c62/Clef-des-champs-b26/Le-Tournesol-ANB-b64/b.Url vs /fr/Antioxydants-c62/Clef-des-champs-b26/Le-Tournesol-ANB-b64. Lang:fr
14:17:04 Listing url is not the same: /fr/Huiles-magiques-de-wicca-c65/Clef-des-champs-b26/Le-Tournesol-ANB-b64/urlBilingual vs /fr/Huiles-magiques-de-wicca-c65/Clef-des-champs-b26/Le-Tournesol-ANB-b64. Lang:fr
14:17:13 Listing url is not the same: /fr/Huiles-magiques-de-wicca-c65/Druide-b63/Le-Tournesol-ANB-b64/cat.Url vs /fr/Huiles-magiques-de-wicca-c65/Druide-b63/Le-Tournesol-ANB-b64. Lang:fr
14:19:28 Listing url is not the same: /fr/Huiles-magiques-de-wicca-c65/Boiron-b61/Le-Tournesol-ANB-b64/addressLink vs /fr/Huiles-magiques-de-wicca-c65/Boiron-b61/Le-Tournesol-ANB-b64. Lang:fr
15:01:41 Listing url is not the same: /fr/Chandelles-c70/p.Url vs /fr/Chandelles-c70. Lang:fr
15:03:37 Listing url is not the same: /fr/Concentration-memoire-migraine-c56/Clef-des-champs-b26/addressLink vs /fr/Concentration-memoire-migraine-c56/Clef-des-champs-b26. Lang:fr
15:04:42 Listing url is not the same: /fr/Allergies-c55/Boiron-b61/Druide-b63/addressLink vs /fr/Allergies-c55/Boiron-b61/Druide-b63. Lang:fr
15:06:09 Listing url is not the same: /fr/Cosmetique-parfum-et-deodorant-c60/Boiron-b61/Druide-b63/p.Url vs /fr/Cosmetique-parfum-et-deodorant-c60/Boiron-b61/Druide-b63. Lang:fr
15:06:16 Listing url is not the same: /fr/Rhume-grippe-voie-respiratoire-c57/A-Vogel-b54/Druide-b63/brand.Url vs /fr/Rhume-grippe-voie-respiratoire-c57/A-Vogel-b54/Druide-b63. Lang:fr
15:07:29 Listing url is not the same: /fr/Allergies-c55/A-Vogel-b54/Le-Tournesol-ANB-b64/addressLink vs /fr/Allergies-c55/A-Vogel-b54/Le-Tournesol-ANB-b64. Lang:fr
15:11:17 Listing url is not the same: /fr/Huiles-magiques-de-wicca-c65/Boiron-b61/Le-Tournesol-ANB-b64/promotion.Url vs /fr/Huiles-magiques-de-wicca-c65/Boiron-b61/Le-Tournesol-ANB-b64. Lang:fr
15:56:45 Listing url is not the same: /fr/Antioxydants-c62/Clef-des-champs-b26/Le-Tournesol-ANB-b64/p.Url vs /fr/Antioxydants-c62/Clef-des-champs-b26/Le-Tournesol-ANB-b64. Lang:fr
16:02:09 Listing url is not the same: /fr/Nettoyage-c73/A-Vogel-b54/addressLink vs /fr/Nettoyage-c73/A-Vogel-b54. Lang:fr
16:44:57 Listing url is not the same: /fr/Chandelles-c70/subcat.Url vs /fr/Chandelles-c70. Lang:fr
16:48:24 Listing url is not the same: /fr/Concentration-memoire-migraine-c56/Clef-des-champs-b26/Druide-b63/b.Url vs /fr/Concentration-memoire-migraine-c56/Clef-des-champs-b26/Druide-b63. Lang:fr
16:50:37 Listing url is not the same: /fr/Sante-des-enfants-c108/Boiron-b61/Clef-des-champs-b26/Flora-b123/p.UrlBrand vs /fr/Sante-des-enfants-c108/Boiron-b61/Clef-des-champs-b26/Flora-b123. Lang:fr
16:52:51 Listing url is not the same: /fr/Rhume-grippe-voie-respiratoire-c57/A-Vogel-b54/Boiron-b61/Druide-b63/addressLink vs /fr/Rhume-grippe-voie-respiratoire-c57/A-Vogel-b54/Boiron-b61/Druide-b63. Lang:fr
16:53:18 Listing url is not the same: /fr/Rhume-grippe-voie-respiratoire-c57/A-Vogel-b54/Boiron-b61/Druide-b63/urlBilingual vs /fr/Rhume-grippe-voie-respiratoire-c57/A-Vogel-b54/Boiron-b61/Druide-b63. Lang:fr
16:54:58 Listing url is not the same: /fr/Inflammation-c98/A-Vogel-b54/Clef-des-champs-b26/Le-Tournesol-ANB-b64/Nature-Clean-b72/p.UrlBrand vs /fr/Inflammation-c98/A-Vogel-b54/Clef-des-champs-b26/Le-Tournesol-ANB-b64/Nature-Clean-b72. Lang:fr
17:36:24 Listing url is not the same: /fr/Nettoyage-c73/brand.Url vs /fr/Nettoyage-c73. Lang:fr
17:38:57 Listing url is not the same: /fr/Allergies-c55/Boiron-b61/Clef-des-champs-b26/p.UrlBrand vs /fr/Allergies-c55/Boiron-b61/Clef-des-champs-b26. Lang:fr
18:27:36 Listing url is not the same: /fr/Cosmetique-parfum-et-deodorant-c60/urlBilingual vs /fr/Cosmetique-parfum-et-deodorant-c60. Lang:fr
18:30:07 Listing url is not the same: /fr/Rhume-grippe-voie-respiratoire-c57/A-Vogel-b54/Boiron-b61/subcat.Url vs /fr/Rhume-grippe-voie-respiratoire-c57/A-Vogel-b54/Boiron-b61. Lang:fr
18:31:10 Listing url is not the same: /fr/Allergies-c55/Boiron-b61/Druide-b63/cat.Url vs /fr/Allergies-c55/Boiron-b61/Druide-b63. Lang:fr
18:32:07 Listing url is not the same: /fr/Concentration-memoire-migraine-c56/A-Vogel-b54/brand.Url vs /fr/Concentration-memoire-migraine-c56/A-Vogel-b54. Lang:fr
18:32:35 Listing url is not the same: /fr/Rhume-grippe-voie-respiratoire-c57/A-Vogel-b54/Boiron-b61/Clef-des-champs-b26/subcat.Url vs /fr/Rhume-grippe-voie-respiratoire-c57/A-Vogel-b54/Boiron-b61/Clef-des-champs-b26. Lang:fr
18:34:46 Listing url is not the same: /fr/Chandelles-c70/Merveilles-d-Abeilles-b69/p.Url vs /fr/Chandelles-c70/Merveilles-d-Abeilles-b69. Lang:fr
18:35:10 Listing url is not the same: /fr/Chandelles-c70/Merveilles-d-Abeilles-b69/promotion.Url vs /fr/Chandelles-c70/Merveilles-d-Abeilles-b69. Lang:fr
19:20:31 Listing url is not the same: /fr/Rhume-grippe-voie-respiratoire-c57/Clef-des-champs-b26/brand.Url vs /fr/Rhume-grippe-voie-respiratoire-c57/Clef-des-champs-b26. Lang:fr
19:21:33 Listing url is not the same: /fr/Rhume-grippe-voie-respiratoire-c57/A-Vogel-b54/Clef-des-champs-b26/b.Url vs /fr/Rhume-grippe-voie-respiratoire-c57/A-Vogel-b54/Clef-des-champs-b26. Lang:fr
19:23:22 Listing url is not the same: /fr/Allergies-c55/A-Vogel-b54/Le-Tournesol-ANB-b64/promotion.Url vs /fr/Allergies-c55/A-Vogel-b54/Le-Tournesol-ANB-b64. Lang:fr
19:23:27 Listing url is not the same: /fr/Antioxydants-c62/Clef-des-champs-b26/Le-Tournesol-ANB-b64/brand.Url vs /fr/Antioxydants-c62/Clef-des-champs-b26/Le-Tournesol-ANB-b64. Lang:fr
19:23:32 Listing url is not the same: /fr/Antioxydants-c62/Clef-des-champs-b26/Le-Tournesol-ANB-b64/cat.Url vs /fr/Antioxydants-c62/Clef-des-champs-b26/Le-Tournesol-ANB-b64. Lang:fr
19:24:42 Listing url is not the same: /fr/Allergies-c55/A-Vogel-b54/Boiron-b61/Druide-b63/urlBilingual vs /fr/Allergies-c55/A-Vogel-b54/Boiron-b61/Druide-b63. Lang:fr
19:26:26 Listing url is not the same: /fr/Concentration-memoire-migraine-c56/Boiron-b61/urlBilingual vs /fr/Concentration-memoire-migraine-c56/Boiron-b61. Lang:fr
19:26:28 Listing url is not the same: /fr/Sante-des-enfants-c108/Healthology-b116/promotion.Url vs /fr/Sante-des-enfants-c108/Healthology-b116. Lang:fr
20:09:18 Listing url is not the same: /fr/Antioxydants-c62/Boiron-b61/p.UrlBrand vs /fr/Antioxydants-c62/Boiron-b61. Lang:fr
20:11:48 Listing url is not the same: /fr/Allergies-c55/A-Vogel-b54/Clef-des-champs-b26/subcat.Url vs /fr/Allergies-c55/A-Vogel-b54/Clef-des-champs-b26. Lang:fr
20:13:10 Listing url is not the same: /fr/Antioxydants-c62/A-Vogel-b54/Boiron-b61/Clef-des-champs-b26/b.Url vs /fr/Antioxydants-c62/A-Vogel-b54/Boiron-b61/Clef-des-champs-b26. Lang:fr
20:13:12 Listing url is not the same: /fr/Concentration-memoire-migraine-c56/Clef-des-champs-b26/Druide-b63/p.Url vs /fr/Concentration-memoire-migraine-c56/Clef-des-champs-b26/Druide-b63. Lang:fr
20:13:15 Listing url is not the same: /fr/Concentration-memoire-migraine-c56/Druide-b63/b.Url vs /fr/Concentration-memoire-migraine-c56/Druide-b63. Lang:fr
20:13:19 Listing url is not the same: /fr/Rhume-grippe-voie-respiratoire-c57/A-Vogel-b54/Druide-b63/p.Url vs /fr/Rhume-grippe-voie-respiratoire-c57/A-Vogel-b54/Druide-b63. Lang:fr
20:16:33 Listing url is not the same: /fr/Cosmetique-parfum-et-deodorant-c60/Druide-b63/Le-Tournesol-ANB-b64/b.Url vs /fr/Cosmetique-parfum-et-deodorant-c60/Druide-b63/Le-Tournesol-ANB-b64. Lang:fr
20:18:56 Listing url is not the same: /fr/Huiles-magiques-de-wicca-c65/Boiron-b61/Le-Tournesol-ANB-b64/subcat.Url vs /fr/Huiles-magiques-de-wicca-c65/Boiron-b61/Le-Tournesol-ANB-b64. Lang:fr
20:19:03 Listing url is not the same: /fr/Rhume-grippe-voie-respiratoire-c57/A-Vogel-b54/Boiron-b61/Druide-b63/b.Url vs /fr/Rhume-grippe-voie-respiratoire-c57/A-Vogel-b54/Boiron-b61/Druide-b63. Lang:fr
20:19:19 Listing url is not the same: /fr/Rhume-grippe-voie-respiratoire-c57/Boiron-b61/Clef-des-champs-b26/Flora-b123/b.Url vs /fr/Rhume-grippe-voie-respiratoire-c57/Boiron-b61/Clef-des-champs-b26/Flora-b123. Lang:fr
20:19:49 Listing url is not the same: /fr/Rhume-grippe-voie-respiratoire-c57/Boiron-b61/Clef-des-champs-b26/Flora-b123/brand.Url vs /fr/Rhume-grippe-voie-respiratoire-c57/Boiron-b61/Clef-des-champs-b26/Flora-b123. Lang:fr
21:02:23 Listing url is not the same: /fr/Concentration-memoire-migraine-c56/Clef-des-champs-b26/p.Url vs /fr/Concentration-memoire-migraine-c56/Clef-des-champs-b26. Lang:fr
21:03:49 Listing url is not the same: /fr/Antioxydants-c62/A-Vogel-b54/Clef-des-champs-b26/cat.Url vs /fr/Antioxydants-c62/A-Vogel-b54/Clef-des-champs-b26. Lang:fr
21:05:09 Listing url is not the same: /fr/Antioxydants-c62/A-Vogel-b54/Boiron-b61/Clef-des-champs-b26/subcat.Url vs /fr/Antioxydants-c62/A-Vogel-b54/Boiron-b61/Clef-des-champs-b26. Lang:fr
21:05:12 Listing url is not the same: /fr/Concentration-memoire-migraine-c56/A-Vogel-b54/p.UrlBrand vs /fr/Concentration-memoire-migraine-c56/A-Vogel-b54. Lang:fr
21:05:15 Listing url is not the same: /fr/Concentration-memoire-migraine-c56/Druide-b63/urlBilingual vs /fr/Concentration-memoire-migraine-c56/Druide-b63. Lang:fr
21:11:48 Listing url is not the same: /fr/Concentration-memoire-migraine-c56/Boiron-b61/Clef-des-champs-b26/Flora-b123/subcat.Url vs /fr/Concentration-memoire-migraine-c56/Boiron-b61/Clef-des-champs-b26/Flora-b123. Lang:fr
21:11:57 Listing url is not the same: /fr/Sommeil-c88/Boiron-b61/Merveilles-d-Abeilles-b69/Natural-Factors-b71/promotion.Url vs /fr/Sommeil-c88/Boiron-b61/Merveilles-d-Abeilles-b69/Natural-Factors-b71. Lang:fr
21:54:54 Listing url is not the same: /fr/Antioxydants-c62/Clef-des-champs-b26/Le-Tournesol-ANB-b64/addressLink vs /fr/Antioxydants-c62/Clef-des-champs-b26/Le-Tournesol-ANB-b64. Lang:fr
21:55:08 Listing url is not the same: /fr/Concentration-memoire-migraine-c56/A-Vogel-b54/Bach-b137/Boiron-b61/Clef-des-champs-b26/cat.Url vs /fr/Concentration-memoire-migraine-c56/A-Vogel-b54/Bach-b137/Boiron-b61/Clef-des-champs-b26. Lang:fr
21:59:51 Listing url is not the same: /fr/Stress-c97/A-Vogel-b54/Clef-des-champs-b26/Druide-b63/Natural-Factors-b71/Nature-Clean-b72/addressLink vs /fr/Stress-c97/A-Vogel-b54/Clef-des-champs-b26/Druide-b63/Natural-Factors-b71/Nature-Clean-b72. Lang:fr
22:44:37 Listing url is not the same: /fr/Allergies-c55/A-Vogel-b54/Boiron-b61/Druide-b63/cat.Url vs /fr/Allergies-c55/A-Vogel-b54/Boiron-b61/Druide-b63. Lang:fr
22:44:42 Listing url is not the same: /fr/Cosmetique-parfum-et-deodorant-c60/Druide-b63/Le-Tournesol-ANB-b64/p.Url vs /fr/Cosmetique-parfum-et-deodorant-c60/Druide-b63/Le-Tournesol-ANB-b64. Lang:fr
22:48:21 Listing url is not the same: /fr/Allergies-c55/A-Vogel-b54/Meditrina-b68/addressLink vs /fr/Allergies-c55/A-Vogel-b54/Meditrina-b68. Lang:fr
22:52:15 Listing url is not the same: /fr/Coeur-et-sante-generale-c106/A-Vogel-b54/Boiron-b61/Natural-Factors-b71/Nature-Clean-b72/addressLink vs /fr/Coeur-et-sante-generale-c106/A-Vogel-b54/Boiron-b61/Natural-Factors-b71/Nature-Clean-b72. Lang:fr
22:52:24 Listing url is not the same: /fr/Coeur-et-sante-generale-c106/A-Vogel-b54/Clef-des-champs-b26/Natural-Factors-b71/New-roots-b74/brand.Url vs /fr/Coeur-et-sante-generale-c106/A-Vogel-b54/Clef-des-champs-b26/Natural-Factors-b71/New-roots-b74. Lang:fr
22:52:31 Listing url is not the same: /fr/Concentration-memoire-migraine-c56/A-Vogel-b54/Clef-des-champs-b26/Flora-b123/cat.Url vs /fr/Concentration-memoire-migraine-c56/A-Vogel-b54/Clef-des-champs-b26/Flora-b123. Lang:fr
22:52:38 Listing url is not the same: /fr/Cosmetique-parfum-et-deodorant-c60/Boiron-b61/Druide-b63/Natural-Factors-b71/New-roots-b74/b.Url vs /fr/Cosmetique-parfum-et-deodorant-c60/Boiron-b61/Druide-b63/Natural-Factors-b71/New-roots-b74. Lang:fr
22:52:47 Listing url is not the same: /fr/Inflammation-c98/Anokian-b58/Natural-Factors-b71/New-roots-b74/p.Url vs /fr/Inflammation-c98/Anokian-b58/Natural-Factors-b71/New-roots-b74. Lang:fr
22:52:51 Listing url is not the same: /fr/Inflammation-c98/Anokian-b58/Natural-Factors-b71/New-roots-b74/promotion.Url vs /fr/Inflammation-c98/Anokian-b58/Natural-Factors-b71/New-roots-b74. Lang:fr
22:52:55 Listing url is not the same: /fr/Rhume-grippe-voie-respiratoire-c57/Clef-des-champs-b26/Natural-Factors-b71/Nature-Clean-b72/New-roots-b74/p.UrlBrand vs /fr/Rhume-grippe-voie-respiratoire-c57/Clef-des-champs-b26/Natural-Factors-b71/Nature-Clean-b72/New-roots-b74. Lang:fr
22:52:58 Listing url is not the same: /fr/Sante-des-enfants-c108/A-Vogel-b54/Boiron-b61/Clef-des-champs-b26/Druide-b63/Natural-Factors-b71/Nature-Clean-b72/b.Url vs /fr/Sante-des-enfants-c108/A-Vogel-b54/Boiron-b61/Clef-des-champs-b26/Druide-b63/Natural-Factors-b71/Nature-Clean-b72. Lang:fr
22:53:00 Listing url is not the same: /fr/Sante-des-enfants-c108/Bach-b137/New-roots-b74/b.Url vs /fr/Sante-des-enfants-c108/Bach-b137/New-roots-b74. Lang:fr
22:53:02 Listing url is not the same: /fr/Systeme-immunitaire-c93/A-Vogel-b54/Clef-des-champs-b26/Leo-Desilet-b66/addressLink vs /fr/Systeme-immunitaire-c93/A-Vogel-b54/Clef-des-champs-b26/Leo-Desilet-b66. Lang:fr
22:53:04 Listing url is not the same: /fr/Systeme-immunitaire-c93/Boiron-b61/Clef-des-champs-b26/Merveilles-d-Abeilles-b69/New-roots-b74/b.Url vs /fr/Systeme-immunitaire-c93/Boiron-b61/Clef-des-champs-b26/Merveilles-d-Abeilles-b69/New-roots-b74. Lang:fr
23:38:31 Listing url is not the same: /fr/Huiles-magiques-de-wicca-c65/A-Vogel-b54/Le-Tournesol-ANB-b64/addressLink vs /fr/Huiles-magiques-de-wicca-c65/A-Vogel-b54/Le-Tournesol-ANB-b64. Lang:fr
23:38:39 Listing url is not the same: /fr/Sante-des-femmes-c100/A-Vogel-b54/Bach-b137/Boiron-b61/Clef-des-champs-b26/urlBilingual vs /fr/Sante-des-femmes-c100/A-Vogel-b54/Bach-b137/Boiron-b61/Clef-des-champs-b26. Lang:fr
23:42:37 Listing url is not the same: /fr/Rhume-grippe-voie-respiratoire-c57/A-Vogel-b54/Boiron-b61/Druide-b63/subcat.Url vs /fr/Rhume-grippe-voie-respiratoire-c57/A-Vogel-b54/Boiron-b61/Druide-b63. Lang:fr
23:42:40 Listing url is not the same: /fr/Rhume-grippe-voie-respiratoire-c57/Boiron-b61/Clef-des-champs-b26/Flora-b123/p.UrlBrand vs /fr/Rhume-grippe-voie-respiratoire-c57/Boiron-b61/Clef-des-champs-b26/Flora-b123. Lang:fr
23:42:42 Listing url is not the same: /fr/Rhume-grippe-voie-respiratoire-c57/Clef-des-champs-b26/Le-Tournesol-ANB-b64/New-roots-b74/urlBilingual vs /fr/Rhume-grippe-voie-respiratoire-c57/Clef-des-champs-b26/Le-Tournesol-ANB-b64/New-roots-b74. Lang:fr
23:42:43 Listing url is not the same: /fr/Rhume-grippe-voie-respiratoire-c57/Clef-des-champs-b26/Numi-tea-b124/brand.Url vs /fr/Rhume-grippe-voie-respiratoire-c57/Clef-des-champs-b26/Numi-tea-b124. Lang:fr
23:42:45 Listing url is not the same: /fr/Sommeil-c88/A-Vogel-b54/Clef-des-champs-b26/Nature-Clean-b72/New-roots-b74/brand.Url vs /fr/Sommeil-c88/A-Vogel-b54/Clef-des-champs-b26/Nature-Clean-b72/New-roots-b74. Lang:fr
23:46:06 Listing url is not the same: /fr/Detox-Digestion-c87/Boiron-b61/Clef-des-champs-b26/Leo-Desilet-b66/urlBilingual vs /fr/Detox-Digestion-c87/Boiron-b61/Clef-des-champs-b26/Leo-Desilet-b66. Lang:fr
