00:16:08 Listing url is not the same: /fr/Homeopathie-c12/A-Vogel-b54/Merveilles-d-Abeilles-b69/Natural-Factors-b71/subcat.Url vs /fr/Homeopathie-c12/A-Vogel-b54/Merveilles-d-Abeilles-b69/Natural-Factors-b71. Lang:fr
00:16:12 Listing url is not the same: /fr/Rhume-grippe-voie-respiratoire-c57/A-Vogel-b54/Nature-Clean-b72/New-roots-b74/addressLink vs /fr/Rhume-grippe-voie-respiratoire-c57/A-Vogel-b54/Nature-Clean-b72/New-roots-b74. Lang:fr
00:16:24 Listing url is not the same: /fr/Rhume-grippe-voie-respiratoire-c57/Anokian-b58/Boiron-b61/Clef-des-champs-b26/brand.Url vs /fr/Rhume-grippe-voie-respiratoire-c57/Anokian-b58/Boiron-b61/Clef-des-champs-b26. Lang:fr
00:18:59 Listing url is not the same: /fr/Detox-Digestion-c87/A-Vogel-b54/Clef-des-champs-b26/Merveilles-d-Abeilles-b69/New-roots-b74/b.Url vs /fr/Detox-Digestion-c87/A-Vogel-b54/Clef-des-champs-b26/Merveilles-d-Abeilles-b69/New-roots-b74. Lang:fr
01:02:35 Listing url is not the same: /fr/Concentration-memoire-migraine-c56/Clef-des-champs-b26/Medelys-b128/promotion.Url vs /fr/Concentration-memoire-migraine-c56/Clef-des-champs-b26/Medelys-b128. Lang:fr
01:03:20 Listing url is not the same: /fr/Detox-Digestion-c87/Clef-des-champs-b26/Healthology-b116/addressLink vs /fr/Detox-Digestion-c87/Clef-des-champs-b26/Healthology-b116. Lang:fr
01:03:50 Listing url is not the same: /fr/Rhume-grippe-voie-respiratoire-c57/Anokian-b58/Boiron-b61/Clef-des-champs-b26/promotion.Url vs /fr/Rhume-grippe-voie-respiratoire-c57/Anokian-b58/Boiron-b61/Clef-des-champs-b26. Lang:fr
01:04:22 Listing url is not the same: /fr/Sante-des-enfants-c108/Clef-des-champs-b26/Numi-tea-b124/promotion.Url vs /fr/Sante-des-enfants-c108/Clef-des-champs-b26/Numi-tea-b124. Lang:fr
01:05:29 Listing url is not the same: /fr/Sante-des-enfants-c108/A-Vogel-b54/Bach-b137/Boiron-b61/Clef-des-champs-b26/addressLink vs /fr/Sante-des-enfants-c108/A-Vogel-b54/Bach-b137/Boiron-b61/Clef-des-champs-b26. Lang:fr
01:05:54 Listing url is not the same: /fr/Stress-c97/Clef-des-champs-b26/Numi-tea-b124/brand.Url vs /fr/Stress-c97/Clef-des-champs-b26/Numi-tea-b124. Lang:fr
01:49:49 Listing url is not the same: /fr/Allergies-c55/Boiron-b61/Nature-Clean-b72/New-roots-b74/subcat.Url vs /fr/Allergies-c55/Boiron-b61/Nature-Clean-b72/New-roots-b74. Lang:fr
01:50:04 Listing url is not the same: /fr/Cosmetique-parfum-et-deodorant-c60/Boiron-b61/Clef-des-champs-b26/Druide-b63/New-roots-b74/cat.Url vs /fr/Cosmetique-parfum-et-deodorant-c60/Boiron-b61/Clef-des-champs-b26/Druide-b63/New-roots-b74. Lang:fr
01:50:47 Listing url is not the same: /fr/Sante-des-enfants-c108/A-Vogel-b54/Bach-b137/Druide-b63/brand.Url vs /fr/Sante-des-enfants-c108/A-Vogel-b54/Bach-b137/Druide-b63. Lang:fr
02:36:28 Listing url is not the same: /fr/Fatigue-c99/A-Vogel-b54/Clef-des-champs-b26/Flora-b123/subcat.Url vs /fr/Fatigue-c99/A-Vogel-b54/Clef-des-champs-b26/Flora-b123. Lang:fr
04:08:53 Listing url is not the same: /fr/Coeur-et-sante-generale-c106/A-Vogel-b54/Clef-des-champs-b26/Meditrina-b68/New-roots-b74/urlBilingual vs /fr/Coeur-et-sante-generale-c106/A-Vogel-b54/Clef-des-champs-b26/Meditrina-b68/New-roots-b74. Lang:fr
04:10:13 Listing url is not the same: /fr/Stress-c97/Kyolic-b115/promotion.Url vs /fr/Stress-c97/Kyolic-b115. Lang:fr
05:00:26 Listing url is not the same: /fr/Antioxydants-c62/Boiron-b61/Le-Tournesol-ANB-b64/New-roots-b74/brand.Url vs /fr/Antioxydants-c62/Boiron-b61/Le-Tournesol-ANB-b64/New-roots-b74. Lang:fr
05:00:32 Listing url is not the same: /fr/Cosmetique-parfum-et-deodorant-c60/Clef-des-champs-b26/Druide-b63/Meditrina-b68/New-roots-b74/urlBilingual vs /fr/Cosmetique-parfum-et-deodorant-c60/Clef-des-champs-b26/Druide-b63/Meditrina-b68/New-roots-b74. Lang:fr
05:52:48 Listing url is not the same: /fr/Antioxydants-c62/Medelys-b128/Natural-Factors-b71/subcat.Url vs /fr/Antioxydants-c62/Medelys-b128/Natural-Factors-b71. Lang:fr
05:53:01 Listing url is not the same: /fr/Coeur-et-sante-generale-c106/Clef-des-champs-b26/Druide-b63/Meditrina-b68/New-roots-b74/p.UrlBrand vs /fr/Coeur-et-sante-generale-c106/Clef-des-champs-b26/Druide-b63/Meditrina-b68/New-roots-b74. Lang:fr
06:33:21 Listing url is not the same: /fr/Homeopathie-c12/Clef-des-champs-b26/Druide-b63/Meditrina-b68/New-roots-b74/urlBilingual vs /fr/Homeopathie-c12/Clef-des-champs-b26/Druide-b63/Meditrina-b68/New-roots-b74. Lang:fr
06:33:50 Listing url is not the same: /fr/Sante-des-femmes-c100/Natural-Factors-b71/Salus-b126/promotion.Url vs /fr/Sante-des-femmes-c100/Natural-Factors-b71/Salus-b126. Lang:fr
06:34:20 Listing url is not the same: /fr/Stress-c97/Kyolic-b115/b.Url vs /fr/Stress-c97/Kyolic-b115. Lang:fr
08:58:04 Listing url is not the same: /fr/Systeme-immunitaire-c93/Clef-des-champs-b26/Druide-b63/Meditrina-b68/New-roots-b74/cat.Url vs /fr/Systeme-immunitaire-c93/Clef-des-champs-b26/Druide-b63/Meditrina-b68/New-roots-b74. Lang:fr
08:58:34 Listing url is not the same: /fr/Concentration-memoire-migraine-c56/Clef-des-champs-b26/Numi-tea-b124/urlBilingual vs /fr/Concentration-memoire-migraine-c56/Clef-des-champs-b26/Numi-tea-b124. Lang:fr
