05:33:17 Listing url is not the same: /fr/Antioxydants-c62/p.Url vs /fr/Antioxydants-c62. Lang:fr
05:33:48 Listing url is not the same: /fr/Antioxydants-c62/addressLink vs /fr/Antioxydants-c62. Lang:fr
05:33:52 Listing url is not the same: /fr/Concentration-memoire-migraine-c56/p.UrlBrand vs /fr/Concentration-memoire-migraine-c56. Lang:fr
10:23:33 Listing url is not the same: /fr/Antioxydants-c62/urlBilingual vs /fr/Antioxydants-c62. Lang:fr
12:56:48 Listing url is not the same: /fr/Allergies-c55/Leo-Desilet-b66/Natural-Factors-b71/addressLink vs /fr/Allergies-c55/Leo-Desilet-b66/Natural-Factors-b71. Lang:fr
12:56:52 Listing url is not the same: /fr/Allergies-c55/Leo-Desilet-b66/Natural-Factors-b71/urlBilingual vs /fr/Allergies-c55/Leo-Desilet-b66/Natural-Factors-b71. Lang:fr
17:08:32 Listing url is not the same: /fr/Detox-Digestion-c87/A-Vogel-b54/Boiron-b61/Natural-Factors-b71/Nature-Clean-b72/cat.Url vs /fr/Detox-Digestion-c87/A-Vogel-b54/Boiron-b61/Natural-Factors-b71/Nature-Clean-b72. Lang:fr
17:08:33 Listing url is not the same: /fr/Stress-c97/Kyolic-b115/p.UrlBrand vs /fr/Stress-c97/Kyolic-b115. Lang:fr
17:12:25 Listing url is not the same: /fr/A-Vogel-b54/urlBilingual vs /fr/A-Vogel-b54. Lang:fr
17:55:23 Listing url is not the same: /fr/Concentration-memoire-migraine-c56/Druide-b63/Meditrina-b68/New-roots-b74/cat.Url vs /fr/Concentration-memoire-migraine-c56/Druide-b63/Meditrina-b68/New-roots-b74. Lang:fr
17:58:12 Listing url is not the same: /fr/Concentration-memoire-migraine-c56/A-Vogel-b54/Anokian-b58/Boiron-b61/Clef-des-champs-b26/subcat.Url vs /fr/Concentration-memoire-migraine-c56/A-Vogel-b54/Anokian-b58/Boiron-b61/Clef-des-champs-b26. Lang:fr
17:58:18 Listing url is not the same: /fr/Fatigue-c99/Healthology-b116/p.Url vs /fr/Fatigue-c99/Healthology-b116. Lang:fr
17:58:20 Listing url is not the same: /fr/Homeopathie-c12/A-Vogel-b54/Bach-b137/Boiron-b61/Clef-des-champs-b26/subcat.Url vs /fr/Homeopathie-c12/A-Vogel-b54/Bach-b137/Boiron-b61/Clef-des-champs-b26. Lang:fr
17:58:24 Listing url is not the same: /fr/Sante-des-enfants-c108/A-Vogel-b54/Bach-b137/Boiron-b61/Clef-des-champs-b26/cat.Url vs /fr/Sante-des-enfants-c108/A-Vogel-b54/Bach-b137/Boiron-b61/Clef-des-champs-b26. Lang:fr
18:01:23 Listing url is not the same: /fr/Concentration-memoire-migraine-c56/Boiron-b61/Le-Tournesol-ANB-b64/New-roots-b74/urlBilingual vs /fr/Concentration-memoire-migraine-c56/Boiron-b61/Le-Tournesol-ANB-b64/New-roots-b74. Lang:fr
18:01:24 Listing url is not the same: /fr/Huiles-magiques-de-wicca-c65/Clef-des-champs-b26/Le-Tournesol-ANB-b64/New-roots-b74/promotion.Url vs /fr/Huiles-magiques-de-wicca-c65/Clef-des-champs-b26/Le-Tournesol-ANB-b64/New-roots-b74. Lang:fr
18:01:26 Listing url is not the same: /fr/Inflammation-c98/A-Vogel-b54/Clef-des-champs-b26/Natural-Factors-b71/New-roots-b74/b.Url vs /fr/Inflammation-c98/A-Vogel-b54/Clef-des-champs-b26/Natural-Factors-b71/New-roots-b74. Lang:fr
18:01:27 Listing url is not the same: /fr/Sante-des-enfants-c108/Kyolic-b115/subcat.Url vs /fr/Sante-des-enfants-c108/Kyolic-b115. Lang:fr
18:01:28 Listing url is not the same: /fr/Sommeil-c88/A-Vogel-b54/Druide-b63/Meditrina-b68/Natural-Factors-b71/promotion.Url vs /fr/Sommeil-c88/A-Vogel-b54/Druide-b63/Meditrina-b68/Natural-Factors-b71. Lang:fr
18:01:30 Listing url is not the same: /fr/Stress-c97/A-Vogel-b54/Clef-des-champs-b26/Natural-Factors-b71/New-roots-b74/p.UrlBrand vs /fr/Stress-c97/A-Vogel-b54/Clef-des-champs-b26/Natural-Factors-b71/New-roots-b74. Lang:fr
18:53:33 Listing url is not the same: /fr/Antioxydants-c62/Clef-des-champs-b26/Meditrina-b68/Nature-Clean-b72/New-roots-b74/brand.Url vs /fr/Antioxydants-c62/Clef-des-champs-b26/Meditrina-b68/Nature-Clean-b72/New-roots-b74. Lang:fr
18:53:39 Listing url is not the same: /fr/Homeopathie-c12/A-Vogel-b54/Boiron-b61/Natural-Factors-b71/Nature-Clean-b72/b.Url vs /fr/Homeopathie-c12/A-Vogel-b54/Boiron-b61/Natural-Factors-b71/Nature-Clean-b72. Lang:fr
18:57:23 Listing url is not the same: /fr/Detox-Digestion-c87/Anokian-b58/Natural-Factors-b71/New-roots-b74/brand.Url vs /fr/Detox-Digestion-c87/Anokian-b58/Natural-Factors-b71/New-roots-b74. Lang:fr
18:57:30 Listing url is not the same: /fr/Sante-des-enfants-c108/A-Vogel-b54/Merveilles-d-Abeilles-b69/New-roots-b74/urlBilingual vs /fr/Sante-des-enfants-c108/A-Vogel-b54/Merveilles-d-Abeilles-b69/New-roots-b74. Lang:fr
18:57:42 Listing url is not the same: /fr/soin-du-corps-c86/Druide-b63/Natural-Factors-b71/New-roots-b74/p.Url vs /fr/Soin-du-corps-c86/Druide-b63/Natural-Factors-b71/New-roots-b74. Lang:fr
19:46:35 Listing url is not the same: /fr/Detox-Digestion-c87/Clef-des-champs-b26/Druide-b63/Meditrina-b68/New-roots-b74/cat.Url vs /fr/Detox-Digestion-c87/Clef-des-champs-b26/Druide-b63/Meditrina-b68/New-roots-b74. Lang:fr
19:49:47 Listing url is not the same: /fr/Antioxydants-c62/A-Vogel-b54/Bach-b137/Boiron-b61/Clef-des-champs-b26/cat.Url vs /fr/Antioxydants-c62/A-Vogel-b54/Bach-b137/Boiron-b61/Clef-des-champs-b26. Lang:fr
20:43:47 Listing url is not the same: /fr/Concentration-memoire-migraine-c56/Clef-des-champs-b26/Numi-tea-b124/brand.Url vs /fr/Concentration-memoire-migraine-c56/Clef-des-champs-b26/Numi-tea-b124. Lang:fr
20:43:50 Listing url is not the same: /fr/Concentration-memoire-migraine-c56/Clef-des-champs-b26/Numi-tea-b124/p.Url vs /fr/Concentration-memoire-migraine-c56/Clef-des-champs-b26/Numi-tea-b124. Lang:fr
20:43:52 Listing url is not the same: /fr/Fatigue-c99/A-Vogel-b54/Boiron-b61/Natural-Factors-b71/Nature-Clean-b72/b.Url vs /fr/Fatigue-c99/A-Vogel-b54/Boiron-b61/Natural-Factors-b71/Nature-Clean-b72. Lang:fr
20:43:58 Listing url is not the same: /fr/Sommeil-c88/A-Vogel-b54/Boiron-b61/Natural-Factors-b71/Nature-Clean-b72/brand.Url vs /fr/Sommeil-c88/A-Vogel-b54/Boiron-b61/Natural-Factors-b71/Nature-Clean-b72. Lang:fr
20:44:00 Listing url is not the same: /fr/Stress-c97/A-Vogel-b54/Boiron-b61/Natural-Factors-b71/Nature-Clean-b72/p.Url vs /fr/Stress-c97/A-Vogel-b54/Boiron-b61/Natural-Factors-b71/Nature-Clean-b72. Lang:fr
20:46:52 Listing url is not the same: /fr/Allergies-c55/Anokian-b58/Natural-Factors-b71/New-roots-b74/promotion.Url vs /fr/Allergies-c55/Anokian-b58/Natural-Factors-b71/New-roots-b74. Lang:fr
20:46:56 Listing url is not the same: /fr/Antioxydants-c62/Anokian-b58/New-roots-b74/cat.Url vs /fr/Antioxydants-c62/Anokian-b58/New-roots-b74. Lang:fr
20:46:57 Listing url is not the same: /fr/Antioxydants-c62/Bach-b137/Druide-b63/promotion.Url vs /fr/Antioxydants-c62/Bach-b137/Druide-b63. Lang:fr
20:47:00 Listing url is not the same: /fr/Coeur-et-sante-generale-c106/Boiron-b61/Merveilles-d-Abeilles-b69/Natural-Factors-b71/brand.Url vs /fr/Coeur-et-sante-generale-c106/Boiron-b61/Merveilles-d-Abeilles-b69/Natural-Factors-b71. Lang:fr
20:47:07 Listing url is not the same: /fr/Detox-Digestion-c87/Anokian-b58/Natural-Factors-b71/New-roots-b74/cat.Url vs /fr/Detox-Digestion-c87/Anokian-b58/Natural-Factors-b71/New-roots-b74. Lang:fr
20:47:14 Listing url is not the same: /fr/Fatigue-c99/A-Vogel-b54/Clef-des-champs-b26/Druide-b63/Meditrina-b68/New-roots-b74/subcat.Url vs /fr/Fatigue-c99/A-Vogel-b54/Clef-des-champs-b26/Druide-b63/Meditrina-b68/New-roots-b74. Lang:fr
20:47:21 Listing url is not the same: /fr/Homeopathie-c12/A-Vogel-b54/Clef-des-champs-b26/Flora-b123/p.Url vs /fr/Homeopathie-c12/A-Vogel-b54/Clef-des-champs-b26/Flora-b123. Lang:fr
21:38:05 Listing url is not the same: /fr/Sante-des-femmes-c100/Natural-Factors-b71/Salus-b126/p.Url vs /fr/Sante-des-femmes-c100/Natural-Factors-b71/Salus-b126. Lang:fr
21:38:09 Listing url is not the same: /fr/Sommeil-c88/A-Vogel-b54/Boiron-b61/Druide-b63/Natural-Factors-b71/addressLink vs /fr/Sommeil-c88/A-Vogel-b54/Boiron-b61/Druide-b63/Natural-Factors-b71. Lang:fr
21:41:24 Listing url is not the same: /fr/Antioxydants-c62/A-Vogel-b54/Bach-b137/Boiron-b61/Clef-des-champs-b26/brand.Url vs /fr/Antioxydants-c62/A-Vogel-b54/Bach-b137/Boiron-b61/Clef-des-champs-b26. Lang:fr
21:41:29 Listing url is not the same: /fr/Huiles-magiques-de-wicca-c65/Bach-b137/Le-Tournesol-ANB-b64/p.UrlBrand vs /fr/Huiles-magiques-de-wicca-c65/Bach-b137/Le-Tournesol-ANB-b64. Lang:fr
21:41:30 Listing url is not the same: /fr/Sante-des-femmes-c100/Boiron-b61/Druide-b63/Meditrina-b68/Natural-Factors-b71/brand.Url vs /fr/Sante-des-femmes-c100/Boiron-b61/Druide-b63/Meditrina-b68/Natural-Factors-b71. Lang:fr
21:41:32 Listing url is not the same: /fr/Sante-des-femmes-c100/Boiron-b61/Druide-b63/Natural-Factors-b71/New-roots-b74/p.Url vs /fr/Sante-des-femmes-c100/Boiron-b61/Druide-b63/Natural-Factors-b71/New-roots-b74. Lang:fr
22:28:07 Listing url is not the same: /fr/Stress-c97/A-Vogel-b54/Boiron-b61/Clef-des-champs-b26/Nature-Clean-b72/cat.Url vs /fr/Stress-c97/A-Vogel-b54/Boiron-b61/Clef-des-champs-b26/Nature-Clean-b72. Lang:fr
22:33:41 Listing url is not the same: /fr/Cosmetique-parfum-et-deodorant-c60/Clef-des-champs-b26/Druide-b63/Meditrina-b68/New-roots-b74/addressLink vs /fr/Cosmetique-parfum-et-deodorant-c60/Clef-des-champs-b26/Druide-b63/Meditrina-b68/New-roots-b74. Lang:fr
22:33:43 Listing url is not the same: /fr/Inflammation-c98/Clef-des-champs-b26/Druide-b63/Meditrina-b68/New-roots-b74/subcat.Url vs /fr/Inflammation-c98/Clef-des-champs-b26/Druide-b63/Meditrina-b68/New-roots-b74. Lang:fr
22:36:54 Listing url is not the same: /fr/Sante-des-femmes-c100/A-Vogel-b54/Bach-b137/Boiron-b61/Clef-des-champs-b26/p.Url vs /fr/Sante-des-femmes-c100/A-Vogel-b54/Bach-b137/Boiron-b61/Clef-des-champs-b26. Lang:fr
22:36:56 Listing url is not the same: /fr/Sommeil-c88/Clef-des-champs-b26/Meditrina-b68/Natural-Factors-b71/New-roots-b74/brand.Url vs /fr/Sommeil-c88/Clef-des-champs-b26/Meditrina-b68/Natural-Factors-b71/New-roots-b74. Lang:fr
23:28:34 Listing url is not the same: /fr/Homeopathie-c12/Clef-des-champs-b26/Druide-b63/Natural-Factors-b71/New-roots-b74/cat.Url vs /fr/Homeopathie-c12/Clef-des-champs-b26/Druide-b63/Natural-Factors-b71/New-roots-b74. Lang:fr
23:29:35 Listing url is not the same: /fr/Systeme-immunitaire-c93/Clef-des-champs-b26/Druide-b63/Meditrina-b68/New-roots-b74/brand.Url vs /fr/Systeme-immunitaire-c93/Clef-des-champs-b26/Druide-b63/Meditrina-b68/New-roots-b74. Lang:fr
23:31:56 Listing url is not the same: /fr/Antioxydants-c62/A-Vogel-b54/Druide-b63/Nature-Clean-b72/New-roots-b74/p.UrlBrand vs /fr/Antioxydants-c62/A-Vogel-b54/Druide-b63/Nature-Clean-b72/New-roots-b74. Lang:fr
23:32:08 Listing url is not the same: /fr/Fatigue-c99/A-Vogel-b54/Boiron-b61/Druide-b63/Merveilles-d-Abeilles-b69/urlBilingual vs /fr/Fatigue-c99/A-Vogel-b54/Boiron-b61/Druide-b63/Merveilles-d-Abeilles-b69. Lang:fr
23:32:18 Listing url is not the same: /fr/Fatigue-c99/A-Vogel-b54/Boiron-b61/Natural-Factors-b71/New-roots-b74/addressLink vs /fr/Fatigue-c99/A-Vogel-b54/Boiron-b61/Natural-Factors-b71/New-roots-b74. Lang:fr
23:32:35 Listing url is not the same: /fr/Inflammation-c98/Clef-des-champs-b26/Meditrina-b68/Nature-Clean-b72/New-roots-b74/subcat.Url vs /fr/Inflammation-c98/Clef-des-champs-b26/Meditrina-b68/Nature-Clean-b72/New-roots-b74. Lang:fr
23:32:42 Listing url is not the same: /fr/Rhume-grippe-voie-respiratoire-c57/Clef-des-champs-b26/Le-Tournesol-ANB-b64/New-roots-b74/brand.Url vs /fr/Rhume-grippe-voie-respiratoire-c57/Clef-des-champs-b26/Le-Tournesol-ANB-b64/New-roots-b74. Lang:fr
23:32:48 Listing url is not the same: /fr/Stress-c97/A-Vogel-b54/Boiron-b61/Natural-Factors-b71/Nature-Clean-b72/cat.Url vs /fr/Stress-c97/A-Vogel-b54/Boiron-b61/Natural-Factors-b71/Nature-Clean-b72. Lang:fr
23:32:53 Listing url is not the same: /fr/Systeme-immunitaire-c93/Clef-des-champs-b26/Leo-Desilet-b66/subcat.Url vs /fr/Systeme-immunitaire-c93/Clef-des-champs-b26/Leo-Desilet-b66. Lang:fr
