00:49:21 Listing url is not the same: /fr/Fatigue-c99/A-Vogel-b54/p.UrlBrand vs /fr/Fatigue-c99/A-Vogel-b54. Lang:fr
00:52:24 Listing url is not the same: /fr/Concentration-memoire-migraine-c56/Clef-des-champs-b26/Druide-b63/Meditrina-b68/Merveilles-d-Abeilles-b69/b.Url vs /fr/Concentration-memoire-migraine-c56/Clef-des-champs-b26/Druide-b63/Meditrina-b68/Merveilles-d-Abeilles-b69. Lang:fr
00:52:28 Listing url is not the same: /fr/Huiles-magiques-de-wicca-c65/Boiron-b61/Clef-des-champs-b26/Merveilles-d-Abeilles-b69/urlBilingual vs /fr/Huiles-magiques-de-wicca-c65/Boiron-b61/Clef-des-champs-b26/Merveilles-d-Abeilles-b69. Lang:fr
00:52:38 Listing url is not the same: /fr/Rhume-grippe-voie-respiratoire-c57/A-Vogel-b54/Clef-des-champs-b26/Druide-b63/Le-Tournesol-ANB-b64/Meditrina-b68/p.UrlBrand vs /fr/Rhume-grippe-voie-respiratoire-c57/A-Vogel-b54/Clef-des-champs-b26/Druide-b63/Le-Tournesol-ANB-b64/Meditrina-b68. Lang:fr
00:52:46 Listing url is not the same: /fr/Sante-des-femmes-c100/Boiron-b61/Druide-b63/promotion.Url vs /fr/Sante-des-femmes-c100/Boiron-b61/Druide-b63. Lang:fr
00:53:31 Listing url is not the same: /fr/Chandelles-c70/Boiron-b61/Meditrina-b68/Merveilles-d-Abeilles-b69/Natural-Factors-b71/subcat.Url vs /fr/Chandelles-c70/Boiron-b61/Meditrina-b68/Merveilles-d-Abeilles-b69/Natural-Factors-b71. Lang:fr
00:54:33 Listing url is not the same: /fr/Concentration-memoire-migraine-c56/Clef-des-champs-b26/Druide-b63/Meditrina-b68/Natural-Factors-b71/subcat.Url vs /fr/Concentration-memoire-migraine-c56/Clef-des-champs-b26/Druide-b63/Meditrina-b68/Natural-Factors-b71. Lang:fr
00:54:36 Listing url is not the same: /fr/Detox-Digestion-c87/Boiron-b61/Meditrina-b68/Merveilles-d-Abeilles-b69/b.Url vs /fr/Detox-Digestion-c87/Boiron-b61/Meditrina-b68/Merveilles-d-Abeilles-b69. Lang:fr
00:54:38 Listing url is not the same: /fr/Inflammation-c98/A-Vogel-b54/Clef-des-champs-b26/Meditrina-b68/subcat.Url vs /fr/Inflammation-c98/A-Vogel-b54/Clef-des-champs-b26/Meditrina-b68. Lang:fr
00:54:40 Listing url is not the same: /fr/Stress-c97/Boiron-b61/Druide-b63/Nature-Clean-b72/b.Url vs /fr/Stress-c97/Boiron-b61/Druide-b63/Nature-Clean-b72. Lang:fr
00:54:42 Listing url is not the same: /fr/Stress-c97/Le-Tournesol-ANB-b64/Meditrina-b68/Natural-Factors-b71/addressLink vs /fr/Stress-c97/Le-Tournesol-ANB-b64/Meditrina-b68/Natural-Factors-b71. Lang:fr
00:54:43 Listing url is not the same: /fr/Systeme-immunitaire-c93/A-Vogel-b54/Clef-des-champs-b26/Nature-Clean-b72/cat.Url vs /fr/Systeme-immunitaire-c93/A-Vogel-b54/Clef-des-champs-b26/Nature-Clean-b72. Lang:fr
01:42:06 Listing url is not the same: /fr/Fatigue-c99/Clef-des-champs-b26/brand.Url vs /fr/Fatigue-c99/Clef-des-champs-b26. Lang:fr
01:44:49 Listing url is not the same: /fr/Sante-des-enfants-c108/Clef-des-champs-b26/Meditrina-b68/p.UrlBrand vs /fr/Sante-des-enfants-c108/Clef-des-champs-b26/Meditrina-b68. Lang:fr
01:44:57 Listing url is not the same: /fr/Sante-des-enfants-c108/Clef-des-champs-b26/urlBilingual vs /fr/Sante-des-enfants-c108/Clef-des-champs-b26. Lang:fr
01:47:05 Listing url is not the same: /fr/Detox-Digestion-c87/Clef-des-champs-b26/Natural-Factors-b71/b.Url vs /fr/Detox-Digestion-c87/Clef-des-champs-b26/Natural-Factors-b71. Lang:fr
01:47:11 Listing url is not the same: /fr/Inflammation-c98/Clef-des-champs-b26/Druide-b63/cat.Url vs /fr/Inflammation-c98/Clef-des-champs-b26/Druide-b63. Lang:fr
01:47:17 Listing url is not the same: /fr/Inflammation-c98/Clef-des-champs-b26/Druide-b63/urlBilingual vs /fr/Inflammation-c98/Clef-des-champs-b26/Druide-b63. Lang:fr
01:48:39 Listing url is not the same: /fr/Systeme-immunitaire-c93/Clef-des-champs-b26/Meditrina-b68/Merveilles-d-Abeilles-b69/p.Url vs /fr/Systeme-immunitaire-c93/Clef-des-champs-b26/Meditrina-b68/Merveilles-d-Abeilles-b69. Lang:fr
01:49:08 Listing url is not the same: /fr/Antioxydants-c62/A-Vogel-b54/Clef-des-champs-b26/Le-Tournesol-ANB-b64/Meditrina-b68/Merveilles-d-Abeilles-b69/cat.Url vs /fr/Antioxydants-c62/A-Vogel-b54/Clef-des-champs-b26/Le-Tournesol-ANB-b64/Meditrina-b68/Merveilles-d-Abeilles-b69. Lang:fr
01:50:09 Listing url is not the same: /fr/Detox-Digestion-c87/Clef-des-champs-b26/Druide-b63/Meditrina-b68/p.UrlBrand vs /fr/Detox-Digestion-c87/Clef-des-champs-b26/Druide-b63/Meditrina-b68. Lang:fr
01:51:26 Listing url is not the same: /fr/Systeme-immunitaire-c93/Druide-b63/Meditrina-b68/Nature-Clean-b72/brand.Url vs /fr/Systeme-immunitaire-c93/Druide-b63/Meditrina-b68/Nature-Clean-b72. Lang:fr
02:43:24 Listing url is not the same: /fr/Concentration-memoire-migraine-c56/Clef-des-champs-b26/Druide-b63/Meditrina-b68/Merveilles-d-Abeilles-b69/p.UrlBrand vs /fr/Concentration-memoire-migraine-c56/Clef-des-champs-b26/Druide-b63/Meditrina-b68/Merveilles-d-Abeilles-b69. Lang:fr
02:43:27 Listing url is not the same: /fr/Sante-des-enfants-c108/Clef-des-champs-b26/Druide-b63/p.Url vs /fr/Sante-des-enfants-c108/Clef-des-champs-b26/Druide-b63. Lang:fr
02:44:39 Listing url is not the same: /fr/Antioxydants-c62/A-Vogel-b54/Boiron-b61/Clef-des-champs-b26/Druide-b63/Merveilles-d-Abeilles-b69/cat.Url vs /fr/Antioxydants-c62/A-Vogel-b54/Boiron-b61/Clef-des-champs-b26/Druide-b63/Merveilles-d-Abeilles-b69. Lang:fr
02:44:41 Listing url is not the same: /fr/Antioxydants-c62/Boiron-b61/Clef-des-champs-b26/Le-Tournesol-ANB-b64/Meditrina-b68/Merveilles-d-Abeilles-b69/cat.Url vs /fr/Antioxydants-c62/Boiron-b61/Clef-des-champs-b26/Le-Tournesol-ANB-b64/Meditrina-b68/Merveilles-d-Abeilles-b69. Lang:fr
02:46:05 Listing url is not the same: /fr/Concentration-memoire-migraine-c56/Boiron-b61/Clef-des-champs-b26/Le-Tournesol-ANB-b64/Merveilles-d-Abeilles-b69/addressLink vs /fr/Concentration-memoire-migraine-c56/Boiron-b61/Clef-des-champs-b26/Le-Tournesol-ANB-b64/Merveilles-d-Abeilles-b69. Lang:fr
02:46:25 Listing url is not the same: /fr/Stress-c97/A-Vogel-b54/Le-Tournesol-ANB-b64/Nature-Clean-b72/promotion.Url vs /fr/Stress-c97/A-Vogel-b54/Le-Tournesol-ANB-b64/Nature-Clean-b72. Lang:fr
03:33:28 Listing url is not the same: /fr/Sante-des-femmes-c100/A-Vogel-b54/urlBilingual vs /fr/Sante-des-femmes-c100/A-Vogel-b54. Lang:fr
03:36:07 Listing url is not the same: /fr/Sante-des-enfants-c108/A-Vogel-b54/Clef-des-champs-b26/cat.Url vs /fr/Sante-des-enfants-c108/A-Vogel-b54/Clef-des-champs-b26. Lang:fr
03:36:11 Listing url is not the same: /fr/Sante-des-enfants-c108/Clef-des-champs-b26/subcat.Url vs /fr/Sante-des-enfants-c108/Clef-des-champs-b26. Lang:fr
03:38:10 Listing url is not the same: /fr/Detox-Digestion-c87/Boiron-b61/Clef-des-champs-b26/Meditrina-b68/addressLink vs /fr/Detox-Digestion-c87/Boiron-b61/Clef-des-champs-b26/Meditrina-b68. Lang:fr
03:38:53 Listing url is not the same: /fr/Fatigue-c99/Clef-des-champs-b26/Meditrina-b68/promotion.Url vs /fr/Fatigue-c99/Clef-des-champs-b26/Meditrina-b68. Lang:fr
03:38:59 Listing url is not the same: /fr/Inflammation-c98/Clef-des-champs-b26/Druide-b63/brand.Url vs /fr/Inflammation-c98/Clef-des-champs-b26/Druide-b63. Lang:fr
03:39:07 Listing url is not the same: /fr/Sante-des-femmes-c100/Meditrina-b68/Merveilles-d-Abeilles-b69/b.Url vs /fr/Sante-des-femmes-c100/Meditrina-b68/Merveilles-d-Abeilles-b69. Lang:fr
03:41:29 Listing url is not the same: /fr/Chandelles-c70/Clef-des-champs-b26/Natural-Factors-b71/Nature-Clean-b72/cat.Url vs /fr/Chandelles-c70/Clef-des-champs-b26/Natural-Factors-b71/Nature-Clean-b72. Lang:fr
03:41:33 Listing url is not the same: /fr/Chandelles-c70/Druide-b63/Natural-Factors-b71/Nature-Clean-b72/cat.Url vs /fr/Chandelles-c70/Druide-b63/Natural-Factors-b71/Nature-Clean-b72. Lang:fr
03:41:38 Listing url is not the same: /fr/Cosmetique-parfum-et-deodorant-c60/Druide-b63/Le-Tournesol-ANB-b64/Meditrina-b68/Merveilles-d-Abeilles-b69/promotion.Url vs /fr/Cosmetique-parfum-et-deodorant-c60/Druide-b63/Le-Tournesol-ANB-b64/Meditrina-b68/Merveilles-d-Abeilles-b69. Lang:fr
03:41:47 Listing url is not the same: /fr/Fatigue-c99/Boiron-b61/Clef-des-champs-b26/Meditrina-b68/addressLink vs /fr/Fatigue-c99/Boiron-b61/Clef-des-champs-b26/Meditrina-b68. Lang:fr
03:42:10 Listing url is not the same: /fr/Stress-c97/A-Vogel-b54/Boiron-b61/Le-Tournesol-ANB-b64/p.Url vs /fr/Stress-c97/A-Vogel-b54/Boiron-b61/Le-Tournesol-ANB-b64. Lang:fr
04:33:57 Listing url is not the same: /fr/Inflammation-c98/Meditrina-b68/urlBilingual vs /fr/Inflammation-c98/Meditrina-b68. Lang:fr
04:36:47 Listing url is not the same: /fr/Sante-des-enfants-c108/Boiron-b61/Clef-des-champs-b26/Meditrina-b68/p.Url vs /fr/Sante-des-enfants-c108/Boiron-b61/Clef-des-champs-b26/Meditrina-b68. Lang:fr
04:36:56 Listing url is not the same: /fr/Systeme-immunitaire-c93/Boiron-b61/Clef-des-champs-b26/Druide-b63/brand.Url vs /fr/Systeme-immunitaire-c93/Boiron-b61/Clef-des-champs-b26/Druide-b63. Lang:fr
04:37:24 Listing url is not the same: /fr/Fatigue-c99/Clef-des-champs-b26/Meditrina-b68/urlBilingual vs /fr/Fatigue-c99/Clef-des-champs-b26/Meditrina-b68. Lang:fr
04:37:27 Listing url is not the same: /fr/Rhume-grippe-voie-respiratoire-c57/A-Vogel-b54/Clef-des-champs-b26/Druide-b63/Le-Tournesol-ANB-b64/Meditrina-b68/promotion.Url vs /fr/Rhume-grippe-voie-respiratoire-c57/A-Vogel-b54/Clef-des-champs-b26/Druide-b63/Le-Tournesol-ANB-b64/Meditrina-b68. Lang:fr
04:38:41 Listing url is not the same: /fr/Allergies-c55/Boiron-b61/Le-Tournesol-ANB-b64/Meditrina-b68/Natural-Factors-b71/cat.Url vs /fr/Allergies-c55/Boiron-b61/Le-Tournesol-ANB-b64/Meditrina-b68/Natural-Factors-b71. Lang:fr
04:39:50 Listing url is not the same: /fr/Detox-Digestion-c87/A-Vogel-b54/Anokian-b58/Clef-des-champs-b26/urlBilingual vs /fr/Detox-Digestion-c87/A-Vogel-b54/Anokian-b58/Clef-des-champs-b26. Lang:fr
04:39:51 Listing url is not the same: /fr/Detox-Digestion-c87/Clef-des-champs-b26/Druide-b63/Meditrina-b68/b.Url vs /fr/Detox-Digestion-c87/Clef-des-champs-b26/Druide-b63/Meditrina-b68. Lang:fr
04:39:53 Listing url is not the same: /fr/Inflammation-c98/Boiron-b61/Clef-des-champs-b26/Meditrina-b68/cat.Url vs /fr/Inflammation-c98/Boiron-b61/Clef-des-champs-b26/Meditrina-b68. Lang:fr
05:28:10 Listing url is not the same: /fr/Sante-des-femmes-c100/Boiron-b61/b.Url vs /fr/Sante-des-femmes-c100/Boiron-b61. Lang:fr
05:28:17 Listing url is not the same: /fr/Systeme-immunitaire-c93/Boiron-b61/cat.Url vs /fr/Systeme-immunitaire-c93/Boiron-b61. Lang:fr
05:31:07 Listing url is not the same: /fr/Sante-des-enfants-c108/A-Vogel-b54/Clef-des-champs-b26/p.UrlBrand vs /fr/Sante-des-enfants-c108/A-Vogel-b54/Clef-des-champs-b26. Lang:fr
05:33:48 Listing url is not the same: /fr/Systeme-immunitaire-c93/Druide-b63/Meditrina-b68/addressLink vs /fr/Systeme-immunitaire-c93/Druide-b63/Meditrina-b68. Lang:fr
05:35:12 Listing url is not the same: /fr/Antioxydants-c62/A-Vogel-b54/Boiron-b61/Clef-des-champs-b26/Druide-b63/Le-Tournesol-ANB-b64/brand.Url vs /fr/Antioxydants-c62/A-Vogel-b54/Boiron-b61/Clef-des-champs-b26/Druide-b63/Le-Tournesol-ANB-b64. Lang:fr
05:36:20 Listing url is not the same: /fr/Fatigue-c99/A-Vogel-b54/Boiron-b61/Clef-des-champs-b26/p.UrlBrand vs /fr/Fatigue-c99/A-Vogel-b54/Boiron-b61/Clef-des-champs-b26. Lang:fr
05:36:24 Listing url is not the same: /fr/Inflammation-c98/A-Vogel-b54/Clef-des-champs-b26/Druide-b63/subcat.Url vs /fr/Inflammation-c98/A-Vogel-b54/Clef-des-champs-b26/Druide-b63. Lang:fr
05:36:26 Listing url is not the same: /fr/Systeme-immunitaire-c93/A-Vogel-b54/Clef-des-champs-b26/Nature-Clean-b72/p.Url vs /fr/Systeme-immunitaire-c93/A-Vogel-b54/Clef-des-champs-b26/Nature-Clean-b72. Lang:fr
06:29:48 Listing url is not the same: /fr/Systeme-immunitaire-c93/Boiron-b61/Clef-des-champs-b26/Druide-b63/cat.Url vs /fr/Systeme-immunitaire-c93/Boiron-b61/Clef-des-champs-b26/Druide-b63. Lang:fr
06:30:13 Listing url is not the same: /fr/Cosmetique-parfum-et-deodorant-c60/Anokian-b58/Natural-Factors-b71/subcat.Url vs /fr/Cosmetique-parfum-et-deodorant-c60/Anokian-b58/Natural-Factors-b71. Lang:fr
06:30:42 Listing url is not the same: /fr/Rhume-grippe-voie-respiratoire-c57/A-Vogel-b54/Clef-des-champs-b26/Druide-b63/Le-Tournesol-ANB-b64/Meditrina-b68/p.Url vs /fr/Rhume-grippe-voie-respiratoire-c57/A-Vogel-b54/Clef-des-champs-b26/Druide-b63/Le-Tournesol-ANB-b64/Meditrina-b68. Lang:fr
06:30:54 Listing url is not the same: /fr/Sante-des-enfants-c108/Clef-des-champs-b26/Druide-b63/addressLink vs /fr/Sante-des-enfants-c108/Clef-des-champs-b26/Druide-b63. Lang:fr
06:31:29 Listing url is not the same: /fr/Allergies-c55/A-Vogel-b54/Druide-b63/Meditrina-b68/Natural-Factors-b71/addressLink vs /fr/Allergies-c55/A-Vogel-b54/Druide-b63/Meditrina-b68/Natural-Factors-b71. Lang:fr
06:32:24 Listing url is not the same: /fr/Chandelles-c70/Druide-b63/Meditrina-b68/Nature-Clean-b72/p.UrlBrand vs /fr/Chandelles-c70/Druide-b63/Meditrina-b68/Nature-Clean-b72. Lang:fr
06:32:31 Listing url is not the same: /fr/Chandelles-c70/Le-Tournesol-ANB-b64/Meditrina-b68/Merveilles-d-Abeilles-b69/Natural-Factors-b71/promotion.Url vs /fr/Chandelles-c70/Le-Tournesol-ANB-b64/Meditrina-b68/Merveilles-d-Abeilles-b69/Natural-Factors-b71. Lang:fr
06:32:44 Listing url is not the same: /fr/Fatigue-c99/A-Vogel-b54/Boiron-b61/Clef-des-champs-b26/cat.Url vs /fr/Fatigue-c99/A-Vogel-b54/Boiron-b61/Clef-des-champs-b26. Lang:fr
06:32:49 Listing url is not the same: /fr/Stress-c97/Boiron-b61/Le-Tournesol-ANB-b64/Meditrina-b68/cat.Url vs /fr/Stress-c97/Boiron-b61/Le-Tournesol-ANB-b64/Meditrina-b68. Lang:fr
07:21:22 Listing url is not the same: /fr/Systeme-immunitaire-c93/b.Url vs /fr/Systeme-immunitaire-c93. Lang:fr
07:24:04 Listing url is not the same: /fr/Inflammation-c98/Meditrina-b68/cat.Url vs /fr/Inflammation-c98/Meditrina-b68. Lang:fr
07:24:43 Listing url is not the same: /fr/Cosmetique-parfum-et-deodorant-c60/A-Vogel-b54/Anokian-b58/addressLink vs /fr/Cosmetique-parfum-et-deodorant-c60/A-Vogel-b54/Anokian-b58. Lang:fr
07:26:44 Listing url is not the same: /fr/Detox-Digestion-c87/Boiron-b61/Clef-des-champs-b26/Meditrina-b68/subcat.Url vs /fr/Detox-Digestion-c87/Boiron-b61/Clef-des-champs-b26/Meditrina-b68. Lang:fr
07:26:49 Listing url is not the same: /fr/Sante-des-enfants-c108/Boiron-b61/Clef-des-champs-b26/Meditrina-b68/b.Url vs /fr/Sante-des-enfants-c108/Boiron-b61/Clef-des-champs-b26/Meditrina-b68. Lang:fr
07:27:35 Listing url is not the same: /fr/Systeme-immunitaire-c93/Clef-des-champs-b26/Druide-b63/b.Url vs /fr/Systeme-immunitaire-c93/Clef-des-champs-b26/Druide-b63. Lang:fr
07:28:53 Listing url is not the same: /fr/Allergies-c55/Boiron-b61/Le-Tournesol-ANB-b64/Meditrina-b68/Natural-Factors-b71/brand.Url vs /fr/Allergies-c55/Boiron-b61/Le-Tournesol-ANB-b64/Meditrina-b68/Natural-Factors-b71. Lang:fr
07:30:08 Listing url is not the same: /fr/Chandelles-c70/Le-Tournesol-ANB-b64/Meditrina-b68/Merveilles-d-Abeilles-b69/Natural-Factors-b71/p.UrlBrand vs /fr/Chandelles-c70/Le-Tournesol-ANB-b64/Meditrina-b68/Merveilles-d-Abeilles-b69/Natural-Factors-b71. Lang:fr
07:30:09 Listing url is not the same: /fr/Inflammation-c98/A-Vogel-b54/Clef-des-champs-b26/Meditrina-b68/p.Url vs /fr/Inflammation-c98/A-Vogel-b54/Clef-des-champs-b26/Meditrina-b68. Lang:fr
07:30:11 Listing url is not the same: /fr/Sante-des-enfants-c108/A-Vogel-b54/Clef-des-champs-b26/Druide-b63/p.Url vs /fr/Sante-des-enfants-c108/A-Vogel-b54/Clef-des-champs-b26/Druide-b63. Lang:fr
08:17:29 Listing url is not the same: /fr/Fatigue-c99/Clef-des-champs-b26/p.Url vs /fr/Fatigue-c99/Clef-des-champs-b26. Lang:fr
08:17:33 Listing url is not the same: /fr/Sante-des-femmes-c100/A-Vogel-b54/b.Url vs /fr/Sante-des-femmes-c100/A-Vogel-b54. Lang:fr
08:21:57 Listing url is not the same: /fr/Inflammation-c98/Clef-des-champs-b26/Druide-b63/Meditrina-b68/b.Url vs /fr/Inflammation-c98/Clef-des-champs-b26/Druide-b63/Meditrina-b68. Lang:fr
08:22:28 Listing url is not the same: /fr/Cosmetique-parfum-et-deodorant-c60/Anokian-b58/Meditrina-b68/addressLink vs /fr/Cosmetique-parfum-et-deodorant-c60/Anokian-b58/Meditrina-b68. Lang:fr
08:22:31 Listing url is not the same: /fr/Fatigue-c99/Clef-des-champs-b26/Natural-Factors-b71/p.UrlBrand vs /fr/Fatigue-c99/Clef-des-champs-b26/Natural-Factors-b71. Lang:fr
08:23:57 Listing url is not the same: /fr/Antioxydants-c62/A-Vogel-b54/Boiron-b61/Clef-des-champs-b26/Druide-b63/Meditrina-b68/cat.Url vs /fr/Antioxydants-c62/A-Vogel-b54/Boiron-b61/Clef-des-champs-b26/Druide-b63/Meditrina-b68. Lang:fr
08:25:19 Listing url is not the same: /fr/Rhume-grippe-voie-respiratoire-c57/A-Vogel-b54/Druide-b63/Meditrina-b68/Natural-Factors-b71/urlBilingual vs /fr/Rhume-grippe-voie-respiratoire-c57/A-Vogel-b54/Druide-b63/Meditrina-b68/Natural-Factors-b71. Lang:fr
09:15:02 Listing url is not the same: /fr/Systeme-immunitaire-c93/promotion.Url vs /fr/Systeme-immunitaire-c93. Lang:fr
09:19:06 Listing url is not the same: /fr/Sante-des-enfants-c108/Clef-des-champs-b26/Meditrina-b68/b.Url vs /fr/Sante-des-enfants-c108/Clef-des-champs-b26/Meditrina-b68. Lang:fr
09:22:20 Listing url is not the same: /fr/Systeme-immunitaire-c93/Druide-b63/Meditrina-b68/subcat.Url vs /fr/Systeme-immunitaire-c93/Druide-b63/Meditrina-b68. Lang:fr
09:51:25 Listing url is not the same: /fr/Prix-Liquidation-s-1/Promos vs /fr/Promos/Prix-Liquidation-s-1. Lang:fr
10:07:08 Listing url is not the same: /fr/Sante-des-enfants-c108/Listing.aspx vs /fr/Sante-des-enfants-c108. Lang:fr
10:08:03 Listing url is not the same: /fr/Inflammation-c98/Meditrina-b68/addressLink vs /fr/Inflammation-c98/Meditrina-b68. Lang:fr
10:12:06 Listing url is not the same: /fr/Fatigue-c99/Clef-des-champs-b26/Meditrina-b68/Merveilles-d-Abeilles-b69/cat.Url vs /fr/Fatigue-c99/Clef-des-champs-b26/Meditrina-b68/Merveilles-d-Abeilles-b69. Lang:fr
10:14:03 Listing url is not the same: /fr/Rhume-grippe-voie-respiratoire-c57/Boiron-b61/Clef-des-champs-b26/Le-Tournesol-ANB-b64/Merveilles-d-Abeilles-b69/b.Url vs /fr/Rhume-grippe-voie-respiratoire-c57/Boiron-b61/Clef-des-champs-b26/Le-Tournesol-ANB-b64/Merveilles-d-Abeilles-b69. Lang:fr
11:00:00 Listing url is not the same: /fr/Inflammation-c98/promotion.Url vs /fr/Inflammation-c98. Lang:fr
11:09:04 Listing url is not the same: /fr/Fatigue-c99/Boiron-b61/Clef-des-champs-b26/b.Url vs /fr/Fatigue-c99/Boiron-b61/Clef-des-champs-b26. Lang:fr
11:09:07 Listing url is not the same: /fr/Nettoyage-c73/Druide-b63/Le-Tournesol-ANB-b64/Merveilles-d-Abeilles-b69/addressLink vs /fr/Nettoyage-c73/Druide-b63/Le-Tournesol-ANB-b64/Merveilles-d-Abeilles-b69. Lang:fr
11:09:57 Listing url is not the same: /fr/Fatigue-c99/Boiron-b61/Clef-des-champs-b26/promotion.Url vs /fr/Fatigue-c99/Boiron-b61/Clef-des-champs-b26. Lang:fr
11:10:01 Listing url is not the same: /fr/Fatigue-c99/Clef-des-champs-b26/Druide-b63/urlBilingual vs /fr/Fatigue-c99/Clef-des-champs-b26/Druide-b63. Lang:fr
11:10:03 Listing url is not the same: /fr/Fatigue-c99/Clef-des-champs-b26/Natural-Factors-b71/promotion.Url vs /fr/Fatigue-c99/Clef-des-champs-b26/Natural-Factors-b71. Lang:fr
11:10:22 Listing url is not the same: /fr/Sante-des-femmes-c100/Clef-des-champs-b26/Natural-Factors-b71/b.Url vs /fr/Sante-des-femmes-c100/Clef-des-champs-b26/Natural-Factors-b71. Lang:fr
11:12:48 Listing url is not the same: /fr/Rhume-grippe-voie-respiratoire-c57/A-Vogel-b54/Boiron-b61/Clef-des-champs-b26/Druide-b63/Meditrina-b68/brand.Url vs /fr/Rhume-grippe-voie-respiratoire-c57/A-Vogel-b54/Boiron-b61/Clef-des-champs-b26/Druide-b63/Meditrina-b68. Lang:fr
11:12:54 Listing url is not the same: /fr/Rhume-grippe-voie-respiratoire-c57/A-Vogel-b54/Boiron-b61/Clef-des-champs-b26/Druide-b63/Meditrina-b68/cat.Url vs /fr/Rhume-grippe-voie-respiratoire-c57/A-Vogel-b54/Boiron-b61/Clef-des-champs-b26/Druide-b63/Meditrina-b68. Lang:fr
11:12:58 Listing url is not the same: /fr/Stress-c97/A-Vogel-b54/Boiron-b61/Meditrina-b68/b.Url vs /fr/Stress-c97/A-Vogel-b54/Boiron-b61/Meditrina-b68. Lang:fr
11:14:22 Listing url is not the same: /fr/Huiles-magiques-de-wicca-c65/Boiron-b61/Druide-b63/Natural-Factors-b71/addressLink vs /fr/Huiles-magiques-de-wicca-c65/Boiron-b61/Druide-b63/Natural-Factors-b71. Lang:fr
11:56:10 Listing url is not the same: /fr/Inflammation-c98/subcat.Url vs /fr/Inflammation-c98. Lang:fr
11:58:10 Listing url is not the same: /fr/Fatigue-c99/brand.Url vs /fr/Fatigue-c99. Lang:fr
11:58:35 Listing url is not the same: /fr/Fatigue-c99/Clef-des-champs-b26/promotion.Url vs /fr/Fatigue-c99/Clef-des-champs-b26. Lang:fr
12:01:13 Listing url is not the same: /fr/Detox-Digestion-c87/Druide-b63/urlBilingual vs /fr/Detox-Digestion-c87/Druide-b63. Lang:fr
12:01:15 Listing url is not the same: /fr/Systeme-immunitaire-c93/A-Vogel-b54/p.Url vs /fr/Systeme-immunitaire-c93/A-Vogel-b54. Lang:fr
12:06:27 Listing url is not the same: /fr/Huiles-magiques-de-wicca-c65/Boiron-b61/Clef-des-champs-b26/Merveilles-d-Abeilles-b69/p.UrlBrand vs /fr/Huiles-magiques-de-wicca-c65/Boiron-b61/Clef-des-champs-b26/Merveilles-d-Abeilles-b69. Lang:fr
12:07:43 Listing url is not the same: /fr/Sante-des-femmes-c100/Clef-des-champs-b26/Natural-Factors-b71/cat.Url vs /fr/Sante-des-femmes-c100/Clef-des-champs-b26/Natural-Factors-b71. Lang:fr
12:09:47 Listing url is not the same: /fr/Rhume-grippe-voie-respiratoire-c57/A-Vogel-b54/Druide-b63/Meditrina-b68/Natural-Factors-b71/p.Url vs /fr/Rhume-grippe-voie-respiratoire-c57/A-Vogel-b54/Druide-b63/Meditrina-b68/Natural-Factors-b71. Lang:fr
13:00:03 Listing url is not the same: /fr/Systeme-immunitaire-c93/Boiron-b61/Clef-des-champs-b26/Druide-b63/urlBilingual vs /fr/Systeme-immunitaire-c93/Boiron-b61/Clef-des-champs-b26/Druide-b63. Lang:fr
13:01:24 Listing url is not the same: /fr/Sante-des-enfants-c108/Clef-des-champs-b26/Druide-b63/urlBilingual vs /fr/Sante-des-enfants-c108/Clef-des-champs-b26/Druide-b63. Lang:fr
13:01:29 Listing url is not the same: /fr/Sante-des-femmes-c100/Clef-des-champs-b26/Meditrina-b68/Merveilles-d-Abeilles-b69/addressLink vs /fr/Sante-des-femmes-c100/Clef-des-champs-b26/Meditrina-b68/Merveilles-d-Abeilles-b69. Lang:fr
13:01:34 Listing url is not the same: /fr/Sante-des-femmes-c100/Clef-des-champs-b26/Natural-Factors-b71/urlBilingual vs /fr/Sante-des-femmes-c100/Clef-des-champs-b26/Natural-Factors-b71. Lang:fr
13:57:20 Listing url is not the same: /fr/Inflammation-c98/Meditrina-b68/p.UrlBrand vs /fr/Inflammation-c98/Meditrina-b68. Lang:fr
13:57:58 Listing url is not the same: /fr/Cosmetique-parfum-et-deodorant-c60/A-Vogel-b54/Anokian-b58/p.UrlBrand vs /fr/Cosmetique-parfum-et-deodorant-c60/A-Vogel-b54/Anokian-b58. Lang:fr
13:58:10 Listing url is not the same: /fr/Detox-Digestion-c87/Clef-des-champs-b26/Le-Tournesol-ANB-b64/p.Url vs /fr/Detox-Digestion-c87/Clef-des-champs-b26/Le-Tournesol-ANB-b64. Lang:fr
14:00:15 Listing url is not the same: /fr/Detox-Digestion-c87/Boiron-b61/Clef-des-champs-b26/Meditrina-b68/cat.Url vs /fr/Detox-Digestion-c87/Boiron-b61/Clef-des-champs-b26/Meditrina-b68. Lang:fr
14:00:24 Listing url is not the same: /fr/Sante-des-femmes-c100/Boiron-b61/Druide-b63/cat.Url vs /fr/Sante-des-femmes-c100/Boiron-b61/Druide-b63. Lang:fr
14:00:32 Listing url is not the same: /fr/Systeme-immunitaire-c93/Druide-b63/Meditrina-b68/p.Url vs /fr/Systeme-immunitaire-c93/Druide-b63/Meditrina-b68. Lang:fr
14:01:07 Listing url is not the same: /fr/Sante-des-femmes-c100/Meditrina-b68/Merveilles-d-Abeilles-b69/subcat.Url vs /fr/Sante-des-femmes-c100/Meditrina-b68/Merveilles-d-Abeilles-b69. Lang:fr
14:01:18 Listing url is not the same: /fr/Systeme-immunitaire-c93/Clef-des-champs-b26/Meditrina-b68/Merveilles-d-Abeilles-b69/promotion.Url vs /fr/Systeme-immunitaire-c93/Clef-des-champs-b26/Meditrina-b68/Merveilles-d-Abeilles-b69. Lang:fr
14:01:22 Listing url is not the same: /fr/Systeme-immunitaire-c93/Druide-b63/Meditrina-b68/cat.Url vs /fr/Systeme-immunitaire-c93/Druide-b63/Meditrina-b68. Lang:fr
14:59:49 Listing url is not the same: /fr/Fatigue-c99/addressLink vs /fr/Fatigue-c99. Lang:fr
15:00:34 Listing url is not the same: /fr/Fatigue-c99/Clef-des-champs-b26/subcat.Url vs /fr/Fatigue-c99/Clef-des-champs-b26. Lang:fr
15:08:10 Listing url is not the same: /fr/Chandelles-c70/Clef-des-champs-b26/Druide-b63/Le-Tournesol-ANB-b64/p.UrlBrand vs /fr/Chandelles-c70/Clef-des-champs-b26/Druide-b63/Le-Tournesol-ANB-b64. Lang:fr
15:08:17 Listing url is not the same: /fr/Sante-des-femmes-c100/Clef-des-champs-b26/Druide-b63/Meditrina-b68/p.UrlBrand vs /fr/Sante-des-femmes-c100/Clef-des-champs-b26/Druide-b63/Meditrina-b68. Lang:fr
15:08:41 Listing url is not the same: /fr/Fatigue-c99/Clef-des-champs-b26/Druide-b63/promotion.Url vs /fr/Fatigue-c99/Clef-des-champs-b26/Druide-b63. Lang:fr
15:52:45 Listing url is not the same: /fr/Systeme-immunitaire-c93/Boiron-b61/promotion.Url vs /fr/Systeme-immunitaire-c93/Boiron-b61. Lang:fr
15:55:44 Listing url is not the same: /fr/Sante-des-femmes-c100/Meditrina-b68/subcat.Url vs /fr/Sante-des-femmes-c100/Meditrina-b68. Lang:fr
15:59:10 Listing url is not the same: /fr/Nettoyage-c73/Boiron-b61/Merveilles-d-Abeilles-b69/Natural-Factors-b71/p.UrlBrand vs /fr/Nettoyage-c73/Boiron-b61/Merveilles-d-Abeilles-b69/Natural-Factors-b71. Lang:fr
15:59:49 Listing url is not the same: /fr/Allergies-c55/Druide-b63/Le-Tournesol-ANB-b64/Merveilles-d-Abeilles-b69/promotion.Url vs /fr/Allergies-c55/Druide-b63/Le-Tournesol-ANB-b64/Merveilles-d-Abeilles-b69. Lang:fr
16:00:02 Listing url is not the same: /fr/Systeme-immunitaire-c93/Clef-des-champs-b26/Meditrina-b68/Merveilles-d-Abeilles-b69/b.Url vs /fr/Systeme-immunitaire-c93/Clef-des-champs-b26/Meditrina-b68/Merveilles-d-Abeilles-b69. Lang:fr
16:00:05 Listing url is not the same: /fr/Systeme-immunitaire-c93/Druide-b63/Meditrina-b68/brand.Url vs /fr/Systeme-immunitaire-c93/Druide-b63/Meditrina-b68. Lang:fr
16:01:24 Listing url is not the same: /fr/Antioxydants-c62/A-Vogel-b54/Boiron-b61/Clef-des-champs-b26/Druide-b63/Meditrina-b68/subcat.Url vs /fr/Antioxydants-c62/A-Vogel-b54/Boiron-b61/Clef-des-champs-b26/Druide-b63/Meditrina-b68. Lang:fr
16:52:38 Listing url is not the same: /fr/Sante-des-femmes-c100/A-Vogel-b54/cat.Url vs /fr/Sante-des-femmes-c100/A-Vogel-b54. Lang:fr
16:58:54 Listing url is not the same: /fr/Allergies-c55/Clef-des-champs-b26/Le-Tournesol-ANB-b64/Natural-Factors-b71/cat.Url vs /fr/Allergies-c55/Clef-des-champs-b26/Le-Tournesol-ANB-b64/Natural-Factors-b71. Lang:fr
16:58:58 Listing url is not the same: /fr/Sante-des-enfants-c108/Boiron-b61/Clef-des-champs-b26/Meditrina-b68/addressLink vs /fr/Sante-des-enfants-c108/Boiron-b61/Clef-des-champs-b26/Meditrina-b68. Lang:fr
16:59:25 Listing url is not the same: /fr/Chandelles-c70/Clef-des-champs-b26/Le-Tournesol-ANB-b64/Natural-Factors-b71/subcat.Url vs /fr/Chandelles-c70/Clef-des-champs-b26/Le-Tournesol-ANB-b64/Natural-Factors-b71. Lang:fr
16:59:28 Listing url is not the same: /fr/Huiles-magiques-de-wicca-c65/Boiron-b61/Clef-des-champs-b26/Merveilles-d-Abeilles-b69/addressLink vs /fr/Huiles-magiques-de-wicca-c65/Boiron-b61/Clef-des-champs-b26/Merveilles-d-Abeilles-b69. Lang:fr
16:59:31 Listing url is not the same: /fr/Rhume-grippe-voie-respiratoire-c57/A-Vogel-b54/Clef-des-champs-b26/Druide-b63/Le-Tournesol-ANB-b64/Meditrina-b68/addressLink vs /fr/Rhume-grippe-voie-respiratoire-c57/A-Vogel-b54/Clef-des-champs-b26/Druide-b63/Le-Tournesol-ANB-b64/Meditrina-b68. Lang:fr
17:48:45 Listing url is not the same: /fr/Fatigue-c99/A-Vogel-b54/p.Url vs /fr/Fatigue-c99/A-Vogel-b54. Lang:fr
17:52:23 Listing url is not the same: /fr/Fatigue-c99/Clef-des-champs-b26/Le-Tournesol-ANB-b64/Meditrina-b68/b.Url vs /fr/Fatigue-c99/Clef-des-champs-b26/Le-Tournesol-ANB-b64/Meditrina-b68. Lang:fr
17:52:25 Listing url is not the same: /fr/Fatigue-c99/Clef-des-champs-b26/Le-Tournesol-ANB-b64/Meditrina-b68/promotion.Url vs /fr/Fatigue-c99/Clef-des-champs-b26/Le-Tournesol-ANB-b64/Meditrina-b68. Lang:fr
17:52:27 Listing url is not the same: /fr/Sante-des-femmes-c100/Boiron-b61/Clef-des-champs-b26/Druide-b63/promotion.Url vs /fr/Sante-des-femmes-c100/Boiron-b61/Clef-des-champs-b26/Druide-b63. Lang:fr
17:52:28 Listing url is not the same: /fr/Systeme-immunitaire-c93/Boiron-b61/Clef-des-champs-b26/Druide-b63/p.Url vs /fr/Systeme-immunitaire-c93/Boiron-b61/Clef-des-champs-b26/Druide-b63. Lang:fr
17:53:18 Listing url is not the same: /fr/Rhume-grippe-voie-respiratoire-c57/A-Vogel-b54/Clef-des-champs-b26/Druide-b63/Le-Tournesol-ANB-b64/Meditrina-b68/cat.Url vs /fr/Rhume-grippe-voie-respiratoire-c57/A-Vogel-b54/Clef-des-champs-b26/Druide-b63/Le-Tournesol-ANB-b64/Meditrina-b68. Lang:fr
18:50:13 Listing url is not the same: /fr/Detox-Digestion-c87/Le-Tournesol-ANB-b64/b.Url vs /fr/Detox-Digestion-c87/Le-Tournesol-ANB-b64. Lang:fr
18:52:27 Listing url is not the same: /fr/Fatigue-c99/Boiron-b61/Clef-des-champs-b26/Meditrina-b68/urlBilingual vs /fr/Fatigue-c99/Boiron-b61/Clef-des-champs-b26/Meditrina-b68. Lang:fr
18:53:59 Listing url is not the same: /fr/Inflammation-c98/Clef-des-champs-b26/Le-Tournesol-ANB-b64/Meditrina-b68/b.Url vs /fr/Inflammation-c98/Clef-des-champs-b26/Le-Tournesol-ANB-b64/Meditrina-b68. Lang:fr
18:54:54 Listing url is not the same: /fr/Detox-Digestion-c87/Clef-des-champs-b26/Meditrina-b68/Merveilles-d-Abeilles-b69/p.Url vs /fr/Detox-Digestion-c87/Clef-des-champs-b26/Meditrina-b68/Merveilles-d-Abeilles-b69. Lang:fr
18:56:59 Listing url is not the same: /fr/Inflammation-c98/Clef-des-champs-b26/Druide-b63/Le-Tournesol-ANB-b64/promotion.Url vs /fr/Inflammation-c98/Clef-des-champs-b26/Druide-b63/Le-Tournesol-ANB-b64. Lang:fr
18:57:06 Listing url is not the same: /fr/Inflammation-c98/Clef-des-champs-b26/Druide-b63/Meditrina-b68/promotion.Url vs /fr/Inflammation-c98/Clef-des-champs-b26/Druide-b63/Meditrina-b68. Lang:fr
18:58:08 Listing url is not the same: /fr/Detox-Digestion-c87/Anokian-b58/Clef-des-champs-b26/urlBilingual vs /fr/Detox-Digestion-c87/Anokian-b58/Clef-des-champs-b26. Lang:fr
18:58:20 Listing url is not the same: /fr/Detox-Digestion-c87/Le-Tournesol-ANB-b64/Meditrina-b68/p.Url vs /fr/Detox-Digestion-c87/Le-Tournesol-ANB-b64/Meditrina-b68. Lang:fr
18:58:25 Listing url is not the same: /fr/Nettoyage-c73/Le-Tournesol-ANB-b64/Meditrina-b68/Merveilles-d-Abeilles-b69/p.UrlBrand vs /fr/Nettoyage-c73/Le-Tournesol-ANB-b64/Meditrina-b68/Merveilles-d-Abeilles-b69. Lang:fr
18:58:30 Listing url is not the same: /fr/Sante-des-femmes-c100/Clef-des-champs-b26/Natural-Factors-b71/addressLink vs /fr/Sante-des-femmes-c100/Clef-des-champs-b26/Natural-Factors-b71. Lang:fr
18:58:31 Listing url is not the same: /fr/Systeme-immunitaire-c93/A-Vogel-b54/Boiron-b61/p.UrlBrand vs /fr/Systeme-immunitaire-c93/A-Vogel-b54/Boiron-b61. Lang:fr
19:49:15 Listing url is not the same: /fr/Inflammation-c98/Clef-des-champs-b26/Meditrina-b68/Merveilles-d-Abeilles-b69/cat.Url vs /fr/Inflammation-c98/Clef-des-champs-b26/Meditrina-b68/Merveilles-d-Abeilles-b69. Lang:fr
19:50:10 Listing url is not the same: /fr/Systeme-immunitaire-c93/Clef-des-champs-b26/Meditrina-b68/Merveilles-d-Abeilles-b69/addressLink vs /fr/Systeme-immunitaire-c93/Clef-des-champs-b26/Meditrina-b68/Merveilles-d-Abeilles-b69. Lang:fr
19:50:35 Listing url is not the same: /fr/Antioxydants-c62/A-Vogel-b54/Anokian-b58/b.Url vs /fr/Antioxydants-c62/A-Vogel-b54/Anokian-b58. Lang:fr
19:50:58 Listing url is not the same: /fr/Antioxydants-c62/Anokian-b58/Meditrina-b68/p.UrlBrand vs /fr/Antioxydants-c62/Anokian-b58/Meditrina-b68. Lang:fr
19:51:20 Listing url is not the same: /fr/Fatigue-c99/A-Vogel-b54/Druide-b63/subcat.Url vs /fr/Fatigue-c99/A-Vogel-b54/Druide-b63. Lang:fr
19:51:41 Listing url is not the same: /fr/Inflammation-c98/Clef-des-champs-b26/Druide-b63/Meditrina-b68/cat.Url vs /fr/Inflammation-c98/Clef-des-champs-b26/Druide-b63/Meditrina-b68. Lang:fr
19:52:02 Listing url is not the same: /fr/Cosmetique-parfum-et-deodorant-c60/Anokian-b58/Le-Tournesol-ANB-b64/addressLink vs /fr/Cosmetique-parfum-et-deodorant-c60/Anokian-b58/Le-Tournesol-ANB-b64. Lang:fr
19:52:21 Listing url is not the same: /fr/Cosmetique-parfum-et-deodorant-c60/Anokian-b58/Natural-Factors-b71/b.Url vs /fr/Cosmetique-parfum-et-deodorant-c60/Anokian-b58/Natural-Factors-b71. Lang:fr
19:52:59 Listing url is not the same: /fr/Inflammation-c98/Boiron-b61/Meditrina-b68/promotion.Url vs /fr/Inflammation-c98/Boiron-b61/Meditrina-b68. Lang:fr
19:53:47 Listing url is not the same: /fr/Sante-des-enfants-c108/Clef-des-champs-b26/Natural-Factors-b71/cat.Url vs /fr/Sante-des-enfants-c108/Clef-des-champs-b26/Natural-Factors-b71. Lang:fr
19:54:01 Listing url is not the same: /fr/Sante-des-femmes-c100/A-Vogel-b54/Anokian-b58/subcat.Url vs /fr/Sante-des-femmes-c100/A-Vogel-b54/Anokian-b58. Lang:fr
20:45:30 Listing url is not the same: /fr/Cosmetique-parfum-et-deodorant-c60/Anokian-b58/p.UrlBrand vs /fr/Cosmetique-parfum-et-deodorant-c60/Anokian-b58. Lang:fr
20:47:26 Listing url is not the same: /fr/Fatigue-c99/Meditrina-b68/promotion.Url vs /fr/Fatigue-c99/Meditrina-b68. Lang:fr
20:47:46 Listing url is not the same: /fr/Fatigue-c99/Natural-Factors-b71/urlBilingual vs /fr/Fatigue-c99/Natural-Factors-b71. Lang:fr
20:48:01 Listing url is not the same: /fr/Stress-c97/Le-Tournesol-ANB-b64/Meditrina-b68/p.UrlBrand vs /fr/Stress-c97/Le-Tournesol-ANB-b64/Meditrina-b68. Lang:fr
20:48:46 Listing url is not the same: /fr/Sante-des-enfants-c108/Clef-des-champs-b26/Druide-b63/promotion.Url vs /fr/Sante-des-enfants-c108/Clef-des-champs-b26/Druide-b63. Lang:fr
20:49:11 Listing url is not the same: /fr/Inflammation-c98/Clef-des-champs-b26/Le-Tournesol-ANB-b64/Meditrina-b68/subcat.Url vs /fr/Inflammation-c98/Clef-des-champs-b26/Le-Tournesol-ANB-b64/Meditrina-b68. Lang:fr
20:50:31 Listing url is not the same: /fr/Fatigue-c99/A-Vogel-b54/Druide-b63/p.UrlBrand vs /fr/Fatigue-c99/A-Vogel-b54/Druide-b63. Lang:fr
20:50:38 Listing url is not the same: /fr/Inflammation-c98/A-Vogel-b54/Druide-b63/promotion.Url vs /fr/Inflammation-c98/A-Vogel-b54/Druide-b63. Lang:fr
20:50:54 Listing url is not the same: /fr/Stress-c97/Boiron-b61/Le-Tournesol-ANB-b64/p.UrlBrand vs /fr/Stress-c97/Boiron-b61/Le-Tournesol-ANB-b64. Lang:fr
20:51:01 Listing url is not the same: /fr/Systeme-immunitaire-c93/Clef-des-champs-b26/Druide-b63/Meditrina-b68/subcat.Url vs /fr/Systeme-immunitaire-c93/Clef-des-champs-b26/Druide-b63/Meditrina-b68. Lang:fr
20:52:01 Listing url is not the same: /fr/Fatigue-c99/Clef-des-champs-b26/Merveilles-d-Abeilles-b69/cat.Url vs /fr/Fatigue-c99/Clef-des-champs-b26/Merveilles-d-Abeilles-b69. Lang:fr
20:52:22 Listing url is not the same: /fr/Rhume-grippe-voie-respiratoire-c57/A-Vogel-b54/Boiron-b61/Clef-des-champs-b26/Druide-b63/Meditrina-b68/p.Url vs /fr/Rhume-grippe-voie-respiratoire-c57/A-Vogel-b54/Boiron-b61/Clef-des-champs-b26/Druide-b63/Meditrina-b68. Lang:fr
20:52:26 Listing url is not the same: /fr/Sante-des-femmes-c100/A-Vogel-b54/Anokian-b58/addressLink vs /fr/Sante-des-femmes-c100/A-Vogel-b54/Anokian-b58. Lang:fr
20:52:30 Listing url is not the same: /fr/Sante-des-femmes-c100/A-Vogel-b54/Anokian-b58/promotion.Url vs /fr/Sante-des-femmes-c100/A-Vogel-b54/Anokian-b58. Lang:fr
20:53:36 Listing url is not the same: /fr/Systeme-immunitaire-c93/Le-Tournesol-ANB-b64/Natural-Factors-b71/cat.Url vs /fr/Systeme-immunitaire-c93/Le-Tournesol-ANB-b64/Natural-Factors-b71. Lang:fr
21:47:28 Listing url is not the same: /fr/Sante-des-enfants-c108/Clef-des-champs-b26/addressLink vs /fr/Sante-des-enfants-c108/Clef-des-champs-b26. Lang:fr
21:47:33 Listing url is not the same: /fr/Sante-des-enfants-c108/Clef-des-champs-b26/p.Url vs /fr/Sante-des-enfants-c108/Clef-des-champs-b26. Lang:fr
21:53:07 Listing url is not the same: /fr/Inflammation-c98/A-Vogel-b54/Clef-des-champs-b26/Druide-b63/p.Url vs /fr/Inflammation-c98/A-Vogel-b54/Clef-des-champs-b26/Druide-b63. Lang:fr
21:54:33 Listing url is not the same: /fr/Cosmetique-parfum-et-deodorant-c60/Anokian-b58/Meditrina-b68/cat.Url vs /fr/Cosmetique-parfum-et-deodorant-c60/Anokian-b58/Meditrina-b68. Lang:fr
21:54:39 Listing url is not the same: /fr/Detox-Digestion-c87/Clef-des-champs-b26/Le-Tournesol-ANB-b64/subcat.Url vs /fr/Detox-Digestion-c87/Clef-des-champs-b26/Le-Tournesol-ANB-b64. Lang:fr
21:54:44 Listing url is not the same: /fr/Fatigue-c99/Clef-des-champs-b26/Le-Tournesol-ANB-b64/Meditrina-b68/brand.Url vs /fr/Fatigue-c99/Clef-des-champs-b26/Le-Tournesol-ANB-b64/Meditrina-b68. Lang:fr
21:55:10 Listing url is not the same: /fr/Systeme-immunitaire-c93/A-Vogel-b54/Boiron-b61/Clef-des-champs-b26/addressLink vs /fr/Systeme-immunitaire-c93/A-Vogel-b54/Boiron-b61/Clef-des-champs-b26. Lang:fr
21:55:52 Listing url is not the same: /fr/Systeme-immunitaire-c93/Boiron-b61/Clef-des-champs-b26/Druide-b63/addressLink vs /fr/Systeme-immunitaire-c93/Boiron-b61/Clef-des-champs-b26/Druide-b63. Lang:fr
21:56:27 Listing url is not the same: /fr/Fatigue-c99/Clef-des-champs-b26/Meditrina-b68/Merveilles-d-Abeilles-b69/p.UrlBrand vs /fr/Fatigue-c99/Clef-des-champs-b26/Meditrina-b68/Merveilles-d-Abeilles-b69. Lang:fr
21:57:08 Listing url is not the same: /fr/Allergies-c55/Druide-b63/Le-Tournesol-ANB-b64/Natural-Factors-b71/promotion.Url vs /fr/Allergies-c55/Druide-b63/Le-Tournesol-ANB-b64/Natural-Factors-b71. Lang:fr
21:57:31 Listing url is not the same: /fr/Fatigue-c99/A-Vogel-b54/Boiron-b61/cat.Url vs /fr/Fatigue-c99/A-Vogel-b54/Boiron-b61. Lang:fr
21:57:41 Listing url is not the same: /fr/Fatigue-c99/A-Vogel-b54/Druide-b63/addressLink vs /fr/Fatigue-c99/A-Vogel-b54/Druide-b63. Lang:fr
21:57:49 Listing url is not the same: /fr/Sante-des-enfants-c108/A-Vogel-b54/Boiron-b61/Clef-des-champs-b26/p.Url vs /fr/Sante-des-enfants-c108/A-Vogel-b54/Boiron-b61/Clef-des-champs-b26. Lang:fr
21:57:58 Listing url is not the same: /fr/Stress-c97/A-Vogel-b54/Clef-des-champs-b26/Meditrina-b68/b.Url vs /fr/Stress-c97/A-Vogel-b54/Clef-des-champs-b26/Meditrina-b68. Lang:fr
21:58:04 Listing url is not the same: /fr/Antioxydants-c62/Anokian-b58/Clef-des-champs-b26/p.UrlBrand vs /fr/Antioxydants-c62/Anokian-b58/Clef-des-champs-b26. Lang:fr
21:58:09 Listing url is not the same: /fr/Cosmetique-parfum-et-deodorant-c60/Anokian-b58/Clef-des-champs-b26/promotion.Url vs /fr/Cosmetique-parfum-et-deodorant-c60/Anokian-b58/Clef-des-champs-b26. Lang:fr
21:58:19 Listing url is not the same: /fr/Sante-des-femmes-c100/Clef-des-champs-b26/Le-Tournesol-ANB-b64/promotion.Url vs /fr/Sante-des-femmes-c100/Clef-des-champs-b26/Le-Tournesol-ANB-b64. Lang:fr
21:58:31 Listing url is not the same: /fr/Systeme-immunitaire-c93/Clef-des-champs-b26/Le-Tournesol-ANB-b64/Natural-Factors-b71/cat.Url vs /fr/Systeme-immunitaire-c93/Clef-des-champs-b26/Le-Tournesol-ANB-b64/Natural-Factors-b71. Lang:fr
22:40:44 Listing url is not the same: /fr/Systeme-immunitaire-c93/p.UrlBrand vs /fr/Systeme-immunitaire-c93. Lang:fr
22:50:25 Listing url is not the same: /fr/Sante-des-enfants-c108/Boiron-b61/p.Url vs /fr/Sante-des-enfants-c108/Boiron-b61. Lang:fr
22:51:17 Listing url is not the same: /fr/Cosmetique-parfum-et-deodorant-c60/Anokian-b58/Meditrina-b68/promotion.Url vs /fr/Cosmetique-parfum-et-deodorant-c60/Anokian-b58/Meditrina-b68. Lang:fr
22:52:47 Listing url is not the same: /fr/Inflammation-c98/Clef-des-champs-b26/Meditrina-b68/Merveilles-d-Abeilles-b69/p.UrlBrand vs /fr/Inflammation-c98/Clef-des-champs-b26/Meditrina-b68/Merveilles-d-Abeilles-b69. Lang:fr
22:53:24 Listing url is not the same: /fr/Allergies-c55/A-Vogel-b54/Anokian-b58/addressLink vs /fr/Allergies-c55/A-Vogel-b54/Anokian-b58. Lang:fr
22:53:41 Listing url is not the same: /fr/Antioxydants-c62/Anokian-b58/Meditrina-b68/p.Url vs /fr/Antioxydants-c62/Anokian-b58/Meditrina-b68. Lang:fr
22:53:57 Listing url is not the same: /fr/Chandelles-c70/A-Vogel-b54/Meditrina-b68/Natural-Factors-b71/cat.Url vs /fr/Chandelles-c70/A-Vogel-b54/Meditrina-b68/Natural-Factors-b71. Lang:fr
22:54:11 Listing url is not the same: /fr/Fatigue-c99/Clef-des-champs-b26/Druide-b63/Meditrina-b68/urlBilingual vs /fr/Fatigue-c99/Clef-des-champs-b26/Druide-b63/Meditrina-b68. Lang:fr
22:54:58 Listing url is not the same: /fr/Concentration-memoire-migraine-c56/Druide-b63/Merveilles-d-Abeilles-b69/Natural-Factors-b71/addressLink vs /fr/Concentration-memoire-migraine-c56/Druide-b63/Merveilles-d-Abeilles-b69/Natural-Factors-b71. Lang:fr
22:56:55 Listing url is not the same: /fr/Sante-des-femmes-c100/Clef-des-champs-b26/Natural-Factors-b71/p.Url vs /fr/Sante-des-femmes-c100/Clef-des-champs-b26/Natural-Factors-b71. Lang:fr
23:37:38 Listing url is not the same: /fr/Sante-des-femmes-c100/subcat.Url vs /fr/Sante-des-femmes-c100. Lang:fr
23:44:26 Listing url is not the same: /fr/Cosmetique-parfum-et-deodorant-c60/Anokian-b58/cat.Url vs /fr/Cosmetique-parfum-et-deodorant-c60/Anokian-b58. Lang:fr
23:44:57 Listing url is not the same: /fr/Fatigue-c99/Clef-des-champs-b26/Meditrina-b68/p.Url vs /fr/Fatigue-c99/Clef-des-champs-b26/Meditrina-b68. Lang:fr
23:46:42 Listing url is not the same: /fr/Detox-Digestion-c87/Druide-b63/cat.Url vs /fr/Detox-Digestion-c87/Druide-b63. Lang:fr
23:47:10 Listing url is not the same: /fr/Sante-des-enfants-c108/Boiron-b61/brand.Url vs /fr/Sante-des-enfants-c108/Boiron-b61. Lang:fr
23:48:04 Listing url is not the same: /fr/Fatigue-c99/Boiron-b61/Clef-des-champs-b26/Druide-b63/addressLink vs /fr/Fatigue-c99/Boiron-b61/Clef-des-champs-b26/Druide-b63. Lang:fr
23:50:03 Listing url is not the same: /fr/Stress-c97/Le-Tournesol-ANB-b64/Meditrina-b68/urlBilingual vs /fr/Stress-c97/Le-Tournesol-ANB-b64/Meditrina-b68. Lang:fr
23:50:23 Listing url is not the same: /fr/Fatigue-c99/A-Vogel-b54/Boiron-b61/Clef-des-champs-b26/urlBilingual vs /fr/Fatigue-c99/A-Vogel-b54/Boiron-b61/Clef-des-champs-b26. Lang:fr
23:51:02 Listing url is not the same: /fr/Concentration-memoire-migraine-c56/A-Vogel-b54/Meditrina-b68/Merveilles-d-Abeilles-b69/urlBilingual vs /fr/Concentration-memoire-migraine-c56/A-Vogel-b54/Meditrina-b68/Merveilles-d-Abeilles-b69. Lang:fr
23:51:36 Listing url is not the same: /fr/Concentration-memoire-migraine-c56/Clef-des-champs-b26/Druide-b63/Le-Tournesol-ANB-b64/Merveilles-d-Abeilles-b69/promotion.Url vs /fr/Concentration-memoire-migraine-c56/Clef-des-champs-b26/Druide-b63/Le-Tournesol-ANB-b64/Merveilles-d-Abeilles-b69. Lang:fr
23:52:06 Listing url is not the same: /fr/Sante-des-enfants-c108/Clef-des-champs-b26/Le-Tournesol-ANB-b64/Natural-Factors-b71/b.Url vs /fr/Sante-des-enfants-c108/Clef-des-champs-b26/Le-Tournesol-ANB-b64/Natural-Factors-b71. Lang:fr
23:52:20 Listing url is not the same: /fr/Systeme-immunitaire-c93/Le-Tournesol-ANB-b64/Natural-Factors-b71/b.Url vs /fr/Systeme-immunitaire-c93/Le-Tournesol-ANB-b64/Natural-Factors-b71. Lang:fr
