00:51:07 Listing url is not the same: /fr/Inflammation-c98/Clef-des-champs-b26/Numi-tea-b124/p.UrlBrand vs /fr/Inflammation-c98/Clef-des-champs-b26/Numi-tea-b124. Lang:fr
01:43:03 Listing url is not the same: /fr/Antioxydants-c62/A-Vogel-b54/Anokian-b58/Boiron-b61/Clef-des-champs-b26/b.Url vs /fr/Antioxydants-c62/A-Vogel-b54/Anokian-b58/Boiron-b61/Clef-des-champs-b26. Lang:fr
01:43:05 Listing url is not the same: /fr/Rhume-grippe-voie-respiratoire-c57/Clef-des-champs-b26/Healthology-b116/b.Url vs /fr/Rhume-grippe-voie-respiratoire-c57/Clef-des-champs-b26/Healthology-b116. Lang:fr
01:44:07 Listing url is not the same: /fr/Homeopathie-c12/Boiron-b61/Flora-b123/urlBilingual vs /fr/Homeopathie-c12/Boiron-b61/Flora-b123. Lang:fr
01:44:10 Listing url is not the same: /fr/Sante-des-enfants-c108/A-Vogel-b54/Le-Tournesol-ANB-b64/New-roots-b74/promotion.Url vs /fr/Sante-des-enfants-c108/A-Vogel-b54/Le-Tournesol-ANB-b64/New-roots-b74. Lang:fr
01:44:12 Listing url is not the same: /fr/Stress-c97/Clef-des-champs-b26/Numi-tea-b124/urlBilingual vs /fr/Stress-c97/Clef-des-champs-b26/Numi-tea-b124. Lang:fr
01:44:13 Listing url is not the same: /fr/Systeme-immunitaire-c93/Anokian-b58/Natural-Factors-b71/New-roots-b74/cat.Url vs /fr/Systeme-immunitaire-c93/Anokian-b58/Natural-Factors-b71/New-roots-b74. Lang:fr
01:45:25 Listing url is not the same: /fr/Antioxydants-c62/A-Vogel-b54/Clef-des-champs-b26/Natural-Factors-b71/New-roots-b74/brand.Url vs /fr/Antioxydants-c62/A-Vogel-b54/Clef-des-champs-b26/Natural-Factors-b71/New-roots-b74. Lang:fr
02:51:09 Listing url is not the same: /fr/Fatigue-c99/A-Vogel-b54/Boiron-b61/Clef-des-champs-b26/Nature-Clean-b72/brand.Url vs /fr/Fatigue-c99/A-Vogel-b54/Boiron-b61/Clef-des-champs-b26/Nature-Clean-b72. Lang:fr
02:52:28 Listing url is not the same: /fr/Inflammation-c98/A-Vogel-b54/Merveilles-d-Abeilles-b69/Natural-Factors-b71/p.UrlBrand vs /fr/Inflammation-c98/A-Vogel-b54/Merveilles-d-Abeilles-b69/Natural-Factors-b71. Lang:fr
02:52:35 Listing url is not the same: /fr/Rhume-grippe-voie-respiratoire-c57/Clef-des-champs-b26/Le-Tournesol-ANB-b64/New-roots-b74/b.Url vs /fr/Rhume-grippe-voie-respiratoire-c57/Clef-des-champs-b26/Le-Tournesol-ANB-b64/New-roots-b74. Lang:fr
02:52:47 Listing url is not the same: /fr/Systeme-immunitaire-c93/Anokian-b58/Natural-Factors-b71/New-roots-b74/p.Url vs /fr/Systeme-immunitaire-c93/Anokian-b58/Natural-Factors-b71/New-roots-b74. Lang:fr
02:52:49 Listing url is not the same: /fr/Systeme-immunitaire-c93/Boiron-b61/Clef-des-champs-b26/Druide-b63/Natural-Factors-b71/p.UrlBrand vs /fr/Systeme-immunitaire-c93/Boiron-b61/Clef-des-champs-b26/Druide-b63/Natural-Factors-b71. Lang:fr
03:51:31 Listing url is not the same: /fr/Coeur-et-sante-generale-c106/Clef-des-champs-b26/Druide-b63/Natural-Factors-b71/New-roots-b74/promotion.Url vs /fr/Coeur-et-sante-generale-c106/Clef-des-champs-b26/Druide-b63/Natural-Factors-b71/New-roots-b74. Lang:fr
03:51:33 Listing url is not the same: /fr/Cosmetique-parfum-et-deodorant-c60/Clef-des-champs-b26/Druide-b63/Natural-Factors-b71/New-roots-b74/subcat.Url vs /fr/Cosmetique-parfum-et-deodorant-c60/Clef-des-champs-b26/Druide-b63/Natural-Factors-b71/New-roots-b74. Lang:fr
03:51:36 Listing url is not the same: /fr/Detox-Digestion-c87/Clef-des-champs-b26/Druide-b63/Natural-Factors-b71/New-roots-b74/urlBilingual vs /fr/Detox-Digestion-c87/Clef-des-champs-b26/Druide-b63/Natural-Factors-b71/New-roots-b74. Lang:fr
03:53:01 Listing url is not the same: /fr/Allergies-c55/A-Vogel-b54/Clef-des-champs-b26/Natural-Factors-b71/New-roots-b74/p.UrlBrand vs /fr/Allergies-c55/A-Vogel-b54/Clef-des-champs-b26/Natural-Factors-b71/New-roots-b74. Lang:fr
03:53:30 Listing url is not the same: /fr/Detox-Digestion-c87/A-Vogel-b54/Bach-b137/Druide-b63/subcat.Url vs /fr/Detox-Digestion-c87/A-Vogel-b54/Bach-b137/Druide-b63. Lang:fr
03:53:57 Listing url is not the same: /fr/Homeopathie-c12/Clef-des-champs-b26/Druide-b63/Meditrina-b68/New-roots-b74/promotion.Url vs /fr/Homeopathie-c12/Clef-des-champs-b26/Druide-b63/Meditrina-b68/New-roots-b74. Lang:fr
03:55:16 Listing url is not the same: /fr/Sante-des-femmes-c100/A-Vogel-b54/Anokian-b58/Boiron-b61/Clef-des-champs-b26/promotion.Url vs /fr/Sante-des-femmes-c100/A-Vogel-b54/Anokian-b58/Boiron-b61/Clef-des-champs-b26. Lang:fr
03:55:39 Listing url is not the same: /fr/Stress-c97/A-Vogel-b54/Clef-des-champs-b26/Flora-b123/p.UrlBrand vs /fr/Stress-c97/A-Vogel-b54/Clef-des-champs-b26/Flora-b123. Lang:fr
05:46:17 Listing url is not the same: /fr/Stress-c97/Clef-des-champs-b26/Druide-b63/Meditrina-b68/New-roots-b74/p.Url vs /fr/Stress-c97/Clef-des-champs-b26/Druide-b63/Meditrina-b68/New-roots-b74. Lang:fr
05:47:03 Listing url is not the same: /fr/Coeur-et-sante-generale-c106/A-Vogel-b54/Merveilles-d-Abeilles-b69/Natural-Factors-b71/cat.Url vs /fr/Coeur-et-sante-generale-c106/A-Vogel-b54/Merveilles-d-Abeilles-b69/Natural-Factors-b71. Lang:fr
06:50:35 Listing url is not the same: /fr/Systeme-immunitaire-c93/Merveilles-d-Abeilles-b69/New-roots-b74/subcat.Url vs /fr/Systeme-immunitaire-c93/Merveilles-d-Abeilles-b69/New-roots-b74. Lang:fr
06:51:34 Listing url is not the same: /fr/Sommeil-c88/Boiron-b61/Natural-Factors-b71/Nature-Clean-b72/p.UrlBrand vs /fr/Sommeil-c88/Boiron-b61/Natural-Factors-b71/Nature-Clean-b72. Lang:fr
06:52:52 Listing url is not the same: /fr/Concentration-memoire-migraine-c56/Boiron-b61/Natural-Factors-b71/Nature-Clean-b72/addressLink vs /fr/Concentration-memoire-migraine-c56/Boiron-b61/Natural-Factors-b71/Nature-Clean-b72. Lang:fr
06:52:56 Listing url is not the same: /fr/Cosmetique-parfum-et-deodorant-c60/Bach-b137/Druide-b63/urlBilingual vs /fr/Cosmetique-parfum-et-deodorant-c60/Bach-b137/Druide-b63. Lang:fr
07:48:41 Listing url is not the same: /fr/Sante-des-enfants-c108/Clef-des-champs-b26/Numi-tea-b124/brand.Url vs /fr/Sante-des-enfants-c108/Clef-des-champs-b26/Numi-tea-b124. Lang:fr
07:50:25 Listing url is not the same: /fr/Antioxydants-c62/Clef-des-champs-b26/Leo-Desilet-b66/promotion.Url vs /fr/Antioxydants-c62/Clef-des-champs-b26/Leo-Desilet-b66. Lang:fr
07:50:40 Listing url is not the same: /fr/Detox-Digestion-c87/Clef-des-champs-b26/Healthology-b116/p.Url vs /fr/Detox-Digestion-c87/Clef-des-champs-b26/Healthology-b116. Lang:fr
07:50:54 Listing url is not the same: /fr/Inflammation-c98/Clef-des-champs-b26/Le-Tournesol-ANB-b64/New-roots-b74/subcat.Url vs /fr/Inflammation-c98/Clef-des-champs-b26/Le-Tournesol-ANB-b64/New-roots-b74. Lang:fr
07:51:03 Listing url is not the same: /fr/Sante-des-femmes-c100/Natural-Factors-b71/Salus-b126/b.Url vs /fr/Sante-des-femmes-c100/Natural-Factors-b71/Salus-b126. Lang:fr
08:45:29 Listing url is not the same: /fr/Stress-c97/Druide-b63/Natural-Factors-b71/New-roots-b74/brand.Url vs /fr/Stress-c97/Druide-b63/Natural-Factors-b71/New-roots-b74. Lang:fr
08:47:58 Listing url is not the same: /fr/Rhume-grippe-voie-respiratoire-c57/Clef-des-champs-b26/Healthology-b116/p.UrlBrand vs /fr/Rhume-grippe-voie-respiratoire-c57/Clef-des-champs-b26/Healthology-b116. Lang:fr
08:48:24 Listing url is not the same: /fr/Systeme-immunitaire-c93/Boiron-b61/Natural-Factors-b71/Nature-Clean-b72/promotion.Url vs /fr/Systeme-immunitaire-c93/Boiron-b61/Natural-Factors-b71/Nature-Clean-b72. Lang:fr
08:48:35 Listing url is not the same: /fr/Antioxydants-c62/A-Vogel-b54/Nature-Clean-b72/New-roots-b74/brand.Url vs /fr/Antioxydants-c62/A-Vogel-b54/Nature-Clean-b72/New-roots-b74. Lang:fr
09:45:17 Listing url is not the same: /fr/Allergies-c55/Druide-b63/Natural-Factors-b71/New-roots-b74/addressLink vs /fr/Allergies-c55/Druide-b63/Natural-Factors-b71/New-roots-b74. Lang:fr
09:45:36 Listing url is not the same: /fr/Allergies-c55/Druide-b63/Natural-Factors-b71/New-roots-b74/subcat.Url vs /fr/Allergies-c55/Druide-b63/Natural-Factors-b71/New-roots-b74. Lang:fr
09:46:25 Listing url is not the same: /fr/Systeme-immunitaire-c93/Anokian-b58/Natural-Factors-b71/New-roots-b74/brand.Url vs /fr/Systeme-immunitaire-c93/Anokian-b58/Natural-Factors-b71/New-roots-b74. Lang:fr
09:46:54 Listing url is not the same: /fr/Fatigue-c99/Bach-b137/Clef-des-champs-b26/New-roots-b74/addressLink vs /fr/Fatigue-c99/Bach-b137/Clef-des-champs-b26/New-roots-b74. Lang:fr
10:45:47 Listing url is not the same: /fr/Detox-Digestion-c87/Medelys-b128/brand.Url vs /fr/Detox-Digestion-c87/Medelys-b128. Lang:fr
10:46:35 Listing url is not the same: /fr/Rhume-grippe-voie-respiratoire-c57/Anokian-b58/Boiron-b61/Clef-des-champs-b26/urlBilingual vs /fr/Rhume-grippe-voie-respiratoire-c57/Anokian-b58/Boiron-b61/Clef-des-champs-b26. Lang:fr
10:46:40 Listing url is not the same: /fr/Systeme-immunitaire-c93/Clef-des-champs-b26/Numi-tea-b124/cat.Url vs /fr/Systeme-immunitaire-c93/Clef-des-champs-b26/Numi-tea-b124. Lang:fr
10:48:03 Listing url is not the same: /fr/Cosmetique-parfum-et-deodorant-c60/Clef-des-champs-b26/Druide-b63/Merveilles-d-Abeilles-b69/Nature-Clean-b72/cat.Url vs /fr/Cosmetique-parfum-et-deodorant-c60/Clef-des-champs-b26/Druide-b63/Merveilles-d-Abeilles-b69/Nature-Clean-b72. Lang:fr
10:48:04 Listing url is not the same: /fr/Inflammation-c98/A-Vogel-b54/Boiron-b61/Clef-des-champs-b26/Nature-Clean-b72/brand.Url vs /fr/Inflammation-c98/A-Vogel-b54/Boiron-b61/Clef-des-champs-b26/Nature-Clean-b72. Lang:fr
10:48:07 Listing url is not the same: /fr/Sommeil-c88/A-Vogel-b54/Clef-des-champs-b26/Leo-Desilet-b66/urlBilingual vs /fr/Sommeil-c88/A-Vogel-b54/Clef-des-champs-b26/Leo-Desilet-b66. Lang:fr
10:48:21 Listing url is not the same: /fr/Systeme-immunitaire-c93/Boiron-b61/Clef-des-champs-b26/Druide-b63/Natural-Factors-b71/cat.Url vs /fr/Systeme-immunitaire-c93/Boiron-b61/Clef-des-champs-b26/Druide-b63/Natural-Factors-b71. Lang:fr
10:50:51 Listing url is not the same: /fr/Sante-des-enfants-c108/Boiron-b61/Clef-des-champs-b26/Meditrina-b68/Natural-Factors-b71/Nature-Clean-b72/promotion.Url vs /fr/Sante-des-enfants-c108/Boiron-b61/Clef-des-champs-b26/Meditrina-b68/Natural-Factors-b71/Nature-Clean-b72. Lang:fr
10:50:57 Listing url is not the same: /fr/Sommeil-c88/Boiron-b61/Clef-des-champs-b26/Leo-Desilet-b66/brand.Url vs /fr/Sommeil-c88/Boiron-b61/Clef-des-champs-b26/Leo-Desilet-b66. Lang:fr
10:51:02 Listing url is not the same: /fr/Systeme-immunitaire-c93/Clef-des-champs-b26/Druide-b63/Meditrina-b68/New-roots-b74/promotion.Url vs /fr/Systeme-immunitaire-c93/Clef-des-champs-b26/Druide-b63/Meditrina-b68/New-roots-b74. Lang:fr
11:51:10 Listing url is not the same: /fr/Coeur-et-sante-generale-c106/A-Vogel-b54/Merveilles-d-Abeilles-b69/Natural-Factors-b71/addressLink vs /fr/Coeur-et-sante-generale-c106/A-Vogel-b54/Merveilles-d-Abeilles-b69/Natural-Factors-b71. Lang:fr
11:51:27 Listing url is not the same: /fr/Sante-des-femmes-c100/Natural-Factors-b71/Salus-b126/subcat.Url vs /fr/Sante-des-femmes-c100/Natural-Factors-b71/Salus-b126. Lang:fr
11:53:17 Listing url is not the same: /fr/Fatigue-c99/A-Vogel-b54/Anokian-b58/Boiron-b61/Clef-des-champs-b26/b.Url vs /fr/Fatigue-c99/A-Vogel-b54/Anokian-b58/Boiron-b61/Clef-des-champs-b26. Lang:fr
11:53:18 Listing url is not the same: /fr/Homeopathie-c12/A-Vogel-b54/Clef-des-champs-b26/Flora-b123/brand.Url vs /fr/Homeopathie-c12/A-Vogel-b54/Clef-des-champs-b26/Flora-b123. Lang:fr
11:53:20 Listing url is not the same: /fr/Sante-des-enfants-c108/A-Vogel-b54/Meditrina-b68/Merveilles-d-Abeilles-b69/Natural-Factors-b71/b.Url vs /fr/Sante-des-enfants-c108/A-Vogel-b54/Meditrina-b68/Merveilles-d-Abeilles-b69/Natural-Factors-b71. Lang:fr
11:53:22 Listing url is not the same: /fr/Stress-c97/Boiron-b61/Druide-b63/Natural-Factors-b71/New-roots-b74/urlBilingual vs /fr/Stress-c97/Boiron-b61/Druide-b63/Natural-Factors-b71/New-roots-b74. Lang:fr
11:53:25 Listing url is not the same: /fr/Systeme-immunitaire-c93/Druide-b63/Le-Tournesol-ANB-b64/Meditrina-b68/Natural-Factors-b71/urlBilingual vs /fr/Systeme-immunitaire-c93/Druide-b63/Le-Tournesol-ANB-b64/Meditrina-b68/Natural-Factors-b71. Lang:fr
12:48:09 Listing url is not the same: /fr/Sommeil-c88/Boiron-b61/Natural-Factors-b71/Nature-Clean-b72/addressLink vs /fr/Sommeil-c88/Boiron-b61/Natural-Factors-b71/Nature-Clean-b72. Lang:fr
12:50:40 Listing url is not the same: /fr/Concentration-memoire-migraine-c56/A-Vogel-b54/Nature-Clean-b72/New-roots-b74/urlBilingual vs /fr/Concentration-memoire-migraine-c56/A-Vogel-b54/Nature-Clean-b72/New-roots-b74. Lang:fr
12:52:36 Listing url is not the same: /fr/Concentration-memoire-migraine-c56/Clef-des-champs-b26/Numi-tea-b124/p.UrlBrand vs /fr/Concentration-memoire-migraine-c56/Clef-des-champs-b26/Numi-tea-b124. Lang:fr
12:52:38 Listing url is not the same: /fr/Sante-des-femmes-c100/A-Vogel-b54/Anokian-b58/Boiron-b61/Clef-des-champs-b26/p.UrlBrand vs /fr/Sante-des-femmes-c100/A-Vogel-b54/Anokian-b58/Boiron-b61/Clef-des-champs-b26. Lang:fr
12:52:42 Listing url is not the same: /fr/Stress-c97/A-Vogel-b54/Clef-des-champs-b26/Flora-b123/brand.Url vs /fr/Stress-c97/A-Vogel-b54/Clef-des-champs-b26/Flora-b123. Lang:fr
13:41:21 Listing url is not the same: /fr/Homeopathie-c12/Boiron-b61/Natural-Factors-b71/Nature-Clean-b72/brand.Url vs /fr/Homeopathie-c12/Boiron-b61/Natural-Factors-b71/Nature-Clean-b72. Lang:fr
13:42:20 Listing url is not the same: /fr/Sommeil-c88/A-Vogel-b54/Anokian-b58/Boiron-b61/Clef-des-champs-b26/brand.Url vs /fr/Sommeil-c88/A-Vogel-b54/Anokian-b58/Boiron-b61/Clef-des-champs-b26. Lang:fr
13:43:43 Listing url is not the same: /fr/Allergies-c55/Clef-des-champs-b26/Druide-b63/Natural-Factors-b71/New-roots-b74/urlBilingual vs /fr/Allergies-c55/Clef-des-champs-b26/Druide-b63/Natural-Factors-b71/New-roots-b74. Lang:fr
13:43:46 Listing url is not the same: /fr/Coeur-et-sante-generale-c106/Clef-des-champs-b26/Druide-b63/Natural-Factors-b71/New-roots-b74/p.Url vs /fr/Coeur-et-sante-generale-c106/Clef-des-champs-b26/Druide-b63/Natural-Factors-b71/New-roots-b74. Lang:fr
13:43:48 Listing url is not the same: /fr/Homeopathie-c12/A-Vogel-b54/Merveilles-d-Abeilles-b69/Natural-Factors-b71/p.UrlBrand vs /fr/Homeopathie-c12/A-Vogel-b54/Merveilles-d-Abeilles-b69/Natural-Factors-b71. Lang:fr
13:43:49 Listing url is not the same: /fr/Huiles-magiques-de-wicca-c65/Boiron-b61/Le-Tournesol-ANB-b64/Natural-Factors-b71/Nature-Clean-b72/brand.Url vs /fr/Huiles-magiques-de-wicca-c65/Boiron-b61/Le-Tournesol-ANB-b64/Natural-Factors-b71/Nature-Clean-b72. Lang:fr
14:48:11 Listing url is not the same: /fr/Inflammation-c98/Clef-des-champs-b26/Numi-tea-b124/p.Url vs /fr/Inflammation-c98/Clef-des-champs-b26/Numi-tea-b124. Lang:fr
18:47:34 Listing url is not the same: /fr/Stress-c97/Clef-des-champs-b26/Druide-b63/Meditrina-b68/New-roots-b74/b.Url vs /fr/Stress-c97/Clef-des-champs-b26/Druide-b63/Meditrina-b68/New-roots-b74. Lang:fr
19:44:09 Listing url is not the same: /fr/Coeur-et-sante-generale-c106/Clef-des-champs-b26/Druide-b63/Natural-Factors-b71/New-roots-b74/brand.Url vs /fr/Coeur-et-sante-generale-c106/Clef-des-champs-b26/Druide-b63/Natural-Factors-b71/New-roots-b74. Lang:fr
19:44:12 Listing url is not the same: /fr/Sante-des-femmes-c100/Natural-Factors-b71/Salus-b126/cat.Url vs /fr/Sante-des-femmes-c100/Natural-Factors-b71/Salus-b126. Lang:fr
20:35:44 Listing url is not the same: /fr/Systeme-immunitaire-c93/Clef-des-champs-b26/Numi-tea-b124/brand.Url vs /fr/Systeme-immunitaire-c93/Clef-des-champs-b26/Numi-tea-b124. Lang:fr
20:37:58 Listing url is not the same: /fr/Allergies-c55/A-Vogel-b54/Boiron-b61/Clef-des-champs-b26/Nature-Clean-b72/p.UrlBrand vs /fr/Allergies-c55/A-Vogel-b54/Boiron-b61/Clef-des-champs-b26/Nature-Clean-b72. Lang:fr
20:38:02 Listing url is not the same: /fr/Detox-Digestion-c87/A-Vogel-b54/Le-Tournesol-ANB-b64/New-roots-b74/subcat.Url vs /fr/Detox-Digestion-c87/A-Vogel-b54/Le-Tournesol-ANB-b64/New-roots-b74. Lang:fr
20:38:03 Listing url is not the same: /fr/Inflammation-c98/Clef-des-champs-b26/Le-Tournesol-ANB-b64/New-roots-b74/cat.Url vs /fr/Inflammation-c98/Clef-des-champs-b26/Le-Tournesol-ANB-b64/New-roots-b74. Lang:fr
20:38:04 Listing url is not the same: /fr/Sante-des-enfants-c108/Boiron-b61/Flora-b123/subcat.Url vs /fr/Sante-des-enfants-c108/Boiron-b61/Flora-b123. Lang:fr
20:38:06 Listing url is not the same: /fr/Sommeil-c88/Clef-des-champs-b26/Le-Tournesol-ANB-b64/New-roots-b74/cat.Url vs /fr/Sommeil-c88/Clef-des-champs-b26/Le-Tournesol-ANB-b64/New-roots-b74. Lang:fr
20:38:07 Listing url is not the same: /fr/Stress-c97/A-Vogel-b54/Boiron-b61/Clef-des-champs-b26/Nature-Clean-b72/promotion.Url vs /fr/Stress-c97/A-Vogel-b54/Boiron-b61/Clef-des-champs-b26/Nature-Clean-b72. Lang:fr
20:42:08 Listing url is not the same: /fr/Rhume-grippe-voie-respiratoire-c57/A-Vogel-b54/Anokian-b58/Boiron-b61/Clef-des-champs-b26/urlBilingual vs /fr/Rhume-grippe-voie-respiratoire-c57/A-Vogel-b54/Anokian-b58/Boiron-b61/Clef-des-champs-b26. Lang:fr
20:42:10 Listing url is not the same: /fr/Sommeil-c88/A-Vogel-b54/Druide-b63/Flora-b123/addressLink vs /fr/Sommeil-c88/A-Vogel-b54/Druide-b63/Flora-b123. Lang:fr
20:42:11 Listing url is not the same: /fr/Sommeil-c88/A-Vogel-b54/Druide-b63/Flora-b123/p.Url vs /fr/Sommeil-c88/A-Vogel-b54/Druide-b63/Flora-b123. Lang:fr
21:32:31 Listing url is not the same: /fr/Coeur-et-sante-generale-c106/Anokian-b58/Clef-des-champs-b26/Natural-Factors-b71/promotion.Url vs /fr/Coeur-et-sante-generale-c106/Anokian-b58/Clef-des-champs-b26/Natural-Factors-b71. Lang:fr
21:34:59 Listing url is not the same: /fr/Homeopathie-c12/Boiron-b61/Flora-b123/promotion.Url vs /fr/Homeopathie-c12/Boiron-b61/Flora-b123. Lang:fr
21:35:01 Listing url is not the same: /fr/Inflammation-c98/A-Vogel-b54/Merveilles-d-Abeilles-b69/Natural-Factors-b71/brand.Url vs /fr/Inflammation-c98/A-Vogel-b54/Merveilles-d-Abeilles-b69/Natural-Factors-b71. Lang:fr
21:35:03 Listing url is not the same: /fr/Sante-des-femmes-c100/A-Vogel-b54/Clef-des-champs-b26/Druide-b63/Merveilles-d-Abeilles-b69/Natural-Factors-b71/cat.Url vs /fr/Sante-des-femmes-c100/A-Vogel-b54/Clef-des-champs-b26/Druide-b63/Merveilles-d-Abeilles-b69/Natural-Factors-b71. Lang:fr
21:35:05 Listing url is not the same: /fr/Sommeil-c88/A-Vogel-b54/Clef-des-champs-b26/Leo-Desilet-b66/promotion.Url vs /fr/Sommeil-c88/A-Vogel-b54/Clef-des-champs-b26/Leo-Desilet-b66. Lang:fr
21:35:06 Listing url is not the same: /fr/Stress-c97/Boiron-b61/Flora-b123/p.UrlBrand vs /fr/Stress-c97/Boiron-b61/Flora-b123. Lang:fr
21:35:10 Listing url is not the same: /fr/Systeme-immunitaire-c93/Clef-des-champs-b26/Druide-b63/Natural-Factors-b71/New-roots-b74/p.Url vs /fr/Systeme-immunitaire-c93/Clef-des-champs-b26/Druide-b63/Natural-Factors-b71/New-roots-b74. Lang:fr
21:37:54 Listing url is not the same: /fr/Homeopathie-c12/Clef-des-champs-b26/Druide-b63/Meditrina-b68/New-roots-b74/cat.Url vs /fr/Homeopathie-c12/Clef-des-champs-b26/Druide-b63/Meditrina-b68/New-roots-b74. Lang:fr
21:37:55 Listing url is not the same: /fr/Sante-des-enfants-c108/Boiron-b61/Clef-des-champs-b26/Meditrina-b68/Natural-Factors-b71/Nature-Clean-b72/cat.Url vs /fr/Sante-des-enfants-c108/Boiron-b61/Clef-des-champs-b26/Meditrina-b68/Natural-Factors-b71/Nature-Clean-b72. Lang:fr
22:32:14 Listing url is not the same: /fr/Cosmetique-parfum-et-deodorant-c60/Clef-des-champs-b26/Druide-b63/Natural-Factors-b71/New-roots-b74/urlBilingual vs /fr/Cosmetique-parfum-et-deodorant-c60/Clef-des-champs-b26/Druide-b63/Natural-Factors-b71/New-roots-b74. Lang:fr
22:32:25 Listing url is not the same: /fr/Inflammation-c98/A-Vogel-b54/Merveilles-d-Abeilles-b69/Natural-Factors-b71/addressLink vs /fr/Inflammation-c98/A-Vogel-b54/Merveilles-d-Abeilles-b69/Natural-Factors-b71. Lang:fr
23:25:41 Listing url is not the same: /fr/Inflammation-c98/Flora-b123/urlBilingual vs /fr/Inflammation-c98/Flora-b123. Lang:fr
23:29:50 Listing url is not the same: /fr/Detox-Digestion-c87/Clef-des-champs-b26/Druide-b63/Natural-Factors-b71/New-roots-b74/addressLink vs /fr/Detox-Digestion-c87/Clef-des-champs-b26/Druide-b63/Natural-Factors-b71/New-roots-b74. Lang:fr
23:29:52 Listing url is not the same: /fr/Inflammation-c98/Clef-des-champs-b26/Druide-b63/Natural-Factors-b71/New-roots-b74/addressLink vs /fr/Inflammation-c98/Clef-des-champs-b26/Druide-b63/Natural-Factors-b71/New-roots-b74. Lang:fr
23:29:58 Listing url is not the same: /fr/Sante-des-femmes-c100/Natural-Factors-b71/Salus-b126/p.UrlBrand vs /fr/Sante-des-femmes-c100/Natural-Factors-b71/Salus-b126. Lang:fr
23:31:47 Listing url is not the same: /fr/Homeopathie-c12/Clef-des-champs-b26/Druide-b63/Natural-Factors-b71/New-roots-b74/subcat.Url vs /fr/Homeopathie-c12/Clef-des-champs-b26/Druide-b63/Natural-Factors-b71/New-roots-b74. Lang:fr
