00:58:32 Listing url is not the same: /fr/Sante-des-enfants-c108/Bach-b137/Clef-des-champs-b26/New-roots-b74/addressLink vs /fr/Sante-des-enfants-c108/Bach-b137/Clef-des-champs-b26/New-roots-b74. Lang:fr
00:58:57 Listing url is not the same: /fr/Antioxydants-c62/A-Vogel-b54/Bach-b137/Boiron-b61/Clef-des-champs-b26/p.Url vs /fr/Antioxydants-c62/A-Vogel-b54/Bach-b137/Boiron-b61/Clef-des-champs-b26. Lang:fr
05:34:46 Listing url is not the same: /fr/Nouveautes/Listing.aspx vs /fr/Nouveautes. Lang:fr
15:06:14 Listing url is not the same: /fr/Allergies-c55/Anokian-b58/Natural-Factors-b71/New-roots-b74/b.Url vs /fr/Allergies-c55/Anokian-b58/Natural-Factors-b71/New-roots-b74. Lang:fr
15:55:08 Listing url is not the same: /fr/Sante-des-femmes-c100/Boiron-b61/Druide-b63/Meditrina-b68/Natural-Factors-b71/p.UrlBrand vs /fr/Sante-des-femmes-c100/Boiron-b61/Druide-b63/Meditrina-b68/Natural-Factors-b71. Lang:fr
17:41:38 Listing url is not the same: /fr/Stress-c97/Kyolic-b115/urlBilingual vs /fr/Stress-c97/Kyolic-b115. Lang:fr
21:12:08 Listing url is not the same: /fr/Rhume-grippe-voie-respiratoire-c57/Clef-des-champs-b26/Numi-tea-b124/addressLink vs /fr/Rhume-grippe-voie-respiratoire-c57/Clef-des-champs-b26/Numi-tea-b124. Lang:fr
21:16:55 Listing url is not the same: /fr/Cosmetique-parfum-et-deodorant-c60/Anokian-b58/Natural-Factors-b71/New-roots-b74/addressLink vs /fr/Cosmetique-parfum-et-deodorant-c60/Anokian-b58/Natural-Factors-b71/New-roots-b74. Lang:fr
21:17:22 Listing url is not the same: /fr/Detox-Digestion-c87/Bach-b137/Clef-des-champs-b26/New-roots-b74/subcat.Url vs /fr/Detox-Digestion-c87/Bach-b137/Clef-des-champs-b26/New-roots-b74. Lang:fr
21:17:51 Listing url is not the same: /fr/Detox-Digestion-c87/Medelys-b128/Natural-Factors-b71/brand.Url vs /fr/Detox-Digestion-c87/Medelys-b128/Natural-Factors-b71. Lang:fr
21:18:15 Listing url is not the same: /fr/Inflammation-c98/Clef-des-champs-b26/Kyolic-b115/promotion.Url vs /fr/Inflammation-c98/Clef-des-champs-b26/Kyolic-b115. Lang:fr
22:00:01 Listing url is not the same: /fr/Rhume-grippe-voie-respiratoire-c57/A-Vogel-b54/Bach-b137/Boiron-b61/Clef-des-champs-b26/subcat.Url vs /fr/Rhume-grippe-voie-respiratoire-c57/A-Vogel-b54/Bach-b137/Boiron-b61/Clef-des-champs-b26. Lang:fr
22:00:20 Listing url is not the same: /fr/Sante-des-enfants-c108/Leo-Desilet-b66/Natural-Factors-b71/subcat.Url vs /fr/Sante-des-enfants-c108/Leo-Desilet-b66/Natural-Factors-b71. Lang:fr
22:03:57 Listing url is not the same: /fr/Allergies-c55/Boiron-b61/Clef-des-champs-b26/Leo-Desilet-b66/addressLink vs /fr/Allergies-c55/Boiron-b61/Clef-des-champs-b26/Leo-Desilet-b66. Lang:fr
22:04:11 Listing url is not the same: /fr/Concentration-memoire-migraine-c56/A-Vogel-b54/Le-Tournesol-ANB-b64/New-roots-b74/p.Url vs /fr/Concentration-memoire-migraine-c56/A-Vogel-b54/Le-Tournesol-ANB-b64/New-roots-b74. Lang:fr
22:04:24 Listing url is not the same: /fr/Inflammation-c98/A-Vogel-b54/Clef-des-champs-b26/Leo-Desilet-b66/urlBilingual vs /fr/Inflammation-c98/A-Vogel-b54/Clef-des-champs-b26/Leo-Desilet-b66. Lang:fr
22:04:38 Listing url is not the same: /fr/Inflammation-c98/A-Vogel-b54/Le-Tournesol-ANB-b64/New-roots-b74/p.UrlBrand vs /fr/Inflammation-c98/A-Vogel-b54/Le-Tournesol-ANB-b64/New-roots-b74. Lang:fr
22:05:42 Listing url is not the same: /fr/Stress-c97/Anokian-b58/New-roots-b74/addressLink vs /fr/Stress-c97/Anokian-b58/New-roots-b74. Lang:fr
22:06:11 Listing url is not the same: /fr/Systeme-immunitaire-c93/A-Vogel-b54/Clef-des-champs-b26/Leo-Desilet-b66/subcat.Url vs /fr/Systeme-immunitaire-c93/A-Vogel-b54/Clef-des-champs-b26/Leo-Desilet-b66. Lang:fr
22:06:41 Listing url is not the same: /fr/Systeme-immunitaire-c93/Boiron-b61/Leo-Desilet-b66/brand.Url vs /fr/Systeme-immunitaire-c93/Boiron-b61/Leo-Desilet-b66. Lang:fr
22:07:09 Listing url is not the same: /fr/Systeme-immunitaire-c93/Clef-des-champs-b26/Merveilles-d-Abeilles-b69/Natural-Factors-b71/New-roots-b74/brand.Url vs /fr/Systeme-immunitaire-c93/Clef-des-champs-b26/Merveilles-d-Abeilles-b69/Natural-Factors-b71/New-roots-b74. Lang:fr
22:09:55 Listing url is not the same: /fr/Antioxydants-c62/Clef-des-champs-b26/Merveilles-d-Abeilles-b69/Natural-Factors-b71/New-roots-b74/urlBilingual vs /fr/Antioxydants-c62/Clef-des-champs-b26/Merveilles-d-Abeilles-b69/Natural-Factors-b71/New-roots-b74. Lang:fr
22:10:20 Listing url is not the same: /fr/Coeur-et-sante-generale-c106/Clef-des-champs-b26/Meditrina-b68/Merveilles-d-Abeilles-b69/Natural-Factors-b71/Nature-Clean-b72/promotion.Url vs /fr/Coeur-et-sante-generale-c106/Clef-des-champs-b26/Meditrina-b68/Merveilles-d-Abeilles-b69/Natural-Factors-b71/Nature-Clean-b72. Lang:fr
22:10:45 Listing url is not the same: /fr/Cosmetique-parfum-et-deodorant-c60/A-Vogel-b54/Bach-b137/Clef-des-champs-b26/Druide-b63/b.Url vs /fr/Cosmetique-parfum-et-deodorant-c60/A-Vogel-b54/Bach-b137/Clef-des-champs-b26/Druide-b63. Lang:fr
22:11:09 Listing url is not the same: /fr/Sante-des-enfants-c108/Clef-des-champs-b26/Druide-b63/Nature-Clean-b72/New-roots-b74/p.Url vs /fr/Sante-des-enfants-c108/Clef-des-champs-b26/Druide-b63/Nature-Clean-b72/New-roots-b74. Lang:fr
22:11:32 Listing url is not the same: /fr/Sommeil-c88/A-Vogel-b54/Clef-des-champs-b26/Merveilles-d-Abeilles-b69/New-roots-b74/subcat.Url vs /fr/Sommeil-c88/A-Vogel-b54/Clef-des-champs-b26/Merveilles-d-Abeilles-b69/New-roots-b74. Lang:fr
22:11:53 Listing url is not the same: /fr/Systeme-immunitaire-c93/A-Vogel-b54/Druide-b63/Meditrina-b68/New-roots-b74/urlBilingual vs /fr/Systeme-immunitaire-c93/A-Vogel-b54/Druide-b63/Meditrina-b68/New-roots-b74. Lang:fr
22:46:47 Listing url is not the same: /fr/Concentration-memoire-migraine-c56/Clef-des-champs-b26/Druide-b63/Meditrina-b68/New-roots-b74/urlBilingual vs /fr/Concentration-memoire-migraine-c56/Clef-des-champs-b26/Druide-b63/Meditrina-b68/New-roots-b74. Lang:fr
22:49:13 Listing url is not the same: /fr/Antioxydants-c62/A-Vogel-b54/Bach-b137/Boiron-b61/Clef-des-champs-b26/b.Url vs /fr/Antioxydants-c62/A-Vogel-b54/Bach-b137/Boiron-b61/Clef-des-champs-b26. Lang:fr
22:50:01 Listing url is not the same: /fr/Systeme-immunitaire-c93/A-Vogel-b54/Clef-des-champs-b26/Nature-Clean-b72/New-roots-b74/urlBilingual vs /fr/Systeme-immunitaire-c93/A-Vogel-b54/Clef-des-champs-b26/Nature-Clean-b72/New-roots-b74. Lang:fr
22:53:09 Listing url is not the same: /fr/Antioxydants-c62/Boiron-b61/Clef-des-champs-b26/Leo-Desilet-b66/promotion.Url vs /fr/Antioxydants-c62/Boiron-b61/Clef-des-champs-b26/Leo-Desilet-b66. Lang:fr
22:54:07 Listing url is not the same: /fr/Sante-des-femmes-c100/Druide-b63/Salus-b126/b.Url vs /fr/Sante-des-femmes-c100/Druide-b63/Salus-b126. Lang:fr
23:35:23 Listing url is not the same: /fr/Homeopathie-c12/A-Vogel-b54/Clef-des-champs-b26/Meditrina-b68/New-roots-b74/p.UrlBrand vs /fr/Homeopathie-c12/A-Vogel-b54/Clef-des-champs-b26/Meditrina-b68/New-roots-b74. Lang:fr
23:35:48 Listing url is not the same: /fr/Rhume-grippe-voie-respiratoire-c57/A-Vogel-b54/Clef-des-champs-b26/Meditrina-b68/New-roots-b74/subcat.Url vs /fr/Rhume-grippe-voie-respiratoire-c57/A-Vogel-b54/Clef-des-champs-b26/Meditrina-b68/New-roots-b74. Lang:fr
23:36:08 Listing url is not the same: /fr/Sante-des-femmes-c100/A-Vogel-b54/Boiron-b61/Clef-des-champs-b26/Nature-Clean-b72/cat.Url vs /fr/Sante-des-femmes-c100/A-Vogel-b54/Boiron-b61/Clef-des-champs-b26/Nature-Clean-b72. Lang:fr
23:40:05 Listing url is not the same: /fr/Antioxydants-c62/A-Vogel-b54/Clef-des-champs-b26/Natural-Factors-b71/New-roots-b74/b.Url vs /fr/Antioxydants-c62/A-Vogel-b54/Clef-des-champs-b26/Natural-Factors-b71/New-roots-b74. Lang:fr
23:40:31 Listing url is not the same: /fr/Homeopathie-c12/Clef-des-champs-b26/Meditrina-b68/Natural-Factors-b71/New-roots-b74/cat.Url vs /fr/Homeopathie-c12/Clef-des-champs-b26/Meditrina-b68/Natural-Factors-b71/New-roots-b74. Lang:fr
23:40:52 Listing url is not the same: /fr/Sante-des-enfants-c108/A-Vogel-b54/Clef-des-champs-b26/Druide-b63/Natural-Factors-b71/Nature-Clean-b72/addressLink vs /fr/Sante-des-enfants-c108/A-Vogel-b54/Clef-des-champs-b26/Druide-b63/Natural-Factors-b71/Nature-Clean-b72. Lang:fr
23:41:12 Listing url is not the same: /fr/Systeme-immunitaire-c93/A-Vogel-b54/Boiron-b61/Natural-Factors-b71/New-roots-b74/urlBilingual vs /fr/Systeme-immunitaire-c93/A-Vogel-b54/Boiron-b61/Natural-Factors-b71/New-roots-b74. Lang:fr
