00:09:09 Listing url is not the same: /fr/Allergies-c55/A-Vogel-b54/Medelys-b128/addressLink vs /fr/Allergies-c55/A-Vogel-b54/Medelys-b128. Lang:fr
00:09:10 Listing url is not the same: /fr/Allergies-c55/A-Vogel-b54/Natural-Factors-b71/New-roots-b74/urlBilingual vs /fr/Allergies-c55/A-Vogel-b54/Natural-Factors-b71/New-roots-b74. Lang:fr
00:10:05 Listing url is not the same: /fr/A-Vogel-b54/Clef-des-champs-b26/Druide-b63/Merveilles-d-Abeilles-b69/Natural-Factors-b71/New-roots-b74/p.Url vs /fr/A-Vogel-b54/Clef-des-champs-b26/Druide-b63/Merveilles-d-Abeilles-b69/Natural-Factors-b71/New-roots-b74. Lang:fr
00:10:21 Listing url is not the same: /fr/Concentration-memoire-migraine-c56/A-Vogel-b54/Natural-Factors-b71/New-roots-b74/brand.Url vs /fr/Concentration-memoire-migraine-c56/A-Vogel-b54/Natural-Factors-b71/New-roots-b74. Lang:fr
00:10:24 Listing url is not the same: /fr/Homeopathie-c12/A-Vogel-b54/Boiron-b61/Natural-Factors-b71/brand.Url vs /fr/Homeopathie-c12/A-Vogel-b54/Boiron-b61/Natural-Factors-b71. Lang:fr
00:10:33 Listing url is not the same: /fr/Stress-c97/Clef-des-champs-b26/Druide-b63/Natural-Factors-b71/New-roots-b74/cat.Url vs /fr/Stress-c97/Clef-des-champs-b26/Druide-b63/Natural-Factors-b71/New-roots-b74. Lang:fr
00:11:27 Listing url is not the same: /fr/Homeopathie-c12/A-Vogel-b54/Boiron-b61/Clef-des-champs-b26/Druide-b63/Nature-Clean-b72/subcat.Url vs /fr/Homeopathie-c12/A-Vogel-b54/Boiron-b61/Clef-des-champs-b26/Druide-b63/Nature-Clean-b72. Lang:fr
00:11:29 Listing url is not the same: /fr/Inflammation-c98/Clef-des-champs-b26/Leo-Desilet-b66/p.Url vs /fr/Inflammation-c98/Clef-des-champs-b26/Leo-Desilet-b66. Lang:fr
00:11:29 Listing url is not the same: /fr/Inflammation-c98/Merveilles-d-Abeilles-b69/Natural-Factors-b71/Nature-Clean-b72/cat.Url vs /fr/Inflammation-c98/Merveilles-d-Abeilles-b69/Natural-Factors-b71/Nature-Clean-b72. Lang:fr
00:11:31 Listing url is not the same: /fr/Sante-des-enfants-c108/Clef-des-champs-b26/Le-Tournesol-ANB-b64/Merveilles-d-Abeilles-b69/Natural-Factors-b71/promotion.Url vs /fr/Sante-des-enfants-c108/Clef-des-champs-b26/Le-Tournesol-ANB-b64/Merveilles-d-Abeilles-b69/Natural-Factors-b71. Lang:fr
00:11:32 Listing url is not the same: /fr/Sommeil-c88/Clef-des-champs-b26/Merveilles-d-Abeilles-b69/Natural-Factors-b71/Nature-Clean-b72/brand.Url vs /fr/Sommeil-c88/Clef-des-champs-b26/Merveilles-d-Abeilles-b69/Natural-Factors-b71/Nature-Clean-b72. Lang:fr
00:11:34 Listing url is not the same: /fr/Systeme-immunitaire-c93/Clef-des-champs-b26/Le-Tournesol-ANB-b64/Merveilles-d-Abeilles-b69/Nature-Clean-b72/urlBilingual vs /fr/Systeme-immunitaire-c93/Clef-des-champs-b26/Le-Tournesol-ANB-b64/Merveilles-d-Abeilles-b69/Nature-Clean-b72. Lang:fr
00:11:35 Listing url is not the same: /fr/Systeme-immunitaire-c93/Numi-tea-b124/brand.Url vs /fr/Systeme-immunitaire-c93/Numi-tea-b124. Lang:fr
00:12:39 Listing url is not the same: /fr/A-Vogel-b54/Clef-des-champs-b26/Le-Tournesol-ANB-b64/Merveilles-d-Abeilles-b69/Natural-Factors-b71/Nature-Clean-b72/New-roots-b74/promotion.Url vs /fr/A-Vogel-b54/Clef-des-champs-b26/Le-Tournesol-ANB-b64/Merveilles-d-Abeilles-b69/Natural-Factors-b71/Nature-Clean-b72/New-roots-b74. Lang:fr
00:12:40 Listing url is not the same: /fr/Allergies-c55/A-Vogel-b54/Bach-b137/Druide-b63/b.Url vs /fr/Allergies-c55/A-Vogel-b54/Bach-b137/Druide-b63. Lang:fr
00:12:45 Listing url is not the same: /fr/Allergies-c55/Boiron-b61/Clef-des-champs-b26/Flora-b123/p.Url vs /fr/Allergies-c55/Boiron-b61/Clef-des-champs-b26/Flora-b123. Lang:fr
00:12:46 Listing url is not the same: /fr/Allergies-c55/Boiron-b61/Clef-des-champs-b26/Flora-b123/urlBilingual vs /fr/Allergies-c55/Boiron-b61/Clef-des-champs-b26/Flora-b123. Lang:fr
00:12:50 Listing url is not the same: /fr/Concentration-memoire-migraine-c56/A-Vogel-b54/Clef-des-champs-b26/Druide-b63/New-roots-b74/subcat.Url vs /fr/Concentration-memoire-migraine-c56/A-Vogel-b54/Clef-des-champs-b26/Druide-b63/New-roots-b74. Lang:fr
00:12:54 Listing url is not the same: /fr/Inflammation-c98/Clef-des-champs-b26/Meditrina-b68/Natural-Factors-b71/New-roots-b74/subcat.Url vs /fr/Inflammation-c98/Clef-des-champs-b26/Meditrina-b68/Natural-Factors-b71/New-roots-b74. Lang:fr
00:12:59 Listing url is not the same: /fr/Sante-des-femmes-c100/Anokian-b58/Boiron-b61/Clef-des-champs-b26/brand.Url vs /fr/Sante-des-femmes-c100/Anokian-b58/Boiron-b61/Clef-des-champs-b26. Lang:fr
00:13:02 Listing url is not the same: /fr/Sommeil-c88/Clef-des-champs-b26/Natural-Factors-b71/Nature-Clean-b72/New-roots-b74/subcat.Url vs /fr/Sommeil-c88/Clef-des-champs-b26/Natural-Factors-b71/Nature-Clean-b72/New-roots-b74. Lang:fr
00:13:08 Listing url is not the same: /fr/Stress-c97/Clef-des-champs-b26/Le-Tournesol-ANB-b64/Merveilles-d-Abeilles-b69/Nature-Clean-b72/urlBilingual vs /fr/Stress-c97/Clef-des-champs-b26/Le-Tournesol-ANB-b64/Merveilles-d-Abeilles-b69/Nature-Clean-b72. Lang:fr
00:13:12 Listing url is not the same: /fr/Stress-c97/Druide-b63/Meditrina-b68/New-roots-b74/p.Url vs /fr/Stress-c97/Druide-b63/Meditrina-b68/New-roots-b74. Lang:fr
00:15:55 Listing url is not the same: /fr/Antioxydants-c62/Clef-des-champs-b26/Numi-tea-b124/urlBilingual vs /fr/Antioxydants-c62/Clef-des-champs-b26/Numi-tea-b124. Lang:fr
00:15:58 Listing url is not the same: /fr/Concentration-memoire-migraine-c56/Anokian-b58/Merveilles-d-Abeilles-b69/Natural-Factors-b71/cat.Url vs /fr/Concentration-memoire-migraine-c56/Anokian-b58/Merveilles-d-Abeilles-b69/Natural-Factors-b71. Lang:fr
00:16:00 Listing url is not the same: /fr/Concentration-memoire-migraine-c56/Clef-des-champs-b26/Le-Tournesol-ANB-b64/Medelys-b128/subcat.Url vs /fr/Concentration-memoire-migraine-c56/Clef-des-champs-b26/Le-Tournesol-ANB-b64/Medelys-b128. Lang:fr
00:16:01 Listing url is not the same: /fr/Cosmetique-parfum-et-deodorant-c60/Druide-b63/Nature-Clean-b72/New-roots-b74/b.Url vs /fr/Cosmetique-parfum-et-deodorant-c60/Druide-b63/Nature-Clean-b72/New-roots-b74. Lang:fr
00:16:02 Listing url is not the same: /fr/Fatigue-c99/A-Vogel-b54/Boiron-b61/Clef-des-champs-b26/Flora-b123/promotion.Url vs /fr/Fatigue-c99/A-Vogel-b54/Boiron-b61/Clef-des-champs-b26/Flora-b123. Lang:fr
00:16:06 Listing url is not the same: /fr/Inflammation-c98/Clef-des-champs-b26/Healthology-b116/b.Url vs /fr/Inflammation-c98/Clef-des-champs-b26/Healthology-b116. Lang:fr
00:16:10 Listing url is not the same: /fr/Rhume-grippe-voie-respiratoire-c57/A-Vogel-b54/Natural-Factors-b71/New-roots-b74/addressLink vs /fr/Rhume-grippe-voie-respiratoire-c57/A-Vogel-b54/Natural-Factors-b71/New-roots-b74. Lang:fr
00:16:11 Listing url is not the same: /fr/Rhume-grippe-voie-respiratoire-c57/A-Vogel-b54/Natural-Factors-b71/New-roots-b74/b.Url vs /fr/Rhume-grippe-voie-respiratoire-c57/A-Vogel-b54/Natural-Factors-b71/New-roots-b74. Lang:fr
00:16:12 Listing url is not the same: /fr/Rhume-grippe-voie-respiratoire-c57/Clef-des-champs-b26/Le-Tournesol-ANB-b64/Medelys-b128/p.Url vs /fr/Rhume-grippe-voie-respiratoire-c57/Clef-des-champs-b26/Le-Tournesol-ANB-b64/Medelys-b128. Lang:fr
00:16:32 Listing url is not the same: /fr/Sante-des-enfants-c108/Anokian-b58/New-roots-b74/brand.Url vs /fr/Sante-des-enfants-c108/Anokian-b58/New-roots-b74. Lang:fr
00:16:45 Listing url is not the same: /fr/Sante-des-enfants-c108/Clef-des-champs-b26/Le-Tournesol-ANB-b64/Medelys-b128/p.Url vs /fr/Sante-des-enfants-c108/Clef-des-champs-b26/Le-Tournesol-ANB-b64/Medelys-b128. Lang:fr
00:17:07 Listing url is not the same: /fr/Sante-des-femmes-c100/Merveilles-d-Abeilles-b69/New-roots-b74/addressLink vs /fr/Sante-des-femmes-c100/Merveilles-d-Abeilles-b69/New-roots-b74. Lang:fr
00:17:16 Listing url is not the same: /fr/Sommeil-c88/A-Vogel-b54/Boiron-b61/Clef-des-champs-b26/Nature-Clean-b72/cat.Url vs /fr/Sommeil-c88/A-Vogel-b54/Boiron-b61/Clef-des-champs-b26/Nature-Clean-b72. Lang:fr
00:17:24 Listing url is not the same: /fr/Sommeil-c88/Anokian-b58/Merveilles-d-Abeilles-b69/Natural-Factors-b71/p.UrlBrand vs /fr/Sommeil-c88/Anokian-b58/Merveilles-d-Abeilles-b69/Natural-Factors-b71. Lang:fr
00:17:44 Listing url is not the same: /fr/soin-du-corps-c86/Clef-des-champs-b26/Le-Tournesol-ANB-b64/New-roots-b74/p.UrlBrand vs /fr/soin-du-corps-c86/Clef-des-champs-b26/Le-Tournesol-ANB-b64/New-roots-b74. Lang:fr
01:06:35 Listing url is not the same: /fr/Systeme-immunitaire-c93/Clef-des-champs-b26/Le-Tournesol-ANB-b64/New-roots-b74/b.Url vs /fr/Systeme-immunitaire-c93/Clef-des-champs-b26/Le-Tournesol-ANB-b64/New-roots-b74. Lang:fr
01:08:23 Listing url is not the same: /fr/Allergies-c55/Boiron-b61/Clef-des-champs-b26/New-roots-b74/addressLink vs /fr/Allergies-c55/Boiron-b61/Clef-des-champs-b26/New-roots-b74. Lang:fr
01:08:28 Listing url is not the same: /fr/Homeopathie-c12/A-Vogel-b54/Medelys-b128/brand.Url vs /fr/Homeopathie-c12/A-Vogel-b54/Medelys-b128. Lang:fr
01:08:30 Listing url is not the same: /fr/Sante-des-enfants-c108/Boiron-b61/Druide-b63/Merveilles-d-Abeilles-b69/addressLink vs /fr/Sante-des-enfants-c108/Boiron-b61/Druide-b63/Merveilles-d-Abeilles-b69. Lang:fr
01:09:44 Listing url is not the same: /fr/Fatigue-c99/Anokian-b58/Le-Tournesol-ANB-b64/Natural-Factors-b71/p.Url vs /fr/Fatigue-c99/Anokian-b58/Le-Tournesol-ANB-b64/Natural-Factors-b71. Lang:fr
01:09:48 Listing url is not the same: /fr/Inflammation-c98/Boiron-b61/Clef-des-champs-b26/Meditrina-b68/New-roots-b74/brand.Url vs /fr/Inflammation-c98/Boiron-b61/Clef-des-champs-b26/Meditrina-b68/New-roots-b74. Lang:fr
01:09:49 Listing url is not the same: /fr/Sante-des-femmes-c100/A-Vogel-b54/Boiron-b61/Le-Tournesol-ANB-b64/b.Url vs /fr/Sante-des-femmes-c100/A-Vogel-b54/Boiron-b61/Le-Tournesol-ANB-b64. Lang:fr
01:09:50 Listing url is not the same: /fr/Stress-c97/A-Vogel-b54/Boiron-b61/Druide-b63/Natural-Factors-b71/brand.Url vs /fr/Stress-c97/A-Vogel-b54/Boiron-b61/Druide-b63/Natural-Factors-b71. Lang:fr
01:09:51 Listing url is not the same: /fr/Stress-c97/Clef-des-champs-b26/Le-Tournesol-ANB-b64/New-roots-b74/subcat.Url vs /fr/Stress-c97/Clef-des-champs-b26/Le-Tournesol-ANB-b64/New-roots-b74. Lang:fr
01:09:52 Listing url is not the same: /fr/Stress-c97/Druide-b63/Meditrina-b68/New-roots-b74/urlBilingual vs /fr/Stress-c97/Druide-b63/Meditrina-b68/New-roots-b74. Lang:fr
01:09:54 Listing url is not the same: /fr/Systeme-immunitaire-c93/A-Vogel-b54/Druide-b63/Flora-b123/subcat.Url vs /fr/Systeme-immunitaire-c93/A-Vogel-b54/Druide-b63/Flora-b123. Lang:fr
01:12:35 Listing url is not the same: /fr/Allergies-c55/A-Vogel-b54/Boiron-b61/Clef-des-champs-b26/Flora-b123/subcat.Url vs /fr/Allergies-c55/A-Vogel-b54/Boiron-b61/Clef-des-champs-b26/Flora-b123. Lang:fr
01:12:39 Listing url is not the same: /fr/Cosmetique-parfum-et-deodorant-c60/Druide-b63/Natural-Factors-b71/New-roots-b74/brand.Url vs /fr/Cosmetique-parfum-et-deodorant-c60/Druide-b63/Natural-Factors-b71/New-roots-b74. Lang:fr
01:12:41 Listing url is not the same: /fr/Detox-Digestion-c87/Clef-des-champs-b26/Healthology-b116/p.UrlBrand vs /fr/Detox-Digestion-c87/Clef-des-champs-b26/Healthology-b116. Lang:fr
01:12:46 Listing url is not the same: /fr/Inflammation-c98/Druide-b63/New-roots-b74/brand.Url vs /fr/Inflammation-c98/Druide-b63/New-roots-b74. Lang:fr
01:12:47 Listing url is not the same: /fr/Sante-des-enfants-c108/Bach-b137/Druide-b63/b.Url vs /fr/Sante-des-enfants-c108/Bach-b137/Druide-b63. Lang:fr
01:12:48 Listing url is not the same: /fr/Sante-des-enfants-c108/Druide-b63/Flora-b123/addressLink vs /fr/Sante-des-enfants-c108/Druide-b63/Flora-b123. Lang:fr
01:12:54 Listing url is not the same: /fr/Sommeil-c88/A-Vogel-b54/Clef-des-champs-b26/Druide-b63/Nature-Clean-b72/New-roots-b74/cat.Url vs /fr/Sommeil-c88/A-Vogel-b54/Clef-des-champs-b26/Druide-b63/Nature-Clean-b72/New-roots-b74. Lang:fr
01:12:56 Listing url is not the same: /fr/Sommeil-c88/A-Vogel-b54/Clef-des-champs-b26/Druide-b63/Nature-Clean-b72/New-roots-b74/p.Url vs /fr/Sommeil-c88/A-Vogel-b54/Clef-des-champs-b26/Druide-b63/Nature-Clean-b72/New-roots-b74. Lang:fr
01:15:30 Listing url is not the same: /fr/Coeur-et-sante-generale-c106/Clef-des-champs-b26/Meditrina-b68/Nature-Clean-b72/New-roots-b74/subcat.Url vs /fr/Coeur-et-sante-generale-c106/Clef-des-champs-b26/Meditrina-b68/Nature-Clean-b72/New-roots-b74. Lang:fr
01:15:37 Listing url is not the same: /fr/Huiles-magiques-de-wicca-c65/Clef-des-champs-b26/Le-Tournesol-ANB-b64/Merveilles-d-Abeilles-b69/New-roots-b74/b.Url vs /fr/Huiles-magiques-de-wicca-c65/Clef-des-champs-b26/Le-Tournesol-ANB-b64/Merveilles-d-Abeilles-b69/New-roots-b74. Lang:fr
01:15:39 Listing url is not the same: /fr/Sante-des-enfants-c108/Boiron-b61/Meditrina-b68/Natural-Factors-b71/New-roots-b74/promotion.Url vs /fr/Sante-des-enfants-c108/Boiron-b61/Meditrina-b68/Natural-Factors-b71/New-roots-b74. Lang:fr
01:15:41 Listing url is not the same: /fr/Sante-des-enfants-c108/Clef-des-champs-b26/Organic-traditions-b127/urlBilingual vs /fr/Sante-des-enfants-c108/Clef-des-champs-b26/Organic-traditions-b127. Lang:fr
01:15:46 Listing url is not the same: /fr/Sante-des-femmes-c100/Druide-b63/Medelys-b128/Meditrina-b68/addressLink vs /fr/Sante-des-femmes-c100/Druide-b63/Medelys-b128/Meditrina-b68. Lang:fr
01:15:48 Listing url is not the same: /fr/Sommeil-c88/A-Vogel-b54/Medelys-b128/Meditrina-b68/urlBilingual vs /fr/Sommeil-c88/A-Vogel-b54/Medelys-b128/Meditrina-b68. Lang:fr
01:15:50 Listing url is not the same: /fr/Stress-c97/Anokian-b58/Natural-Factors-b71/New-roots-b74/b.Url vs /fr/Stress-c97/Anokian-b58/Natural-Factors-b71/New-roots-b74. Lang:fr
02:03:19 Listing url is not the same: /fr/Coeur-et-sante-generale-c106/Boiron-b61/New-roots-b74/cat.Url vs /fr/Coeur-et-sante-generale-c106/Boiron-b61/New-roots-b74. Lang:fr
02:04:22 Listing url is not the same: /fr/Antioxydants-c62/Boiron-b61/Natural-Factors-b71/New-roots-b74/cat.Url vs /fr/Antioxydants-c62/Boiron-b61/Natural-Factors-b71/New-roots-b74. Lang:fr
02:05:51 Listing url is not the same: /fr/Allergies-c55/Boiron-b61/Clef-des-champs-b26/New-roots-b74/promotion.Url vs /fr/Allergies-c55/Boiron-b61/Clef-des-champs-b26/New-roots-b74. Lang:fr
02:05:56 Listing url is not the same: /fr/Antioxydants-c62/Boiron-b61/Natural-Factors-b71/New-roots-b74/brand.Url vs /fr/Antioxydants-c62/Boiron-b61/Natural-Factors-b71/New-roots-b74. Lang:fr
02:05:59 Listing url is not the same: /fr/Detox-Digestion-c87/Clef-des-champs-b26/Medelys-b128/addressLink vs /fr/Detox-Digestion-c87/Clef-des-champs-b26/Medelys-b128. Lang:fr
02:05:59 Listing url is not the same: /fr/Detox-Digestion-c87/Clef-des-champs-b26/Medelys-b128/p.Url vs /fr/Detox-Digestion-c87/Clef-des-champs-b26/Medelys-b128. Lang:fr
02:06:05 Listing url is not the same: /fr/Sommeil-c88/Bach-b137/Merveilles-d-Abeilles-b69/urlBilingual vs /fr/Sommeil-c88/Bach-b137/Merveilles-d-Abeilles-b69. Lang:fr
02:06:07 Listing url is not the same: /fr/Tisane-c24/Boiron-b61/promotion.Url vs /fr/Tisane-c24/Boiron-b61. Lang:fr
02:08:35 Listing url is not the same: /fr/Allergies-c55/Boiron-b61/Clef-des-champs-b26/Natural-Factors-b71/New-roots-b74/cat.Url vs /fr/Allergies-c55/Boiron-b61/Clef-des-champs-b26/Natural-Factors-b71/New-roots-b74. Lang:fr
02:08:36 Listing url is not the same: /fr/Antioxydants-c62/A-Vogel-b54/Boiron-b61/New-roots-b74/brand.Url vs /fr/Antioxydants-c62/A-Vogel-b54/Boiron-b61/New-roots-b74. Lang:fr
02:08:39 Listing url is not the same: /fr/Detox-Digestion-c87/Anokian-b58/Druide-b63/Natural-Factors-b71/addressLink vs /fr/Detox-Digestion-c87/Anokian-b58/Druide-b63/Natural-Factors-b71. Lang:fr
02:08:39 Listing url is not the same: /fr/Detox-Digestion-c87/Boiron-b61/Druide-b63/Natural-Factors-b71/New-roots-b74/b.Url vs /fr/Detox-Digestion-c87/Boiron-b61/Druide-b63/Natural-Factors-b71/New-roots-b74. Lang:fr
02:08:40 Listing url is not the same: /fr/Detox-Digestion-c87/Boiron-b61/Druide-b63/Natural-Factors-b71/New-roots-b74/cat.Url vs /fr/Detox-Digestion-c87/Boiron-b61/Druide-b63/Natural-Factors-b71/New-roots-b74. Lang:fr
02:08:43 Listing url is not the same: /fr/Fatigue-c99/Flora-b123/Natural-Factors-b71/Nature-Clean-b72/cat.Url vs /fr/Fatigue-c99/Flora-b123/Natural-Factors-b71/Nature-Clean-b72. Lang:fr
02:08:43 Listing url is not the same: /fr/Fatigue-c99/Meditrina-b68/Merveilles-d-Abeilles-b69/Natural-Factors-b71/Nature-Clean-b72/p.Url vs /fr/Fatigue-c99/Meditrina-b68/Merveilles-d-Abeilles-b69/Natural-Factors-b71/Nature-Clean-b72. Lang:fr
02:08:46 Listing url is not the same: /fr/Inflammation-c98/A-Vogel-b54/Anokian-b58/Clef-des-champs-b26/Nature-Clean-b72/b.Url vs /fr/Inflammation-c98/A-Vogel-b54/Anokian-b58/Clef-des-champs-b26/Nature-Clean-b72. Lang:fr
02:08:49 Listing url is not the same: /fr/Inflammation-c98/Clef-des-champs-b26/Meditrina-b68/Natural-Factors-b71/New-roots-b74/promotion.Url vs /fr/Inflammation-c98/Clef-des-champs-b26/Meditrina-b68/Natural-Factors-b71/New-roots-b74. Lang:fr
02:08:50 Listing url is not the same: /fr/Rhume-grippe-voie-respiratoire-c57/A-Vogel-b54/Clef-des-champs-b26/Druide-b63/New-roots-b74/urlBilingual vs /fr/Rhume-grippe-voie-respiratoire-c57/A-Vogel-b54/Clef-des-champs-b26/Druide-b63/New-roots-b74. Lang:fr
02:08:51 Listing url is not the same: /fr/Sante-des-enfants-c108/A-Vogel-b54/Boiron-b61/Leo-Desilet-b66/subcat.Url vs /fr/Sante-des-enfants-c108/A-Vogel-b54/Boiron-b61/Leo-Desilet-b66. Lang:fr
02:08:54 Listing url is not the same: /fr/Sante-des-femmes-c100/Meditrina-b68/Merveilles-d-Abeilles-b69/Natural-Factors-b71/Nature-Clean-b72/cat.Url vs /fr/Sante-des-femmes-c100/Meditrina-b68/Merveilles-d-Abeilles-b69/Natural-Factors-b71/Nature-Clean-b72. Lang:fr
02:08:55 Listing url is not the same: /fr/Sommeil-c88/Boiron-b61/Clef-des-champs-b26/Druide-b63/Natural-Factors-b71/brand.Url vs /fr/Sommeil-c88/Boiron-b61/Clef-des-champs-b26/Druide-b63/Natural-Factors-b71. Lang:fr
02:08:56 Listing url is not the same: /fr/Sommeil-c88/Boiron-b61/Clef-des-champs-b26/Natural-Factors-b71/New-roots-b74/addressLink vs /fr/Sommeil-c88/Boiron-b61/Clef-des-champs-b26/Natural-Factors-b71/New-roots-b74. Lang:fr
02:08:59 Listing url is not the same: /fr/Sommeil-c88/Le-Tournesol-ANB-b64/Nature-Clean-b72/New-roots-b74/p.Url vs /fr/Sommeil-c88/Le-Tournesol-ANB-b64/Nature-Clean-b72/New-roots-b74. Lang:fr
02:09:00 Listing url is not the same: /fr/Systeme-immunitaire-c93/Druide-b63/Le-Tournesol-ANB-b64/Meditrina-b68/Natural-Factors-b71/addressLink vs /fr/Systeme-immunitaire-c93/Druide-b63/Le-Tournesol-ANB-b64/Meditrina-b68/Natural-Factors-b71. Lang:fr
02:11:30 Listing url is not the same: /fr/Coeur-et-sante-generale-c106/Clef-des-champs-b26/Le-Tournesol-ANB-b64/New-roots-b74/p.UrlBrand vs /fr/Coeur-et-sante-generale-c106/Clef-des-champs-b26/Le-Tournesol-ANB-b64/New-roots-b74. Lang:fr
03:04:16 Listing url is not the same: /fr/Sante-des-femmes-c100/Salus-b126/addressLink vs /fr/Sante-des-femmes-c100/Salus-b126. Lang:fr
03:04:17 Listing url is not the same: /fr/Sommeil-c88/Leo-Desilet-b66/urlBilingual vs /fr/Sommeil-c88/Leo-Desilet-b66. Lang:fr
03:04:18 Listing url is not the same: /fr/Stress-c97/A-Vogel-b54/Medelys-b128/p.UrlBrand vs /fr/Stress-c97/A-Vogel-b54/Medelys-b128. Lang:fr
03:04:21 Listing url is not the same: /fr/Tisane-c24/Numi-tea-b124/b.Url vs /fr/Tisane-c24/Numi-tea-b124. Lang:fr
03:04:22 Listing url is not the same: /fr/soin-du-corps-c86/Le-Tournesol-ANB-b64/New-roots-b74/addressLink vs /fr/soin-du-corps-c86/Le-Tournesol-ANB-b64/New-roots-b74. Lang:fr
03:06:03 Listing url is not the same: /fr/Inflammation-c98/Boiron-b61/Meditrina-b68/Natural-Factors-b71/Nature-Clean-b72/cat.Url vs /fr/Inflammation-c98/Boiron-b61/Meditrina-b68/Natural-Factors-b71/Nature-Clean-b72. Lang:fr
03:07:16 Listing url is not the same: /fr/A-Vogel-b54/Clef-des-champs-b26/Druide-b63/Meditrina-b68/Natural-Factors-b71/Nature-Clean-b72/New-roots-b74/brand.Url vs /fr/A-Vogel-b54/Clef-des-champs-b26/Druide-b63/Meditrina-b68/Natural-Factors-b71/Nature-Clean-b72/New-roots-b74. Lang:fr
03:07:21 Listing url is not the same: /fr/Antioxydants-c62/Leo-Desilet-b66/Meditrina-b68/brand.Url vs /fr/Antioxydants-c62/Leo-Desilet-b66/Meditrina-b68. Lang:fr
03:07:24 Listing url is not the same: /fr/Cosmetique-parfum-et-deodorant-c60/Anokian-b58/Nature-Clean-b72/cat.Url vs /fr/Cosmetique-parfum-et-deodorant-c60/Anokian-b58/Nature-Clean-b72. Lang:fr
03:07:25 Listing url is not the same: /fr/Detox-Digestion-c87/Clef-des-champs-b26/Leo-Desilet-b66/brand.Url vs /fr/Detox-Digestion-c87/Clef-des-champs-b26/Leo-Desilet-b66. Lang:fr
03:09:26 Listing url is not the same: /fr/A-Vogel-b54/Boiron-b61/Clef-des-champs-b26/Medelys-b128/Natural-Factors-b71/Nature-Clean-b72/promotion.Url vs /fr/A-Vogel-b54/Boiron-b61/Clef-des-champs-b26/Medelys-b128/Natural-Factors-b71/Nature-Clean-b72. Lang:fr
03:09:36 Listing url is not the same: /fr/Fatigue-c99/Clef-des-champs-b26/Le-Tournesol-ANB-b64/Medelys-b128/cat.Url vs /fr/Fatigue-c99/Clef-des-champs-b26/Le-Tournesol-ANB-b64/Medelys-b128. Lang:fr
03:09:38 Listing url is not the same: /fr/Inflammation-c98/Boiron-b61/Clef-des-champs-b26/Meditrina-b68/New-roots-b74/p.Url vs /fr/Inflammation-c98/Boiron-b61/Clef-des-champs-b26/Meditrina-b68/New-roots-b74. Lang:fr
03:09:39 Listing url is not the same: /fr/Inflammation-c98/Druide-b63/Le-Tournesol-ANB-b64/Meditrina-b68/Natural-Factors-b71/brand.Url vs /fr/Inflammation-c98/Druide-b63/Le-Tournesol-ANB-b64/Meditrina-b68/Natural-Factors-b71. Lang:fr
03:09:40 Listing url is not the same: /fr/Sante-des-enfants-c108/A-Vogel-b54/Anokian-b58/Clef-des-champs-b26/Nature-Clean-b72/addressLink vs /fr/Sante-des-enfants-c108/A-Vogel-b54/Anokian-b58/Clef-des-champs-b26/Nature-Clean-b72. Lang:fr
03:09:41 Listing url is not the same: /fr/Sommeil-c88/A-Vogel-b54/Boiron-b61/Clef-des-champs-b26/Merveilles-d-Abeilles-b69/Natural-Factors-b71/p.UrlBrand vs /fr/Sommeil-c88/A-Vogel-b54/Boiron-b61/Clef-des-champs-b26/Merveilles-d-Abeilles-b69/Natural-Factors-b71. Lang:fr
03:09:42 Listing url is not the same: /fr/Systeme-immunitaire-c93/A-Vogel-b54/Druide-b63/Flora-b123/urlBilingual vs /fr/Systeme-immunitaire-c93/A-Vogel-b54/Druide-b63/Flora-b123. Lang:fr
03:09:42 Listing url is not the same: /fr/Systeme-immunitaire-c93/A-Vogel-b54/Druide-b63/Medelys-b128/addressLink vs /fr/Systeme-immunitaire-c93/A-Vogel-b54/Druide-b63/Medelys-b128. Lang:fr
04:02:37 Listing url is not the same: /fr/soin-du-corps-c86/A-Vogel-b54/Natural-Factors-b71/New-roots-b74/p.UrlBrand vs /fr/soin-du-corps-c86/A-Vogel-b54/Natural-Factors-b71/New-roots-b74. Lang:fr
04:03:44 Listing url is not the same: /fr/Sommeil-c88/Bach-b137/Merveilles-d-Abeilles-b69/subcat.Url vs /fr/Sommeil-c88/Bach-b137/Merveilles-d-Abeilles-b69. Lang:fr
04:05:16 Listing url is not the same: /fr/Allergies-c55/A-Vogel-b54/Bach-b137/Boiron-b61/p.UrlBrand vs /fr/Allergies-c55/A-Vogel-b54/Bach-b137/Boiron-b61. Lang:fr
04:05:17 Listing url is not the same: /fr/Fatigue-c99/Anokian-b58/Le-Tournesol-ANB-b64/Natural-Factors-b71/b.Url vs /fr/Fatigue-c99/Anokian-b58/Le-Tournesol-ANB-b64/Natural-Factors-b71. Lang:fr
04:05:18 Listing url is not the same: /fr/Inflammation-c98/A-Vogel-b54/Anokian-b58/Meditrina-b68/Nature-Clean-b72/p.Url vs /fr/Inflammation-c98/A-Vogel-b54/Anokian-b58/Meditrina-b68/Nature-Clean-b72. Lang:fr
04:05:19 Listing url is not the same: /fr/Inflammation-c98/Boiron-b61/Clef-des-champs-b26/Druide-b63/New-roots-b74/promotion.Url vs /fr/Inflammation-c98/Boiron-b61/Clef-des-champs-b26/Druide-b63/New-roots-b74. Lang:fr
04:05:20 Listing url is not the same: /fr/Sante-des-femmes-c100/Clef-des-champs-b26/Druide-b63/Natural-Factors-b71/New-roots-b74/p.UrlBrand vs /fr/Sante-des-femmes-c100/Clef-des-champs-b26/Druide-b63/Natural-Factors-b71/New-roots-b74. Lang:fr
04:05:21 Listing url is not the same: /fr/Stress-c97/Druide-b63/Meditrina-b68/New-roots-b74/addressLink vs /fr/Stress-c97/Druide-b63/Meditrina-b68/New-roots-b74. Lang:fr
04:05:22 Listing url is not the same: /fr/Systeme-immunitaire-c93/A-Vogel-b54/Druide-b63/Flora-b123/cat.Url vs /fr/Systeme-immunitaire-c93/A-Vogel-b54/Druide-b63/Flora-b123. Lang:fr
04:06:56 Listing url is not the same: /fr/Rhume-grippe-voie-respiratoire-c57/A-Vogel-b54/Natural-Factors-b71/New-roots-b74/promotion.Url vs /fr/Rhume-grippe-voie-respiratoire-c57/A-Vogel-b54/Natural-Factors-b71/New-roots-b74. Lang:fr
04:06:58 Listing url is not the same: /fr/Stress-c97/Medelys-b128/addressLink vs /fr/Stress-c97/Medelys-b128. Lang:fr
04:06:59 Listing url is not the same: /fr/Systeme-immunitaire-c93/A-Vogel-b54/Boiron-b61/Clef-des-champs-b26/Meditrina-b68/Nature-Clean-b72/addressLink vs /fr/Systeme-immunitaire-c93/A-Vogel-b54/Boiron-b61/Clef-des-champs-b26/Meditrina-b68/Nature-Clean-b72. Lang:fr
04:07:00 Listing url is not the same: /fr/Systeme-immunitaire-c93/Clef-des-champs-b26/Leo-Desilet-b66/b.Url vs /fr/Systeme-immunitaire-c93/Clef-des-champs-b26/Leo-Desilet-b66. Lang:fr
04:57:17 Listing url is not the same: /fr/Homeopathie-c12/Le-Tournesol-ANB-b64/New-roots-b74/subcat.Url vs /fr/Homeopathie-c12/Le-Tournesol-ANB-b64/New-roots-b74. Lang:fr
05:00:02 Listing url is not the same: /fr/Chandelles-c70/Merveilles-d-Abeilles-b69/New-roots-b74/addressLink vs /fr/Chandelles-c70/Merveilles-d-Abeilles-b69/New-roots-b74. Lang:fr
05:01:57 Listing url is not the same: /fr/Detox-Digestion-c87/Clef-des-champs-b26/Leo-Desilet-b66/p.Url vs /fr/Detox-Digestion-c87/Clef-des-champs-b26/Leo-Desilet-b66. Lang:fr
05:02:03 Listing url is not the same: /fr/Stress-c97/Clef-des-champs-b26/Leo-Desilet-b66/b.Url vs /fr/Stress-c97/Clef-des-champs-b26/Leo-Desilet-b66. Lang:fr
05:03:08 Listing url is not the same: /fr/Allergies-c55/A-Vogel-b54/Bach-b137/Druide-b63/p.Url vs /fr/Allergies-c55/A-Vogel-b54/Bach-b137/Druide-b63. Lang:fr
05:03:13 Listing url is not the same: /fr/Concentration-memoire-migraine-c56/Boiron-b61/Clef-des-champs-b26/Druide-b63/New-roots-b74/p.Url vs /fr/Concentration-memoire-migraine-c56/Boiron-b61/Clef-des-champs-b26/Druide-b63/New-roots-b74. Lang:fr
05:04:35 Listing url is not the same: /fr/Rhume-grippe-voie-respiratoire-c57/Clef-des-champs-b26/Le-Tournesol-ANB-b64/Medelys-b128/addressLink vs /fr/Rhume-grippe-voie-respiratoire-c57/Clef-des-champs-b26/Le-Tournesol-ANB-b64/Medelys-b128. Lang:fr
05:04:38 Listing url is not the same: /fr/Systeme-immunitaire-c93/Clef-des-champs-b26/Healthology-b116/subcat.Url vs /fr/Systeme-immunitaire-c93/Clef-des-champs-b26/Healthology-b116. Lang:fr
05:04:42 Listing url is not the same: /fr/soin-du-corps-c86/Clef-des-champs-b26/Divine-essence-b130/addressLink vs /fr/soin-du-corps-c86/Clef-des-champs-b26/Divine-essence-b130. Lang:fr
05:54:42 Listing url is not the same: /fr/Antioxydants-c62/Le-Tournesol-ANB-b64/New-roots-b74/urlBilingual vs /fr/Antioxydants-c62/Le-Tournesol-ANB-b64/New-roots-b74. Lang:fr
05:54:44 Listing url is not the same: /fr/Sommeil-c88/Anokian-b58/Clef-des-champs-b26/Natural-Factors-b71/subcat.Url vs /fr/Sommeil-c88/Anokian-b58/Clef-des-champs-b26/Natural-Factors-b71. Lang:fr
05:54:45 Listing url is not the same: /fr/Sommeil-c88/Leo-Desilet-b66/promotion.Url vs /fr/Sommeil-c88/Leo-Desilet-b66. Lang:fr
05:56:01 Listing url is not the same: /fr/A-Vogel-b54/Boiron-b61/Clef-des-champs-b26/Druide-b63/Le-Tournesol-ANB-b64/Meditrina-b68/Natural-Factors-b71/Nature-Clean-b72/New-roots-b74/subcat.Url vs /fr/A-Vogel-b54/Boiron-b61/Clef-des-champs-b26/Druide-b63/Le-Tournesol-ANB-b64/Meditrina-b68/Natural-Factors-b71/Nature-Clean-b72/New-roots-b74. Lang:fr
05:56:03 Listing url is not the same: /fr/Clef-des-champs-b26/Druide-b63/Merveilles-d-Abeilles-b69/Natural-Factors-b71/Nature-Clean-b72/New-roots-b74/addressLink vs /fr/Clef-des-champs-b26/Druide-b63/Merveilles-d-Abeilles-b69/Natural-Factors-b71/Nature-Clean-b72/New-roots-b74. Lang:fr
05:56:09 Listing url is not the same: /fr/Tisane-c24/Boiron-b61/p.Url vs /fr/Tisane-c24/Boiron-b61. Lang:fr
05:56:34 Listing url is not the same: /fr/Sommeil-c88/Clef-des-champs-b26/Merveilles-d-Abeilles-b69/Natural-Factors-b71/Nature-Clean-b72/p.UrlBrand vs /fr/Sommeil-c88/Clef-des-champs-b26/Merveilles-d-Abeilles-b69/Natural-Factors-b71/Nature-Clean-b72. Lang:fr
05:57:07 Listing url is not the same: /fr/Allergies-c55/A-Vogel-b54/Bach-b137/Druide-b63/addressLink vs /fr/Allergies-c55/A-Vogel-b54/Bach-b137/Druide-b63. Lang:fr
05:57:34 Listing url is not the same: /fr/Concentration-memoire-migraine-c56/A-Vogel-b54/Clef-des-champs-b26/Druide-b63/New-roots-b74/p.Url vs /fr/Concentration-memoire-migraine-c56/A-Vogel-b54/Clef-des-champs-b26/Druide-b63/New-roots-b74. Lang:fr
05:57:49 Listing url is not the same: /fr/Detox-Digestion-c87/A-Vogel-b54/Clef-des-champs-b26/Flora-b123/Natural-Factors-b71/brand.Url vs /fr/Detox-Digestion-c87/A-Vogel-b54/Clef-des-champs-b26/Flora-b123/Natural-Factors-b71. Lang:fr
05:57:55 Listing url is not the same: /fr/Fatigue-c99/Clef-des-champs-b26/Le-Tournesol-ANB-b64/Medelys-b128/p.UrlBrand vs /fr/Fatigue-c99/Clef-des-champs-b26/Le-Tournesol-ANB-b64/Medelys-b128. Lang:fr
05:58:01 Listing url is not the same: /fr/Stress-c97/Boiron-b61/Natural-Factors-b71/Nature-Clean-b72/brand.Url vs /fr/Stress-c97/Boiron-b61/Natural-Factors-b71/Nature-Clean-b72. Lang:fr
05:58:03 Listing url is not the same: /fr/Systeme-immunitaire-c93/A-Vogel-b54/Druide-b63/Medelys-b128/urlBilingual vs /fr/Systeme-immunitaire-c93/A-Vogel-b54/Druide-b63/Medelys-b128. Lang:fr
05:58:04 Listing url is not the same: /fr/Systeme-immunitaire-c93/Druide-b63/Le-Tournesol-ANB-b64/Meditrina-b68/Natural-Factors-b71/subcat.Url vs /fr/Systeme-immunitaire-c93/Druide-b63/Le-Tournesol-ANB-b64/Meditrina-b68/Natural-Factors-b71. Lang:fr
05:58:18 Listing url is not the same: /fr/Sante-des-femmes-c100/Boiron-b61/Druide-b63/Meditrina-b68/New-roots-b74/b.Url vs /fr/Sante-des-femmes-c100/Boiron-b61/Druide-b63/Meditrina-b68/New-roots-b74. Lang:fr
06:48:57 Listing url is not the same: /fr/Allergies-c55/A-Vogel-b54/Natural-Factors-b71/New-roots-b74/b.Url vs /fr/Allergies-c55/A-Vogel-b54/Natural-Factors-b71/New-roots-b74. Lang:fr
06:51:11 Listing url is not the same: /fr/Concentration-memoire-migraine-c56/Anokian-b58/Clef-des-champs-b26/Natural-Factors-b71/b.Url vs /fr/Concentration-memoire-migraine-c56/Anokian-b58/Clef-des-champs-b26/Natural-Factors-b71. Lang:fr
06:51:12 Listing url is not the same: /fr/Concentration-memoire-migraine-c56/Clef-des-champs-b26/Flora-b123/Le-Tournesol-ANB-b64/cat.Url vs /fr/Concentration-memoire-migraine-c56/Clef-des-champs-b26/Flora-b123/Le-Tournesol-ANB-b64. Lang:fr
06:51:15 Listing url is not the same: /fr/Sante-des-enfants-c108/Druide-b63/Le-Tournesol-ANB-b64/Merveilles-d-Abeilles-b69/p.UrlBrand vs /fr/Sante-des-enfants-c108/Druide-b63/Le-Tournesol-ANB-b64/Merveilles-d-Abeilles-b69. Lang:fr
06:51:16 Listing url is not the same: /fr/Sommeil-c88/A-Vogel-b54/Merveilles-d-Abeilles-b69/Natural-Factors-b71/p.Url vs /fr/Sommeil-c88/A-Vogel-b54/Merveilles-d-Abeilles-b69/Natural-Factors-b71. Lang:fr
06:51:17 Listing url is not the same: /fr/Sommeil-c88/Boiron-b61/Le-Tournesol-ANB-b64/Natural-Factors-b71/Nature-Clean-b72/promotion.Url vs /fr/Sommeil-c88/Boiron-b61/Le-Tournesol-ANB-b64/Natural-Factors-b71/Nature-Clean-b72. Lang:fr
06:51:20 Listing url is not the same: /fr/Systeme-immunitaire-c93/Numi-tea-b124/p.UrlBrand vs /fr/Systeme-immunitaire-c93/Numi-tea-b124. Lang:fr
06:53:33 Listing url is not the same: /fr/Inflammation-c98/A-Vogel-b54/Anokian-b58/Clef-des-champs-b26/Nature-Clean-b72/addressLink vs /fr/Inflammation-c98/A-Vogel-b54/Anokian-b58/Clef-des-champs-b26/Nature-Clean-b72. Lang:fr
06:53:34 Listing url is not the same: /fr/Inflammation-c98/Boiron-b61/Clef-des-champs-b26/Natural-Factors-b71/Nature-Clean-b72/cat.Url vs /fr/Inflammation-c98/Boiron-b61/Clef-des-champs-b26/Natural-Factors-b71/Nature-Clean-b72. Lang:fr
06:53:35 Listing url is not the same: /fr/Sante-des-enfants-c108/A-Vogel-b54/Meditrina-b68/Merveilles-d-Abeilles-b69/Natural-Factors-b71/addressLink vs /fr/Sante-des-enfants-c108/A-Vogel-b54/Meditrina-b68/Merveilles-d-Abeilles-b69/Natural-Factors-b71. Lang:fr
06:53:38 Listing url is not the same: /fr/Sante-des-femmes-c100/Boiron-b61/Clef-des-champs-b26/Flora-b123/p.UrlBrand vs /fr/Sante-des-femmes-c100/Boiron-b61/Clef-des-champs-b26/Flora-b123. Lang:fr
06:53:38 Listing url is not the same: /fr/Sommeil-c88/Clef-des-champs-b26/Natural-Factors-b71/Nature-Clean-b72/New-roots-b74/urlBilingual vs /fr/Sommeil-c88/Clef-des-champs-b26/Natural-Factors-b71/Nature-Clean-b72/New-roots-b74. Lang:fr
06:53:39 Listing url is not the same: /fr/Stress-c97/A-Vogel-b54/Clef-des-champs-b26/Le-Tournesol-ANB-b64/Natural-Factors-b71/p.UrlBrand vs /fr/Stress-c97/A-Vogel-b54/Clef-des-champs-b26/Le-Tournesol-ANB-b64/Natural-Factors-b71. Lang:fr
06:53:41 Listing url is not the same: /fr/Stress-c97/Anokian-b58/Boiron-b61/Meditrina-b68/brand.Url vs /fr/Stress-c97/Anokian-b58/Boiron-b61/Meditrina-b68. Lang:fr
06:53:42 Listing url is not the same: /fr/Systeme-immunitaire-c93/Boiron-b61/Clef-des-champs-b26/Natural-Factors-b71/New-roots-b74/urlBilingual vs /fr/Systeme-immunitaire-c93/Boiron-b61/Clef-des-champs-b26/Natural-Factors-b71/New-roots-b74. Lang:fr
06:53:43 Listing url is not the same: /fr/Systeme-immunitaire-c93/Clef-des-champs-b26/Meditrina-b68/Nature-Clean-b72/New-roots-b74/urlBilingual vs /fr/Systeme-immunitaire-c93/Clef-des-champs-b26/Meditrina-b68/Nature-Clean-b72/New-roots-b74. Lang:fr
06:54:31 Listing url is not the same: /fr/Inflammation-c98/Clef-des-champs-b26/Healthology-b116/brand.Url vs /fr/Inflammation-c98/Clef-des-champs-b26/Healthology-b116. Lang:fr
07:46:33 Listing url is not the same: /fr/Sommeil-c88/A-Vogel-b54/Clef-des-champs-b26/Nature-Clean-b72/urlBilingual vs /fr/Sommeil-c88/A-Vogel-b54/Clef-des-champs-b26/Nature-Clean-b72. Lang:fr
07:47:20 Listing url is not the same: /fr/Clef-des-champs-b26/Druide-b63/Le-Tournesol-ANB-b64/Natural-Factors-b71/Nature-Clean-b72/New-roots-b74/urlBilingual vs /fr/Clef-des-champs-b26/Druide-b63/Le-Tournesol-ANB-b64/Natural-Factors-b71/Nature-Clean-b72/New-roots-b74. Lang:fr
07:47:28 Listing url is not the same: /fr/Homeopathie-c12/Boiron-b61/Meditrina-b68/New-roots-b74/brand.Url vs /fr/Homeopathie-c12/Boiron-b61/Meditrina-b68/New-roots-b74. Lang:fr
07:47:35 Listing url is not the same: /fr/Inflammation-c98/Clef-des-champs-b26/Druide-b63/Natural-Factors-b71/Nature-Clean-b72/cat.Url vs /fr/Inflammation-c98/Clef-des-champs-b26/Druide-b63/Natural-Factors-b71/Nature-Clean-b72. Lang:fr
07:48:15 Listing url is not the same: /fr/Detox-Digestion-c87/Leo-Desilet-b66/promotion.Url vs /fr/Detox-Digestion-c87/Leo-Desilet-b66. Lang:fr
07:48:29 Listing url is not the same: /fr/Sommeil-c88/A-Vogel-b54/Merveilles-d-Abeilles-b69/Natural-Factors-b71/promotion.Url vs /fr/Sommeil-c88/A-Vogel-b54/Merveilles-d-Abeilles-b69/Natural-Factors-b71. Lang:fr
07:48:31 Listing url is not the same: /fr/Sommeil-c88/Clef-des-champs-b26/Merveilles-d-Abeilles-b69/Natural-Factors-b71/Nature-Clean-b72/promotion.Url vs /fr/Sommeil-c88/Clef-des-champs-b26/Merveilles-d-Abeilles-b69/Natural-Factors-b71/Nature-Clean-b72. Lang:fr
07:49:00 Listing url is not the same: /fr/A-Vogel-b54/Clef-des-champs-b26/Meditrina-b68/Merveilles-d-Abeilles-b69/Natural-Factors-b71/New-roots-b74/p.Url vs /fr/A-Vogel-b54/Clef-des-champs-b26/Meditrina-b68/Merveilles-d-Abeilles-b69/Natural-Factors-b71/New-roots-b74. Lang:fr
07:49:01 Listing url is not the same: /fr/Allergies-c55/Boiron-b61/Clef-des-champs-b26/Natural-Factors-b71/New-roots-b74/brand.Url vs /fr/Allergies-c55/Boiron-b61/Clef-des-champs-b26/Natural-Factors-b71/New-roots-b74. Lang:fr
07:49:03 Listing url is not the same: /fr/Detox-Digestion-c87/A-Vogel-b54/Clef-des-champs-b26/Flora-b123/Natural-Factors-b71/promotion.Url vs /fr/Detox-Digestion-c87/A-Vogel-b54/Clef-des-champs-b26/Flora-b123/Natural-Factors-b71. Lang:fr
07:49:06 Listing url is not the same: /fr/Inflammation-c98/Clef-des-champs-b26/Natural-Factors-b71/Nature-Clean-b72/New-roots-b74/brand.Url vs /fr/Inflammation-c98/Clef-des-champs-b26/Natural-Factors-b71/Nature-Clean-b72/New-roots-b74. Lang:fr
07:49:09 Listing url is not the same: /fr/Sante-des-femmes-c100/Anokian-b58/Boiron-b61/Clef-des-champs-b26/subcat.Url vs /fr/Sante-des-femmes-c100/Anokian-b58/Boiron-b61/Clef-des-champs-b26. Lang:fr
07:49:10 Listing url is not the same: /fr/Sante-des-femmes-c100/Boiron-b61/Natural-Factors-b71/New-roots-b74/cat.Url vs /fr/Sante-des-femmes-c100/Boiron-b61/Natural-Factors-b71/New-roots-b74. Lang:fr
08:46:58 Listing url is not the same: /fr/Antioxydants-c62/Le-Tournesol-ANB-b64/New-roots-b74/p.Url vs /fr/Antioxydants-c62/Le-Tournesol-ANB-b64/New-roots-b74. Lang:fr
08:47:00 Listing url is not the same: /fr/Detox-Digestion-c87/A-Vogel-b54/Natural-Factors-b71/New-roots-b74/p.Url vs /fr/Detox-Digestion-c87/A-Vogel-b54/Natural-Factors-b71/New-roots-b74. Lang:fr
08:47:45 Listing url is not the same: /fr/Sommeil-c88/Boiron-b61/Natural-Factors-b71/New-roots-b74/cat.Url vs /fr/Sommeil-c88/Boiron-b61/Natural-Factors-b71/New-roots-b74. Lang:fr
08:48:24 Listing url is not the same: /fr/Cosmetique-parfum-et-deodorant-c60/Druide-b63/Medelys-b128/cat.Url vs /fr/Cosmetique-parfum-et-deodorant-c60/Druide-b63/Medelys-b128. Lang:fr
08:48:49 Listing url is not the same: /fr/Sommeil-c88/A-Vogel-b54/Boiron-b61/Clef-des-champs-b26/Druide-b63/Nature-Clean-b72/p.UrlBrand vs /fr/Sommeil-c88/A-Vogel-b54/Boiron-b61/Clef-des-champs-b26/Druide-b63/Nature-Clean-b72. Lang:fr
08:48:54 Listing url is not the same: /fr/Stress-c97/A-Vogel-b54/Boiron-b61/Druide-b63/Natural-Factors-b71/p.Url vs /fr/Stress-c97/A-Vogel-b54/Boiron-b61/Druide-b63/Natural-Factors-b71. Lang:fr
08:48:57 Listing url is not the same: /fr/Systeme-immunitaire-c93/Clef-des-champs-b26/Le-Tournesol-ANB-b64/Merveilles-d-Abeilles-b69/Nature-Clean-b72/promotion.Url vs /fr/Systeme-immunitaire-c93/Clef-des-champs-b26/Le-Tournesol-ANB-b64/Merveilles-d-Abeilles-b69/Nature-Clean-b72. Lang:fr
08:49:37 Listing url is not the same: /fr/Antioxydants-c62/Clef-des-champs-b26/Le-Tournesol-ANB-b64/Medelys-b128/p.Url vs /fr/Antioxydants-c62/Clef-des-champs-b26/Le-Tournesol-ANB-b64/Medelys-b128. Lang:fr
08:49:39 Listing url is not the same: /fr/Coeur-et-sante-generale-c106/Clef-des-champs-b26/Druide-b63/Meditrina-b68/Natural-Factors-b71/p.UrlBrand vs /fr/Coeur-et-sante-generale-c106/Clef-des-champs-b26/Druide-b63/Meditrina-b68/Natural-Factors-b71. Lang:fr
08:49:43 Listing url is not the same: /fr/Inflammation-c98/Clef-des-champs-b26/Meditrina-b68/Natural-Factors-b71/New-roots-b74/b.Url vs /fr/Inflammation-c98/Clef-des-champs-b26/Meditrina-b68/Natural-Factors-b71/New-roots-b74. Lang:fr
08:49:43 Listing url is not the same: /fr/Sante-des-enfants-c108/A-Vogel-b54/Meditrina-b68/Merveilles-d-Abeilles-b69/Natural-Factors-b71/urlBilingual vs /fr/Sante-des-enfants-c108/A-Vogel-b54/Meditrina-b68/Merveilles-d-Abeilles-b69/Natural-Factors-b71. Lang:fr
08:49:46 Listing url is not the same: /fr/Sante-des-femmes-c100/Boiron-b61/Clef-des-champs-b26/Flora-b123/addressLink vs /fr/Sante-des-femmes-c100/Boiron-b61/Clef-des-champs-b26/Flora-b123. Lang:fr
08:49:49 Listing url is not the same: /fr/Sommeil-c88/Bach-b137/Clef-des-champs-b26/New-roots-b74/cat.Url vs /fr/Sommeil-c88/Bach-b137/Clef-des-champs-b26/New-roots-b74. Lang:fr
08:49:51 Listing url is not the same: /fr/Stress-c97/Anokian-b58/Boiron-b61/Meditrina-b68/subcat.Url vs /fr/Stress-c97/Anokian-b58/Boiron-b61/Meditrina-b68. Lang:fr
08:49:51 Listing url is not the same: /fr/Stress-c97/Boiron-b61/Natural-Factors-b71/Nature-Clean-b72/cat.Url vs /fr/Stress-c97/Boiron-b61/Natural-Factors-b71/Nature-Clean-b72. Lang:fr
08:49:52 Listing url is not the same: /fr/Systeme-immunitaire-c93/Druide-b63/Le-Tournesol-ANB-b64/Meditrina-b68/Natural-Factors-b71/promotion.Url vs /fr/Systeme-immunitaire-c93/Druide-b63/Le-Tournesol-ANB-b64/Meditrina-b68/Natural-Factors-b71. Lang:fr
08:49:53 Listing url is not the same: /fr/soin-du-corps-c86/Clef-des-champs-b26/Natural-Factors-b71/Nature-Clean-b72/New-roots-b74/promotion.Url vs /fr/soin-du-corps-c86/Clef-des-champs-b26/Natural-Factors-b71/Nature-Clean-b72/New-roots-b74. Lang:fr
09:42:49 Listing url is not the same: /fr/Coeur-et-sante-generale-c106/Anokian-b58/Clef-des-champs-b26/Natural-Factors-b71/subcat.Url vs /fr/Coeur-et-sante-generale-c106/Anokian-b58/Clef-des-champs-b26/Natural-Factors-b71. Lang:fr
09:42:58 Listing url is not the same: /fr/Concentration-memoire-migraine-c56/Anokian-b58/Clef-des-champs-b26/Natural-Factors-b71/urlBilingual vs /fr/Concentration-memoire-migraine-c56/Anokian-b58/Clef-des-champs-b26/Natural-Factors-b71. Lang:fr
09:43:08 Listing url is not the same: /fr/Homeopathie-c12/A-Vogel-b54/Medelys-b128/p.UrlBrand vs /fr/Homeopathie-c12/A-Vogel-b54/Medelys-b128. Lang:fr
09:44:48 Listing url is not the same: /fr/Allergies-c55/Boiron-b61/Clef-des-champs-b26/Natural-Factors-b71/New-roots-b74/b.Url vs /fr/Allergies-c55/Boiron-b61/Clef-des-champs-b26/Natural-Factors-b71/New-roots-b74. Lang:fr
09:44:50 Listing url is not the same: /fr/Antioxydants-c62/Clef-des-champs-b26/Druide-b63/Meditrina-b68/New-roots-b74/subcat.Url vs /fr/Antioxydants-c62/Clef-des-champs-b26/Druide-b63/Meditrina-b68/New-roots-b74. Lang:fr
09:44:53 Listing url is not the same: /fr/Fatigue-c99/Clef-des-champs-b26/Le-Tournesol-ANB-b64/Medelys-b128/p.Url vs /fr/Fatigue-c99/Clef-des-champs-b26/Le-Tournesol-ANB-b64/Medelys-b128. Lang:fr
09:44:56 Listing url is not the same: /fr/Homeopathie-c12/Boiron-b61/Clef-des-champs-b26/Meditrina-b68/New-roots-b74/subcat.Url vs /fr/Homeopathie-c12/Boiron-b61/Clef-des-champs-b26/Meditrina-b68/New-roots-b74. Lang:fr
09:45:00 Listing url is not the same: /fr/Inflammation-c98/Boiron-b61/Clef-des-champs-b26/Natural-Factors-b71/Nature-Clean-b72/p.UrlBrand vs /fr/Inflammation-c98/Boiron-b61/Clef-des-champs-b26/Natural-Factors-b71/Nature-Clean-b72. Lang:fr
09:45:05 Listing url is not the same: /fr/Sante-des-enfants-c108/A-Vogel-b54/Boiron-b61/Leo-Desilet-b66/urlBilingual vs /fr/Sante-des-enfants-c108/A-Vogel-b54/Boiron-b61/Leo-Desilet-b66. Lang:fr
09:45:09 Listing url is not the same: /fr/Stress-c97/Anokian-b58/Boiron-b61/Meditrina-b68/b.Url vs /fr/Stress-c97/Anokian-b58/Boiron-b61/Meditrina-b68. Lang:fr
09:45:11 Listing url is not the same: /fr/Stress-c97/Boiron-b61/Flora-b123/addressLink vs /fr/Stress-c97/Boiron-b61/Flora-b123. Lang:fr
09:45:15 Listing url is not the same: /fr/Systeme-immunitaire-c93/Druide-b63/Le-Tournesol-ANB-b64/Meditrina-b68/Natural-Factors-b71/brand.Url vs /fr/Systeme-immunitaire-c93/Druide-b63/Le-Tournesol-ANB-b64/Meditrina-b68/Natural-Factors-b71. Lang:fr
09:45:17 Listing url is not the same: /fr/Tisane-c24/Boiron-b61/Druide-b63/subcat.Url vs /fr/Tisane-c24/Boiron-b61/Druide-b63. Lang:fr
10:39:48 Listing url is not the same: /fr/Homeopathie-c12/A-Vogel-b54/Nature-Clean-b72/New-roots-b74/cat.Url vs /fr/Homeopathie-c12/A-Vogel-b54/Nature-Clean-b72/New-roots-b74. Lang:fr
10:39:52 Listing url is not the same: /fr/Sommeil-c88/Boiron-b61/Natural-Factors-b71/New-roots-b74/addressLink vs /fr/Sommeil-c88/Boiron-b61/Natural-Factors-b71/New-roots-b74. Lang:fr
10:40:37 Listing url is not the same: /fr/Coeur-et-sante-generale-c106/Boiron-b61/Clef-des-champs-b26/New-roots-b74/cat.Url vs /fr/Coeur-et-sante-generale-c106/Boiron-b61/Clef-des-champs-b26/New-roots-b74. Lang:fr
10:40:39 Listing url is not the same: /fr/Concentration-memoire-migraine-c56/Clef-des-champs-b26/Flora-b123/Le-Tournesol-ANB-b64/p.UrlBrand vs /fr/Concentration-memoire-migraine-c56/Clef-des-champs-b26/Flora-b123/Le-Tournesol-ANB-b64. Lang:fr
10:40:39 Listing url is not the same: /fr/Concentration-memoire-migraine-c56/Clef-des-champs-b26/Flora-b123/Le-Tournesol-ANB-b64/promotion.Url vs /fr/Concentration-memoire-migraine-c56/Clef-des-champs-b26/Flora-b123/Le-Tournesol-ANB-b64. Lang:fr
10:40:41 Listing url is not the same: /fr/Detox-Digestion-c87/Leo-Desilet-b66/urlBilingual vs /fr/Detox-Digestion-c87/Leo-Desilet-b66. Lang:fr
10:40:42 Listing url is not the same: /fr/Homeopathie-c12/A-Vogel-b54/Boiron-b61/Natural-Factors-b71/urlBilingual vs /fr/Homeopathie-c12/A-Vogel-b54/Boiron-b61/Natural-Factors-b71. Lang:fr
10:40:43 Listing url is not the same: /fr/Inflammation-c98/A-Vogel-b54/Boiron-b61/Clef-des-champs-b26/Druide-b63/Nature-Clean-b72/cat.Url vs /fr/Inflammation-c98/A-Vogel-b54/Boiron-b61/Clef-des-champs-b26/Druide-b63/Nature-Clean-b72. Lang:fr
10:40:44 Listing url is not the same: /fr/Inflammation-c98/Clef-des-champs-b26/Leo-Desilet-b66/urlBilingual vs /fr/Inflammation-c98/Clef-des-champs-b26/Leo-Desilet-b66. Lang:fr
10:40:51 Listing url is not the same: /fr/Stress-c97/Clef-des-champs-b26/Leo-Desilet-b66/brand.Url vs /fr/Stress-c97/Clef-des-champs-b26/Leo-Desilet-b66. Lang:fr
10:42:27 Listing url is not the same: /fr/Coeur-et-sante-generale-c106/Clef-des-champs-b26/Druide-b63/Meditrina-b68/Natural-Factors-b71/promotion.Url vs /fr/Coeur-et-sante-generale-c106/Clef-des-champs-b26/Druide-b63/Meditrina-b68/Natural-Factors-b71. Lang:fr
10:42:33 Listing url is not the same: /fr/Fatigue-c99/Flora-b123/Natural-Factors-b71/Nature-Clean-b72/subcat.Url vs /fr/Fatigue-c99/Flora-b123/Natural-Factors-b71/Nature-Clean-b72. Lang:fr
10:42:35 Listing url is not the same: /fr/Homeopathie-c12/Boiron-b61/Clef-des-champs-b26/Meditrina-b68/New-roots-b74/p.UrlBrand vs /fr/Homeopathie-c12/Boiron-b61/Clef-des-champs-b26/Meditrina-b68/New-roots-b74. Lang:fr
10:42:37 Listing url is not the same: /fr/Sante-des-femmes-c100/Clef-des-champs-b26/Druide-b63/Natural-Factors-b71/New-roots-b74/promotion.Url vs /fr/Sante-des-femmes-c100/Clef-des-champs-b26/Druide-b63/Natural-Factors-b71/New-roots-b74. Lang:fr
10:42:40 Listing url is not the same: /fr/Stress-c97/A-Vogel-b54/Clef-des-champs-b26/Merveilles-d-Abeilles-b69/New-roots-b74/urlBilingual vs /fr/Stress-c97/A-Vogel-b54/Clef-des-champs-b26/Merveilles-d-Abeilles-b69/New-roots-b74. Lang:fr
11:36:26 Listing url is not the same: /fr/Antioxydants-c62/Merveilles-d-Abeilles-b69/New-roots-b74/p.Url vs /fr/Antioxydants-c62/Merveilles-d-Abeilles-b69/New-roots-b74. Lang:fr
11:38:01 Listing url is not the same: /fr/Homeopathie-c12/A-Vogel-b54/Boiron-b61/Natural-Factors-b71/cat.Url vs /fr/Homeopathie-c12/A-Vogel-b54/Boiron-b61/Natural-Factors-b71. Lang:fr
11:38:55 Listing url is not the same: /fr/Fatigue-c99/Clef-des-champs-b26/Healthology-b116/addressLink vs /fr/Fatigue-c99/Clef-des-champs-b26/Healthology-b116. Lang:fr
11:38:58 Listing url is not the same: /fr/Inflammation-c98/Clef-des-champs-b26/Leo-Desilet-b66/p.UrlBrand vs /fr/Inflammation-c98/Clef-des-champs-b26/Leo-Desilet-b66. Lang:fr
11:39:01 Listing url is not the same: /fr/Sante-des-enfants-c108/A-Vogel-b54/Clef-des-champs-b26/Natural-Factors-b71/New-roots-b74/urlBilingual vs /fr/Sante-des-enfants-c108/A-Vogel-b54/Clef-des-champs-b26/Natural-Factors-b71/New-roots-b74. Lang:fr
11:40:29 Listing url is not the same: /fr/Antioxydants-c62/Clef-des-champs-b26/Meditrina-b68/Natural-Factors-b71/New-roots-b74/subcat.Url vs /fr/Antioxydants-c62/Clef-des-champs-b26/Meditrina-b68/Natural-Factors-b71/New-roots-b74. Lang:fr
11:40:30 Listing url is not the same: /fr/Concentration-memoire-migraine-c56/A-Vogel-b54/Clef-des-champs-b26/Druide-b63/New-roots-b74/brand.Url vs /fr/Concentration-memoire-migraine-c56/A-Vogel-b54/Clef-des-champs-b26/Druide-b63/New-roots-b74. Lang:fr
11:40:31 Listing url is not the same: /fr/Concentration-memoire-migraine-c56/Boiron-b61/Clef-des-champs-b26/Druide-b63/New-roots-b74/urlBilingual vs /fr/Concentration-memoire-migraine-c56/Boiron-b61/Clef-des-champs-b26/Druide-b63/New-roots-b74. Lang:fr
11:40:34 Listing url is not the same: /fr/Inflammation-c98/A-Vogel-b54/Clef-des-champs-b26/Flora-b123/urlBilingual vs /fr/Inflammation-c98/A-Vogel-b54/Clef-des-champs-b26/Flora-b123. Lang:fr
11:40:35 Listing url is not the same: /fr/Sante-des-enfants-c108/A-Vogel-b54/Natural-Factors-b71/Nature-Clean-b72/New-roots-b74/subcat.Url vs /fr/Sante-des-enfants-c108/A-Vogel-b54/Natural-Factors-b71/Nature-Clean-b72/New-roots-b74. Lang:fr
11:40:37 Listing url is not the same: /fr/Sante-des-femmes-c100/Meditrina-b68/Merveilles-d-Abeilles-b69/Natural-Factors-b71/Nature-Clean-b72/p.UrlBrand vs /fr/Sante-des-femmes-c100/Meditrina-b68/Merveilles-d-Abeilles-b69/Natural-Factors-b71/Nature-Clean-b72. Lang:fr
11:40:38 Listing url is not the same: /fr/Sommeil-c88/A-Vogel-b54/Boiron-b61/Clef-des-champs-b26/Merveilles-d-Abeilles-b69/Natural-Factors-b71/b.Url vs /fr/Sommeil-c88/A-Vogel-b54/Boiron-b61/Clef-des-champs-b26/Merveilles-d-Abeilles-b69/Natural-Factors-b71. Lang:fr
11:40:39 Listing url is not the same: /fr/Sommeil-c88/A-Vogel-b54/Medelys-b128/cat.Url vs /fr/Sommeil-c88/A-Vogel-b54/Medelys-b128. Lang:fr
11:41:52 Listing url is not the same: /fr/Antioxydants-c62/Bach-b137/Meditrina-b68/addressLink vs /fr/Antioxydants-c62/Bach-b137/Meditrina-b68. Lang:fr
11:41:57 Listing url is not the same: /fr/Homeopathie-c12/A-Vogel-b54/Boiron-b61/Clef-des-champs-b26/Merveilles-d-Abeilles-b69/Natural-Factors-b71/addressLink vs /fr/Homeopathie-c12/A-Vogel-b54/Boiron-b61/Clef-des-champs-b26/Merveilles-d-Abeilles-b69/Natural-Factors-b71. Lang:fr
11:41:58 Listing url is not the same: /fr/Homeopathie-c12/A-Vogel-b54/Boiron-b61/Clef-des-champs-b26/Merveilles-d-Abeilles-b69/Natural-Factors-b71/cat.Url vs /fr/Homeopathie-c12/A-Vogel-b54/Boiron-b61/Clef-des-champs-b26/Merveilles-d-Abeilles-b69/Natural-Factors-b71. Lang:fr
11:42:01 Listing url is not the same: /fr/Inflammation-c98/A-Vogel-b54/Bach-b137/Clef-des-champs-b26/Druide-b63/brand.Url vs /fr/Inflammation-c98/A-Vogel-b54/Bach-b137/Clef-des-champs-b26/Druide-b63. Lang:fr
11:42:02 Listing url is not the same: /fr/Sommeil-c88/Numi-tea-b124/p.Url vs /fr/Sommeil-c88/Numi-tea-b124. Lang:fr
11:42:05 Listing url is not the same: /fr/soin-du-corps-c86/Boiron-b61/Clef-des-champs-b26/Druide-b63/New-roots-b74/p.Url vs /fr/soin-du-corps-c86/Boiron-b61/Clef-des-champs-b26/Druide-b63/New-roots-b74. Lang:fr
12:34:39 Listing url is not the same: /fr/Sante-des-femmes-c100/Salus-b126/cat.Url vs /fr/Sante-des-femmes-c100/Salus-b126. Lang:fr
12:34:41 Listing url is not the same: /fr/soin-du-corps-c86/Boiron-b61/New-roots-b74/cat.Url vs /fr/soin-du-corps-c86/Boiron-b61/New-roots-b74. Lang:fr
12:36:28 Listing url is not the same: /fr/Sante-des-femmes-c100/Clef-des-champs-b26/Merveilles-d-Abeilles-b69/Natural-Factors-b71/Nature-Clean-b72/addressLink vs /fr/Sante-des-femmes-c100/Clef-des-champs-b26/Merveilles-d-Abeilles-b69/Natural-Factors-b71/Nature-Clean-b72. Lang:fr
12:36:49 Listing url is not the same: /fr/Antioxydants-c62/Clef-des-champs-b26/Meditrina-b68/Natural-Factors-b71/New-roots-b74/p.Url vs /fr/Antioxydants-c62/Clef-des-champs-b26/Meditrina-b68/Natural-Factors-b71/New-roots-b74. Lang:fr
12:36:49 Listing url is not the same: /fr/Detox-Digestion-c87/A-Vogel-b54/Clef-des-champs-b26/Flora-b123/Natural-Factors-b71/b.Url vs /fr/Detox-Digestion-c87/A-Vogel-b54/Clef-des-champs-b26/Flora-b123/Natural-Factors-b71. Lang:fr
12:36:50 Listing url is not the same: /fr/Fatigue-c99/Clef-des-champs-b26/Le-Tournesol-ANB-b64/Medelys-b128/brand.Url vs /fr/Fatigue-c99/Clef-des-champs-b26/Le-Tournesol-ANB-b64/Medelys-b128. Lang:fr
12:36:51 Listing url is not the same: /fr/Homeopathie-c12/Clef-des-champs-b26/Natural-Factors-b71/Nature-Clean-b72/New-roots-b74/urlBilingual vs /fr/Homeopathie-c12/Clef-des-champs-b26/Natural-Factors-b71/Nature-Clean-b72/New-roots-b74. Lang:fr
12:36:55 Listing url is not the same: /fr/Sommeil-c88/Anokian-b58/Natural-Factors-b71/New-roots-b74/b.Url vs /fr/Sommeil-c88/Anokian-b58/Natural-Factors-b71/New-roots-b74. Lang:fr
12:36:57 Listing url is not the same: /fr/Sommeil-c88/Clef-des-champs-b26/Natural-Factors-b71/Nature-Clean-b72/New-roots-b74/p.UrlBrand vs /fr/Sommeil-c88/Clef-des-champs-b26/Natural-Factors-b71/Nature-Clean-b72/New-roots-b74. Lang:fr
12:36:58 Listing url is not the same: /fr/Stress-c97/Le-Tournesol-ANB-b64/Merveilles-d-Abeilles-b69/New-roots-b74/p.Url vs /fr/Stress-c97/Le-Tournesol-ANB-b64/Merveilles-d-Abeilles-b69/New-roots-b74. Lang:fr
12:36:59 Listing url is not the same: /fr/soin-du-corps-c86/Boiron-b61/Natural-Factors-b71/New-roots-b74/p.Url vs /fr/soin-du-corps-c86/Boiron-b61/Natural-Factors-b71/New-roots-b74. Lang:fr
12:37:00 Listing url is not the same: /fr/soin-du-corps-c86/Clef-des-champs-b26/Natural-Factors-b71/Nature-Clean-b72/New-roots-b74/p.Url vs /fr/soin-du-corps-c86/Clef-des-champs-b26/Natural-Factors-b71/Nature-Clean-b72/New-roots-b74. Lang:fr
12:37:51 Listing url is not the same: /fr/Antioxydants-c62/Clef-des-champs-b26/Healthology-b116/p.UrlBrand vs /fr/Antioxydants-c62/Clef-des-champs-b26/Healthology-b116. Lang:fr
12:37:53 Listing url is not the same: /fr/Inflammation-c98/A-Vogel-b54/Healthology-b116/subcat.Url vs /fr/Inflammation-c98/A-Vogel-b54/Healthology-b116. Lang:fr
12:37:56 Listing url is not the same: /fr/Sante-des-enfants-c108/Clef-des-champs-b26/Le-Tournesol-ANB-b64/Medelys-b128/brand.Url vs /fr/Sante-des-enfants-c108/Clef-des-champs-b26/Le-Tournesol-ANB-b64/Medelys-b128. Lang:fr
12:37:58 Listing url is not the same: /fr/Sommeil-c88/Anokian-b58/Merveilles-d-Abeilles-b69/Natural-Factors-b71/promotion.Url vs /fr/Sommeil-c88/Anokian-b58/Merveilles-d-Abeilles-b69/Natural-Factors-b71. Lang:fr
12:37:59 Listing url is not the same: /fr/Sommeil-c88/Clef-des-champs-b26/Healthology-b116/cat.Url vs /fr/Sommeil-c88/Clef-des-champs-b26/Healthology-b116. Lang:fr
13:34:31 Listing url is not the same: /fr/Sommeil-c88/Boiron-b61/Clef-des-champs-b26/Natural-Factors-b71/Nature-Clean-b72/p.UrlBrand vs /fr/Sommeil-c88/Boiron-b61/Clef-des-champs-b26/Natural-Factors-b71/Nature-Clean-b72. Lang:fr
13:36:14 Listing url is not the same: /fr/Clef-des-champs-b26/Druide-b63/Le-Tournesol-ANB-b64/Natural-Factors-b71/Nature-Clean-b72/New-roots-b74/subcat.Url vs /fr/Clef-des-champs-b26/Druide-b63/Le-Tournesol-ANB-b64/Natural-Factors-b71/Nature-Clean-b72/New-roots-b74. Lang:fr
13:37:07 Listing url is not the same: /fr/Stress-c97/Clef-des-champs-b26/Leo-Desilet-b66/urlBilingual vs /fr/Stress-c97/Clef-des-champs-b26/Leo-Desilet-b66. Lang:fr
13:37:54 Listing url is not the same: /fr/Allergies-c55/Boiron-b61/Clef-des-champs-b26/Natural-Factors-b71/New-roots-b74/addressLink vs /fr/Allergies-c55/Boiron-b61/Clef-des-champs-b26/Natural-Factors-b71/New-roots-b74. Lang:fr
13:37:55 Listing url is not the same: /fr/Allergies-c55/Boiron-b61/Clef-des-champs-b26/Natural-Factors-b71/New-roots-b74/p.UrlBrand vs /fr/Allergies-c55/Boiron-b61/Clef-des-champs-b26/Natural-Factors-b71/New-roots-b74. Lang:fr
13:37:58 Listing url is not the same: /fr/Concentration-memoire-migraine-c56/A-Vogel-b54/Clef-des-champs-b26/Druide-b63/New-roots-b74/urlBilingual vs /fr/Concentration-memoire-migraine-c56/A-Vogel-b54/Clef-des-champs-b26/Druide-b63/New-roots-b74. Lang:fr
13:37:59 Listing url is not the same: /fr/Cosmetique-parfum-et-deodorant-c60/A-Vogel-b54/Anokian-b58/Boiron-b61/Clef-des-champs-b26/promotion.Url vs /fr/Cosmetique-parfum-et-deodorant-c60/A-Vogel-b54/Anokian-b58/Boiron-b61/Clef-des-champs-b26. Lang:fr
13:38:00 Listing url is not the same: /fr/Homeopathie-c12/Boiron-b61/Clef-des-champs-b26/Meditrina-b68/Merveilles-d-Abeilles-b69/p.Url vs /fr/Homeopathie-c12/Boiron-b61/Clef-des-champs-b26/Meditrina-b68/Merveilles-d-Abeilles-b69. Lang:fr
13:38:01 Listing url is not the same: /fr/Homeopathie-c12/Boiron-b61/Clef-des-champs-b26/Natural-Factors-b71/Nature-Clean-b72/promotion.Url vs /fr/Homeopathie-c12/Boiron-b61/Clef-des-champs-b26/Natural-Factors-b71/Nature-Clean-b72. Lang:fr
13:38:05 Listing url is not the same: /fr/Sante-des-enfants-c108/A-Vogel-b54/Boiron-b61/Natural-Factors-b71/Nature-Clean-b72/p.Url vs /fr/Sante-des-enfants-c108/A-Vogel-b54/Boiron-b61/Natural-Factors-b71/Nature-Clean-b72. Lang:fr
13:38:06 Listing url is not the same: /fr/Sante-des-enfants-c108/A-Vogel-b54/Meditrina-b68/Merveilles-d-Abeilles-b69/Natural-Factors-b71/p.Url vs /fr/Sante-des-enfants-c108/A-Vogel-b54/Meditrina-b68/Merveilles-d-Abeilles-b69/Natural-Factors-b71. Lang:fr
13:38:07 Listing url is not the same: /fr/Stress-c97/Boiron-b61/Flora-b123/b.Url vs /fr/Stress-c97/Boiron-b61/Flora-b123. Lang:fr
13:38:08 Listing url is not the same: /fr/Stress-c97/Clef-des-champs-b26/Le-Tournesol-ANB-b64/Merveilles-d-Abeilles-b69/Nature-Clean-b72/p.UrlBrand vs /fr/Stress-c97/Clef-des-champs-b26/Le-Tournesol-ANB-b64/Merveilles-d-Abeilles-b69/Nature-Clean-b72. Lang:fr
13:39:35 Listing url is not the same: /fr/Coeur-et-sante-generale-c106/Clef-des-champs-b26/Le-Tournesol-ANB-b64/Merveilles-d-Abeilles-b69/Natural-Factors-b71/p.Url vs /fr/Coeur-et-sante-generale-c106/Clef-des-champs-b26/Le-Tournesol-ANB-b64/Merveilles-d-Abeilles-b69/Natural-Factors-b71. Lang:fr
13:39:38 Listing url is not the same: /fr/Detox-Digestion-c87/Boiron-b61/New-roots-b74/urlBilingual vs /fr/Detox-Digestion-c87/Boiron-b61/New-roots-b74. Lang:fr
13:39:42 Listing url is not the same: /fr/Rhume-grippe-voie-respiratoire-c57/A-Vogel-b54/Natural-Factors-b71/New-roots-b74/urlBilingual vs /fr/Rhume-grippe-voie-respiratoire-c57/A-Vogel-b54/Natural-Factors-b71/New-roots-b74. Lang:fr
13:39:43 Listing url is not the same: /fr/Sante-des-enfants-c108/Boiron-b61/Clef-des-champs-b26/Meditrina-b68/Natural-Factors-b71/Nature-Clean-b72/subcat.Url vs /fr/Sante-des-enfants-c108/Boiron-b61/Clef-des-champs-b26/Meditrina-b68/Natural-Factors-b71/Nature-Clean-b72. Lang:fr
13:39:44 Listing url is not the same: /fr/Sante-des-enfants-c108/Clef-des-champs-b26/Le-Tournesol-ANB-b64/Medelys-b128/subcat.Url vs /fr/Sante-des-enfants-c108/Clef-des-champs-b26/Le-Tournesol-ANB-b64/Medelys-b128. Lang:fr
13:39:46 Listing url is not the same: /fr/Sante-des-enfants-c108/Clef-des-champs-b26/Numi-tea-b124/p.Url vs /fr/Sante-des-enfants-c108/Clef-des-champs-b26/Numi-tea-b124. Lang:fr
14:44:08 Listing url is not the same: /fr/Sante-des-femmes-c100/Salus-b126/p.UrlBrand vs /fr/Sante-des-femmes-c100/Salus-b126. Lang:fr
14:44:18 Listing url is not the same: /fr/Systeme-immunitaire-c93/A-Vogel-b54/Clef-des-champs-b26/Druide-b63/New-roots-b74/promotion.Url vs /fr/Systeme-immunitaire-c93/A-Vogel-b54/Clef-des-champs-b26/Druide-b63/New-roots-b74. Lang:fr
14:44:31 Listing url is not the same: /fr/Homeopathie-c12/A-Vogel-b54/Medelys-b128/p.Url vs /fr/Homeopathie-c12/A-Vogel-b54/Medelys-b128. Lang:fr
14:44:43 Listing url is not the same: /fr/Detox-Digestion-c87/Anokian-b58/Nature-Clean-b72/addressLink vs /fr/Detox-Digestion-c87/Anokian-b58/Nature-Clean-b72. Lang:fr
14:44:47 Listing url is not the same: /fr/Rhume-grippe-voie-respiratoire-c57/Clef-des-champs-b26/Druide-b63/Flora-b123/cat.Url vs /fr/Rhume-grippe-voie-respiratoire-c57/Clef-des-champs-b26/Druide-b63/Flora-b123. Lang:fr
14:44:49 Listing url is not the same: /fr/Sante-des-femmes-c100/Clef-des-champs-b26/Merveilles-d-Abeilles-b69/Natural-Factors-b71/Nature-Clean-b72/b.Url vs /fr/Sante-des-femmes-c100/Clef-des-champs-b26/Merveilles-d-Abeilles-b69/Natural-Factors-b71/Nature-Clean-b72. Lang:fr
14:44:50 Listing url is not the same: /fr/Sommeil-c88/A-Vogel-b54/Boiron-b61/Clef-des-champs-b26/Druide-b63/Nature-Clean-b72/urlBilingual vs /fr/Sommeil-c88/A-Vogel-b54/Boiron-b61/Clef-des-champs-b26/Druide-b63/Nature-Clean-b72. Lang:fr
14:44:52 Listing url is not the same: /fr/Stress-c97/Clef-des-champs-b26/Leo-Desilet-b66/addressLink vs /fr/Stress-c97/Clef-des-champs-b26/Leo-Desilet-b66. Lang:fr
14:44:53 Listing url is not the same: /fr/Stress-c97/Clef-des-champs-b26/Leo-Desilet-b66/subcat.Url vs /fr/Stress-c97/Clef-des-champs-b26/Leo-Desilet-b66. Lang:fr
15:39:49 Listing url is not the same: /fr/Antioxydants-c62/Merveilles-d-Abeilles-b69/New-roots-b74/b.Url vs /fr/Antioxydants-c62/Merveilles-d-Abeilles-b69/New-roots-b74. Lang:fr
15:40:30 Listing url is not the same: /fr/Detox-Digestion-c87/A-Vogel-b54/Natural-Factors-b71/New-roots-b74/promotion.Url vs /fr/Detox-Digestion-c87/A-Vogel-b54/Natural-Factors-b71/New-roots-b74. Lang:fr
15:40:49 Listing url is not the same: /fr/Stress-c97/Clef-des-champs-b26/Medelys-b128/p.Url vs /fr/Stress-c97/Clef-des-champs-b26/Medelys-b128. Lang:fr
15:41:05 Listing url is not the same: /fr/Stress-c97/Clef-des-champs-b26/Druide-b63/Natural-Factors-b71/New-roots-b74/promotion.Url vs /fr/Stress-c97/Clef-des-champs-b26/Druide-b63/Natural-Factors-b71/New-roots-b74. Lang:fr
16:27:17 Listing url is not the same: /fr/Sommeil-c88/A-Vogel-b54/Clef-des-champs-b26/Nature-Clean-b72/p.Url vs /fr/Sommeil-c88/A-Vogel-b54/Clef-des-champs-b26/Nature-Clean-b72. Lang:fr
16:27:18 Listing url is not the same: /fr/Stress-c97/Clef-des-champs-b26/Medelys-b128/p.UrlBrand vs /fr/Stress-c97/Clef-des-champs-b26/Medelys-b128. Lang:fr
16:27:20 Listing url is not the same: /fr/Systeme-immunitaire-c93/Clef-des-champs-b26/Le-Tournesol-ANB-b64/New-roots-b74/subcat.Url vs /fr/Systeme-immunitaire-c93/Clef-des-champs-b26/Le-Tournesol-ANB-b64/New-roots-b74. Lang:fr
16:27:50 Listing url is not the same: /fr/Sommeil-c88/Boiron-b61/Le-Tournesol-ANB-b64/Natural-Factors-b71/Nature-Clean-b72/addressLink vs /fr/Sommeil-c88/Boiron-b61/Le-Tournesol-ANB-b64/Natural-Factors-b71/Nature-Clean-b72. Lang:fr
16:28:43 Listing url is not the same: /fr/Cosmetique-parfum-et-deodorant-c60/Druide-b63/Medelys-b128/promotion.Url vs /fr/Cosmetique-parfum-et-deodorant-c60/Druide-b63/Medelys-b128. Lang:fr
16:28:48 Listing url is not the same: /fr/Inflammation-c98/A-Vogel-b54/Boiron-b61/Clef-des-champs-b26/Druide-b63/Nature-Clean-b72/subcat.Url vs /fr/Inflammation-c98/A-Vogel-b54/Boiron-b61/Clef-des-champs-b26/Druide-b63/Nature-Clean-b72. Lang:fr
16:28:50 Listing url is not the same: /fr/Sante-des-enfants-c108/Clef-des-champs-b26/Medelys-b128/subcat.Url vs /fr/Sante-des-enfants-c108/Clef-des-champs-b26/Medelys-b128. Lang:fr
16:28:51 Listing url is not the same: /fr/Sante-des-femmes-c100/A-Vogel-b54/Boiron-b61/Clef-des-champs-b26/Merveilles-d-Abeilles-b69/Natural-Factors-b71/subcat.Url vs /fr/Sante-des-femmes-c100/A-Vogel-b54/Boiron-b61/Clef-des-champs-b26/Merveilles-d-Abeilles-b69/Natural-Factors-b71. Lang:fr
16:28:53 Listing url is not the same: /fr/Sante-des-femmes-c100/Clef-des-champs-b26/Le-Tournesol-ANB-b64/Merveilles-d-Abeilles-b69/Nature-Clean-b72/promotion.Url vs /fr/Sante-des-femmes-c100/Clef-des-champs-b26/Le-Tournesol-ANB-b64/Merveilles-d-Abeilles-b69/Nature-Clean-b72. Lang:fr
16:28:54 Listing url is not the same: /fr/Sommeil-c88/A-Vogel-b54/Merveilles-d-Abeilles-b69/Natural-Factors-b71/urlBilingual vs /fr/Sommeil-c88/A-Vogel-b54/Merveilles-d-Abeilles-b69/Natural-Factors-b71. Lang:fr
16:28:57 Listing url is not the same: /fr/Sommeil-c88/Boiron-b61/Le-Tournesol-ANB-b64/Natural-Factors-b71/addressLink vs /fr/Sommeil-c88/Boiron-b61/Le-Tournesol-ANB-b64/Natural-Factors-b71. Lang:fr
16:29:57 Listing url is not the same: /fr/Homeopathie-c12/Boiron-b61/Clef-des-champs-b26/Natural-Factors-b71/Nature-Clean-b72/b.Url vs /fr/Homeopathie-c12/Boiron-b61/Clef-des-champs-b26/Natural-Factors-b71/Nature-Clean-b72. Lang:fr
16:29:58 Listing url is not the same: /fr/Inflammation-c98/Boiron-b61/Clef-des-champs-b26/Druide-b63/Natural-Factors-b71/promotion.Url vs /fr/Inflammation-c98/Boiron-b61/Clef-des-champs-b26/Druide-b63/Natural-Factors-b71. Lang:fr
16:30:01 Listing url is not the same: /fr/Sante-des-enfants-c108/A-Vogel-b54/Natural-Factors-b71/Nature-Clean-b72/New-roots-b74/b.Url vs /fr/Sante-des-enfants-c108/A-Vogel-b54/Natural-Factors-b71/Nature-Clean-b72/New-roots-b74. Lang:fr
16:30:04 Listing url is not the same: /fr/Stress-c97/A-Vogel-b54/Boiron-b61/Druide-b63/Natural-Factors-b71/urlBilingual vs /fr/Stress-c97/A-Vogel-b54/Boiron-b61/Druide-b63/Natural-Factors-b71. Lang:fr
16:31:14 Listing url is not the same: /fr/Coeur-et-sante-generale-c106/Clef-des-champs-b26/Healthology-b116/Kyolic-b115/cat.Url vs /fr/Coeur-et-sante-generale-c106/Clef-des-champs-b26/Healthology-b116/Kyolic-b115. Lang:fr
16:31:15 Listing url is not the same: /fr/Concentration-memoire-migraine-c56/Bach-b137/Natural-Factors-b71/p.UrlBrand vs /fr/Concentration-memoire-migraine-c56/Bach-b137/Natural-Factors-b71. Lang:fr
16:31:17 Listing url is not the same: /fr/Detox-Digestion-c87/Meditrina-b68/New-roots-b74/cat.Url vs /fr/Detox-Digestion-c87/Meditrina-b68/New-roots-b74. Lang:fr
16:31:19 Listing url is not the same: /fr/Inflammation-c98/A-Vogel-b54/Anokian-b58/Boiron-b61/Clef-des-champs-b26/cat.Url vs /fr/Inflammation-c98/A-Vogel-b54/Anokian-b58/Boiron-b61/Clef-des-champs-b26. Lang:fr
16:31:20 Listing url is not the same: /fr/Sante-des-enfants-c108/Clef-des-champs-b26/Le-Tournesol-ANB-b64/Medelys-b128/p.UrlBrand vs /fr/Sante-des-enfants-c108/Clef-des-champs-b26/Le-Tournesol-ANB-b64/Medelys-b128. Lang:fr
16:31:21 Listing url is not the same: /fr/Sante-des-enfants-c108/Leo-Desilet-b66/Merveilles-d-Abeilles-b69/p.Url vs /fr/Sante-des-enfants-c108/Leo-Desilet-b66/Merveilles-d-Abeilles-b69. Lang:fr
16:31:22 Listing url is not the same: /fr/Stress-c97/A-Vogel-b54/Bach-b137/Boiron-b61/Druide-b63/p.UrlBrand vs /fr/Stress-c97/A-Vogel-b54/Bach-b137/Boiron-b61/Druide-b63. Lang:fr
17:21:03 Listing url is not the same: /fr/Antioxydants-c62/Merveilles-d-Abeilles-b69/New-roots-b74/urlBilingual vs /fr/Antioxydants-c62/Merveilles-d-Abeilles-b69/New-roots-b74. Lang:fr
17:21:46 Listing url is not the same: /fr/Chandelles-c70/Merveilles-d-Abeilles-b69/New-roots-b74/promotion.Url vs /fr/Chandelles-c70/Merveilles-d-Abeilles-b69/New-roots-b74. Lang:fr
17:21:53 Listing url is not the same: /fr/Sommeil-c88/A-Vogel-b54/Clef-des-champs-b26/Nature-Clean-b72/subcat.Url vs /fr/Sommeil-c88/A-Vogel-b54/Clef-des-champs-b26/Nature-Clean-b72. Lang:fr
17:22:26 Listing url is not the same: /fr/Stress-c97/Clef-des-champs-b26/Druide-b63/Natural-Factors-b71/New-roots-b74/p.UrlBrand vs /fr/Stress-c97/Clef-des-champs-b26/Druide-b63/Natural-Factors-b71/New-roots-b74. Lang:fr
17:23:57 Listing url is not the same: /fr/Coeur-et-sante-generale-c106/Anokian-b58/Clef-des-champs-b26/Natural-Factors-b71/cat.Url vs /fr/Coeur-et-sante-generale-c106/Anokian-b58/Clef-des-champs-b26/Natural-Factors-b71. Lang:fr
17:24:01 Listing url is not the same: /fr/Detox-Digestion-c87/A-Vogel-b54/Medelys-b128/p.UrlBrand vs /fr/Detox-Digestion-c87/A-Vogel-b54/Medelys-b128. Lang:fr
17:24:52 Listing url is not the same: /fr/Detox-Digestion-c87/A-Vogel-b54/Clef-des-champs-b26/Flora-b123/Natural-Factors-b71/subcat.Url vs /fr/Detox-Digestion-c87/A-Vogel-b54/Clef-des-champs-b26/Flora-b123/Natural-Factors-b71. Lang:fr
17:25:01 Listing url is not the same: /fr/Sante-des-femmes-c100/Boiron-b61/Clef-des-champs-b26/Flora-b123/cat.Url vs /fr/Sante-des-femmes-c100/Boiron-b61/Clef-des-champs-b26/Flora-b123. Lang:fr
17:25:02 Listing url is not the same: /fr/Sommeil-c88/Druide-b63/Natural-Factors-b71/Nature-Clean-b72/p.UrlBrand vs /fr/Sommeil-c88/Druide-b63/Natural-Factors-b71/Nature-Clean-b72. Lang:fr
17:25:04 Listing url is not the same: /fr/Stress-c97/Anokian-b58/Bach-b137/Clef-des-champs-b26/promotion.Url vs /fr/Stress-c97/Anokian-b58/Bach-b137/Clef-des-champs-b26. Lang:fr
17:25:07 Listing url is not the same: /fr/Tisane-c24/Boiron-b61/Druide-b63/p.Url vs /fr/Tisane-c24/Boiron-b61/Druide-b63. Lang:fr
17:25:08 Listing url is not the same: /fr/soin-du-corps-c86/A-Vogel-b54/Boiron-b61/New-roots-b74/b.Url vs /fr/soin-du-corps-c86/A-Vogel-b54/Boiron-b61/New-roots-b74. Lang:fr
17:26:12 Listing url is not the same: /fr/Antioxydants-c62/Le-Tournesol-ANB-b64/Merveilles-d-Abeilles-b69/New-roots-b74/addressLink vs /fr/Antioxydants-c62/Le-Tournesol-ANB-b64/Merveilles-d-Abeilles-b69/New-roots-b74. Lang:fr
17:26:15 Listing url is not the same: /fr/Detox-Digestion-c87/Anokian-b58/Druide-b63/b.Url vs /fr/Detox-Digestion-c87/Anokian-b58/Druide-b63. Lang:fr
17:26:16 Listing url is not the same: /fr/Detox-Digestion-c87/Boiron-b61/Nature-Clean-b72/b.Url vs /fr/Detox-Digestion-c87/Boiron-b61/Nature-Clean-b72. Lang:fr
17:26:19 Listing url is not the same: /fr/Detox-Digestion-c87/Clef-des-champs-b26/Organic-traditions-b127/urlBilingual vs /fr/Detox-Digestion-c87/Clef-des-champs-b26/Organic-traditions-b127. Lang:fr
17:26:21 Listing url is not the same: /fr/Fatigue-c99/Clef-des-champs-b26/Druide-b63/Le-Tournesol-ANB-b64/Meditrina-b68/Natural-Factors-b71/promotion.Url vs /fr/Fatigue-c99/Clef-des-champs-b26/Druide-b63/Le-Tournesol-ANB-b64/Meditrina-b68/Natural-Factors-b71. Lang:fr
17:26:22 Listing url is not the same: /fr/Rhume-grippe-voie-respiratoire-c57/Anokian-b58/Clef-des-champs-b26/Meditrina-b68/b.Url vs /fr/Rhume-grippe-voie-respiratoire-c57/Anokian-b58/Clef-des-champs-b26/Meditrina-b68. Lang:fr
17:26:23 Listing url is not the same: /fr/Sante-des-femmes-c100/Merveilles-d-Abeilles-b69/New-roots-b74/cat.Url vs /fr/Sante-des-femmes-c100/Merveilles-d-Abeilles-b69/New-roots-b74. Lang:fr
17:26:27 Listing url is not the same: /fr/Stress-c97/Merveilles-d-Abeilles-b69/New-roots-b74/brand.Url vs /fr/Stress-c97/Merveilles-d-Abeilles-b69/New-roots-b74. Lang:fr
17:26:28 Listing url is not the same: /fr/Systeme-immunitaire-c93/Clef-des-champs-b26/Numi-tea-b124/b.Url vs /fr/Systeme-immunitaire-c93/Clef-des-champs-b26/Numi-tea-b124. Lang:fr
18:16:12 Listing url is not the same: /fr/Concentration-memoire-migraine-c56/A-Vogel-b54/Natural-Factors-b71/New-roots-b74/b.Url vs /fr/Concentration-memoire-migraine-c56/A-Vogel-b54/Natural-Factors-b71/New-roots-b74. Lang:fr
18:16:14 Listing url is not the same: /fr/Concentration-memoire-migraine-c56/Clef-des-champs-b26/Druide-b63/Flora-b123/urlBilingual vs /fr/Concentration-memoire-migraine-c56/Clef-des-champs-b26/Druide-b63/Flora-b123. Lang:fr
18:16:49 Listing url is not the same: /fr/Homeopathie-c12/A-Vogel-b54/Nature-Clean-b72/New-roots-b74/subcat.Url vs /fr/Homeopathie-c12/A-Vogel-b54/Nature-Clean-b72/New-roots-b74. Lang:fr
18:17:33 Listing url is not the same: /fr/Detox-Digestion-c87/Clef-des-champs-b26/Medelys-b128/brand.Url vs /fr/Detox-Digestion-c87/Clef-des-champs-b26/Medelys-b128. Lang:fr
18:17:36 Listing url is not the same: /fr/Sante-des-enfants-c108/Boiron-b61/Druide-b63/Merveilles-d-Abeilles-b69/p.Url vs /fr/Sante-des-enfants-c108/Boiron-b61/Druide-b63/Merveilles-d-Abeilles-b69. Lang:fr
18:17:36 Listing url is not the same: /fr/Sommeil-c88/Boiron-b61/Le-Tournesol-ANB-b64/Natural-Factors-b71/p.UrlBrand vs /fr/Sommeil-c88/Boiron-b61/Le-Tournesol-ANB-b64/Natural-Factors-b71. Lang:fr
18:18:12 Listing url is not the same: /fr/Allergies-c55/Boiron-b61/Clef-des-champs-b26/Flora-b123/subcat.Url vs /fr/Allergies-c55/Boiron-b61/Clef-des-champs-b26/Flora-b123. Lang:fr
18:18:14 Listing url is not the same: /fr/Fatigue-c99/Anokian-b58/Clef-des-champs-b26/Meditrina-b68/promotion.Url vs /fr/Fatigue-c99/Anokian-b58/Clef-des-champs-b26/Meditrina-b68. Lang:fr
18:18:14 Listing url is not the same: /fr/Homeopathie-c12/Boiron-b61/Le-Tournesol-ANB-b64/Natural-Factors-b71/Nature-Clean-b72/b.Url vs /fr/Homeopathie-c12/Boiron-b61/Le-Tournesol-ANB-b64/Natural-Factors-b71/Nature-Clean-b72. Lang:fr
18:18:23 Listing url is not the same: /fr/Sante-des-enfants-c108/Clef-des-champs-b26/Meditrina-b68/Nature-Clean-b72/New-roots-b74/p.Url vs /fr/Sante-des-enfants-c108/Clef-des-champs-b26/Meditrina-b68/Nature-Clean-b72/New-roots-b74. Lang:fr
18:18:24 Listing url is not the same: /fr/Sante-des-femmes-c100/A-Vogel-b54/Boiron-b61/Natural-Factors-b71/cat.Url vs /fr/Sante-des-femmes-c100/A-Vogel-b54/Boiron-b61/Natural-Factors-b71. Lang:fr
18:18:29 Listing url is not the same: /fr/Sommeil-c88/Bach-b137/Clef-des-champs-b26/New-roots-b74/brand.Url vs /fr/Sommeil-c88/Bach-b137/Clef-des-champs-b26/New-roots-b74. Lang:fr
18:18:30 Listing url is not the same: /fr/Sommeil-c88/Bach-b137/Clef-des-champs-b26/New-roots-b74/urlBilingual vs /fr/Sommeil-c88/Bach-b137/Clef-des-champs-b26/New-roots-b74. Lang:fr
18:18:33 Listing url is not the same: /fr/Sommeil-c88/Druide-b63/Natural-Factors-b71/Nature-Clean-b72/b.Url vs /fr/Sommeil-c88/Druide-b63/Natural-Factors-b71/Nature-Clean-b72. Lang:fr
18:18:34 Listing url is not the same: /fr/Sommeil-c88/Le-Tournesol-ANB-b64/Nature-Clean-b72/New-roots-b74/addressLink vs /fr/Sommeil-c88/Le-Tournesol-ANB-b64/Nature-Clean-b72/New-roots-b74. Lang:fr
18:18:35 Listing url is not the same: /fr/Stress-c97/A-Vogel-b54/Clef-des-champs-b26/Merveilles-d-Abeilles-b69/New-roots-b74/cat.Url vs /fr/Stress-c97/A-Vogel-b54/Clef-des-champs-b26/Merveilles-d-Abeilles-b69/New-roots-b74. Lang:fr
18:18:36 Listing url is not the same: /fr/Stress-c97/Anokian-b58/Bach-b137/Clef-des-champs-b26/brand.Url vs /fr/Stress-c97/Anokian-b58/Bach-b137/Clef-des-champs-b26. Lang:fr
18:18:37 Listing url is not the same: /fr/Systeme-immunitaire-c93/A-Vogel-b54/Druide-b63/Flora-b123/p.Url vs /fr/Systeme-immunitaire-c93/A-Vogel-b54/Druide-b63/Flora-b123. Lang:fr
18:18:38 Listing url is not the same: /fr/soin-du-corps-c86/Boiron-b61/Natural-Factors-b71/New-roots-b74/urlBilingual vs /fr/soin-du-corps-c86/Boiron-b61/Natural-Factors-b71/New-roots-b74. Lang:fr
18:19:14 Listing url is not the same: /fr/Detox-Digestion-c87/Boiron-b61/Nature-Clean-b72/urlBilingual vs /fr/Detox-Digestion-c87/Boiron-b61/Nature-Clean-b72. Lang:fr
18:19:15 Listing url is not the same: /fr/Detox-Digestion-c87/Clef-des-champs-b26/Healthology-b116/cat.Url vs /fr/Detox-Digestion-c87/Clef-des-champs-b26/Healthology-b116. Lang:fr
18:19:16 Listing url is not the same: /fr/Detox-Digestion-c87/Clef-des-champs-b26/Le-Tournesol-ANB-b64/Medelys-b128/subcat.Url vs /fr/Detox-Digestion-c87/Clef-des-champs-b26/Le-Tournesol-ANB-b64/Medelys-b128. Lang:fr
18:19:18 Listing url is not the same: /fr/Homeopathie-c12/A-Vogel-b54/Boiron-b61/Clef-des-champs-b26/Meditrina-b68/Nature-Clean-b72/p.UrlBrand vs /fr/Homeopathie-c12/A-Vogel-b54/Boiron-b61/Clef-des-champs-b26/Meditrina-b68/Nature-Clean-b72. Lang:fr
18:19:19 Listing url is not the same: /fr/Rhume-grippe-voie-respiratoire-c57/Anokian-b58/Clef-des-champs-b26/Natural-Factors-b71/promotion.Url vs /fr/Rhume-grippe-voie-respiratoire-c57/Anokian-b58/Clef-des-champs-b26/Natural-Factors-b71. Lang:fr
18:19:20 Listing url is not the same: /fr/Sommeil-c88/A-Vogel-b54/Boiron-b61/Clef-des-champs-b26/Flora-b123/urlBilingual vs /fr/Sommeil-c88/A-Vogel-b54/Boiron-b61/Clef-des-champs-b26/Flora-b123. Lang:fr
18:19:21 Listing url is not the same: /fr/Stress-c97/Boiron-b61/Le-Tournesol-ANB-b64/Merveilles-d-Abeilles-b69/promotion.Url vs /fr/Stress-c97/Boiron-b61/Le-Tournesol-ANB-b64/Merveilles-d-Abeilles-b69. Lang:fr
19:12:40 Listing url is not the same: /fr/Antioxydants-c62/Merveilles-d-Abeilles-b69/New-roots-b74/subcat.Url vs /fr/Antioxydants-c62/Merveilles-d-Abeilles-b69/New-roots-b74. Lang:fr
19:13:23 Listing url is not the same: /fr/Stress-c97/Clef-des-champs-b26/Medelys-b128/promotion.Url vs /fr/Stress-c97/Clef-des-champs-b26/Medelys-b128. Lang:fr
19:14:40 Listing url is not the same: /fr/Inflammation-c98/A-Vogel-b54/Boiron-b61/Clef-des-champs-b26/Druide-b63/Nature-Clean-b72/p.Url vs /fr/Inflammation-c98/A-Vogel-b54/Boiron-b61/Clef-des-champs-b26/Druide-b63/Nature-Clean-b72. Lang:fr
19:14:42 Listing url is not the same: /fr/Sante-des-femmes-c100/Clef-des-champs-b26/Le-Tournesol-ANB-b64/Merveilles-d-Abeilles-b69/Nature-Clean-b72/b.Url vs /fr/Sante-des-femmes-c100/Clef-des-champs-b26/Le-Tournesol-ANB-b64/Merveilles-d-Abeilles-b69/Nature-Clean-b72. Lang:fr
19:14:43 Listing url is not the same: /fr/Sommeil-c88/A-Vogel-b54/Le-Tournesol-ANB-b64/Natural-Factors-b71/b.Url vs /fr/Sommeil-c88/A-Vogel-b54/Le-Tournesol-ANB-b64/Natural-Factors-b71. Lang:fr
19:14:44 Listing url is not the same: /fr/Systeme-immunitaire-c93/Numi-tea-b124/p.Url vs /fr/Systeme-immunitaire-c93/Numi-tea-b124. Lang:fr
19:15:44 Listing url is not the same: /fr/Allergies-c55/Clef-des-champs-b26/Natural-Factors-b71/Nature-Clean-b72/New-roots-b74/urlBilingual vs /fr/Allergies-c55/Clef-des-champs-b26/Natural-Factors-b71/Nature-Clean-b72/New-roots-b74. Lang:fr
19:15:45 Listing url is not the same: /fr/Concentration-memoire-migraine-c56/Boiron-b61/Clef-des-champs-b26/Druide-b63/New-roots-b74/subcat.Url vs /fr/Concentration-memoire-migraine-c56/Boiron-b61/Clef-des-champs-b26/Druide-b63/New-roots-b74. Lang:fr
19:15:46 Listing url is not the same: /fr/Concentration-memoire-migraine-c56/Merveilles-d-Abeilles-b69/New-roots-b74/p.Url vs /fr/Concentration-memoire-migraine-c56/Merveilles-d-Abeilles-b69/New-roots-b74. Lang:fr
19:15:50 Listing url is not the same: /fr/Homeopathie-c12/Clef-des-champs-b26/Natural-Factors-b71/Nature-Clean-b72/New-roots-b74/subcat.Url vs /fr/Homeopathie-c12/Clef-des-champs-b26/Natural-Factors-b71/Nature-Clean-b72/New-roots-b74. Lang:fr
19:15:51 Listing url is not the same: /fr/Sante-des-enfants-c108/A-Vogel-b54/Druide-b63/Natural-Factors-b71/New-roots-b74/addressLink vs /fr/Sante-des-enfants-c108/A-Vogel-b54/Druide-b63/Natural-Factors-b71/New-roots-b74. Lang:fr
19:15:53 Listing url is not the same: /fr/Stress-c97/Clef-des-champs-b26/Le-Tournesol-ANB-b64/Medelys-b128/addressLink vs /fr/Stress-c97/Clef-des-champs-b26/Le-Tournesol-ANB-b64/Medelys-b128. Lang:fr
19:17:37 Listing url is not the same: /fr/Systeme-immunitaire-c93/Clef-des-champs-b26/Numi-tea-b124/p.Url vs /fr/Systeme-immunitaire-c93/Clef-des-champs-b26/Numi-tea-b124. Lang:fr
20:09:27 Listing url is not the same: /fr/Antioxydants-c62/Le-Tournesol-ANB-b64/New-roots-b74/promotion.Url vs /fr/Antioxydants-c62/Le-Tournesol-ANB-b64/New-roots-b74. Lang:fr
20:09:28 Listing url is not the same: /fr/Coeur-et-sante-generale-c106/Boiron-b61/New-roots-b74/p.UrlBrand vs /fr/Coeur-et-sante-generale-c106/Boiron-b61/New-roots-b74. Lang:fr
20:09:31 Listing url is not the same: /fr/Stress-c97/Clef-des-champs-b26/Medelys-b128/brand.Url vs /fr/Stress-c97/Clef-des-champs-b26/Medelys-b128. Lang:fr
20:10:36 Listing url is not the same: /fr/Cosmetique-parfum-et-deodorant-c60/Druide-b63/Medelys-b128/p.Url vs /fr/Cosmetique-parfum-et-deodorant-c60/Druide-b63/Medelys-b128. Lang:fr
20:10:37 Listing url is not the same: /fr/Detox-Digestion-c87/Clef-des-champs-b26/Medelys-b128/subcat.Url vs /fr/Detox-Digestion-c87/Clef-des-champs-b26/Medelys-b128. Lang:fr
20:10:56 Listing url is not the same: /fr/Inflammation-c98/Clef-des-champs-b26/Leo-Desilet-b66/addressLink vs /fr/Inflammation-c98/Clef-des-champs-b26/Leo-Desilet-b66. Lang:fr
20:11:02 Listing url is not the same: /fr/Sante-des-enfants-c108/Salus-b126/promotion.Url vs /fr/Sante-des-enfants-c108/Salus-b126. Lang:fr
20:11:12 Listing url is not the same: /fr/Sommeil-c88/Clef-des-champs-b26/Merveilles-d-Abeilles-b69/Natural-Factors-b71/Nature-Clean-b72/subcat.Url vs /fr/Sommeil-c88/Clef-des-champs-b26/Merveilles-d-Abeilles-b69/Natural-Factors-b71/Nature-Clean-b72. Lang:fr
20:11:27 Listing url is not the same: /fr/Coeur-et-sante-generale-c106/Boiron-b61/Clef-des-champs-b26/Natural-Factors-b71/New-roots-b74/b.Url vs /fr/Coeur-et-sante-generale-c106/Boiron-b61/Clef-des-champs-b26/Natural-Factors-b71/New-roots-b74. Lang:fr
20:11:38 Listing url is not the same: /fr/Homeopathie-c12/Clef-des-champs-b26/Natural-Factors-b71/Nature-Clean-b72/New-roots-b74/p.Url vs /fr/Homeopathie-c12/Clef-des-champs-b26/Natural-Factors-b71/Nature-Clean-b72/New-roots-b74. Lang:fr
20:11:39 Listing url is not the same: /fr/Sante-des-enfants-c108/A-Vogel-b54/Boiron-b61/Natural-Factors-b71/Nature-Clean-b72/brand.Url vs /fr/Sante-des-enfants-c108/A-Vogel-b54/Boiron-b61/Natural-Factors-b71/Nature-Clean-b72. Lang:fr
20:11:40 Listing url is not the same: /fr/Sante-des-enfants-c108/Bach-b137/Clef-des-champs-b26/New-roots-b74/p.Url vs /fr/Sante-des-enfants-c108/Bach-b137/Clef-des-champs-b26/New-roots-b74. Lang:fr
20:11:41 Listing url is not the same: /fr/Sante-des-enfants-c108/Boiron-b61/Clef-des-champs-b26/Merveilles-d-Abeilles-b69/New-roots-b74/p.Url vs /fr/Sante-des-enfants-c108/Boiron-b61/Clef-des-champs-b26/Merveilles-d-Abeilles-b69/New-roots-b74. Lang:fr
20:11:43 Listing url is not the same: /fr/Stress-c97/Anokian-b58/Bach-b137/Clef-des-champs-b26/subcat.Url vs /fr/Stress-c97/Anokian-b58/Bach-b137/Clef-des-champs-b26. Lang:fr
20:11:43 Listing url is not the same: /fr/Stress-c97/Boiron-b61/Natural-Factors-b71/Nature-Clean-b72/urlBilingual vs /fr/Stress-c97/Boiron-b61/Natural-Factors-b71/Nature-Clean-b72. Lang:fr
20:11:48 Listing url is not the same: /fr/Systeme-immunitaire-c93/Anokian-b58/Clef-des-champs-b26/Meditrina-b68/cat.Url vs /fr/Systeme-immunitaire-c93/Anokian-b58/Clef-des-champs-b26/Meditrina-b68. Lang:fr
20:12:44 Listing url is not the same: /fr/Allergies-c55/A-Vogel-b54/Healthology-b116/cat.Url vs /fr/Allergies-c55/A-Vogel-b54/Healthology-b116. Lang:fr
20:13:02 Listing url is not the same: /fr/Coeur-et-sante-generale-c106/Clef-des-champs-b26/Healthology-b116/Kyolic-b115/addressLink vs /fr/Coeur-et-sante-generale-c106/Clef-des-champs-b26/Healthology-b116/Kyolic-b115. Lang:fr
20:13:10 Listing url is not the same: /fr/Concentration-memoire-migraine-c56/Boiron-b61/Meditrina-b68/New-roots-b74/brand.Url vs /fr/Concentration-memoire-migraine-c56/Boiron-b61/Meditrina-b68/New-roots-b74. Lang:fr
21:05:16 Listing url is not the same: /fr/Sante-des-enfants-c108/Merveilles-d-Abeilles-b69/New-roots-b74/b.Url vs /fr/Sante-des-enfants-c108/Merveilles-d-Abeilles-b69/New-roots-b74. Lang:fr
21:05:25 Listing url is not the same: /fr/soin-du-corps-c86/Boiron-b61/New-roots-b74/subcat.Url vs /fr/soin-du-corps-c86/Boiron-b61/New-roots-b74. Lang:fr
21:06:09 Listing url is not the same: /fr/Tisane-c24/Boiron-b61/b.Url vs /fr/Tisane-c24/Boiron-b61. Lang:fr
21:06:41 Listing url is not the same: /fr/Coeur-et-sante-generale-c106/Boiron-b61/Clef-des-champs-b26/New-roots-b74/p.Url vs /fr/Coeur-et-sante-generale-c106/Boiron-b61/Clef-des-champs-b26/New-roots-b74. Lang:fr
21:06:49 Listing url is not the same: /fr/Detox-Digestion-c87/Clef-des-champs-b26/Leo-Desilet-b66/cat.Url vs /fr/Detox-Digestion-c87/Clef-des-champs-b26/Leo-Desilet-b66. Lang:fr
21:06:56 Listing url is not the same: /fr/Fatigue-c99/Clef-des-champs-b26/Healthology-b116/promotion.Url vs /fr/Fatigue-c99/Clef-des-champs-b26/Healthology-b116. Lang:fr
21:07:18 Listing url is not the same: /fr/Sante-des-enfants-c108/A-Vogel-b54/Clef-des-champs-b26/Natural-Factors-b71/New-roots-b74/subcat.Url vs /fr/Sante-des-enfants-c108/A-Vogel-b54/Clef-des-champs-b26/Natural-Factors-b71/New-roots-b74. Lang:fr
21:07:54 Listing url is not the same: /fr/Systeme-immunitaire-c93/Merveilles-d-Abeilles-b69/New-roots-b74/p.UrlBrand vs /fr/Systeme-immunitaire-c93/Merveilles-d-Abeilles-b69/New-roots-b74. Lang:fr
21:08:22 Listing url is not the same: /fr/Antioxydants-c62/A-Vogel-b54/Boiron-b61/New-roots-b74/urlBilingual vs /fr/Antioxydants-c62/A-Vogel-b54/Boiron-b61/New-roots-b74. Lang:fr
21:08:55 Listing url is not the same: /fr/Homeopathie-c12/Clef-des-champs-b26/Natural-Factors-b71/Nature-Clean-b72/New-roots-b74/p.UrlBrand vs /fr/Homeopathie-c12/Clef-des-champs-b26/Natural-Factors-b71/Nature-Clean-b72/New-roots-b74. Lang:fr
21:09:01 Listing url is not the same: /fr/Inflammation-c98/A-Vogel-b54/Clef-des-champs-b26/Flora-b123/promotion.Url vs /fr/Inflammation-c98/A-Vogel-b54/Clef-des-champs-b26/Flora-b123. Lang:fr
21:09:07 Listing url is not the same: /fr/Sante-des-enfants-c108/A-Vogel-b54/Meditrina-b68/Merveilles-d-Abeilles-b69/Natural-Factors-b71/p.UrlBrand vs /fr/Sante-des-enfants-c108/A-Vogel-b54/Meditrina-b68/Merveilles-d-Abeilles-b69/Natural-Factors-b71. Lang:fr
21:09:11 Listing url is not the same: /fr/Systeme-immunitaire-c93/Boiron-b61/Le-Tournesol-ANB-b64/Natural-Factors-b71/Nature-Clean-b72/addressLink vs /fr/Systeme-immunitaire-c93/Boiron-b61/Le-Tournesol-ANB-b64/Natural-Factors-b71/Nature-Clean-b72. Lang:fr
21:58:31 Listing url is not the same: /fr/Coeur-et-sante-generale-c106/Boiron-b61/New-roots-b74/brand.Url vs /fr/Coeur-et-sante-generale-c106/Boiron-b61/New-roots-b74. Lang:fr
22:01:25 Listing url is not the same: /fr/Inflammation-c98/A-Vogel-b54/Boiron-b61/Clef-des-champs-b26/Druide-b63/Nature-Clean-b72/brand.Url vs /fr/Inflammation-c98/A-Vogel-b54/Boiron-b61/Clef-des-champs-b26/Druide-b63/Nature-Clean-b72. Lang:fr
22:03:33 Listing url is not the same: /fr/Stress-c97/Clef-des-champs-b26/Merveilles-d-Abeilles-b69/Natural-Factors-b71/Nature-Clean-b72/subcat.Url vs /fr/Stress-c97/Clef-des-champs-b26/Merveilles-d-Abeilles-b69/Natural-Factors-b71/Nature-Clean-b72. Lang:fr
22:05:37 Listing url is not the same: /fr/Concentration-memoire-migraine-c56/Boiron-b61/Druide-b63/Natural-Factors-b71/New-roots-b74/brand.Url vs /fr/Concentration-memoire-migraine-c56/Boiron-b61/Druide-b63/Natural-Factors-b71/New-roots-b74. Lang:fr
22:05:53 Listing url is not the same: /fr/Cosmetique-parfum-et-deodorant-c60/A-Vogel-b54/Anokian-b58/Boiron-b61/Clef-des-champs-b26/b.Url vs /fr/Cosmetique-parfum-et-deodorant-c60/A-Vogel-b54/Anokian-b58/Boiron-b61/Clef-des-champs-b26. Lang:fr
22:06:08 Listing url is not the same: /fr/Cosmetique-parfum-et-deodorant-c60/A-Vogel-b54/Anokian-b58/Boiron-b61/Clef-des-champs-b26/subcat.Url vs /fr/Cosmetique-parfum-et-deodorant-c60/A-Vogel-b54/Anokian-b58/Boiron-b61/Clef-des-champs-b26. Lang:fr
22:06:49 Listing url is not the same: /fr/Inflammation-c98/Boiron-b61/Clef-des-champs-b26/Druide-b63/Natural-Factors-b71/p.Url vs /fr/Inflammation-c98/Boiron-b61/Clef-des-champs-b26/Druide-b63/Natural-Factors-b71. Lang:fr
22:07:00 Listing url is not the same: /fr/Inflammation-c98/Boiron-b61/Clef-des-champs-b26/Meditrina-b68/New-roots-b74/subcat.Url vs /fr/Inflammation-c98/Boiron-b61/Clef-des-champs-b26/Meditrina-b68/New-roots-b74. Lang:fr
22:07:20 Listing url is not the same: /fr/Sante-des-enfants-c108/A-Vogel-b54/Boiron-b61/Natural-Factors-b71/Nature-Clean-b72/promotion.Url vs /fr/Sante-des-enfants-c108/A-Vogel-b54/Boiron-b61/Natural-Factors-b71/Nature-Clean-b72. Lang:fr
22:07:43 Listing url is not the same: /fr/Sante-des-femmes-c100/Clef-des-champs-b26/Druide-b63/Le-Tournesol-ANB-b64/Leo-Desilet-b66/addressLink vs /fr/Sante-des-femmes-c100/Clef-des-champs-b26/Druide-b63/Le-Tournesol-ANB-b64/Leo-Desilet-b66. Lang:fr
22:07:53 Listing url is not the same: /fr/Sommeil-c88/A-Vogel-b54/Clef-des-champs-b26/Druide-b63/Merveilles-d-Abeilles-b69/Natural-Factors-b71/p.UrlBrand vs /fr/Sommeil-c88/A-Vogel-b54/Clef-des-champs-b26/Druide-b63/Merveilles-d-Abeilles-b69/Natural-Factors-b71. Lang:fr
22:07:57 Listing url is not the same: /fr/Sommeil-c88/Anokian-b58/Merveilles-d-Abeilles-b69/Natural-Factors-b71/p.Url vs /fr/Sommeil-c88/Anokian-b58/Merveilles-d-Abeilles-b69/Natural-Factors-b71. Lang:fr
22:08:01 Listing url is not the same: /fr/Stress-c97/Boiron-b61/Natural-Factors-b71/Nature-Clean-b72/b.Url vs /fr/Stress-c97/Boiron-b61/Natural-Factors-b71/Nature-Clean-b72. Lang:fr
22:08:04 Listing url is not the same: /fr/Stress-c97/Clef-des-champs-b26/Le-Tournesol-ANB-b64/New-roots-b74/addressLink vs /fr/Stress-c97/Clef-des-champs-b26/Le-Tournesol-ANB-b64/New-roots-b74. Lang:fr
22:08:21 Listing url is not the same: /fr/Antioxydants-c62/Clef-des-champs-b26/Leo-Desilet-b66/addressLink vs /fr/Antioxydants-c62/Clef-des-champs-b26/Leo-Desilet-b66. Lang:fr
22:08:23 Listing url is not the same: /fr/Antioxydants-c62/Medelys-b128/Meditrina-b68/brand.Url vs /fr/Antioxydants-c62/Medelys-b128/Meditrina-b68. Lang:fr
22:08:25 Listing url is not the same: /fr/Cosmetique-parfum-et-deodorant-c60/Druide-b63/Natural-Factors-b71/New-roots-b74/b.Url vs /fr/Cosmetique-parfum-et-deodorant-c60/Druide-b63/Natural-Factors-b71/New-roots-b74. Lang:fr
22:08:28 Listing url is not the same: /fr/Detox-Digestion-c87/Boiron-b61/New-roots-b74/p.UrlBrand vs /fr/Detox-Digestion-c87/Boiron-b61/New-roots-b74. Lang:fr
22:08:30 Listing url is not the same: /fr/Homeopathie-c12/Merveilles-d-Abeilles-b69/New-roots-b74/b.Url vs /fr/Homeopathie-c12/Merveilles-d-Abeilles-b69/New-roots-b74. Lang:fr
22:08:31 Listing url is not the same: /fr/Inflammation-c98/A-Vogel-b54/Anokian-b58/Boiron-b61/Clef-des-champs-b26/brand.Url vs /fr/Inflammation-c98/A-Vogel-b54/Anokian-b58/Boiron-b61/Clef-des-champs-b26. Lang:fr
22:08:34 Listing url is not the same: /fr/Sante-des-enfants-c108/Clef-des-champs-b26/Salus-b126/p.UrlBrand vs /fr/Sante-des-enfants-c108/Clef-des-champs-b26/Salus-b126. Lang:fr
22:08:35 Listing url is not the same: /fr/Sante-des-femmes-c100/Clef-des-champs-b26/Healthology-b116/urlBilingual vs /fr/Sante-des-femmes-c100/Clef-des-champs-b26/Healthology-b116. Lang:fr
22:08:36 Listing url is not the same: /fr/Sante-des-femmes-c100/Clef-des-champs-b26/Numi-tea-b124/cat.Url vs /fr/Sante-des-femmes-c100/Clef-des-champs-b26/Numi-tea-b124. Lang:fr
22:53:42 Listing url is not the same: /fr/Antioxydants-c62/Merveilles-d-Abeilles-b69/New-roots-b74/addressLink vs /fr/Antioxydants-c62/Merveilles-d-Abeilles-b69/New-roots-b74. Lang:fr
22:54:55 Listing url is not the same: /fr/Antioxydants-c62/Le-Tournesol-ANB-b64/New-roots-b74/subcat.Url vs /fr/Antioxydants-c62/Le-Tournesol-ANB-b64/New-roots-b74. Lang:fr
22:55:11 Listing url is not the same: /fr/Concentration-memoire-migraine-c56/Clef-des-champs-b26/Druide-b63/Flora-b123/cat.Url vs /fr/Concentration-memoire-migraine-c56/Clef-des-champs-b26/Druide-b63/Flora-b123. Lang:fr
22:55:45 Listing url is not the same: /fr/Tisane-c24/Numi-tea-b124/p.UrlBrand vs /fr/Tisane-c24/Numi-tea-b124. Lang:fr
22:56:10 Listing url is not the same: /fr/Sommeil-c88/Boiron-b61/Le-Tournesol-ANB-b64/Natural-Factors-b71/b.Url vs /fr/Sommeil-c88/Boiron-b61/Le-Tournesol-ANB-b64/Natural-Factors-b71. Lang:fr
22:56:14 Listing url is not the same: /fr/Concentration-memoire-migraine-c56/Anokian-b58/Clef-des-champs-b26/Natural-Factors-b71/brand.Url vs /fr/Concentration-memoire-migraine-c56/Anokian-b58/Clef-des-champs-b26/Natural-Factors-b71. Lang:fr
22:56:18 Listing url is not the same: /fr/Concentration-memoire-migraine-c56/Clef-des-champs-b26/Flora-b123/Le-Tournesol-ANB-b64/addressLink vs /fr/Concentration-memoire-migraine-c56/Clef-des-champs-b26/Flora-b123/Le-Tournesol-ANB-b64. Lang:fr
22:56:55 Listing url is not the same: /fr/Systeme-immunitaire-c93/Clef-des-champs-b26/Flora-b123/Le-Tournesol-ANB-b64/b.Url vs /fr/Systeme-immunitaire-c93/Clef-des-champs-b26/Flora-b123/Le-Tournesol-ANB-b64. Lang:fr
22:57:26 Listing url is not the same: /fr/Coeur-et-sante-generale-c106/Boiron-b61/Meditrina-b68/New-roots-b74/b.Url vs /fr/Coeur-et-sante-generale-c106/Boiron-b61/Meditrina-b68/New-roots-b74. Lang:fr
22:58:25 Listing url is not the same: /fr/Inflammation-c98/A-Vogel-b54/Anokian-b58/Meditrina-b68/Nature-Clean-b72/p.UrlBrand vs /fr/Inflammation-c98/A-Vogel-b54/Anokian-b58/Meditrina-b68/Nature-Clean-b72. Lang:fr
22:58:42 Listing url is not the same: /fr/Nettoyage-c73/Boiron-b61/Nature-Clean-b72/New-roots-b74/urlBilingual vs /fr/Nettoyage-c73/Boiron-b61/Nature-Clean-b72/New-roots-b74. Lang:fr
22:58:48 Listing url is not the same: /fr/Sante-des-enfants-c108/A-Vogel-b54/Natural-Factors-b71/Nature-Clean-b72/New-roots-b74/urlBilingual vs /fr/Sante-des-enfants-c108/A-Vogel-b54/Natural-Factors-b71/Nature-Clean-b72/New-roots-b74. Lang:fr
22:58:54 Listing url is not the same: /fr/Sante-des-enfants-c108/Boiron-b61/Le-Tournesol-ANB-b64/Nature-Clean-b72/p.Url vs /fr/Sante-des-enfants-c108/Boiron-b61/Le-Tournesol-ANB-b64/Nature-Clean-b72. Lang:fr
22:59:04 Listing url is not the same: /fr/Sommeil-c88/A-Vogel-b54/Clef-des-champs-b26/Druide-b63/Merveilles-d-Abeilles-b69/Natural-Factors-b71/cat.Url vs /fr/Sommeil-c88/A-Vogel-b54/Clef-des-champs-b26/Druide-b63/Merveilles-d-Abeilles-b69/Natural-Factors-b71. Lang:fr
22:59:07 Listing url is not the same: /fr/Sommeil-c88/A-Vogel-b54/Medelys-b128/p.Url vs /fr/Sommeil-c88/A-Vogel-b54/Medelys-b128. Lang:fr
22:59:13 Listing url is not the same: /fr/Stress-c97/A-Vogel-b54/Clef-des-champs-b26/Merveilles-d-Abeilles-b69/New-roots-b74/p.UrlBrand vs /fr/Stress-c97/A-Vogel-b54/Clef-des-champs-b26/Merveilles-d-Abeilles-b69/New-roots-b74. Lang:fr
22:59:15 Listing url is not the same: /fr/Stress-c97/Druide-b63/Le-Tournesol-ANB-b64/Merveilles-d-Abeilles-b69/Natural-Factors-b71/subcat.Url vs /fr/Stress-c97/Druide-b63/Le-Tournesol-ANB-b64/Merveilles-d-Abeilles-b69/Natural-Factors-b71. Lang:fr
22:59:23 Listing url is not the same: /fr/Tisane-c24/Boiron-b61/Druide-b63/cat.Url vs /fr/Tisane-c24/Boiron-b61/Druide-b63. Lang:fr
22:59:31 Listing url is not the same: /fr/A-Vogel-b54/Bach-b137/Boiron-b61/Clef-des-champs-b26/Natural-Factors-b71/Nature-Clean-b72/promotion.Url vs /fr/A-Vogel-b54/Bach-b137/Boiron-b61/Clef-des-champs-b26/Natural-Factors-b71/Nature-Clean-b72. Lang:fr
22:59:32 Listing url is not the same: /fr/Coeur-et-sante-generale-c106/Clef-des-champs-b26/Healthology-b116/Kyolic-b115/urlBilingual vs /fr/Coeur-et-sante-generale-c106/Clef-des-champs-b26/Healthology-b116/Kyolic-b115. Lang:fr
22:59:40 Listing url is not the same: /fr/Sante-des-femmes-c100/A-Vogel-b54/Boiron-b61/Druide-b63/Leo-Desilet-b66/brand.Url vs /fr/Sante-des-femmes-c100/A-Vogel-b54/Boiron-b61/Druide-b63/Leo-Desilet-b66. Lang:fr
22:59:42 Listing url is not the same: /fr/Stress-c97/A-Vogel-b54/Merveilles-d-Abeilles-b69/Natural-Factors-b71/brand.Url vs /fr/Stress-c97/A-Vogel-b54/Merveilles-d-Abeilles-b69/Natural-Factors-b71. Lang:fr
22:59:43 Listing url is not the same: /fr/Stress-c97/Boiron-b61/Druide-b63/Natural-Factors-b71/New-roots-b74/p.Url vs /fr/Stress-c97/Boiron-b61/Druide-b63/Natural-Factors-b71/New-roots-b74. Lang:fr
23:47:41 Listing url is not the same: /fr/Systeme-immunitaire-c93/Clef-des-champs-b26/Druide-b63/Flora-b123/urlBilingual vs /fr/Systeme-immunitaire-c93/Clef-des-champs-b26/Druide-b63/Flora-b123. Lang:fr
23:48:19 Listing url is not the same: /fr/Stress-c97/Anokian-b58/Clef-des-champs-b26/Natural-Factors-b71/cat.Url vs /fr/Stress-c97/Anokian-b58/Clef-des-champs-b26/Natural-Factors-b71. Lang:fr
23:48:24 Listing url is not the same: /fr/soin-du-corps-c86/A-Vogel-b54/Natural-Factors-b71/New-roots-b74/addressLink vs /fr/soin-du-corps-c86/A-Vogel-b54/Natural-Factors-b71/New-roots-b74. Lang:fr
23:49:16 Listing url is not the same: /fr/Sante-des-femmes-c100/A-Vogel-b54/Boiron-b61/Clef-des-champs-b26/Merveilles-d-Abeilles-b69/Natural-Factors-b71/p.Url vs /fr/Sante-des-femmes-c100/A-Vogel-b54/Boiron-b61/Clef-des-champs-b26/Merveilles-d-Abeilles-b69/Natural-Factors-b71. Lang:fr
23:49:22 Listing url is not the same: /fr/Systeme-immunitaire-c93/Clef-des-champs-b26/Le-Tournesol-ANB-b64/New-roots-b74/addressLink vs /fr/Systeme-immunitaire-c93/Clef-des-champs-b26/Le-Tournesol-ANB-b64/New-roots-b74. Lang:fr
23:50:05 Listing url is not the same: /fr/Detox-Digestion-c87/Boiron-b61/Natural-Factors-b71/New-roots-b74/p.UrlBrand vs /fr/Detox-Digestion-c87/Boiron-b61/Natural-Factors-b71/New-roots-b74. Lang:fr
23:50:22 Listing url is not the same: /fr/Inflammation-c98/A-Vogel-b54/Boiron-b61/Clef-des-champs-b26/Druide-b63/Nature-Clean-b72/addressLink vs /fr/Inflammation-c98/A-Vogel-b54/Boiron-b61/Clef-des-champs-b26/Druide-b63/Nature-Clean-b72. Lang:fr
23:51:52 Listing url is not the same: /fr/Detox-Digestion-c87/Anokian-b58/Druide-b63/Natural-Factors-b71/p.UrlBrand vs /fr/Detox-Digestion-c87/Anokian-b58/Druide-b63/Natural-Factors-b71. Lang:fr
23:52:16 Listing url is not the same: /fr/Detox-Digestion-c87/Flora-b123/Meditrina-b68/Natural-Factors-b71/addressLink vs /fr/Detox-Digestion-c87/Flora-b123/Meditrina-b68/Natural-Factors-b71. Lang:fr
23:53:39 Listing url is not the same: /fr/Homeopathie-c12/A-Vogel-b54/Clef-des-champs-b26/Druide-b63/Natural-Factors-b71/b.Url vs /fr/Homeopathie-c12/A-Vogel-b54/Clef-des-champs-b26/Druide-b63/Natural-Factors-b71. Lang:fr
23:54:15 Listing url is not the same: /fr/Homeopathie-c12/Boiron-b61/Clef-des-champs-b26/Meditrina-b68/Merveilles-d-Abeilles-b69/promotion.Url vs /fr/Homeopathie-c12/Boiron-b61/Clef-des-champs-b26/Meditrina-b68/Merveilles-d-Abeilles-b69. Lang:fr
23:54:49 Listing url is not the same: /fr/Inflammation-c98/Boiron-b61/Clef-des-champs-b26/Natural-Factors-b71/Nature-Clean-b72/promotion.Url vs /fr/Inflammation-c98/Boiron-b61/Clef-des-champs-b26/Natural-Factors-b71/Nature-Clean-b72. Lang:fr
23:55:03 Listing url is not the same: /fr/Sante-des-enfants-c108/A-Vogel-b54/Boiron-b61/Natural-Factors-b71/Nature-Clean-b72/cat.Url vs /fr/Sante-des-enfants-c108/A-Vogel-b54/Boiron-b61/Natural-Factors-b71/Nature-Clean-b72. Lang:fr
23:55:30 Listing url is not the same: /fr/Sommeil-c88/Clef-des-champs-b26/Natural-Factors-b71/Nature-Clean-b72/New-roots-b74/addressLink vs /fr/Sommeil-c88/Clef-des-champs-b26/Natural-Factors-b71/Nature-Clean-b72/New-roots-b74. Lang:fr
23:55:41 Listing url is not the same: /fr/Sommeil-c88/Clef-des-champs-b26/Natural-Factors-b71/Nature-Clean-b72/New-roots-b74/b.Url vs /fr/Sommeil-c88/Clef-des-champs-b26/Natural-Factors-b71/Nature-Clean-b72/New-roots-b74. Lang:fr
23:56:11 Listing url is not the same: /fr/soin-du-corps-c86/A-Vogel-b54/Boiron-b61/New-roots-b74/addressLink vs /fr/soin-du-corps-c86/A-Vogel-b54/Boiron-b61/New-roots-b74. Lang:fr
23:56:18 Listing url is not the same: /fr/soin-du-corps-c86/Boiron-b61/Natural-Factors-b71/New-roots-b74/b.Url vs /fr/soin-du-corps-c86/Boiron-b61/Natural-Factors-b71/New-roots-b74. Lang:fr
23:56:31 Listing url is not the same: /fr/Allergies-c55/Boiron-b61/Medelys-b128/promotion.Url vs /fr/Allergies-c55/Boiron-b61/Medelys-b128. Lang:fr
23:56:40 Listing url is not the same: /fr/Antioxydants-c62/Flora-b123/Le-Tournesol-ANB-b64/b.Url vs /fr/Antioxydants-c62/Flora-b123/Le-Tournesol-ANB-b64. Lang:fr
23:56:47 Listing url is not the same: /fr/Chandelles-c70/Le-Tournesol-ANB-b64/Merveilles-d-Abeilles-b69/New-roots-b74/subcat.Url vs /fr/Chandelles-c70/Le-Tournesol-ANB-b64/Merveilles-d-Abeilles-b69/New-roots-b74. Lang:fr
23:56:51 Listing url is not the same: /fr/Homeopathie-c12/A-Vogel-b54/Boiron-b61/Clef-des-champs-b26/Meditrina-b68/Nature-Clean-b72/addressLink vs /fr/Homeopathie-c12/A-Vogel-b54/Boiron-b61/Clef-des-champs-b26/Meditrina-b68/Nature-Clean-b72. Lang:fr
23:57:02 Listing url is not the same: /fr/Sante-des-enfants-c108/Clef-des-champs-b26/Le-Tournesol-ANB-b64/Medelys-b128/b.Url vs /fr/Sante-des-enfants-c108/Clef-des-champs-b26/Le-Tournesol-ANB-b64/Medelys-b128. Lang:fr
23:57:05 Listing url is not the same: /fr/Sante-des-enfants-c108/Clef-des-champs-b26/Le-Tournesol-ANB-b64/Medelys-b128/promotion.Url vs /fr/Sante-des-enfants-c108/Clef-des-champs-b26/Le-Tournesol-ANB-b64/Medelys-b128. Lang:fr
23:57:10 Listing url is not the same: /fr/Sommeil-c88/Anokian-b58/Merveilles-d-Abeilles-b69/Natural-Factors-b71/subcat.Url vs /fr/Sommeil-c88/Anokian-b58/Merveilles-d-Abeilles-b69/Natural-Factors-b71. Lang:fr
23:57:13 Listing url is not the same: /fr/Sommeil-c88/Boiron-b61/Druide-b63/Natural-Factors-b71/New-roots-b74/addressLink vs /fr/Sommeil-c88/Boiron-b61/Druide-b63/Natural-Factors-b71/New-roots-b74. Lang:fr
23:57:16 Listing url is not the same: /fr/Sommeil-c88/Clef-des-champs-b26/Leo-Desilet-b66/promotion.Url vs /fr/Sommeil-c88/Clef-des-champs-b26/Leo-Desilet-b66. Lang:fr
23:57:20 Listing url is not the same: /fr/Stress-c97/Merveilles-d-Abeilles-b69/New-roots-b74/b.Url vs /fr/Stress-c97/Merveilles-d-Abeilles-b69/New-roots-b74. Lang:fr
