00:24:12 Listing url is not the same: /fr/Cosmetique-parfum-et-deodorant-c60/Boiron-b61/Druide-b63/addressLink vs /fr/Cosmetique-parfum-et-deodorant-c60/Boiron-b61/Druide-b63. Lang:fr
02:19:31 Listing url is not the same: /fr/Antioxydants-c62/Meditrina-b68/b.Url vs /fr/Antioxydants-c62/Meditrina-b68. Lang:fr
03:13:39 Listing url is not the same: /fr/Allergies-c55/A-Vogel-b54/subcat.Url vs /fr/Allergies-c55/A-Vogel-b54. Lang:fr
03:17:41 Listing url is not the same: /fr/Antioxydants-c62/Le-Tournesol-ANB-b64/cat.Url vs /fr/Antioxydants-c62/Le-Tournesol-ANB-b64. Lang:fr
03:17:45 Listing url is not the same: /fr/Concentration-memoire-migraine-c56/Druide-b63/subcat.Url vs /fr/Concentration-memoire-migraine-c56/Druide-b63. Lang:fr
07:04:51 Listing url is not the same: /fr/Cosmetique-parfum-et-deodorant-c60/Druide-b63/p.Url vs /fr/Cosmetique-parfum-et-deodorant-c60/Druide-b63. Lang:fr
07:07:19 Listing url is not the same: /fr/Antioxydants-c62/Le-Tournesol-ANB-b64/b.Url vs /fr/Antioxydants-c62/Le-Tournesol-ANB-b64. Lang:fr
10:01:28 Listing url is not the same: /fr/Chandelles-c70/brand.Url vs /fr/Chandelles-c70. Lang:fr
10:58:52 Listing url is not the same: /fr/Allergies-c55/A-Vogel-b54/p.Url vs /fr/Allergies-c55/A-Vogel-b54. Lang:fr
10:59:47 Listing url is not the same: /fr/Rhume-grippe-voie-respiratoire-c57/A-Vogel-b54/promotion.Url vs /fr/Rhume-grippe-voie-respiratoire-c57/A-Vogel-b54. Lang:fr
11:04:46 Listing url is not the same: /fr/Antioxydants-c62/A-Vogel-b54/Clef-des-champs-b26/promotion.Url vs /fr/Antioxydants-c62/A-Vogel-b54/Clef-des-champs-b26. Lang:fr
11:56:23 Listing url is not the same: /fr/Allergies-c55/A-Vogel-b54/p.UrlBrand vs /fr/Allergies-c55/A-Vogel-b54. Lang:fr
11:57:08 Listing url is not the same: /fr/Rhume-grippe-voie-respiratoire-c57/cat.Url vs /fr/Rhume-grippe-voie-respiratoire-c57. Lang:fr
15:51:37 Listing url is not the same: /fr/Cosmetique-parfum-et-deodorant-c60/Boiron-b61/Druide-b63/subcat.Url vs /fr/Cosmetique-parfum-et-deodorant-c60/Boiron-b61/Druide-b63. Lang:fr
16:37:17 Listing url is not the same: /fr/Allergies-c55/A-Vogel-b54/addressLink vs /fr/Allergies-c55/A-Vogel-b54. Lang:fr
16:38:15 Listing url is not the same: /fr/Allergies-c55/Boiron-b61/subcat.Url vs /fr/Allergies-c55/Boiron-b61. Lang:fr
16:38:20 Listing url is not the same: /fr/Nettoyage-c73/subcat.Url vs /fr/Nettoyage-c73. Lang:fr
16:38:26 Listing url is not the same: /fr/Rhume-grippe-voie-respiratoire-c57/promotion.Url vs /fr/Rhume-grippe-voie-respiratoire-c57. Lang:fr
17:45:27 Listing url is not the same: /fr/Antioxydants-c62/b.Url vs /fr/Antioxydants-c62. Lang:fr
18:37:24 Listing url is not the same: /fr/Cosmetique-parfum-et-deodorant-c60/A-Vogel-b54/Druide-b63/p.Url vs /fr/Cosmetique-parfum-et-deodorant-c60/A-Vogel-b54/Druide-b63. Lang:fr
19:16:38 Listing url is not the same: /fr/Sommeil-c88/A-Vogel-b54/Clef-des-champs-b26/Nature-Clean-b72/New-roots-b74/b.Url vs /fr/Sommeil-c88/A-Vogel-b54/Clef-des-champs-b26/Nature-Clean-b72/New-roots-b74. Lang:fr
19:20:17 Listing url is not the same: /fr/Sante-des-enfants-c108/A-Vogel-b54/Kyolic-b115/brand.Url vs /fr/Sante-des-enfants-c108/A-Vogel-b54/Kyolic-b115. Lang:fr
20:12:32 Listing url is not the same: /fr/Nettoyage-c73/Nature-Clean-b72/urlBilingual vs /fr/Nettoyage-c73/Nature-Clean-b72. Lang:fr
21:03:56 Listing url is not the same: /fr/Fatigue-c99/A-Vogel-b54/Boiron-b61/Natural-Factors-b71/Nature-Clean-b72/brand.Url vs /fr/Fatigue-c99/A-Vogel-b54/Boiron-b61/Natural-Factors-b71/Nature-Clean-b72. Lang:fr
21:03:59 Listing url is not the same: /fr/Sommeil-c88/A-Vogel-b54/Clef-des-champs-b26/Nature-Clean-b72/New-roots-b74/subcat.Url vs /fr/Sommeil-c88/A-Vogel-b54/Clef-des-champs-b26/Nature-Clean-b72/New-roots-b74. Lang:fr
21:06:35 Listing url is not the same: /fr/Coeur-et-sante-generale-c106/A-Vogel-b54/Boiron-b61/Natural-Factors-b71/Nature-Clean-b72/urlBilingual vs /fr/Coeur-et-sante-generale-c106/A-Vogel-b54/Boiron-b61/Natural-Factors-b71/Nature-Clean-b72. Lang:fr
21:06:37 Listing url is not the same: /fr/Sommeil-c88/Clef-des-champs-b26/Salus-b126/urlBilingual vs /fr/Sommeil-c88/Clef-des-champs-b26/Salus-b126. Lang:fr
21:06:39 Listing url is not the same: /fr/Systeme-immunitaire-c93/Merveilles-d-Abeilles-b69/Natural-Factors-b71/New-roots-b74/b.Url vs /fr/Systeme-immunitaire-c93/Merveilles-d-Abeilles-b69/Natural-Factors-b71/New-roots-b74. Lang:fr
21:59:07 Listing url is not the same: /fr/Antioxydants-c62/A-Vogel-b54/Le-Tournesol-ANB-b64/New-roots-b74/cat.Url vs /fr/Antioxydants-c62/A-Vogel-b54/Le-Tournesol-ANB-b64/New-roots-b74. Lang:fr
21:59:10 Listing url is not the same: /fr/Coeur-et-sante-generale-c106/Clef-des-champs-b26/Meditrina-b68/Nature-Clean-b72/New-roots-b74/p.UrlBrand vs /fr/Coeur-et-sante-generale-c106/Clef-des-champs-b26/Meditrina-b68/Nature-Clean-b72/New-roots-b74. Lang:fr
21:59:17 Listing url is not the same: /fr/Inflammation-c98/A-Vogel-b54/Clef-des-champs-b26/Le-Tournesol-ANB-b64/Nature-Clean-b72/urlBilingual vs /fr/Inflammation-c98/A-Vogel-b54/Clef-des-champs-b26/Le-Tournesol-ANB-b64/Nature-Clean-b72. Lang:fr
22:49:28 Listing url is not the same: /fr/Sante-des-enfants-c108/Healthology-b116/b.Url vs /fr/Sante-des-enfants-c108/Healthology-b116. Lang:fr
22:52:35 Listing url is not the same: /fr/Detox-Digestion-c87/Merveilles-d-Abeilles-b69/Natural-Factors-b71/New-roots-b74/promotion.Url vs /fr/Detox-Digestion-c87/Merveilles-d-Abeilles-b69/Natural-Factors-b71/New-roots-b74. Lang:fr
22:52:41 Listing url is not the same: /fr/Inflammation-c98/A-Vogel-b54/Clef-des-champs-b26/Le-Tournesol-ANB-b64/Nature-Clean-b72/b.Url vs /fr/Inflammation-c98/A-Vogel-b54/Clef-des-champs-b26/Le-Tournesol-ANB-b64/Nature-Clean-b72. Lang:fr
23:44:01 Listing url is not the same: /fr/Antioxydants-c62/Natural-Factors-b71/cat.Url vs /fr/Antioxydants-c62/Natural-Factors-b71. Lang:fr
23:46:45 Listing url is not the same: /fr/Fatigue-c99/A-Vogel-b54/Clef-des-champs-b26/Druide-b63/Meditrina-b68/New-roots-b74/cat.Url vs /fr/Fatigue-c99/A-Vogel-b54/Clef-des-champs-b26/Druide-b63/Meditrina-b68/New-roots-b74. Lang:fr
23:46:48 Listing url is not the same: /fr/Inflammation-c98/A-Vogel-b54/Clef-des-champs-b26/Le-Tournesol-ANB-b64/Nature-Clean-b72/subcat.Url vs /fr/Inflammation-c98/A-Vogel-b54/Clef-des-champs-b26/Le-Tournesol-ANB-b64/Nature-Clean-b72. Lang:fr
23:46:52 Listing url is not the same: /fr/Stress-c97/A-Vogel-b54/Le-Tournesol-ANB-b64/New-roots-b74/brand.Url vs /fr/Stress-c97/A-Vogel-b54/Le-Tournesol-ANB-b64/New-roots-b74. Lang:fr
23:46:54 Listing url is not the same: /fr/soin-du-corps-c86/Druide-b63/Natural-Factors-b71/New-roots-b74/cat.Url vs /fr/Soin-du-corps-c86/Druide-b63/Natural-Factors-b71/New-roots-b74. Lang:fr
