00:18:11 Listing url is not the same: /fr/Sommeil-c88/A-Vogel-b54/Clef-des-champs-b26/Flora-b123/addressLink vs /fr/Sommeil-c88/A-Vogel-b54/Clef-des-champs-b26/Flora-b123. Lang:fr
00:18:17 Listing url is not the same: /fr/soin-du-corps-c86/A-Vogel-b54/Clef-des-champs-b26/Druide-b63/New-roots-b74/urlBilingual vs /fr/Soin-du-corps-c86/A-Vogel-b54/Clef-des-champs-b26/Druide-b63/New-roots-b74. Lang:fr
00:18:50 Listing url is not the same: /fr/Concentration-memoire-migraine-c56/Boiron-b61/Meditrina-b68/New-roots-b74/p.UrlBrand vs /fr/Concentration-memoire-migraine-c56/Boiron-b61/Meditrina-b68/New-roots-b74. Lang:fr
00:20:09 Listing url is not the same: /fr/Antioxydants-c62/Clef-des-champs-b26/Sisu-b118/b.Url vs /fr/Antioxydants-c62/Clef-des-champs-b26/Sisu-b118. Lang:fr
00:20:13 Listing url is not the same: /fr/Concentration-memoire-migraine-c56/Clef-des-champs-b26/Druide-b63/Meditrina-b68/New-roots-b74/brand.Url vs /fr/Concentration-memoire-migraine-c56/Clef-des-champs-b26/Druide-b63/Meditrina-b68/New-roots-b74. Lang:fr
00:20:20 Listing url is not the same: /fr/Homeopathie-c12/Boiron-b61/Flora-b123/cat.Url vs /fr/Homeopathie-c12/Boiron-b61/Flora-b123. Lang:fr
00:20:26 Listing url is not the same: /fr/Rhume-grippe-voie-respiratoire-c57/A-Vogel-b54/Nature-Clean-b72/New-roots-b74/brand.Url vs /fr/Rhume-grippe-voie-respiratoire-c57/A-Vogel-b54/Nature-Clean-b72/New-roots-b74. Lang:fr
00:20:36 Listing url is not the same: /fr/Systeme-immunitaire-c93/Anokian-b58/Natural-Factors-b71/New-roots-b74/urlBilingual vs /fr/Systeme-immunitaire-c93/Anokian-b58/Natural-Factors-b71/New-roots-b74. Lang:fr
01:12:54 Listing url is not the same: /fr/Homeopathie-c12/Boiron-b61/Clef-des-champs-b26/Druide-b63/Natural-Factors-b71/brand.Url vs /fr/Homeopathie-c12/Boiron-b61/Clef-des-champs-b26/Druide-b63/Natural-Factors-b71. Lang:fr
01:13:49 Listing url is not the same: /fr/Concentration-memoire-migraine-c56/Boiron-b61/Meditrina-b68/New-roots-b74/addressLink vs /fr/Concentration-memoire-migraine-c56/Boiron-b61/Meditrina-b68/New-roots-b74. Lang:fr
01:13:51 Listing url is not the same: /fr/Concentration-memoire-migraine-c56/Boiron-b61/Natural-Factors-b71/New-roots-b74/cat.Url vs /fr/Concentration-memoire-migraine-c56/Boiron-b61/Natural-Factors-b71/New-roots-b74. Lang:fr
01:13:53 Listing url is not the same: /fr/Cosmetique-parfum-et-deodorant-c60/Bach-b137/Druide-b63/promotion.Url vs /fr/Cosmetique-parfum-et-deodorant-c60/Bach-b137/Druide-b63. Lang:fr
01:13:59 Listing url is not the same: /fr/Sante-des-femmes-c100/A-Vogel-b54/Clef-des-champs-b26/Druide-b63/Merveilles-d-Abeilles-b69/Natural-Factors-b71/p.Url vs /fr/Sante-des-femmes-c100/A-Vogel-b54/Clef-des-champs-b26/Druide-b63/Merveilles-d-Abeilles-b69/Natural-Factors-b71. Lang:fr
01:14:03 Listing url is not the same: /fr/Sommeil-c88/A-Vogel-b54/Anokian-b58/Boiron-b61/Clef-des-champs-b26/p.UrlBrand vs /fr/Sommeil-c88/A-Vogel-b54/Anokian-b58/Boiron-b61/Clef-des-champs-b26. Lang:fr
01:14:04 Listing url is not the same: /fr/Systeme-immunitaire-c93/Clef-des-champs-b26/Leo-Desilet-b66/cat.Url vs /fr/Systeme-immunitaire-c93/Clef-des-champs-b26/Leo-Desilet-b66. Lang:fr
01:15:26 Listing url is not the same: /fr/Sante-des-enfants-c108/Anokian-b58/New-roots-b74/p.Url vs /fr/Sante-des-enfants-c108/Anokian-b58/New-roots-b74. Lang:fr
01:15:27 Listing url is not the same: /fr/soin-du-corps-c86/Druide-b63/Meditrina-b68/New-roots-b74/urlBilingual vs /fr/Soin-du-corps-c86/Druide-b63/Meditrina-b68/New-roots-b74. Lang:fr
02:07:21 Listing url is not the same: /fr/Coeur-et-sante-generale-c106/A-Vogel-b54/Boiron-b61/Clef-des-champs-b26/Merveilles-d-Abeilles-b69/Natural-Factors-b71/cat.Url vs /fr/Coeur-et-sante-generale-c106/A-Vogel-b54/Boiron-b61/Clef-des-champs-b26/Merveilles-d-Abeilles-b69/Natural-Factors-b71. Lang:fr
02:07:33 Listing url is not the same: /fr/Fatigue-c99/Clef-des-champs-b26/Leo-Desilet-b66/promotion.Url vs /fr/Fatigue-c99/Clef-des-champs-b26/Leo-Desilet-b66. Lang:fr
02:08:04 Listing url is not the same: /fr/Homeopathie-c12/Druide-b63/Meditrina-b68/New-roots-b74/p.Url vs /fr/Homeopathie-c12/Druide-b63/Meditrina-b68/New-roots-b74. Lang:fr
02:08:09 Listing url is not the same: /fr/Systeme-immunitaire-c93/A-Vogel-b54/Boiron-b61/Clef-des-champs-b26/Nature-Clean-b72/urlBilingual vs /fr/Systeme-immunitaire-c93/A-Vogel-b54/Boiron-b61/Clef-des-champs-b26/Nature-Clean-b72. Lang:fr
02:09:00 Listing url is not the same: /fr/Rhume-grippe-voie-respiratoire-c57/Clef-des-champs-b26/Leo-Desilet-b66/promotion.Url vs /fr/Rhume-grippe-voie-respiratoire-c57/Clef-des-champs-b26/Leo-Desilet-b66. Lang:fr
02:10:28 Listing url is not the same: /fr/Antioxydants-c62/Clef-des-champs-b26/Salus-b126/p.Url vs /fr/Antioxydants-c62/Clef-des-champs-b26/Salus-b126. Lang:fr
02:10:31 Listing url is not the same: /fr/Detox-Digestion-c87/Clef-des-champs-b26/Le-Tournesol-ANB-b64/Medelys-b128/brand.Url vs /fr/Detox-Digestion-c87/Clef-des-champs-b26/Le-Tournesol-ANB-b64/Medelys-b128. Lang:fr
02:11:13 Listing url is not the same: /fr/Sommeil-c88/A-Vogel-b54/Flora-b123/Natural-Factors-b71/urlBilingual vs /fr/Sommeil-c88/A-Vogel-b54/Flora-b123/Natural-Factors-b71. Lang:fr
02:11:57 Listing url is not the same: /fr/Systeme-immunitaire-c93/Druide-b63/Flora-b123/b.Url vs /fr/Systeme-immunitaire-c93/Druide-b63/Flora-b123. Lang:fr
03:05:14 Listing url is not the same: /fr/Sante-des-enfants-c108/A-Vogel-b54/Bach-b137/Boiron-b61/cat.Url vs /fr/Sante-des-enfants-c108/A-Vogel-b54/Bach-b137/Boiron-b61. Lang:fr
03:07:27 Listing url is not the same: /fr/Rhume-grippe-voie-respiratoire-c57/Clef-des-champs-b26/Leo-Desilet-b66/brand.Url vs /fr/Rhume-grippe-voie-respiratoire-c57/Clef-des-champs-b26/Leo-Desilet-b66. Lang:fr
03:07:33 Listing url is not the same: /fr/soin-du-corps-c86/Merveilles-d-Abeilles-b69/New-roots-b74/p.UrlBrand vs /fr/Soin-du-corps-c86/Merveilles-d-Abeilles-b69/New-roots-b74. Lang:fr
03:08:56 Listing url is not the same: /fr/Fatigue-c99/Bach-b137/Druide-b63/p.Url vs /fr/Fatigue-c99/Bach-b137/Druide-b63. Lang:fr
03:09:03 Listing url is not the same: /fr/Sommeil-c88/A-Vogel-b54/Clef-des-champs-b26/Leo-Desilet-b66/subcat.Url vs /fr/Sommeil-c88/A-Vogel-b54/Clef-des-champs-b26/Leo-Desilet-b66. Lang:fr
03:59:59 Listing url is not the same: /fr/Cosmetique-parfum-et-deodorant-c60/Anokian-b58/Clef-des-champs-b26/Natural-Factors-b71/p.Url vs /fr/Cosmetique-parfum-et-deodorant-c60/Anokian-b58/Clef-des-champs-b26/Natural-Factors-b71. Lang:fr
04:00:42 Listing url is not the same: /fr/Antioxydants-c62/Clef-des-champs-b26/Druide-b63/Natural-Factors-b71/New-roots-b74/p.UrlBrand vs /fr/Antioxydants-c62/Clef-des-champs-b26/Druide-b63/Natural-Factors-b71/New-roots-b74. Lang:fr
04:02:00 Listing url is not the same: /fr/Sante-des-femmes-c100/Clef-des-champs-b26/Numi-tea-b124/b.Url vs /fr/Sante-des-femmes-c100/Clef-des-champs-b26/Numi-tea-b124. Lang:fr
04:02:02 Listing url is not the same: /fr/Sommeil-c88/A-Vogel-b54/Anokian-b58/Boiron-b61/Clef-des-champs-b26/b.Url vs /fr/Sommeil-c88/A-Vogel-b54/Anokian-b58/Boiron-b61/Clef-des-champs-b26. Lang:fr
04:03:40 Listing url is not the same: /fr/Cosmetique-parfum-et-deodorant-c60/Boiron-b61/Clef-des-champs-b26/Druide-b63/New-roots-b74/addressLink vs /fr/Cosmetique-parfum-et-deodorant-c60/Boiron-b61/Clef-des-champs-b26/Druide-b63/New-roots-b74. Lang:fr
04:03:45 Listing url is not the same: /fr/soin-du-corps-c86/Clef-des-champs-b26/Le-Tournesol-ANB-b64/New-roots-b74/b.Url vs /fr/Soin-du-corps-c86/Clef-des-champs-b26/Le-Tournesol-ANB-b64/New-roots-b74. Lang:fr
04:54:48 Listing url is not the same: /fr/Concentration-memoire-migraine-c56/Le-Tournesol-ANB-b64/New-roots-b74/cat.Url vs /fr/Concentration-memoire-migraine-c56/Le-Tournesol-ANB-b64/New-roots-b74. Lang:fr
04:56:45 Listing url is not the same: /fr/Cosmetique-parfum-et-deodorant-c60/Clef-des-champs-b26/Druide-b63/Flora-b123/urlBilingual vs /fr/Cosmetique-parfum-et-deodorant-c60/Clef-des-champs-b26/Druide-b63/Flora-b123. Lang:fr
04:56:46 Listing url is not the same: /fr/Rhume-grippe-voie-respiratoire-c57/A-Vogel-b54/Medelys-b128/p.UrlBrand vs /fr/Rhume-grippe-voie-respiratoire-c57/A-Vogel-b54/Medelys-b128. Lang:fr
04:57:17 Listing url is not the same: /fr/Inflammation-c98/Boiron-b61/Natural-Factors-b71/New-roots-b74/cat.Url vs /fr/Inflammation-c98/Boiron-b61/Natural-Factors-b71/New-roots-b74. Lang:fr
04:57:21 Listing url is not the same: /fr/Stress-c97/Boiron-b61/Le-Tournesol-ANB-b64/New-roots-b74/urlBilingual vs /fr/Stress-c97/Boiron-b61/Le-Tournesol-ANB-b64/New-roots-b74. Lang:fr
04:57:22 Listing url is not the same: /fr/Stress-c97/Medelys-b128/subcat.Url vs /fr/Stress-c97/Medelys-b128. Lang:fr
04:58:15 Listing url is not the same: /fr/Systeme-immunitaire-c93/Clef-des-champs-b26/Le-Tournesol-ANB-b64/Merveilles-d-Abeilles-b69/Natural-Factors-b71/p.UrlBrand vs /fr/Systeme-immunitaire-c93/Clef-des-champs-b26/Le-Tournesol-ANB-b64/Merveilles-d-Abeilles-b69/Natural-Factors-b71. Lang:fr
04:59:32 Listing url is not the same: /fr/Fatigue-c99/Bach-b137/Druide-b63/subcat.Url vs /fr/Fatigue-c99/Bach-b137/Druide-b63. Lang:fr
05:52:13 Listing url is not the same: /fr/Homeopathie-c12/A-Vogel-b54/Bach-b137/Boiron-b61/b.Url vs /fr/Homeopathie-c12/A-Vogel-b54/Bach-b137/Boiron-b61. Lang:fr
05:54:52 Listing url is not the same: /fr/Inflammation-c98/Clef-des-champs-b26/Le-Tournesol-ANB-b64/Merveilles-d-Abeilles-b69/Nature-Clean-b72/subcat.Url vs /fr/Inflammation-c98/Clef-des-champs-b26/Le-Tournesol-ANB-b64/Merveilles-d-Abeilles-b69/Nature-Clean-b72. Lang:fr
06:47:57 Listing url is not the same: /fr/Stress-c97/Merveilles-d-Abeilles-b69/New-roots-b74/p.Url vs /fr/Stress-c97/Merveilles-d-Abeilles-b69/New-roots-b74. Lang:fr
06:47:58 Listing url is not the same: /fr/Systeme-immunitaire-c93/A-Vogel-b54/Boiron-b61/Clef-des-champs-b26/Nature-Clean-b72/b.Url vs /fr/Systeme-immunitaire-c93/A-Vogel-b54/Boiron-b61/Clef-des-champs-b26/Nature-Clean-b72. Lang:fr
06:48:39 Listing url is not the same: /fr/Sommeil-c88/Clef-des-champs-b26/Druide-b63/Meditrina-b68/New-roots-b74/p.Url vs /fr/Sommeil-c88/Clef-des-champs-b26/Druide-b63/Meditrina-b68/New-roots-b74. Lang:fr
06:50:00 Listing url is not the same: /fr/Rhume-grippe-voie-respiratoire-c57/Boiron-b61/Clef-des-champs-b26/Natural-Factors-b71/New-roots-b74/addressLink vs /fr/Rhume-grippe-voie-respiratoire-c57/Boiron-b61/Clef-des-champs-b26/Natural-Factors-b71/New-roots-b74. Lang:fr
06:50:03 Listing url is not the same: /fr/Stress-c97/Clef-des-champs-b26/Meditrina-b68/Natural-Factors-b71/New-roots-b74/promotion.Url vs /fr/Stress-c97/Clef-des-champs-b26/Meditrina-b68/Natural-Factors-b71/New-roots-b74. Lang:fr
06:50:04 Listing url is not the same: /fr/Stress-c97/Druide-b63/Flora-b123/addressLink vs /fr/Stress-c97/Druide-b63/Flora-b123. Lang:fr
07:32:45 Listing url is not the same: /fr/Concentration-memoire-migraine-c56/Le-Tournesol-ANB-b64/New-roots-b74/promotion.Url vs /fr/Concentration-memoire-migraine-c56/Le-Tournesol-ANB-b64/New-roots-b74. Lang:fr
07:34:19 Listing url is not the same: /fr/Allergies-c55/Anokian-b58/Clef-des-champs-b26/Natural-Factors-b71/addressLink vs /fr/Allergies-c55/Anokian-b58/Clef-des-champs-b26/Natural-Factors-b71. Lang:fr
07:34:47 Listing url is not the same: /fr/A-Vogel-b54/Bach-b137/Boiron-b61/Clef-des-champs-b26/Natural-Factors-b71/Nature-Clean-b72/p.Url vs /fr/A-Vogel-b54/Bach-b137/Boiron-b61/Clef-des-champs-b26/Natural-Factors-b71/Nature-Clean-b72. Lang:fr
07:35:19 Listing url is not the same: /fr/Rhume-grippe-voie-respiratoire-c57/Clef-des-champs-b26/Healthology-b116/addressLink vs /fr/Rhume-grippe-voie-respiratoire-c57/Clef-des-champs-b26/Healthology-b116. Lang:fr
07:35:27 Listing url is not the same: /fr/Sante-des-femmes-c100/A-Vogel-b54/Clef-des-champs-b26/Nature-Clean-b72/addressLink vs /fr/Sante-des-femmes-c100/A-Vogel-b54/Clef-des-champs-b26/Nature-Clean-b72. Lang:fr
07:35:45 Listing url is not the same: /fr/Sommeil-c88/A-Vogel-b54/Anokian-b58/Boiron-b61/Clef-des-champs-b26/promotion.Url vs /fr/Sommeil-c88/A-Vogel-b54/Anokian-b58/Boiron-b61/Clef-des-champs-b26. Lang:fr
07:36:21 Listing url is not the same: /fr/Allergies-c55/Leo-Desilet-b66/Merveilles-d-Abeilles-b69/Natural-Factors-b71/promotion.Url vs /fr/Allergies-c55/Leo-Desilet-b66/Merveilles-d-Abeilles-b69/Natural-Factors-b71. Lang:fr
07:36:41 Listing url is not the same: /fr/Fatigue-c99/Bach-b137/Natural-Factors-b71/b.Url vs /fr/Fatigue-c99/Bach-b137/Natural-Factors-b71. Lang:fr
07:36:48 Listing url is not the same: /fr/Inflammation-c98/A-Vogel-b54/Boiron-b61/Clef-des-champs-b26/Nature-Clean-b72/subcat.Url vs /fr/Inflammation-c98/A-Vogel-b54/Boiron-b61/Clef-des-champs-b26/Nature-Clean-b72. Lang:fr
07:36:55 Listing url is not the same: /fr/Inflammation-c98/Clef-des-champs-b26/Le-Tournesol-ANB-b64/New-roots-b74/promotion.Url vs /fr/Inflammation-c98/Clef-des-champs-b26/Le-Tournesol-ANB-b64/New-roots-b74. Lang:fr
07:37:29 Listing url is not the same: /fr/Sante-des-femmes-c100/Clef-des-champs-b26/Le-Tournesol-ANB-b64/Merveilles-d-Abeilles-b69/Natural-Factors-b71/addressLink vs /fr/Sante-des-femmes-c100/Clef-des-champs-b26/Le-Tournesol-ANB-b64/Merveilles-d-Abeilles-b69/Natural-Factors-b71. Lang:fr
07:37:32 Listing url is not the same: /fr/Sante-des-femmes-c100/Clef-des-champs-b26/Le-Tournesol-ANB-b64/Merveilles-d-Abeilles-b69/Natural-Factors-b71/subcat.Url vs /fr/Sante-des-femmes-c100/Clef-des-champs-b26/Le-Tournesol-ANB-b64/Merveilles-d-Abeilles-b69/Natural-Factors-b71. Lang:fr
07:37:41 Listing url is not the same: /fr/Sommeil-c88/Anokian-b58/Druide-b63/Natural-Factors-b71/cat.Url vs /fr/Sommeil-c88/Anokian-b58/Druide-b63/Natural-Factors-b71. Lang:fr
07:37:45 Listing url is not the same: /fr/Stress-c97/Boiron-b61/Medelys-b128/addressLink vs /fr/Stress-c97/Boiron-b61/Medelys-b128. Lang:fr
07:37:49 Listing url is not the same: /fr/Systeme-immunitaire-c93/Boiron-b61/Clef-des-champs-b26/Flora-b123/p.UrlBrand vs /fr/Systeme-immunitaire-c93/Boiron-b61/Clef-des-champs-b26/Flora-b123. Lang:fr
07:39:58 Listing url is not the same: /fr/Homeopathie-c12/Boiron-b61/Druide-b63/Le-Tournesol-ANB-b64/Merveilles-d-Abeilles-b69/subcat.Url vs /fr/Homeopathie-c12/Boiron-b61/Druide-b63/Le-Tournesol-ANB-b64/Merveilles-d-Abeilles-b69. Lang:fr
07:40:01 Listing url is not the same: /fr/Inflammation-c98/Flora-b123/p.Url vs /fr/Inflammation-c98/Flora-b123. Lang:fr
07:40:03 Listing url is not the same: /fr/Sante-des-femmes-c100/A-Vogel-b54/Clef-des-champs-b26/Le-Tournesol-ANB-b64/Leo-Desilet-b66/p.Url vs /fr/Sante-des-femmes-c100/A-Vogel-b54/Clef-des-champs-b26/Le-Tournesol-ANB-b64/Leo-Desilet-b66. Lang:fr
07:40:04 Listing url is not the same: /fr/Sante-des-femmes-c100/A-Vogel-b54/Druide-b63/Meditrina-b68/New-roots-b74/subcat.Url vs /fr/Sante-des-femmes-c100/A-Vogel-b54/Druide-b63/Meditrina-b68/New-roots-b74. Lang:fr
07:40:05 Listing url is not the same: /fr/Sommeil-c88/Clef-des-champs-b26/Meditrina-b68/Nature-Clean-b72/New-roots-b74/urlBilingual vs /fr/Sommeil-c88/Clef-des-champs-b26/Meditrina-b68/Nature-Clean-b72/New-roots-b74. Lang:fr
07:40:06 Listing url is not the same: /fr/Stress-c97/A-Vogel-b54/Bach-b137/Clef-des-champs-b26/Le-Tournesol-ANB-b64/addressLink vs /fr/Stress-c97/A-Vogel-b54/Bach-b137/Clef-des-champs-b26/Le-Tournesol-ANB-b64. Lang:fr
08:31:20 Listing url is not the same: /fr/soin-du-corps-c86/Boiron-b61/Clef-des-champs-b26/Druide-b63/New-roots-b74/b.Url vs /fr/Soin-du-corps-c86/Boiron-b61/Clef-des-champs-b26/Druide-b63/New-roots-b74. Lang:fr
08:32:12 Listing url is not the same: /fr/Allergies-c55/A-Vogel-b54/Nature-Clean-b72/New-roots-b74/brand.Url vs /fr/Allergies-c55/A-Vogel-b54/Nature-Clean-b72/New-roots-b74. Lang:fr
08:32:17 Listing url is not the same: /fr/Allergies-c55/A-Vogel-b54/Nature-Clean-b72/New-roots-b74/urlBilingual vs /fr/Allergies-c55/A-Vogel-b54/Nature-Clean-b72/New-roots-b74. Lang:fr
08:32:41 Listing url is not the same: /fr/Sante-des-enfants-c108/Boiron-b61/Meditrina-b68/Natural-Factors-b71/New-roots-b74/p.UrlBrand vs /fr/Sante-des-enfants-c108/Boiron-b61/Meditrina-b68/Natural-Factors-b71/New-roots-b74. Lang:fr
08:32:45 Listing url is not the same: /fr/Sante-des-femmes-c100/Bach-b137/Meditrina-b68/b.Url vs /fr/Sante-des-femmes-c100/Bach-b137/Meditrina-b68. Lang:fr
08:33:01 Listing url is not the same: /fr/Tisane-c24/Clef-des-champs-b26/Numi-tea-b124/brand.Url vs /fr/Tisane-c24/Clef-des-champs-b26/Numi-tea-b124. Lang:fr
08:33:04 Listing url is not the same: /fr/soin-du-corps-c86/Druide-b63/Meditrina-b68/New-roots-b74/cat.Url vs /fr/Soin-du-corps-c86/Druide-b63/Meditrina-b68/New-roots-b74. Lang:fr
08:35:40 Listing url is not the same: /fr/Concentration-memoire-migraine-c56/A-Vogel-b54/Bach-b137/Clef-des-champs-b26/Druide-b63/p.Url vs /fr/Concentration-memoire-migraine-c56/A-Vogel-b54/Bach-b137/Clef-des-champs-b26/Druide-b63. Lang:fr
08:35:46 Listing url is not the same: /fr/Detox-Digestion-c87/Clef-des-champs-b26/Druide-b63/Meditrina-b68/New-roots-b74/promotion.Url vs /fr/Detox-Digestion-c87/Clef-des-champs-b26/Druide-b63/Meditrina-b68/New-roots-b74. Lang:fr
08:35:58 Listing url is not the same: /fr/Sante-des-enfants-c108/Natural-Factors-b71/Salus-b126/urlBilingual vs /fr/Sante-des-enfants-c108/Natural-Factors-b71/Salus-b126. Lang:fr
08:36:00 Listing url is not the same: /fr/Sante-des-femmes-c100/A-Vogel-b54/Boiron-b61/Meditrina-b68/Nature-Clean-b72/urlBilingual vs /fr/Sante-des-femmes-c100/A-Vogel-b54/Boiron-b61/Meditrina-b68/Nature-Clean-b72. Lang:fr
08:36:01 Listing url is not the same: /fr/Sommeil-c88/Clef-des-champs-b26/Druide-b63/Meditrina-b68/Nature-Clean-b72/cat.Url vs /fr/Sommeil-c88/Clef-des-champs-b26/Druide-b63/Meditrina-b68/Nature-Clean-b72. Lang:fr
08:36:03 Listing url is not the same: /fr/Sommeil-c88/Clef-des-champs-b26/Druide-b63/Natural-Factors-b71/New-roots-b74/b.Url vs /fr/Sommeil-c88/Clef-des-champs-b26/Druide-b63/Natural-Factors-b71/New-roots-b74. Lang:fr
08:36:04 Listing url is not the same: /fr/Stress-c97/A-Vogel-b54/Boiron-b61/Clef-des-champs-b26/Nature-Clean-b72/urlBilingual vs /fr/Stress-c97/A-Vogel-b54/Boiron-b61/Clef-des-champs-b26/Nature-Clean-b72. Lang:fr
08:36:12 Listing url is not the same: /fr/Systeme-immunitaire-c93/Anokian-b58/Le-Tournesol-ANB-b64/cat.Url vs /fr/Systeme-immunitaire-c93/Anokian-b58/Le-Tournesol-ANB-b64. Lang:fr
09:26:50 Listing url is not the same: /fr/Sommeil-c88/A-Vogel-b54/Medelys-b128/p.UrlBrand vs /fr/Sommeil-c88/A-Vogel-b54/Medelys-b128. Lang:fr
09:27:08 Listing url is not the same: /fr/Cosmetique-parfum-et-deodorant-c60/Anokian-b58/Clef-des-champs-b26/Natural-Factors-b71/b.Url vs /fr/Cosmetique-parfum-et-deodorant-c60/Anokian-b58/Clef-des-champs-b26/Natural-Factors-b71. Lang:fr
09:29:00 Listing url is not the same: /fr/Homeopathie-c12/A-Vogel-b54/Boiron-b61/Clef-des-champs-b26/Nature-Clean-b72/urlBilingual vs /fr/Homeopathie-c12/A-Vogel-b54/Boiron-b61/Clef-des-champs-b26/Nature-Clean-b72. Lang:fr
09:29:18 Listing url is not the same: /fr/Inflammation-c98/Boiron-b61/Natural-Factors-b71/New-roots-b74/p.UrlBrand vs /fr/Inflammation-c98/Boiron-b61/Natural-Factors-b71/New-roots-b74. Lang:fr
09:29:51 Listing url is not the same: /fr/Sommeil-c88/Bach-b137/New-roots-b74/cat.Url vs /fr/Sommeil-c88/Bach-b137/New-roots-b74. Lang:fr
09:30:06 Listing url is not the same: /fr/Stress-c97/A-Vogel-b54/Clef-des-champs-b26/Le-Tournesol-ANB-b64/Natural-Factors-b71/b.Url vs /fr/Stress-c97/A-Vogel-b54/Clef-des-champs-b26/Le-Tournesol-ANB-b64/Natural-Factors-b71. Lang:fr
09:30:49 Listing url is not the same: /fr/soin-du-corps-c86/A-Vogel-b54/Boiron-b61/New-roots-b74/urlBilingual vs /fr/Soin-du-corps-c86/A-Vogel-b54/Boiron-b61/New-roots-b74. Lang:fr
09:31:00 Listing url is not the same: /fr/A-Vogel-b54/Clef-des-champs-b26/Le-Tournesol-ANB-b64/Merveilles-d-Abeilles-b69/Natural-Factors-b71/Nature-Clean-b72/New-roots-b74/p.Url vs /fr/A-Vogel-b54/Clef-des-champs-b26/Le-Tournesol-ANB-b64/Merveilles-d-Abeilles-b69/Natural-Factors-b71/Nature-Clean-b72/New-roots-b74. Lang:fr
09:31:28 Listing url is not the same: /fr/Inflammation-c98/A-Vogel-b54/Anokian-b58/Boiron-b61/Clef-des-champs-b26/p.Url vs /fr/Inflammation-c98/A-Vogel-b54/Anokian-b58/Boiron-b61/Clef-des-champs-b26. Lang:fr
09:31:48 Listing url is not the same: /fr/Allergies-c55/Druide-b63/Natural-Factors-b71/New-roots-b74/p.Url vs /fr/Allergies-c55/Druide-b63/Natural-Factors-b71/New-roots-b74. Lang:fr
09:31:53 Listing url is not the same: /fr/Antioxydants-c62/Bach-b137/Meditrina-b68/p.Url vs /fr/Antioxydants-c62/Bach-b137/Meditrina-b68. Lang:fr
09:32:00 Listing url is not the same: /fr/Coeur-et-sante-generale-c106/Clef-des-champs-b26/Le-Tournesol-ANB-b64/Merveilles-d-Abeilles-b69/Natural-Factors-b71/subcat.Url vs /fr/Coeur-et-sante-generale-c106/Clef-des-champs-b26/Le-Tournesol-ANB-b64/Merveilles-d-Abeilles-b69/Natural-Factors-b71. Lang:fr
09:32:11 Listing url is not the same: /fr/Homeopathie-c12/Boiron-b61/Clef-des-champs-b26/Flora-b123/p.UrlBrand vs /fr/Homeopathie-c12/Boiron-b61/Clef-des-champs-b26/Flora-b123. Lang:fr
09:32:12 Listing url is not the same: /fr/Inflammation-c98/Druide-b63/Natural-Factors-b71/New-roots-b74/b.Url vs /fr/Inflammation-c98/Druide-b63/Natural-Factors-b71/New-roots-b74. Lang:fr
09:32:13 Listing url is not the same: /fr/Rhume-grippe-voie-respiratoire-c57/A-Vogel-b54/Nature-Clean-b72/New-roots-b74/subcat.Url vs /fr/Rhume-grippe-voie-respiratoire-c57/A-Vogel-b54/Nature-Clean-b72/New-roots-b74. Lang:fr
09:32:14 Listing url is not the same: /fr/Rhume-grippe-voie-respiratoire-c57/Boiron-b61/Clef-des-champs-b26/Flora-b123/cat.Url vs /fr/Rhume-grippe-voie-respiratoire-c57/Boiron-b61/Clef-des-champs-b26/Flora-b123. Lang:fr
09:32:15 Listing url is not the same: /fr/Rhume-grippe-voie-respiratoire-c57/Clef-des-champs-b26/Natural-Factors-b71/Nature-Clean-b72/New-roots-b74/brand.Url vs /fr/Rhume-grippe-voie-respiratoire-c57/Clef-des-champs-b26/Natural-Factors-b71/Nature-Clean-b72/New-roots-b74. Lang:fr
09:32:16 Listing url is not the same: /fr/Sante-des-enfants-c108/A-Vogel-b54/Clef-des-champs-b26/Flora-b123/cat.Url vs /fr/Sante-des-enfants-c108/A-Vogel-b54/Clef-des-champs-b26/Flora-b123. Lang:fr
09:32:17 Listing url is not the same: /fr/Sante-des-femmes-c100/Clef-des-champs-b26/Flora-b123/Natural-Factors-b71/p.UrlBrand vs /fr/Sante-des-femmes-c100/Clef-des-champs-b26/Flora-b123/Natural-Factors-b71. Lang:fr
09:32:18 Listing url is not the same: /fr/Sante-des-femmes-c100/Clef-des-champs-b26/Natural-Factors-b71/Nature-Clean-b72/New-roots-b74/urlBilingual vs /fr/Sante-des-femmes-c100/Clef-des-champs-b26/Natural-Factors-b71/Nature-Clean-b72/New-roots-b74. Lang:fr
09:32:19 Listing url is not the same: /fr/Sante-des-femmes-c100/Meditrina-b68/Merveilles-d-Abeilles-b69/Natural-Factors-b71/Nature-Clean-b72/addressLink vs /fr/Sante-des-femmes-c100/Meditrina-b68/Merveilles-d-Abeilles-b69/Natural-Factors-b71/Nature-Clean-b72. Lang:fr
09:32:20 Listing url is not the same: /fr/soin-du-corps-c86/Clef-des-champs-b26/Le-Tournesol-ANB-b64/New-roots-b74/p.Url vs /fr/Soin-du-corps-c86/Clef-des-champs-b26/Le-Tournesol-ANB-b64/New-roots-b74. Lang:fr
09:32:41 Listing url is not the same: /fr/Allergies-c55/A-Vogel-b54/Clef-des-champs-b26/Natural-Factors-b71/New-roots-b74/promotion.Url vs /fr/Allergies-c55/A-Vogel-b54/Clef-des-champs-b26/Natural-Factors-b71/New-roots-b74. Lang:fr
09:32:43 Listing url is not the same: /fr/Antioxydants-c62/A-Vogel-b54/Druide-b63/Nature-Clean-b72/New-roots-b74/urlBilingual vs /fr/Antioxydants-c62/A-Vogel-b54/Druide-b63/Nature-Clean-b72/New-roots-b74. Lang:fr
09:33:00 Listing url is not the same: /fr/Huiles-magiques-de-wicca-c65/Clef-des-champs-b26/Le-Tournesol-ANB-b64/New-roots-b74/p.UrlBrand vs /fr/Huiles-magiques-de-wicca-c65/Clef-des-champs-b26/Le-Tournesol-ANB-b64/New-roots-b74. Lang:fr
09:33:02 Listing url is not the same: /fr/Inflammation-c98/Clef-des-champs-b26/Meditrina-b68/Nature-Clean-b72/New-roots-b74/p.UrlBrand vs /fr/Inflammation-c98/Clef-des-champs-b26/Meditrina-b68/Nature-Clean-b72/New-roots-b74. Lang:fr
09:33:06 Listing url is not the same: /fr/Sante-des-femmes-c100/A-Vogel-b54/Boiron-b61/Druide-b63/Leo-Desilet-b66/cat.Url vs /fr/Sante-des-femmes-c100/A-Vogel-b54/Boiron-b61/Druide-b63/Leo-Desilet-b66. Lang:fr
09:33:08 Listing url is not the same: /fr/Sante-des-femmes-c100/Bach-b137/Meditrina-b68/promotion.Url vs /fr/Sante-des-femmes-c100/Bach-b137/Meditrina-b68. Lang:fr
09:33:09 Listing url is not the same: /fr/Sante-des-femmes-c100/Clef-des-champs-b26/Healthology-b116/p.UrlBrand vs /fr/Sante-des-femmes-c100/Clef-des-champs-b26/Healthology-b116. Lang:fr
09:33:10 Listing url is not the same: /fr/Sommeil-c88/A-Vogel-b54/Clef-des-champs-b26/Druide-b63/Nature-Clean-b72/New-roots-b74/brand.Url vs /fr/Sommeil-c88/A-Vogel-b54/Clef-des-champs-b26/Druide-b63/Nature-Clean-b72/New-roots-b74. Lang:fr
09:33:14 Listing url is not the same: /fr/Sommeil-c88/Boiron-b61/Clef-des-champs-b26/Merveilles-d-Abeilles-b69/New-roots-b74/p.Url vs /fr/Sommeil-c88/Boiron-b61/Clef-des-champs-b26/Merveilles-d-Abeilles-b69/New-roots-b74. Lang:fr
09:33:15 Listing url is not the same: /fr/Stress-c97/A-Vogel-b54/Bach-b137/Boiron-b61/Le-Tournesol-ANB-b64/cat.Url vs /fr/Stress-c97/A-Vogel-b54/Bach-b137/Boiron-b61/Le-Tournesol-ANB-b64. Lang:fr
09:33:16 Listing url is not the same: /fr/Stress-c97/A-Vogel-b54/Boiron-b61/Clef-des-champs-b26/Nature-Clean-b72/subcat.Url vs /fr/Stress-c97/A-Vogel-b54/Boiron-b61/Clef-des-champs-b26/Nature-Clean-b72. Lang:fr
09:33:20 Listing url is not the same: /fr/Stress-c97/Boiron-b61/Druide-b63/Natural-Factors-b71/New-roots-b74/p.UrlBrand vs /fr/Stress-c97/Boiron-b61/Druide-b63/Natural-Factors-b71/New-roots-b74. Lang:fr
09:33:27 Listing url is not the same: /fr/Systeme-immunitaire-c93/Clef-des-champs-b26/Druide-b63/Nature-Clean-b72/New-roots-b74/cat.Url vs /fr/Systeme-immunitaire-c93/Clef-des-champs-b26/Druide-b63/Nature-Clean-b72/New-roots-b74. Lang:fr
10:20:55 Listing url is not the same: /fr/Antioxydants-c62/Boiron-b61/Natural-Factors-b71/New-roots-b74/p.UrlBrand vs /fr/Antioxydants-c62/Boiron-b61/Natural-Factors-b71/New-roots-b74. Lang:fr
10:21:25 Listing url is not the same: /fr/Homeopathie-c12/A-Vogel-b54/Clef-des-champs-b26/Nature-Clean-b72/brand.Url vs /fr/Homeopathie-c12/A-Vogel-b54/Clef-des-champs-b26/Nature-Clean-b72. Lang:fr
10:22:52 Listing url is not the same: /fr/Fatigue-c99/Clef-des-champs-b26/Leo-Desilet-b66/b.Url vs /fr/Fatigue-c99/Clef-des-champs-b26/Leo-Desilet-b66. Lang:fr
10:23:00 Listing url is not the same: /fr/Sante-des-enfants-c108/Clef-des-champs-b26/Druide-b63/Natural-Factors-b71/New-roots-b74/p.Url vs /fr/Sante-des-enfants-c108/Clef-des-champs-b26/Druide-b63/Natural-Factors-b71/New-roots-b74. Lang:fr
10:23:10 Listing url is not the same: /fr/Sommeil-c88/Clef-des-champs-b26/Leo-Desilet-b66/b.Url vs /fr/Sommeil-c88/Clef-des-champs-b26/Leo-Desilet-b66. Lang:fr
10:24:23 Listing url is not the same: /fr/Sante-des-femmes-c100/Boiron-b61/Natural-Factors-b71/New-roots-b74/urlBilingual vs /fr/Sante-des-femmes-c100/Boiron-b61/Natural-Factors-b71/New-roots-b74. Lang:fr
10:24:32 Listing url is not the same: /fr/Stress-c97/Medelys-b128/cat.Url vs /fr/Stress-c97/Medelys-b128. Lang:fr
10:24:41 Listing url is not the same: /fr/Stress-c97/Merveilles-d-Abeilles-b69/Natural-Factors-b71/Nature-Clean-b72/p.Url vs /fr/Stress-c97/Merveilles-d-Abeilles-b69/Natural-Factors-b71/Nature-Clean-b72. Lang:fr
10:24:48 Listing url is not the same: /fr/soin-du-corps-c86/A-Vogel-b54/Clef-des-champs-b26/Druide-b63/New-roots-b74/p.UrlBrand vs /fr/Soin-du-corps-c86/A-Vogel-b54/Clef-des-champs-b26/Druide-b63/New-roots-b74. Lang:fr
10:25:07 Listing url is not the same: /fr/Detox-Digestion-c87/A-Vogel-b54/Clef-des-champs-b26/Druide-b63/Le-Tournesol-ANB-b64/Natural-Factors-b71/promotion.Url vs /fr/Detox-Digestion-c87/A-Vogel-b54/Clef-des-champs-b26/Druide-b63/Le-Tournesol-ANB-b64/Natural-Factors-b71. Lang:fr
10:25:16 Listing url is not the same: /fr/Homeopathie-c12/A-Vogel-b54/Boiron-b61/Clef-des-champs-b26/Meditrina-b68/Nature-Clean-b72/b.Url vs /fr/Homeopathie-c12/A-Vogel-b54/Boiron-b61/Clef-des-champs-b26/Meditrina-b68/Nature-Clean-b72. Lang:fr
10:25:21 Listing url is not the same: /fr/Rhume-grippe-voie-respiratoire-c57/Anokian-b58/Clef-des-champs-b26/Natural-Factors-b71/urlBilingual vs /fr/Rhume-grippe-voie-respiratoire-c57/Anokian-b58/Clef-des-champs-b26/Natural-Factors-b71. Lang:fr
10:25:24 Listing url is not the same: /fr/Rhume-grippe-voie-respiratoire-c57/Clef-des-champs-b26/Leo-Desilet-b66/p.UrlBrand vs /fr/Rhume-grippe-voie-respiratoire-c57/Clef-des-champs-b26/Leo-Desilet-b66. Lang:fr
10:25:26 Listing url is not the same: /fr/Sante-des-enfants-c108/A-Vogel-b54/Druide-b63/Natural-Factors-b71/New-roots-b74/b.Url vs /fr/Sante-des-enfants-c108/A-Vogel-b54/Druide-b63/Natural-Factors-b71/New-roots-b74. Lang:fr
10:25:27 Listing url is not the same: /fr/Sante-des-femmes-c100/A-Vogel-b54/Clef-des-champs-b26/Druide-b63/Merveilles-d-Abeilles-b69/Natural-Factors-b71/b.Url vs /fr/Sante-des-femmes-c100/A-Vogel-b54/Clef-des-champs-b26/Druide-b63/Merveilles-d-Abeilles-b69/Natural-Factors-b71. Lang:fr
10:25:30 Listing url is not the same: /fr/Sommeil-c88/A-Vogel-b54/Boiron-b61/Clef-des-champs-b26/Druide-b63/Nature-Clean-b72/promotion.Url vs /fr/Sommeil-c88/A-Vogel-b54/Boiron-b61/Clef-des-champs-b26/Druide-b63/Nature-Clean-b72. Lang:fr
10:25:31 Listing url is not the same: /fr/Stress-c97/Merveilles-d-Abeilles-b69/New-roots-b74/subcat.Url vs /fr/Stress-c97/Merveilles-d-Abeilles-b69/New-roots-b74. Lang:fr
10:25:32 Listing url is not the same: /fr/Systeme-immunitaire-c93/Clef-des-champs-b26/Le-Tournesol-ANB-b64/Merveilles-d-Abeilles-b69/Nature-Clean-b72/brand.Url vs /fr/Systeme-immunitaire-c93/Clef-des-champs-b26/Le-Tournesol-ANB-b64/Merveilles-d-Abeilles-b69/Nature-Clean-b72. Lang:fr
10:25:33 Listing url is not the same: /fr/Systeme-immunitaire-c93/Clef-des-champs-b26/Le-Tournesol-ANB-b64/Merveilles-d-Abeilles-b69/Nature-Clean-b72/subcat.Url vs /fr/Systeme-immunitaire-c93/Clef-des-champs-b26/Le-Tournesol-ANB-b64/Merveilles-d-Abeilles-b69/Nature-Clean-b72. Lang:fr
10:25:35 Listing url is not the same: /fr/soin-du-corps-c86/Merveilles-d-Abeilles-b69/New-roots-b74/urlBilingual vs /fr/Soin-du-corps-c86/Merveilles-d-Abeilles-b69/New-roots-b74. Lang:fr
10:27:45 Listing url is not the same: /fr/Concentration-memoire-migraine-c56/Boiron-b61/Clef-des-champs-b26/Druide-b63/New-roots-b74/b.Url vs /fr/Concentration-memoire-migraine-c56/Boiron-b61/Clef-des-champs-b26/Druide-b63/New-roots-b74. Lang:fr
10:27:49 Listing url is not the same: /fr/Detox-Digestion-c87/Le-Tournesol-ANB-b64/Natural-Factors-b71/Nature-Clean-b72/subcat.Url vs /fr/Detox-Digestion-c87/Le-Tournesol-ANB-b64/Natural-Factors-b71/Nature-Clean-b72. Lang:fr
10:27:49 Listing url is not the same: /fr/Homeopathie-c12/Boiron-b61/Flora-b123/p.Url vs /fr/Homeopathie-c12/Boiron-b61/Flora-b123. Lang:fr
10:28:15 Listing url is not the same: /fr/Sante-des-femmes-c100/Clef-des-champs-b26/Le-Tournesol-ANB-b64/Medelys-b128/promotion.Url vs /fr/Sante-des-femmes-c100/Clef-des-champs-b26/Le-Tournesol-ANB-b64/Medelys-b128. Lang:fr
10:28:29 Listing url is not the same: /fr/Sante-des-femmes-c100/Meditrina-b68/Merveilles-d-Abeilles-b69/Natural-Factors-b71/Nature-Clean-b72/urlBilingual vs /fr/Sante-des-femmes-c100/Meditrina-b68/Merveilles-d-Abeilles-b69/Natural-Factors-b71/Nature-Clean-b72. Lang:fr
10:28:42 Listing url is not the same: /fr/Sommeil-c88/Anokian-b58/Druide-b63/Natural-Factors-b71/subcat.Url vs /fr/Sommeil-c88/Anokian-b58/Druide-b63/Natural-Factors-b71. Lang:fr
10:29:06 Listing url is not the same: /fr/Sommeil-c88/Clef-des-champs-b26/Le-Tournesol-ANB-b64/New-roots-b74/b.Url vs /fr/Sommeil-c88/Clef-des-champs-b26/Le-Tournesol-ANB-b64/New-roots-b74. Lang:fr
10:29:16 Listing url is not the same: /fr/Sommeil-c88/Clef-des-champs-b26/Meditrina-b68/Natural-Factors-b71/Nature-Clean-b72/subcat.Url vs /fr/Sommeil-c88/Clef-des-champs-b26/Meditrina-b68/Natural-Factors-b71/Nature-Clean-b72. Lang:fr
10:29:24 Listing url is not the same: /fr/Systeme-immunitaire-c93/A-Vogel-b54/Druide-b63/Medelys-b128/p.Url vs /fr/Systeme-immunitaire-c93/A-Vogel-b54/Druide-b63/Medelys-b128. Lang:fr
10:29:32 Listing url is not the same: /fr/Systeme-immunitaire-c93/Anokian-b58/Clef-des-champs-b26/Meditrina-b68/addressLink vs /fr/Systeme-immunitaire-c93/Anokian-b58/Clef-des-champs-b26/Meditrina-b68. Lang:fr
10:29:39 Listing url is not the same: /fr/Systeme-immunitaire-c93/Boiron-b61/Le-Tournesol-ANB-b64/Natural-Factors-b71/Nature-Clean-b72/subcat.Url vs /fr/Systeme-immunitaire-c93/Boiron-b61/Le-Tournesol-ANB-b64/Natural-Factors-b71/Nature-Clean-b72. Lang:fr
10:29:45 Listing url is not the same: /fr/Systeme-immunitaire-c93/Boiron-b61/Meditrina-b68/New-roots-b74/p.UrlBrand vs /fr/Systeme-immunitaire-c93/Boiron-b61/Meditrina-b68/New-roots-b74. Lang:fr
11:19:11 Listing url is not the same: /fr/Sante-des-enfants-c108/A-Vogel-b54/Bach-b137/Boiron-b61/p.Url vs /fr/Sante-des-enfants-c108/A-Vogel-b54/Bach-b137/Boiron-b61. Lang:fr
11:19:30 Listing url is not the same: /fr/Rhume-grippe-voie-respiratoire-c57/A-Vogel-b54/Medelys-b128/b.Url vs /fr/Rhume-grippe-voie-respiratoire-c57/A-Vogel-b54/Medelys-b128. Lang:fr
11:19:47 Listing url is not the same: /fr/Concentration-memoire-migraine-c56/Boiron-b61/Meditrina-b68/New-roots-b74/b.Url vs /fr/Concentration-memoire-migraine-c56/Boiron-b61/Meditrina-b68/New-roots-b74. Lang:fr
11:20:23 Listing url is not the same: /fr/Sommeil-c88/Clef-des-champs-b26/Druide-b63/Meditrina-b68/Natural-Factors-b71/p.Url vs /fr/Sommeil-c88/Clef-des-champs-b26/Druide-b63/Meditrina-b68/Natural-Factors-b71. Lang:fr
11:21:22 Listing url is not the same: /fr/Coeur-et-sante-generale-c106/A-Vogel-b54/Clef-des-champs-b26/Druide-b63/New-roots-b74/p.UrlBrand vs /fr/Coeur-et-sante-generale-c106/A-Vogel-b54/Clef-des-champs-b26/Druide-b63/New-roots-b74. Lang:fr
11:21:26 Listing url is not the same: /fr/Coeur-et-sante-generale-c106/Boiron-b61/Natural-Factors-b71/Nature-Clean-b72/b.Url vs /fr/Coeur-et-sante-generale-c106/Boiron-b61/Natural-Factors-b71/Nature-Clean-b72. Lang:fr
11:21:32 Listing url is not the same: /fr/Fatigue-c99/Boiron-b61/Clef-des-champs-b26/Leo-Desilet-b66/promotion.Url vs /fr/Fatigue-c99/Boiron-b61/Clef-des-champs-b26/Leo-Desilet-b66. Lang:fr
11:21:35 Listing url is not the same: /fr/Fatigue-c99/Clef-des-champs-b26/Meditrina-b68/Merveilles-d-Abeilles-b69/New-roots-b74/brand.Url vs /fr/Fatigue-c99/Clef-des-champs-b26/Meditrina-b68/Merveilles-d-Abeilles-b69/New-roots-b74. Lang:fr
11:21:37 Listing url is not the same: /fr/Fatigue-c99/Leo-Desilet-b66/Meditrina-b68/p.UrlBrand vs /fr/Fatigue-c99/Leo-Desilet-b66/Meditrina-b68. Lang:fr
11:21:41 Listing url is not the same: /fr/Rhume-grippe-voie-respiratoire-c57/Boiron-b61/Clef-des-champs-b26/Flora-b123/promotion.Url vs /fr/Rhume-grippe-voie-respiratoire-c57/Boiron-b61/Clef-des-champs-b26/Flora-b123. Lang:fr
11:21:42 Listing url is not the same: /fr/Sante-des-enfants-c108/A-Vogel-b54/Boiron-b61/Clef-des-champs-b26/New-roots-b74/brand.Url vs /fr/Sante-des-enfants-c108/A-Vogel-b54/Boiron-b61/Clef-des-champs-b26/New-roots-b74. Lang:fr
11:22:02 Listing url is not the same: /fr/Sante-des-femmes-c100/Clef-des-champs-b26/Flora-b123/Natural-Factors-b71/brand.Url vs /fr/Sante-des-femmes-c100/Clef-des-champs-b26/Flora-b123/Natural-Factors-b71. Lang:fr
11:22:07 Listing url is not the same: /fr/Sommeil-c88/Clef-des-champs-b26/Druide-b63/Meditrina-b68/Natural-Factors-b71/brand.Url vs /fr/Sommeil-c88/Clef-des-champs-b26/Druide-b63/Meditrina-b68/Natural-Factors-b71. Lang:fr
11:22:10 Listing url is not the same: /fr/Sommeil-c88/Clef-des-champs-b26/Le-Tournesol-ANB-b64/Meditrina-b68/Nature-Clean-b72/promotion.Url vs /fr/Sommeil-c88/Clef-des-champs-b26/Le-Tournesol-ANB-b64/Meditrina-b68/Nature-Clean-b72. Lang:fr
11:22:13 Listing url is not the same: /fr/Stress-c97/Bach-b137/New-roots-b74/brand.Url vs /fr/Stress-c97/Bach-b137/New-roots-b74. Lang:fr
11:22:16 Listing url is not the same: /fr/Stress-c97/Bach-b137/New-roots-b74/urlBilingual vs /fr/Stress-c97/Bach-b137/New-roots-b74. Lang:fr
11:22:19 Listing url is not the same: /fr/Systeme-immunitaire-c93/A-Vogel-b54/Anokian-b58/Boiron-b61/Clef-des-champs-b26/subcat.Url vs /fr/Systeme-immunitaire-c93/A-Vogel-b54/Anokian-b58/Boiron-b61/Clef-des-champs-b26. Lang:fr
11:22:21 Listing url is not the same: /fr/Systeme-immunitaire-c93/Boiron-b61/Clef-des-champs-b26/Merveilles-d-Abeilles-b69/New-roots-b74/p.UrlBrand vs /fr/Systeme-immunitaire-c93/Boiron-b61/Clef-des-champs-b26/Merveilles-d-Abeilles-b69/New-roots-b74. Lang:fr
11:22:22 Listing url is not the same: /fr/Systeme-immunitaire-c93/Druide-b63/Flora-b123/cat.Url vs /fr/Systeme-immunitaire-c93/Druide-b63/Flora-b123. Lang:fr
11:22:26 Listing url is not the same: /fr/soin-du-corps-c86/Boiron-b61/Clef-des-champs-b26/Natural-Factors-b71/New-roots-b74/p.Url vs /fr/Soin-du-corps-c86/Boiron-b61/Clef-des-champs-b26/Natural-Factors-b71/New-roots-b74. Lang:fr
11:24:37 Listing url is not the same: /fr/Antioxydants-c62/A-Vogel-b54/Clef-des-champs-b26/Druide-b63/Nature-Clean-b72/New-roots-b74/promotion.Url vs /fr/Antioxydants-c62/A-Vogel-b54/Clef-des-champs-b26/Druide-b63/Nature-Clean-b72/New-roots-b74. Lang:fr
11:24:45 Listing url is not the same: /fr/Antioxydants-c62/Boiron-b61/Leo-Desilet-b66/Meditrina-b68/Natural-Factors-b71/cat.Url vs /fr/Antioxydants-c62/Boiron-b61/Leo-Desilet-b66/Meditrina-b68/Natural-Factors-b71. Lang:fr
11:24:51 Listing url is not the same: /fr/Antioxydants-c62/Boiron-b61/Leo-Desilet-b66/Meditrina-b68/Natural-Factors-b71/promotion.Url vs /fr/Antioxydants-c62/Boiron-b61/Leo-Desilet-b66/Meditrina-b68/Natural-Factors-b71. Lang:fr
11:24:56 Listing url is not the same: /fr/Antioxydants-c62/Boiron-b61/Leo-Desilet-b66/Meditrina-b68/Natural-Factors-b71/urlBilingual vs /fr/Antioxydants-c62/Boiron-b61/Leo-Desilet-b66/Meditrina-b68/Natural-Factors-b71. Lang:fr
11:25:04 Listing url is not the same: /fr/Fatigue-c99/A-Vogel-b54/Bach-b137/Clef-des-champs-b26/Druide-b63/subcat.Url vs /fr/Fatigue-c99/A-Vogel-b54/Bach-b137/Clef-des-champs-b26/Druide-b63. Lang:fr
11:25:13 Listing url is not the same: /fr/Inflammation-c98/A-Vogel-b54/Clef-des-champs-b26/Natural-Factors-b71/New-roots-b74/promotion.Url vs /fr/Inflammation-c98/A-Vogel-b54/Clef-des-champs-b26/Natural-Factors-b71/New-roots-b74. Lang:fr
11:25:15 Listing url is not the same: /fr/Inflammation-c98/Clef-des-champs-b26/Druide-b63/Natural-Factors-b71/New-roots-b74/b.Url vs /fr/Inflammation-c98/Clef-des-champs-b26/Druide-b63/Natural-Factors-b71/New-roots-b74. Lang:fr
11:25:17 Listing url is not the same: /fr/Inflammation-c98/Clef-des-champs-b26/Meditrina-b68/Nature-Clean-b72/New-roots-b74/p.Url vs /fr/Inflammation-c98/Clef-des-champs-b26/Meditrina-b68/Nature-Clean-b72/New-roots-b74. Lang:fr
11:25:18 Listing url is not the same: /fr/Sante-des-enfants-c108/A-Vogel-b54/Anokian-b58/Clef-des-champs-b26/Natural-Factors-b71/cat.Url vs /fr/Sante-des-enfants-c108/A-Vogel-b54/Anokian-b58/Clef-des-champs-b26/Natural-Factors-b71. Lang:fr
11:25:20 Listing url is not the same: /fr/Sante-des-femmes-c100/Boiron-b61/Druide-b63/Meditrina-b68/New-roots-b74/urlBilingual vs /fr/Sante-des-femmes-c100/Boiron-b61/Druide-b63/Meditrina-b68/New-roots-b74. Lang:fr
11:25:22 Listing url is not the same: /fr/Stress-c97/A-Vogel-b54/Clef-des-champs-b26/Natural-Factors-b71/New-roots-b74/p.Url vs /fr/Stress-c97/A-Vogel-b54/Clef-des-champs-b26/Natural-Factors-b71/New-roots-b74. Lang:fr
11:25:24 Listing url is not the same: /fr/Systeme-immunitaire-c93/Druide-b63/Flora-b123/urlBilingual vs /fr/Systeme-immunitaire-c93/Druide-b63/Flora-b123. Lang:fr
12:14:51 Listing url is not the same: /fr/Homeopathie-c12/Merveilles-d-Abeilles-b69/New-roots-b74/p.UrlBrand vs /fr/Homeopathie-c12/Merveilles-d-Abeilles-b69/New-roots-b74. Lang:fr
12:15:42 Listing url is not the same: /fr/Sante-des-enfants-c108/Clef-des-champs-b26/Druide-b63/Natural-Factors-b71/New-roots-b74/subcat.Url vs /fr/Sante-des-enfants-c108/Clef-des-champs-b26/Druide-b63/Natural-Factors-b71/New-roots-b74. Lang:fr
12:16:03 Listing url is not the same: /fr/Fatigue-c99/A-Vogel-b54/Boiron-b61/Clef-des-champs-b26/Nature-Clean-b72/p.Url vs /fr/Fatigue-c99/A-Vogel-b54/Boiron-b61/Clef-des-champs-b26/Nature-Clean-b72. Lang:fr
12:16:06 Listing url is not the same: /fr/Inflammation-c98/A-Vogel-b54/Anokian-b58/Boiron-b61/Clef-des-champs-b26/b.Url vs /fr/Inflammation-c98/A-Vogel-b54/Anokian-b58/Boiron-b61/Clef-des-champs-b26. Lang:fr
12:16:08 Listing url is not the same: /fr/Rhume-grippe-voie-respiratoire-c57/Anokian-b58/Clef-des-champs-b26/Natural-Factors-b71/subcat.Url vs /fr/Rhume-grippe-voie-respiratoire-c57/Anokian-b58/Clef-des-champs-b26/Natural-Factors-b71. Lang:fr
12:17:15 Listing url is not the same: /fr/Antioxydants-c62/Clef-des-champs-b26/Merveilles-d-Abeilles-b69/Nature-Clean-b72/New-roots-b74/addressLink vs /fr/Antioxydants-c62/Clef-des-champs-b26/Merveilles-d-Abeilles-b69/Nature-Clean-b72/New-roots-b74. Lang:fr
12:17:18 Listing url is not the same: /fr/Cosmetique-parfum-et-deodorant-c60/Boiron-b61/Clef-des-champs-b26/Druide-b63/New-roots-b74/urlBilingual vs /fr/Cosmetique-parfum-et-deodorant-c60/Boiron-b61/Clef-des-champs-b26/Druide-b63/New-roots-b74. Lang:fr
12:17:24 Listing url is not the same: /fr/Sante-des-enfants-c108/A-Vogel-b54/Druide-b63/Merveilles-d-Abeilles-b69/p.UrlBrand vs /fr/Sante-des-enfants-c108/A-Vogel-b54/Druide-b63/Merveilles-d-Abeilles-b69. Lang:fr
12:17:25 Listing url is not the same: /fr/Sante-des-enfants-c108/Boiron-b61/Druide-b63/Natural-Factors-b71/New-roots-b74/brand.Url vs /fr/Sante-des-enfants-c108/Boiron-b61/Druide-b63/Natural-Factors-b71/New-roots-b74. Lang:fr
12:17:46 Listing url is not the same: /fr/Sommeil-c88/Anokian-b58/Merveilles-d-Abeilles-b69/Natural-Factors-b71/addressLink vs /fr/Sommeil-c88/Anokian-b58/Merveilles-d-Abeilles-b69/Natural-Factors-b71. Lang:fr
12:20:32 Listing url is not the same: /fr/Antioxydants-c62/A-Vogel-b54/Anokian-b58/Boiron-b61/Clef-des-champs-b26/p.Url vs /fr/Antioxydants-c62/A-Vogel-b54/Anokian-b58/Boiron-b61/Clef-des-champs-b26. Lang:fr
12:20:38 Listing url is not the same: /fr/Antioxydants-c62/Healthology-b116/subcat.Url vs /fr/Antioxydants-c62/Healthology-b116. Lang:fr
12:20:39 Listing url is not the same: /fr/Detox-Digestion-c87/A-Vogel-b54/Boiron-b61/Clef-des-champs-b26/New-roots-b74/cat.Url vs /fr/Detox-Digestion-c87/A-Vogel-b54/Boiron-b61/Clef-des-champs-b26/New-roots-b74. Lang:fr
12:20:40 Listing url is not the same: /fr/Homeopathie-c12/Boiron-b61/Druide-b63/Le-Tournesol-ANB-b64/Merveilles-d-Abeilles-b69/brand.Url vs /fr/Homeopathie-c12/Boiron-b61/Druide-b63/Le-Tournesol-ANB-b64/Merveilles-d-Abeilles-b69. Lang:fr
12:20:41 Listing url is not the same: /fr/Sante-des-enfants-c108/Boiron-b61/Clef-des-champs-b26/Meditrina-b68/Natural-Factors-b71/Nature-Clean-b72/b.Url vs /fr/Sante-des-enfants-c108/Boiron-b61/Clef-des-champs-b26/Meditrina-b68/Natural-Factors-b71/Nature-Clean-b72. Lang:fr
12:20:42 Listing url is not the same: /fr/Sante-des-femmes-c100/A-Vogel-b54/Boiron-b61/Clef-des-champs-b26/Nature-Clean-b72/p.UrlBrand vs /fr/Sante-des-femmes-c100/A-Vogel-b54/Boiron-b61/Clef-des-champs-b26/Nature-Clean-b72. Lang:fr
12:20:43 Listing url is not the same: /fr/Sante-des-femmes-c100/A-Vogel-b54/Clef-des-champs-b26/Druide-b63/Leo-Desilet-b66/cat.Url vs /fr/Sante-des-femmes-c100/A-Vogel-b54/Clef-des-champs-b26/Druide-b63/Leo-Desilet-b66. Lang:fr
12:20:44 Listing url is not the same: /fr/Sante-des-femmes-c100/Clef-des-champs-b26/Meditrina-b68/Nature-Clean-b72/New-roots-b74/brand.Url vs /fr/Sante-des-femmes-c100/Clef-des-champs-b26/Meditrina-b68/Nature-Clean-b72/New-roots-b74. Lang:fr
12:20:47 Listing url is not the same: /fr/Sommeil-c88/Clef-des-champs-b26/Meditrina-b68/Nature-Clean-b72/New-roots-b74/p.UrlBrand vs /fr/Sommeil-c88/Clef-des-champs-b26/Meditrina-b68/Nature-Clean-b72/New-roots-b74. Lang:fr
12:20:49 Listing url is not the same: /fr/Systeme-immunitaire-c93/Anokian-b58/New-roots-b74/cat.Url vs /fr/Systeme-immunitaire-c93/Anokian-b58/New-roots-b74. Lang:fr
13:12:32 Listing url is not the same: /fr/Sommeil-c88/A-Vogel-b54/Medelys-b128/subcat.Url vs /fr/Sommeil-c88/A-Vogel-b54/Medelys-b128. Lang:fr
13:12:43 Listing url is not the same: /fr/Coeur-et-sante-generale-c106/A-Vogel-b54/Boiron-b61/Clef-des-champs-b26/Merveilles-d-Abeilles-b69/Natural-Factors-b71/subcat.Url vs /fr/Coeur-et-sante-generale-c106/A-Vogel-b54/Boiron-b61/Clef-des-champs-b26/Merveilles-d-Abeilles-b69/Natural-Factors-b71. Lang:fr
13:13:06 Listing url is not the same: /fr/Homeopathie-c12/A-Vogel-b54/Boiron-b61/Clef-des-champs-b26/Nature-Clean-b72/cat.Url vs /fr/Homeopathie-c12/A-Vogel-b54/Boiron-b61/Clef-des-champs-b26/Nature-Clean-b72. Lang:fr
13:13:12 Listing url is not the same: /fr/Systeme-immunitaire-c93/A-Vogel-b54/Boiron-b61/Clef-des-champs-b26/Nature-Clean-b72/promotion.Url vs /fr/Systeme-immunitaire-c93/A-Vogel-b54/Boiron-b61/Clef-des-champs-b26/Nature-Clean-b72. Lang:fr
13:13:31 Listing url is not the same: /fr/Sommeil-c88/Clef-des-champs-b26/Druide-b63/Meditrina-b68/Natural-Factors-b71/b.Url vs /fr/Sommeil-c88/Clef-des-champs-b26/Druide-b63/Meditrina-b68/Natural-Factors-b71. Lang:fr
13:14:54 Listing url is not the same: /fr/Allergies-c55/A-Vogel-b54/Nature-Clean-b72/New-roots-b74/subcat.Url vs /fr/Allergies-c55/A-Vogel-b54/Nature-Clean-b72/New-roots-b74. Lang:fr
13:14:56 Listing url is not the same: /fr/Allergies-c55/Boiron-b61/Flora-b123/cat.Url vs /fr/Allergies-c55/Boiron-b61/Flora-b123. Lang:fr
13:15:09 Listing url is not the same: /fr/Fatigue-c99/Boiron-b61/Clef-des-champs-b26/Leo-Desilet-b66/p.UrlBrand vs /fr/Fatigue-c99/Boiron-b61/Clef-des-champs-b26/Leo-Desilet-b66. Lang:fr
13:15:16 Listing url is not the same: /fr/Sante-des-femmes-c100/Clef-des-champs-b26/Le-Tournesol-ANB-b64/Merveilles-d-Abeilles-b69/Natural-Factors-b71/brand.Url vs /fr/Sante-des-femmes-c100/Clef-des-champs-b26/Le-Tournesol-ANB-b64/Merveilles-d-Abeilles-b69/Natural-Factors-b71. Lang:fr
13:15:18 Listing url is not the same: /fr/Sommeil-c88/Clef-des-champs-b26/Meditrina-b68/Natural-Factors-b71/Nature-Clean-b72/b.Url vs /fr/Sommeil-c88/Clef-des-champs-b26/Meditrina-b68/Natural-Factors-b71/Nature-Clean-b72. Lang:fr
13:15:28 Listing url is not the same: /fr/Stress-c97/Bach-b137/New-roots-b74/p.UrlBrand vs /fr/Stress-c97/Bach-b137/New-roots-b74. Lang:fr
13:15:32 Listing url is not the same: /fr/Stress-c97/Boiron-b61/Medelys-b128/subcat.Url vs /fr/Stress-c97/Boiron-b61/Medelys-b128. Lang:fr
13:18:28 Listing url is not the same: /fr/Allergies-c55/A-Vogel-b54/Clef-des-champs-b26/Natural-Factors-b71/New-roots-b74/addressLink vs /fr/Allergies-c55/A-Vogel-b54/Clef-des-champs-b26/Natural-Factors-b71/New-roots-b74. Lang:fr
13:18:30 Listing url is not the same: /fr/Allergies-c55/Clef-des-champs-b26/Meditrina-b68/Natural-Factors-b71/New-roots-b74/promotion.Url vs /fr/Allergies-c55/Clef-des-champs-b26/Meditrina-b68/Natural-Factors-b71/New-roots-b74. Lang:fr
13:18:32 Listing url is not the same: /fr/Allergies-c55/Druide-b63/Joy-Of-the-Mountain-b119/cat.Url vs /fr/Allergies-c55/Druide-b63/Joy-Of-the-Mountain-b119. Lang:fr
13:18:36 Listing url is not the same: /fr/Detox-Digestion-c87/Boiron-b61/Leo-Desilet-b66/Meditrina-b68/Natural-Factors-b71/promotion.Url vs /fr/Detox-Digestion-c87/Boiron-b61/Leo-Desilet-b66/Meditrina-b68/Natural-Factors-b71. Lang:fr
13:18:39 Listing url is not the same: /fr/Inflammation-c98/Clef-des-champs-b26/Meditrina-b68/Nature-Clean-b72/New-roots-b74/promotion.Url vs /fr/Inflammation-c98/Clef-des-champs-b26/Meditrina-b68/Nature-Clean-b72/New-roots-b74. Lang:fr
13:18:42 Listing url is not the same: /fr/Systeme-immunitaire-c93/Anokian-b58/Le-Tournesol-ANB-b64/brand.Url vs /fr/Systeme-immunitaire-c93/Anokian-b58/Le-Tournesol-ANB-b64. Lang:fr
14:09:58 Listing url is not the same: /fr/Coeur-et-sante-generale-c106/A-Vogel-b54/Boiron-b61/Clef-des-champs-b26/Merveilles-d-Abeilles-b69/Natural-Factors-b71/b.Url vs /fr/Coeur-et-sante-generale-c106/A-Vogel-b54/Boiron-b61/Clef-des-champs-b26/Merveilles-d-Abeilles-b69/Natural-Factors-b71. Lang:fr
14:10:09 Listing url is not the same: /fr/Rhume-grippe-voie-respiratoire-c57/A-Vogel-b54/Medelys-b128/brand.Url vs /fr/Rhume-grippe-voie-respiratoire-c57/A-Vogel-b54/Medelys-b128. Lang:fr
14:10:19 Listing url is not the same: /fr/Antioxydants-c62/Clef-des-champs-b26/Le-Tournesol-ANB-b64/New-roots-b74/cat.Url vs /fr/Antioxydants-c62/Clef-des-champs-b26/Le-Tournesol-ANB-b64/New-roots-b74. Lang:fr
14:10:23 Listing url is not the same: /fr/Rhume-grippe-voie-respiratoire-c57/A-Vogel-b54/Boiron-b61/New-roots-b74/brand.Url vs /fr/Rhume-grippe-voie-respiratoire-c57/A-Vogel-b54/Boiron-b61/New-roots-b74. Lang:fr
14:11:05 Listing url is not the same: /fr/A-Vogel-b54/Boiron-b61/Clef-des-champs-b26/Druide-b63/Meditrina-b68/Natural-Factors-b71/Nature-Clean-b72/New-roots-b74/promotion.Url vs /fr/A-Vogel-b54/Boiron-b61/Clef-des-champs-b26/Druide-b63/Meditrina-b68/Natural-Factors-b71/Nature-Clean-b72/New-roots-b74. Lang:fr
14:12:04 Listing url is not the same: /fr/Sommeil-c88/Clef-des-champs-b26/Druide-b63/Meditrina-b68/New-roots-b74/b.Url vs /fr/Sommeil-c88/Clef-des-champs-b26/Druide-b63/Meditrina-b68/New-roots-b74. Lang:fr
14:13:59 Listing url is not the same: /fr/Fatigue-c99/Leo-Desilet-b66/Meditrina-b68/addressLink vs /fr/Fatigue-c99/Leo-Desilet-b66/Meditrina-b68. Lang:fr
14:14:03 Listing url is not the same: /fr/Inflammation-c98/Boiron-b61/Natural-Factors-b71/Nature-Clean-b72/subcat.Url vs /fr/Inflammation-c98/Boiron-b61/Natural-Factors-b71/Nature-Clean-b72. Lang:fr
14:14:04 Listing url is not the same: /fr/Rhume-grippe-voie-respiratoire-c57/Boiron-b61/Clef-des-champs-b26/Natural-Factors-b71/New-roots-b74/promotion.Url vs /fr/Rhume-grippe-voie-respiratoire-c57/Boiron-b61/Clef-des-champs-b26/Natural-Factors-b71/New-roots-b74. Lang:fr
14:14:05 Listing url is not the same: /fr/Sante-des-enfants-c108/A-Vogel-b54/Boiron-b61/Clef-des-champs-b26/New-roots-b74/cat.Url vs /fr/Sante-des-enfants-c108/A-Vogel-b54/Boiron-b61/Clef-des-champs-b26/New-roots-b74. Lang:fr
14:14:14 Listing url is not the same: /fr/Sommeil-c88/A-Vogel-b54/Clef-des-champs-b26/Leo-Desilet-b66/p.UrlBrand vs /fr/Sommeil-c88/A-Vogel-b54/Clef-des-champs-b26/Leo-Desilet-b66. Lang:fr
14:14:16 Listing url is not the same: /fr/Sommeil-c88/Boiron-b61/Natural-Factors-b71/Nature-Clean-b72/brand.Url vs /fr/Sommeil-c88/Boiron-b61/Natural-Factors-b71/Nature-Clean-b72. Lang:fr
14:14:17 Listing url is not the same: /fr/Sommeil-c88/Boiron-b61/Natural-Factors-b71/Nature-Clean-b72/promotion.Url vs /fr/Sommeil-c88/Boiron-b61/Natural-Factors-b71/Nature-Clean-b72. Lang:fr
14:14:39 Listing url is not the same: /fr/Stress-c97/A-Vogel-b54/Boiron-b61/Clef-des-champs-b26/Druide-b63/Natural-Factors-b71/Nature-Clean-b72/addressLink vs /fr/Stress-c97/A-Vogel-b54/Boiron-b61/Clef-des-champs-b26/Druide-b63/Natural-Factors-b71/Nature-Clean-b72. Lang:fr
14:14:53 Listing url is not the same: /fr/Stress-c97/Clef-des-champs-b26/Le-Tournesol-ANB-b64/Merveilles-d-Abeilles-b69/Natural-Factors-b71/cat.Url vs /fr/Stress-c97/Clef-des-champs-b26/Le-Tournesol-ANB-b64/Merveilles-d-Abeilles-b69/Natural-Factors-b71. Lang:fr
14:18:26 Listing url is not the same: /fr/Inflammation-c98/A-Vogel-b54/Boiron-b61/Le-Tournesol-ANB-b64/Meditrina-b68/b.Url vs /fr/Inflammation-c98/A-Vogel-b54/Boiron-b61/Le-Tournesol-ANB-b64/Meditrina-b68. Lang:fr
15:18:59 Listing url is not the same: /fr/Antioxydants-c62/Le-Tournesol-ANB-b64/New-roots-b74/promotion.Url vs /fr/Antioxydants-c62/Le-Tournesol-ANB-b64/New-roots-b74. Lang:fr
15:19:00 Listing url is not the same: /fr/Coeur-et-sante-generale-c106/Boiron-b61/New-roots-b74/p.UrlBrand vs /fr/Coeur-et-sante-generale-c106/Boiron-b61/New-roots-b74. Lang:fr
15:21:01 Listing url is not the same: /fr/Detox-Digestion-c87/Clef-des-champs-b26/Medelys-b128/subcat.Url vs /fr/Detox-Digestion-c87/Clef-des-champs-b26/Medelys-b128. Lang:fr
15:23:04 Listing url is not the same: /fr/Inflammation-c98/Boiron-b61/Le-Tournesol-ANB-b64/Natural-Factors-b71/promotion.Url vs /fr/Inflammation-c98/Boiron-b61/Le-Tournesol-ANB-b64/Natural-Factors-b71. Lang:fr
15:23:08 Listing url is not the same: /fr/Sommeil-c88/Clef-des-champs-b26/Merveilles-d-Abeilles-b69/Natural-Factors-b71/Nature-Clean-b72/subcat.Url vs /fr/Sommeil-c88/Clef-des-champs-b26/Merveilles-d-Abeilles-b69/Natural-Factors-b71/Nature-Clean-b72. Lang:fr
15:23:14 Listing url is not the same: /fr/Stress-c97/Clef-des-champs-b26/Medelys-b128/brand.Url vs /fr/Stress-c97/Clef-des-champs-b26/Medelys-b128. Lang:fr
15:24:31 Listing url is not the same: /fr/Inflammation-c98/A-Vogel-b54/Boiron-b61/Clef-des-champs-b26/Merveilles-d-Abeilles-b69/Natural-Factors-b71/brand.Url vs /fr/Inflammation-c98/A-Vogel-b54/Boiron-b61/Clef-des-champs-b26/Merveilles-d-Abeilles-b69/Natural-Factors-b71. Lang:fr
15:24:33 Listing url is not the same: /fr/Sante-des-enfants-c108/A-Vogel-b54/Boiron-b61/Natural-Factors-b71/Nature-Clean-b72/brand.Url vs /fr/Sante-des-enfants-c108/A-Vogel-b54/Boiron-b61/Natural-Factors-b71/Nature-Clean-b72. Lang:fr
15:24:34 Listing url is not the same: /fr/Sante-des-enfants-c108/Boiron-b61/Clef-des-champs-b26/Merveilles-d-Abeilles-b69/New-roots-b74/p.Url vs /fr/Sante-des-enfants-c108/Boiron-b61/Clef-des-champs-b26/Merveilles-d-Abeilles-b69/New-roots-b74. Lang:fr
15:24:42 Listing url is not the same: /fr/Sommeil-c88/Bach-b137/New-roots-b74/urlBilingual vs /fr/Sommeil-c88/Bach-b137/New-roots-b74. Lang:fr
15:24:55 Listing url is not the same: /fr/Stress-c97/Boiron-b61/Natural-Factors-b71/Nature-Clean-b72/urlBilingual vs /fr/Stress-c97/Boiron-b61/Natural-Factors-b71/Nature-Clean-b72. Lang:fr
16:15:11 Listing url is not the same: /fr/Sante-des-enfants-c108/Merveilles-d-Abeilles-b69/New-roots-b74/b.Url vs /fr/Sante-des-enfants-c108/Merveilles-d-Abeilles-b69/New-roots-b74. Lang:fr
16:15:16 Listing url is not the same: /fr/Tisane-c24/Boiron-b61/b.Url vs /fr/Tisane-c24/Boiron-b61. Lang:fr
16:15:18 Listing url is not the same: /fr/soin-du-corps-c86/Boiron-b61/New-roots-b74/subcat.Url vs /fr/Soin-du-corps-c86/Boiron-b61/New-roots-b74. Lang:fr
16:17:59 Listing url is not the same: /fr/Coeur-et-sante-generale-c106/Boiron-b61/Clef-des-champs-b26/New-roots-b74/p.Url vs /fr/Coeur-et-sante-generale-c106/Boiron-b61/Clef-des-champs-b26/New-roots-b74. Lang:fr
16:18:04 Listing url is not the same: /fr/Sante-des-enfants-c108/A-Vogel-b54/Clef-des-champs-b26/Natural-Factors-b71/New-roots-b74/subcat.Url vs /fr/Sante-des-enfants-c108/A-Vogel-b54/Clef-des-champs-b26/Natural-Factors-b71/New-roots-b74. Lang:fr
16:18:10 Listing url is not the same: /fr/Systeme-immunitaire-c93/Merveilles-d-Abeilles-b69/New-roots-b74/p.UrlBrand vs /fr/Systeme-immunitaire-c93/Merveilles-d-Abeilles-b69/New-roots-b74. Lang:fr
16:19:10 Listing url is not the same: /fr/Antioxydants-c62/A-Vogel-b54/Boiron-b61/New-roots-b74/urlBilingual vs /fr/Antioxydants-c62/A-Vogel-b54/Boiron-b61/New-roots-b74. Lang:fr
17:08:24 Listing url is not the same: /fr/Coeur-et-sante-generale-c106/Boiron-b61/New-roots-b74/brand.Url vs /fr/Coeur-et-sante-generale-c106/Boiron-b61/New-roots-b74. Lang:fr
17:09:13 Listing url is not the same: /fr/Homeopathie-c12/Merveilles-d-Abeilles-b69/New-roots-b74/b.Url vs /fr/Homeopathie-c12/Merveilles-d-Abeilles-b69/New-roots-b74. Lang:fr
17:11:09 Listing url is not the same: /fr/Fatigue-c99/Clef-des-champs-b26/Leo-Desilet-b66/cat.Url vs /fr/Fatigue-c99/Clef-des-champs-b26/Leo-Desilet-b66. Lang:fr
17:12:27 Listing url is not the same: /fr/Inflammation-c98/Boiron-b61/Clef-des-champs-b26/Druide-b63/Natural-Factors-b71/p.Url vs /fr/Inflammation-c98/Boiron-b61/Clef-des-champs-b26/Druide-b63/Natural-Factors-b71. Lang:fr
17:12:30 Listing url is not the same: /fr/Sante-des-enfants-c108/A-Vogel-b54/Boiron-b61/Natural-Factors-b71/Nature-Clean-b72/promotion.Url vs /fr/Sante-des-enfants-c108/A-Vogel-b54/Boiron-b61/Natural-Factors-b71/Nature-Clean-b72. Lang:fr
17:12:34 Listing url is not the same: /fr/Stress-c97/Boiron-b61/Natural-Factors-b71/Nature-Clean-b72/b.Url vs /fr/Stress-c97/Boiron-b61/Natural-Factors-b71/Nature-Clean-b72. Lang:fr
17:12:36 Listing url is not the same: /fr/Stress-c97/Clef-des-champs-b26/Le-Tournesol-ANB-b64/New-roots-b74/addressLink vs /fr/Stress-c97/Clef-des-champs-b26/Le-Tournesol-ANB-b64/New-roots-b74. Lang:fr
17:12:37 Listing url is not the same: /fr/Stress-c97/Clef-des-champs-b26/Merveilles-d-Abeilles-b69/Natural-Factors-b71/Nature-Clean-b72/subcat.Url vs /fr/Stress-c97/Clef-des-champs-b26/Merveilles-d-Abeilles-b69/Natural-Factors-b71/Nature-Clean-b72. Lang:fr
17:13:44 Listing url is not the same: /fr/Sante-des-femmes-c100/Clef-des-champs-b26/Numi-tea-b124/cat.Url vs /fr/Sante-des-femmes-c100/Clef-des-champs-b26/Numi-tea-b124. Lang:fr
19:08:38 Listing url is not the same: /fr/Sante-des-femmes-c100/Medelys-b128/p.Url vs /fr/Sante-des-femmes-c100/Medelys-b128. Lang:fr
19:09:47 Listing url is not the same: /fr/Coeur-et-sante-generale-c106/A-Vogel-b54/Merveilles-d-Abeilles-b69/Natural-Factors-b71/p.Url vs /fr/Coeur-et-sante-generale-c106/A-Vogel-b54/Merveilles-d-Abeilles-b69/Natural-Factors-b71. Lang:fr
19:10:02 Listing url is not the same: /fr/Homeopathie-c12/Boiron-b61/Flora-b123/brand.Url vs /fr/Homeopathie-c12/Boiron-b61/Flora-b123. Lang:fr
19:10:14 Listing url is not the same: /fr/Systeme-immunitaire-c93/Boiron-b61/Clef-des-champs-b26/Druide-b63/Natural-Factors-b71/addressLink vs /fr/Systeme-immunitaire-c93/Boiron-b61/Clef-des-champs-b26/Druide-b63/Natural-Factors-b71. Lang:fr
19:11:10 Listing url is not the same: /fr/Antioxydants-c62/Anokian-b58/Natural-Factors-b71/New-roots-b74/p.UrlBrand vs /fr/Antioxydants-c62/Anokian-b58/Natural-Factors-b71/New-roots-b74. Lang:fr
19:11:12 Listing url is not the same: /fr/Antioxydants-c62/Clef-des-champs-b26/Merveilles-d-Abeilles-b69/Nature-Clean-b72/New-roots-b74/urlBilingual vs /fr/Antioxydants-c62/Clef-des-champs-b26/Merveilles-d-Abeilles-b69/Nature-Clean-b72/New-roots-b74. Lang:fr
19:11:16 Listing url is not the same: /fr/Fatigue-c99/Clef-des-champs-b26/Meditrina-b68/Merveilles-d-Abeilles-b69/New-roots-b74/b.Url vs /fr/Fatigue-c99/Clef-des-champs-b26/Meditrina-b68/Merveilles-d-Abeilles-b69/New-roots-b74. Lang:fr
19:11:18 Listing url is not the same: /fr/Sante-des-femmes-c100/A-Vogel-b54/Boiron-b61/Clef-des-champs-b26/Nature-Clean-b72/b.Url vs /fr/Sante-des-femmes-c100/A-Vogel-b54/Boiron-b61/Clef-des-champs-b26/Nature-Clean-b72. Lang:fr
19:11:20 Listing url is not the same: /fr/Stress-c97/A-Vogel-b54/Clef-des-champs-b26/Flora-b123/promotion.Url vs /fr/Stress-c97/A-Vogel-b54/Clef-des-champs-b26/Flora-b123. Lang:fr
19:11:21 Listing url is not the same: /fr/Stress-c97/A-Vogel-b54/Clef-des-champs-b26/Flora-b123/subcat.Url vs /fr/Stress-c97/A-Vogel-b54/Clef-des-champs-b26/Flora-b123. Lang:fr
19:11:23 Listing url is not the same: /fr/Systeme-immunitaire-c93/Boiron-b61/Clef-des-champs-b26/Flora-b123/p.Url vs /fr/Systeme-immunitaire-c93/Boiron-b61/Clef-des-champs-b26/Flora-b123. Lang:fr
20:13:02 Listing url is not the same: /fr/Huiles-magiques-de-wicca-c65/Le-Tournesol-ANB-b64/New-roots-b74/brand.Url vs /fr/Huiles-magiques-de-wicca-c65/Le-Tournesol-ANB-b64/New-roots-b74. Lang:fr
20:13:48 Listing url is not the same: /fr/Coeur-et-sante-generale-c106/Merveilles-d-Abeilles-b69/New-roots-b74/urlBilingual vs /fr/Coeur-et-sante-generale-c106/Merveilles-d-Abeilles-b69/New-roots-b74. Lang:fr
20:14:44 Listing url is not the same: /fr/Cosmetique-parfum-et-deodorant-c60/A-Vogel-b54/Clef-des-champs-b26/Druide-b63/New-roots-b74/subcat.Url vs /fr/Cosmetique-parfum-et-deodorant-c60/A-Vogel-b54/Clef-des-champs-b26/Druide-b63/New-roots-b74. Lang:fr
20:14:59 Listing url is not the same: /fr/Inflammation-c98/Boiron-b61/Natural-Factors-b71/New-roots-b74/addressLink vs /fr/Inflammation-c98/Boiron-b61/Natural-Factors-b71/New-roots-b74. Lang:fr
20:15:12 Listing url is not the same: /fr/Cosmetique-parfum-et-deodorant-c60/Anokian-b58/Clef-des-champs-b26/Natural-Factors-b71/promotion.Url vs /fr/Cosmetique-parfum-et-deodorant-c60/Anokian-b58/Clef-des-champs-b26/Natural-Factors-b71. Lang:fr
20:16:26 Listing url is not the same: /fr/Antioxydants-c62/Clef-des-champs-b26/Leo-Desilet-b66/p.Url vs /fr/Antioxydants-c62/Clef-des-champs-b26/Leo-Desilet-b66. Lang:fr
20:16:37 Listing url is not the same: /fr/soin-du-corps-c86/Merveilles-d-Abeilles-b69/New-roots-b74/addressLink vs /fr/Soin-du-corps-c86/Merveilles-d-Abeilles-b69/New-roots-b74. Lang:fr
20:18:33 Listing url is not the same: /fr/Concentration-memoire-migraine-c56/Clef-des-champs-b26/Druide-b63/Natural-Factors-b71/New-roots-b74/cat.Url vs /fr/Concentration-memoire-migraine-c56/Clef-des-champs-b26/Druide-b63/Natural-Factors-b71/New-roots-b74. Lang:fr
21:14:54 Listing url is not the same: /fr/Inflammation-c98/Boiron-b61/Natural-Factors-b71/New-roots-b74/brand.Url vs /fr/Inflammation-c98/Boiron-b61/Natural-Factors-b71/New-roots-b74. Lang:fr
21:15:29 Listing url is not the same: /fr/Concentration-memoire-migraine-c56/Boiron-b61/Natural-Factors-b71/New-roots-b74/subcat.Url vs /fr/Concentration-memoire-migraine-c56/Boiron-b61/Natural-Factors-b71/New-roots-b74. Lang:fr
21:16:32 Listing url is not the same: /fr/Homeopathie-c12/A-Vogel-b54/Merveilles-d-Abeilles-b69/Natural-Factors-b71/cat.Url vs /fr/Homeopathie-c12/A-Vogel-b54/Merveilles-d-Abeilles-b69/Natural-Factors-b71. Lang:fr
21:16:34 Listing url is not the same: /fr/Homeopathie-c12/Boiron-b61/Flora-b123/p.UrlBrand vs /fr/Homeopathie-c12/Boiron-b61/Flora-b123. Lang:fr
21:17:48 Listing url is not the same: /fr/Allergies-c55/Clef-des-champs-b26/Meditrina-b68/Natural-Factors-b71/New-roots-b74/urlBilingual vs /fr/Allergies-c55/Clef-des-champs-b26/Meditrina-b68/Natural-Factors-b71/New-roots-b74. Lang:fr
21:17:50 Listing url is not the same: /fr/Detox-Digestion-c87/Clef-des-champs-b26/Druide-b63/Natural-Factors-b71/New-roots-b74/cat.Url vs /fr/Detox-Digestion-c87/Clef-des-champs-b26/Druide-b63/Natural-Factors-b71/New-roots-b74. Lang:fr
21:17:52 Listing url is not the same: /fr/Fatigue-c99/A-Vogel-b54/Boiron-b61/Druide-b63/Merveilles-d-Abeilles-b69/addressLink vs /fr/Fatigue-c99/A-Vogel-b54/Boiron-b61/Druide-b63/Merveilles-d-Abeilles-b69. Lang:fr
21:17:56 Listing url is not the same: /fr/Fatigue-c99/A-Vogel-b54/Boiron-b61/Druide-b63/Merveilles-d-Abeilles-b69/promotion.Url vs /fr/Fatigue-c99/A-Vogel-b54/Boiron-b61/Druide-b63/Merveilles-d-Abeilles-b69. Lang:fr
21:18:03 Listing url is not the same: /fr/Homeopathie-c12/A-Vogel-b54/Le-Tournesol-ANB-b64/New-roots-b74/p.Url vs /fr/Homeopathie-c12/A-Vogel-b54/Le-Tournesol-ANB-b64/New-roots-b74. Lang:fr
21:18:09 Listing url is not the same: /fr/Sante-des-femmes-c100/A-Vogel-b54/Anokian-b58/Boiron-b61/Clef-des-champs-b26/cat.Url vs /fr/Sante-des-femmes-c100/A-Vogel-b54/Anokian-b58/Boiron-b61/Clef-des-champs-b26. Lang:fr
22:13:25 Listing url is not the same: /fr/Stress-c97/Merveilles-d-Abeilles-b69/New-roots-b74/promotion.Url vs /fr/Stress-c97/Merveilles-d-Abeilles-b69/New-roots-b74. Lang:fr
22:13:46 Listing url is not the same: /fr/Allergies-c55/Anokian-b58/Clef-des-champs-b26/Natural-Factors-b71/b.Url vs /fr/Allergies-c55/Anokian-b58/Clef-des-champs-b26/Natural-Factors-b71. Lang:fr
22:14:31 Listing url is not the same: /fr/Homeopathie-c12/Boiron-b61/Clef-des-champs-b26/Druide-b63/Natural-Factors-b71/urlBilingual vs /fr/Homeopathie-c12/Boiron-b61/Clef-des-champs-b26/Druide-b63/Natural-Factors-b71. Lang:fr
22:15:51 Listing url is not the same: /fr/Stress-c97/Merveilles-d-Abeilles-b69/Natural-Factors-b71/Nature-Clean-b72/addressLink vs /fr/Stress-c97/Merveilles-d-Abeilles-b69/Natural-Factors-b71/Nature-Clean-b72. Lang:fr
22:17:53 Listing url is not the same: /fr/Cosmetique-parfum-et-deodorant-c60/Boiron-b61/Clef-des-champs-b26/Druide-b63/New-roots-b74/b.Url vs /fr/Cosmetique-parfum-et-deodorant-c60/Boiron-b61/Clef-des-champs-b26/Druide-b63/New-roots-b74. Lang:fr
22:18:01 Listing url is not the same: /fr/Inflammation-c98/A-Vogel-b54/Clef-des-champs-b26/Natural-Factors-b71/New-roots-b74/p.Url vs /fr/Inflammation-c98/A-Vogel-b54/Clef-des-champs-b26/Natural-Factors-b71/New-roots-b74. Lang:fr
22:18:10 Listing url is not the same: /fr/Systeme-immunitaire-c93/Boiron-b61/Clef-des-champs-b26/Merveilles-d-Abeilles-b69/New-roots-b74/brand.Url vs /fr/Systeme-immunitaire-c93/Boiron-b61/Clef-des-champs-b26/Merveilles-d-Abeilles-b69/New-roots-b74. Lang:fr
23:21:37 Listing url is not the same: /fr/Sante-des-enfants-c108/A-Vogel-b54/Bach-b137/Boiron-b61/p.UrlBrand vs /fr/Sante-des-enfants-c108/A-Vogel-b54/Bach-b137/Boiron-b61. Lang:fr
23:22:07 Listing url is not the same: /fr/Allergies-c55/Anokian-b58/Clef-des-champs-b26/Natural-Factors-b71/p.UrlBrand vs /fr/Allergies-c55/Anokian-b58/Clef-des-champs-b26/Natural-Factors-b71. Lang:fr
23:22:22 Listing url is not the same: /fr/Stress-c97/Druide-b63/Natural-Factors-b71/New-roots-b74/p.UrlBrand vs /fr/Stress-c97/Druide-b63/Natural-Factors-b71/New-roots-b74. Lang:fr
23:22:54 Listing url is not the same: /fr/Chandelles-c70/A-Vogel-b54/Boiron-b61/Clef-des-champs-b26/Merveilles-d-Abeilles-b69/Natural-Factors-b71/b.Url vs /fr/Chandelles-c70/A-Vogel-b54/Boiron-b61/Clef-des-champs-b26/Merveilles-d-Abeilles-b69/Natural-Factors-b71. Lang:fr
23:23:00 Listing url is not the same: /fr/Sommeil-c88/Boiron-b61/Natural-Factors-b71/Nature-Clean-b72/b.Url vs /fr/Sommeil-c88/Boiron-b61/Natural-Factors-b71/Nature-Clean-b72. Lang:fr
23:24:00 Listing url is not the same: /fr/Homeopathie-c12/A-Vogel-b54/Merveilles-d-Abeilles-b69/Natural-Factors-b71/p.Url vs /fr/Homeopathie-c12/A-Vogel-b54/Merveilles-d-Abeilles-b69/Natural-Factors-b71. Lang:fr
23:24:13 Listing url is not the same: /fr/Sommeil-c88/Boiron-b61/Natural-Factors-b71/Nature-Clean-b72/subcat.Url vs /fr/Sommeil-c88/Boiron-b61/Natural-Factors-b71/Nature-Clean-b72. Lang:fr
23:24:20 Listing url is not the same: /fr/Systeme-immunitaire-c93/A-Vogel-b54/Boiron-b61/Clef-des-champs-b26/Nature-Clean-b72/addressLink vs /fr/Systeme-immunitaire-c93/A-Vogel-b54/Boiron-b61/Clef-des-champs-b26/Nature-Clean-b72. Lang:fr
