02:08:52 Listing url is not the same: /fr/Nouveautes/subcat.Url vs /fr/Nouveautes. Lang:fr
02:09:00 Listing url is not the same: /fr/Nouveautes/Listing.aspx vs /fr/Nouveautes. Lang:fr
03:50:16 Listing url is not the same: /fr/Nouveautes/brand.Url vs /fr/Nouveautes. Lang:fr
06:51:09 Listing url is not the same: /fr/Nouveautes/promotion.Url vs /fr/Nouveautes. Lang:fr
18:34:36 Listing url is not the same: /fr/Cosmetique-parfum-et-deodorant-c60/Clef-des-champs-b26/Druide-b63/Meditrina-b68/New-roots-b74/cat.Url vs /fr/Cosmetique-parfum-et-deodorant-c60/Clef-des-champs-b26/Druide-b63/Meditrina-b68/New-roots-b74. Lang:fr
18:41:05 Listing url is not the same: /fr/Coeur-et-sante-generale-c106/Anokian-b58/Natural-Factors-b71/New-roots-b74/addressLink vs /fr/Coeur-et-sante-generale-c106/Anokian-b58/Natural-Factors-b71/New-roots-b74. Lang:fr
18:41:10 Listing url is not the same: /fr/Concentration-memoire-migraine-c56/A-Vogel-b54/Clef-des-champs-b26/Flora-b123/p.UrlBrand vs /fr/Concentration-memoire-migraine-c56/A-Vogel-b54/Clef-des-champs-b26/Flora-b123. Lang:fr
18:41:15 Listing url is not the same: /fr/Concentration-memoire-migraine-c56/A-Vogel-b54/Clef-des-champs-b26/Flora-b123/subcat.Url vs /fr/Concentration-memoire-migraine-c56/A-Vogel-b54/Clef-des-champs-b26/Flora-b123. Lang:fr
18:41:18 Listing url is not the same: /fr/Detox-Digestion-c87/A-Vogel-b54/Clef-des-champs-b26/Leo-Desilet-b66/p.Url vs /fr/Detox-Digestion-c87/A-Vogel-b54/Clef-des-champs-b26/Leo-Desilet-b66. Lang:fr
19:28:23 Listing url is not the same: /fr/Stress-c97/Boiron-b61/Druide-b63/Natural-Factors-b71/New-roots-b74/b.Url vs /fr/Stress-c97/Boiron-b61/Druide-b63/Natural-Factors-b71/New-roots-b74. Lang:fr
19:29:21 Listing url is not the same: /fr/Systeme-immunitaire-c93/A-Vogel-b54/Bach-b137/Boiron-b61/Clef-des-champs-b26/b.Url vs /fr/Systeme-immunitaire-c93/A-Vogel-b54/Bach-b137/Boiron-b61/Clef-des-champs-b26. Lang:fr
20:08:38 Listing url is not the same: /fr/Concentration-memoire-migraine-c56/Leo-Desilet-b66/p.Url vs /fr/Concentration-memoire-migraine-c56/Leo-Desilet-b66. Lang:fr
20:08:44 Listing url is not the same: /fr/Homeopathie-c12/Clef-des-champs-b26/Meditrina-b68/Natural-Factors-b71/New-roots-b74/b.Url vs /fr/Homeopathie-c12/Clef-des-champs-b26/Meditrina-b68/Natural-Factors-b71/New-roots-b74. Lang:fr
20:12:23 Listing url is not the same: /fr/Coeur-et-sante-generale-c106/A-Vogel-b54/Le-Tournesol-ANB-b64/New-roots-b74/b.Url vs /fr/Coeur-et-sante-generale-c106/A-Vogel-b54/Le-Tournesol-ANB-b64/New-roots-b74. Lang:fr
20:12:26 Listing url is not the same: /fr/Coeur-et-sante-generale-c106/Clef-des-champs-b26/Meditrina-b68/Natural-Factors-b71/New-roots-b74/cat.Url vs /fr/Coeur-et-sante-generale-c106/Clef-des-champs-b26/Meditrina-b68/Natural-Factors-b71/New-roots-b74. Lang:fr
20:12:29 Listing url is not the same: /fr/Cosmetique-parfum-et-deodorant-c60/A-Vogel-b54/Druide-b63/Flora-b123/p.UrlBrand vs /fr/Cosmetique-parfum-et-deodorant-c60/A-Vogel-b54/Druide-b63/Flora-b123. Lang:fr
20:12:34 Listing url is not the same: /fr/Fatigue-c99/Clef-des-champs-b26/Kyolic-b115/cat.Url vs /fr/Fatigue-c99/Clef-des-champs-b26/Kyolic-b115. Lang:fr
20:12:51 Listing url is not the same: /fr/Stress-c97/Boiron-b61/Kyolic-b115/subcat.Url vs /fr/Stress-c97/Boiron-b61/Kyolic-b115. Lang:fr
20:57:34 Listing url is not the same: /fr/Antioxydants-c62/A-Vogel-b54/Druide-b63/Nature-Clean-b72/New-roots-b74/brand.Url vs /fr/Antioxydants-c62/A-Vogel-b54/Druide-b63/Nature-Clean-b72/New-roots-b74. Lang:fr
20:58:01 Listing url is not the same: /fr/Detox-Digestion-c87/A-Vogel-b54/Bach-b137/Boiron-b61/Clef-des-champs-b26/urlBilingual vs /fr/Detox-Digestion-c87/A-Vogel-b54/Bach-b137/Boiron-b61/Clef-des-champs-b26. Lang:fr
20:58:28 Listing url is not the same: /fr/Homeopathie-c12/A-Vogel-b54/Boiron-b61/Druide-b63/Natural-Factors-b71/b.Url vs /fr/Homeopathie-c12/A-Vogel-b54/Boiron-b61/Druide-b63/Natural-Factors-b71. Lang:fr
20:59:18 Listing url is not the same: /fr/Inflammation-c98/A-Vogel-b54/Bach-b137/Boiron-b61/Clef-des-champs-b26/b.Url vs /fr/Inflammation-c98/A-Vogel-b54/Bach-b137/Boiron-b61/Clef-des-champs-b26. Lang:fr
20:59:43 Listing url is not the same: /fr/Sante-des-femmes-c100/A-Vogel-b54/Bach-b137/Boiron-b61/Clef-des-champs-b26/p.UrlBrand vs /fr/Sante-des-femmes-c100/A-Vogel-b54/Bach-b137/Boiron-b61/Clef-des-champs-b26. Lang:fr
21:01:30 Listing url is not the same: /fr/Sante-des-enfants-c108/A-Vogel-b54/Clef-des-champs-b26/Druide-b63/Meditrina-b68/New-roots-b74/b.Url vs /fr/Sante-des-enfants-c108/A-Vogel-b54/Clef-des-champs-b26/Druide-b63/Meditrina-b68/New-roots-b74. Lang:fr
21:01:51 Listing url is not the same: /fr/Sommeil-c88/Clef-des-champs-b26/Kyolic-b115/promotion.Url vs /fr/Sommeil-c88/Clef-des-champs-b26/Kyolic-b115. Lang:fr
21:43:12 Listing url is not the same: /fr/Rhume-grippe-voie-respiratoire-c57/Clef-des-champs-b26/Druide-b63/Meditrina-b68/New-roots-b74/urlBilingual vs /fr/Rhume-grippe-voie-respiratoire-c57/Clef-des-champs-b26/Druide-b63/Meditrina-b68/New-roots-b74. Lang:fr
21:46:35 Listing url is not the same: /fr/Systeme-immunitaire-c93/A-Vogel-b54/Boiron-b61/Clef-des-champs-b26/Meditrina-b68/Nature-Clean-b72/subcat.Url vs /fr/Systeme-immunitaire-c93/A-Vogel-b54/Boiron-b61/Clef-des-champs-b26/Meditrina-b68/Nature-Clean-b72. Lang:fr
22:27:16 Listing url is not the same: /fr/Systeme-immunitaire-c93/Clef-des-champs-b26/Healthology-b116/urlBilingual vs /fr/Systeme-immunitaire-c93/Clef-des-champs-b26/Healthology-b116. Lang:fr
22:30:37 Listing url is not the same: /fr/Coeur-et-sante-generale-c106/A-Vogel-b54/Clef-des-champs-b26/Meditrina-b68/New-roots-b74/p.UrlBrand vs /fr/Coeur-et-sante-generale-c106/A-Vogel-b54/Clef-des-champs-b26/Meditrina-b68/New-roots-b74. Lang:fr
22:30:38 Listing url is not the same: /fr/Inflammation-c98/Clef-des-champs-b26/Druide-b63/Meditrina-b68/New-roots-b74/promotion.Url vs /fr/Inflammation-c98/Clef-des-champs-b26/Druide-b63/Meditrina-b68/New-roots-b74. Lang:fr
22:30:39 Listing url is not the same: /fr/Sante-des-enfants-c108/A-Vogel-b54/Boiron-b61/Natural-Factors-b71/New-roots-b74/addressLink vs /fr/Sante-des-enfants-c108/A-Vogel-b54/Boiron-b61/Natural-Factors-b71/New-roots-b74. Lang:fr
23:16:07 Listing url is not the same: /fr/Antioxydants-c62/Boiron-b61/Le-Tournesol-ANB-b64/New-roots-b74/promotion.Url vs /fr/Antioxydants-c62/Boiron-b61/Le-Tournesol-ANB-b64/New-roots-b74. Lang:fr
23:16:18 Listing url is not the same: /fr/Coeur-et-sante-generale-c106/Clef-des-champs-b26/Druide-b63/Meditrina-b68/New-roots-b74/brand.Url vs /fr/Coeur-et-sante-generale-c106/Clef-des-champs-b26/Druide-b63/Meditrina-b68/New-roots-b74. Lang:fr
23:16:27 Listing url is not the same: /fr/Inflammation-c98/Clef-des-champs-b26/Druide-b63/Meditrina-b68/New-roots-b74/p.UrlBrand vs /fr/Inflammation-c98/Clef-des-champs-b26/Druide-b63/Meditrina-b68/New-roots-b74. Lang:fr
23:16:38 Listing url is not the same: /fr/Rhume-grippe-voie-respiratoire-c57/Clef-des-champs-b26/Druide-b63/Meditrina-b68/New-roots-b74/p.Url vs /fr/Rhume-grippe-voie-respiratoire-c57/Clef-des-champs-b26/Druide-b63/Meditrina-b68/New-roots-b74. Lang:fr
23:19:52 Listing url is not the same: /fr/Antioxydants-c62/Medelys-b128/Natural-Factors-b71/promotion.Url vs /fr/Antioxydants-c62/Medelys-b128/Natural-Factors-b71. Lang:fr
