00:15:37 Listing url is not the same: /fr/Allergies-c55/Clef-des-champs-b26/subcat.Url vs /fr/Allergies-c55/Clef-des-champs-b26. Lang:fr
00:16:30 Listing url is not the same: /fr/Concentration-memoire-migraine-c56/Boiron-b61/Clef-des-champs-b26/promotion.Url vs /fr/Concentration-memoire-migraine-c56/Boiron-b61/Clef-des-champs-b26. Lang:fr
01:06:55 Listing url is not the same: /fr/Antioxydants-c62/Clef-des-champs-b26/Druide-b63/promotion.Url vs /fr/Antioxydants-c62/Clef-des-champs-b26/Druide-b63. Lang:fr
01:07:06 Listing url is not the same: /fr/Cosmetique-parfum-et-deodorant-c60/Clef-des-champs-b26/Druide-b63/promotion.Url vs /fr/Cosmetique-parfum-et-deodorant-c60/Clef-des-champs-b26/Druide-b63. Lang:fr
01:07:15 Listing url is not the same: /fr/Cosmetique-parfum-et-deodorant-c60/Clef-des-champs-b26/Druide-b63/urlBilingual vs /fr/Cosmetique-parfum-et-deodorant-c60/Clef-des-champs-b26/Druide-b63. Lang:fr
01:08:31 Listing url is not the same: /fr/Cosmetique-parfum-et-deodorant-c60/A-Vogel-b54/Boiron-b61/Druide-b63/addressLink vs /fr/Cosmetique-parfum-et-deodorant-c60/A-Vogel-b54/Boiron-b61/Druide-b63. Lang:fr
01:08:38 Listing url is not the same: /fr/Cosmetique-parfum-et-deodorant-c60/Boiron-b61/Clef-des-champs-b26/Druide-b63/cat.Url vs /fr/Cosmetique-parfum-et-deodorant-c60/Boiron-b61/Clef-des-champs-b26/Druide-b63. Lang:fr
01:09:00 Listing url is not the same: /fr/Huiles-magiques-de-wicca-c65/A-Vogel-b54/Clef-des-champs-b26/Le-Tournesol-ANB-b64/addressLink vs /fr/Huiles-magiques-de-wicca-c65/A-Vogel-b54/Clef-des-champs-b26/Le-Tournesol-ANB-b64. Lang:fr
01:57:31 Listing url is not the same: /fr/Cosmetique-parfum-et-deodorant-c60/Clef-des-champs-b26/Druide-b63/b.Url vs /fr/Cosmetique-parfum-et-deodorant-c60/Clef-des-champs-b26/Druide-b63. Lang:fr
01:59:32 Listing url is not the same: /fr/Antioxydants-c62/Clef-des-champs-b26/Meditrina-b68/cat.Url vs /fr/Antioxydants-c62/Clef-des-champs-b26/Meditrina-b68. Lang:fr
02:56:49 Listing url is not the same: /fr/Antioxydants-c62/Boiron-b61/Clef-des-champs-b26/brand.Url vs /fr/Antioxydants-c62/Boiron-b61/Clef-des-champs-b26. Lang:fr
02:56:50 Listing url is not the same: /fr/Concentration-memoire-migraine-c56/Boiron-b61/Clef-des-champs-b26/b.Url vs /fr/Concentration-memoire-migraine-c56/Boiron-b61/Clef-des-champs-b26. Lang:fr
02:57:16 Listing url is not the same: /fr/Concentration-memoire-migraine-c56/A-Vogel-b54/Boiron-b61/Clef-des-champs-b26/p.Url vs /fr/Concentration-memoire-migraine-c56/A-Vogel-b54/Boiron-b61/Clef-des-champs-b26. Lang:fr
03:07:42 Listing url is not the same: /fr/Tout-c1/Listing.aspx vs /fr/Tout-c1. Lang:fr
03:37:34 Listing url is not the same: /fr/Cosmetique-parfum-et-deodorant-c60/Clef-des-champs-b26/Druide-b63/p.Url vs /fr/Cosmetique-parfum-et-deodorant-c60/Clef-des-champs-b26/Druide-b63. Lang:fr
03:38:32 Listing url is not the same: /fr/Antioxydants-c62/A-Vogel-b54/Clef-des-champs-b26/Druide-b63/addressLink vs /fr/Antioxydants-c62/A-Vogel-b54/Clef-des-champs-b26/Druide-b63. Lang:fr
03:40:15 Listing url is not the same: /fr/Antioxydants-c62/Druide-b63/Meditrina-b68/cat.Url vs /fr/Antioxydants-c62/Druide-b63/Meditrina-b68. Lang:fr
03:40:18 Listing url is not the same: /fr/Cosmetique-Bain-c59/Druide-b63/p.Url vs /fr/Cosmetique-Bain-c59/Druide-b63. Lang:fr
03:40:21 Listing url is not the same: /fr/Cosmetique-parfum-et-deodorant-c60/A-Vogel-b54/Boiron-b61/Druide-b63/cat.Url vs /fr/Cosmetique-parfum-et-deodorant-c60/A-Vogel-b54/Boiron-b61/Druide-b63. Lang:fr
04:27:41 Listing url is not the same: /fr/Allergies-c55/Clef-des-champs-b26/promotion.Url vs /fr/Allergies-c55/Clef-des-champs-b26. Lang:fr
04:29:48 Listing url is not the same: /fr/Rhume-grippe-voie-respiratoire-c57/Clef-des-champs-b26/Druide-b63/subcat.Url vs /fr/Rhume-grippe-voie-respiratoire-c57/Clef-des-champs-b26/Druide-b63. Lang:fr
04:31:29 Listing url is not the same: /fr/Antioxydants-c62/Boiron-b61/Clef-des-champs-b26/Le-Tournesol-ANB-b64/p.UrlBrand vs /fr/Antioxydants-c62/Boiron-b61/Clef-des-champs-b26/Le-Tournesol-ANB-b64. Lang:fr
05:20:54 Listing url is not the same: /fr/Rhume-grippe-voie-respiratoire-c57/Clef-des-champs-b26/Druide-b63/brand.Url vs /fr/Rhume-grippe-voie-respiratoire-c57/Clef-des-champs-b26/Druide-b63. Lang:fr
05:22:19 Listing url is not the same: /fr/Antioxydants-c62/Boiron-b61/Clef-des-champs-b26/Le-Tournesol-ANB-b64/urlBilingual vs /fr/Antioxydants-c62/Boiron-b61/Clef-des-champs-b26/Le-Tournesol-ANB-b64. Lang:fr
06:08:05 Listing url is not the same: /fr/Antioxydants-c62/Boiron-b61/Clef-des-champs-b26/promotion.Url vs /fr/Antioxydants-c62/Boiron-b61/Clef-des-champs-b26. Lang:fr
06:09:08 Listing url is not the same: /fr/Cosmetique-parfum-et-deodorant-c60/Clef-des-champs-b26/Druide-b63/p.UrlBrand vs /fr/Cosmetique-parfum-et-deodorant-c60/Clef-des-champs-b26/Druide-b63. Lang:fr
06:11:30 Listing url is not the same: /fr/Antioxydants-c62/Le-Tournesol-ANB-b64/Meditrina-b68/cat.Url vs /fr/Antioxydants-c62/Le-Tournesol-ANB-b64/Meditrina-b68. Lang:fr
06:11:38 Listing url is not the same: /fr/Concentration-memoire-migraine-c56/Boiron-b61/promotion.Url vs /fr/Concentration-memoire-migraine-c56/Boiron-b61. Lang:fr
06:11:45 Listing url is not the same: /fr/Cosmetique-parfum-et-deodorant-c60/Boiron-b61/Clef-des-champs-b26/Druide-b63/subcat.Url vs /fr/Cosmetique-parfum-et-deodorant-c60/Boiron-b61/Clef-des-champs-b26/Druide-b63. Lang:fr
06:11:52 Listing url is not the same: /fr/Rhume-grippe-voie-respiratoire-c57/A-Vogel-b54/Boiron-b61/Druide-b63/cat.Url vs /fr/Rhume-grippe-voie-respiratoire-c57/A-Vogel-b54/Boiron-b61/Druide-b63. Lang:fr
06:11:57 Listing url is not the same: /fr/Rhume-grippe-voie-respiratoire-c57/Boiron-b61/Clef-des-champs-b26/Druide-b63/brand.Url vs /fr/Rhume-grippe-voie-respiratoire-c57/Boiron-b61/Clef-des-champs-b26/Druide-b63. Lang:fr
06:58:27 Listing url is not the same: /fr/Rhume-grippe-voie-respiratoire-c57/A-Vogel-b54/Le-Tournesol-ANB-b64/addressLink vs /fr/Rhume-grippe-voie-respiratoire-c57/A-Vogel-b54/Le-Tournesol-ANB-b64. Lang:fr
07:50:06 Listing url is not the same: /fr/Antioxydants-c62/Boiron-b61/Clef-des-champs-b26/Druide-b63/addressLink vs /fr/Antioxydants-c62/Boiron-b61/Clef-des-champs-b26/Druide-b63. Lang:fr
07:50:14 Listing url is not the same: /fr/Concentration-memoire-migraine-c56/Clef-des-champs-b26/Le-Tournesol-ANB-b64/promotion.Url vs /fr/Concentration-memoire-migraine-c56/Clef-des-champs-b26/Le-Tournesol-ANB-b64. Lang:fr
