00:03:29 Listing url is not the same: /fr/Rhume-grippe-voie-respiratoire-c57/A-Vogel-b54/Anokian-b58/Boiron-b61/Clef-des-champs-b26/promotion.Url vs /fr/Rhume-grippe-voie-respiratoire-c57/A-Vogel-b54/Anokian-b58/Boiron-b61/Clef-des-champs-b26. Lang:fr
00:51:02 Listing url is not the same: /fr/Sante-des-enfants-c108/Leo-Desilet-b66/Natural-Factors-b71/b.Url vs /fr/Sante-des-enfants-c108/Leo-Desilet-b66/Natural-Factors-b71. Lang:fr
00:51:05 Listing url is not the same: /fr/Sante-des-enfants-c108/Leo-Desilet-b66/Natural-Factors-b71/urlBilingual vs /fr/Sante-des-enfants-c108/Leo-Desilet-b66/Natural-Factors-b71. Lang:fr
00:51:13 Listing url is not the same: /fr/Systeme-immunitaire-c93/A-Vogel-b54/Boiron-b61/Clef-des-champs-b26/Meditrina-b68/Nature-Clean-b72/urlBilingual vs /fr/Systeme-immunitaire-c93/A-Vogel-b54/Boiron-b61/Clef-des-champs-b26/Meditrina-b68/Nature-Clean-b72. Lang:fr
00:54:23 Listing url is not the same: /fr/Allergies-c55/Medelys-b128/Natural-Factors-b71/addressLink vs /fr/Allergies-c55/Medelys-b128/Natural-Factors-b71. Lang:fr
01:30:46 Listing url is not the same: /fr/Allergies-c55/Boiron-b61/Kyolic-b115/brand.Url vs /fr/Allergies-c55/Boiron-b61/Kyolic-b115. Lang:fr
01:30:51 Listing url is not the same: /fr/Coeur-et-sante-generale-c106/A-Vogel-b54/Clef-des-champs-b26/Natural-Factors-b71/New-roots-b74/p.UrlBrand vs /fr/Coeur-et-sante-generale-c106/A-Vogel-b54/Clef-des-champs-b26/Natural-Factors-b71/New-roots-b74. Lang:fr
01:30:55 Listing url is not the same: /fr/Inflammation-c98/A-Vogel-b54/Clef-des-champs-b26/Leo-Desilet-b66/promotion.Url vs /fr/Inflammation-c98/A-Vogel-b54/Clef-des-champs-b26/Leo-Desilet-b66. Lang:fr
01:31:14 Listing url is not the same: /fr/Systeme-immunitaire-c93/A-Vogel-b54/Le-Tournesol-ANB-b64/New-roots-b74/b.Url vs /fr/Systeme-immunitaire-c93/A-Vogel-b54/Le-Tournesol-ANB-b64/New-roots-b74. Lang:fr
01:31:23 Listing url is not the same: /fr/Systeme-immunitaire-c93/Bach-b137/Druide-b63/cat.Url vs /fr/Systeme-immunitaire-c93/Bach-b137/Druide-b63. Lang:fr
01:36:00 Listing url is not the same: /fr/Allergies-c55/A-Vogel-b54/Druide-b63/Nature-Clean-b72/New-roots-b74/brand.Url vs /fr/Allergies-c55/A-Vogel-b54/Druide-b63/Nature-Clean-b72/New-roots-b74. Lang:fr
01:36:20 Listing url is not the same: /fr/Fatigue-c99/A-Vogel-b54/Boiron-b61/Clef-des-champs-b26/Druide-b63/Natural-Factors-b71/Nature-Clean-b72/addressLink vs /fr/Fatigue-c99/A-Vogel-b54/Boiron-b61/Clef-des-champs-b26/Druide-b63/Natural-Factors-b71/Nature-Clean-b72. Lang:fr
01:36:30 Listing url is not the same: /fr/Homeopathie-c12/A-Vogel-b54/Druide-b63/Meditrina-b68/New-roots-b74/addressLink vs /fr/Homeopathie-c12/A-Vogel-b54/Druide-b63/Meditrina-b68/New-roots-b74. Lang:fr
01:36:45 Listing url is not the same: /fr/Sante-des-femmes-c100/Boiron-b61/Clef-des-champs-b26/Druide-b63/Merveilles-d-Abeilles-b69/b.Url vs /fr/Sante-des-femmes-c100/Boiron-b61/Clef-des-champs-b26/Druide-b63/Merveilles-d-Abeilles-b69. Lang:fr
01:36:49 Listing url is not the same: /fr/Sante-des-femmes-c100/Medelys-b128/Natural-Factors-b71/b.Url vs /fr/Sante-des-femmes-c100/Medelys-b128/Natural-Factors-b71. Lang:fr
01:36:53 Listing url is not the same: /fr/Sommeil-c88/A-Vogel-b54/Clef-des-champs-b26/Nature-Clean-b72/New-roots-b74/cat.Url vs /fr/Sommeil-c88/A-Vogel-b54/Clef-des-champs-b26/Nature-Clean-b72/New-roots-b74. Lang:fr
02:19:04 Listing url is not the same: /fr/Allergies-c55/A-Vogel-b54/Healthology-b116/addressLink vs /fr/Allergies-c55/A-Vogel-b54/Healthology-b116. Lang:fr
02:19:28 Listing url is not the same: /fr/Huiles-magiques-de-wicca-c65/Clef-des-champs-b26/Le-Tournesol-ANB-b64/Medelys-b128/addressLink vs /fr/Huiles-magiques-de-wicca-c65/Clef-des-champs-b26/Le-Tournesol-ANB-b64/Medelys-b128. Lang:fr
02:19:36 Listing url is not the same: /fr/Inflammation-c98/Bach-b137/Natural-Factors-b71/brand.Url vs /fr/Inflammation-c98/Bach-b137/Natural-Factors-b71. Lang:fr
02:19:44 Listing url is not the same: /fr/Sante-des-enfants-c108/A-Vogel-b54/Merveilles-d-Abeilles-b69/New-roots-b74/p.UrlBrand vs /fr/Sante-des-enfants-c108/A-Vogel-b54/Merveilles-d-Abeilles-b69/New-roots-b74. Lang:fr
02:19:48 Listing url is not the same: /fr/Sommeil-c88/Boiron-b61/Merveilles-d-Abeilles-b69/Natural-Factors-b71/addressLink vs /fr/Sommeil-c88/Boiron-b61/Merveilles-d-Abeilles-b69/Natural-Factors-b71. Lang:fr
02:19:55 Listing url is not the same: /fr/Sommeil-c88/Medelys-b128/Natural-Factors-b71/urlBilingual vs /fr/Sommeil-c88/Medelys-b128/Natural-Factors-b71. Lang:fr
02:23:58 Listing url is not the same: /fr/Sante-des-enfants-c108/Clef-des-champs-b26/Le-Tournesol-ANB-b64/Meditrina-b68/Merveilles-d-Abeilles-b69/Natural-Factors-b71/urlBilingual vs /fr/Sante-des-enfants-c108/Clef-des-champs-b26/Le-Tournesol-ANB-b64/Meditrina-b68/Merveilles-d-Abeilles-b69/Natural-Factors-b71. Lang:fr
03:05:26 Listing url is not the same: /fr/Homeopathie-c12/A-Vogel-b54/Bach-b137/Boiron-b61/Clef-des-champs-b26/promotion.Url vs /fr/Homeopathie-c12/A-Vogel-b54/Bach-b137/Boiron-b61/Clef-des-champs-b26. Lang:fr
03:05:30 Listing url is not the same: /fr/Sante-des-femmes-c100/A-Vogel-b54/Bach-b137/Boiron-b61/Clef-des-champs-b26/b.Url vs /fr/Sante-des-femmes-c100/A-Vogel-b54/Bach-b137/Boiron-b61/Clef-des-champs-b26. Lang:fr
03:09:12 Listing url is not the same: /fr/Coeur-et-sante-generale-c106/A-Vogel-b54/Le-Tournesol-ANB-b64/New-roots-b74/subcat.Url vs /fr/Coeur-et-sante-generale-c106/A-Vogel-b54/Le-Tournesol-ANB-b64/New-roots-b74. Lang:fr
03:09:14 Listing url is not the same: /fr/Cosmetique-parfum-et-deodorant-c60/A-Vogel-b54/Druide-b63/Flora-b123/b.Url vs /fr/Cosmetique-parfum-et-deodorant-c60/A-Vogel-b54/Druide-b63/Flora-b123. Lang:fr
03:52:37 Listing url is not the same: /fr/Systeme-immunitaire-c93/Healthology-b116/b.Url vs /fr/Systeme-immunitaire-c93/Healthology-b116. Lang:fr
03:52:41 Listing url is not the same: /fr/Systeme-immunitaire-c93/Healthology-b116/urlBilingual vs /fr/Systeme-immunitaire-c93/Healthology-b116. Lang:fr
03:56:05 Listing url is not the same: /fr/Allergies-c55/Anokian-b58/Natural-Factors-b71/New-roots-b74/cat.Url vs /fr/Allergies-c55/Anokian-b58/Natural-Factors-b71/New-roots-b74. Lang:fr
03:56:26 Listing url is not the same: /fr/Fatigue-c99/New-roots-b74/Salus-b126/brand.Url vs /fr/Fatigue-c99/New-roots-b74/Salus-b126. Lang:fr
03:56:32 Listing url is not the same: /fr/Inflammation-c98/A-Vogel-b54/Healthology-b116/b.Url vs /fr/Inflammation-c98/A-Vogel-b54/Healthology-b116. Lang:fr
03:56:39 Listing url is not the same: /fr/Sommeil-c88/A-Vogel-b54/Healthology-b116/b.Url vs /fr/Sommeil-c88/A-Vogel-b54/Healthology-b116. Lang:fr
03:56:46 Listing url is not the same: /fr/Systeme-immunitaire-c93/A-Vogel-b54/Clef-des-champs-b26/Leo-Desilet-b66/cat.Url vs /fr/Systeme-immunitaire-c93/A-Vogel-b54/Clef-des-champs-b26/Leo-Desilet-b66. Lang:fr
03:56:56 Listing url is not the same: /fr/Tisane-c24/A-Vogel-b54/Meditrina-b68/addressLink vs /fr/Tisane-c24/A-Vogel-b54/Meditrina-b68. Lang:fr
03:59:41 Listing url is not the same: /fr/A-Vogel-b54/Clef-des-champs-b26/Druide-b63/Le-Tournesol-ANB-b64/Meditrina-b68/Natural-Factors-b71/Nature-Clean-b72/New-roots-b74/b.Url vs /fr/A-Vogel-b54/Clef-des-champs-b26/Druide-b63/Le-Tournesol-ANB-b64/Meditrina-b68/Natural-Factors-b71/Nature-Clean-b72/New-roots-b74. Lang:fr
03:59:58 Listing url is not the same: /fr/Antioxydants-c62/A-Vogel-b54/Clef-des-champs-b26/Merveilles-d-Abeilles-b69/New-roots-b74/b.Url vs /fr/Antioxydants-c62/A-Vogel-b54/Clef-des-champs-b26/Merveilles-d-Abeilles-b69/New-roots-b74. Lang:fr
04:00:58 Listing url is not the same: /fr/Stress-c97/A-Vogel-b54/Druide-b63/Nature-Clean-b72/New-roots-b74/p.UrlBrand vs /fr/Stress-c97/A-Vogel-b54/Druide-b63/Nature-Clean-b72/New-roots-b74. Lang:fr
04:40:24 Listing url is not the same: /fr/Stress-c97/Kyolic-b115/subcat.Url vs /fr/Stress-c97/Kyolic-b115. Lang:fr
04:44:12 Listing url is not the same: /fr/Concentration-memoire-migraine-c56/Leo-Desilet-b66/subcat.Url vs /fr/Concentration-memoire-migraine-c56/Leo-Desilet-b66. Lang:fr
04:44:15 Listing url is not the same: /fr/Inflammation-c98/Boiron-b61/Druide-b63/Natural-Factors-b71/New-roots-b74/addressLink vs /fr/Inflammation-c98/Boiron-b61/Druide-b63/Natural-Factors-b71/New-roots-b74. Lang:fr
05:26:41 Listing url is not the same: /fr/Detox-Digestion-c87/Clef-des-champs-b26/Merveilles-d-Abeilles-b69/Natural-Factors-b71/New-roots-b74/addressLink vs /fr/Detox-Digestion-c87/Clef-des-champs-b26/Merveilles-d-Abeilles-b69/Natural-Factors-b71/New-roots-b74. Lang:fr
05:30:21 Listing url is not the same: /fr/Antioxydants-c62/Medelys-b128/Natural-Factors-b71/addressLink vs /fr/Antioxydants-c62/Medelys-b128/Natural-Factors-b71. Lang:fr
05:30:26 Listing url is not the same: /fr/Concentration-memoire-migraine-c56/Leo-Desilet-b66/cat.Url vs /fr/Concentration-memoire-migraine-c56/Leo-Desilet-b66. Lang:fr
05:30:30 Listing url is not the same: /fr/Homeopathie-c12/A-Vogel-b54/Boiron-b61/Natural-Factors-b71/Nature-Clean-b72/brand.Url vs /fr/Homeopathie-c12/A-Vogel-b54/Boiron-b61/Natural-Factors-b71/Nature-Clean-b72. Lang:fr
06:13:22 Listing url is not the same: /fr/Allergies-c55/A-Vogel-b54/Clef-des-champs-b26/Meditrina-b68/New-roots-b74/p.Url vs /fr/Allergies-c55/A-Vogel-b54/Clef-des-champs-b26/Meditrina-b68/New-roots-b74. Lang:fr
06:13:38 Listing url is not the same: /fr/Homeopathie-c12/Clef-des-champs-b26/Druide-b63/Meditrina-b68/New-roots-b74/p.UrlBrand vs /fr/Homeopathie-c12/Clef-des-champs-b26/Druide-b63/Meditrina-b68/New-roots-b74. Lang:fr
06:13:46 Listing url is not the same: /fr/Homeopathie-c12/Clef-des-champs-b26/Druide-b63/Natural-Factors-b71/New-roots-b74/promotion.Url vs /fr/Homeopathie-c12/Clef-des-champs-b26/Druide-b63/Natural-Factors-b71/New-roots-b74. Lang:fr
06:13:52 Listing url is not the same: /fr/Huiles-magiques-de-wicca-c65/Boiron-b61/Le-Tournesol-ANB-b64/New-roots-b74/brand.Url vs /fr/Huiles-magiques-de-wicca-c65/Boiron-b61/Le-Tournesol-ANB-b64/New-roots-b74. Lang:fr
06:13:58 Listing url is not the same: /fr/Sommeil-c88/A-Vogel-b54/Clef-des-champs-b26/Leo-Desilet-b66/p.Url vs /fr/Sommeil-c88/A-Vogel-b54/Clef-des-champs-b26/Leo-Desilet-b66. Lang:fr
06:17:23 Listing url is not the same: /fr/Allergies-c55/A-Vogel-b54/Bach-b137/Boiron-b61/Clef-des-champs-b26/promotion.Url vs /fr/Allergies-c55/A-Vogel-b54/Bach-b137/Boiron-b61/Clef-des-champs-b26. Lang:fr
06:17:31 Listing url is not the same: /fr/Homeopathie-c12/A-Vogel-b54/Bach-b137/Boiron-b61/Clef-des-champs-b26/addressLink vs /fr/Homeopathie-c12/A-Vogel-b54/Bach-b137/Boiron-b61/Clef-des-champs-b26. Lang:fr
06:17:34 Listing url is not the same: /fr/Inflammation-c98/A-Vogel-b54/Bach-b137/Boiron-b61/Clef-des-champs-b26/p.Url vs /fr/Inflammation-c98/A-Vogel-b54/Bach-b137/Boiron-b61/Clef-des-champs-b26. Lang:fr
21:45:42 Listing url is not the same: /fr/Detox-Digestion-c87/A-Vogel-b54/Bach-b137/Boiron-b61/Clef-des-champs-b26/b.Url vs /fr/Detox-Digestion-c87/A-Vogel-b54/Bach-b137/Boiron-b61/Clef-des-champs-b26. Lang:fr
22:25:28 Listing url is not the same: /fr/Nouveautes/p.UrlBrand vs /fr/Nouveautes. Lang:fr
