00:20:59 Listing url is not the same: /fr/Antioxydants-c62/Clef-des-champs-b26/p.Url vs /fr/Antioxydants-c62/Clef-des-champs-b26. Lang:fr
00:21:57 Listing url is not the same: /fr/Rhume-grippe-voie-respiratoire-c57/A-Vogel-b54/Boiron-b61/p.Url vs /fr/Rhume-grippe-voie-respiratoire-c57/A-Vogel-b54/Boiron-b61. Lang:fr
01:10:03 Listing url is not the same: /fr/Antioxydants-c62/Clef-des-champs-b26/addressLink vs /fr/Antioxydants-c62/Clef-des-champs-b26. Lang:fr
01:10:19 Listing url is not the same: /fr/Allergies-c55/Boiron-b61/Clef-des-champs-b26/addressLink vs /fr/Allergies-c55/Boiron-b61/Clef-des-champs-b26. Lang:fr
01:39:27 Listing url is not the same: /fr/Tout-c1/Clef-des-champs-b26/Listing.aspx vs /fr/Tout-c1/Clef-des-champs-b26. Lang:fr
02:35:44 Listing url is not the same: /fr/Concentration-memoire-migraine-c56/Druide-b63/cat.Url vs /fr/Concentration-memoire-migraine-c56/Druide-b63. Lang:fr
02:36:13 Listing url is not the same: /fr/Concentration-memoire-migraine-c56/Druide-b63/p.Url vs /fr/Concentration-memoire-migraine-c56/Druide-b63. Lang:fr
02:37:11 Listing url is not the same: /fr/Concentration-memoire-migraine-c56/Clef-des-champs-b26/Le-Tournesol-ANB-b64/brand.Url vs /fr/Concentration-memoire-migraine-c56/Clef-des-champs-b26/Le-Tournesol-ANB-b64. Lang:fr
03:23:41 Listing url is not the same: /fr/Nettoyage-c73/b.Url vs /fr/Nettoyage-c73. Lang:fr
03:24:28 Listing url is not the same: /fr/Allergies-c55/A-Vogel-b54/Boiron-b61/promotion.Url vs /fr/Allergies-c55/A-Vogel-b54/Boiron-b61. Lang:fr
03:25:07 Listing url is not the same: /fr/Antioxydants-c62/A-Vogel-b54/Clef-des-champs-b26/b.Url vs /fr/Antioxydants-c62/A-Vogel-b54/Clef-des-champs-b26. Lang:fr
03:26:23 Listing url is not the same: /fr/Antioxydants-c62/Le-Tournesol-ANB-b64/promotion.Url vs /fr/Antioxydants-c62/Le-Tournesol-ANB-b64. Lang:fr
03:26:30 Listing url is not the same: /fr/Huiles-magiques-de-wicca-c65/Le-Tournesol-ANB-b64/subcat.Url vs /fr/Huiles-magiques-de-wicca-c65/Le-Tournesol-ANB-b64. Lang:fr
05:23:10 Listing url is not the same: /fr/Antioxydants-c62/A-Vogel-b54/addressLink vs /fr/Antioxydants-c62/A-Vogel-b54. Lang:fr
05:23:49 Listing url is not the same: /fr/Antioxydants-c62/Clef-des-champs-b26/subcat.Url vs /fr/Antioxydants-c62/Clef-des-champs-b26. Lang:fr
05:24:00 Listing url is not the same: /fr/Rhume-grippe-voie-respiratoire-c57/Clef-des-champs-b26/addressLink vs /fr/Rhume-grippe-voie-respiratoire-c57/Clef-des-champs-b26. Lang:fr
05:53:15 Listing url is not the same: /fr/Allergies-c55/A-Vogel-b54/Clef-des-champs-b26/urlBilingual vs /fr/Allergies-c55/A-Vogel-b54/Clef-des-champs-b26. Lang:fr
05:53:20 Listing url is not the same: /fr/Allergies-c55/Boiron-b61/Clef-des-champs-b26/promotion.Url vs /fr/Allergies-c55/Boiron-b61/Clef-des-champs-b26. Lang:fr
05:53:25 Listing url is not the same: /fr/Rhume-grippe-voie-respiratoire-c57/Boiron-b61/Clef-des-champs-b26/cat.Url vs /fr/Rhume-grippe-voie-respiratoire-c57/Boiron-b61/Clef-des-champs-b26. Lang:fr
05:56:10 Listing url is not the same: /fr/Chandelles-c70/Merveilles-d-Abeilles-b69/subcat.Url vs /fr/Chandelles-c70/Merveilles-d-Abeilles-b69. Lang:fr
06:45:26 Listing url is not the same: /fr/Concentration-memoire-migraine-c56/A-Vogel-b54/Clef-des-champs-b26/p.Url vs /fr/Concentration-memoire-migraine-c56/A-Vogel-b54/Clef-des-champs-b26. Lang:fr
07:38:04 Listing url is not the same: /fr/Allergies-c55/A-Vogel-b54/Clef-des-champs-b26/b.Url vs /fr/Allergies-c55/A-Vogel-b54/Clef-des-champs-b26. Lang:fr
07:38:32 Listing url is not the same: /fr/Rhume-grippe-voie-respiratoire-c57/A-Vogel-b54/Boiron-b61/p.UrlBrand vs /fr/Rhume-grippe-voie-respiratoire-c57/A-Vogel-b54/Boiron-b61. Lang:fr
07:39:53 Listing url is not the same: /fr/Rhume-grippe-voie-respiratoire-c57/A-Vogel-b54/Clef-des-champs-b26/brand.Url vs /fr/Rhume-grippe-voie-respiratoire-c57/A-Vogel-b54/Clef-des-champs-b26. Lang:fr
08:29:20 Listing url is not the same: /fr/Allergies-c55/A-Vogel-b54/Boiron-b61/addressLink vs /fr/Allergies-c55/A-Vogel-b54/Boiron-b61. Lang:fr
08:30:32 Listing url is not the same: /fr/Rhume-grippe-voie-respiratoire-c57/A-Vogel-b54/Boiron-b61/promotion.Url vs /fr/Rhume-grippe-voie-respiratoire-c57/A-Vogel-b54/Boiron-b61. Lang:fr
08:30:54 Listing url is not the same: /fr/Antioxydants-c62/Druide-b63/subcat.Url vs /fr/Antioxydants-c62/Druide-b63. Lang:fr
08:31:16 Listing url is not the same: /fr/Antioxydants-c62/Druide-b63/urlBilingual vs /fr/Antioxydants-c62/Druide-b63. Lang:fr
08:31:36 Listing url is not the same: /fr/Concentration-memoire-migraine-c56/A-Vogel-b54/Clef-des-champs-b26/addressLink vs /fr/Concentration-memoire-migraine-c56/A-Vogel-b54/Clef-des-champs-b26. Lang:fr
08:31:55 Listing url is not the same: /fr/Allergies-c55/A-Vogel-b54/Boiron-b61/Clef-des-champs-b26/p.UrlBrand vs /fr/Allergies-c55/A-Vogel-b54/Boiron-b61/Clef-des-champs-b26. Lang:fr
08:32:13 Listing url is not the same: /fr/Cosmetique-parfum-et-deodorant-c60/A-Vogel-b54/Druide-b63/p.UrlBrand vs /fr/Cosmetique-parfum-et-deodorant-c60/A-Vogel-b54/Druide-b63. Lang:fr
08:32:47 Listing url is not the same: /fr/Antioxydants-c62/Clef-des-champs-b26/Le-Tournesol-ANB-b64/subcat.Url vs /fr/Antioxydants-c62/Clef-des-champs-b26/Le-Tournesol-ANB-b64. Lang:fr
08:33:03 Listing url is not the same: /fr/Huiles-magiques-de-wicca-c65/A-Vogel-b54/Le-Tournesol-ANB-b64/b.Url vs /fr/Huiles-magiques-de-wicca-c65/A-Vogel-b54/Le-Tournesol-ANB-b64. Lang:fr
08:33:17 Listing url is not the same: /fr/Huiles-magiques-de-wicca-c65/Druide-b63/Le-Tournesol-ANB-b64/b.Url vs /fr/Huiles-magiques-de-wicca-c65/Druide-b63/Le-Tournesol-ANB-b64. Lang:fr
09:13:11 Listing url is not the same: /fr/Antioxydants-c62/A-Vogel-b54/b.Url vs /fr/Antioxydants-c62/A-Vogel-b54. Lang:fr
09:17:33 Listing url is not the same: /fr/Concentration-memoire-migraine-c56/Clef-des-champs-b26/Le-Tournesol-ANB-b64/addressLink vs /fr/Concentration-memoire-migraine-c56/Clef-des-champs-b26/Le-Tournesol-ANB-b64. Lang:fr
10:16:22 Listing url is not the same: /fr/Huiles-magiques-de-wicca-c65/A-Vogel-b54/Le-Tournesol-ANB-b64/p.Url vs /fr/Huiles-magiques-de-wicca-c65/A-Vogel-b54/Le-Tournesol-ANB-b64. Lang:fr
10:16:47 Listing url is not the same: /fr/A-Vogel-b54/Clef-des-champs-b26/Natural-Factors-b71/Nature-Clean-b72/promotion.Url vs /fr/A-Vogel-b54/Clef-des-champs-b26/Natural-Factors-b71/Nature-Clean-b72. Lang:fr
10:16:49 Listing url is not the same: /fr/Rhume-grippe-voie-respiratoire-c57/Clef-des-champs-b26/Le-Tournesol-ANB-b64/brand.Url vs /fr/Rhume-grippe-voie-respiratoire-c57/Clef-des-champs-b26/Le-Tournesol-ANB-b64. Lang:fr
11:07:19 Listing url is not the same: /fr/Cosmetique-parfum-et-deodorant-c60/cat.Url vs /fr/Cosmetique-parfum-et-deodorant-c60. Lang:fr
11:07:56 Listing url is not the same: /fr/Allergies-c55/Boiron-b61/Clef-des-champs-b26/b.Url vs /fr/Allergies-c55/Boiron-b61/Clef-des-champs-b26. Lang:fr
11:08:21 Listing url is not the same: /fr/Rhume-grippe-voie-respiratoire-c57/Boiron-b61/Clef-des-champs-b26/p.UrlBrand vs /fr/Rhume-grippe-voie-respiratoire-c57/Boiron-b61/Clef-des-champs-b26. Lang:fr
18:07:02 Listing url is not the same: /fr/Antioxydants-c62/A-Vogel-b54/subcat.Url vs /fr/Antioxydants-c62/A-Vogel-b54. Lang:fr
18:11:00 Listing url is not the same: /fr/Allergies-c55/Boiron-b61/Druide-b63/urlBilingual vs /fr/Allergies-c55/Boiron-b61/Druide-b63. Lang:fr
18:53:24 Listing url is not the same: /fr/Cosmetique-parfum-et-deodorant-c60/subcat.Url vs /fr/Cosmetique-parfum-et-deodorant-c60. Lang:fr
18:53:52 Listing url is not the same: /fr/Antioxydants-c62/Boiron-b61/urlBilingual vs /fr/Antioxydants-c62/Boiron-b61. Lang:fr
18:54:56 Listing url is not the same: /fr/Rhume-grippe-voie-respiratoire-c57/Boiron-b61/Clef-des-champs-b26/subcat.Url vs /fr/Rhume-grippe-voie-respiratoire-c57/Boiron-b61/Clef-des-champs-b26. Lang:fr
18:57:18 Listing url is not the same: /fr/Allergies-c55/A-Vogel-b54/Le-Tournesol-ANB-b64/brand.Url vs /fr/Allergies-c55/A-Vogel-b54/Le-Tournesol-ANB-b64. Lang:fr
18:58:17 Listing url is not the same: /fr/Antioxydants-c62/Clef-des-champs-b26/Le-Tournesol-ANB-b64/p.UrlBrand vs /fr/Antioxydants-c62/Clef-des-champs-b26/Le-Tournesol-ANB-b64. Lang:fr
18:59:25 Listing url is not the same: /fr/Rhume-grippe-voie-respiratoire-c57/A-Vogel-b54/Bach-b137/Boiron-b61/Clef-des-champs-b26/b.Url vs /fr/Rhume-grippe-voie-respiratoire-c57/A-Vogel-b54/Bach-b137/Boiron-b61/Clef-des-champs-b26. Lang:fr
18:59:46 Listing url is not the same: /fr/Rhume-grippe-voie-respiratoire-c57/Clef-des-champs-b26/Le-Tournesol-ANB-b64/addressLink vs /fr/Rhume-grippe-voie-respiratoire-c57/Clef-des-champs-b26/Le-Tournesol-ANB-b64. Lang:fr
19:00:05 Listing url is not the same: /fr/Rhume-grippe-voie-respiratoire-c57/Clef-des-champs-b26/Le-Tournesol-ANB-b64/p.Url vs /fr/Rhume-grippe-voie-respiratoire-c57/Clef-des-champs-b26/Le-Tournesol-ANB-b64. Lang:fr
19:46:47 Listing url is not the same: /fr/Allergies-c55/A-Vogel-b54/Boiron-b61/b.Url vs /fr/Allergies-c55/A-Vogel-b54/Boiron-b61. Lang:fr
21:36:06 Listing url is not the same: /fr/Allergies-c55/A-Vogel-b54/Clef-des-champs-b26/brand.Url vs /fr/Allergies-c55/A-Vogel-b54/Clef-des-champs-b26. Lang:fr
21:37:41 Listing url is not the same: /fr/Rhume-grippe-voie-respiratoire-c57/A-Vogel-b54/Boiron-b61/Clef-des-champs-b26/cat.Url vs /fr/Rhume-grippe-voie-respiratoire-c57/A-Vogel-b54/Boiron-b61/Clef-des-champs-b26. Lang:fr
22:27:52 Listing url is not the same: /fr/Concentration-memoire-migraine-c56/Clef-des-champs-b26/Druide-b63/subcat.Url vs /fr/Concentration-memoire-migraine-c56/Clef-des-champs-b26/Druide-b63. Lang:fr
22:28:00 Listing url is not the same: /fr/Rhume-grippe-voie-respiratoire-c57/A-Vogel-b54/Druide-b63/addressLink vs /fr/Rhume-grippe-voie-respiratoire-c57/A-Vogel-b54/Druide-b63. Lang:fr
