00:25:46 Listing url is not the same: /fr/Allergies-c55/A-Vogel-b54/Clef-des-champs-b26/Flora-b123/p.UrlBrand vs /fr/Allergies-c55/A-Vogel-b54/Clef-des-champs-b26/Flora-b123. Lang:fr
00:28:14 Listing url is not the same: /fr/Antioxydants-c62/Clef-des-champs-b26/Organic-traditions-b127/p.Url vs /fr/Antioxydants-c62/Clef-des-champs-b26/Organic-traditions-b127. Lang:fr
00:28:18 Listing url is not the same: /fr/Concentration-memoire-migraine-c56/A-Vogel-b54/Clef-des-champs-b26/Flora-b123/promotion.Url vs /fr/Concentration-memoire-migraine-c56/A-Vogel-b54/Clef-des-champs-b26/Flora-b123. Lang:fr
00:28:21 Listing url is not the same: /fr/Fatigue-c99/A-Vogel-b54/Clef-des-champs-b26/Leo-Desilet-b66/brand.Url vs /fr/Fatigue-c99/A-Vogel-b54/Clef-des-champs-b26/Leo-Desilet-b66. Lang:fr
00:28:28 Listing url is not the same: /fr/Sante-des-enfants-c108/A-Vogel-b54/Clef-des-champs-b26/Leo-Desilet-b66/subcat.Url vs /fr/Sante-des-enfants-c108/A-Vogel-b54/Clef-des-champs-b26/Leo-Desilet-b66. Lang:fr
00:28:29 Listing url is not the same: /fr/Sante-des-enfants-c108/Bach-b137/Natural-Factors-b71/addressLink vs /fr/Sante-des-enfants-c108/Bach-b137/Natural-Factors-b71. Lang:fr
00:28:31 Listing url is not the same: /fr/Sante-des-enfants-c108/Bach-b137/Natural-Factors-b71/p.UrlBrand vs /fr/Sante-des-enfants-c108/Bach-b137/Natural-Factors-b71. Lang:fr
00:28:33 Listing url is not the same: /fr/Sante-des-femmes-c100/New-roots-b74/Salus-b126/brand.Url vs /fr/Sante-des-femmes-c100/New-roots-b74/Salus-b126. Lang:fr
01:23:48 Listing url is not the same: /fr/Rhume-grippe-voie-respiratoire-c57/A-Vogel-b54/Bach-b137/Boiron-b61/p.Url vs /fr/Rhume-grippe-voie-respiratoire-c57/A-Vogel-b54/Bach-b137/Boiron-b61. Lang:fr
01:23:55 Listing url is not the same: /fr/Systeme-immunitaire-c93/Anokian-b58/Natural-Factors-b71/New-roots-b74/subcat.Url vs /fr/Systeme-immunitaire-c93/Anokian-b58/Natural-Factors-b71/New-roots-b74. Lang:fr
01:25:12 Listing url is not the same: /fr/Antioxydants-c62/A-Vogel-b54/Clef-des-champs-b26/Natural-Factors-b71/New-roots-b74/p.Url vs /fr/Antioxydants-c62/A-Vogel-b54/Clef-des-champs-b26/Natural-Factors-b71/New-roots-b74. Lang:fr
01:25:17 Listing url is not the same: /fr/Systeme-immunitaire-c93/Clef-des-champs-b26/Druide-b63/Nature-Clean-b72/New-roots-b74/p.Url vs /fr/Systeme-immunitaire-c93/Clef-des-champs-b26/Druide-b63/Nature-Clean-b72/New-roots-b74. Lang:fr
01:27:44 Listing url is not the same: /fr/Homeopathie-c12/Boiron-b61/Medelys-b128/promotion.Url vs /fr/Homeopathie-c12/Boiron-b61/Medelys-b128. Lang:fr
01:27:46 Listing url is not the same: /fr/Homeopathie-c12/Boiron-b61/Merveilles-d-Abeilles-b69/Natural-Factors-b71/promotion.Url vs /fr/Homeopathie-c12/Boiron-b61/Merveilles-d-Abeilles-b69/Natural-Factors-b71. Lang:fr
01:27:47 Listing url is not the same: /fr/Rhume-grippe-voie-respiratoire-c57/Clef-des-champs-b26/Natural-Factors-b71/Nature-Clean-b72/New-roots-b74/subcat.Url vs /fr/Rhume-grippe-voie-respiratoire-c57/Clef-des-champs-b26/Natural-Factors-b71/Nature-Clean-b72/New-roots-b74. Lang:fr
01:27:50 Listing url is not the same: /fr/Systeme-immunitaire-c93/Medelys-b128/Natural-Factors-b71/p.UrlBrand vs /fr/Systeme-immunitaire-c93/Medelys-b128/Natural-Factors-b71. Lang:fr
02:22:25 Listing url is not the same: /fr/Concentration-memoire-migraine-c56/A-Vogel-b54/Anokian-b58/Boiron-b61/Clef-des-champs-b26/urlBilingual vs /fr/Concentration-memoire-migraine-c56/A-Vogel-b54/Anokian-b58/Boiron-b61/Clef-des-champs-b26. Lang:fr
02:22:28 Listing url is not the same: /fr/Sommeil-c88/A-Vogel-b54/Druide-b63/Flora-b123/subcat.Url vs /fr/Sommeil-c88/A-Vogel-b54/Druide-b63/Flora-b123. Lang:fr
02:25:05 Listing url is not the same: /fr/Sommeil-c88/Clef-des-champs-b26/Kyolic-b115/b.Url vs /fr/Sommeil-c88/Clef-des-champs-b26/Kyolic-b115. Lang:fr
03:19:19 Listing url is not the same: /fr/Coeur-et-sante-generale-c106/Clef-des-champs-b26/Druide-b63/Natural-Factors-b71/New-roots-b74/b.Url vs /fr/Coeur-et-sante-generale-c106/Clef-des-champs-b26/Druide-b63/Natural-Factors-b71/New-roots-b74. Lang:fr
03:19:22 Listing url is not the same: /fr/Coeur-et-sante-generale-c106/Clef-des-champs-b26/Druide-b63/Natural-Factors-b71/New-roots-b74/urlBilingual vs /fr/Coeur-et-sante-generale-c106/Clef-des-champs-b26/Druide-b63/Natural-Factors-b71/New-roots-b74. Lang:fr
03:19:26 Listing url is not the same: /fr/Inflammation-c98/Clef-des-champs-b26/Numi-tea-b124/subcat.Url vs /fr/Inflammation-c98/Clef-des-champs-b26/Numi-tea-b124. Lang:fr
03:23:00 Listing url is not the same: /fr/Allergies-c55/Bach-b137/Natural-Factors-b71/b.Url vs /fr/Allergies-c55/Bach-b137/Natural-Factors-b71. Lang:fr
03:23:05 Listing url is not the same: /fr/Fatigue-c99/Clef-des-champs-b26/Kyolic-b115/urlBilingual vs /fr/Fatigue-c99/Clef-des-champs-b26/Kyolic-b115. Lang:fr
03:23:06 Listing url is not the same: /fr/Rhume-grippe-voie-respiratoire-c57/Boiron-b61/Clef-des-champs-b26/Leo-Desilet-b66/brand.Url vs /fr/Rhume-grippe-voie-respiratoire-c57/Boiron-b61/Clef-des-champs-b26/Leo-Desilet-b66. Lang:fr
03:23:07 Listing url is not the same: /fr/Sante-des-enfants-c108/A-Vogel-b54/Clef-des-champs-b26/Druide-b63/Meditrina-b68/New-roots-b74/subcat.Url vs /fr/Sante-des-enfants-c108/A-Vogel-b54/Clef-des-champs-b26/Druide-b63/Meditrina-b68/New-roots-b74. Lang:fr
03:23:08 Listing url is not the same: /fr/Sante-des-femmes-c100/Bach-b137/Meditrina-b68/addressLink vs /fr/Sante-des-femmes-c100/Bach-b137/Meditrina-b68. Lang:fr
03:23:09 Listing url is not the same: /fr/Sante-des-femmes-c100/Le-Tournesol-ANB-b64/Medelys-b128/p.UrlBrand vs /fr/Sante-des-femmes-c100/Le-Tournesol-ANB-b64/Medelys-b128. Lang:fr
03:23:12 Listing url is not the same: /fr/Systeme-immunitaire-c93/Bach-b137/Natural-Factors-b71/brand.Url vs /fr/Systeme-immunitaire-c93/Bach-b137/Natural-Factors-b71. Lang:fr
03:23:13 Listing url is not the same: /fr/Systeme-immunitaire-c93/Clef-des-champs-b26/Kyolic-b115/cat.Url vs /fr/Systeme-immunitaire-c93/Clef-des-champs-b26/Kyolic-b115. Lang:fr
04:14:34 Listing url is not the same: /fr/Inflammation-c98/Boiron-b61/Natural-Factors-b71/Nature-Clean-b72/addressLink vs /fr/Inflammation-c98/Boiron-b61/Natural-Factors-b71/Nature-Clean-b72. Lang:fr
04:19:45 Listing url is not the same: /fr/Sante-des-enfants-c108/A-Vogel-b54/Clef-des-champs-b26/Druide-b63/Natural-Factors-b71/Nature-Clean-b72/subcat.Url vs /fr/Sante-des-enfants-c108/A-Vogel-b54/Clef-des-champs-b26/Druide-b63/Natural-Factors-b71/Nature-Clean-b72. Lang:fr
04:19:46 Listing url is not the same: /fr/Sante-des-enfants-c108/A-Vogel-b54/Natural-Factors-b71/Nature-Clean-b72/New-roots-b74/promotion.Url vs /fr/Sante-des-enfants-c108/A-Vogel-b54/Natural-Factors-b71/Nature-Clean-b72/New-roots-b74. Lang:fr
04:19:50 Listing url is not the same: /fr/Stress-c97/A-Vogel-b54/Clef-des-champs-b26/Leo-Desilet-b66/p.Url vs /fr/Stress-c97/A-Vogel-b54/Clef-des-champs-b26/Leo-Desilet-b66. Lang:fr
05:10:01 Listing url is not the same: /fr/Inflammation-c98/Flora-b123/p.UrlBrand vs /fr/Inflammation-c98/Flora-b123. Lang:fr
05:13:21 Listing url is not the same: /fr/Stress-c97/A-Vogel-b54/Boiron-b61/Clef-des-champs-b26/Nature-Clean-b72/brand.Url vs /fr/Stress-c97/A-Vogel-b54/Boiron-b61/Clef-des-champs-b26/Nature-Clean-b72. Lang:fr
05:15:10 Listing url is not the same: /fr/Antioxydants-c62/A-Vogel-b54/Nature-Clean-b72/New-roots-b74/p.UrlBrand vs /fr/Antioxydants-c62/A-Vogel-b54/Nature-Clean-b72/New-roots-b74. Lang:fr
05:15:11 Listing url is not the same: /fr/Cosmetique-parfum-et-deodorant-c60/A-Vogel-b54/Anokian-b58/Boiron-b61/Clef-des-champs-b26/addressLink vs /fr/Cosmetique-parfum-et-deodorant-c60/A-Vogel-b54/Anokian-b58/Boiron-b61/Clef-des-champs-b26. Lang:fr
05:17:45 Listing url is not the same: /fr/Allergies-c55/Clef-des-champs-b26/Meditrina-b68/Natural-Factors-b71/New-roots-b74/p.Url vs /fr/Allergies-c55/Clef-des-champs-b26/Meditrina-b68/Natural-Factors-b71/New-roots-b74. Lang:fr
05:17:49 Listing url is not the same: /fr/Sante-des-enfants-c108/A-Vogel-b54/Natural-Factors-b71/Nature-Clean-b72/New-roots-b74/addressLink vs /fr/Sante-des-enfants-c108/A-Vogel-b54/Natural-Factors-b71/Nature-Clean-b72/New-roots-b74. Lang:fr
05:17:56 Listing url is not the same: /fr/Sante-des-femmes-c100/A-Vogel-b54/Clef-des-champs-b26/Natural-Factors-b71/New-roots-b74/subcat.Url vs /fr/Sante-des-femmes-c100/A-Vogel-b54/Clef-des-champs-b26/Natural-Factors-b71/New-roots-b74. Lang:fr
06:10:55 Listing url is not the same: /fr/Antioxydants-c62/A-Vogel-b54/Anokian-b58/Boiron-b61/Clef-des-champs-b26/cat.Url vs /fr/Antioxydants-c62/A-Vogel-b54/Anokian-b58/Boiron-b61/Clef-des-champs-b26. Lang:fr
06:13:49 Listing url is not the same: /fr/Allergies-c55/Druide-b63/Natural-Factors-b71/New-roots-b74/cat.Url vs /fr/Allergies-c55/Druide-b63/Natural-Factors-b71/New-roots-b74. Lang:fr
06:13:51 Listing url is not the same: /fr/Fatigue-c99/Clef-des-champs-b26/Healthology-b116/p.UrlBrand vs /fr/Fatigue-c99/Clef-des-champs-b26/Healthology-b116. Lang:fr
06:13:52 Listing url is not the same: /fr/Inflammation-c98/Clef-des-champs-b26/Le-Tournesol-ANB-b64/New-roots-b74/p.UrlBrand vs /fr/Inflammation-c98/Clef-des-champs-b26/Le-Tournesol-ANB-b64/New-roots-b74. Lang:fr
06:13:56 Listing url is not the same: /fr/Sommeil-c88/A-Vogel-b54/Boiron-b61/Clef-des-champs-b26/Druide-b63/Nature-Clean-b72/b.Url vs /fr/Sommeil-c88/A-Vogel-b54/Boiron-b61/Clef-des-champs-b26/Druide-b63/Nature-Clean-b72. Lang:fr
07:08:10 Listing url is not the same: /fr/Cosmetique-parfum-et-deodorant-c60/Clef-des-champs-b26/Druide-b63/Natural-Factors-b71/New-roots-b74/p.Url vs /fr/Cosmetique-parfum-et-deodorant-c60/Clef-des-champs-b26/Druide-b63/Natural-Factors-b71/New-roots-b74. Lang:fr
07:10:25 Listing url is not the same: /fr/Concentration-memoire-migraine-c56/Clef-des-champs-b26/Numi-tea-b124/b.Url vs /fr/Concentration-memoire-migraine-c56/Clef-des-champs-b26/Numi-tea-b124. Lang:fr
07:10:27 Listing url is not the same: /fr/Homeopathie-c12/A-Vogel-b54/Le-Tournesol-ANB-b64/New-roots-b74/b.Url vs /fr/Homeopathie-c12/A-Vogel-b54/Le-Tournesol-ANB-b64/New-roots-b74. Lang:fr
07:10:28 Listing url is not the same: /fr/Sante-des-enfants-c108/A-Vogel-b54/Boiron-b61/Clef-des-champs-b26/New-roots-b74/urlBilingual vs /fr/Sante-des-enfants-c108/A-Vogel-b54/Boiron-b61/Clef-des-champs-b26/New-roots-b74. Lang:fr
07:10:30 Listing url is not the same: /fr/Stress-c97/A-Vogel-b54/Druide-b63/Flora-b123/brand.Url vs /fr/Stress-c97/A-Vogel-b54/Druide-b63/Flora-b123. Lang:fr
08:06:17 Listing url is not the same: /fr/Homeopathie-c12/Clef-des-champs-b26/Druide-b63/Natural-Factors-b71/New-roots-b74/p.Url vs /fr/Homeopathie-c12/Clef-des-champs-b26/Druide-b63/Natural-Factors-b71/New-roots-b74. Lang:fr
08:06:27 Listing url is not the same: /fr/Rhume-grippe-voie-respiratoire-c57/Clef-des-champs-b26/Druide-b63/Meditrina-b68/New-roots-b74/cat.Url vs /fr/Rhume-grippe-voie-respiratoire-c57/Clef-des-champs-b26/Druide-b63/Meditrina-b68/New-roots-b74. Lang:fr
08:06:45 Listing url is not the same: /fr/Stress-c97/A-Vogel-b54/Clef-des-champs-b26/Natural-Factors-b71/New-roots-b74/urlBilingual vs /fr/Stress-c97/A-Vogel-b54/Clef-des-champs-b26/Natural-Factors-b71/New-roots-b74. Lang:fr
08:08:25 Listing url is not the same: /fr/Antioxydants-c62/Boiron-b61/Clef-des-champs-b26/Leo-Desilet-b66/urlBilingual vs /fr/Antioxydants-c62/Boiron-b61/Clef-des-champs-b26/Leo-Desilet-b66. Lang:fr
08:08:31 Listing url is not the same: /fr/Concentration-memoire-migraine-c56/Clef-des-champs-b26/Meditrina-b68/Merveilles-d-Abeilles-b69/Natural-Factors-b71/Nature-Clean-b72/p.UrlBrand vs /fr/Concentration-memoire-migraine-c56/Clef-des-champs-b26/Meditrina-b68/Merveilles-d-Abeilles-b69/Natural-Factors-b71/Nature-Clean-b72. Lang:fr
08:08:45 Listing url is not the same: /fr/Sommeil-c88/Boiron-b61/Leo-Desilet-b66/addressLink vs /fr/Sommeil-c88/Boiron-b61/Leo-Desilet-b66. Lang:fr
08:08:48 Listing url is not the same: /fr/Systeme-immunitaire-c93/Boiron-b61/Leo-Desilet-b66/cat.Url vs /fr/Systeme-immunitaire-c93/Boiron-b61/Leo-Desilet-b66. Lang:fr
09:03:39 Listing url is not the same: /fr/Inflammation-c98/Clef-des-champs-b26/Druide-b63/Natural-Factors-b71/New-roots-b74/p.UrlBrand vs /fr/Inflammation-c98/Clef-des-champs-b26/Druide-b63/Natural-Factors-b71/New-roots-b74. Lang:fr
09:05:39 Listing url is not the same: /fr/Antioxydants-c62/A-Vogel-b54/Clef-des-champs-b26/Flora-b123/p.Url vs /fr/Antioxydants-c62/A-Vogel-b54/Clef-des-champs-b26/Flora-b123. Lang:fr
09:05:45 Listing url is not the same: /fr/Detox-Digestion-c87/A-Vogel-b54/Clef-des-champs-b26/Nature-Clean-b72/New-roots-b74/promotion.Url vs /fr/Detox-Digestion-c87/A-Vogel-b54/Clef-des-champs-b26/Nature-Clean-b72/New-roots-b74. Lang:fr
09:05:54 Listing url is not the same: /fr/Homeopathie-c12/A-Vogel-b54/Bach-b137/Druide-b63/b.Url vs /fr/Homeopathie-c12/A-Vogel-b54/Bach-b137/Druide-b63. Lang:fr
09:05:58 Listing url is not the same: /fr/Rhume-grippe-voie-respiratoire-c57/A-Vogel-b54/Anokian-b58/Boiron-b61/Clef-des-champs-b26/p.Url vs /fr/Rhume-grippe-voie-respiratoire-c57/A-Vogel-b54/Anokian-b58/Boiron-b61/Clef-des-champs-b26. Lang:fr
09:06:01 Listing url is not the same: /fr/Sante-des-enfants-c108/Clef-des-champs-b26/Healthology-b116/addressLink vs /fr/Sante-des-enfants-c108/Clef-des-champs-b26/Healthology-b116. Lang:fr
09:06:04 Listing url is not the same: /fr/Stress-c97/A-Vogel-b54/Clef-des-champs-b26/Natural-Factors-b71/New-roots-b74/subcat.Url vs /fr/Stress-c97/A-Vogel-b54/Clef-des-champs-b26/Natural-Factors-b71/New-roots-b74. Lang:fr
10:04:52 Listing url is not the same: /fr/Allergies-c55/Clef-des-champs-b26/Druide-b63/Natural-Factors-b71/New-roots-b74/p.Url vs /fr/Allergies-c55/Clef-des-champs-b26/Druide-b63/Natural-Factors-b71/New-roots-b74. Lang:fr
10:05:12 Listing url is not the same: /fr/Sommeil-c88/Clef-des-champs-b26/Healthology-b116/p.Url vs /fr/Sommeil-c88/Clef-des-champs-b26/Healthology-b116. Lang:fr
10:05:15 Listing url is not the same: /fr/Sommeil-c88/Le-Tournesol-ANB-b64/Merveilles-d-Abeilles-b69/New-roots-b74/urlBilingual vs /fr/Sommeil-c88/Le-Tournesol-ANB-b64/Merveilles-d-Abeilles-b69/New-roots-b74. Lang:fr
11:02:02 Listing url is not the same: /fr/Antioxydants-c62/A-Vogel-b54/Nature-Clean-b72/New-roots-b74/subcat.Url vs /fr/Antioxydants-c62/A-Vogel-b54/Nature-Clean-b72/New-roots-b74. Lang:fr
11:02:09 Listing url is not the same: /fr/Concentration-memoire-migraine-c56/A-Vogel-b54/Nature-Clean-b72/New-roots-b74/p.Url vs /fr/Concentration-memoire-migraine-c56/A-Vogel-b54/Nature-Clean-b72/New-roots-b74. Lang:fr
11:03:28 Listing url is not the same: /fr/Concentration-memoire-migraine-c56/Clef-des-champs-b26/Numi-tea-b124/promotion.Url vs /fr/Concentration-memoire-migraine-c56/Clef-des-champs-b26/Numi-tea-b124. Lang:fr
11:03:29 Listing url is not the same: /fr/Homeopathie-c12/A-Vogel-b54/Clef-des-champs-b26/Flora-b123/cat.Url vs /fr/Homeopathie-c12/A-Vogel-b54/Clef-des-champs-b26/Flora-b123. Lang:fr
11:03:31 Listing url is not the same: /fr/Sante-des-enfants-c108/A-Vogel-b54/Bach-b137/Druide-b63/b.Url vs /fr/Sante-des-enfants-c108/A-Vogel-b54/Bach-b137/Druide-b63. Lang:fr
11:05:41 Listing url is not the same: /fr/Allergies-c55/A-Vogel-b54/Druide-b63/Meditrina-b68/New-roots-b74/b.Url vs /fr/Allergies-c55/A-Vogel-b54/Druide-b63/Meditrina-b68/New-roots-b74. Lang:fr
11:05:42 Listing url is not the same: /fr/Detox-Digestion-c87/Kyolic-b115/Natural-Factors-b71/cat.Url vs /fr/Detox-Digestion-c87/Kyolic-b115/Natural-Factors-b71. Lang:fr
11:05:43 Listing url is not the same: /fr/Fatigue-c99/A-Vogel-b54/Bach-b137/Boiron-b61/Clef-des-champs-b26/b.Url vs /fr/Fatigue-c99/A-Vogel-b54/Bach-b137/Boiron-b61/Clef-des-champs-b26. Lang:fr
11:05:45 Listing url is not the same: /fr/Homeopathie-c12/A-Vogel-b54/Clef-des-champs-b26/Leo-Desilet-b66/addressLink vs /fr/Homeopathie-c12/A-Vogel-b54/Clef-des-champs-b26/Leo-Desilet-b66. Lang:fr
11:05:47 Listing url is not the same: /fr/Inflammation-c98/A-Vogel-b54/Boiron-b61/Clef-des-champs-b26/Meditrina-b68/Nature-Clean-b72/cat.Url vs /fr/Inflammation-c98/A-Vogel-b54/Boiron-b61/Clef-des-champs-b26/Meditrina-b68/Nature-Clean-b72. Lang:fr
11:05:52 Listing url is not the same: /fr/Systeme-immunitaire-c93/Medelys-b128/Natural-Factors-b71/p.Url vs /fr/Systeme-immunitaire-c93/Medelys-b128/Natural-Factors-b71. Lang:fr
12:03:02 Listing url is not the same: /fr/Concentration-memoire-migraine-c56/A-Vogel-b54/Nature-Clean-b72/New-roots-b74/addressLink vs /fr/Concentration-memoire-migraine-c56/A-Vogel-b54/Nature-Clean-b72/New-roots-b74. Lang:fr
12:03:04 Listing url is not the same: /fr/Concentration-memoire-migraine-c56/A-Vogel-b54/Nature-Clean-b72/New-roots-b74/brand.Url vs /fr/Concentration-memoire-migraine-c56/A-Vogel-b54/Nature-Clean-b72/New-roots-b74. Lang:fr
12:04:24 Listing url is not the same: /fr/Homeopathie-c12/A-Vogel-b54/Bach-b137/Druide-b63/p.Url vs /fr/Homeopathie-c12/A-Vogel-b54/Bach-b137/Druide-b63. Lang:fr
12:04:27 Listing url is not the same: /fr/Sante-des-femmes-c100/A-Vogel-b54/Boiron-b61/Clef-des-champs-b26/Nature-Clean-b72/promotion.Url vs /fr/Sante-des-femmes-c100/A-Vogel-b54/Boiron-b61/Clef-des-champs-b26/Nature-Clean-b72. Lang:fr
12:04:35 Listing url is not the same: /fr/Sommeil-c88/A-Vogel-b54/Le-Tournesol-ANB-b64/New-roots-b74/brand.Url vs /fr/Sommeil-c88/A-Vogel-b54/Le-Tournesol-ANB-b64/New-roots-b74. Lang:fr
12:06:35 Listing url is not the same: /fr/Huiles-magiques-de-wicca-c65/Le-Tournesol-ANB-b64/Merveilles-d-Abeilles-b69/New-roots-b74/brand.Url vs /fr/Huiles-magiques-de-wicca-c65/Le-Tournesol-ANB-b64/Merveilles-d-Abeilles-b69/New-roots-b74. Lang:fr
13:04:59 Listing url is not the same: /fr/Sante-des-enfants-c108/Clef-des-champs-b26/Healthology-b116/brand.Url vs /fr/Sante-des-enfants-c108/Clef-des-champs-b26/Healthology-b116. Lang:fr
13:06:45 Listing url is not the same: /fr/Fatigue-c99/A-Vogel-b54/Anokian-b58/Boiron-b61/Clef-des-champs-b26/brand.Url vs /fr/Fatigue-c99/A-Vogel-b54/Anokian-b58/Boiron-b61/Clef-des-champs-b26. Lang:fr
13:06:49 Listing url is not the same: /fr/Sante-des-enfants-c108/Clef-des-champs-b26/Healthology-b116/urlBilingual vs /fr/Sante-des-enfants-c108/Clef-des-champs-b26/Healthology-b116. Lang:fr
13:09:09 Listing url is not the same: /fr/Cosmetique-parfum-et-deodorant-c60/A-Vogel-b54/Bach-b137/Druide-b63/p.UrlBrand vs /fr/Cosmetique-parfum-et-deodorant-c60/A-Vogel-b54/Bach-b137/Druide-b63. Lang:fr
13:09:14 Listing url is not the same: /fr/Detox-Digestion-c87/Medelys-b128/Natural-Factors-b71/subcat.Url vs /fr/Detox-Digestion-c87/Medelys-b128/Natural-Factors-b71. Lang:fr
13:09:18 Listing url is not the same: /fr/Sommeil-c88/A-Vogel-b54/Healthology-b116/cat.Url vs /fr/Sommeil-c88/A-Vogel-b54/Healthology-b116. Lang:fr
13:09:19 Listing url is not the same: /fr/Stress-c97/A-Vogel-b54/Healthology-b116/promotion.Url vs /fr/Stress-c97/A-Vogel-b54/Healthology-b116. Lang:fr
13:09:20 Listing url is not the same: /fr/Systeme-immunitaire-c93/A-Vogel-b54/Le-Tournesol-ANB-b64/New-roots-b74/p.Url vs /fr/Systeme-immunitaire-c93/A-Vogel-b54/Le-Tournesol-ANB-b64/New-roots-b74. Lang:fr
13:09:21 Listing url is not the same: /fr/Tisane-c24/Clef-des-champs-b26/Meditrina-b68/p.UrlBrand vs /fr/Tisane-c24/Clef-des-champs-b26/Meditrina-b68. Lang:fr
14:07:55 Listing url is not the same: /fr/Stress-c97/Clef-des-champs-b26/Druide-b63/Meditrina-b68/New-roots-b74/subcat.Url vs /fr/Stress-c97/Clef-des-champs-b26/Druide-b63/Meditrina-b68/New-roots-b74. Lang:fr
14:09:59 Listing url is not the same: /fr/Concentration-memoire-migraine-c56/Clef-des-champs-b26/Meditrina-b68/Merveilles-d-Abeilles-b69/Natural-Factors-b71/Nature-Clean-b72/cat.Url vs /fr/Concentration-memoire-migraine-c56/Clef-des-champs-b26/Meditrina-b68/Merveilles-d-Abeilles-b69/Natural-Factors-b71/Nature-Clean-b72. Lang:fr
14:10:08 Listing url is not the same: /fr/Detox-Digestion-c87/A-Vogel-b54/Clef-des-champs-b26/Nature-Clean-b72/New-roots-b74/addressLink vs /fr/Detox-Digestion-c87/A-Vogel-b54/Clef-des-champs-b26/Nature-Clean-b72/New-roots-b74. Lang:fr
14:10:15 Listing url is not the same: /fr/Fatigue-c99/A-Vogel-b54/Clef-des-champs-b26/Leo-Desilet-b66/b.Url vs /fr/Fatigue-c99/A-Vogel-b54/Clef-des-champs-b26/Leo-Desilet-b66. Lang:fr
14:10:22 Listing url is not the same: /fr/Fatigue-c99/Bach-b137/Clef-des-champs-b26/New-roots-b74/subcat.Url vs /fr/Fatigue-c99/Bach-b137/Clef-des-champs-b26/New-roots-b74. Lang:fr
14:10:35 Listing url is not the same: /fr/Inflammation-c98/A-Vogel-b54/Clef-des-champs-b26/Meditrina-b68/New-roots-b74/subcat.Url vs /fr/Inflammation-c98/A-Vogel-b54/Clef-des-champs-b26/Meditrina-b68/New-roots-b74. Lang:fr
14:12:06 Listing url is not the same: /fr/Antioxydants-c62/A-Vogel-b54/Healthology-b116/urlBilingual vs /fr/Antioxydants-c62/A-Vogel-b54/Healthology-b116. Lang:fr
15:06:09 Listing url is not the same: /fr/Cosmetique-parfum-et-deodorant-c60/Clef-des-champs-b26/Druide-b63/Natural-Factors-b71/New-roots-b74/p.UrlBrand vs /fr/Cosmetique-parfum-et-deodorant-c60/Clef-des-champs-b26/Druide-b63/Natural-Factors-b71/New-roots-b74. Lang:fr
15:06:14 Listing url is not the same: /fr/Rhume-grippe-voie-respiratoire-c57/A-Vogel-b54/Bach-b137/Boiron-b61/b.Url vs /fr/Rhume-grippe-voie-respiratoire-c57/A-Vogel-b54/Bach-b137/Boiron-b61. Lang:fr
15:06:17 Listing url is not the same: /fr/Sante-des-enfants-c108/Clef-des-champs-b26/Healthology-b116/cat.Url vs /fr/Sante-des-enfants-c108/Clef-des-champs-b26/Healthology-b116. Lang:fr
15:09:18 Listing url is not the same: /fr/Antioxydants-c62/Boiron-b61/Clef-des-champs-b26/Leo-Desilet-b66/p.Url vs /fr/Antioxydants-c62/Boiron-b61/Clef-des-champs-b26/Leo-Desilet-b66. Lang:fr
15:09:36 Listing url is not the same: /fr/Sommeil-c88/Clef-des-champs-b26/Kyolic-b115/brand.Url vs /fr/Sommeil-c88/Clef-des-champs-b26/Kyolic-b115. Lang:fr
16:11:39 Listing url is not the same: /fr/Inflammation-c98/Flora-b123/promotion.Url vs /fr/Inflammation-c98/Flora-b123. Lang:fr
20:19:20 Listing url is not the same: /fr/Systeme-immunitaire-c93/Clef-des-champs-b26/Healthology-b116/p.Url vs /fr/Systeme-immunitaire-c93/Clef-des-champs-b26/Healthology-b116. Lang:fr
20:20:26 Listing url is not the same: /fr/Cosmetique-parfum-et-deodorant-c60/Clef-des-champs-b26/Druide-b63/Natural-Factors-b71/New-roots-b74/addressLink vs /fr/Cosmetique-parfum-et-deodorant-c60/Clef-des-champs-b26/Druide-b63/Natural-Factors-b71/New-roots-b74. Lang:fr
21:16:44 Listing url is not the same: /fr/Rhume-grippe-voie-respiratoire-c57/Anokian-b58/Boiron-b61/Clef-des-champs-b26/addressLink vs /fr/Rhume-grippe-voie-respiratoire-c57/Anokian-b58/Boiron-b61/Clef-des-champs-b26. Lang:fr
21:17:42 Listing url is not the same: /fr/Huiles-magiques-de-wicca-c65/Clef-des-champs-b26/Le-Tournesol-ANB-b64/New-roots-b74/p.Url vs /fr/Huiles-magiques-de-wicca-c65/Clef-des-champs-b26/Le-Tournesol-ANB-b64/New-roots-b74. Lang:fr
