00:35:12 Listing url is not the same: /fr/Rhume-grippe-voie-respiratoire-c57/A-Vogel-b54/Bach-b137/Boiron-b61/p.UrlBrand vs /fr/Rhume-grippe-voie-respiratoire-c57/A-Vogel-b54/Bach-b137/Boiron-b61. Lang:fr
00:36:20 Listing url is not the same: /fr/Sante-des-enfants-c108/A-Vogel-b54/Boiron-b61/Natural-Factors-b71/New-roots-b74/subcat.Url vs /fr/Sante-des-enfants-c108/A-Vogel-b54/Boiron-b61/Natural-Factors-b71/New-roots-b74. Lang:fr
02:08:52 Listing url is not the same: /fr/Detox-Digestion-c87/A-Vogel-b54/Le-Tournesol-ANB-b64/New-roots-b74/brand.Url vs /fr/Detox-Digestion-c87/A-Vogel-b54/Le-Tournesol-ANB-b64/New-roots-b74. Lang:fr
11:13:42 Listing url is not the same: /fr/Concentration-memoire-migraine-c56/Druide-b63/Meditrina-b68/New-roots-b74/b.Url vs /fr/Concentration-memoire-migraine-c56/Druide-b63/Meditrina-b68/New-roots-b74. Lang:fr
14:16:42 Listing url is not the same: /fr/Concentration-memoire-migraine-c56/Clef-des-champs-b26/Medelys-b128/urlBilingual vs /fr/Concentration-memoire-migraine-c56/Clef-des-champs-b26/Medelys-b128. Lang:fr
14:19:44 Listing url is not the same: /fr/Concentration-memoire-migraine-c56/Clef-des-champs-b26/Druide-b63/Natural-Factors-b71/New-roots-b74/p.Url vs /fr/Concentration-memoire-migraine-c56/Clef-des-champs-b26/Druide-b63/Natural-Factors-b71/New-roots-b74. Lang:fr
14:19:58 Listing url is not the same: /fr/Cosmetique-parfum-et-deodorant-c60/Clef-des-champs-b26/Druide-b63/Natural-Factors-b71/New-roots-b74/promotion.Url vs /fr/Cosmetique-parfum-et-deodorant-c60/Clef-des-champs-b26/Druide-b63/Natural-Factors-b71/New-roots-b74. Lang:fr
14:20:10 Listing url is not the same: /fr/Inflammation-c98/A-Vogel-b54/Nature-Clean-b72/New-roots-b74/brand.Url vs /fr/Inflammation-c98/A-Vogel-b54/Nature-Clean-b72/New-roots-b74. Lang:fr
14:20:22 Listing url is not the same: /fr/Sante-des-femmes-c100/A-Vogel-b54/Boiron-b61/Clef-des-champs-b26/Nature-Clean-b72/p.Url vs /fr/Sante-des-femmes-c100/A-Vogel-b54/Boiron-b61/Clef-des-champs-b26/Nature-Clean-b72. Lang:fr
14:23:10 Listing url is not the same: /fr/Coeur-et-sante-generale-c106/Healthology-b116/Kyolic-b115/subcat.Url vs /fr/Coeur-et-sante-generale-c106/Healthology-b116/Kyolic-b115. Lang:fr
14:23:20 Listing url is not the same: /fr/Inflammation-c98/A-Vogel-b54/Bach-b137/Druide-b63/b.Url vs /fr/Inflammation-c98/A-Vogel-b54/Bach-b137/Druide-b63. Lang:fr
14:23:29 Listing url is not the same: /fr/Inflammation-c98/Boiron-b61/Druide-b63/Natural-Factors-b71/New-roots-b74/cat.Url vs /fr/Inflammation-c98/Boiron-b61/Druide-b63/Natural-Factors-b71/New-roots-b74. Lang:fr
14:23:40 Listing url is not the same: /fr/Inflammation-c98/Clef-des-champs-b26/Druide-b63/Meditrina-b68/New-roots-b74/cat.Url vs /fr/Inflammation-c98/Clef-des-champs-b26/Druide-b63/Meditrina-b68/New-roots-b74. Lang:fr
14:23:47 Listing url is not the same: /fr/Rhume-grippe-voie-respiratoire-c57/Clef-des-champs-b26/Le-Tournesol-ANB-b64/New-roots-b74/p.Url vs /fr/Rhume-grippe-voie-respiratoire-c57/Clef-des-champs-b26/Le-Tournesol-ANB-b64/New-roots-b74. Lang:fr
14:23:54 Listing url is not the same: /fr/Sante-des-enfants-c108/A-Vogel-b54/Clef-des-champs-b26/Druide-b63/Natural-Factors-b71/Nature-Clean-b72/p.Url vs /fr/Sante-des-enfants-c108/A-Vogel-b54/Clef-des-champs-b26/Druide-b63/Natural-Factors-b71/Nature-Clean-b72. Lang:fr
14:24:00 Listing url is not the same: /fr/Sante-des-enfants-c108/Boiron-b61/Clef-des-champs-b26/Meditrina-b68/Natural-Factors-b71/Nature-Clean-b72/p.UrlBrand vs /fr/Sante-des-enfants-c108/Boiron-b61/Clef-des-champs-b26/Meditrina-b68/Natural-Factors-b71/Nature-Clean-b72. Lang:fr
14:27:52 Listing url is not the same: /fr/Sante-des-femmes-c100/Boiron-b61/Le-Tournesol-ANB-b64/Meditrina-b68/Natural-Factors-b71/p.UrlBrand vs /fr/Sante-des-femmes-c100/Boiron-b61/Le-Tournesol-ANB-b64/Meditrina-b68/Natural-Factors-b71. Lang:fr
14:59:51 Listing url is not the same: /fr/Homeopathie-c12/Boiron-b61/Natural-Factors-b71/Nature-Clean-b72/p.Url vs /fr/Homeopathie-c12/Boiron-b61/Natural-Factors-b71/Nature-Clean-b72. Lang:fr
15:01:10 Listing url is not the same: /fr/Allergies-c55/Boiron-b61/Flora-b123/brand.Url vs /fr/Allergies-c55/Boiron-b61/Flora-b123. Lang:fr
15:06:57 Listing url is not the same: /fr/Antioxydants-c62/A-Vogel-b54/Anokian-b58/Boiron-b61/Clef-des-champs-b26/brand.Url vs /fr/Antioxydants-c62/A-Vogel-b54/Anokian-b58/Boiron-b61/Clef-des-champs-b26. Lang:fr
15:07:39 Listing url is not the same: /fr/Stress-c97/Clef-des-champs-b26/Numi-tea-b124/subcat.Url vs /fr/Stress-c97/Clef-des-champs-b26/Numi-tea-b124. Lang:fr
15:07:46 Listing url is not the same: /fr/Systeme-immunitaire-c93/Clef-des-champs-b26/Druide-b63/Natural-Factors-b71/New-roots-b74/urlBilingual vs /fr/Systeme-immunitaire-c93/Clef-des-champs-b26/Druide-b63/Natural-Factors-b71/New-roots-b74. Lang:fr
15:11:52 Listing url is not the same: /fr/Concentration-memoire-migraine-c56/Leo-Desilet-b66/p.UrlBrand vs /fr/Concentration-memoire-migraine-c56/Leo-Desilet-b66. Lang:fr
15:11:56 Listing url is not the same: /fr/Homeopathie-c12/Clef-des-champs-b26/Meditrina-b68/Natural-Factors-b71/New-roots-b74/p.UrlBrand vs /fr/Homeopathie-c12/Clef-des-champs-b26/Meditrina-b68/Natural-Factors-b71/New-roots-b74. Lang:fr
15:12:00 Listing url is not the same: /fr/Inflammation-c98/Boiron-b61/Druide-b63/Natural-Factors-b71/New-roots-b74/p.UrlBrand vs /fr/Inflammation-c98/Boiron-b61/Druide-b63/Natural-Factors-b71/New-roots-b74. Lang:fr
15:12:03 Listing url is not the same: /fr/Sante-des-enfants-c108/A-Vogel-b54/Boiron-b61/Clef-des-champs-b26/New-roots-b74/addressLink vs /fr/Sante-des-enfants-c108/A-Vogel-b54/Boiron-b61/Clef-des-champs-b26/New-roots-b74. Lang:fr
15:12:06 Listing url is not the same: /fr/Sante-des-femmes-c100/Boiron-b61/Druide-b63/Natural-Factors-b71/New-roots-b74/subcat.Url vs /fr/Sante-des-femmes-c100/Boiron-b61/Druide-b63/Natural-Factors-b71/New-roots-b74. Lang:fr
15:12:09 Listing url is not the same: /fr/Sommeil-c88/A-Vogel-b54/Flora-b123/Natural-Factors-b71/p.Url vs /fr/Sommeil-c88/A-Vogel-b54/Flora-b123/Natural-Factors-b71. Lang:fr
15:59:12 Listing url is not the same: /fr/Inflammation-c98/A-Vogel-b54/Merveilles-d-Abeilles-b69/Natural-Factors-b71/p.Url vs /fr/Inflammation-c98/A-Vogel-b54/Merveilles-d-Abeilles-b69/Natural-Factors-b71. Lang:fr
15:59:14 Listing url is not the same: /fr/Inflammation-c98/A-Vogel-b54/Merveilles-d-Abeilles-b69/Natural-Factors-b71/urlBilingual vs /fr/Inflammation-c98/A-Vogel-b54/Merveilles-d-Abeilles-b69/Natural-Factors-b71. Lang:fr
15:59:20 Listing url is not the same: /fr/Rhume-grippe-voie-respiratoire-c57/Clef-des-champs-b26/Druide-b63/Meditrina-b68/New-roots-b74/addressLink vs /fr/Rhume-grippe-voie-respiratoire-c57/Clef-des-champs-b26/Druide-b63/Meditrina-b68/New-roots-b74. Lang:fr
16:03:54 Listing url is not the same: /fr/Allergies-c55/A-Vogel-b54/Clef-des-champs-b26/Natural-Factors-b71/New-roots-b74/p.Url vs /fr/Allergies-c55/A-Vogel-b54/Clef-des-champs-b26/Natural-Factors-b71/New-roots-b74. Lang:fr
16:04:06 Listing url is not the same: /fr/Detox-Digestion-c87/A-Vogel-b54/Boiron-b61/Natural-Factors-b71/Nature-Clean-b72/b.Url vs /fr/Detox-Digestion-c87/A-Vogel-b54/Boiron-b61/Natural-Factors-b71/Nature-Clean-b72. Lang:fr
16:05:04 Listing url is not the same: /fr/Systeme-immunitaire-c93/A-Vogel-b54/Boiron-b61/Clef-des-champs-b26/Meditrina-b68/Nature-Clean-b72/p.Url vs /fr/Systeme-immunitaire-c93/A-Vogel-b54/Boiron-b61/Clef-des-champs-b26/Meditrina-b68/Nature-Clean-b72. Lang:fr
16:47:40 Listing url is not the same: /fr/Antioxydants-c62/A-Vogel-b54/Anokian-b58/Boiron-b61/Clef-des-champs-b26/urlBilingual vs /fr/Antioxydants-c62/A-Vogel-b54/Anokian-b58/Boiron-b61/Clef-des-champs-b26. Lang:fr
16:47:45 Listing url is not the same: /fr/Antioxydants-c62/A-Vogel-b54/Clef-des-champs-b26/Meditrina-b68/New-roots-b74/promotion.Url vs /fr/Antioxydants-c62/A-Vogel-b54/Clef-des-champs-b26/Meditrina-b68/New-roots-b74. Lang:fr
16:47:50 Listing url is not the same: /fr/Homeopathie-c12/Clef-des-champs-b26/Druide-b63/Natural-Factors-b71/New-roots-b74/brand.Url vs /fr/Homeopathie-c12/Clef-des-champs-b26/Druide-b63/Natural-Factors-b71/New-roots-b74. Lang:fr
16:47:53 Listing url is not the same: /fr/Inflammation-c98/A-Vogel-b54/Bach-b137/Boiron-b61/promotion.Url vs /fr/Inflammation-c98/A-Vogel-b54/Bach-b137/Boiron-b61. Lang:fr
16:47:57 Listing url is not the same: /fr/Systeme-immunitaire-c93/A-Vogel-b54/Anokian-b58/Boiron-b61/Clef-des-champs-b26/promotion.Url vs /fr/Systeme-immunitaire-c93/A-Vogel-b54/Anokian-b58/Boiron-b61/Clef-des-champs-b26. Lang:fr
16:52:40 Listing url is not the same: /fr/Homeopathie-c12/Clef-des-champs-b26/Druide-b63/Meditrina-b68/New-roots-b74/brand.Url vs /fr/Homeopathie-c12/Clef-des-champs-b26/Druide-b63/Meditrina-b68/New-roots-b74. Lang:fr
17:28:20 Listing url is not the same: /fr/Homeopathie-c12/Druide-b63/Natural-Factors-b71/New-roots-b74/urlBilingual vs /fr/Homeopathie-c12/Druide-b63/Natural-Factors-b71/New-roots-b74. Lang:fr
17:32:23 Listing url is not the same: /fr/Nettoyage-c73/A-Vogel-b54/Nature-Clean-b72/New-roots-b74/promotion.Url vs /fr/Nettoyage-c73/A-Vogel-b54/Nature-Clean-b72/New-roots-b74. Lang:fr
17:32:42 Listing url is not the same: /fr/Systeme-immunitaire-c93/Boiron-b61/Clef-des-champs-b26/Druide-b63/Natural-Factors-b71/urlBilingual vs /fr/Systeme-immunitaire-c93/Boiron-b61/Clef-des-champs-b26/Druide-b63/Natural-Factors-b71. Lang:fr
17:35:13 Listing url is not the same: /fr/Coeur-et-sante-generale-c106/Clef-des-champs-b26/Druide-b63/Meditrina-b68/New-roots-b74/b.Url vs /fr/Coeur-et-sante-generale-c106/Clef-des-champs-b26/Druide-b63/Meditrina-b68/New-roots-b74. Lang:fr
17:35:27 Listing url is not the same: /fr/Concentration-memoire-migraine-c56/Clef-des-champs-b26/Healthology-b116/brand.Url vs /fr/Concentration-memoire-migraine-c56/Clef-des-champs-b26/Healthology-b116. Lang:fr
17:36:50 Listing url is not the same: /fr/Fatigue-c99/A-Vogel-b54/Clef-des-champs-b26/Flora-b123/cat.Url vs /fr/Fatigue-c99/A-Vogel-b54/Clef-des-champs-b26/Flora-b123. Lang:fr
17:37:19 Listing url is not the same: /fr/Sante-des-femmes-c100/A-Vogel-b54/Boiron-b61/Clef-des-champs-b26/Meditrina-b68/Nature-Clean-b72/urlBilingual vs /fr/Sante-des-femmes-c100/A-Vogel-b54/Boiron-b61/Clef-des-champs-b26/Meditrina-b68/Nature-Clean-b72. Lang:fr
17:40:49 Listing url is not the same: /fr/Allergies-c55/Bach-b137/Natural-Factors-b71/cat.Url vs /fr/Allergies-c55/Bach-b137/Natural-Factors-b71. Lang:fr
17:41:14 Listing url is not the same: /fr/Detox-Digestion-c87/A-Vogel-b54/Healthology-b116/subcat.Url vs /fr/Detox-Digestion-c87/A-Vogel-b54/Healthology-b116. Lang:fr
17:41:38 Listing url is not the same: /fr/Inflammation-c98/Bach-b137/Natural-Factors-b71/p.UrlBrand vs /fr/Inflammation-c98/Bach-b137/Natural-Factors-b71. Lang:fr
17:42:02 Listing url is not the same: /fr/Sante-des-enfants-c108/A-Vogel-b54/Clef-des-champs-b26/Leo-Desilet-b66/p.Url vs /fr/Sante-des-enfants-c108/A-Vogel-b54/Clef-des-champs-b26/Leo-Desilet-b66. Lang:fr
17:43:29 Listing url is not the same: /fr/Systeme-immunitaire-c93/A-Vogel-b54/Bach-b137/Druide-b63/promotion.Url vs /fr/Systeme-immunitaire-c93/A-Vogel-b54/Bach-b137/Druide-b63. Lang:fr
17:43:47 Listing url is not the same: /fr/Systeme-immunitaire-c93/Anokian-b58/New-roots-b74/urlBilingual vs /fr/Systeme-immunitaire-c93/Anokian-b58/New-roots-b74. Lang:fr
17:44:43 Listing url is not the same: /fr/Systeme-immunitaire-c93/Clef-des-champs-b26/Kyolic-b115/p.Url vs /fr/Systeme-immunitaire-c93/Clef-des-champs-b26/Kyolic-b115. Lang:fr
17:44:57 Listing url is not the same: /fr/soin-du-corps-c86/Druide-b63/Natural-Factors-b71/New-roots-b74/subcat.Url vs /fr/Soin-du-corps-c86/Druide-b63/Natural-Factors-b71/New-roots-b74. Lang:fr
18:17:28 Listing url is not the same: /fr/Coeur-et-sante-generale-c106/Clef-des-champs-b26/Le-Tournesol-ANB-b64/New-roots-b74/b.Url vs /fr/Coeur-et-sante-generale-c106/Clef-des-champs-b26/Le-Tournesol-ANB-b64/New-roots-b74. Lang:fr
18:18:30 Listing url is not the same: /fr/Concentration-memoire-migraine-c56/Druide-b63/Meditrina-b68/New-roots-b74/brand.Url vs /fr/Concentration-memoire-migraine-c56/Druide-b63/Meditrina-b68/New-roots-b74. Lang:fr
18:19:26 Listing url is not the same: /fr/Rhume-grippe-voie-respiratoire-c57/A-Vogel-b54/Bach-b137/Boiron-b61/brand.Url vs /fr/Rhume-grippe-voie-respiratoire-c57/A-Vogel-b54/Bach-b137/Boiron-b61. Lang:fr
18:19:54 Listing url is not the same: /fr/Sante-des-enfants-c108/A-Vogel-b54/Boiron-b61/Natural-Factors-b71/New-roots-b74/brand.Url vs /fr/Sante-des-enfants-c108/A-Vogel-b54/Boiron-b61/Natural-Factors-b71/New-roots-b74. Lang:fr
18:22:33 Listing url is not the same: /fr/Concentration-memoire-migraine-c56/Clef-des-champs-b26/Healthology-b116/addressLink vs /fr/Concentration-memoire-migraine-c56/Clef-des-champs-b26/Healthology-b116. Lang:fr
18:24:39 Listing url is not the same: /fr/Fatigue-c99/Clef-des-champs-b26/Meditrina-b68/Merveilles-d-Abeilles-b69/New-roots-b74/subcat.Url vs /fr/Fatigue-c99/Clef-des-champs-b26/Meditrina-b68/Merveilles-d-Abeilles-b69/New-roots-b74. Lang:fr
18:25:07 Listing url is not the same: /fr/Inflammation-c98/A-Vogel-b54/Bach-b137/Druide-b63/urlBilingual vs /fr/Inflammation-c98/A-Vogel-b54/Bach-b137/Druide-b63. Lang:fr
18:26:52 Listing url is not the same: /fr/soin-du-corps-c86/Boiron-b61/Clef-des-champs-b26/Druide-b63/New-roots-b74/promotion.Url vs /fr/Soin-du-corps-c86/Boiron-b61/Clef-des-champs-b26/Druide-b63/New-roots-b74. Lang:fr
19:09:23 Listing url is not the same: /fr/Detox-Digestion-c87/A-Vogel-b54/Bach-b137/Boiron-b61/subcat.Url vs /fr/Detox-Digestion-c87/A-Vogel-b54/Bach-b137/Boiron-b61. Lang:fr
19:12:39 Listing url is not the same: /fr/Stress-c97/Clef-des-champs-b26/Healthology-b116/subcat.Url vs /fr/Stress-c97/Clef-des-champs-b26/Healthology-b116. Lang:fr
19:15:40 Listing url is not the same: /fr/Antioxydants-c62/A-Vogel-b54/Anokian-b58/Boiron-b61/Clef-des-champs-b26/promotion.Url vs /fr/Antioxydants-c62/A-Vogel-b54/Anokian-b58/Boiron-b61/Clef-des-champs-b26. Lang:fr
19:16:04 Listing url is not the same: /fr/Detox-Digestion-c87/Clef-des-champs-b26/Druide-b63/Natural-Factors-b71/New-roots-b74/promotion.Url vs /fr/Detox-Digestion-c87/Clef-des-champs-b26/Druide-b63/Natural-Factors-b71/New-roots-b74. Lang:fr
19:16:27 Listing url is not the same: /fr/Sante-des-enfants-c108/Clef-des-champs-b26/Salus-b126/p.Url vs /fr/Sante-des-enfants-c108/Clef-des-champs-b26/Salus-b126. Lang:fr
19:17:12 Listing url is not the same: /fr/Stress-c97/Clef-des-champs-b26/Numi-tea-b124/p.UrlBrand vs /fr/Stress-c97/Clef-des-champs-b26/Numi-tea-b124. Lang:fr
19:52:58 Listing url is not the same: /fr/Inflammation-c98/Flora-b123/subcat.Url vs /fr/Inflammation-c98/Flora-b123. Lang:fr
19:57:04 Listing url is not the same: /fr/Inflammation-c98/A-Vogel-b54/Bach-b137/Boiron-b61/b.Url vs /fr/Inflammation-c98/A-Vogel-b54/Bach-b137/Boiron-b61. Lang:fr
19:57:11 Listing url is not the same: /fr/Systeme-immunitaire-c93/Clef-des-champs-b26/Healthology-b116/promotion.Url vs /fr/Systeme-immunitaire-c93/Clef-des-champs-b26/Healthology-b116. Lang:fr
20:00:02 Listing url is not the same: /fr/Allergies-c55/Clef-des-champs-b26/Druide-b63/Natural-Factors-b71/New-roots-b74/cat.Url vs /fr/Allergies-c55/Clef-des-champs-b26/Druide-b63/Natural-Factors-b71/New-roots-b74. Lang:fr
20:00:07 Listing url is not the same: /fr/Coeur-et-sante-generale-c106/Clef-des-champs-b26/Le-Tournesol-ANB-b64/New-roots-b74/p.Url vs /fr/Coeur-et-sante-generale-c106/Clef-des-champs-b26/Le-Tournesol-ANB-b64/New-roots-b74. Lang:fr
20:00:12 Listing url is not the same: /fr/Cosmetique-parfum-et-deodorant-c60/Clef-des-champs-b26/Druide-b63/Natural-Factors-b71/New-roots-b74/b.Url vs /fr/Cosmetique-parfum-et-deodorant-c60/Clef-des-champs-b26/Druide-b63/Natural-Factors-b71/New-roots-b74. Lang:fr
20:00:36 Listing url is not the same: /fr/Inflammation-c98/A-Vogel-b54/Bach-b137/Boiron-b61/p.UrlBrand vs /fr/Inflammation-c98/A-Vogel-b54/Bach-b137/Boiron-b61. Lang:fr
20:01:07 Listing url is not the same: /fr/Rhume-grippe-voie-respiratoire-c57/Clef-des-champs-b26/Druide-b63/Natural-Factors-b71/New-roots-b74/urlBilingual vs /fr/Rhume-grippe-voie-respiratoire-c57/Clef-des-champs-b26/Druide-b63/Natural-Factors-b71/New-roots-b74. Lang:fr
20:01:36 Listing url is not the same: /fr/Sante-des-enfants-c108/Anokian-b58/New-roots-b74/promotion.Url vs /fr/Sante-des-enfants-c108/Anokian-b58/New-roots-b74. Lang:fr
20:02:05 Listing url is not the same: /fr/Sommeil-c88/Clef-des-champs-b26/Le-Tournesol-ANB-b64/New-roots-b74/p.UrlBrand vs /fr/Sommeil-c88/Clef-des-champs-b26/Le-Tournesol-ANB-b64/New-roots-b74. Lang:fr
20:03:47 Listing url is not the same: /fr/Concentration-memoire-migraine-c56/Clef-des-champs-b26/Healthology-b116/subcat.Url vs /fr/Concentration-memoire-migraine-c56/Clef-des-champs-b26/Healthology-b116. Lang:fr
20:04:13 Listing url is not the same: /fr/Homeopathie-c12/A-Vogel-b54/Druide-b63/Flora-b123/p.Url vs /fr/Homeopathie-c12/A-Vogel-b54/Druide-b63/Flora-b123. Lang:fr
20:04:38 Listing url is not the same: /fr/Sante-des-enfants-c108/Boiron-b61/Clef-des-champs-b26/Meditrina-b68/Natural-Factors-b71/Nature-Clean-b72/p.Url vs /fr/Sante-des-enfants-c108/Boiron-b61/Clef-des-champs-b26/Meditrina-b68/Natural-Factors-b71/Nature-Clean-b72. Lang:fr
20:51:23 Listing url is not the same: /fr/Rhume-grippe-voie-respiratoire-c57/Clef-des-champs-b26/Numi-tea-b124/b.Url vs /fr/Rhume-grippe-voie-respiratoire-c57/Clef-des-champs-b26/Numi-tea-b124. Lang:fr
20:51:25 Listing url is not the same: /fr/Sante-des-enfants-c108/A-Vogel-b54/Bach-b137/Boiron-b61/Clef-des-champs-b26/promotion.Url vs /fr/Sante-des-enfants-c108/A-Vogel-b54/Bach-b137/Boiron-b61/Clef-des-champs-b26. Lang:fr
20:51:26 Listing url is not the same: /fr/Sante-des-enfants-c108/Clef-des-champs-b26/Healthology-b116/subcat.Url vs /fr/Sante-des-enfants-c108/Clef-des-champs-b26/Healthology-b116. Lang:fr
20:51:30 Listing url is not the same: /fr/Systeme-immunitaire-c93/A-Vogel-b54/Boiron-b61/Clef-des-champs-b26/Meditrina-b68/Nature-Clean-b72/p.UrlBrand vs /fr/Systeme-immunitaire-c93/A-Vogel-b54/Boiron-b61/Clef-des-champs-b26/Meditrina-b68/Nature-Clean-b72. Lang:fr
23:42:19 Listing url is not the same: /fr/Fatigue-c99/A-Vogel-b54/Anokian-b58/Boiron-b61/Clef-des-champs-b26/promotion.Url vs /fr/Fatigue-c99/A-Vogel-b54/Anokian-b58/Boiron-b61/Clef-des-champs-b26. Lang:fr
