00:28:49 Listing url is not the same: /fr/Homeopathie-c12/Druide-b63/Natural-Factors-b71/New-roots-b74/brand.Url vs /fr/Homeopathie-c12/Druide-b63/Natural-Factors-b71/New-roots-b74. Lang:fr
00:30:23 Listing url is not the same: /fr/Homeopathie-c12/Clef-des-champs-b26/Druide-b63/Natural-Factors-b71/New-roots-b74/b.Url vs /fr/Homeopathie-c12/Clef-des-champs-b26/Druide-b63/Natural-Factors-b71/New-roots-b74. Lang:fr
00:32:54 Listing url is not the same: /fr/Concentration-memoire-migraine-c56/Clef-des-champs-b26/Leo-Desilet-b66/cat.Url vs /fr/Concentration-memoire-migraine-c56/Clef-des-champs-b26/Leo-Desilet-b66. Lang:fr
00:33:07 Listing url is not the same: /fr/Rhume-grippe-voie-respiratoire-c57/Clef-des-champs-b26/Le-Tournesol-ANB-b64/New-roots-b74/addressLink vs /fr/Rhume-grippe-voie-respiratoire-c57/Clef-des-champs-b26/Le-Tournesol-ANB-b64/New-roots-b74. Lang:fr
00:33:19 Listing url is not the same: /fr/Sante-des-enfants-c108/A-Vogel-b54/Clef-des-champs-b26/Druide-b63/Natural-Factors-b71/Nature-Clean-b72/promotion.Url vs /fr/Sante-des-enfants-c108/A-Vogel-b54/Clef-des-champs-b26/Druide-b63/Natural-Factors-b71/Nature-Clean-b72. Lang:fr
00:33:28 Listing url is not the same: /fr/Systeme-immunitaire-c93/A-Vogel-b54/Bach-b137/Druide-b63/p.Url vs /fr/Systeme-immunitaire-c93/A-Vogel-b54/Bach-b137/Druide-b63. Lang:fr
01:42:11 Listing url is not the same: /fr/Concentration-memoire-migraine-c56/A-Vogel-b54/Boiron-b61/New-roots-b74/addressLink vs /fr/Concentration-memoire-migraine-c56/A-Vogel-b54/Boiron-b61/New-roots-b74. Lang:fr
01:42:16 Listing url is not the same: /fr/Fatigue-c99/Clef-des-champs-b26/Healthology-b116/subcat.Url vs /fr/Fatigue-c99/Clef-des-champs-b26/Healthology-b116. Lang:fr
01:44:48 Listing url is not the same: /fr/Antioxydants-c62/Boiron-b61/Clef-des-champs-b26/Nature-Clean-b72/p.Url vs /fr/Antioxydants-c62/Boiron-b61/Clef-des-champs-b26/Nature-Clean-b72. Lang:fr
01:44:54 Listing url is not the same: /fr/Coeur-et-sante-generale-c106/Clef-des-champs-b26/Druide-b63/Natural-Factors-b71/New-roots-b74/cat.Url vs /fr/Coeur-et-sante-generale-c106/Clef-des-champs-b26/Druide-b63/Natural-Factors-b71/New-roots-b74. Lang:fr
01:45:11 Listing url is not the same: /fr/Rhume-grippe-voie-respiratoire-c57/Clef-des-champs-b26/Druide-b63/Merveilles-d-Abeilles-b69/Nature-Clean-b72/cat.Url vs /fr/Rhume-grippe-voie-respiratoire-c57/Clef-des-champs-b26/Druide-b63/Merveilles-d-Abeilles-b69/Nature-Clean-b72. Lang:fr
01:45:19 Listing url is not the same: /fr/Sommeil-c88/Bach-b137/New-roots-b74/addressLink vs /fr/Sommeil-c88/Bach-b137/New-roots-b74. Lang:fr
02:32:40 Listing url is not the same: /fr/Concentration-memoire-migraine-c56/Druide-b63/Meditrina-b68/New-roots-b74/addressLink vs /fr/Concentration-memoire-migraine-c56/Druide-b63/Meditrina-b68/New-roots-b74. Lang:fr
02:33:03 Listing url is not the same: /fr/Cosmetique-parfum-et-deodorant-c60/Druide-b63/Meditrina-b68/New-roots-b74/cat.Url vs /fr/Cosmetique-parfum-et-deodorant-c60/Druide-b63/Meditrina-b68/New-roots-b74. Lang:fr
02:33:26 Listing url is not the same: /fr/Inflammation-c98/A-Vogel-b54/Nature-Clean-b72/New-roots-b74/subcat.Url vs /fr/Inflammation-c98/A-Vogel-b54/Nature-Clean-b72/New-roots-b74. Lang:fr
02:33:47 Listing url is not the same: /fr/Rhume-grippe-voie-respiratoire-c57/Clef-des-champs-b26/Druide-b63/Natural-Factors-b71/New-roots-b74/subcat.Url vs /fr/Rhume-grippe-voie-respiratoire-c57/Clef-des-champs-b26/Druide-b63/Natural-Factors-b71/New-roots-b74. Lang:fr
02:36:16 Listing url is not the same: /fr/Coeur-et-sante-generale-c106/A-Vogel-b54/Boiron-b61/Druide-b63/Natural-Factors-b71/cat.Url vs /fr/Coeur-et-sante-generale-c106/A-Vogel-b54/Boiron-b61/Druide-b63/Natural-Factors-b71. Lang:fr
02:36:36 Listing url is not the same: /fr/Coeur-et-sante-generale-c106/A-Vogel-b54/Boiron-b61/Druide-b63/Natural-Factors-b71/promotion.Url vs /fr/Coeur-et-sante-generale-c106/A-Vogel-b54/Boiron-b61/Druide-b63/Natural-Factors-b71. Lang:fr
02:36:57 Listing url is not the same: /fr/Coeur-et-sante-generale-c106/A-Vogel-b54/Boiron-b61/Druide-b63/Natural-Factors-b71/urlBilingual vs /fr/Coeur-et-sante-generale-c106/A-Vogel-b54/Boiron-b61/Druide-b63/Natural-Factors-b71. Lang:fr
02:37:33 Listing url is not the same: /fr/Sante-des-enfants-c108/A-Vogel-b54/Druide-b63/Natural-Factors-b71/New-roots-b74/urlBilingual vs /fr/Sante-des-enfants-c108/A-Vogel-b54/Druide-b63/Natural-Factors-b71/New-roots-b74. Lang:fr
03:23:59 Listing url is not the same: /fr/Cosmetique-parfum-et-deodorant-c60/Druide-b63/Natural-Factors-b71/New-roots-b74/p.Url vs /fr/Cosmetique-parfum-et-deodorant-c60/Druide-b63/Natural-Factors-b71/New-roots-b74. Lang:fr
03:26:41 Listing url is not the same: /fr/Inflammation-c98/Clef-des-champs-b26/Healthology-b116/cat.Url vs /fr/Inflammation-c98/Clef-des-champs-b26/Healthology-b116. Lang:fr
03:29:01 Listing url is not the same: /fr/Concentration-memoire-migraine-c56/Clef-des-champs-b26/Druide-b63/Meditrina-b68/New-roots-b74/promotion.Url vs /fr/Concentration-memoire-migraine-c56/Clef-des-champs-b26/Druide-b63/Meditrina-b68/New-roots-b74. Lang:fr
03:29:02 Listing url is not the same: /fr/Concentration-memoire-migraine-c56/Clef-des-champs-b26/Druide-b63/Merveilles-d-Abeilles-b69/Nature-Clean-b72/p.UrlBrand vs /fr/Concentration-memoire-migraine-c56/Clef-des-champs-b26/Druide-b63/Merveilles-d-Abeilles-b69/Nature-Clean-b72. Lang:fr
03:29:05 Listing url is not the same: /fr/Inflammation-c98/Clef-des-champs-b26/Druide-b63/Merveilles-d-Abeilles-b69/Nature-Clean-b72/addressLink vs /fr/Inflammation-c98/Clef-des-champs-b26/Druide-b63/Merveilles-d-Abeilles-b69/Nature-Clean-b72. Lang:fr
03:29:06 Listing url is not the same: /fr/Inflammation-c98/Clef-des-champs-b26/Leo-Desilet-b66/brand.Url vs /fr/Inflammation-c98/Clef-des-champs-b26/Leo-Desilet-b66. Lang:fr
03:29:12 Listing url is not the same: /fr/Systeme-immunitaire-c93/Druide-b63/Meditrina-b68/New-roots-b74/b.Url vs /fr/Systeme-immunitaire-c93/Druide-b63/Meditrina-b68/New-roots-b74. Lang:fr
03:32:24 Listing url is not the same: /fr/Allergies-c55/A-Vogel-b54/Clef-des-champs-b26/Natural-Factors-b71/New-roots-b74/brand.Url vs /fr/Allergies-c55/A-Vogel-b54/Clef-des-champs-b26/Natural-Factors-b71/New-roots-b74. Lang:fr
03:32:25 Listing url is not the same: /fr/soin-du-corps-c86/Boiron-b61/Clef-des-champs-b26/Druide-b63/New-roots-b74/addressLink vs /fr/Soin-du-corps-c86/Boiron-b61/Clef-des-champs-b26/Druide-b63/New-roots-b74. Lang:fr
04:23:24 Listing url is not the same: /fr/Homeopathie-c12/Clef-des-champs-b26/Druide-b63/Natural-Factors-b71/New-roots-b74/p.UrlBrand vs /fr/Homeopathie-c12/Clef-des-champs-b26/Druide-b63/Natural-Factors-b71/New-roots-b74. Lang:fr
04:26:02 Listing url is not the same: /fr/Allergies-c55/Boiron-b61/Clef-des-champs-b26/Flora-b123/b.Url vs /fr/Allergies-c55/Boiron-b61/Clef-des-champs-b26/Flora-b123. Lang:fr
04:26:18 Listing url is not the same: /fr/Detox-Digestion-c87/A-Vogel-b54/Bach-b137/Druide-b63/cat.Url vs /fr/Detox-Digestion-c87/A-Vogel-b54/Bach-b137/Druide-b63. Lang:fr
04:26:25 Listing url is not the same: /fr/Fatigue-c99/Clef-des-champs-b26/Meditrina-b68/Merveilles-d-Abeilles-b69/New-roots-b74/p.UrlBrand vs /fr/Fatigue-c99/Clef-des-champs-b26/Meditrina-b68/Merveilles-d-Abeilles-b69/New-roots-b74. Lang:fr
04:26:30 Listing url is not the same: /fr/Inflammation-c98/Boiron-b61/Druide-b63/Natural-Factors-b71/New-roots-b74/promotion.Url vs /fr/Inflammation-c98/Boiron-b61/Druide-b63/Natural-Factors-b71/New-roots-b74. Lang:fr
04:26:35 Listing url is not the same: /fr/Rhume-grippe-voie-respiratoire-c57/Clef-des-champs-b26/Numi-tea-b124/urlBilingual vs /fr/Rhume-grippe-voie-respiratoire-c57/Clef-des-champs-b26/Numi-tea-b124. Lang:fr
04:26:40 Listing url is not the same: /fr/Stress-c97/A-Vogel-b54/Clef-des-champs-b26/Flora-b123/p.Url vs /fr/Stress-c97/A-Vogel-b54/Clef-des-champs-b26/Flora-b123. Lang:fr
04:29:08 Listing url is not the same: /fr/Allergies-c55/Boiron-b61/Nature-Clean-b72/New-roots-b74/promotion.Url vs /fr/Allergies-c55/Boiron-b61/Nature-Clean-b72/New-roots-b74. Lang:fr
04:29:23 Listing url is not the same: /fr/Sante-des-femmes-c100/Bach-b137/Natural-Factors-b71/subcat.Url vs /fr/Sante-des-femmes-c100/Bach-b137/Natural-Factors-b71. Lang:fr
05:19:09 Listing url is not the same: /fr/Sante-des-enfants-c108/Bach-b137/Druide-b63/urlBilingual vs /fr/Sante-des-enfants-c108/Bach-b137/Druide-b63. Lang:fr
05:19:47 Listing url is not the same: /fr/Systeme-immunitaire-c93/Clef-des-champs-b26/Druide-b63/Meditrina-b68/New-roots-b74/p.UrlBrand vs /fr/Systeme-immunitaire-c93/Clef-des-champs-b26/Druide-b63/Meditrina-b68/New-roots-b74. Lang:fr
05:21:42 Listing url is not the same: /fr/Allergies-c55/Clef-des-champs-b26/Natural-Factors-b71/Nature-Clean-b72/New-roots-b74/b.Url vs /fr/Allergies-c55/Clef-des-champs-b26/Natural-Factors-b71/Nature-Clean-b72/New-roots-b74. Lang:fr
05:22:05 Listing url is not the same: /fr/Inflammation-c98/A-Vogel-b54/Anokian-b58/Clef-des-champs-b26/Nature-Clean-b72/urlBilingual vs /fr/Inflammation-c98/A-Vogel-b54/Anokian-b58/Clef-des-champs-b26/Nature-Clean-b72. Lang:fr
05:22:24 Listing url is not the same: /fr/Inflammation-c98/Clef-des-champs-b26/Natural-Factors-b71/Nature-Clean-b72/New-roots-b74/p.Url vs /fr/Inflammation-c98/Clef-des-champs-b26/Natural-Factors-b71/Nature-Clean-b72/New-roots-b74. Lang:fr
05:22:39 Listing url is not the same: /fr/Sante-des-enfants-c108/A-Vogel-b54/Bach-b137/Boiron-b61/Clef-des-champs-b26/p.UrlBrand vs /fr/Sante-des-enfants-c108/A-Vogel-b54/Bach-b137/Boiron-b61/Clef-des-champs-b26. Lang:fr
05:22:45 Listing url is not the same: /fr/Sante-des-enfants-c108/A-Vogel-b54/Boiron-b61/Clef-des-champs-b26/New-roots-b74/subcat.Url vs /fr/Sante-des-enfants-c108/A-Vogel-b54/Boiron-b61/Clef-des-champs-b26/New-roots-b74. Lang:fr
05:22:49 Listing url is not the same: /fr/Sante-des-enfants-c108/Clef-des-champs-b26/Organic-traditions-b127/p.UrlBrand vs /fr/Sante-des-enfants-c108/Clef-des-champs-b26/Organic-traditions-b127. Lang:fr
05:22:56 Listing url is not the same: /fr/Stress-c97/Anokian-b58/Boiron-b61/Meditrina-b68/addressLink vs /fr/Stress-c97/Anokian-b58/Boiron-b61/Meditrina-b68. Lang:fr
06:13:37 Listing url is not the same: /fr/Concentration-memoire-migraine-c56/Druide-b63/Meditrina-b68/New-roots-b74/subcat.Url vs /fr/Concentration-memoire-migraine-c56/Druide-b63/Meditrina-b68/New-roots-b74. Lang:fr
06:15:33 Listing url is not the same: /fr/Systeme-immunitaire-c93/A-Vogel-b54/Clef-des-champs-b26/Nature-Clean-b72/New-roots-b74/b.Url vs /fr/Systeme-immunitaire-c93/A-Vogel-b54/Clef-des-champs-b26/Nature-Clean-b72/New-roots-b74. Lang:fr
06:17:40 Listing url is not the same: /fr/Fatigue-c99/A-Vogel-b54/Clef-des-champs-b26/Leo-Desilet-b66/promotion.Url vs /fr/Fatigue-c99/A-Vogel-b54/Clef-des-champs-b26/Leo-Desilet-b66. Lang:fr
06:17:48 Listing url is not the same: /fr/Fatigue-c99/Clef-des-champs-b26/Kyolic-b115/promotion.Url vs /fr/Fatigue-c99/Clef-des-champs-b26/Kyolic-b115. Lang:fr
06:17:58 Listing url is not the same: /fr/Inflammation-c98/Clef-des-champs-b26/Kyolic-b115/urlBilingual vs /fr/Inflammation-c98/Clef-des-champs-b26/Kyolic-b115. Lang:fr
06:18:05 Listing url is not the same: /fr/Systeme-immunitaire-c93/A-Vogel-b54/Clef-des-champs-b26/Nature-Clean-b72/New-roots-b74/addressLink vs /fr/Systeme-immunitaire-c93/A-Vogel-b54/Clef-des-champs-b26/Nature-Clean-b72/New-roots-b74. Lang:fr
07:12:51 Listing url is not the same: /fr/Concentration-memoire-migraine-c56/Druide-b63/Meditrina-b68/New-roots-b74/promotion.Url vs /fr/Concentration-memoire-migraine-c56/Druide-b63/Meditrina-b68/New-roots-b74. Lang:fr
07:15:10 Listing url is not the same: /fr/Detox-Digestion-c87/A-Vogel-b54/Natural-Factors-b71/Nature-Clean-b72/New-roots-b74/p.UrlBrand vs /fr/Detox-Digestion-c87/A-Vogel-b54/Natural-Factors-b71/Nature-Clean-b72/New-roots-b74. Lang:fr
07:15:16 Listing url is not the same: /fr/Huiles-magiques-de-wicca-c65/Bach-b137/Le-Tournesol-ANB-b64/subcat.Url vs /fr/Huiles-magiques-de-wicca-c65/Bach-b137/Le-Tournesol-ANB-b64. Lang:fr
07:15:18 Listing url is not the same: /fr/Rhume-grippe-voie-respiratoire-c57/Clef-des-champs-b26/Numi-tea-b124/subcat.Url vs /fr/Rhume-grippe-voie-respiratoire-c57/Clef-des-champs-b26/Numi-tea-b124. Lang:fr
07:18:11 Listing url is not the same: /fr/Tisane-c24/Clef-des-champs-b26/Meditrina-b68/brand.Url vs /fr/Tisane-c24/Clef-des-champs-b26/Meditrina-b68. Lang:fr
08:13:49 Listing url is not the same: /fr/Concentration-memoire-migraine-c56/Clef-des-champs-b26/Druide-b63/Meditrina-b68/New-roots-b74/subcat.Url vs /fr/Concentration-memoire-migraine-c56/Clef-des-champs-b26/Druide-b63/Meditrina-b68/New-roots-b74. Lang:fr
08:14:01 Listing url is not the same: /fr/Cosmetique-parfum-et-deodorant-c60/Druide-b63/Meditrina-b68/New-roots-b74/urlBilingual vs /fr/Cosmetique-parfum-et-deodorant-c60/Druide-b63/Meditrina-b68/New-roots-b74. Lang:fr
08:14:19 Listing url is not the same: /fr/Rhume-grippe-voie-respiratoire-c57/A-Vogel-b54/Anokian-b58/Boiron-b61/Clef-des-champs-b26/addressLink vs /fr/Rhume-grippe-voie-respiratoire-c57/A-Vogel-b54/Anokian-b58/Boiron-b61/Clef-des-champs-b26. Lang:fr
08:14:27 Listing url is not the same: /fr/Rhume-grippe-voie-respiratoire-c57/Clef-des-champs-b26/Druide-b63/Natural-Factors-b71/New-roots-b74/p.Url vs /fr/Rhume-grippe-voie-respiratoire-c57/Clef-des-champs-b26/Druide-b63/Natural-Factors-b71/New-roots-b74. Lang:fr
08:14:35 Listing url is not the same: /fr/Sante-des-femmes-c100/Clef-des-champs-b26/Healthology-b116/b.Url vs /fr/Sante-des-femmes-c100/Clef-des-champs-b26/Healthology-b116. Lang:fr
08:16:16 Listing url is not the same: /fr/Antioxydants-c62/A-Vogel-b54/Clef-des-champs-b26/Natural-Factors-b71/New-roots-b74/addressLink vs /fr/Antioxydants-c62/A-Vogel-b54/Clef-des-champs-b26/Natural-Factors-b71/New-roots-b74. Lang:fr
08:16:20 Listing url is not the same: /fr/Fatigue-c99/A-Vogel-b54/Clef-des-champs-b26/Nature-Clean-b72/New-roots-b74/p.UrlBrand vs /fr/Fatigue-c99/A-Vogel-b54/Clef-des-champs-b26/Nature-Clean-b72/New-roots-b74. Lang:fr
08:16:26 Listing url is not the same: /fr/Homeopathie-c12/Clef-des-champs-b26/Druide-b63/Meditrina-b68/New-roots-b74/addressLink vs /fr/Homeopathie-c12/Clef-des-champs-b26/Druide-b63/Meditrina-b68/New-roots-b74. Lang:fr
08:16:33 Listing url is not the same: /fr/Stress-c97/A-Vogel-b54/Clef-des-champs-b26/Merveilles-d-Abeilles-b69/New-roots-b74/subcat.Url vs /fr/Stress-c97/A-Vogel-b54/Clef-des-champs-b26/Merveilles-d-Abeilles-b69/New-roots-b74. Lang:fr
08:16:39 Listing url is not the same: /fr/Stress-c97/Clef-des-champs-b26/Meditrina-b68/Natural-Factors-b71/New-roots-b74/p.UrlBrand vs /fr/Stress-c97/Clef-des-champs-b26/Meditrina-b68/Natural-Factors-b71/New-roots-b74. Lang:fr
08:16:44 Listing url is not the same: /fr/Systeme-immunitaire-c93/Clef-des-champs-b26/Meditrina-b68/Nature-Clean-b72/New-roots-b74/p.Url vs /fr/Systeme-immunitaire-c93/Clef-des-champs-b26/Meditrina-b68/Nature-Clean-b72/New-roots-b74. Lang:fr
09:15:11 Listing url is not the same: /fr/Concentration-memoire-migraine-c56/Druide-b63/Meditrina-b68/New-roots-b74/urlBilingual vs /fr/Concentration-memoire-migraine-c56/Druide-b63/Meditrina-b68/New-roots-b74. Lang:fr
09:15:15 Listing url is not the same: /fr/Homeopathie-c12/A-Vogel-b54/Merveilles-d-Abeilles-b69/Natural-Factors-b71/urlBilingual vs /fr/Homeopathie-c12/A-Vogel-b54/Merveilles-d-Abeilles-b69/Natural-Factors-b71. Lang:fr
09:15:16 Listing url is not the same: /fr/Sante-des-femmes-c100/A-Vogel-b54/Anokian-b58/Boiron-b61/Clef-des-champs-b26/addressLink vs /fr/Sante-des-femmes-c100/A-Vogel-b54/Anokian-b58/Boiron-b61/Clef-des-champs-b26. Lang:fr
09:17:12 Listing url is not the same: /fr/Homeopathie-c12/A-Vogel-b54/Druide-b63/Flora-b123/cat.Url vs /fr/Homeopathie-c12/A-Vogel-b54/Druide-b63/Flora-b123. Lang:fr
09:17:17 Listing url is not the same: /fr/Systeme-immunitaire-c93/A-Vogel-b54/Bach-b137/Druide-b63/b.Url vs /fr/Systeme-immunitaire-c93/A-Vogel-b54/Bach-b137/Druide-b63. Lang:fr
09:17:18 Listing url is not the same: /fr/Systeme-immunitaire-c93/A-Vogel-b54/Clef-des-champs-b26/Nature-Clean-b72/New-roots-b74/p.Url vs /fr/Systeme-immunitaire-c93/A-Vogel-b54/Clef-des-champs-b26/Nature-Clean-b72/New-roots-b74. Lang:fr
10:14:49 Listing url is not the same: /fr/Concentration-memoire-migraine-c56/A-Vogel-b54/Nature-Clean-b72/New-roots-b74/cat.Url vs /fr/Concentration-memoire-migraine-c56/A-Vogel-b54/Nature-Clean-b72/New-roots-b74. Lang:fr
10:16:00 Listing url is not the same: /fr/Cosmetique-parfum-et-deodorant-c60/Druide-b63/Meditrina-b68/New-roots-b74/subcat.Url vs /fr/Cosmetique-parfum-et-deodorant-c60/Druide-b63/Meditrina-b68/New-roots-b74. Lang:fr
10:16:06 Listing url is not the same: /fr/Inflammation-c98/A-Vogel-b54/Bach-b137/Boiron-b61/urlBilingual vs /fr/Inflammation-c98/A-Vogel-b54/Bach-b137/Boiron-b61. Lang:fr
10:16:07 Listing url is not the same: /fr/Rhume-grippe-voie-respiratoire-c57/Clef-des-champs-b26/Druide-b63/Meditrina-b68/New-roots-b74/b.Url vs /fr/Rhume-grippe-voie-respiratoire-c57/Clef-des-champs-b26/Druide-b63/Meditrina-b68/New-roots-b74. Lang:fr
10:16:09 Listing url is not the same: /fr/Rhume-grippe-voie-respiratoire-c57/Clef-des-champs-b26/Druide-b63/Meditrina-b68/New-roots-b74/brand.Url vs /fr/Rhume-grippe-voie-respiratoire-c57/Clef-des-champs-b26/Druide-b63/Meditrina-b68/New-roots-b74. Lang:fr
10:16:10 Listing url is not the same: /fr/Rhume-grippe-voie-respiratoire-c57/Clef-des-champs-b26/Druide-b63/Meditrina-b68/New-roots-b74/subcat.Url vs /fr/Rhume-grippe-voie-respiratoire-c57/Clef-des-champs-b26/Druide-b63/Meditrina-b68/New-roots-b74. Lang:fr
10:16:11 Listing url is not the same: /fr/Rhume-grippe-voie-respiratoire-c57/Clef-des-champs-b26/Druide-b63/Natural-Factors-b71/New-roots-b74/p.UrlBrand vs /fr/Rhume-grippe-voie-respiratoire-c57/Clef-des-champs-b26/Druide-b63/Natural-Factors-b71/New-roots-b74. Lang:fr
10:18:00 Listing url is not the same: /fr/Sante-des-enfants-c108/Clef-des-champs-b26/Healthology-b116/promotion.Url vs /fr/Sante-des-enfants-c108/Clef-des-champs-b26/Healthology-b116. Lang:fr
11:15:44 Listing url is not the same: /fr/Coeur-et-sante-generale-c106/Clef-des-champs-b26/Druide-b63/Natural-Factors-b71/New-roots-b74/addressLink vs /fr/Coeur-et-sante-generale-c106/Clef-des-champs-b26/Druide-b63/Natural-Factors-b71/New-roots-b74. Lang:fr
11:17:31 Listing url is not the same: /fr/Sante-des-enfants-c108/A-Vogel-b54/Bach-b137/Druide-b63/p.Url vs /fr/Sante-des-enfants-c108/A-Vogel-b54/Bach-b137/Druide-b63. Lang:fr
12:12:13 Listing url is not the same: /fr/Coeur-et-sante-generale-c106/A-Vogel-b54/Merveilles-d-Abeilles-b69/Natural-Factors-b71/b.Url vs /fr/Coeur-et-sante-generale-c106/A-Vogel-b54/Merveilles-d-Abeilles-b69/Natural-Factors-b71. Lang:fr
12:13:45 Listing url is not the same: /fr/Inflammation-c98/A-Vogel-b54/Bach-b137/Boiron-b61/brand.Url vs /fr/Inflammation-c98/A-Vogel-b54/Bach-b137/Boiron-b61. Lang:fr
12:13:51 Listing url is not the same: /fr/Nettoyage-c73/A-Vogel-b54/Nature-Clean-b72/New-roots-b74/subcat.Url vs /fr/Nettoyage-c73/A-Vogel-b54/Nature-Clean-b72/New-roots-b74. Lang:fr
12:13:56 Listing url is not the same: /fr/Rhume-grippe-voie-respiratoire-c57/Clef-des-champs-b26/Druide-b63/Meditrina-b68/New-roots-b74/p.UrlBrand vs /fr/Rhume-grippe-voie-respiratoire-c57/Clef-des-champs-b26/Druide-b63/Meditrina-b68/New-roots-b74. Lang:fr
12:14:01 Listing url is not the same: /fr/Rhume-grippe-voie-respiratoire-c57/Clef-des-champs-b26/Druide-b63/Natural-Factors-b71/New-roots-b74/addressLink vs /fr/Rhume-grippe-voie-respiratoire-c57/Clef-des-champs-b26/Druide-b63/Natural-Factors-b71/New-roots-b74. Lang:fr
12:15:25 Listing url is not the same: /fr/Inflammation-c98/Clef-des-champs-b26/Druide-b63/Meditrina-b68/New-roots-b74/urlBilingual vs /fr/Inflammation-c98/Clef-des-champs-b26/Druide-b63/Meditrina-b68/New-roots-b74. Lang:fr
12:15:30 Listing url is not the same: /fr/Sante-des-enfants-c108/A-Vogel-b54/Clef-des-champs-b26/Druide-b63/Natural-Factors-b71/Nature-Clean-b72/brand.Url vs /fr/Sante-des-enfants-c108/A-Vogel-b54/Clef-des-champs-b26/Druide-b63/Natural-Factors-b71/Nature-Clean-b72. Lang:fr
13:12:18 Listing url is not the same: /fr/Inflammation-c98/Clef-des-champs-b26/Healthology-b116/promotion.Url vs /fr/Inflammation-c98/Clef-des-champs-b26/Healthology-b116. Lang:fr
13:13:28 Listing url is not the same: /fr/Cosmetique-parfum-et-deodorant-c60/Druide-b63/Meditrina-b68/New-roots-b74/p.UrlBrand vs /fr/Cosmetique-parfum-et-deodorant-c60/Druide-b63/Meditrina-b68/New-roots-b74. Lang:fr
13:13:32 Listing url is not the same: /fr/Inflammation-c98/A-Vogel-b54/Nature-Clean-b72/New-roots-b74/promotion.Url vs /fr/Inflammation-c98/A-Vogel-b54/Nature-Clean-b72/New-roots-b74. Lang:fr
13:13:35 Listing url is not the same: /fr/Inflammation-c98/Clef-des-champs-b26/Druide-b63/Natural-Factors-b71/New-roots-b74/promotion.Url vs /fr/Inflammation-c98/Clef-des-champs-b26/Druide-b63/Natural-Factors-b71/New-roots-b74. Lang:fr
13:13:36 Listing url is not the same: /fr/Inflammation-c98/Clef-des-champs-b26/Numi-tea-b124/urlBilingual vs /fr/Inflammation-c98/Clef-des-champs-b26/Numi-tea-b124. Lang:fr
13:13:38 Listing url is not the same: /fr/Rhume-grippe-voie-respiratoire-c57/A-Vogel-b54/Anokian-b58/Boiron-b61/Clef-des-champs-b26/b.Url vs /fr/Rhume-grippe-voie-respiratoire-c57/A-Vogel-b54/Anokian-b58/Boiron-b61/Clef-des-champs-b26. Lang:fr
13:13:44 Listing url is not the same: /fr/Sommeil-c88/Clef-des-champs-b26/Numi-tea-b124/subcat.Url vs /fr/Sommeil-c88/Clef-des-champs-b26/Numi-tea-b124. Lang:fr
13:13:45 Listing url is not the same: /fr/Systeme-immunitaire-c93/A-Vogel-b54/Bach-b137/Boiron-b61/p.Url vs /fr/Systeme-immunitaire-c93/A-Vogel-b54/Bach-b137/Boiron-b61. Lang:fr
19:15:00 Listing url is not the same: /fr/Concentration-memoire-migraine-c56/Leo-Desilet-b66/urlBilingual vs /fr/Concentration-memoire-migraine-c56/Leo-Desilet-b66. Lang:fr
19:15:09 Listing url is not the same: /fr/Sante-des-femmes-c100/Boiron-b61/Druide-b63/Meditrina-b68/Natural-Factors-b71/subcat.Url vs /fr/Sante-des-femmes-c100/Boiron-b61/Druide-b63/Meditrina-b68/Natural-Factors-b71. Lang:fr
