01:21:50 Listing url is not the same: /fr/Allergies-c55/Leo-Desilet-b66/Natural-Factors-b71/cat.Url vs /fr/Allergies-c55/Leo-Desilet-b66/Natural-Factors-b71. Lang:fr
01:23:08 Listing url is not the same: /fr/Sante-des-enfants-c108/Kyolic-b115/cat.Url vs /fr/Sante-des-enfants-c108/Kyolic-b115. Lang:fr
04:10:46 Listing url is not the same: /fr/Antioxydants-c62/Clef-des-champs-b26/Kyolic-b115/cat.Url vs /fr/Antioxydants-c62/Clef-des-champs-b26/Kyolic-b115. Lang:fr
04:10:49 Listing url is not the same: /fr/Rhume-grippe-voie-respiratoire-c57/Boiron-b61/Clef-des-champs-b26/Merveilles-d-Abeilles-b69/Nature-Clean-b72/brand.Url vs /fr/Rhume-grippe-voie-respiratoire-c57/Boiron-b61/Clef-des-champs-b26/Merveilles-d-Abeilles-b69/Nature-Clean-b72. Lang:fr
04:10:52 Listing url is not the same: /fr/Sante-des-femmes-c100/A-Vogel-b54/Clef-des-champs-b26/Flora-b123/p.UrlBrand vs /fr/Sante-des-femmes-c100/A-Vogel-b54/Clef-des-champs-b26/Flora-b123. Lang:fr
04:10:54 Listing url is not the same: /fr/Sommeil-c88/Boiron-b61/Clef-des-champs-b26/Leo-Desilet-b66/b.Url vs /fr/Sommeil-c88/Boiron-b61/Clef-des-champs-b26/Leo-Desilet-b66. Lang:fr
04:10:57 Listing url is not the same: /fr/Stress-c97/Merveilles-d-Abeilles-b69/Natural-Factors-b71/New-roots-b74/promotion.Url vs /fr/Stress-c97/Merveilles-d-Abeilles-b69/Natural-Factors-b71/New-roots-b74. Lang:fr
04:10:59 Listing url is not the same: /fr/Systeme-immunitaire-c93/Bach-b137/Druide-b63/brand.Url vs /fr/Systeme-immunitaire-c93/Bach-b137/Druide-b63. Lang:fr
06:08:29 Listing url is not the same: /fr/Sante-des-enfants-c108/Kyolic-b115/p.Url vs /fr/Sante-des-enfants-c108/Kyolic-b115. Lang:fr
06:56:12 Listing url is not the same: /fr/Concentration-memoire-migraine-c56/urlBilingual vs /fr/Concentration-memoire-migraine-c56. Lang:fr
07:01:33 Listing url is not the same: /fr/Cosmetique-shampoo-c112/Druide-b63/brand.Url vs /fr/Cosmetique-shampoo-c112/Druide-b63. Lang:fr
07:01:36 Listing url is not the same: /fr/Sommeil-c88/A-Vogel-b54/Boiron-b61/Natural-Factors-b71/Nature-Clean-b72/promotion.Url vs /fr/Sommeil-c88/A-Vogel-b54/Boiron-b61/Natural-Factors-b71/Nature-Clean-b72. Lang:fr
07:48:40 Listing url is not the same: /fr/Antioxydants-c62/Clef-des-champs-b26/Meditrina-b68/Nature-Clean-b72/New-roots-b74/b.Url vs /fr/Antioxydants-c62/Clef-des-champs-b26/Meditrina-b68/Nature-Clean-b72/New-roots-b74. Lang:fr
07:48:44 Listing url is not the same: /fr/Detox-Digestion-c87/A-Vogel-b54/Bach-b137/Boiron-b61/Clef-des-champs-b26/p.UrlBrand vs /fr/Detox-Digestion-c87/A-Vogel-b54/Bach-b137/Boiron-b61/Clef-des-champs-b26. Lang:fr
07:48:47 Listing url is not the same: /fr/Inflammation-c98/A-Vogel-b54/Bach-b137/Boiron-b61/Clef-des-champs-b26/promotion.Url vs /fr/Inflammation-c98/A-Vogel-b54/Bach-b137/Boiron-b61/Clef-des-champs-b26. Lang:fr
07:49:06 Listing url is not the same: /fr/Sante-des-femmes-c100/Boiron-b61/Druide-b63/Meditrina-b68/Natural-Factors-b71/promotion.Url vs /fr/Sante-des-femmes-c100/Boiron-b61/Druide-b63/Meditrina-b68/Natural-Factors-b71. Lang:fr
08:43:25 Listing url is not the same: /fr/A-Vogel-b54/promotion.Url vs /fr/A-Vogel-b54. Lang:fr
08:43:32 Listing url is not the same: /fr/Sommeil-c88/Clef-des-champs-b26/Meditrina-b68/Natural-Factors-b71/New-roots-b74/p.UrlBrand vs /fr/Sommeil-c88/Clef-des-champs-b26/Meditrina-b68/Natural-Factors-b71/New-roots-b74. Lang:fr
08:43:38 Listing url is not the same: /fr/Sommeil-c88/Clef-des-champs-b26/Meditrina-b68/Nature-Clean-b72/New-roots-b74/subcat.Url vs /fr/Sommeil-c88/Clef-des-champs-b26/Meditrina-b68/Nature-Clean-b72/New-roots-b74. Lang:fr
09:38:05 Listing url is not the same: /fr/Sante-des-femmes-c100/Boiron-b61/Clef-des-champs-b26/Flora-b123/brand.Url vs /fr/Sante-des-femmes-c100/Boiron-b61/Clef-des-champs-b26/Flora-b123. Lang:fr
09:40:38 Listing url is not the same: /fr/Inflammation-c98/A-Vogel-b54/Boiron-b61/Natural-Factors-b71/Nature-Clean-b72/brand.Url vs /fr/Inflammation-c98/A-Vogel-b54/Boiron-b61/Natural-Factors-b71/Nature-Clean-b72. Lang:fr
13:21:20 Listing url is not the same: /fr/Antioxydants-c62/promotion.Url vs /fr/Antioxydants-c62. Lang:fr
14:33:45 Listing url is not the same: /fr/Concentration-memoire-migraine-c56/brand.Url vs /fr/Concentration-memoire-migraine-c56. Lang:fr
14:33:53 Listing url is not the same: /fr/Concentration-memoire-migraine-c56/cat.Url vs /fr/Concentration-memoire-migraine-c56. Lang:fr
17:24:24 Listing url is not the same: /fr/Antioxydants-c62/cat.Url vs /fr/Antioxydants-c62. Lang:fr
23:59:59 Listing url is not the same: /fr/Allergies-c55/A-Vogel-b54/urlBilingual vs /fr/Allergies-c55/A-Vogel-b54. Lang:fr
