00:46:19 Listing url is not the same: /fr/Chandelles-c70/urlBilingual vs /fr/Chandelles-c70. Lang:fr
00:48:08 Listing url is not the same: /fr/Concentration-memoire-migraine-c56/Druide-b63/promotion.Url vs /fr/Concentration-memoire-migraine-c56/Druide-b63. Lang:fr
01:38:28 Listing url is not the same: /fr/Rhume-grippe-voie-respiratoire-c57/brand.Url vs /fr/Rhume-grippe-voie-respiratoire-c57. Lang:fr
01:41:36 Listing url is not the same: /fr/Sante-des-enfants-c108/Boiron-b61/Clef-des-champs-b26/Flora-b123/subcat.Url vs /fr/Sante-des-enfants-c108/Boiron-b61/Clef-des-champs-b26/Flora-b123. Lang:fr
02:24:10 Listing url is not the same: /fr/Antioxydants-c62/Le-Tournesol-ANB-b64/brand.Url vs /fr/Antioxydants-c62/Le-Tournesol-ANB-b64. Lang:fr
02:24:14 Listing url is not the same: /fr/Huiles-magiques-de-wicca-c65/addressLink vs /fr/Huiles-magiques-de-wicca-c65. Lang:fr
02:24:17 Listing url is not the same: /fr/Huiles-magiques-de-wicca-c65/cat.Url vs /fr/Huiles-magiques-de-wicca-c65. Lang:fr
03:14:46 Listing url is not the same: /fr/Nettoyage-c73/addressLink vs /fr/Nettoyage-c73. Lang:fr
03:17:40 Listing url is not the same: /fr/Huiles-magiques-de-wicca-c65/brand.Url vs /fr/Huiles-magiques-de-wicca-c65. Lang:fr
03:21:11 Listing url is not the same: /fr/Inflammation-c98/A-Vogel-b54/Bach-b137/Boiron-b61/Clef-des-champs-b26/addressLink vs /fr/Inflammation-c98/A-Vogel-b54/Bach-b137/Boiron-b61/Clef-des-champs-b26. Lang:fr
03:21:13 Listing url is not the same: /fr/Sante-des-enfants-c108/Healthology-b116/brand.Url vs /fr/Sante-des-enfants-c108/Healthology-b116. Lang:fr
04:07:05 Listing url is not the same: /fr/Rhume-grippe-voie-respiratoire-c57/A-Vogel-b54/cat.Url vs /fr/Rhume-grippe-voie-respiratoire-c57/A-Vogel-b54. Lang:fr
04:07:07 Listing url is not the same: /fr/Rhume-grippe-voie-respiratoire-c57/A-Vogel-b54/p.UrlBrand vs /fr/Rhume-grippe-voie-respiratoire-c57/A-Vogel-b54. Lang:fr
04:08:53 Listing url is not the same: /fr/Cosmetique-parfum-et-deodorant-c60/Druide-b63/b.Url vs /fr/Cosmetique-parfum-et-deodorant-c60/Druide-b63. Lang:fr
04:08:55 Listing url is not the same: /fr/Cosmetique-parfum-et-deodorant-c60/Druide-b63/brand.Url vs /fr/Cosmetique-parfum-et-deodorant-c60/Druide-b63. Lang:fr
04:11:53 Listing url is not the same: /fr/Concentration-memoire-migraine-c56/A-Vogel-b54/Bach-b137/Boiron-b61/Clef-des-champs-b26/p.Url vs /fr/Concentration-memoire-migraine-c56/A-Vogel-b54/Bach-b137/Boiron-b61/Clef-des-champs-b26. Lang:fr
06:02:19 Listing url is not the same: /fr/Chandelles-c70/promotion.Url vs /fr/Chandelles-c70. Lang:fr
06:52:37 Listing url is not the same: /fr/Cosmetique-parfum-et-deodorant-c60/Druide-b63/promotion.Url vs /fr/Cosmetique-parfum-et-deodorant-c60/Druide-b63. Lang:fr
06:53:17 Listing url is not the same: /fr/Antioxydants-c62/Le-Tournesol-ANB-b64/addressLink vs /fr/Antioxydants-c62/Le-Tournesol-ANB-b64. Lang:fr
06:53:59 Listing url is not the same: /fr/Concentration-memoire-migraine-c56/A-Vogel-b54/Bach-b137/Boiron-b61/Clef-des-champs-b26/promotion.Url vs /fr/Concentration-memoire-migraine-c56/A-Vogel-b54/Bach-b137/Boiron-b61/Clef-des-champs-b26. Lang:fr
07:37:08 Listing url is not the same: /fr/Allergies-c55/b.Url vs /fr/Allergies-c55. Lang:fr
08:43:13 Listing url is not the same: /fr/Huiles-magiques-de-wicca-c65/Le-Tournesol-ANB-b64/brand.Url vs /fr/Huiles-magiques-de-wicca-c65/Le-Tournesol-ANB-b64. Lang:fr
10:30:11 Listing url is not the same: /fr/Rhume-grippe-voie-respiratoire-c57/A-Vogel-b54/addressLink vs /fr/Rhume-grippe-voie-respiratoire-c57/A-Vogel-b54. Lang:fr
10:30:25 Listing url is not the same: /fr/Allergies-c55/Boiron-b61/promotion.Url vs /fr/Allergies-c55/Boiron-b61. Lang:fr
10:30:34 Listing url is not the same: /fr/Antioxydants-c62/Clef-des-champs-b26/brand.Url vs /fr/Antioxydants-c62/Clef-des-champs-b26. Lang:fr
10:31:10 Listing url is not the same: /fr/Concentration-memoire-migraine-c56/A-Vogel-b54/urlBilingual vs /fr/Concentration-memoire-migraine-c56/A-Vogel-b54. Lang:fr
12:16:45 Listing url is not the same: /fr/Cosmetique-parfum-et-deodorant-c60/Druide-b63/cat.Url vs /fr/Cosmetique-parfum-et-deodorant-c60/Druide-b63. Lang:fr
13:02:38 Listing url is not the same: /fr/Antioxydants-c62/Meditrina-b68/promotion.Url vs /fr/Antioxydants-c62/Meditrina-b68. Lang:fr
13:47:12 Listing url is not the same: /fr/Antioxydants-c62/Clef-des-champs-b26/cat.Url vs /fr/Antioxydants-c62/Clef-des-champs-b26. Lang:fr
13:50:18 Listing url is not the same: /fr/Antioxydants-c62/Meditrina-b68/subcat.Url vs /fr/Antioxydants-c62/Meditrina-b68. Lang:fr
13:50:20 Listing url is not the same: /fr/Cosmetique-parfum-et-deodorant-c60/Boiron-b61/Druide-b63/b.Url vs /fr/Cosmetique-parfum-et-deodorant-c60/Boiron-b61/Druide-b63. Lang:fr
14:48:53 Listing url is not the same: /fr/Allergies-c55/Boiron-b61/brand.Url vs /fr/Allergies-c55/Boiron-b61. Lang:fr
14:48:56 Listing url is not the same: /fr/Chandelles-c70/b.Url vs /fr/Chandelles-c70. Lang:fr
15:40:27 Listing url is not the same: /fr/Allergies-c55/p.Url vs /fr/Allergies-c55. Lang:fr
15:42:15 Listing url is not the same: /fr/Antioxydants-c62/subcat.Url vs /fr/Antioxydants-c62. Lang:fr
15:45:22 Listing url is not the same: /fr/Allergies-c55/Boiron-b61/urlBilingual vs /fr/Allergies-c55/Boiron-b61. Lang:fr
17:41:09 Listing url is not the same: /fr/Concentration-memoire-migraine-c56/subcat.Url vs /fr/Concentration-memoire-migraine-c56. Lang:fr
19:35:29 Listing url is not the same: /fr/Allergies-c55/subcat.Url vs /fr/Allergies-c55. Lang:fr
22:28:54 Listing url is not the same: /fr/Allergies-c55/promotion.Url vs /fr/Allergies-c55. Lang:fr
