00:52:59 Listing url is not the same: /fr/Inflammation-c98/Druide-b63/Natural-Factors-b71/New-roots-b74/promotion.Url vs /fr/Inflammation-c98/Druide-b63/Natural-Factors-b71/New-roots-b74. Lang:fr
00:54:11 Listing url is not the same: /fr/Homeopathie-c12/Druide-b63/Natural-Factors-b71/New-roots-b74/p.UrlBrand vs /fr/Homeopathie-c12/Druide-b63/Natural-Factors-b71/New-roots-b74. Lang:fr
01:46:04 Listing url is not the same: /fr/Homeopathie-c12/Druide-b63/Natural-Factors-b71/New-roots-b74/addressLink vs /fr/Homeopathie-c12/Druide-b63/Natural-Factors-b71/New-roots-b74. Lang:fr
01:47:26 Listing url is not the same: /fr/Systeme-immunitaire-c93/A-Vogel-b54/Bach-b137/Boiron-b61/subcat.Url vs /fr/Systeme-immunitaire-c93/A-Vogel-b54/Bach-b137/Boiron-b61. Lang:fr
02:40:10 Listing url is not the same: /fr/Systeme-immunitaire-c93/A-Vogel-b54/Bach-b137/Boiron-b61/cat.Url vs /fr/Systeme-immunitaire-c93/A-Vogel-b54/Bach-b137/Boiron-b61. Lang:fr
03:24:42 Listing url is not the same: /fr/Coeur-et-sante-generale-c106/Clef-des-champs-b26/Druide-b63/Natural-Factors-b71/New-roots-b74/subcat.Url vs /fr/Coeur-et-sante-generale-c106/Clef-des-champs-b26/Druide-b63/Natural-Factors-b71/New-roots-b74. Lang:fr
03:24:45 Listing url is not the same: /fr/Coeur-et-sante-generale-c106/Druide-b63/Meditrina-b68/New-roots-b74/promotion.Url vs /fr/Coeur-et-sante-generale-c106/Druide-b63/Meditrina-b68/New-roots-b74. Lang:fr
03:24:50 Listing url is not the same: /fr/Rhume-grippe-voie-respiratoire-c57/A-Vogel-b54/Anokian-b58/Boiron-b61/Clef-des-champs-b26/p.UrlBrand vs /fr/Rhume-grippe-voie-respiratoire-c57/A-Vogel-b54/Anokian-b58/Boiron-b61/Clef-des-champs-b26. Lang:fr
04:12:49 Listing url is not the same: /fr/Detox-Digestion-c87/A-Vogel-b54/Bach-b137/Boiron-b61/p.Url vs /fr/Detox-Digestion-c87/A-Vogel-b54/Bach-b137/Boiron-b61. Lang:fr
04:13:39 Listing url is not the same: /fr/Coeur-et-sante-generale-c106/A-Vogel-b54/Merveilles-d-Abeilles-b69/Natural-Factors-b71/urlBilingual vs /fr/Coeur-et-sante-generale-c106/A-Vogel-b54/Merveilles-d-Abeilles-b69/Natural-Factors-b71. Lang:fr
04:13:46 Listing url is not the same: /fr/Systeme-immunitaire-c93/Clef-des-champs-b26/Numi-tea-b124/subcat.Url vs /fr/Systeme-immunitaire-c93/Clef-des-champs-b26/Numi-tea-b124. Lang:fr
04:59:55 Listing url is not the same: /fr/Sante-des-femmes-c100/Medelys-b128/promotion.Url vs /fr/Sante-des-femmes-c100/Medelys-b128. Lang:fr
05:48:12 Listing url is not the same: /fr/Cosmetique-parfum-et-deodorant-c60/Druide-b63/Natural-Factors-b71/New-roots-b74/urlBilingual vs /fr/Cosmetique-parfum-et-deodorant-c60/Druide-b63/Natural-Factors-b71/New-roots-b74. Lang:fr
06:36:07 Listing url is not the same: /fr/Antioxydants-c62/A-Vogel-b54/Nature-Clean-b72/New-roots-b74/urlBilingual vs /fr/Antioxydants-c62/A-Vogel-b54/Nature-Clean-b72/New-roots-b74. Lang:fr
07:24:46 Listing url is not the same: /fr/Antioxydants-c62/Clef-des-champs-b26/Healthology-b116/p.Url vs /fr/Antioxydants-c62/Clef-des-champs-b26/Healthology-b116. Lang:fr
11:55:42 Listing url is not the same: /fr/Concentration-memoire-migraine-c56/A-Vogel-b54/Nature-Clean-b72/New-roots-b74/subcat.Url vs /fr/Concentration-memoire-migraine-c56/A-Vogel-b54/Nature-Clean-b72/New-roots-b74. Lang:fr
12:40:07 Listing url is not the same: /fr/Inflammation-c98/A-Vogel-b54/Boiron-b61/Clef-des-champs-b26/Nature-Clean-b72/cat.Url vs /fr/Inflammation-c98/A-Vogel-b54/Boiron-b61/Clef-des-champs-b26/Nature-Clean-b72. Lang:fr
13:31:35 Listing url is not the same: /fr/Inflammation-c98/A-Vogel-b54/Bach-b137/Boiron-b61/p.Url vs /fr/Inflammation-c98/A-Vogel-b54/Bach-b137/Boiron-b61. Lang:fr
13:31:40 Listing url is not the same: /fr/Rhume-grippe-voie-respiratoire-c57/A-Vogel-b54/Nature-Clean-b72/New-roots-b74/promotion.Url vs /fr/Rhume-grippe-voie-respiratoire-c57/A-Vogel-b54/Nature-Clean-b72/New-roots-b74. Lang:fr
15:08:51 Listing url is not the same: /fr/Allergies-c55/Druide-b63/Natural-Factors-b71/New-roots-b74/brand.Url vs /fr/Allergies-c55/Druide-b63/Natural-Factors-b71/New-roots-b74. Lang:fr
15:08:58 Listing url is not the same: /fr/Allergies-c55/Druide-b63/Natural-Factors-b71/New-roots-b74/promotion.Url vs /fr/Allergies-c55/Druide-b63/Natural-Factors-b71/New-roots-b74. Lang:fr
15:09:30 Listing url is not the same: /fr/Homeopathie-c12/Druide-b63/Natural-Factors-b71/New-roots-b74/cat.Url vs /fr/Homeopathie-c12/Druide-b63/Natural-Factors-b71/New-roots-b74. Lang:fr
15:10:25 Listing url is not the same: /fr/Concentration-memoire-migraine-c56/A-Vogel-b54/Nature-Clean-b72/New-roots-b74/b.Url vs /fr/Concentration-memoire-migraine-c56/A-Vogel-b54/Nature-Clean-b72/New-roots-b74. Lang:fr
16:02:22 Listing url is not the same: /fr/Fatigue-c99/A-Vogel-b54/Anokian-b58/Boiron-b61/Clef-des-champs-b26/cat.Url vs /fr/Fatigue-c99/A-Vogel-b54/Anokian-b58/Boiron-b61/Clef-des-champs-b26. Lang:fr
16:04:01 Listing url is not the same: /fr/Concentration-memoire-migraine-c56/Clef-des-champs-b26/Druide-b63/Natural-Factors-b71/New-roots-b74/brand.Url vs /fr/Concentration-memoire-migraine-c56/Clef-des-champs-b26/Druide-b63/Natural-Factors-b71/New-roots-b74. Lang:fr
17:15:10 Listing url is not the same: /fr/Rhume-grippe-voie-respiratoire-c57/Clef-des-champs-b26/Druide-b63/Natural-Factors-b71/New-roots-b74/promotion.Url vs /fr/Rhume-grippe-voie-respiratoire-c57/Clef-des-champs-b26/Druide-b63/Natural-Factors-b71/New-roots-b74. Lang:fr
18:11:05 Listing url is not the same: /fr/Rhume-grippe-voie-respiratoire-c57/A-Vogel-b54/Nature-Clean-b72/New-roots-b74/cat.Url vs /fr/Rhume-grippe-voie-respiratoire-c57/A-Vogel-b54/Nature-Clean-b72/New-roots-b74. Lang:fr
18:12:14 Listing url is not the same: /fr/Fatigue-c99/A-Vogel-b54/Anokian-b58/Boiron-b61/Clef-des-champs-b26/urlBilingual vs /fr/Fatigue-c99/A-Vogel-b54/Anokian-b58/Boiron-b61/Clef-des-champs-b26. Lang:fr
18:58:27 Listing url is not the same: /fr/Antioxydants-c62/A-Vogel-b54/Nature-Clean-b72/New-roots-b74/promotion.Url vs /fr/Antioxydants-c62/A-Vogel-b54/Nature-Clean-b72/New-roots-b74. Lang:fr
18:59:53 Listing url is not the same: /fr/Cosmetique-parfum-et-deodorant-c60/Anokian-b58/Clef-des-champs-b26/Natural-Factors-b71/urlBilingual vs /fr/Cosmetique-parfum-et-deodorant-c60/Anokian-b58/Clef-des-champs-b26/Natural-Factors-b71. Lang:fr
20:49:37 Listing url is not the same: /fr/Rhume-grippe-voie-respiratoire-c57/A-Vogel-b54/Nature-Clean-b72/New-roots-b74/p.Url vs /fr/Rhume-grippe-voie-respiratoire-c57/A-Vogel-b54/Nature-Clean-b72/New-roots-b74. Lang:fr
20:49:40 Listing url is not the same: /fr/Rhume-grippe-voie-respiratoire-c57/A-Vogel-b54/Nature-Clean-b72/New-roots-b74/urlBilingual vs /fr/Rhume-grippe-voie-respiratoire-c57/A-Vogel-b54/Nature-Clean-b72/New-roots-b74. Lang:fr
20:50:24 Listing url is not the same: /fr/Homeopathie-c12/Clef-des-champs-b26/Druide-b63/Natural-Factors-b71/New-roots-b74/urlBilingual vs /fr/Homeopathie-c12/Clef-des-champs-b26/Druide-b63/Natural-Factors-b71/New-roots-b74. Lang:fr
22:39:02 Listing url is not the same: /fr/Homeopathie-c12/Druide-b63/Natural-Factors-b71/New-roots-b74/subcat.Url vs /fr/Homeopathie-c12/Druide-b63/Natural-Factors-b71/New-roots-b74. Lang:fr
23:30:54 Listing url is not the same: /fr/Fatigue-c99/A-Vogel-b54/Anokian-b58/Boiron-b61/Clef-des-champs-b26/p.Url vs /fr/Fatigue-c99/A-Vogel-b54/Anokian-b58/Boiron-b61/Clef-des-champs-b26. Lang:fr
23:32:43 Listing url is not the same: /fr/Cosmetique-parfum-et-deodorant-c60/Druide-b63/Meditrina-b68/New-roots-b74/addressLink vs /fr/Cosmetique-parfum-et-deodorant-c60/Druide-b63/Meditrina-b68/New-roots-b74. Lang:fr
23:33:37 Listing url is not the same: /fr/Homeopathie-c12/A-Vogel-b54/Merveilles-d-Abeilles-b69/Natural-Factors-b71/brand.Url vs /fr/Homeopathie-c12/A-Vogel-b54/Merveilles-d-Abeilles-b69/Natural-Factors-b71. Lang:fr
23:34:02 Listing url is not the same: /fr/Inflammation-c98/Clef-des-champs-b26/Numi-tea-b124/addressLink vs /fr/Inflammation-c98/Clef-des-champs-b26/Numi-tea-b124. Lang:fr
23:34:27 Listing url is not the same: /fr/Nettoyage-c73/A-Vogel-b54/Nature-Clean-b72/New-roots-b74/b.Url vs /fr/Nettoyage-c73/A-Vogel-b54/Nature-Clean-b72/New-roots-b74. Lang:fr
23:34:50 Listing url is not the same: /fr/Nettoyage-c73/A-Vogel-b54/Nature-Clean-b72/New-roots-b74/p.UrlBrand vs /fr/Nettoyage-c73/A-Vogel-b54/Nature-Clean-b72/New-roots-b74. Lang:fr
23:35:12 Listing url is not the same: /fr/Rhume-grippe-voie-respiratoire-c57/Clef-des-champs-b26/Druide-b63/Merveilles-d-Abeilles-b69/Nature-Clean-b72/subcat.Url vs /fr/Rhume-grippe-voie-respiratoire-c57/Clef-des-champs-b26/Druide-b63/Merveilles-d-Abeilles-b69/Nature-Clean-b72. Lang:fr
23:35:54 Listing url is not the same: /fr/Sommeil-c88/Clef-des-champs-b26/Druide-b63/Natural-Factors-b71/New-roots-b74/addressLink vs /fr/Sommeil-c88/Clef-des-champs-b26/Druide-b63/Natural-Factors-b71/New-roots-b74. Lang:fr
23:36:14 Listing url is not the same: /fr/Systeme-immunitaire-c93/Boiron-b61/Clef-des-champs-b26/Druide-b63/Natural-Factors-b71/subcat.Url vs /fr/Systeme-immunitaire-c93/Boiron-b61/Clef-des-champs-b26/Druide-b63/Natural-Factors-b71. Lang:fr
23:36:52 Listing url is not the same: /fr/Concentration-memoire-migraine-c56/Clef-des-champs-b26/Leo-Desilet-b66/p.Url vs /fr/Concentration-memoire-migraine-c56/Clef-des-champs-b26/Leo-Desilet-b66. Lang:fr
23:37:09 Listing url is not the same: /fr/Detox-Digestion-c87/A-Vogel-b54/Clef-des-champs-b26/Nature-Clean-b72/New-roots-b74/brand.Url vs /fr/Detox-Digestion-c87/A-Vogel-b54/Clef-des-champs-b26/Nature-Clean-b72/New-roots-b74. Lang:fr
23:37:24 Listing url is not the same: /fr/Systeme-immunitaire-c93/Clef-des-champs-b26/Druide-b63/Nature-Clean-b72/New-roots-b74/b.Url vs /fr/Systeme-immunitaire-c93/Clef-des-champs-b26/Druide-b63/Nature-Clean-b72/New-roots-b74. Lang:fr
23:37:38 Listing url is not the same: /fr/soin-du-corps-c86/Boiron-b61/Clef-des-champs-b26/Druide-b63/New-roots-b74/brand.Url vs /fr/Soin-du-corps-c86/Boiron-b61/Clef-des-champs-b26/Druide-b63/New-roots-b74. Lang:fr
23:37:52 Listing url is not the same: /fr/soin-du-corps-c86/Boiron-b61/Clef-des-champs-b26/Natural-Factors-b71/New-roots-b74/brand.Url vs /fr/Soin-du-corps-c86/Boiron-b61/Clef-des-champs-b26/Natural-Factors-b71/New-roots-b74. Lang:fr
