00:20:14 Listing url is not the same: /fr/Allergies-c55/A-Vogel-b54/Bach-b137/Boiron-b61/Clef-des-champs-b26/cat.Url vs /fr/Allergies-c55/A-Vogel-b54/Bach-b137/Boiron-b61/Clef-des-champs-b26. Lang:fr
00:20:19 Listing url is not the same: /fr/Homeopathie-c12/A-Vogel-b54/Bach-b137/Boiron-b61/Clef-des-champs-b26/b.Url vs /fr/Homeopathie-c12/A-Vogel-b54/Bach-b137/Boiron-b61/Clef-des-champs-b26. Lang:fr
00:23:06 Listing url is not the same: /fr/Allergies-c55/A-Vogel-b54/Bach-b137/Boiron-b61/Clef-des-champs-b26/brand.Url vs /fr/Allergies-c55/A-Vogel-b54/Bach-b137/Boiron-b61/Clef-des-champs-b26. Lang:fr
00:23:10 Listing url is not the same: /fr/Coeur-et-sante-generale-c106/A-Vogel-b54/Clef-des-champs-b26/Meditrina-b68/New-roots-b74/subcat.Url vs /fr/Coeur-et-sante-generale-c106/A-Vogel-b54/Clef-des-champs-b26/Meditrina-b68/New-roots-b74. Lang:fr
00:23:14 Listing url is not the same: /fr/Inflammation-c98/Clef-des-champs-b26/Numi-tea-b124/cat.Url vs /fr/Inflammation-c98/Clef-des-champs-b26/Numi-tea-b124. Lang:fr
00:23:25 Listing url is not the same: /fr/Sommeil-c88/Clef-des-champs-b26/Druide-b63/Natural-Factors-b71/New-roots-b74/cat.Url vs /fr/Sommeil-c88/Clef-des-champs-b26/Druide-b63/Natural-Factors-b71/New-roots-b74. Lang:fr
00:23:32 Listing url is not the same: /fr/Sommeil-c88/Clef-des-champs-b26/Numi-tea-b124/promotion.Url vs /fr/Sommeil-c88/Clef-des-champs-b26/Numi-tea-b124. Lang:fr
00:23:35 Listing url is not the same: /fr/Systeme-immunitaire-c93/Clef-des-champs-b26/Druide-b63/Natural-Factors-b71/New-roots-b74/b.Url vs /fr/Systeme-immunitaire-c93/Clef-des-champs-b26/Druide-b63/Natural-Factors-b71/New-roots-b74. Lang:fr
00:27:01 Listing url is not the same: /fr/Antioxydants-c62/A-Vogel-b54/Bach-b137/Boiron-b61/Clef-des-champs-b26/urlBilingual vs /fr/Antioxydants-c62/A-Vogel-b54/Bach-b137/Boiron-b61/Clef-des-champs-b26. Lang:fr
00:27:10 Listing url is not the same: /fr/Inflammation-c98/Clef-des-champs-b26/Meditrina-b68/Nature-Clean-b72/New-roots-b74/cat.Url vs /fr/Inflammation-c98/Clef-des-champs-b26/Meditrina-b68/Nature-Clean-b72/New-roots-b74. Lang:fr
00:27:13 Listing url is not the same: /fr/Sante-des-femmes-c100/A-Vogel-b54/Boiron-b61/Druide-b63/Natural-Factors-b71/addressLink vs /fr/Sante-des-femmes-c100/A-Vogel-b54/Boiron-b61/Druide-b63/Natural-Factors-b71. Lang:fr
00:27:19 Listing url is not the same: /fr/Sante-des-femmes-c100/Boiron-b61/Druide-b63/Meditrina-b68/Natural-Factors-b71/cat.Url vs /fr/Sante-des-femmes-c100/Boiron-b61/Druide-b63/Meditrina-b68/Natural-Factors-b71. Lang:fr
00:27:33 Listing url is not the same: /fr/Systeme-immunitaire-c93/A-Vogel-b54/Bach-b137/Boiron-b61/Clef-des-champs-b26/urlBilingual vs /fr/Systeme-immunitaire-c93/A-Vogel-b54/Bach-b137/Boiron-b61/Clef-des-champs-b26. Lang:fr
00:27:38 Listing url is not the same: /fr/Systeme-immunitaire-c93/Clef-des-champs-b26/Leo-Desilet-b66/urlBilingual vs /fr/Systeme-immunitaire-c93/Clef-des-champs-b26/Leo-Desilet-b66. Lang:fr
01:21:32 Listing url is not the same: /fr/Antioxydants-c62/Healthology-b116/p.UrlBrand vs /fr/Antioxydants-c62/Healthology-b116. Lang:fr
01:21:36 Listing url is not the same: /fr/Cosmetique-shampoo-c112/Druide-b63/addressLink vs /fr/Cosmetique-shampoo-c112/Druide-b63. Lang:fr
01:21:40 Listing url is not the same: /fr/Detox-Digestion-c87/A-Vogel-b54/Boiron-b61/Clef-des-champs-b26/Meditrina-b68/Nature-Clean-b72/addressLink vs /fr/Detox-Digestion-c87/A-Vogel-b54/Boiron-b61/Clef-des-champs-b26/Meditrina-b68/Nature-Clean-b72. Lang:fr
01:21:47 Listing url is not the same: /fr/Fatigue-c99/A-Vogel-b54/Boiron-b61/Natural-Factors-b71/New-roots-b74/p.UrlBrand vs /fr/Fatigue-c99/A-Vogel-b54/Boiron-b61/Natural-Factors-b71/New-roots-b74. Lang:fr
01:21:49 Listing url is not the same: /fr/Fatigue-c99/Healthology-b116/addressLink vs /fr/Fatigue-c99/Healthology-b116. Lang:fr
01:21:51 Listing url is not the same: /fr/Fatigue-c99/Healthology-b116/promotion.Url vs /fr/Fatigue-c99/Healthology-b116. Lang:fr
01:21:53 Listing url is not the same: /fr/Inflammation-c98/A-Vogel-b54/Bach-b137/Boiron-b61/Clef-des-champs-b26/cat.Url vs /fr/Inflammation-c98/A-Vogel-b54/Bach-b137/Boiron-b61/Clef-des-champs-b26. Lang:fr
01:21:55 Listing url is not the same: /fr/Stress-c97/A-Vogel-b54/Clef-des-champs-b26/Natural-Factors-b71/New-roots-b74/promotion.Url vs /fr/Stress-c97/A-Vogel-b54/Clef-des-champs-b26/Natural-Factors-b71/New-roots-b74. Lang:fr
01:25:12 Listing url is not the same: /fr/Antioxydants-c62/Clef-des-champs-b26/Merveilles-d-Abeilles-b69/Nature-Clean-b72/New-roots-b74/brand.Url vs /fr/Antioxydants-c62/Clef-des-champs-b26/Merveilles-d-Abeilles-b69/Nature-Clean-b72/New-roots-b74. Lang:fr
02:10:22 Listing url is not the same: /fr/Fatigue-c99/A-Vogel-b54/Boiron-b61/Natural-Factors-b71/New-roots-b74/brand.Url vs /fr/Fatigue-c99/A-Vogel-b54/Boiron-b61/Natural-Factors-b71/New-roots-b74. Lang:fr
02:13:24 Listing url is not the same: /fr/Allergies-c55/A-Vogel-b54/Clef-des-champs-b26/Leo-Desilet-b66/brand.Url vs /fr/Allergies-c55/A-Vogel-b54/Clef-des-champs-b26/Leo-Desilet-b66. Lang:fr
02:13:27 Listing url is not the same: /fr/Coeur-et-sante-generale-c106/Clef-des-champs-b26/Meditrina-b68/Nature-Clean-b72/New-roots-b74/brand.Url vs /fr/Coeur-et-sante-generale-c106/Clef-des-champs-b26/Meditrina-b68/Nature-Clean-b72/New-roots-b74. Lang:fr
02:13:30 Listing url is not the same: /fr/Concentration-memoire-migraine-c56/A-Vogel-b54/Clef-des-champs-b26/Leo-Desilet-b66/brand.Url vs /fr/Concentration-memoire-migraine-c56/A-Vogel-b54/Clef-des-champs-b26/Leo-Desilet-b66. Lang:fr
02:13:39 Listing url is not the same: /fr/Detox-Digestion-c87/A-Vogel-b54/Clef-des-champs-b26/Le-Tournesol-ANB-b64/Nature-Clean-b72/brand.Url vs /fr/Detox-Digestion-c87/A-Vogel-b54/Clef-des-champs-b26/Le-Tournesol-ANB-b64/Nature-Clean-b72. Lang:fr
02:13:59 Listing url is not the same: /fr/Homeopathie-c12/Boiron-b61/Clef-des-champs-b26/Leo-Desilet-b66/cat.Url vs /fr/Homeopathie-c12/Boiron-b61/Clef-des-champs-b26/Leo-Desilet-b66. Lang:fr
02:14:08 Listing url is not the same: /fr/Homeopathie-c12/Boiron-b61/Le-Tournesol-ANB-b64/Merveilles-d-Abeilles-b69/urlBilingual vs /fr/Homeopathie-c12/Boiron-b61/Le-Tournesol-ANB-b64/Merveilles-d-Abeilles-b69. Lang:fr
02:14:16 Listing url is not the same: /fr/Inflammation-c98/A-Vogel-b54/Le-Tournesol-ANB-b64/New-roots-b74/subcat.Url vs /fr/Inflammation-c98/A-Vogel-b54/Le-Tournesol-ANB-b64/New-roots-b74. Lang:fr
02:14:23 Listing url is not the same: /fr/Inflammation-c98/Bach-b137/Natural-Factors-b71/promotion.Url vs /fr/Inflammation-c98/Bach-b137/Natural-Factors-b71. Lang:fr
02:14:29 Listing url is not the same: /fr/Rhume-grippe-voie-respiratoire-c57/A-Vogel-b54/Clef-des-champs-b26/Leo-Desilet-b66/promotion.Url vs /fr/Rhume-grippe-voie-respiratoire-c57/A-Vogel-b54/Clef-des-champs-b26/Leo-Desilet-b66. Lang:fr
02:14:52 Listing url is not the same: /fr/Stress-c97/Medelys-b128/Natural-Factors-b71/brand.Url vs /fr/Stress-c97/Medelys-b128/Natural-Factors-b71. Lang:fr
02:14:59 Listing url is not the same: /fr/Systeme-immunitaire-c93/A-Vogel-b54/Healthology-b116/b.Url vs /fr/Systeme-immunitaire-c93/A-Vogel-b54/Healthology-b116. Lang:fr
02:15:06 Listing url is not the same: /fr/Tisane-c24/Bach-b137/p.Url vs /fr/Tisane-c24/Bach-b137. Lang:fr
02:15:12 Listing url is not the same: /fr/Tisane-c24/Clef-des-champs-b26/Meditrina-b68/cat.Url vs /fr/Tisane-c24/Clef-des-champs-b26/Meditrina-b68. Lang:fr
03:07:39 Listing url is not the same: /fr/Fatigue-c99/A-Vogel-b54/Clef-des-champs-b26/Flora-b123/p.Url vs /fr/Fatigue-c99/A-Vogel-b54/Clef-des-champs-b26/Flora-b123. Lang:fr
03:07:43 Listing url is not the same: /fr/Homeopathie-c12/A-Vogel-b54/Boiron-b61/Natural-Factors-b71/Nature-Clean-b72/urlBilingual vs /fr/Homeopathie-c12/A-Vogel-b54/Boiron-b61/Natural-Factors-b71/Nature-Clean-b72. Lang:fr
03:07:50 Listing url is not the same: /fr/Sommeil-c88/A-Vogel-b54/Druide-b63/Flora-b123/promotion.Url vs /fr/Sommeil-c88/A-Vogel-b54/Druide-b63/Flora-b123. Lang:fr
03:12:26 Listing url is not the same: /fr/Concentration-memoire-migraine-c56/A-Vogel-b54/Anokian-b58/Clef-des-champs-b26/Nature-Clean-b72/p.Url vs /fr/Concentration-memoire-migraine-c56/A-Vogel-b54/Anokian-b58/Clef-des-champs-b26/Nature-Clean-b72. Lang:fr
03:12:33 Listing url is not the same: /fr/Fatigue-c99/Bach-b137/Clef-des-champs-b26/New-roots-b74/urlBilingual vs /fr/Fatigue-c99/Bach-b137/Clef-des-champs-b26/New-roots-b74. Lang:fr
03:12:36 Listing url is not the same: /fr/Fatigue-c99/Leo-Desilet-b66/Meditrina-b68/promotion.Url vs /fr/Fatigue-c99/Leo-Desilet-b66/Meditrina-b68. Lang:fr
03:12:39 Listing url is not the same: /fr/Fatigue-c99/Leo-Desilet-b66/Natural-Factors-b71/subcat.Url vs /fr/Fatigue-c99/Leo-Desilet-b66/Natural-Factors-b71. Lang:fr
03:12:41 Listing url is not the same: /fr/Homeopathie-c12/Anokian-b58/Natural-Factors-b71/New-roots-b74/subcat.Url vs /fr/Homeopathie-c12/Anokian-b58/Natural-Factors-b71/New-roots-b74. Lang:fr
03:12:47 Listing url is not the same: /fr/Huiles-magiques-de-wicca-c65/A-Vogel-b54/Le-Tournesol-ANB-b64/New-roots-b74/subcat.Url vs /fr/Huiles-magiques-de-wicca-c65/A-Vogel-b54/Le-Tournesol-ANB-b64/New-roots-b74. Lang:fr
03:13:01 Listing url is not the same: /fr/Rhume-grippe-voie-respiratoire-c57/A-Vogel-b54/Clef-des-champs-b26/Natural-Factors-b71/New-roots-b74/promotion.Url vs /fr/Rhume-grippe-voie-respiratoire-c57/A-Vogel-b54/Clef-des-champs-b26/Natural-Factors-b71/New-roots-b74. Lang:fr
03:13:06 Listing url is not the same: /fr/Stress-c97/Boiron-b61/Medelys-b128/p.UrlBrand vs /fr/Stress-c97/Boiron-b61/Medelys-b128. Lang:fr
03:13:11 Listing url is not the same: /fr/Stress-c97/Clef-des-champs-b26/Salus-b126/b.Url vs /fr/Stress-c97/Clef-des-champs-b26/Salus-b126. Lang:fr
04:05:38 Listing url is not the same: /fr/Antioxydants-c62/A-Vogel-b54/Clef-des-champs-b26/Druide-b63/Nature-Clean-b72/New-roots-b74/cat.Url vs /fr/Antioxydants-c62/A-Vogel-b54/Clef-des-champs-b26/Druide-b63/Nature-Clean-b72/New-roots-b74. Lang:fr
04:05:42 Listing url is not the same: /fr/Antioxydants-c62/A-Vogel-b54/Clef-des-champs-b26/Leo-Desilet-b66/p.Url vs /fr/Antioxydants-c62/A-Vogel-b54/Clef-des-champs-b26/Leo-Desilet-b66. Lang:fr
04:05:45 Listing url is not the same: /fr/Antioxydants-c62/Clef-des-champs-b26/Kyolic-b115/brand.Url vs /fr/Antioxydants-c62/Clef-des-champs-b26/Kyolic-b115. Lang:fr
04:06:00 Listing url is not the same: /fr/Fatigue-c99/Bach-b137/Natural-Factors-b71/cat.Url vs /fr/Fatigue-c99/Bach-b137/Natural-Factors-b71. Lang:fr
04:06:05 Listing url is not the same: /fr/Rhume-grippe-voie-respiratoire-c57/A-Vogel-b54/Clef-des-champs-b26/Natural-Factors-b71/New-roots-b74/subcat.Url vs /fr/Rhume-grippe-voie-respiratoire-c57/A-Vogel-b54/Clef-des-champs-b26/Natural-Factors-b71/New-roots-b74. Lang:fr
04:06:17 Listing url is not the same: /fr/Systeme-immunitaire-c93/A-Vogel-b54/Clef-des-champs-b26/Leo-Desilet-b66/promotion.Url vs /fr/Systeme-immunitaire-c93/A-Vogel-b54/Clef-des-champs-b26/Leo-Desilet-b66. Lang:fr
04:06:21 Listing url is not the same: /fr/Systeme-immunitaire-c93/Le-Tournesol-ANB-b64/Natural-Factors-b71/Nature-Clean-b72/promotion.Url vs /fr/Systeme-immunitaire-c93/Le-Tournesol-ANB-b64/Natural-Factors-b71/Nature-Clean-b72. Lang:fr
04:10:28 Listing url is not the same: /fr/Antioxydants-c62/A-Vogel-b54/Boiron-b61/Clef-des-champs-b26/Flora-b123/p.Url vs /fr/Antioxydants-c62/A-Vogel-b54/Boiron-b61/Clef-des-champs-b26/Flora-b123. Lang:fr
04:10:31 Listing url is not the same: /fr/Detox-Digestion-c87/Healthology-b116/b.Url vs /fr/Detox-Digestion-c87/Healthology-b116. Lang:fr
04:10:36 Listing url is not the same: /fr/Sante-des-femmes-c100/A-Vogel-b54/Boiron-b61/Natural-Factors-b71/New-roots-b74/cat.Url vs /fr/Sante-des-femmes-c100/A-Vogel-b54/Boiron-b61/Natural-Factors-b71/New-roots-b74. Lang:fr
04:10:46 Listing url is not the same: /fr/Stress-c97/Numi-tea-b124/urlBilingual vs /fr/Stress-c97/Numi-tea-b124. Lang:fr
04:59:39 Listing url is not the same: /fr/Sante-des-femmes-c100/A-Vogel-b54/Anokian-b58/Boiron-b61/Clef-des-champs-b26/brand.Url vs /fr/Sante-des-femmes-c100/A-Vogel-b54/Anokian-b58/Boiron-b61/Clef-des-champs-b26. Lang:fr
04:59:43 Listing url is not the same: /fr/Systeme-immunitaire-c93/Anokian-b58/Natural-Factors-b71/New-roots-b74/promotion.Url vs /fr/Systeme-immunitaire-c93/Anokian-b58/Natural-Factors-b71/New-roots-b74. Lang:fr
04:59:46 Listing url is not the same: /fr/Tisane-c24/Clef-des-champs-b26/Numi-tea-b124/addressLink vs /fr/Tisane-c24/Clef-des-champs-b26/Numi-tea-b124. Lang:fr
05:02:51 Listing url is not the same: /fr/Fatigue-c99/A-Vogel-b54/Bach-b137/Boiron-b61/Clef-des-champs-b26/addressLink vs /fr/Fatigue-c99/A-Vogel-b54/Bach-b137/Boiron-b61/Clef-des-champs-b26. Lang:fr
05:02:53 Listing url is not the same: /fr/Fatigue-c99/A-Vogel-b54/Clef-des-champs-b26/Nature-Clean-b72/New-roots-b74/p.Url vs /fr/Fatigue-c99/A-Vogel-b54/Clef-des-champs-b26/Nature-Clean-b72/New-roots-b74. Lang:fr
05:02:55 Listing url is not the same: /fr/Fatigue-c99/Bach-b137/Clef-des-champs-b26/New-roots-b74/p.Url vs /fr/Fatigue-c99/Bach-b137/Clef-des-champs-b26/New-roots-b74. Lang:fr
05:02:56 Listing url is not the same: /fr/Homeopathie-c12/A-Vogel-b54/Boiron-b61/Druide-b63/Natural-Factors-b71/promotion.Url vs /fr/Homeopathie-c12/A-Vogel-b54/Boiron-b61/Druide-b63/Natural-Factors-b71. Lang:fr
05:02:58 Listing url is not the same: /fr/Huiles-magiques-de-wicca-c65/Clef-des-champs-b26/Le-Tournesol-ANB-b64/New-roots-b74/b.Url vs /fr/Huiles-magiques-de-wicca-c65/Clef-des-champs-b26/Le-Tournesol-ANB-b64/New-roots-b74. Lang:fr
05:03:00 Listing url is not the same: /fr/Sommeil-c88/Clef-des-champs-b26/Meditrina-b68/Natural-Factors-b71/New-roots-b74/p.Url vs /fr/Sommeil-c88/Clef-des-champs-b26/Meditrina-b68/Natural-Factors-b71/New-roots-b74. Lang:fr
05:07:07 Listing url is not the same: /fr/Allergies-c55/Anokian-b58/Natural-Factors-b71/New-roots-b74/p.Url vs /fr/Allergies-c55/Anokian-b58/Natural-Factors-b71/New-roots-b74. Lang:fr
05:07:08 Listing url is not the same: /fr/Antioxydants-c62/A-Vogel-b54/Clef-des-champs-b26/Druide-b63/Nature-Clean-b72/New-roots-b74/b.Url vs /fr/Antioxydants-c62/A-Vogel-b54/Clef-des-champs-b26/Druide-b63/Nature-Clean-b72/New-roots-b74. Lang:fr
05:07:10 Listing url is not the same: /fr/Coeur-et-sante-generale-c106/A-Vogel-b54/Boiron-b61/Natural-Factors-b71/Nature-Clean-b72/subcat.Url vs /fr/Coeur-et-sante-generale-c106/A-Vogel-b54/Boiron-b61/Natural-Factors-b71/Nature-Clean-b72. Lang:fr
05:07:12 Listing url is not the same: /fr/Fatigue-c99/A-Vogel-b54/Clef-des-champs-b26/Druide-b63/Meditrina-b68/New-roots-b74/p.Url vs /fr/Fatigue-c99/A-Vogel-b54/Clef-des-champs-b26/Druide-b63/Meditrina-b68/New-roots-b74. Lang:fr
05:07:18 Listing url is not the same: /fr/Stress-c97/Clef-des-champs-b26/Kyolic-b115/p.UrlBrand vs /fr/Stress-c97/Clef-des-champs-b26/Kyolic-b115. Lang:fr
05:55:30 Listing url is not the same: /fr/Fatigue-c99/A-Vogel-b54/Bach-b137/Boiron-b61/Clef-des-champs-b26/subcat.Url vs /fr/Fatigue-c99/A-Vogel-b54/Bach-b137/Boiron-b61/Clef-des-champs-b26. Lang:fr
05:55:34 Listing url is not the same: /fr/Homeopathie-c12/A-Vogel-b54/Clef-des-champs-b26/Meditrina-b68/Nature-Clean-b72/b.Url vs /fr/Homeopathie-c12/A-Vogel-b54/Clef-des-champs-b26/Meditrina-b68/Nature-Clean-b72. Lang:fr
05:55:40 Listing url is not the same: /fr/Sommeil-c88/A-Vogel-b54/Clef-des-champs-b26/Natural-Factors-b71/New-roots-b74/addressLink vs /fr/Sommeil-c88/A-Vogel-b54/Clef-des-champs-b26/Natural-Factors-b71/New-roots-b74. Lang:fr
05:59:28 Listing url is not the same: /fr/Allergies-c55/A-Vogel-b54/Clef-des-champs-b26/Flora-b123/urlBilingual vs /fr/Allergies-c55/A-Vogel-b54/Clef-des-champs-b26/Flora-b123. Lang:fr
05:59:29 Listing url is not the same: /fr/Antioxydants-c62/Clef-des-champs-b26/Kyolic-b115/addressLink vs /fr/Antioxydants-c62/Clef-des-champs-b26/Kyolic-b115. Lang:fr
05:59:31 Listing url is not the same: /fr/Coeur-et-sante-generale-c106/Anokian-b58/Natural-Factors-b71/New-roots-b74/b.Url vs /fr/Coeur-et-sante-generale-c106/Anokian-b58/Natural-Factors-b71/New-roots-b74. Lang:fr
05:59:32 Listing url is not the same: /fr/Concentration-memoire-migraine-c56/Boiron-b61/Clef-des-champs-b26/Flora-b123/b.Url vs /fr/Concentration-memoire-migraine-c56/Boiron-b61/Clef-des-champs-b26/Flora-b123. Lang:fr
05:59:33 Listing url is not the same: /fr/Homeopathie-c12/A-Vogel-b54/Bach-b137/Druide-b63/promotion.Url vs /fr/Homeopathie-c12/A-Vogel-b54/Bach-b137/Druide-b63. Lang:fr
05:59:36 Listing url is not the same: /fr/Sante-des-femmes-c100/Clef-des-champs-b26/Natural-Factors-b71/Nature-Clean-b72/New-roots-b74/p.UrlBrand vs /fr/Sante-des-femmes-c100/Clef-des-champs-b26/Natural-Factors-b71/Nature-Clean-b72/New-roots-b74. Lang:fr
05:59:39 Listing url is not the same: /fr/Stress-c97/Clef-des-champs-b26/Le-Tournesol-ANB-b64/Merveilles-d-Abeilles-b69/Natural-Factors-b71/b.Url vs /fr/Stress-c97/Clef-des-champs-b26/Le-Tournesol-ANB-b64/Merveilles-d-Abeilles-b69/Natural-Factors-b71. Lang:fr
05:59:42 Listing url is not the same: /fr/soin-du-corps-c86/Boiron-b61/Clef-des-champs-b26/Natural-Factors-b71/New-roots-b74/p.UrlBrand vs /fr/Soin-du-corps-c86/Boiron-b61/Clef-des-champs-b26/Natural-Factors-b71/New-roots-b74. Lang:fr
06:49:35 Listing url is not the same: /fr/Fatigue-c99/A-Vogel-b54/Boiron-b61/Druide-b63/Natural-Factors-b71/promotion.Url vs /fr/Fatigue-c99/A-Vogel-b54/Boiron-b61/Druide-b63/Natural-Factors-b71. Lang:fr
06:49:47 Listing url is not the same: /fr/Rhume-grippe-voie-respiratoire-c57/Clef-des-champs-b26/Le-Tournesol-ANB-b64/New-roots-b74/promotion.Url vs /fr/Rhume-grippe-voie-respiratoire-c57/Clef-des-champs-b26/Le-Tournesol-ANB-b64/New-roots-b74. Lang:fr
06:49:50 Listing url is not the same: /fr/Sante-des-enfants-c108/Kyolic-b115/urlBilingual vs /fr/Sante-des-enfants-c108/Kyolic-b115. Lang:fr
06:49:53 Listing url is not the same: /fr/Sante-des-femmes-c100/Clef-des-champs-b26/Numi-tea-b124/addressLink vs /fr/Sante-des-femmes-c100/Clef-des-champs-b26/Numi-tea-b124. Lang:fr
06:53:36 Listing url is not the same: /fr/Antioxydants-c62/A-Vogel-b54/Clef-des-champs-b26/Flora-b123/p.UrlBrand vs /fr/Antioxydants-c62/A-Vogel-b54/Clef-des-champs-b26/Flora-b123. Lang:fr
06:53:42 Listing url is not the same: /fr/Coeur-et-sante-generale-c106/Boiron-b61/Merveilles-d-Abeilles-b69/Natural-Factors-b71/cat.Url vs /fr/Coeur-et-sante-generale-c106/Boiron-b61/Merveilles-d-Abeilles-b69/Natural-Factors-b71. Lang:fr
06:53:47 Listing url is not the same: /fr/Concentration-memoire-migraine-c56/Clef-des-champs-b26/Meditrina-b68/Nature-Clean-b72/New-roots-b74/promotion.Url vs /fr/Concentration-memoire-migraine-c56/Clef-des-champs-b26/Meditrina-b68/Nature-Clean-b72/New-roots-b74. Lang:fr
06:53:51 Listing url is not the same: /fr/Fatigue-c99/A-Vogel-b54/Clef-des-champs-b26/Druide-b63/Natural-Factors-b71/Nature-Clean-b72/b.Url vs /fr/Fatigue-c99/A-Vogel-b54/Clef-des-champs-b26/Druide-b63/Natural-Factors-b71/Nature-Clean-b72. Lang:fr
06:53:56 Listing url is not the same: /fr/Huiles-magiques-de-wicca-c65/Anokian-b58/Le-Tournesol-ANB-b64/Natural-Factors-b71/subcat.Url vs /fr/Huiles-magiques-de-wicca-c65/Anokian-b58/Le-Tournesol-ANB-b64/Natural-Factors-b71. Lang:fr
06:53:57 Listing url is not the same: /fr/Inflammation-c98/Clef-des-champs-b26/Le-Tournesol-ANB-b64/Merveilles-d-Abeilles-b69/Nature-Clean-b72/urlBilingual vs /fr/Inflammation-c98/Clef-des-champs-b26/Le-Tournesol-ANB-b64/Merveilles-d-Abeilles-b69/Nature-Clean-b72. Lang:fr
06:53:58 Listing url is not the same: /fr/Sante-des-enfants-c108/A-Vogel-b54/Clef-des-champs-b26/Flora-b123/b.Url vs /fr/Sante-des-enfants-c108/A-Vogel-b54/Clef-des-champs-b26/Flora-b123. Lang:fr
06:54:00 Listing url is not the same: /fr/Sante-des-enfants-c108/Boiron-b61/Clef-des-champs-b26/Flora-b123/urlBilingual vs /fr/Sante-des-enfants-c108/Boiron-b61/Clef-des-champs-b26/Flora-b123. Lang:fr
06:54:01 Listing url is not the same: /fr/Sommeil-c88/Clef-des-champs-b26/Salus-b126/p.Url vs /fr/Sommeil-c88/Clef-des-champs-b26/Salus-b126. Lang:fr
06:54:02 Listing url is not the same: /fr/Sommeil-c88/Clef-des-champs-b26/Salus-b126/p.UrlBrand vs /fr/Sommeil-c88/Clef-des-champs-b26/Salus-b126. Lang:fr
06:54:03 Listing url is not the same: /fr/Stress-c97/Clef-des-champs-b26/Le-Tournesol-ANB-b64/Merveilles-d-Abeilles-b69/Natural-Factors-b71/p.UrlBrand vs /fr/Stress-c97/Clef-des-champs-b26/Le-Tournesol-ANB-b64/Merveilles-d-Abeilles-b69/Natural-Factors-b71. Lang:fr
06:54:04 Listing url is not the same: /fr/Stress-c97/Merveilles-d-Abeilles-b69/Natural-Factors-b71/New-roots-b74/addressLink vs /fr/Stress-c97/Merveilles-d-Abeilles-b69/Natural-Factors-b71/New-roots-b74. Lang:fr
07:48:47 Listing url is not the same: /fr/Allergies-c55/A-Vogel-b54/Clef-des-champs-b26/Leo-Desilet-b66/subcat.Url vs /fr/Allergies-c55/A-Vogel-b54/Clef-des-champs-b26/Leo-Desilet-b66. Lang:fr
07:49:01 Listing url is not the same: /fr/Allergies-c55/A-Vogel-b54/Le-Tournesol-ANB-b64/New-roots-b74/urlBilingual vs /fr/Allergies-c55/A-Vogel-b54/Le-Tournesol-ANB-b64/New-roots-b74. Lang:fr
07:49:27 Listing url is not the same: /fr/Antioxydants-c62/A-Vogel-b54/Clef-des-champs-b26/Leo-Desilet-b66/promotion.Url vs /fr/Antioxydants-c62/A-Vogel-b54/Clef-des-champs-b26/Leo-Desilet-b66. Lang:fr
07:49:37 Listing url is not the same: /fr/Antioxydants-c62/A-Vogel-b54/Healthology-b116/cat.Url vs /fr/Antioxydants-c62/A-Vogel-b54/Healthology-b116. Lang:fr
07:50:13 Listing url is not the same: /fr/Detox-Digestion-c87/A-Vogel-b54/Clef-des-champs-b26/Le-Tournesol-ANB-b64/Nature-Clean-b72/b.Url vs /fr/Detox-Digestion-c87/A-Vogel-b54/Clef-des-champs-b26/Le-Tournesol-ANB-b64/Nature-Clean-b72. Lang:fr
07:50:19 Listing url is not the same: /fr/Detox-Digestion-c87/Kyolic-b115/Natural-Factors-b71/p.Url vs /fr/Detox-Digestion-c87/Kyolic-b115/Natural-Factors-b71. Lang:fr
07:50:24 Listing url is not the same: /fr/Fatigue-c99/Boiron-b61/Clef-des-champs-b26/Leo-Desilet-b66/subcat.Url vs /fr/Fatigue-c99/Boiron-b61/Clef-des-champs-b26/Leo-Desilet-b66. Lang:fr
07:50:29 Listing url is not the same: /fr/Homeopathie-c12/Anokian-b58/Natural-Factors-b71/New-roots-b74/addressLink vs /fr/Homeopathie-c12/Anokian-b58/Natural-Factors-b71/New-roots-b74. Lang:fr
07:50:33 Listing url is not the same: /fr/Rhume-grippe-voie-respiratoire-c57/A-Vogel-b54/Anokian-b58/Clef-des-champs-b26/Nature-Clean-b72/cat.Url vs /fr/Rhume-grippe-voie-respiratoire-c57/A-Vogel-b54/Anokian-b58/Clef-des-champs-b26/Nature-Clean-b72. Lang:fr
07:50:37 Listing url is not the same: /fr/Sante-des-enfants-c108/A-Vogel-b54/Clef-des-champs-b26/Le-Tournesol-ANB-b64/Nature-Clean-b72/subcat.Url vs /fr/Sante-des-enfants-c108/A-Vogel-b54/Clef-des-champs-b26/Le-Tournesol-ANB-b64/Nature-Clean-b72. Lang:fr
07:50:39 Listing url is not the same: /fr/Sommeil-c88/Anokian-b58/Le-Tournesol-ANB-b64/Natural-Factors-b71/brand.Url vs /fr/Sommeil-c88/Anokian-b58/Le-Tournesol-ANB-b64/Natural-Factors-b71. Lang:fr
07:50:42 Listing url is not the same: /fr/Stress-c97/Medelys-b128/Natural-Factors-b71/subcat.Url vs /fr/Stress-c97/Medelys-b128/Natural-Factors-b71. Lang:fr
07:50:44 Listing url is not the same: /fr/Systeme-immunitaire-c93/A-Vogel-b54/Clef-des-champs-b26/Leo-Desilet-b66/b.Url vs /fr/Systeme-immunitaire-c93/A-Vogel-b54/Clef-des-champs-b26/Leo-Desilet-b66. Lang:fr
07:50:46 Listing url is not the same: /fr/Tisane-c24/A-Vogel-b54/Clef-des-champs-b26/urlBilingual vs /fr/Tisane-c24/A-Vogel-b54/Clef-des-champs-b26. Lang:fr
08:38:30 Listing url is not the same: /fr/Cosmetique-shampoo-c112/Druide-b63/cat.Url vs /fr/Cosmetique-shampoo-c112/Druide-b63. Lang:fr
08:38:41 Listing url is not the same: /fr/Sante-des-enfants-c108/Leo-Desilet-b66/Natural-Factors-b71/cat.Url vs /fr/Sante-des-enfants-c108/Leo-Desilet-b66/Natural-Factors-b71. Lang:fr
08:38:47 Listing url is not the same: /fr/Sante-des-femmes-c100/A-Vogel-b54/Bach-b137/Boiron-b61/Clef-des-champs-b26/promotion.Url vs /fr/Sante-des-femmes-c100/A-Vogel-b54/Bach-b137/Boiron-b61/Clef-des-champs-b26. Lang:fr
08:38:50 Listing url is not the same: /fr/Stress-c97/A-Vogel-b54/Clef-des-champs-b26/Flora-b123/cat.Url vs /fr/Stress-c97/A-Vogel-b54/Clef-des-champs-b26/Flora-b123. Lang:fr
08:38:51 Listing url is not the same: /fr/Systeme-immunitaire-c93/A-Vogel-b54/Boiron-b61/Natural-Factors-b71/New-roots-b74/b.Url vs /fr/Systeme-immunitaire-c93/A-Vogel-b54/Boiron-b61/Natural-Factors-b71/New-roots-b74. Lang:fr
08:41:37 Listing url is not the same: /fr/Antioxydants-c62/A-Vogel-b54/Healthology-b116/p.Url vs /fr/Antioxydants-c62/A-Vogel-b54/Healthology-b116. Lang:fr
08:41:48 Listing url is not the same: /fr/Detox-Digestion-c87/Bach-b137/Clef-des-champs-b26/New-roots-b74/p.UrlBrand vs /fr/Detox-Digestion-c87/Bach-b137/Clef-des-champs-b26/New-roots-b74. Lang:fr
08:41:52 Listing url is not the same: /fr/Fatigue-c99/Clef-des-champs-b26/Flora-b123/Natural-Factors-b71/b.Url vs /fr/Fatigue-c99/Clef-des-champs-b26/Flora-b123/Natural-Factors-b71. Lang:fr
08:41:55 Listing url is not the same: /fr/Fatigue-c99/Natural-Factors-b71/Salus-b126/subcat.Url vs /fr/Fatigue-c99/Natural-Factors-b71/Salus-b126. Lang:fr
08:41:58 Listing url is not the same: /fr/Fatigue-c99/Natural-Factors-b71/Salus-b126/urlBilingual vs /fr/Fatigue-c99/Natural-Factors-b71/Salus-b126. Lang:fr
08:42:00 Listing url is not the same: /fr/Rhume-grippe-voie-respiratoire-c57/A-Vogel-b54/Druide-b63/Flora-b123/p.Url vs /fr/Rhume-grippe-voie-respiratoire-c57/A-Vogel-b54/Druide-b63/Flora-b123. Lang:fr
08:42:02 Listing url is not the same: /fr/Rhume-grippe-voie-respiratoire-c57/Clef-des-champs-b26/Meditrina-b68/Natural-Factors-b71/New-roots-b74/brand.Url vs /fr/Rhume-grippe-voie-respiratoire-c57/Clef-des-champs-b26/Meditrina-b68/Natural-Factors-b71/New-roots-b74. Lang:fr
08:42:04 Listing url is not the same: /fr/Sante-des-enfants-c108/A-Vogel-b54/Clef-des-champs-b26/Le-Tournesol-ANB-b64/Nature-Clean-b72/urlBilingual vs /fr/Sante-des-enfants-c108/A-Vogel-b54/Clef-des-champs-b26/Le-Tournesol-ANB-b64/Nature-Clean-b72. Lang:fr
08:42:10 Listing url is not the same: /fr/Stress-c97/A-Vogel-b54/Healthology-b116/b.Url vs /fr/Stress-c97/A-Vogel-b54/Healthology-b116. Lang:fr
08:42:12 Listing url is not the same: /fr/Systeme-immunitaire-c93/Bach-b137/Druide-b63/p.Url vs /fr/Systeme-immunitaire-c93/Bach-b137/Druide-b63. Lang:fr
08:42:14 Listing url is not the same: /fr/soin-du-corps-c86/Boiron-b61/Clef-des-champs-b26/Natural-Factors-b71/New-roots-b74/subcat.Url vs /fr/Soin-du-corps-c86/Boiron-b61/Clef-des-champs-b26/Natural-Factors-b71/New-roots-b74. Lang:fr
09:37:25 Listing url is not the same: /fr/Allergies-c55/Clef-des-champs-b26/Le-Tournesol-ANB-b64/Merveilles-d-Abeilles-b69/Natural-Factors-b71/p.UrlBrand vs /fr/Allergies-c55/Clef-des-champs-b26/Le-Tournesol-ANB-b64/Merveilles-d-Abeilles-b69/Natural-Factors-b71. Lang:fr
09:37:29 Listing url is not the same: /fr/Antioxydants-c62/A-Vogel-b54/Clef-des-champs-b26/Leo-Desilet-b66/urlBilingual vs /fr/Antioxydants-c62/A-Vogel-b54/Clef-des-champs-b26/Leo-Desilet-b66. Lang:fr
09:37:33 Listing url is not the same: /fr/Antioxydants-c62/A-Vogel-b54/Le-Tournesol-ANB-b64/New-roots-b74/p.UrlBrand vs /fr/Antioxydants-c62/A-Vogel-b54/Le-Tournesol-ANB-b64/New-roots-b74. Lang:fr
09:37:36 Listing url is not the same: /fr/Antioxydants-c62/Boiron-b61/Clef-des-champs-b26/Leo-Desilet-b66/subcat.Url vs /fr/Antioxydants-c62/Boiron-b61/Clef-des-champs-b26/Leo-Desilet-b66. Lang:fr
09:37:39 Listing url is not the same: /fr/Concentration-memoire-migraine-c56/Anokian-b58/Natural-Factors-b71/New-roots-b74/addressLink vs /fr/Concentration-memoire-migraine-c56/Anokian-b58/Natural-Factors-b71/New-roots-b74. Lang:fr
09:37:41 Listing url is not the same: /fr/Fatigue-c99/A-Vogel-b54/Clef-des-champs-b26/Druide-b63/Natural-Factors-b71/Nature-Clean-b72/brand.Url vs /fr/Fatigue-c99/A-Vogel-b54/Clef-des-champs-b26/Druide-b63/Natural-Factors-b71/Nature-Clean-b72. Lang:fr
09:37:43 Listing url is not the same: /fr/Fatigue-c99/A-Vogel-b54/Clef-des-champs-b26/Flora-b123/brand.Url vs /fr/Fatigue-c99/A-Vogel-b54/Clef-des-champs-b26/Flora-b123. Lang:fr
09:37:45 Listing url is not the same: /fr/Fatigue-c99/A-Vogel-b54/Clef-des-champs-b26/Leo-Desilet-b66/cat.Url vs /fr/Fatigue-c99/A-Vogel-b54/Clef-des-champs-b26/Leo-Desilet-b66. Lang:fr
09:37:46 Listing url is not the same: /fr/Sante-des-femmes-c100/A-Vogel-b54/Meditrina-b68/Merveilles-d-Abeilles-b69/Natural-Factors-b71/p.UrlBrand vs /fr/Sante-des-femmes-c100/A-Vogel-b54/Meditrina-b68/Merveilles-d-Abeilles-b69/Natural-Factors-b71. Lang:fr
09:37:47 Listing url is not the same: /fr/Sommeil-c88/A-Vogel-b54/Le-Tournesol-ANB-b64/New-roots-b74/p.UrlBrand vs /fr/Sommeil-c88/A-Vogel-b54/Le-Tournesol-ANB-b64/New-roots-b74. Lang:fr
09:37:51 Listing url is not the same: /fr/Stress-c97/Clef-des-champs-b26/Le-Tournesol-ANB-b64/Merveilles-d-Abeilles-b69/Natural-Factors-b71/p.Url vs /fr/Stress-c97/Clef-des-champs-b26/Le-Tournesol-ANB-b64/Merveilles-d-Abeilles-b69/Natural-Factors-b71. Lang:fr
10:29:07 Listing url is not the same: /fr/Fatigue-c99/A-Vogel-b54/Boiron-b61/Natural-Factors-b71/Nature-Clean-b72/urlBilingual vs /fr/Fatigue-c99/A-Vogel-b54/Boiron-b61/Natural-Factors-b71/Nature-Clean-b72. Lang:fr
10:29:21 Listing url is not the same: /fr/Sommeil-c88/A-Vogel-b54/Boiron-b61/Natural-Factors-b71/Nature-Clean-b72/p.Url vs /fr/Sommeil-c88/A-Vogel-b54/Boiron-b61/Natural-Factors-b71/Nature-Clean-b72. Lang:fr
10:32:23 Listing url is not the same: /fr/Coeur-et-sante-generale-c106/A-Vogel-b54/Le-Tournesol-ANB-b64/New-roots-b74/addressLink vs /fr/Coeur-et-sante-generale-c106/A-Vogel-b54/Le-Tournesol-ANB-b64/New-roots-b74. Lang:fr
10:32:46 Listing url is not the same: /fr/Concentration-memoire-migraine-c56/A-Vogel-b54/Clef-des-champs-b26/Flora-b123/urlBilingual vs /fr/Concentration-memoire-migraine-c56/A-Vogel-b54/Clef-des-champs-b26/Flora-b123. Lang:fr
10:32:55 Listing url is not the same: /fr/Cosmetique-parfum-et-deodorant-c60/Anokian-b58/Natural-Factors-b71/New-roots-b74/brand.Url vs /fr/Cosmetique-parfum-et-deodorant-c60/Anokian-b58/Natural-Factors-b71/New-roots-b74. Lang:fr
10:33:12 Listing url is not the same: /fr/Homeopathie-c12/Boiron-b61/Merveilles-d-Abeilles-b69/Natural-Factors-b71/b.Url vs /fr/Homeopathie-c12/Boiron-b61/Merveilles-d-Abeilles-b69/Natural-Factors-b71. Lang:fr
10:33:18 Listing url is not the same: /fr/Homeopathie-c12/Boiron-b61/Merveilles-d-Abeilles-b69/Natural-Factors-b71/brand.Url vs /fr/Homeopathie-c12/Boiron-b61/Merveilles-d-Abeilles-b69/Natural-Factors-b71. Lang:fr
10:33:24 Listing url is not the same: /fr/Huiles-magiques-de-wicca-c65/Clef-des-champs-b26/Le-Tournesol-ANB-b64/Medelys-b128/b.Url vs /fr/Huiles-magiques-de-wicca-c65/Clef-des-champs-b26/Le-Tournesol-ANB-b64/Medelys-b128. Lang:fr
10:33:28 Listing url is not the same: /fr/Inflammation-c98/Clef-des-champs-b26/Le-Tournesol-ANB-b64/Merveilles-d-Abeilles-b69/Natural-Factors-b71/subcat.Url vs /fr/Inflammation-c98/Clef-des-champs-b26/Le-Tournesol-ANB-b64/Merveilles-d-Abeilles-b69/Natural-Factors-b71. Lang:fr
10:33:32 Listing url is not the same: /fr/Rhume-grippe-voie-respiratoire-c57/Clef-des-champs-b26/Meditrina-b68/Natural-Factors-b71/New-roots-b74/subcat.Url vs /fr/Rhume-grippe-voie-respiratoire-c57/Clef-des-champs-b26/Meditrina-b68/Natural-Factors-b71/New-roots-b74. Lang:fr
10:33:35 Listing url is not the same: /fr/Sante-des-enfants-c108/A-Vogel-b54/Bach-b137/Druide-b63/p.UrlBrand vs /fr/Sante-des-enfants-c108/A-Vogel-b54/Bach-b137/Druide-b63. Lang:fr
10:33:38 Listing url is not the same: /fr/Sante-des-enfants-c108/A-Vogel-b54/Clef-des-champs-b26/Flora-b123/promotion.Url vs /fr/Sante-des-enfants-c108/A-Vogel-b54/Clef-des-champs-b26/Flora-b123. Lang:fr
10:33:40 Listing url is not the same: /fr/Sante-des-femmes-c100/A-Vogel-b54/Clef-des-champs-b26/Natural-Factors-b71/New-roots-b74/p.UrlBrand vs /fr/Sante-des-femmes-c100/A-Vogel-b54/Clef-des-champs-b26/Natural-Factors-b71/New-roots-b74. Lang:fr
10:33:43 Listing url is not the same: /fr/Stress-c97/A-Vogel-b54/Boiron-b61/Clef-des-champs-b26/Meditrina-b68/Nature-Clean-b72/b.Url vs /fr/Stress-c97/A-Vogel-b54/Boiron-b61/Clef-des-champs-b26/Meditrina-b68/Nature-Clean-b72. Lang:fr
10:33:45 Listing url is not the same: /fr/Stress-c97/Anokian-b58/Le-Tournesol-ANB-b64/Natural-Factors-b71/b.Url vs /fr/Stress-c97/Anokian-b58/Le-Tournesol-ANB-b64/Natural-Factors-b71. Lang:fr
10:33:47 Listing url is not the same: /fr/Systeme-immunitaire-c93/Clef-des-champs-b26/Salus-b126/b.Url vs /fr/Systeme-immunitaire-c93/Clef-des-champs-b26/Salus-b126. Lang:fr
10:33:52 Listing url is not the same: /fr/soin-du-corps-c86/Druide-b63/Natural-Factors-b71/New-roots-b74/addressLink vs /fr/Soin-du-corps-c86/Druide-b63/Natural-Factors-b71/New-roots-b74. Lang:fr
11:25:28 Listing url is not the same: /fr/Homeopathie-c12/A-Vogel-b54/Druide-b63/Flora-b123/b.Url vs /fr/Homeopathie-c12/A-Vogel-b54/Druide-b63/Flora-b123. Lang:fr
11:28:56 Listing url is not the same: /fr/Antioxydants-c62/Bach-b137/Druide-b63/subcat.Url vs /fr/Antioxydants-c62/Bach-b137/Druide-b63. Lang:fr
11:29:06 Listing url is not the same: /fr/Antioxydants-c62/Bach-b137/Natural-Factors-b71/brand.Url vs /fr/Antioxydants-c62/Bach-b137/Natural-Factors-b71. Lang:fr
11:29:16 Listing url is not the same: /fr/Fatigue-c99/Bach-b137/Druide-b63/addressLink vs /fr/Fatigue-c99/Bach-b137/Druide-b63. Lang:fr
11:29:24 Listing url is not the same: /fr/Fatigue-c99/Bach-b137/Natural-Factors-b71/addressLink vs /fr/Fatigue-c99/Bach-b137/Natural-Factors-b71. Lang:fr
11:29:31 Listing url is not the same: /fr/Rhume-grippe-voie-respiratoire-c57/Clef-des-champs-b26/Meditrina-b68/Nature-Clean-b72/New-roots-b74/brand.Url vs /fr/Rhume-grippe-voie-respiratoire-c57/Clef-des-champs-b26/Meditrina-b68/Nature-Clean-b72/New-roots-b74. Lang:fr
11:29:38 Listing url is not the same: /fr/Sante-des-enfants-c108/A-Vogel-b54/Clef-des-champs-b26/Leo-Desilet-b66/urlBilingual vs /fr/Sante-des-enfants-c108/A-Vogel-b54/Clef-des-champs-b26/Leo-Desilet-b66. Lang:fr
11:29:44 Listing url is not the same: /fr/Sante-des-enfants-c108/Boiron-b61/Kyolic-b115/b.Url vs /fr/Sante-des-enfants-c108/Boiron-b61/Kyolic-b115. Lang:fr
11:29:53 Listing url is not the same: /fr/Sante-des-femmes-c100/Clef-des-champs-b26/Flora-b123/Natural-Factors-b71/b.Url vs /fr/Sante-des-femmes-c100/Clef-des-champs-b26/Flora-b123/Natural-Factors-b71. Lang:fr
11:29:56 Listing url is not the same: /fr/Sante-des-femmes-c100/Clef-des-champs-b26/Le-Tournesol-ANB-b64/Merveilles-d-Abeilles-b69/Natural-Factors-b71/b.Url vs /fr/Sante-des-femmes-c100/Clef-des-champs-b26/Le-Tournesol-ANB-b64/Merveilles-d-Abeilles-b69/Natural-Factors-b71. Lang:fr
11:30:00 Listing url is not the same: /fr/Systeme-immunitaire-c93/A-Vogel-b54/Le-Tournesol-ANB-b64/New-roots-b74/brand.Url vs /fr/Systeme-immunitaire-c93/A-Vogel-b54/Le-Tournesol-ANB-b64/New-roots-b74. Lang:fr
11:30:02 Listing url is not the same: /fr/Systeme-immunitaire-c93/Boiron-b61/Leo-Desilet-b66/b.Url vs /fr/Systeme-immunitaire-c93/Boiron-b61/Leo-Desilet-b66. Lang:fr
11:30:04 Listing url is not the same: /fr/Tisane-c24/Clef-des-champs-b26/Meditrina-b68/promotion.Url vs /fr/Tisane-c24/Clef-des-champs-b26/Meditrina-b68. Lang:fr
12:21:57 Listing url is not the same: /fr/Allergies-c55/Clef-des-champs-b26/Meditrina-b68/Natural-Factors-b71/New-roots-b74/subcat.Url vs /fr/Allergies-c55/Clef-des-champs-b26/Meditrina-b68/Natural-Factors-b71/New-roots-b74. Lang:fr
12:22:04 Listing url is not the same: /fr/Fatigue-c99/A-Vogel-b54/Bach-b137/Boiron-b61/Clef-des-champs-b26/cat.Url vs /fr/Fatigue-c99/A-Vogel-b54/Bach-b137/Boiron-b61/Clef-des-champs-b26. Lang:fr
12:22:06 Listing url is not the same: /fr/Inflammation-c98/Boiron-b61/Druide-b63/Natural-Factors-b71/New-roots-b74/urlBilingual vs /fr/Inflammation-c98/Boiron-b61/Druide-b63/Natural-Factors-b71/New-roots-b74. Lang:fr
12:22:12 Listing url is not the same: /fr/Sante-des-femmes-c100/A-Vogel-b54/Bach-b137/Boiron-b61/Clef-des-champs-b26/subcat.Url vs /fr/Sante-des-femmes-c100/A-Vogel-b54/Bach-b137/Boiron-b61/Clef-des-champs-b26. Lang:fr
12:22:13 Listing url is not the same: /fr/Sommeil-c88/A-Vogel-b54/Druide-b63/Flora-b123/b.Url vs /fr/Sommeil-c88/A-Vogel-b54/Druide-b63/Flora-b123. Lang:fr
12:26:15 Listing url is not the same: /fr/Allergies-c55/Bach-b137/Natural-Factors-b71/p.UrlBrand vs /fr/Allergies-c55/Bach-b137/Natural-Factors-b71. Lang:fr
12:26:19 Listing url is not the same: /fr/Concentration-memoire-migraine-c56/A-Vogel-b54/Anokian-b58/Clef-des-champs-b26/Nature-Clean-b72/b.Url vs /fr/Concentration-memoire-migraine-c56/A-Vogel-b54/Anokian-b58/Clef-des-champs-b26/Nature-Clean-b72. Lang:fr
12:26:21 Listing url is not the same: /fr/Concentration-memoire-migraine-c56/A-Vogel-b54/Bach-b137/Boiron-b61/Clef-des-champs-b26/urlBilingual vs /fr/Concentration-memoire-migraine-c56/A-Vogel-b54/Bach-b137/Boiron-b61/Clef-des-champs-b26. Lang:fr
12:26:22 Listing url is not the same: /fr/Rhume-grippe-voie-respiratoire-c57/Clef-des-champs-b26/Natural-Factors-b71/Nature-Clean-b72/New-roots-b74/promotion.Url vs /fr/Rhume-grippe-voie-respiratoire-c57/Clef-des-champs-b26/Natural-Factors-b71/Nature-Clean-b72/New-roots-b74. Lang:fr
12:26:29 Listing url is not the same: /fr/Sante-des-femmes-c100/Clef-des-champs-b26/Flora-b123/Natural-Factors-b71/subcat.Url vs /fr/Sante-des-femmes-c100/Clef-des-champs-b26/Flora-b123/Natural-Factors-b71. Lang:fr
12:26:32 Listing url is not the same: /fr/Stress-c97/Leo-Desilet-b66/Natural-Factors-b71/p.UrlBrand vs /fr/Stress-c97/Leo-Desilet-b66/Natural-Factors-b71. Lang:fr
12:26:35 Listing url is not the same: /fr/Systeme-immunitaire-c93/Merveilles-d-Abeilles-b69/Natural-Factors-b71/New-roots-b74/p.Url vs /fr/Systeme-immunitaire-c93/Merveilles-d-Abeilles-b69/Natural-Factors-b71/New-roots-b74. Lang:fr
13:17:27 Listing url is not the same: /fr/Inflammation-c98/Boiron-b61/Druide-b63/Natural-Factors-b71/New-roots-b74/subcat.Url vs /fr/Inflammation-c98/Boiron-b61/Druide-b63/Natural-Factors-b71/New-roots-b74. Lang:fr
13:17:29 Listing url is not the same: /fr/Nettoyage-c73/Clef-des-champs-b26/Meditrina-b68/Nature-Clean-b72/New-roots-b74/b.Url vs /fr/Nettoyage-c73/Clef-des-champs-b26/Meditrina-b68/Nature-Clean-b72/New-roots-b74. Lang:fr
13:17:31 Listing url is not the same: /fr/Nettoyage-c73/Clef-des-champs-b26/Meditrina-b68/Nature-Clean-b72/New-roots-b74/subcat.Url vs /fr/Nettoyage-c73/Clef-des-champs-b26/Meditrina-b68/Nature-Clean-b72/New-roots-b74. Lang:fr
13:17:33 Listing url is not the same: /fr/Sante-des-enfants-c108/A-Vogel-b54/Clef-des-champs-b26/Druide-b63/Natural-Factors-b71/Nature-Clean-b72/p.UrlBrand vs /fr/Sante-des-enfants-c108/A-Vogel-b54/Clef-des-champs-b26/Druide-b63/Natural-Factors-b71/Nature-Clean-b72. Lang:fr
13:17:34 Listing url is not the same: /fr/Sante-des-enfants-c108/Boiron-b61/Meditrina-b68/Natural-Factors-b71/New-roots-b74/p.Url vs /fr/Sante-des-enfants-c108/Boiron-b61/Meditrina-b68/Natural-Factors-b71/New-roots-b74. Lang:fr
13:22:04 Listing url is not the same: /fr/Concentration-memoire-migraine-c56/Clef-des-champs-b26/Meditrina-b68/Nature-Clean-b72/New-roots-b74/subcat.Url vs /fr/Concentration-memoire-migraine-c56/Clef-des-champs-b26/Meditrina-b68/Nature-Clean-b72/New-roots-b74. Lang:fr
13:22:05 Listing url is not the same: /fr/Sante-des-enfants-c108/A-Vogel-b54/Clef-des-champs-b26/Nature-Clean-b72/New-roots-b74/promotion.Url vs /fr/Sante-des-enfants-c108/A-Vogel-b54/Clef-des-champs-b26/Nature-Clean-b72/New-roots-b74. Lang:fr
13:22:07 Listing url is not the same: /fr/Sante-des-enfants-c108/Boiron-b61/Merveilles-d-Abeilles-b69/New-roots-b74/promotion.Url vs /fr/Sante-des-enfants-c108/Boiron-b61/Merveilles-d-Abeilles-b69/New-roots-b74. Lang:fr
13:22:11 Listing url is not the same: /fr/Sommeil-c88/Anokian-b58/Le-Tournesol-ANB-b64/Natural-Factors-b71/addressLink vs /fr/Sommeil-c88/Anokian-b58/Le-Tournesol-ANB-b64/Natural-Factors-b71. Lang:fr
13:22:18 Listing url is not the same: /fr/Stress-c97/Boiron-b61/Medelys-b128/p.Url vs /fr/Stress-c97/Boiron-b61/Medelys-b128. Lang:fr
13:22:25 Listing url is not the same: /fr/Stress-c97/Leo-Desilet-b66/Natural-Factors-b71/cat.Url vs /fr/Stress-c97/Leo-Desilet-b66/Natural-Factors-b71. Lang:fr
13:22:39 Listing url is not the same: /fr/Systeme-immunitaire-c93/Clef-des-champs-b26/Merveilles-d-Abeilles-b69/Natural-Factors-b71/New-roots-b74/subcat.Url vs /fr/Systeme-immunitaire-c93/Clef-des-champs-b26/Merveilles-d-Abeilles-b69/Natural-Factors-b71/New-roots-b74. Lang:fr
15:25:56 Listing url is not the same: /fr/Inflammation-c98/A-Vogel-b54/Boiron-b61/Druide-b63/Natural-Factors-b71/cat.Url vs /fr/Inflammation-c98/A-Vogel-b54/Boiron-b61/Druide-b63/Natural-Factors-b71. Lang:fr
19:02:21 Listing url is not the same: /fr/Cosmetique-parfum-et-deodorant-c60/Clef-des-champs-b26/Druide-b63/Meditrina-b68/New-roots-b74/subcat.Url vs /fr/Cosmetique-parfum-et-deodorant-c60/Clef-des-champs-b26/Druide-b63/Meditrina-b68/New-roots-b74. Lang:fr
19:54:51 Listing url is not the same: /fr/Concentration-memoire-migraine-c56/p.Url vs /fr/Concentration-memoire-migraine-c56. Lang:fr
21:48:39 Listing url is not the same: /fr/Concentration-memoire-migraine-c56/promotion.Url vs /fr/Concentration-memoire-migraine-c56. Lang:fr
