00:26:42 Listing url is not the same: /fr/Detox-Digestion-c87/A-Vogel-b54/Anokian-b58/Boiron-b61/Clef-des-champs-b26/brand.Url vs /fr/Detox-Digestion-c87/A-Vogel-b54/Anokian-b58/Boiron-b61/Clef-des-champs-b26. Lang:fr
00:27:53 Listing url is not the same: /fr/Sante-des-enfants-c108/Clef-des-champs-b26/Salus-b126/cat.Url vs /fr/Sante-des-enfants-c108/Clef-des-champs-b26/Salus-b126. Lang:fr
00:27:57 Listing url is not the same: /fr/Stress-c97/Clef-des-champs-b26/Numi-tea-b124/b.Url vs /fr/Stress-c97/Clef-des-champs-b26/Numi-tea-b124. Lang:fr
00:30:53 Listing url is not the same: /fr/Antioxydants-c62/A-Vogel-b54/Anokian-b58/Boiron-b61/Clef-des-champs-b26/addressLink vs /fr/Antioxydants-c62/A-Vogel-b54/Anokian-b58/Boiron-b61/Clef-des-champs-b26. Lang:fr
00:30:59 Listing url is not the same: /fr/Antioxydants-c62/Boiron-b61/Clef-des-champs-b26/Natural-Factors-b71/New-roots-b74/p.Url vs /fr/Antioxydants-c62/Boiron-b61/Clef-des-champs-b26/Natural-Factors-b71/New-roots-b74. Lang:fr
00:31:05 Listing url is not the same: /fr/Coeur-et-sante-generale-c106/Clef-des-champs-b26/Meditrina-b68/Natural-Factors-b71/New-roots-b74/p.Url vs /fr/Coeur-et-sante-generale-c106/Clef-des-champs-b26/Meditrina-b68/Natural-Factors-b71/New-roots-b74. Lang:fr
00:31:10 Listing url is not the same: /fr/Detox-Digestion-c87/A-Vogel-b54/Bach-b137/Druide-b63/p.Url vs /fr/Detox-Digestion-c87/A-Vogel-b54/Bach-b137/Druide-b63. Lang:fr
00:31:14 Listing url is not the same: /fr/Detox-Digestion-c87/A-Vogel-b54/Clef-des-champs-b26/Merveilles-d-Abeilles-b69/New-roots-b74/p.UrlBrand vs /fr/Detox-Digestion-c87/A-Vogel-b54/Clef-des-champs-b26/Merveilles-d-Abeilles-b69/New-roots-b74. Lang:fr
00:31:19 Listing url is not the same: /fr/Detox-Digestion-c87/Clef-des-champs-b26/Druide-b63/Natural-Factors-b71/New-roots-b74/b.Url vs /fr/Detox-Digestion-c87/Clef-des-champs-b26/Druide-b63/Natural-Factors-b71/New-roots-b74. Lang:fr
00:31:22 Listing url is not the same: /fr/Detox-Digestion-c87/Clef-des-champs-b26/Druide-b63/Natural-Factors-b71/New-roots-b74/brand.Url vs /fr/Detox-Digestion-c87/Clef-des-champs-b26/Druide-b63/Natural-Factors-b71/New-roots-b74. Lang:fr
00:31:25 Listing url is not the same: /fr/Fatigue-c99/A-Vogel-b54/Clef-des-champs-b26/Flora-b123/addressLink vs /fr/Fatigue-c99/A-Vogel-b54/Clef-des-champs-b26/Flora-b123. Lang:fr
00:31:34 Listing url is not the same: /fr/Inflammation-c98/A-Vogel-b54/Bach-b137/Boiron-b61/cat.Url vs /fr/Inflammation-c98/A-Vogel-b54/Bach-b137/Boiron-b61. Lang:fr
00:31:43 Listing url is not the same: /fr/Inflammation-c98/A-Vogel-b54/Nature-Clean-b72/New-roots-b74/p.Url vs /fr/Inflammation-c98/A-Vogel-b54/Nature-Clean-b72/New-roots-b74. Lang:fr
00:31:46 Listing url is not the same: /fr/Inflammation-c98/Boiron-b61/Clef-des-champs-b26/Flora-b123/brand.Url vs /fr/Inflammation-c98/Boiron-b61/Clef-des-champs-b26/Flora-b123. Lang:fr
00:31:49 Listing url is not the same: /fr/Rhume-grippe-voie-respiratoire-c57/A-Vogel-b54/Bach-b137/Druide-b63/cat.Url vs /fr/Rhume-grippe-voie-respiratoire-c57/A-Vogel-b54/Bach-b137/Druide-b63. Lang:fr
00:31:52 Listing url is not the same: /fr/Rhume-grippe-voie-respiratoire-c57/Boiron-b61/Clef-des-champs-b26/Druide-b63/New-roots-b74/p.UrlBrand vs /fr/Rhume-grippe-voie-respiratoire-c57/Boiron-b61/Clef-des-champs-b26/Druide-b63/New-roots-b74. Lang:fr
00:31:58 Listing url is not the same: /fr/Stress-c97/Bach-b137/New-roots-b74/p.Url vs /fr/Stress-c97/Bach-b137/New-roots-b74. Lang:fr
01:22:59 Listing url is not the same: /fr/Sante-des-femmes-c100/A-Vogel-b54/Boiron-b61/New-roots-b74/promotion.Url vs /fr/Sante-des-femmes-c100/A-Vogel-b54/Boiron-b61/New-roots-b74. Lang:fr
01:23:58 Listing url is not the same: /fr/Detox-Digestion-c87/A-Vogel-b54/Bach-b137/Boiron-b61/brand.Url vs /fr/Detox-Digestion-c87/A-Vogel-b54/Bach-b137/Boiron-b61. Lang:fr
01:24:42 Listing url is not the same: /fr/Sommeil-c88/A-Vogel-b54/Clef-des-champs-b26/Leo-Desilet-b66/cat.Url vs /fr/Sommeil-c88/A-Vogel-b54/Clef-des-champs-b26/Leo-Desilet-b66. Lang:fr
01:25:49 Listing url is not the same: /fr/Coeur-et-sante-generale-c106/A-Vogel-b54/Merveilles-d-Abeilles-b69/Natural-Factors-b71/brand.Url vs /fr/Coeur-et-sante-generale-c106/A-Vogel-b54/Merveilles-d-Abeilles-b69/Natural-Factors-b71. Lang:fr
01:26:03 Listing url is not the same: /fr/Coeur-et-sante-generale-c106/Meditrina-b68/Natural-Factors-b71/Nature-Clean-b72/promotion.Url vs /fr/Coeur-et-sante-generale-c106/Meditrina-b68/Natural-Factors-b71/Nature-Clean-b72. Lang:fr
01:26:55 Listing url is not the same: /fr/Homeopathie-c12/Boiron-b61/Natural-Factors-b71/Nature-Clean-b72/addressLink vs /fr/Homeopathie-c12/Boiron-b61/Natural-Factors-b71/Nature-Clean-b72. Lang:fr
01:28:50 Listing url is not the same: /fr/Allergies-c55/Boiron-b61/Nature-Clean-b72/New-roots-b74/urlBilingual vs /fr/Allergies-c55/Boiron-b61/Nature-Clean-b72/New-roots-b74. Lang:fr
01:28:56 Listing url is not the same: /fr/Antioxydants-c62/A-Vogel-b54/Anokian-b58/Clef-des-champs-b26/Nature-Clean-b72/promotion.Url vs /fr/Antioxydants-c62/A-Vogel-b54/Anokian-b58/Clef-des-champs-b26/Nature-Clean-b72. Lang:fr
01:29:05 Listing url is not the same: /fr/Antioxydants-c62/Boiron-b61/Clef-des-champs-b26/Natural-Factors-b71/New-roots-b74/brand.Url vs /fr/Antioxydants-c62/Boiron-b61/Clef-des-champs-b26/Natural-Factors-b71/New-roots-b74. Lang:fr
01:29:12 Listing url is not the same: /fr/Antioxydants-c62/Clef-des-champs-b26/Natural-Factors-b71/Nature-Clean-b72/New-roots-b74/promotion.Url vs /fr/Antioxydants-c62/Clef-des-champs-b26/Natural-Factors-b71/Nature-Clean-b72/New-roots-b74. Lang:fr
01:29:19 Listing url is not the same: /fr/Concentration-memoire-migraine-c56/Clef-des-champs-b26/Meditrina-b68/Merveilles-d-Abeilles-b69/Natural-Factors-b71/Nature-Clean-b72/addressLink vs /fr/Concentration-memoire-migraine-c56/Clef-des-champs-b26/Meditrina-b68/Merveilles-d-Abeilles-b69/Natural-Factors-b71/Nature-Clean-b72. Lang:fr
01:29:26 Listing url is not the same: /fr/Detox-Digestion-c87/A-Vogel-b54/Clef-des-champs-b26/Flora-b123/Natural-Factors-b71/addressLink vs /fr/Detox-Digestion-c87/A-Vogel-b54/Clef-des-champs-b26/Flora-b123/Natural-Factors-b71. Lang:fr
01:29:31 Listing url is not the same: /fr/Inflammation-c98/Clef-des-champs-b26/Natural-Factors-b71/Nature-Clean-b72/New-roots-b74/promotion.Url vs /fr/Inflammation-c98/Clef-des-champs-b26/Natural-Factors-b71/Nature-Clean-b72/New-roots-b74. Lang:fr
01:29:36 Listing url is not the same: /fr/Rhume-grippe-voie-respiratoire-c57/Boiron-b61/Clef-des-champs-b26/Natural-Factors-b71/New-roots-b74/subcat.Url vs /fr/Rhume-grippe-voie-respiratoire-c57/Boiron-b61/Clef-des-champs-b26/Natural-Factors-b71/New-roots-b74. Lang:fr
01:29:55 Listing url is not the same: /fr/Systeme-immunitaire-c93/A-Vogel-b54/Bach-b137/Druide-b63/brand.Url vs /fr/Systeme-immunitaire-c93/A-Vogel-b54/Bach-b137/Druide-b63. Lang:fr
01:30:00 Listing url is not the same: /fr/soin-du-corps-c86/Druide-b63/Meditrina-b68/New-roots-b74/p.UrlBrand vs /fr/Soin-du-corps-c86/Druide-b63/Meditrina-b68/New-roots-b74. Lang:fr
01:30:04 Listing url is not the same: /fr/soin-du-corps-c86/Druide-b63/Nature-Clean-b72/New-roots-b74/addressLink vs /fr/Soin-du-corps-c86/Druide-b63/Nature-Clean-b72/New-roots-b74. Lang:fr
01:32:53 Listing url is not the same: /fr/Allergies-c55/A-Vogel-b54/Bach-b137/Clef-des-champs-b26/Druide-b63/urlBilingual vs /fr/Allergies-c55/A-Vogel-b54/Bach-b137/Clef-des-champs-b26/Druide-b63. Lang:fr
01:32:59 Listing url is not the same: /fr/Coeur-et-sante-generale-c106/Bach-b137/Natural-Factors-b71/subcat.Url vs /fr/Coeur-et-sante-generale-c106/Bach-b137/Natural-Factors-b71. Lang:fr
01:33:06 Listing url is not the same: /fr/Huiles-magiques-de-wicca-c65/Clef-des-champs-b26/Le-Tournesol-ANB-b64/Medelys-b128/subcat.Url vs /fr/Huiles-magiques-de-wicca-c65/Clef-des-champs-b26/Le-Tournesol-ANB-b64/Medelys-b128. Lang:fr
02:22:43 Listing url is not the same: /fr/Antioxydants-c62/Clef-des-champs-b26/Numi-tea-b124/b.Url vs /fr/Antioxydants-c62/Clef-des-champs-b26/Numi-tea-b124. Lang:fr
02:25:15 Listing url is not the same: /fr/Detox-Digestion-c87/Medelys-b128/p.UrlBrand vs /fr/Detox-Digestion-c87/Medelys-b128. Lang:fr
02:26:45 Listing url is not the same: /fr/Homeopathie-c12/A-Vogel-b54/Bach-b137/Druide-b63/subcat.Url vs /fr/Homeopathie-c12/A-Vogel-b54/Bach-b137/Druide-b63. Lang:fr
02:29:18 Listing url is not the same: /fr/Fatigue-c99/Clef-des-champs-b26/Kyolic-b115/subcat.Url vs /fr/Fatigue-c99/Clef-des-champs-b26/Kyolic-b115. Lang:fr
02:29:20 Listing url is not the same: /fr/Sommeil-c88/A-Vogel-b54/Boiron-b61/Clef-des-champs-b26/Flora-b123/promotion.Url vs /fr/Sommeil-c88/A-Vogel-b54/Boiron-b61/Clef-des-champs-b26/Flora-b123. Lang:fr
02:29:25 Listing url is not the same: /fr/Systeme-immunitaire-c93/Clef-des-champs-b26/Healthology-b116/p.UrlBrand vs /fr/Systeme-immunitaire-c93/Clef-des-champs-b26/Healthology-b116. Lang:fr
03:43:13 Listing url is not the same: /fr/Sommeil-c88/Druide-b63/Natural-Factors-b71/New-roots-b74/p.UrlBrand vs /fr/Sommeil-c88/Druide-b63/Natural-Factors-b71/New-roots-b74. Lang:fr
03:43:52 Listing url is not the same: /fr/Sante-des-enfants-c108/Clef-des-champs-b26/Salus-b126/brand.Url vs /fr/Sante-des-enfants-c108/Clef-des-champs-b26/Salus-b126. Lang:fr
03:45:57 Listing url is not the same: /fr/Antioxydants-c62/A-Vogel-b54/Clef-des-champs-b26/Meditrina-b68/New-roots-b74/p.Url vs /fr/Antioxydants-c62/A-Vogel-b54/Clef-des-champs-b26/Meditrina-b68/New-roots-b74. Lang:fr
03:46:11 Listing url is not the same: /fr/Detox-Digestion-c87/A-Vogel-b54/Clef-des-champs-b26/Flora-b123/Natural-Factors-b71/urlBilingual vs /fr/Detox-Digestion-c87/A-Vogel-b54/Clef-des-champs-b26/Flora-b123/Natural-Factors-b71. Lang:fr
03:46:25 Listing url is not the same: /fr/Sante-des-enfants-c108/A-Vogel-b54/Druide-b63/Flora-b123/p.Url vs /fr/Sante-des-enfants-c108/A-Vogel-b54/Druide-b63/Flora-b123. Lang:fr
03:46:39 Listing url is not the same: /fr/Sante-des-enfants-c108/Clef-des-champs-b26/Organic-traditions-b127/addressLink vs /fr/Sante-des-enfants-c108/Clef-des-champs-b26/Organic-traditions-b127. Lang:fr
03:47:04 Listing url is not the same: /fr/Sommeil-c88/Clef-des-champs-b26/Le-Tournesol-ANB-b64/Merveilles-d-Abeilles-b69/Nature-Clean-b72/subcat.Url vs /fr/Sommeil-c88/Clef-des-champs-b26/Le-Tournesol-ANB-b64/Merveilles-d-Abeilles-b69/Nature-Clean-b72. Lang:fr
03:47:35 Listing url is not the same: /fr/Stress-c97/Clef-des-champs-b26/Merveilles-d-Abeilles-b69/Natural-Factors-b71/New-roots-b74/cat.Url vs /fr/Stress-c97/Clef-des-champs-b26/Merveilles-d-Abeilles-b69/Natural-Factors-b71/New-roots-b74. Lang:fr
03:48:05 Listing url is not the same: /fr/Systeme-immunitaire-c93/A-Vogel-b54/Bach-b137/Druide-b63/addressLink vs /fr/Systeme-immunitaire-c93/A-Vogel-b54/Bach-b137/Druide-b63. Lang:fr
04:41:37 Listing url is not the same: /fr/Concentration-memoire-migraine-c56/Clef-des-champs-b26/Medelys-b128/addressLink vs /fr/Concentration-memoire-migraine-c56/Clef-des-champs-b26/Medelys-b128. Lang:fr
04:43:19 Listing url is not the same: /fr/Homeopathie-c12/A-Vogel-b54/Le-Tournesol-ANB-b64/Natural-Factors-b71/promotion.Url vs /fr/Homeopathie-c12/A-Vogel-b54/Le-Tournesol-ANB-b64/Natural-Factors-b71. Lang:fr
04:45:02 Listing url is not the same: /fr/Sommeil-c88/A-Vogel-b54/Clef-des-champs-b26/Leo-Desilet-b66/brand.Url vs /fr/Sommeil-c88/A-Vogel-b54/Clef-des-champs-b26/Leo-Desilet-b66. Lang:fr
04:46:02 Listing url is not the same: /fr/Sommeil-c88/Clef-des-champs-b26/Healthology-b116/subcat.Url vs /fr/Sommeil-c88/Clef-des-champs-b26/Healthology-b116. Lang:fr
04:47:21 Listing url is not the same: /fr/Cosmetique-parfum-et-deodorant-c60/A-Vogel-b54/Bach-b137/Druide-b63/cat.Url vs /fr/Cosmetique-parfum-et-deodorant-c60/A-Vogel-b54/Bach-b137/Druide-b63. Lang:fr
04:47:45 Listing url is not the same: /fr/Fatigue-c99/A-Vogel-b54/Clef-des-champs-b26/Flora-b123/b.Url vs /fr/Fatigue-c99/A-Vogel-b54/Clef-des-champs-b26/Flora-b123. Lang:fr
04:48:09 Listing url is not the same: /fr/Sante-des-enfants-c108/A-Vogel-b54/Bach-b137/Boiron-b61/Clef-des-champs-b26/b.Url vs /fr/Sante-des-enfants-c108/A-Vogel-b54/Bach-b137/Boiron-b61/Clef-des-champs-b26. Lang:fr
04:48:32 Listing url is not the same: /fr/Sommeil-c88/Clef-des-champs-b26/Meditrina-b68/Natural-Factors-b71/New-roots-b74/addressLink vs /fr/Sommeil-c88/Clef-des-champs-b26/Meditrina-b68/Natural-Factors-b71/New-roots-b74. Lang:fr
04:48:53 Listing url is not the same: /fr/Stress-c97/Clef-des-champs-b26/Druide-b63/Meditrina-b68/New-roots-b74/urlBilingual vs /fr/Stress-c97/Clef-des-champs-b26/Druide-b63/Meditrina-b68/New-roots-b74. Lang:fr
04:49:13 Listing url is not the same: /fr/Antioxydants-c62/Clef-des-champs-b26/Salus-b126/p.UrlBrand vs /fr/Antioxydants-c62/Clef-des-champs-b26/Salus-b126. Lang:fr
04:49:33 Listing url is not the same: /fr/Concentration-memoire-migraine-c56/Boiron-b61/Clef-des-champs-b26/Leo-Desilet-b66/b.Url vs /fr/Concentration-memoire-migraine-c56/Boiron-b61/Clef-des-champs-b26/Leo-Desilet-b66. Lang:fr
05:30:41 Listing url is not the same: /fr/Detox-Digestion-c87/Medelys-b128/p.Url vs /fr/Detox-Digestion-c87/Medelys-b128. Lang:fr
05:30:49 Listing url is not the same: /fr/Inflammation-c98/Boiron-b61/Natural-Factors-b71/Nature-Clean-b72/urlBilingual vs /fr/Inflammation-c98/Boiron-b61/Natural-Factors-b71/Nature-Clean-b72. Lang:fr
05:31:58 Listing url is not the same: /fr/Concentration-memoire-migraine-c56/A-Vogel-b54/Anokian-b58/Clef-des-champs-b26/Nature-Clean-b72/p.UrlBrand vs /fr/Concentration-memoire-migraine-c56/A-Vogel-b54/Anokian-b58/Clef-des-champs-b26/Nature-Clean-b72. Lang:fr
05:32:03 Listing url is not the same: /fr/Detox-Digestion-c87/A-Vogel-b54/Bach-b137/Druide-b63/p.UrlBrand vs /fr/Detox-Digestion-c87/A-Vogel-b54/Bach-b137/Druide-b63. Lang:fr
05:32:07 Listing url is not the same: /fr/Homeopathie-c12/A-Vogel-b54/Clef-des-champs-b26/Natural-Factors-b71/New-roots-b74/p.UrlBrand vs /fr/Homeopathie-c12/A-Vogel-b54/Clef-des-champs-b26/Natural-Factors-b71/New-roots-b74. Lang:fr
05:32:11 Listing url is not the same: /fr/Homeopathie-c12/Clef-des-champs-b26/Druide-b63/Natural-Factors-b71/New-roots-b74/addressLink vs /fr/Homeopathie-c12/Clef-des-champs-b26/Druide-b63/Natural-Factors-b71/New-roots-b74. Lang:fr
05:32:19 Listing url is not the same: /fr/Inflammation-c98/Clef-des-champs-b26/Druide-b63/Natural-Factors-b71/New-roots-b74/cat.Url vs /fr/Inflammation-c98/Clef-des-champs-b26/Druide-b63/Natural-Factors-b71/New-roots-b74. Lang:fr
05:32:22 Listing url is not the same: /fr/Rhume-grippe-voie-respiratoire-c57/A-Vogel-b54/Anokian-b58/Boiron-b61/Clef-des-champs-b26/brand.Url vs /fr/Rhume-grippe-voie-respiratoire-c57/A-Vogel-b54/Anokian-b58/Boiron-b61/Clef-des-champs-b26. Lang:fr
05:32:23 Listing url is not the same: /fr/Sante-des-enfants-c108/A-Vogel-b54/Bach-b137/Druide-b63/subcat.Url vs /fr/Sante-des-enfants-c108/A-Vogel-b54/Bach-b137/Druide-b63. Lang:fr
05:32:28 Listing url is not the same: /fr/Sommeil-c88/Boiron-b61/Druide-b63/Natural-Factors-b71/New-roots-b74/promotion.Url vs /fr/Sommeil-c88/Boiron-b61/Druide-b63/Natural-Factors-b71/New-roots-b74. Lang:fr
05:32:30 Listing url is not the same: /fr/Stress-c97/A-Vogel-b54/Clef-des-champs-b26/Flora-b123/urlBilingual vs /fr/Stress-c97/A-Vogel-b54/Clef-des-champs-b26/Flora-b123. Lang:fr
05:32:32 Listing url is not the same: /fr/Stress-c97/Clef-des-champs-b26/Druide-b63/Meditrina-b68/New-roots-b74/cat.Url vs /fr/Stress-c97/Clef-des-champs-b26/Druide-b63/Meditrina-b68/New-roots-b74. Lang:fr
06:20:18 Listing url is not the same: /fr/Concentration-memoire-migraine-c56/Clef-des-champs-b26/Druide-b63/Natural-Factors-b71/New-roots-b74/urlBilingual vs /fr/Concentration-memoire-migraine-c56/Clef-des-champs-b26/Druide-b63/Natural-Factors-b71/New-roots-b74. Lang:fr
06:20:42 Listing url is not the same: /fr/Cosmetique-parfum-et-deodorant-c60/Clef-des-champs-b26/Druide-b63/Meditrina-b68/New-roots-b74/p.UrlBrand vs /fr/Cosmetique-parfum-et-deodorant-c60/Clef-des-champs-b26/Druide-b63/Meditrina-b68/New-roots-b74. Lang:fr
06:21:06 Listing url is not the same: /fr/Homeopathie-c12/A-Vogel-b54/Bach-b137/Druide-b63/urlBilingual vs /fr/Homeopathie-c12/A-Vogel-b54/Bach-b137/Druide-b63. Lang:fr
06:21:28 Listing url is not the same: /fr/Homeopathie-c12/A-Vogel-b54/Clef-des-champs-b26/Flora-b123/b.Url vs /fr/Homeopathie-c12/A-Vogel-b54/Clef-des-champs-b26/Flora-b123. Lang:fr
06:22:29 Listing url is not the same: /fr/Sante-des-femmes-c100/A-Vogel-b54/Anokian-b58/Boiron-b61/Clef-des-champs-b26/subcat.Url vs /fr/Sante-des-femmes-c100/A-Vogel-b54/Anokian-b58/Boiron-b61/Clef-des-champs-b26. Lang:fr
06:23:13 Listing url is not the same: /fr/Sommeil-c88/A-Vogel-b54/Flora-b123/Natural-Factors-b71/brand.Url vs /fr/Sommeil-c88/A-Vogel-b54/Flora-b123/Natural-Factors-b71. Lang:fr
06:23:29 Listing url is not the same: /fr/Sommeil-c88/Boiron-b61/Clef-des-champs-b26/Flora-b123/p.UrlBrand vs /fr/Sommeil-c88/Boiron-b61/Clef-des-champs-b26/Flora-b123. Lang:fr
06:23:44 Listing url is not the same: /fr/Sommeil-c88/Boiron-b61/Druide-b63/Natural-Factors-b71/New-roots-b74/p.Url vs /fr/Sommeil-c88/Boiron-b61/Druide-b63/Natural-Factors-b71/New-roots-b74. Lang:fr
06:23:58 Listing url is not the same: /fr/Stress-c97/A-Vogel-b54/Clef-des-champs-b26/Leo-Desilet-b66/addressLink vs /fr/Stress-c97/A-Vogel-b54/Clef-des-champs-b26/Leo-Desilet-b66. Lang:fr
06:24:12 Listing url is not the same: /fr/Stress-c97/A-Vogel-b54/Clef-des-champs-b26/Leo-Desilet-b66/cat.Url vs /fr/Stress-c97/A-Vogel-b54/Clef-des-champs-b26/Leo-Desilet-b66. Lang:fr
06:24:24 Listing url is not the same: /fr/Stress-c97/Boiron-b61/Druide-b63/Natural-Factors-b71/New-roots-b74/addressLink vs /fr/Stress-c97/Boiron-b61/Druide-b63/Natural-Factors-b71/New-roots-b74. Lang:fr
06:24:35 Listing url is not the same: /fr/Stress-c97/Clef-des-champs-b26/Druide-b63/Meditrina-b68/New-roots-b74/addressLink vs /fr/Stress-c97/Clef-des-champs-b26/Druide-b63/Meditrina-b68/New-roots-b74. Lang:fr
06:24:46 Listing url is not the same: /fr/soin-du-corps-c86/Boiron-b61/Meditrina-b68/New-roots-b74/b.Url vs /fr/Soin-du-corps-c86/Boiron-b61/Meditrina-b68/New-roots-b74. Lang:fr
06:24:55 Listing url is not the same: /fr/Sante-des-femmes-c100/Clef-des-champs-b26/Druide-b63/Le-Tournesol-ANB-b64/Meditrina-b68/Natural-Factors-b71/b.Url vs /fr/Sante-des-femmes-c100/Clef-des-champs-b26/Druide-b63/Le-Tournesol-ANB-b64/Meditrina-b68/Natural-Factors-b71. Lang:fr
06:59:23 Listing url is not the same: /fr/Fatigue-c99/A-Vogel-b54/Anokian-b58/Boiron-b61/Clef-des-champs-b26/addressLink vs /fr/Fatigue-c99/A-Vogel-b54/Anokian-b58/Boiron-b61/Clef-des-champs-b26. Lang:fr
07:00:13 Listing url is not the same: /fr/Inflammation-c98/A-Vogel-b54/Bach-b137/Druide-b63/cat.Url vs /fr/Inflammation-c98/A-Vogel-b54/Bach-b137/Druide-b63. Lang:fr
07:01:03 Listing url is not the same: /fr/Stress-c97/Druide-b63/Le-Tournesol-ANB-b64/Meditrina-b68/Natural-Factors-b71/subcat.Url vs /fr/Stress-c97/Druide-b63/Le-Tournesol-ANB-b64/Meditrina-b68/Natural-Factors-b71. Lang:fr
07:01:27 Listing url is not the same: /fr/Systeme-immunitaire-c93/Anokian-b58/Natural-Factors-b71/New-roots-b74/b.Url vs /fr/Systeme-immunitaire-c93/Anokian-b58/Natural-Factors-b71/New-roots-b74. Lang:fr
07:01:49 Listing url is not the same: /fr/Allergies-c55/Druide-b63/Joy-Of-the-Mountain-b119/subcat.Url vs /fr/Allergies-c55/Druide-b63/Joy-Of-the-Mountain-b119. Lang:fr
07:02:11 Listing url is not the same: /fr/Antioxydants-c62/Bach-b137/Natural-Factors-b71/p.UrlBrand vs /fr/Antioxydants-c62/Bach-b137/Natural-Factors-b71. Lang:fr
07:02:53 Listing url is not the same: /fr/Detox-Digestion-c87/A-Vogel-b54/Healthology-b116/p.UrlBrand vs /fr/Detox-Digestion-c87/A-Vogel-b54/Healthology-b116. Lang:fr
07:03:11 Listing url is not the same: /fr/Fatigue-c99/A-Vogel-b54/Bach-b137/Clef-des-champs-b26/Druide-b63/b.Url vs /fr/Fatigue-c99/A-Vogel-b54/Bach-b137/Clef-des-champs-b26/Druide-b63. Lang:fr
07:39:44 Listing url is not the same: /fr/Antioxydants-c62/Clef-des-champs-b26/Numi-tea-b124/addressLink vs /fr/Antioxydants-c62/Clef-des-champs-b26/Numi-tea-b124. Lang:fr
07:43:11 Listing url is not the same: /fr/Coeur-et-sante-generale-c106/A-Vogel-b54/Merveilles-d-Abeilles-b69/Natural-Factors-b71/promotion.Url vs /fr/Coeur-et-sante-generale-c106/A-Vogel-b54/Merveilles-d-Abeilles-b69/Natural-Factors-b71. Lang:fr
07:43:37 Listing url is not the same: /fr/Coeur-et-sante-generale-c106/Meditrina-b68/Natural-Factors-b71/Nature-Clean-b72/cat.Url vs /fr/Coeur-et-sante-generale-c106/Meditrina-b68/Natural-Factors-b71/Nature-Clean-b72. Lang:fr
07:44:01 Listing url is not the same: /fr/Sante-des-enfants-c108/Clef-des-champs-b26/Salus-b126/promotion.Url vs /fr/Sante-des-enfants-c108/Clef-des-champs-b26/Salus-b126. Lang:fr
07:44:34 Listing url is not the same: /fr/Sommeil-c88/Clef-des-champs-b26/Healthology-b116/urlBilingual vs /fr/Sommeil-c88/Clef-des-champs-b26/Healthology-b116. Lang:fr
07:45:34 Listing url is not the same: /fr/Systeme-immunitaire-c93/Druide-b63/Meditrina-b68/New-roots-b74/cat.Url vs /fr/Systeme-immunitaire-c93/Druide-b63/Meditrina-b68/New-roots-b74. Lang:fr
07:46:59 Listing url is not the same: /fr/Allergies-c55/Druide-b63/Natural-Factors-b71/New-roots-b74/p.UrlBrand vs /fr/Allergies-c55/Druide-b63/Natural-Factors-b71/New-roots-b74. Lang:fr
07:47:29 Listing url is not the same: /fr/Antioxydants-c62/A-Vogel-b54/Clef-des-champs-b26/Natural-Factors-b71/New-roots-b74/cat.Url vs /fr/Antioxydants-c62/A-Vogel-b54/Clef-des-champs-b26/Natural-Factors-b71/New-roots-b74. Lang:fr
07:48:19 Listing url is not the same: /fr/Detox-Digestion-c87/Clef-des-champs-b26/Druide-b63/Natural-Factors-b71/New-roots-b74/p.UrlBrand vs /fr/Detox-Digestion-c87/Clef-des-champs-b26/Druide-b63/Natural-Factors-b71/New-roots-b74. Lang:fr
07:49:32 Listing url is not the same: /fr/Inflammation-c98/Clef-des-champs-b26/Meditrina-b68/Natural-Factors-b71/New-roots-b74/addressLink vs /fr/Inflammation-c98/Clef-des-champs-b26/Meditrina-b68/Natural-Factors-b71/New-roots-b74. Lang:fr
07:50:35 Listing url is not the same: /fr/Sommeil-c88/A-Vogel-b54/Clef-des-champs-b26/Natural-Factors-b71/New-roots-b74/p.UrlBrand vs /fr/Sommeil-c88/A-Vogel-b54/Clef-des-champs-b26/Natural-Factors-b71/New-roots-b74. Lang:fr
07:50:52 Listing url is not the same: /fr/Sommeil-c88/Anokian-b58/Druide-b63/Natural-Factors-b71/urlBilingual vs /fr/Sommeil-c88/Anokian-b58/Druide-b63/Natural-Factors-b71. Lang:fr
07:51:09 Listing url is not the same: /fr/Stress-c97/Druide-b63/Flora-b123/p.UrlBrand vs /fr/Stress-c97/Druide-b63/Flora-b123. Lang:fr
07:51:41 Listing url is not the same: /fr/soin-du-corps-c86/Druide-b63/Meditrina-b68/New-roots-b74/promotion.Url vs /fr/Soin-du-corps-c86/Druide-b63/Meditrina-b68/New-roots-b74. Lang:fr
08:30:48 Listing url is not the same: /fr/Huiles-magiques-de-wicca-c65/Bach-b137/Le-Tournesol-ANB-b64/cat.Url vs /fr/Huiles-magiques-de-wicca-c65/Bach-b137/Le-Tournesol-ANB-b64. Lang:fr
08:33:16 Listing url is not the same: /fr/Sante-des-enfants-c108/Boiron-b61/Clef-des-champs-b26/Leo-Desilet-b66/b.Url vs /fr/Sante-des-enfants-c108/Boiron-b61/Clef-des-champs-b26/Leo-Desilet-b66. Lang:fr
08:35:36 Listing url is not the same: /fr/Detox-Digestion-c87/Bach-b137/Natural-Factors-b71/b.Url vs /fr/Detox-Digestion-c87/Bach-b137/Natural-Factors-b71. Lang:fr
08:36:46 Listing url is not the same: /fr/Systeme-immunitaire-c93/Clef-des-champs-b26/Kyolic-b115/brand.Url vs /fr/Systeme-immunitaire-c93/Clef-des-champs-b26/Kyolic-b115. Lang:fr
09:16:52 Listing url is not the same: /fr/Cosmetique-parfum-et-deodorant-c60/Clef-des-champs-b26/Druide-b63/Meditrina-b68/New-roots-b74/b.Url vs /fr/Cosmetique-parfum-et-deodorant-c60/Clef-des-champs-b26/Druide-b63/Meditrina-b68/New-roots-b74. Lang:fr
09:17:14 Listing url is not the same: /fr/Cosmetique-parfum-et-deodorant-c60/Clef-des-champs-b26/Druide-b63/Meditrina-b68/New-roots-b74/promotion.Url vs /fr/Cosmetique-parfum-et-deodorant-c60/Clef-des-champs-b26/Druide-b63/Meditrina-b68/New-roots-b74. Lang:fr
09:18:24 Listing url is not the same: /fr/Inflammation-c98/A-Vogel-b54/Bach-b137/Boiron-b61/subcat.Url vs /fr/Inflammation-c98/A-Vogel-b54/Bach-b137/Boiron-b61. Lang:fr
09:18:46 Listing url is not the same: /fr/Inflammation-c98/Clef-des-champs-b26/Druide-b63/Meditrina-b68/New-roots-b74/brand.Url vs /fr/Inflammation-c98/Clef-des-champs-b26/Druide-b63/Meditrina-b68/New-roots-b74. Lang:fr
09:19:03 Listing url is not the same: /fr/Sante-des-enfants-c108/A-Vogel-b54/Bach-b137/Druide-b63/urlBilingual vs /fr/Sante-des-enfants-c108/A-Vogel-b54/Bach-b137/Druide-b63. Lang:fr
09:19:20 Listing url is not the same: /fr/Sante-des-femmes-c100/A-Vogel-b54/Boiron-b61/Clef-des-champs-b26/Nature-Clean-b72/urlBilingual vs /fr/Sante-des-femmes-c100/A-Vogel-b54/Boiron-b61/Clef-des-champs-b26/Nature-Clean-b72. Lang:fr
09:19:36 Listing url is not the same: /fr/Stress-c97/A-Vogel-b54/Clef-des-champs-b26/Flora-b123/addressLink vs /fr/Stress-c97/A-Vogel-b54/Clef-des-champs-b26/Flora-b123. Lang:fr
09:21:05 Listing url is not the same: /fr/Concentration-memoire-migraine-c56/Boiron-b61/Clef-des-champs-b26/Leo-Desilet-b66/promotion.Url vs /fr/Concentration-memoire-migraine-c56/Boiron-b61/Clef-des-champs-b26/Leo-Desilet-b66. Lang:fr
09:21:32 Listing url is not the same: /fr/Cosmetique-parfum-et-deodorant-c60/A-Vogel-b54/Bach-b137/Druide-b63/brand.Url vs /fr/Cosmetique-parfum-et-deodorant-c60/A-Vogel-b54/Bach-b137/Druide-b63. Lang:fr
09:23:47 Listing url is not the same: /fr/Stress-c97/Numi-tea-b124/b.Url vs /fr/Stress-c97/Numi-tea-b124. Lang:fr
09:24:04 Listing url is not the same: /fr/Systeme-immunitaire-c93/Bach-b137/Natural-Factors-b71/b.Url vs /fr/Systeme-immunitaire-c93/Bach-b137/Natural-Factors-b71. Lang:fr
09:58:46 Listing url is not the same: /fr/Sommeil-c88/Boiron-b61/Natural-Factors-b71/Nature-Clean-b72/p.Url vs /fr/Sommeil-c88/Boiron-b61/Natural-Factors-b71/Nature-Clean-b72. Lang:fr
09:59:28 Listing url is not the same: /fr/Coeur-et-sante-generale-c106/Healthology-b116/Kyolic-b115/urlBilingual vs /fr/Coeur-et-sante-generale-c106/Healthology-b116/Kyolic-b115. Lang:fr
10:01:25 Listing url is not the same: /fr/Allergies-c55/A-Vogel-b54/Nature-Clean-b72/New-roots-b74/b.Url vs /fr/Allergies-c55/A-Vogel-b54/Nature-Clean-b72/New-roots-b74. Lang:fr
10:01:40 Listing url is not the same: /fr/Fatigue-c99/Clef-des-champs-b26/Meditrina-b68/Merveilles-d-Abeilles-b69/New-roots-b74/p.Url vs /fr/Fatigue-c99/Clef-des-champs-b26/Meditrina-b68/Merveilles-d-Abeilles-b69/New-roots-b74. Lang:fr
10:01:45 Listing url is not the same: /fr/Inflammation-c98/Clef-des-champs-b26/Druide-b63/Natural-Factors-b71/New-roots-b74/brand.Url vs /fr/Inflammation-c98/Clef-des-champs-b26/Druide-b63/Natural-Factors-b71/New-roots-b74. Lang:fr
10:01:51 Listing url is not the same: /fr/Rhume-grippe-voie-respiratoire-c57/A-Vogel-b54/Anokian-b58/Clef-des-champs-b26/Nature-Clean-b72/brand.Url vs /fr/Rhume-grippe-voie-respiratoire-c57/A-Vogel-b54/Anokian-b58/Clef-des-champs-b26/Nature-Clean-b72. Lang:fr
10:07:20 Listing url is not the same: /fr/Homeopathie-c12/Boiron-b61/Medelys-b128/p.UrlBrand vs /fr/Homeopathie-c12/Boiron-b61/Medelys-b128. Lang:fr
10:07:46 Listing url is not the same: /fr/Rhume-grippe-voie-respiratoire-c57/Boiron-b61/Clef-des-champs-b26/Leo-Desilet-b66/promotion.Url vs /fr/Rhume-grippe-voie-respiratoire-c57/Boiron-b61/Clef-des-champs-b26/Leo-Desilet-b66. Lang:fr
10:08:10 Listing url is not the same: /fr/Sante-des-enfants-c108/Bach-b137/Natural-Factors-b71/promotion.Url vs /fr/Sante-des-enfants-c108/Bach-b137/Natural-Factors-b71. Lang:fr
10:09:13 Listing url is not the same: /fr/Sommeil-c88/Clef-des-champs-b26/Kyolic-b115/p.Url vs /fr/Sommeil-c88/Clef-des-champs-b26/Kyolic-b115. Lang:fr
10:51:00 Listing url is not the same: /fr/Detox-Digestion-c87/A-Vogel-b54/Bach-b137/Boiron-b61/p.UrlBrand vs /fr/Detox-Digestion-c87/A-Vogel-b54/Bach-b137/Boiron-b61. Lang:fr
10:52:45 Listing url is not the same: /fr/Stress-c97/Clef-des-champs-b26/Healthology-b116/addressLink vs /fr/Stress-c97/Clef-des-champs-b26/Healthology-b116. Lang:fr
10:53:01 Listing url is not the same: /fr/Stress-c97/Clef-des-champs-b26/Healthology-b116/cat.Url vs /fr/Stress-c97/Clef-des-champs-b26/Healthology-b116. Lang:fr
10:53:46 Listing url is not the same: /fr/Antioxydants-c62/Anokian-b58/Natural-Factors-b71/New-roots-b74/addressLink vs /fr/Antioxydants-c62/Anokian-b58/Natural-Factors-b71/New-roots-b74. Lang:fr
10:53:57 Listing url is not the same: /fr/Concentration-memoire-migraine-c56/Clef-des-champs-b26/Druide-b63/Meditrina-b68/New-roots-b74/b.Url vs /fr/Concentration-memoire-migraine-c56/Clef-des-champs-b26/Druide-b63/Meditrina-b68/New-roots-b74. Lang:fr
10:54:07 Listing url is not the same: /fr/Inflammation-c98/A-Vogel-b54/Bach-b137/Druide-b63/p.UrlBrand vs /fr/Inflammation-c98/A-Vogel-b54/Bach-b137/Druide-b63. Lang:fr
10:54:46 Listing url is not the same: /fr/Sante-des-enfants-c108/A-Vogel-b54/Clef-des-champs-b26/Flora-b123/brand.Url vs /fr/Sante-des-enfants-c108/A-Vogel-b54/Clef-des-champs-b26/Flora-b123. Lang:fr
10:55:34 Listing url is not the same: /fr/Sante-des-femmes-c100/A-Vogel-b54/Boiron-b61/Clef-des-champs-b26/Nature-Clean-b72/subcat.Url vs /fr/Sante-des-femmes-c100/A-Vogel-b54/Boiron-b61/Clef-des-champs-b26/Nature-Clean-b72. Lang:fr
10:56:18 Listing url is not the same: /fr/Sante-des-femmes-c100/Boiron-b61/Le-Tournesol-ANB-b64/Meditrina-b68/Natural-Factors-b71/brand.Url vs /fr/Sante-des-femmes-c100/Boiron-b61/Le-Tournesol-ANB-b64/Meditrina-b68/Natural-Factors-b71. Lang:fr
10:56:37 Listing url is not the same: /fr/Sommeil-c88/A-Vogel-b54/Flora-b123/Natural-Factors-b71/b.Url vs /fr/Sommeil-c88/A-Vogel-b54/Flora-b123/Natural-Factors-b71. Lang:fr
10:57:51 Listing url is not the same: /fr/Antioxydants-c62/Sisu-b118/p.Url vs /fr/Antioxydants-c62/Sisu-b118. Lang:fr
10:58:19 Listing url is not the same: /fr/Cosmetique-parfum-et-deodorant-c60/A-Vogel-b54/Bach-b137/Druide-b63/addressLink vs /fr/Cosmetique-parfum-et-deodorant-c60/A-Vogel-b54/Bach-b137/Druide-b63. Lang:fr
11:00:13 Listing url is not the same: /fr/Inflammation-c98/A-Vogel-b54/Boiron-b61/Clef-des-champs-b26/Meditrina-b68/Nature-Clean-b72/brand.Url vs /fr/Inflammation-c98/A-Vogel-b54/Boiron-b61/Clef-des-champs-b26/Meditrina-b68/Nature-Clean-b72. Lang:fr
11:44:23 Listing url is not the same: /fr/Systeme-immunitaire-c93/A-Vogel-b54/Anokian-b58/Boiron-b61/Clef-des-champs-b26/brand.Url vs /fr/Systeme-immunitaire-c93/A-Vogel-b54/Anokian-b58/Boiron-b61/Clef-des-champs-b26. Lang:fr
11:46:24 Listing url is not the same: /fr/Antioxydants-c62/A-Vogel-b54/Clef-des-champs-b26/Natural-Factors-b71/New-roots-b74/p.UrlBrand vs /fr/Antioxydants-c62/A-Vogel-b54/Clef-des-champs-b26/Natural-Factors-b71/New-roots-b74. Lang:fr
11:46:53 Listing url is not the same: /fr/Coeur-et-sante-generale-c106/Clef-des-champs-b26/Druide-b63/Meditrina-b68/New-roots-b74/addressLink vs /fr/Coeur-et-sante-generale-c106/Clef-des-champs-b26/Druide-b63/Meditrina-b68/New-roots-b74. Lang:fr
11:47:49 Listing url is not the same: /fr/Inflammation-c98/A-Vogel-b54/Clef-des-champs-b26/Natural-Factors-b71/New-roots-b74/urlBilingual vs /fr/Inflammation-c98/A-Vogel-b54/Clef-des-champs-b26/Natural-Factors-b71/New-roots-b74. Lang:fr
11:48:16 Listing url is not the same: /fr/Inflammation-c98/Boiron-b61/Clef-des-champs-b26/Leo-Desilet-b66/brand.Url vs /fr/Inflammation-c98/Boiron-b61/Clef-des-champs-b26/Leo-Desilet-b66. Lang:fr
11:48:41 Listing url is not the same: /fr/Sante-des-enfants-c108/A-Vogel-b54/Bach-b137/Druide-b63/addressLink vs /fr/Sante-des-enfants-c108/A-Vogel-b54/Bach-b137/Druide-b63. Lang:fr
11:49:06 Listing url is not the same: /fr/Sante-des-enfants-c108/Boiron-b61/Clef-des-champs-b26/Flora-b123/brand.Url vs /fr/Sante-des-enfants-c108/Boiron-b61/Clef-des-champs-b26/Flora-b123. Lang:fr
11:49:57 Listing url is not the same: /fr/Sommeil-c88/A-Vogel-b54/Anokian-b58/Boiron-b61/Clef-des-champs-b26/urlBilingual vs /fr/Sommeil-c88/A-Vogel-b54/Anokian-b58/Boiron-b61/Clef-des-champs-b26. Lang:fr
11:51:03 Listing url is not the same: /fr/Stress-c97/Clef-des-champs-b26/Druide-b63/Meditrina-b68/New-roots-b74/promotion.Url vs /fr/Stress-c97/Clef-des-champs-b26/Druide-b63/Meditrina-b68/New-roots-b74. Lang:fr
11:52:02 Listing url is not the same: /fr/Detox-Digestion-c87/Bach-b137/Natural-Factors-b71/p.UrlBrand vs /fr/Detox-Digestion-c87/Bach-b137/Natural-Factors-b71. Lang:fr
12:22:15 Listing url is not the same: /fr/Coeur-et-sante-generale-c106/A-Vogel-b54/Clef-des-champs-b26/Druide-b63/New-roots-b74/urlBilingual vs /fr/Coeur-et-sante-generale-c106/A-Vogel-b54/Clef-des-champs-b26/Druide-b63/New-roots-b74. Lang:fr
12:22:25 Listing url is not the same: /fr/Fatigue-c99/Medelys-b128/Natural-Factors-b71/urlBilingual vs /fr/Fatigue-c99/Medelys-b128/Natural-Factors-b71. Lang:fr
12:23:43 Listing url is not the same: /fr/Sommeil-c88/Clef-des-champs-b26/Druide-b63/Natural-Factors-b71/New-roots-b74/p.Url vs /fr/Sommeil-c88/Clef-des-champs-b26/Druide-b63/Natural-Factors-b71/New-roots-b74. Lang:fr
12:24:19 Listing url is not the same: /fr/Detox-Digestion-c87/Medelys-b128/addressLink vs /fr/Detox-Digestion-c87/Medelys-b128. Lang:fr
12:24:25 Listing url is not the same: /fr/Homeopathie-c12/A-Vogel-b54/Merveilles-d-Abeilles-b69/Natural-Factors-b71/addressLink vs /fr/Homeopathie-c12/A-Vogel-b54/Merveilles-d-Abeilles-b69/Natural-Factors-b71. Lang:fr
12:25:23 Listing url is not the same: /fr/Antioxydants-c62/A-Vogel-b54/Anokian-b58/Boiron-b61/Clef-des-champs-b26/subcat.Url vs /fr/Antioxydants-c62/A-Vogel-b54/Anokian-b58/Boiron-b61/Clef-des-champs-b26. Lang:fr
12:25:49 Listing url is not the same: /fr/Detox-Digestion-c87/A-Vogel-b54/Bach-b137/Druide-b63/b.Url vs /fr/Detox-Digestion-c87/A-Vogel-b54/Bach-b137/Druide-b63. Lang:fr
12:26:00 Listing url is not the same: /fr/Inflammation-c98/Clef-des-champs-b26/Druide-b63/Natural-Factors-b71/New-roots-b74/subcat.Url vs /fr/Inflammation-c98/Clef-des-champs-b26/Druide-b63/Natural-Factors-b71/New-roots-b74. Lang:fr
12:26:11 Listing url is not the same: /fr/Sante-des-enfants-c108/A-Vogel-b54/Bach-b137/Boiron-b61/Clef-des-champs-b26/subcat.Url vs /fr/Sante-des-enfants-c108/A-Vogel-b54/Bach-b137/Boiron-b61/Clef-des-champs-b26. Lang:fr
12:29:57 Listing url is not the same: /fr/Allergies-c55/A-Vogel-b54/Bach-b137/Clef-des-champs-b26/Druide-b63/cat.Url vs /fr/Allergies-c55/A-Vogel-b54/Bach-b137/Clef-des-champs-b26/Druide-b63. Lang:fr
12:30:17 Listing url is not the same: /fr/Cosmetique-parfum-et-deodorant-c60/A-Vogel-b54/Bach-b137/Druide-b63/subcat.Url vs /fr/Cosmetique-parfum-et-deodorant-c60/A-Vogel-b54/Bach-b137/Druide-b63. Lang:fr
12:30:29 Listing url is not the same: /fr/Homeopathie-c12/A-Vogel-b54/Clef-des-champs-b26/Druide-b63/Merveilles-d-Abeilles-b69/Natural-Factors-b71/p.UrlBrand vs /fr/Homeopathie-c12/A-Vogel-b54/Clef-des-champs-b26/Druide-b63/Merveilles-d-Abeilles-b69/Natural-Factors-b71. Lang:fr
12:30:37 Listing url is not the same: /fr/Huiles-magiques-de-wicca-c65/Le-Tournesol-ANB-b64/Medelys-b128/p.Url vs /fr/Huiles-magiques-de-wicca-c65/Le-Tournesol-ANB-b64/Medelys-b128. Lang:fr
12:30:49 Listing url is not the same: /fr/Systeme-immunitaire-c93/A-Vogel-b54/Le-Tournesol-ANB-b64/New-roots-b74/promotion.Url vs /fr/Systeme-immunitaire-c93/A-Vogel-b54/Le-Tournesol-ANB-b64/New-roots-b74. Lang:fr
12:30:52 Listing url is not the same: /fr/Systeme-immunitaire-c93/Druide-b63/Flora-b123/brand.Url vs /fr/Systeme-immunitaire-c93/Druide-b63/Flora-b123. Lang:fr
12:30:54 Listing url is not the same: /fr/Tisane-c24/Clef-des-champs-b26/Meditrina-b68/urlBilingual vs /fr/Tisane-c24/Clef-des-champs-b26/Meditrina-b68. Lang:fr
13:11:52 Listing url is not the same: /fr/Homeopathie-c12/A-Vogel-b54/Merveilles-d-Abeilles-b69/Natural-Factors-b71/b.Url vs /fr/Homeopathie-c12/A-Vogel-b54/Merveilles-d-Abeilles-b69/Natural-Factors-b71. Lang:fr
13:13:03 Listing url is not the same: /fr/Allergies-c55/Clef-des-champs-b26/Druide-b63/Natural-Factors-b71/New-roots-b74/p.UrlBrand vs /fr/Allergies-c55/Clef-des-champs-b26/Druide-b63/Natural-Factors-b71/New-roots-b74. Lang:fr
13:13:24 Listing url is not the same: /fr/Antioxydants-c62/A-Vogel-b54/Clef-des-champs-b26/Flora-b123/urlBilingual vs /fr/Antioxydants-c62/A-Vogel-b54/Clef-des-champs-b26/Flora-b123. Lang:fr
13:13:44 Listing url is not the same: /fr/Antioxydants-c62/A-Vogel-b54/Clef-des-champs-b26/Natural-Factors-b71/New-roots-b74/subcat.Url vs /fr/Antioxydants-c62/A-Vogel-b54/Clef-des-champs-b26/Natural-Factors-b71/New-roots-b74. Lang:fr
13:14:25 Listing url is not the same: /fr/Detox-Digestion-c87/A-Vogel-b54/Clef-des-champs-b26/Merveilles-d-Abeilles-b69/New-roots-b74/brand.Url vs /fr/Detox-Digestion-c87/A-Vogel-b54/Clef-des-champs-b26/Merveilles-d-Abeilles-b69/New-roots-b74. Lang:fr
13:14:42 Listing url is not the same: /fr/Inflammation-c98/A-Vogel-b54/Bach-b137/Druide-b63/p.Url vs /fr/Inflammation-c98/A-Vogel-b54/Bach-b137/Druide-b63. Lang:fr
13:15:15 Listing url is not the same: /fr/Inflammation-c98/Boiron-b61/Clef-des-champs-b26/Leo-Desilet-b66/addressLink vs /fr/Inflammation-c98/Boiron-b61/Clef-des-champs-b26/Leo-Desilet-b66. Lang:fr
13:15:43 Listing url is not the same: /fr/Sante-des-enfants-c108/Clef-des-champs-b26/Meditrina-b68/Merveilles-d-Abeilles-b69/Nature-Clean-b72/subcat.Url vs /fr/Sante-des-enfants-c108/Clef-des-champs-b26/Meditrina-b68/Merveilles-d-Abeilles-b69/Nature-Clean-b72. Lang:fr
13:15:58 Listing url is not the same: /fr/Sante-des-femmes-c100/Boiron-b61/Le-Tournesol-ANB-b64/Meditrina-b68/Natural-Factors-b71/p.Url vs /fr/Sante-des-femmes-c100/Boiron-b61/Le-Tournesol-ANB-b64/Meditrina-b68/Natural-Factors-b71. Lang:fr
13:16:18 Listing url is not the same: /fr/Sommeil-c88/A-Vogel-b54/Le-Tournesol-ANB-b64/New-roots-b74/promotion.Url vs /fr/Sommeil-c88/A-Vogel-b54/Le-Tournesol-ANB-b64/New-roots-b74. Lang:fr
13:17:56 Listing url is not the same: /fr/Inflammation-c98/A-Vogel-b54/Boiron-b61/Clef-des-champs-b26/Meditrina-b68/Nature-Clean-b72/addressLink vs /fr/Inflammation-c98/A-Vogel-b54/Boiron-b61/Clef-des-champs-b26/Meditrina-b68/Nature-Clean-b72. Lang:fr
13:18:26 Listing url is not the same: /fr/Sante-des-enfants-c108/A-Vogel-b54/Clef-des-champs-b26/Leo-Desilet-b66/cat.Url vs /fr/Sante-des-enfants-c108/A-Vogel-b54/Clef-des-champs-b26/Leo-Desilet-b66. Lang:fr
13:19:22 Listing url is not the same: /fr/Sante-des-femmes-c100/Boiron-b61/Clef-des-champs-b26/Druide-b63/Le-Tournesol-ANB-b64/Merveilles-d-Abeilles-b69/brand.Url vs /fr/Sante-des-femmes-c100/Boiron-b61/Clef-des-champs-b26/Druide-b63/Le-Tournesol-ANB-b64/Merveilles-d-Abeilles-b69. Lang:fr
13:19:49 Listing url is not the same: /fr/Stress-c97/A-Vogel-b54/Boiron-b61/Clef-des-champs-b26/Meditrina-b68/Nature-Clean-b72/p.UrlBrand vs /fr/Stress-c97/A-Vogel-b54/Boiron-b61/Clef-des-champs-b26/Meditrina-b68/Nature-Clean-b72. Lang:fr
13:20:15 Listing url is not the same: /fr/Systeme-immunitaire-c93/A-Vogel-b54/Druide-b63/Meditrina-b68/New-roots-b74/b.Url vs /fr/Systeme-immunitaire-c93/A-Vogel-b54/Druide-b63/Meditrina-b68/New-roots-b74. Lang:fr
14:01:11 Listing url is not the same: /fr/Inflammation-c98/Flora-b123/brand.Url vs /fr/Inflammation-c98/Flora-b123. Lang:fr
14:02:13 Listing url is not the same: /fr/Concentration-memoire-migraine-c56/A-Vogel-b54/Anokian-b58/Clef-des-champs-b26/Nature-Clean-b72/addressLink vs /fr/Concentration-memoire-migraine-c56/A-Vogel-b54/Anokian-b58/Clef-des-champs-b26/Nature-Clean-b72. Lang:fr
14:02:22 Listing url is not the same: /fr/Rhume-grippe-voie-respiratoire-c57/A-Vogel-b54/Bach-b137/Druide-b63/p.Url vs /fr/Rhume-grippe-voie-respiratoire-c57/A-Vogel-b54/Bach-b137/Druide-b63. Lang:fr
14:02:23 Listing url is not the same: /fr/Sante-des-enfants-c108/Boiron-b61/Clef-des-champs-b26/Flora-b123/b.Url vs /fr/Sante-des-enfants-c108/Boiron-b61/Clef-des-champs-b26/Flora-b123. Lang:fr
14:02:30 Listing url is not the same: /fr/Stress-c97/A-Vogel-b54/Clef-des-champs-b26/Leo-Desilet-b66/p.UrlBrand vs /fr/Stress-c97/A-Vogel-b54/Clef-des-champs-b26/Leo-Desilet-b66. Lang:fr
14:02:39 Listing url is not the same: /fr/soin-du-corps-c86/Druide-b63/Natural-Factors-b71/New-roots-b74/brand.Url vs /fr/Soin-du-corps-c86/Druide-b63/Natural-Factors-b71/New-roots-b74. Lang:fr
14:05:45 Listing url is not the same: /fr/Concentration-memoire-migraine-c56/Druide-b63/Meditrina-b68/New-roots-b74/p.UrlBrand vs /fr/Concentration-memoire-migraine-c56/Druide-b63/Meditrina-b68/New-roots-b74. Lang:fr
14:06:26 Listing url is not the same: /fr/Fatigue-c99/A-Vogel-b54/Clef-des-champs-b26/Nature-Clean-b72/New-roots-b74/b.Url vs /fr/Fatigue-c99/A-Vogel-b54/Clef-des-champs-b26/Nature-Clean-b72/New-roots-b74. Lang:fr
14:06:56 Listing url is not the same: /fr/Homeopathie-c12/A-Vogel-b54/Boiron-b61/Le-Tournesol-ANB-b64/Meditrina-b68/b.Url vs /fr/Homeopathie-c12/A-Vogel-b54/Boiron-b61/Le-Tournesol-ANB-b64/Meditrina-b68. Lang:fr
14:08:40 Listing url is not the same: /fr/Sante-des-enfants-c108/Clef-des-champs-b26/Healthology-b116/p.UrlBrand vs /fr/Sante-des-enfants-c108/Clef-des-champs-b26/Healthology-b116. Lang:fr
14:09:10 Listing url is not the same: /fr/Sante-des-enfants-c108/Flora-b123/Le-Tournesol-ANB-b64/p.UrlBrand vs /fr/Sante-des-enfants-c108/Flora-b123/Le-Tournesol-ANB-b64. Lang:fr
14:10:07 Listing url is not the same: /fr/Systeme-immunitaire-c93/Anokian-b58/New-roots-b74/b.Url vs /fr/Systeme-immunitaire-c93/Anokian-b58/New-roots-b74. Lang:fr
14:10:37 Listing url is not the same: /fr/Systeme-immunitaire-c93/Bach-b137/Natural-Factors-b71/p.Url vs /fr/Systeme-immunitaire-c93/Bach-b137/Natural-Factors-b71. Lang:fr
14:11:05 Listing url is not the same: /fr/Systeme-immunitaire-c93/Clef-des-champs-b26/Kyolic-b115/p.UrlBrand vs /fr/Systeme-immunitaire-c93/Clef-des-champs-b26/Kyolic-b115. Lang:fr
14:13:09 Listing url is not the same: /fr/Rhume-grippe-voie-respiratoire-c57/Clef-des-champs-b26/Meditrina-b68/Natural-Factors-b71/New-roots-b74/p.UrlBrand vs /fr/Rhume-grippe-voie-respiratoire-c57/Clef-des-champs-b26/Meditrina-b68/Natural-Factors-b71/New-roots-b74. Lang:fr
14:13:31 Listing url is not the same: /fr/Sommeil-c88/A-Vogel-b54/Boiron-b61/Le-Tournesol-ANB-b64/Meditrina-b68/promotion.Url vs /fr/Sommeil-c88/A-Vogel-b54/Boiron-b61/Le-Tournesol-ANB-b64/Meditrina-b68. Lang:fr
14:13:53 Listing url is not the same: /fr/Sommeil-c88/Clef-des-champs-b26/Flora-b123/Meditrina-b68/urlBilingual vs /fr/Sommeil-c88/Clef-des-champs-b26/Flora-b123/Meditrina-b68. Lang:fr
14:14:14 Listing url is not the same: /fr/Stress-c97/A-Vogel-b54/Le-Tournesol-ANB-b64/New-roots-b74/promotion.Url vs /fr/Stress-c97/A-Vogel-b54/Le-Tournesol-ANB-b64/New-roots-b74. Lang:fr
15:04:41 Listing url is not the same: /fr/Coeur-et-sante-generale-c106/Merveilles-d-Abeilles-b69/New-roots-b74/cat.Url vs /fr/Coeur-et-sante-generale-c106/Merveilles-d-Abeilles-b69/New-roots-b74. Lang:fr
15:05:25 Listing url is not the same: /fr/Sante-des-enfants-c108/A-Vogel-b54/Bach-b137/Boiron-b61/promotion.Url vs /fr/Sante-des-enfants-c108/A-Vogel-b54/Bach-b137/Boiron-b61. Lang:fr
15:06:45 Listing url is not the same: /fr/Systeme-immunitaire-c93/Boiron-b61/Natural-Factors-b71/New-roots-b74/addressLink vs /fr/Systeme-immunitaire-c93/Boiron-b61/Natural-Factors-b71/New-roots-b74. Lang:fr
15:07:13 Listing url is not the same: /fr/Coeur-et-sante-generale-c106/A-Vogel-b54/Boiron-b61/Clef-des-champs-b26/Merveilles-d-Abeilles-b69/Natural-Factors-b71/p.Url vs /fr/Coeur-et-sante-generale-c106/A-Vogel-b54/Boiron-b61/Clef-des-champs-b26/Merveilles-d-Abeilles-b69/Natural-Factors-b71. Lang:fr
15:07:41 Listing url is not the same: /fr/Rhume-grippe-voie-respiratoire-c57/A-Vogel-b54/Boiron-b61/New-roots-b74/promotion.Url vs /fr/Rhume-grippe-voie-respiratoire-c57/A-Vogel-b54/Boiron-b61/New-roots-b74. Lang:fr
15:09:00 Listing url is not the same: /fr/Homeopathie-c12/Druide-b63/Meditrina-b68/New-roots-b74/p.UrlBrand vs /fr/Homeopathie-c12/Druide-b63/Meditrina-b68/New-roots-b74. Lang:fr
15:09:24 Listing url is not the same: /fr/soin-du-corps-c86/A-Vogel-b54/Clef-des-champs-b26/Druide-b63/New-roots-b74/subcat.Url vs /fr/Soin-du-corps-c86/A-Vogel-b54/Clef-des-champs-b26/Druide-b63/New-roots-b74. Lang:fr
15:51:45 Listing url is not the same: /fr/Coeur-et-sante-generale-c106/Boiron-b61/Natural-Factors-b71/New-roots-b74/cat.Url vs /fr/Coeur-et-sante-generale-c106/Boiron-b61/Natural-Factors-b71/New-roots-b74. Lang:fr
15:54:29 Listing url is not the same: /fr/Fatigue-c99/A-Vogel-b54/Boiron-b61/Clef-des-champs-b26/Nature-Clean-b72/urlBilingual vs /fr/Fatigue-c99/A-Vogel-b54/Boiron-b61/Clef-des-champs-b26/Nature-Clean-b72. Lang:fr
15:54:48 Listing url is not the same: /fr/Sommeil-c88/A-Vogel-b54/Clef-des-champs-b26/Flora-b123/cat.Url vs /fr/Sommeil-c88/A-Vogel-b54/Clef-des-champs-b26/Flora-b123. Lang:fr
15:55:41 Listing url is not the same: /fr/Sante-des-enfants-c108/Boiron-b61/Flora-b123/p.UrlBrand vs /fr/Sante-des-enfants-c108/Boiron-b61/Flora-b123. Lang:fr
15:56:11 Listing url is not the same: /fr/Sommeil-c88/Clef-des-champs-b26/Numi-tea-b124/brand.Url vs /fr/Sommeil-c88/Clef-des-champs-b26/Numi-tea-b124. Lang:fr
15:56:23 Listing url is not the same: /fr/Stress-c97/Clef-des-champs-b26/Healthology-b116/b.Url vs /fr/Stress-c97/Clef-des-champs-b26/Healthology-b116. Lang:fr
15:56:35 Listing url is not the same: /fr/Systeme-immunitaire-c93/Druide-b63/Meditrina-b68/New-roots-b74/promotion.Url vs /fr/Systeme-immunitaire-c93/Druide-b63/Meditrina-b68/New-roots-b74. Lang:fr
15:56:46 Listing url is not the same: /fr/Homeopathie-c12/A-Vogel-b54/Le-Tournesol-ANB-b64/New-roots-b74/urlBilingual vs /fr/Homeopathie-c12/A-Vogel-b54/Le-Tournesol-ANB-b64/New-roots-b74. Lang:fr
16:43:34 Listing url is not the same: /fr/Huiles-magiques-de-wicca-c65/Le-Tournesol-ANB-b64/New-roots-b74/promotion.Url vs /fr/Huiles-magiques-de-wicca-c65/Le-Tournesol-ANB-b64/New-roots-b74. Lang:fr
16:44:56 Listing url is not the same: /fr/Homeopathie-c12/A-Vogel-b54/Bach-b137/Boiron-b61/p.Url vs /fr/Homeopathie-c12/A-Vogel-b54/Bach-b137/Boiron-b61. Lang:fr
16:45:24 Listing url is not the same: /fr/Sante-des-enfants-c108/Clef-des-champs-b26/Meditrina-b68/Natural-Factors-b71/New-roots-b74/p.Url vs /fr/Sante-des-enfants-c108/Clef-des-champs-b26/Meditrina-b68/Natural-Factors-b71/New-roots-b74. Lang:fr
17:33:20 Listing url is not the same: /fr/Concentration-memoire-migraine-c56/Le-Tournesol-ANB-b64/New-roots-b74/brand.Url vs /fr/Concentration-memoire-migraine-c56/Le-Tournesol-ANB-b64/New-roots-b74. Lang:fr
17:34:57 Listing url is not the same: /fr/Homeopathie-c12/Merveilles-d-Abeilles-b69/New-roots-b74/urlBilingual vs /fr/Homeopathie-c12/Merveilles-d-Abeilles-b69/New-roots-b74. Lang:fr
17:35:15 Listing url is not the same: /fr/Rhume-grippe-voie-respiratoire-c57/Clef-des-champs-b26/Medelys-b128/urlBilingual vs /fr/Rhume-grippe-voie-respiratoire-c57/Clef-des-champs-b26/Medelys-b128. Lang:fr
17:35:49 Listing url is not the same: /fr/Sante-des-femmes-c100/Merveilles-d-Abeilles-b69/New-roots-b74/promotion.Url vs /fr/Sante-des-femmes-c100/Merveilles-d-Abeilles-b69/New-roots-b74. Lang:fr
17:37:09 Listing url is not the same: /fr/Sante-des-femmes-c100/Boiron-b61/Natural-Factors-b71/New-roots-b74/addressLink vs /fr/Sante-des-femmes-c100/Boiron-b61/Natural-Factors-b71/New-roots-b74. Lang:fr
17:37:26 Listing url is not the same: /fr/Sommeil-c88/Clef-des-champs-b26/Leo-Desilet-b66/cat.Url vs /fr/Sommeil-c88/Clef-des-champs-b26/Leo-Desilet-b66. Lang:fr
17:37:41 Listing url is not the same: /fr/Stress-c97/Druide-b63/Natural-Factors-b71/New-roots-b74/p.Url vs /fr/Stress-c97/Druide-b63/Natural-Factors-b71/New-roots-b74. Lang:fr
20:17:53 Listing url is not the same: /fr/Coeur-et-sante-generale-c106/Merveilles-d-Abeilles-b69/New-roots-b74/p.UrlBrand vs /fr/Coeur-et-sante-generale-c106/Merveilles-d-Abeilles-b69/New-roots-b74. Lang:fr
21:46:53 Listing url is not the same: /fr/Stress-c97/Clef-des-champs-b26/Healthology-b116/urlBilingual vs /fr/Stress-c97/Clef-des-champs-b26/Healthology-b116. Lang:fr
22:37:16 Listing url is not the same: /fr/Detox-Digestion-c87/A-Vogel-b54/Anokian-b58/Boiron-b61/Clef-des-champs-b26/b.Url vs /fr/Detox-Digestion-c87/A-Vogel-b54/Anokian-b58/Boiron-b61/Clef-des-champs-b26. Lang:fr
