00:03:38 Listing url is not the same: /fr/Antioxydants-c62/A-Vogel-b54/Boiron-b61/Merveilles-d-Abeilles-b69/Natural-Factors-b71/subcat.Url vs /fr/Antioxydants-c62/A-Vogel-b54/Boiron-b61/Merveilles-d-Abeilles-b69/Natural-Factors-b71. Lang:fr
00:03:45 Listing url is not the same: /fr/Detox-Digestion-c87/Clef-des-champs-b26/Druide-b63/Meditrina-b68/Merveilles-d-Abeilles-b69/p.Url vs /fr/Detox-Digestion-c87/Clef-des-champs-b26/Druide-b63/Meditrina-b68/Merveilles-d-Abeilles-b69. Lang:fr
00:54:31 Listing url is not the same: /fr/Stress-c97/A-Vogel-b54/Boiron-b61/cat.Url vs /fr/Stress-c97/A-Vogel-b54/Boiron-b61. Lang:fr
00:56:23 Listing url is not the same: /fr/Sante-des-femmes-c100/Boiron-b61/Clef-des-champs-b26/Meditrina-b68/p.UrlBrand vs /fr/Sante-des-femmes-c100/Boiron-b61/Clef-des-champs-b26/Meditrina-b68. Lang:fr
00:56:27 Listing url is not the same: /fr/Sante-des-femmes-c100/Clef-des-champs-b26/Druide-b63/p.UrlBrand vs /fr/Sante-des-femmes-c100/Clef-des-champs-b26/Druide-b63. Lang:fr
00:58:39 Listing url is not the same: /fr/Sante-des-enfants-c108/Clef-des-champs-b26/Le-Tournesol-ANB-b64/Natural-Factors-b71/subcat.Url vs /fr/Sante-des-enfants-c108/Clef-des-champs-b26/Le-Tournesol-ANB-b64/Natural-Factors-b71. Lang:fr
00:58:40 Listing url is not the same: /fr/Sante-des-enfants-c108/Clef-des-champs-b26/Natural-Factors-b71/b.Url vs /fr/Sante-des-enfants-c108/Clef-des-champs-b26/Natural-Factors-b71. Lang:fr
00:58:44 Listing url is not the same: /fr/Systeme-immunitaire-c93/A-Vogel-b54/Boiron-b61/addressLink vs /fr/Systeme-immunitaire-c93/A-Vogel-b54/Boiron-b61. Lang:fr
01:01:08 Listing url is not the same: /fr/Antioxydants-c62/Boiron-b61/Clef-des-champs-b26/Druide-b63/Le-Tournesol-ANB-b64/Meditrina-b68/subcat.Url vs /fr/Antioxydants-c62/Boiron-b61/Clef-des-champs-b26/Druide-b63/Le-Tournesol-ANB-b64/Meditrina-b68. Lang:fr
01:04:56 Listing url is not the same: /fr/Nettoyage-c73/A-Vogel-b54/Anokian-b58/Meditrina-b68/promotion.Url vs /fr/Nettoyage-c73/A-Vogel-b54/Anokian-b58/Meditrina-b68. Lang:fr
01:47:43 Listing url is not the same: /fr/Inflammation-c98/A-Vogel-b54/urlBilingual vs /fr/Inflammation-c98/A-Vogel-b54. Lang:fr
01:48:16 Listing url is not the same: /fr/Fatigue-c99/Boiron-b61/addressLink vs /fr/Fatigue-c99/Boiron-b61. Lang:fr
01:48:46 Listing url is not the same: /fr/Stress-c97/A-Vogel-b54/Boiron-b61/brand.Url vs /fr/Stress-c97/A-Vogel-b54/Boiron-b61. Lang:fr
01:49:47 Listing url is not the same: /fr/Systeme-immunitaire-c93/A-Vogel-b54/Boiron-b61/Clef-des-champs-b26/cat.Url vs /fr/Systeme-immunitaire-c93/A-Vogel-b54/Boiron-b61/Clef-des-champs-b26. Lang:fr
01:50:57 Listing url is not the same: /fr/Inflammation-c98/A-Vogel-b54/Anokian-b58/brand.Url vs /fr/Inflammation-c98/A-Vogel-b54/Anokian-b58. Lang:fr
01:51:25 Listing url is not the same: /fr/Stress-c97/Boiron-b61/Clef-des-champs-b26/b.Url vs /fr/Stress-c97/Boiron-b61/Clef-des-champs-b26. Lang:fr
01:52:20 Listing url is not the same: /fr/Detox-Digestion-c87/Clef-des-champs-b26/Meditrina-b68/Natural-Factors-b71/urlBilingual vs /fr/Detox-Digestion-c87/Clef-des-champs-b26/Meditrina-b68/Natural-Factors-b71. Lang:fr
01:55:15 Listing url is not the same: /fr/Systeme-immunitaire-c93/A-Vogel-b54/Boiron-b61/subcat.Url vs /fr/Systeme-immunitaire-c93/A-Vogel-b54/Boiron-b61. Lang:fr
01:56:19 Listing url is not the same: /fr/Huiles-magiques-de-wicca-c65/A-Vogel-b54/Boiron-b61/Clef-des-champs-b26/Druide-b63/Le-Tournesol-ANB-b64/brand.Url vs /fr/Huiles-magiques-de-wicca-c65/A-Vogel-b54/Boiron-b61/Clef-des-champs-b26/Druide-b63/Le-Tournesol-ANB-b64. Lang:fr
01:58:45 Listing url is not the same: /fr/Concentration-memoire-migraine-c56/A-Vogel-b54/Clef-des-champs-b26/Druide-b63/Natural-Factors-b71/brand.Url vs /fr/Concentration-memoire-migraine-c56/A-Vogel-b54/Clef-des-champs-b26/Druide-b63/Natural-Factors-b71. Lang:fr
02:44:59 Listing url is not the same: /fr/Sante-des-enfants-c108/A-Vogel-b54/p.Url vs /fr/Sante-des-enfants-c108/A-Vogel-b54. Lang:fr
02:46:14 Listing url is not the same: /fr/Sante-des-enfants-c108/A-Vogel-b54/Clef-des-champs-b26/Druide-b63/addressLink vs /fr/Sante-des-enfants-c108/A-Vogel-b54/Clef-des-champs-b26/Druide-b63. Lang:fr
02:47:14 Listing url is not the same: /fr/Sante-des-femmes-c100/Boiron-b61/Clef-des-champs-b26/Meditrina-b68/p.Url vs /fr/Sante-des-femmes-c100/Boiron-b61/Clef-des-champs-b26/Meditrina-b68. Lang:fr
02:48:24 Listing url is not the same: /fr/Allergies-c55/A-Vogel-b54/Anokian-b58/brand.Url vs /fr/Allergies-c55/A-Vogel-b54/Anokian-b58. Lang:fr
02:48:26 Listing url is not the same: /fr/Antioxydants-c62/A-Vogel-b54/Anokian-b58/subcat.Url vs /fr/Antioxydants-c62/A-Vogel-b54/Anokian-b58. Lang:fr
02:48:27 Listing url is not the same: /fr/Fatigue-c99/A-Vogel-b54/Boiron-b61/urlBilingual vs /fr/Fatigue-c99/A-Vogel-b54/Boiron-b61. Lang:fr
02:48:30 Listing url is not the same: /fr/Stress-c97/A-Vogel-b54/Clef-des-champs-b26/Meditrina-b68/p.UrlBrand vs /fr/Stress-c97/A-Vogel-b54/Clef-des-champs-b26/Meditrina-b68. Lang:fr
02:48:51 Listing url is not the same: /fr/Allergies-c55/A-Vogel-b54/Boiron-b61/Clef-des-champs-b26/Le-Tournesol-ANB-b64/Meditrina-b68/subcat.Url vs /fr/Allergies-c55/A-Vogel-b54/Boiron-b61/Clef-des-champs-b26/Le-Tournesol-ANB-b64/Meditrina-b68. Lang:fr
02:48:54 Listing url is not the same: /fr/Cosmetique-parfum-et-deodorant-c60/A-Vogel-b54/Druide-b63/Meditrina-b68/Merveilles-d-Abeilles-b69/promotion.Url vs /fr/Cosmetique-parfum-et-deodorant-c60/A-Vogel-b54/Druide-b63/Meditrina-b68/Merveilles-d-Abeilles-b69. Lang:fr
02:48:55 Listing url is not the same: /fr/Detox-Digestion-c87/Clef-des-champs-b26/Meditrina-b68/Natural-Factors-b71/brand.Url vs /fr/Detox-Digestion-c87/Clef-des-champs-b26/Meditrina-b68/Natural-Factors-b71. Lang:fr
03:38:45 Listing url is not the same: /fr/Inflammation-c98/A-Vogel-b54/promotion.Url vs /fr/Inflammation-c98/A-Vogel-b54. Lang:fr
03:40:26 Listing url is not the same: /fr/Detox-Digestion-c87/Le-Tournesol-ANB-b64/addressLink vs /fr/Detox-Digestion-c87/Le-Tournesol-ANB-b64. Lang:fr
03:41:22 Listing url is not the same: /fr/Inflammation-c98/Boiron-b61/Clef-des-champs-b26/Meditrina-b68/brand.Url vs /fr/Inflammation-c98/Boiron-b61/Clef-des-champs-b26/Meditrina-b68. Lang:fr
03:41:24 Listing url is not the same: /fr/Sante-des-enfants-c108/A-Vogel-b54/Clef-des-champs-b26/Druide-b63/brand.Url vs /fr/Sante-des-enfants-c108/A-Vogel-b54/Clef-des-champs-b26/Druide-b63. Lang:fr
03:41:52 Listing url is not the same: /fr/Stress-c97/Natural-Factors-b71/p.UrlBrand vs /fr/Stress-c97/Natural-Factors-b71. Lang:fr
03:42:23 Listing url is not the same: /fr/Inflammation-c98/A-Vogel-b54/Boiron-b61/Clef-des-champs-b26/b.Url vs /fr/Inflammation-c98/A-Vogel-b54/Boiron-b61/Clef-des-champs-b26. Lang:fr
03:42:25 Listing url is not the same: /fr/Inflammation-c98/Clef-des-champs-b26/Le-Tournesol-ANB-b64/cat.Url vs /fr/Inflammation-c98/Clef-des-champs-b26/Le-Tournesol-ANB-b64. Lang:fr
03:44:46 Listing url is not the same: /fr/Systeme-immunitaire-c93/Boiron-b61/Druide-b63/p.Url vs /fr/Systeme-immunitaire-c93/Boiron-b61/Druide-b63. Lang:fr
03:47:01 Listing url is not the same: /fr/Concentration-memoire-migraine-c56/Boiron-b61/Clef-des-champs-b26/Druide-b63/Meditrina-b68/p.UrlBrand vs /fr/Concentration-memoire-migraine-c56/Boiron-b61/Clef-des-champs-b26/Druide-b63/Meditrina-b68. Lang:fr
03:47:13 Listing url is not the same: /fr/Sante-des-femmes-c100/Clef-des-champs-b26/Le-Tournesol-ANB-b64/b.Url vs /fr/Sante-des-femmes-c100/Clef-des-champs-b26/Le-Tournesol-ANB-b64. Lang:fr
03:47:14 Listing url is not the same: /fr/Sante-des-femmes-c100/Clef-des-champs-b26/Le-Tournesol-ANB-b64/subcat.Url vs /fr/Sante-des-femmes-c100/Clef-des-champs-b26/Le-Tournesol-ANB-b64. Lang:fr
04:34:26 Listing url is not the same: /fr/Fatigue-c99/Clef-des-champs-b26/Le-Tournesol-ANB-b64/b.Url vs /fr/Fatigue-c99/Clef-des-champs-b26/Le-Tournesol-ANB-b64. Lang:fr
04:35:24 Listing url is not the same: /fr/Detox-Digestion-c87/Boiron-b61/Meditrina-b68/p.Url vs /fr/Detox-Digestion-c87/Boiron-b61/Meditrina-b68. Lang:fr
04:35:54 Listing url is not the same: /fr/Sante-des-enfants-c108/Boiron-b61/Clef-des-champs-b26/brand.Url vs /fr/Sante-des-enfants-c108/Boiron-b61/Clef-des-champs-b26. Lang:fr
04:37:26 Listing url is not the same: /fr/Allergies-c55/A-Vogel-b54/Anokian-b58/p.Url vs /fr/Allergies-c55/A-Vogel-b54/Anokian-b58. Lang:fr
04:37:48 Listing url is not the same: /fr/Sante-des-enfants-c108/A-Vogel-b54/Boiron-b61/Clef-des-champs-b26/brand.Url vs /fr/Sante-des-enfants-c108/A-Vogel-b54/Boiron-b61/Clef-des-champs-b26. Lang:fr
04:37:57 Listing url is not the same: /fr/Systeme-immunitaire-c93/Boiron-b61/Druide-b63/b.Url vs /fr/Systeme-immunitaire-c93/Boiron-b61/Druide-b63. Lang:fr
04:38:19 Listing url is not the same: /fr/Detox-Digestion-c87/Anokian-b58/Clef-des-champs-b26/p.Url vs /fr/Detox-Digestion-c87/Anokian-b58/Clef-des-champs-b26. Lang:fr
04:39:26 Listing url is not the same: /fr/Antioxydants-c62/Boiron-b61/Clef-des-champs-b26/Druide-b63/Meditrina-b68/Merveilles-d-Abeilles-b69/subcat.Url vs /fr/Antioxydants-c62/Boiron-b61/Clef-des-champs-b26/Druide-b63/Meditrina-b68/Merveilles-d-Abeilles-b69. Lang:fr
04:39:30 Listing url is not the same: /fr/Chandelles-c70/A-Vogel-b54/Boiron-b61/Clef-des-champs-b26/Meditrina-b68/Merveilles-d-Abeilles-b69/cat.Url vs /fr/Chandelles-c70/A-Vogel-b54/Boiron-b61/Clef-des-champs-b26/Meditrina-b68/Merveilles-d-Abeilles-b69. Lang:fr
04:41:42 Listing url is not the same: /fr/Concentration-memoire-migraine-c56/Clef-des-champs-b26/Druide-b63/Le-Tournesol-ANB-b64/Meditrina-b68/p.UrlBrand vs /fr/Concentration-memoire-migraine-c56/Clef-des-champs-b26/Druide-b63/Le-Tournesol-ANB-b64/Meditrina-b68. Lang:fr
04:41:44 Listing url is not the same: /fr/Concentration-memoire-migraine-c56/Clef-des-champs-b26/Meditrina-b68/Merveilles-d-Abeilles-b69/Natural-Factors-b71/cat.Url vs /fr/Concentration-memoire-migraine-c56/Clef-des-champs-b26/Meditrina-b68/Merveilles-d-Abeilles-b69/Natural-Factors-b71. Lang:fr
04:41:48 Listing url is not the same: /fr/Huiles-magiques-de-wicca-c65/Le-Tournesol-ANB-b64/Meditrina-b68/Merveilles-d-Abeilles-b69/Natural-Factors-b71/b.Url vs /fr/Huiles-magiques-de-wicca-c65/Le-Tournesol-ANB-b64/Meditrina-b68/Merveilles-d-Abeilles-b69/Natural-Factors-b71. Lang:fr
04:41:49 Listing url is not the same: /fr/Stress-c97/A-Vogel-b54/Boiron-b61/Nature-Clean-b72/b.Url vs /fr/Stress-c97/A-Vogel-b54/Boiron-b61/Nature-Clean-b72. Lang:fr
04:41:51 Listing url is not the same: /fr/Stress-c97/Clef-des-champs-b26/Druide-b63/Nature-Clean-b72/p.Url vs /fr/Stress-c97/Clef-des-champs-b26/Druide-b63/Nature-Clean-b72. Lang:fr
05:25:28 Listing url is not the same: /fr/Sante-des-enfants-c108/addressLink vs /fr/Sante-des-enfants-c108. Lang:fr
05:25:33 Listing url is not the same: /fr/Sante-des-enfants-c108/cat.Url vs /fr/Sante-des-enfants-c108. Lang:fr
05:30:11 Listing url is not the same: /fr/Inflammation-c98/Druide-b63/b.Url vs /fr/Inflammation-c98/Druide-b63. Lang:fr
05:33:06 Listing url is not the same: /fr/Inflammation-c98/Meditrina-b68/Merveilles-d-Abeilles-b69/subcat.Url vs /fr/Inflammation-c98/Meditrina-b68/Merveilles-d-Abeilles-b69. Lang:fr
05:35:59 Listing url is not the same: /fr/Stress-c97/A-Vogel-b54/Clef-des-champs-b26/Druide-b63/cat.Url vs /fr/Stress-c97/A-Vogel-b54/Clef-des-champs-b26/Druide-b63. Lang:fr
06:20:53 Listing url is not the same: /fr/Sante-des-enfants-c108/urlBilingual vs /fr/Sante-des-enfants-c108. Lang:fr
06:24:32 Listing url is not the same: /fr/Fatigue-c99/Clef-des-champs-b26/Le-Tournesol-ANB-b64/brand.Url vs /fr/Fatigue-c99/Clef-des-champs-b26/Le-Tournesol-ANB-b64. Lang:fr
06:25:33 Listing url is not the same: /fr/Stress-c97/Le-Tournesol-ANB-b64/Meditrina-b68/b.Url vs /fr/Stress-c97/Le-Tournesol-ANB-b64/Meditrina-b68. Lang:fr
06:26:36 Listing url is not the same: /fr/Detox-Digestion-c87/Clef-des-champs-b26/Meditrina-b68/Merveilles-d-Abeilles-b69/urlBilingual vs /fr/Detox-Digestion-c87/Clef-des-champs-b26/Meditrina-b68/Merveilles-d-Abeilles-b69. Lang:fr
06:27:26 Listing url is not the same: /fr/Detox-Digestion-c87/A-Vogel-b54/Anokian-b58/brand.Url vs /fr/Detox-Digestion-c87/A-Vogel-b54/Anokian-b58. Lang:fr
06:27:34 Listing url is not the same: /fr/Inflammation-c98/Clef-des-champs-b26/Druide-b63/Le-Tournesol-ANB-b64/addressLink vs /fr/Inflammation-c98/Clef-des-champs-b26/Druide-b63/Le-Tournesol-ANB-b64. Lang:fr
06:27:42 Listing url is not the same: /fr/Stress-c97/A-Vogel-b54/Clef-des-champs-b26/Meditrina-b68/cat.Url vs /fr/Stress-c97/A-Vogel-b54/Clef-des-champs-b26/Meditrina-b68. Lang:fr
06:28:07 Listing url is not the same: /fr/Sante-des-femmes-c100/Clef-des-champs-b26/Le-Tournesol-ANB-b64/addressLink vs /fr/Sante-des-femmes-c100/Clef-des-champs-b26/Le-Tournesol-ANB-b64. Lang:fr
06:28:27 Listing url is not the same: /fr/Systeme-immunitaire-c93/Clef-des-champs-b26/Natural-Factors-b71/p.Url vs /fr/Systeme-immunitaire-c93/Clef-des-champs-b26/Natural-Factors-b71. Lang:fr
06:31:52 Listing url is not the same: /fr/Detox-Digestion-c87/A-Vogel-b54/Clef-des-champs-b26/Le-Tournesol-ANB-b64/brand.Url vs /fr/Detox-Digestion-c87/A-Vogel-b54/Clef-des-champs-b26/Le-Tournesol-ANB-b64. Lang:fr
07:25:33 Listing url is not the same: /fr/Inflammation-c98/Clef-des-champs-b26/Le-Tournesol-ANB-b64/Meditrina-b68/promotion.Url vs /fr/Inflammation-c98/Clef-des-champs-b26/Le-Tournesol-ANB-b64/Meditrina-b68. Lang:fr
07:26:29 Listing url is not the same: /fr/Antioxydants-c62/A-Vogel-b54/Anokian-b58/brand.Url vs /fr/Antioxydants-c62/A-Vogel-b54/Anokian-b58. Lang:fr
07:26:49 Listing url is not the same: /fr/Antioxydants-c62/Anokian-b58/Clef-des-champs-b26/promotion.Url vs /fr/Antioxydants-c62/Anokian-b58/Clef-des-champs-b26. Lang:fr
07:26:57 Listing url is not the same: /fr/Inflammation-c98/Boiron-b61/Meditrina-b68/urlBilingual vs /fr/Inflammation-c98/Boiron-b61/Meditrina-b68. Lang:fr
07:28:36 Listing url is not the same: /fr/Fatigue-c99/Clef-des-champs-b26/Druide-b63/Meditrina-b68/Merveilles-d-Abeilles-b69/p.Url vs /fr/Fatigue-c99/Clef-des-champs-b26/Druide-b63/Meditrina-b68/Merveilles-d-Abeilles-b69. Lang:fr
08:17:33 Listing url is not the same: /fr/Stress-c97/A-Vogel-b54/Boiron-b61/p.Url vs /fr/Stress-c97/A-Vogel-b54/Boiron-b61. Lang:fr
08:19:17 Listing url is not the same: /fr/Fatigue-c99/Meditrina-b68/urlBilingual vs /fr/Fatigue-c99/Meditrina-b68. Lang:fr
08:21:20 Listing url is not the same: /fr/Sante-des-enfants-c108/Clef-des-champs-b26/Druide-b63/Meditrina-b68/cat.Url vs /fr/Sante-des-enfants-c108/Clef-des-champs-b26/Druide-b63/Meditrina-b68. Lang:fr
08:21:44 Listing url is not the same: /fr/Cosmetique-parfum-et-deodorant-c60/Anokian-b58/Clef-des-champs-b26/brand.Url vs /fr/Cosmetique-parfum-et-deodorant-c60/Anokian-b58/Clef-des-champs-b26. Lang:fr
08:21:47 Listing url is not the same: /fr/Detox-Digestion-c87/Clef-des-champs-b26/Le-Tournesol-ANB-b64/Meditrina-b68/brand.Url vs /fr/Detox-Digestion-c87/Clef-des-champs-b26/Le-Tournesol-ANB-b64/Meditrina-b68. Lang:fr
08:21:49 Listing url is not the same: /fr/Detox-Digestion-c87/Clef-des-champs-b26/Le-Tournesol-ANB-b64/Meditrina-b68/urlBilingual vs /fr/Detox-Digestion-c87/Clef-des-champs-b26/Le-Tournesol-ANB-b64/Meditrina-b68. Lang:fr
08:21:50 Listing url is not the same: /fr/Fatigue-c99/Meditrina-b68/Merveilles-d-Abeilles-b69/subcat.Url vs /fr/Fatigue-c99/Meditrina-b68/Merveilles-d-Abeilles-b69. Lang:fr
08:21:54 Listing url is not the same: /fr/Sante-des-enfants-c108/Clef-des-champs-b26/Le-Tournesol-ANB-b64/Natural-Factors-b71/urlBilingual vs /fr/Sante-des-enfants-c108/Clef-des-champs-b26/Le-Tournesol-ANB-b64/Natural-Factors-b71. Lang:fr
08:21:57 Listing url is not the same: /fr/Systeme-immunitaire-c93/A-Vogel-b54/Clef-des-champs-b26/Meditrina-b68/promotion.Url vs /fr/Systeme-immunitaire-c93/A-Vogel-b54/Clef-des-champs-b26/Meditrina-b68. Lang:fr
08:23:09 Listing url is not the same: /fr/Chandelles-c70/A-Vogel-b54/Boiron-b61/Clef-des-champs-b26/Meditrina-b68/Merveilles-d-Abeilles-b69/p.Url vs /fr/Chandelles-c70/A-Vogel-b54/Boiron-b61/Clef-des-champs-b26/Meditrina-b68/Merveilles-d-Abeilles-b69. Lang:fr
09:14:53 Listing url is not the same: /fr/Inflammation-c98/Natural-Factors-b71/promotion.Url vs /fr/Inflammation-c98/Natural-Factors-b71. Lang:fr
09:16:11 Listing url is not the same: /fr/Fatigue-c99/A-Vogel-b54/Druide-b63/p.Url vs /fr/Fatigue-c99/A-Vogel-b54/Druide-b63. Lang:fr
09:16:14 Listing url is not the same: /fr/Inflammation-c98/A-Vogel-b54/Anokian-b58/p.Url vs /fr/Inflammation-c98/A-Vogel-b54/Anokian-b58. Lang:fr
09:16:33 Listing url is not the same: /fr/Detox-Digestion-c87/A-Vogel-b54/Anokian-b58/urlBilingual vs /fr/Detox-Digestion-c87/A-Vogel-b54/Anokian-b58. Lang:fr
09:16:41 Listing url is not the same: /fr/Systeme-immunitaire-c93/Boiron-b61/Meditrina-b68/addressLink vs /fr/Systeme-immunitaire-c93/Boiron-b61/Meditrina-b68. Lang:fr
09:16:42 Listing url is not the same: /fr/Systeme-immunitaire-c93/Clef-des-champs-b26/Le-Tournesol-ANB-b64/Natural-Factors-b71/subcat.Url vs /fr/Systeme-immunitaire-c93/Clef-des-champs-b26/Le-Tournesol-ANB-b64/Natural-Factors-b71. Lang:fr
10:08:58 Listing url is not the same: /fr/Detox-Digestion-c87/A-Vogel-b54/Druide-b63/subcat.Url vs /fr/Detox-Digestion-c87/A-Vogel-b54/Druide-b63. Lang:fr
10:09:01 Listing url is not the same: /fr/Inflammation-c98/Natural-Factors-b71/b.Url vs /fr/Inflammation-c98/Natural-Factors-b71. Lang:fr
10:10:51 Listing url is not the same: /fr/Stress-c97/Boiron-b61/Clef-des-champs-b26/subcat.Url vs /fr/Stress-c97/Boiron-b61/Clef-des-champs-b26. Lang:fr
10:11:11 Listing url is not the same: /fr/Inflammation-c98/Meditrina-b68/Merveilles-d-Abeilles-b69/urlBilingual vs /fr/Inflammation-c98/Meditrina-b68/Merveilles-d-Abeilles-b69. Lang:fr
10:12:48 Listing url is not the same: /fr/Chandelles-c70/A-Vogel-b54/Druide-b63/Meditrina-b68/Merveilles-d-Abeilles-b69/b.Url vs /fr/Chandelles-c70/A-Vogel-b54/Druide-b63/Meditrina-b68/Merveilles-d-Abeilles-b69. Lang:fr
11:02:46 Listing url is not the same: /fr/Fatigue-c99/Boiron-b61/promotion.Url vs /fr/Fatigue-c99/Boiron-b61. Lang:fr
11:05:16 Listing url is not the same: /fr/Inflammation-c98/Druide-b63/Meditrina-b68/urlBilingual vs /fr/Inflammation-c98/Druide-b63/Meditrina-b68. Lang:fr
11:05:54 Listing url is not the same: /fr/Sante-des-femmes-c100/Clef-des-champs-b26/Merveilles-d-Abeilles-b69/addressLink vs /fr/Sante-des-femmes-c100/Clef-des-champs-b26/Merveilles-d-Abeilles-b69. Lang:fr
11:07:13 Listing url is not the same: /fr/Stress-c97/Boiron-b61/Nature-Clean-b72/addressLink vs /fr/Stress-c97/Boiron-b61/Nature-Clean-b72. Lang:fr
11:07:14 Listing url is not the same: /fr/Systeme-immunitaire-c93/A-Vogel-b54/Boiron-b61/b.Url vs /fr/Systeme-immunitaire-c93/A-Vogel-b54/Boiron-b61. Lang:fr
11:07:37 Listing url is not the same: /fr/Allergies-c55/A-Vogel-b54/Boiron-b61/Clef-des-champs-b26/Le-Tournesol-ANB-b64/Meditrina-b68/promotion.Url vs /fr/Allergies-c55/A-Vogel-b54/Boiron-b61/Clef-des-champs-b26/Le-Tournesol-ANB-b64/Meditrina-b68. Lang:fr
11:07:39 Listing url is not the same: /fr/Fatigue-c99/Le-Tournesol-ANB-b64/Meditrina-b68/promotion.Url vs /fr/Fatigue-c99/Le-Tournesol-ANB-b64/Meditrina-b68. Lang:fr
11:07:40 Listing url is not the same: /fr/Fatigue-c99/Meditrina-b68/Merveilles-d-Abeilles-b69/b.Url vs /fr/Fatigue-c99/Meditrina-b68/Merveilles-d-Abeilles-b69. Lang:fr
11:07:41 Listing url is not the same: /fr/Sante-des-femmes-c100/A-Vogel-b54/Anokian-b58/brand.Url vs /fr/Sante-des-femmes-c100/A-Vogel-b54/Anokian-b58. Lang:fr
11:08:01 Listing url is not the same: /fr/Systeme-immunitaire-c93/A-Vogel-b54/Nature-Clean-b72/urlBilingual vs /fr/Systeme-immunitaire-c93/A-Vogel-b54/Nature-Clean-b72. Lang:fr
11:56:10 Listing url is not the same: /fr/Fatigue-c99/Boiron-b61/urlBilingual vs /fr/Fatigue-c99/Boiron-b61. Lang:fr
11:58:16 Listing url is not the same: /fr/Sante-des-femmes-c100/A-Vogel-b54/Clef-des-champs-b26/Druide-b63/addressLink vs /fr/Sante-des-femmes-c100/A-Vogel-b54/Clef-des-champs-b26/Druide-b63. Lang:fr
11:59:59 Listing url is not the same: /fr/Sante-des-enfants-c108/Clef-des-champs-b26/Druide-b63/Meditrina-b68/b.Url vs /fr/Sante-des-enfants-c108/Clef-des-champs-b26/Druide-b63/Meditrina-b68. Lang:fr
12:00:00 Listing url is not the same: /fr/Sante-des-enfants-c108/Clef-des-champs-b26/Druide-b63/Meditrina-b68/promotion.Url vs /fr/Sante-des-enfants-c108/Clef-des-champs-b26/Druide-b63/Meditrina-b68. Lang:fr
12:00:35 Listing url is not the same: /fr/Antioxydants-c62/Anokian-b58/Clef-des-champs-b26/subcat.Url vs /fr/Antioxydants-c62/Anokian-b58/Clef-des-champs-b26. Lang:fr
12:00:43 Listing url is not the same: /fr/Inflammation-c98/Meditrina-b68/Merveilles-d-Abeilles-b69/brand.Url vs /fr/Inflammation-c98/Meditrina-b68/Merveilles-d-Abeilles-b69. Lang:fr
12:00:45 Listing url is not the same: /fr/Sante-des-femmes-c100/Clef-des-champs-b26/Le-Tournesol-ANB-b64/Meditrina-b68/p.UrlBrand vs /fr/Sante-des-femmes-c100/Clef-des-champs-b26/Le-Tournesol-ANB-b64/Meditrina-b68. Lang:fr
12:00:46 Listing url is not the same: /fr/Systeme-immunitaire-c93/Boiron-b61/Druide-b63/brand.Url vs /fr/Systeme-immunitaire-c93/Boiron-b61/Druide-b63. Lang:fr
12:00:47 Listing url is not the same: /fr/Systeme-immunitaire-c93/Boiron-b61/Druide-b63/urlBilingual vs /fr/Systeme-immunitaire-c93/Boiron-b61/Druide-b63. Lang:fr
12:03:48 Listing url is not the same: /fr/Antioxydants-c62/A-Vogel-b54/Druide-b63/Le-Tournesol-ANB-b64/Natural-Factors-b71/p.Url vs /fr/Antioxydants-c62/A-Vogel-b54/Druide-b63/Le-Tournesol-ANB-b64/Natural-Factors-b71. Lang:fr
12:03:53 Listing url is not the same: /fr/Antioxydants-c62/Boiron-b61/Clef-des-champs-b26/Druide-b63/Meditrina-b68/Merveilles-d-Abeilles-b69/addressLink vs /fr/Antioxydants-c62/Boiron-b61/Clef-des-champs-b26/Druide-b63/Meditrina-b68/Merveilles-d-Abeilles-b69. Lang:fr
12:03:57 Listing url is not the same: /fr/Huiles-magiques-de-wicca-c65/A-Vogel-b54/Clef-des-champs-b26/Druide-b63/Le-Tournesol-ANB-b64/Meditrina-b68/addressLink vs /fr/Huiles-magiques-de-wicca-c65/A-Vogel-b54/Clef-des-champs-b26/Druide-b63/Le-Tournesol-ANB-b64/Meditrina-b68. Lang:fr
12:50:42 Listing url is not the same: /fr/Detox-Digestion-c87/A-Vogel-b54/Druide-b63/p.UrlBrand vs /fr/Detox-Digestion-c87/A-Vogel-b54/Druide-b63. Lang:fr
12:51:18 Listing url is not the same: /fr/Inflammation-c98/A-Vogel-b54/Boiron-b61/Clef-des-champs-b26/cat.Url vs /fr/Inflammation-c98/A-Vogel-b54/Boiron-b61/Clef-des-champs-b26. Lang:fr
12:51:25 Listing url is not the same: /fr/Sante-des-femmes-c100/Clef-des-champs-b26/Merveilles-d-Abeilles-b69/cat.Url vs /fr/Sante-des-femmes-c100/Clef-des-champs-b26/Merveilles-d-Abeilles-b69. Lang:fr
12:52:44 Listing url is not the same: /fr/Detox-Digestion-c87/Boiron-b61/Druide-b63/subcat.Url vs /fr/Detox-Digestion-c87/Boiron-b61/Druide-b63. Lang:fr
12:52:48 Listing url is not the same: /fr/Fatigue-c99/A-Vogel-b54/Druide-b63/urlBilingual vs /fr/Fatigue-c99/A-Vogel-b54/Druide-b63. Lang:fr
12:52:53 Listing url is not the same: /fr/Inflammation-c98/A-Vogel-b54/Druide-b63/subcat.Url vs /fr/Inflammation-c98/A-Vogel-b54/Druide-b63. Lang:fr
12:53:49 Listing url is not the same: /fr/Rhume-grippe-voie-respiratoire-c57/Clef-des-champs-b26/Le-Tournesol-ANB-b64/Meditrina-b68/Merveilles-d-Abeilles-b69/promotion.Url vs /fr/Rhume-grippe-voie-respiratoire-c57/Clef-des-champs-b26/Le-Tournesol-ANB-b64/Meditrina-b68/Merveilles-d-Abeilles-b69. Lang:fr
12:53:53 Listing url is not the same: /fr/Sante-des-enfants-c108/Clef-des-champs-b26/Natural-Factors-b71/p.UrlBrand vs /fr/Sante-des-enfants-c108/Clef-des-champs-b26/Natural-Factors-b71. Lang:fr
12:53:57 Listing url is not the same: /fr/Sante-des-femmes-c100/A-Vogel-b54/Anokian-b58/urlBilingual vs /fr/Sante-des-femmes-c100/A-Vogel-b54/Anokian-b58. Lang:fr
12:54:02 Listing url is not the same: /fr/Systeme-immunitaire-c93/Clef-des-champs-b26/Le-Tournesol-ANB-b64/Natural-Factors-b71/p.Url vs /fr/Systeme-immunitaire-c93/Clef-des-champs-b26/Le-Tournesol-ANB-b64/Natural-Factors-b71. Lang:fr
13:43:16 Listing url is not the same: /fr/Inflammation-c98/A-Vogel-b54/brand.Url vs /fr/Inflammation-c98/A-Vogel-b54. Lang:fr
13:44:29 Listing url is not the same: /fr/Systeme-immunitaire-c93/Druide-b63/brand.Url vs /fr/Systeme-immunitaire-c93/Druide-b63. Lang:fr
13:44:38 Listing url is not the same: /fr/Stress-c97/A-Vogel-b54/Boiron-b61/urlBilingual vs /fr/Stress-c97/A-Vogel-b54/Boiron-b61. Lang:fr
13:45:59 Listing url is not the same: /fr/Inflammation-c98/Druide-b63/cat.Url vs /fr/Inflammation-c98/Druide-b63. Lang:fr
13:46:04 Listing url is not the same: /fr/Inflammation-c98/Druide-b63/promotion.Url vs /fr/Inflammation-c98/Druide-b63. Lang:fr
13:48:04 Listing url is not the same: /fr/Fatigue-c99/Clef-des-champs-b26/Druide-b63/Meditrina-b68/p.Url vs /fr/Fatigue-c99/Clef-des-champs-b26/Druide-b63/Meditrina-b68. Lang:fr
14:41:47 Listing url is not the same: /fr/Antioxydants-c62/A-Vogel-b54/Anokian-b58/p.Url vs /fr/Antioxydants-c62/A-Vogel-b54/Anokian-b58. Lang:fr
14:42:16 Listing url is not the same: /fr/Antioxydants-c62/Anokian-b58/Meditrina-b68/subcat.Url vs /fr/Antioxydants-c62/Anokian-b58/Meditrina-b68. Lang:fr
14:42:43 Listing url is not the same: /fr/Detox-Digestion-c87/Boiron-b61/Druide-b63/addressLink vs /fr/Detox-Digestion-c87/Boiron-b61/Druide-b63. Lang:fr
14:43:10 Listing url is not the same: /fr/Detox-Digestion-c87/Clef-des-champs-b26/Meditrina-b68/Natural-Factors-b71/cat.Url vs /fr/Detox-Digestion-c87/Clef-des-champs-b26/Meditrina-b68/Natural-Factors-b71. Lang:fr
14:43:35 Listing url is not the same: /fr/Fatigue-c99/A-Vogel-b54/Druide-b63/brand.Url vs /fr/Fatigue-c99/A-Vogel-b54/Druide-b63. Lang:fr
14:44:23 Listing url is not the same: /fr/Sante-des-enfants-c108/Clef-des-champs-b26/Druide-b63/Meditrina-b68/subcat.Url vs /fr/Sante-des-enfants-c108/Clef-des-champs-b26/Druide-b63/Meditrina-b68. Lang:fr
14:44:45 Listing url is not the same: /fr/Allergies-c55/A-Vogel-b54/Boiron-b61/Clef-des-champs-b26/Le-Tournesol-ANB-b64/Meditrina-b68/addressLink vs /fr/Allergies-c55/A-Vogel-b54/Boiron-b61/Clef-des-champs-b26/Le-Tournesol-ANB-b64/Meditrina-b68. Lang:fr
14:45:07 Listing url is not the same: /fr/Cosmetique-parfum-et-deodorant-c60/Anokian-b58/Le-Tournesol-ANB-b64/cat.Url vs /fr/Cosmetique-parfum-et-deodorant-c60/Anokian-b58/Le-Tournesol-ANB-b64. Lang:fr
14:45:27 Listing url is not the same: /fr/Stress-c97/Boiron-b61/Le-Tournesol-ANB-b64/promotion.Url vs /fr/Stress-c97/Boiron-b61/Le-Tournesol-ANB-b64. Lang:fr
14:45:47 Listing url is not the same: /fr/Systeme-immunitaire-c93/Boiron-b61/Druide-b63/p.UrlBrand vs /fr/Systeme-immunitaire-c93/Boiron-b61/Druide-b63. Lang:fr
14:46:05 Listing url is not the same: /fr/Systeme-immunitaire-c93/Clef-des-champs-b26/Natural-Factors-b71/brand.Url vs /fr/Systeme-immunitaire-c93/Clef-des-champs-b26/Natural-Factors-b71. Lang:fr
14:46:22 Listing url is not the same: /fr/Antioxydants-c62/Boiron-b61/Clef-des-champs-b26/Druide-b63/Meditrina-b68/Merveilles-d-Abeilles-b69/p.UrlBrand vs /fr/Antioxydants-c62/Boiron-b61/Clef-des-champs-b26/Druide-b63/Meditrina-b68/Merveilles-d-Abeilles-b69. Lang:fr
15:32:06 Listing url is not the same: /fr/Inflammation-c98/A-Vogel-b54/addressLink vs /fr/Inflammation-c98/A-Vogel-b54. Lang:fr
15:36:52 Listing url is not the same: /fr/Fatigue-c99/Clef-des-champs-b26/Druide-b63/Meditrina-b68/b.Url vs /fr/Fatigue-c99/Clef-des-champs-b26/Druide-b63/Meditrina-b68. Lang:fr
15:36:57 Listing url is not the same: /fr/Stress-c97/Meditrina-b68/Natural-Factors-b71/p.Url vs /fr/Stress-c97/Meditrina-b68/Natural-Factors-b71. Lang:fr
15:37:37 Listing url is not the same: /fr/Stress-c97/Boiron-b61/Clef-des-champs-b26/promotion.Url vs /fr/Stress-c97/Boiron-b61/Clef-des-champs-b26. Lang:fr
15:40:24 Listing url is not the same: /fr/Chandelles-c70/A-Vogel-b54/Boiron-b61/Clef-des-champs-b26/Meditrina-b68/Merveilles-d-Abeilles-b69/promotion.Url vs /fr/Chandelles-c70/A-Vogel-b54/Boiron-b61/Clef-des-champs-b26/Meditrina-b68/Merveilles-d-Abeilles-b69. Lang:fr
15:40:37 Listing url is not the same: /fr/Huiles-magiques-de-wicca-c65/A-Vogel-b54/Clef-des-champs-b26/Druide-b63/Le-Tournesol-ANB-b64/Meditrina-b68/b.Url vs /fr/Huiles-magiques-de-wicca-c65/A-Vogel-b54/Clef-des-champs-b26/Druide-b63/Le-Tournesol-ANB-b64/Meditrina-b68. Lang:fr
15:44:18 Listing url is not the same: /fr/Concentration-memoire-migraine-c56/Boiron-b61/Clef-des-champs-b26/Meditrina-b68/Natural-Factors-b71/subcat.Url vs /fr/Concentration-memoire-migraine-c56/Boiron-b61/Clef-des-champs-b26/Meditrina-b68/Natural-Factors-b71. Lang:fr
16:24:33 Listing url is not the same: /fr/Sante-des-femmes-c100/p.Url vs /fr/Sante-des-femmes-c100. Lang:fr
16:24:41 Listing url is not the same: /fr/Sante-des-femmes-c100/addressLink vs /fr/Sante-des-femmes-c100. Lang:fr
16:26:51 Listing url is not the same: /fr/Inflammation-c98/A-Vogel-b54/p.UrlBrand vs /fr/Inflammation-c98/A-Vogel-b54. Lang:fr
16:30:41 Listing url is not the same: /fr/Systeme-immunitaire-c93/A-Vogel-b54/Boiron-b61/Clef-des-champs-b26/promotion.Url vs /fr/Systeme-immunitaire-c93/A-Vogel-b54/Boiron-b61/Clef-des-champs-b26. Lang:fr
16:32:07 Listing url is not the same: /fr/Allergies-c55/Druide-b63/Le-Tournesol-ANB-b64/Natural-Factors-b71/subcat.Url vs /fr/Allergies-c55/Druide-b63/Le-Tournesol-ANB-b64/Natural-Factors-b71. Lang:fr
16:32:09 Listing url is not the same: /fr/Detox-Digestion-c87/A-Vogel-b54/Boiron-b61/Clef-des-champs-b26/brand.Url vs /fr/Detox-Digestion-c87/A-Vogel-b54/Boiron-b61/Clef-des-champs-b26. Lang:fr
16:32:11 Listing url is not the same: /fr/Fatigue-c99/A-Vogel-b54/Druide-b63/promotion.Url vs /fr/Fatigue-c99/A-Vogel-b54/Druide-b63. Lang:fr
16:32:13 Listing url is not the same: /fr/Sante-des-enfants-c108/A-Vogel-b54/Boiron-b61/Clef-des-champs-b26/subcat.Url vs /fr/Sante-des-enfants-c108/A-Vogel-b54/Boiron-b61/Clef-des-champs-b26. Lang:fr
16:32:15 Listing url is not the same: /fr/Sante-des-enfants-c108/Clef-des-champs-b26/Druide-b63/Meditrina-b68/p.Url vs /fr/Sante-des-enfants-c108/Clef-des-champs-b26/Druide-b63/Meditrina-b68. Lang:fr
16:32:16 Listing url is not the same: /fr/Stress-c97/A-Vogel-b54/Clef-des-champs-b26/Meditrina-b68/p.Url vs /fr/Stress-c97/A-Vogel-b54/Clef-des-champs-b26/Meditrina-b68. Lang:fr
16:32:53 Listing url is not the same: /fr/Fatigue-c99/Le-Tournesol-ANB-b64/Meditrina-b68/subcat.Url vs /fr/Fatigue-c99/Le-Tournesol-ANB-b64/Meditrina-b68. Lang:fr
16:32:56 Listing url is not the same: /fr/Stress-c97/Meditrina-b68/Natural-Factors-b71/p.UrlBrand vs /fr/Stress-c97/Meditrina-b68/Natural-Factors-b71. Lang:fr
16:35:58 Listing url is not the same: /fr/Chandelles-c70/A-Vogel-b54/Boiron-b61/Clef-des-champs-b26/Meditrina-b68/Merveilles-d-Abeilles-b69/brand.Url vs /fr/Chandelles-c70/A-Vogel-b54/Boiron-b61/Clef-des-champs-b26/Meditrina-b68/Merveilles-d-Abeilles-b69. Lang:fr
17:38:41 Listing url is not the same: /fr/Fatigue-c99/Boiron-b61/Druide-b63/brand.Url vs /fr/Fatigue-c99/Boiron-b61/Druide-b63. Lang:fr
17:38:43 Listing url is not the same: /fr/Fatigue-c99/Natural-Factors-b71/subcat.Url vs /fr/Fatigue-c99/Natural-Factors-b71. Lang:fr
17:39:24 Listing url is not the same: /fr/Systeme-immunitaire-c93/Clef-des-champs-b26/Le-Tournesol-ANB-b64/subcat.Url vs /fr/Systeme-immunitaire-c93/Clef-des-champs-b26/Le-Tournesol-ANB-b64. Lang:fr
17:40:54 Listing url is not the same: /fr/Detox-Digestion-c87/A-Vogel-b54/Anokian-b58/b.Url vs /fr/Detox-Digestion-c87/A-Vogel-b54/Anokian-b58. Lang:fr
17:40:56 Listing url is not the same: /fr/Sante-des-enfants-c108/A-Vogel-b54/Boiron-b61/Clef-des-champs-b26/p.UrlBrand vs /fr/Sante-des-enfants-c108/A-Vogel-b54/Boiron-b61/Clef-des-champs-b26. Lang:fr
17:40:57 Listing url is not the same: /fr/Systeme-immunitaire-c93/A-Vogel-b54/Clef-des-champs-b26/Meditrina-b68/p.Url vs /fr/Systeme-immunitaire-c93/A-Vogel-b54/Clef-des-champs-b26/Meditrina-b68. Lang:fr
17:41:19 Listing url is not the same: /fr/Antioxydants-c62/Anokian-b58/Meditrina-b68/urlBilingual vs /fr/Antioxydants-c62/Anokian-b58/Meditrina-b68. Lang:fr
17:42:05 Listing url is not the same: /fr/Chandelles-c70/A-Vogel-b54/Druide-b63/Meditrina-b68/Merveilles-d-Abeilles-b69/subcat.Url vs /fr/Chandelles-c70/A-Vogel-b54/Druide-b63/Meditrina-b68/Merveilles-d-Abeilles-b69. Lang:fr
18:30:55 Listing url is not the same: /fr/Fatigue-c99/Boiron-b61/cat.Url vs /fr/Fatigue-c99/Boiron-b61. Lang:fr
18:30:58 Listing url is not the same: /fr/Sante-des-enfants-c108/Boiron-b61/Clef-des-champs-b26/promotion.Url vs /fr/Sante-des-enfants-c108/Boiron-b61/Clef-des-champs-b26. Lang:fr
18:31:00 Listing url is not the same: /fr/Sante-des-femmes-c100/Clef-des-champs-b26/Druide-b63/cat.Url vs /fr/Sante-des-femmes-c100/Clef-des-champs-b26/Druide-b63. Lang:fr
18:31:02 Listing url is not the same: /fr/Sante-des-femmes-c100/Clef-des-champs-b26/Druide-b63/promotion.Url vs /fr/Sante-des-femmes-c100/Clef-des-champs-b26/Druide-b63. Lang:fr
18:31:34 Listing url is not the same: /fr/Sante-des-femmes-c100/Druide-b63/p.Url vs /fr/Sante-des-femmes-c100/Druide-b63. Lang:fr
18:34:09 Listing url is not the same: /fr/Homeopathie-c12/subcat.Url vs /fr/Homeopathie-c12. Lang:fr
18:36:43 Listing url is not the same: /fr/Fatigue-c99/Le-Tournesol-ANB-b64/Meditrina-b68/p.UrlBrand vs /fr/Fatigue-c99/Le-Tournesol-ANB-b64/Meditrina-b68. Lang:fr
18:36:45 Listing url is not the same: /fr/Sante-des-femmes-c100/Merveilles-d-Abeilles-b69/addressLink vs /fr/Sante-des-femmes-c100/Merveilles-d-Abeilles-b69. Lang:fr
18:37:46 Listing url is not the same: /fr/Cosmetique-parfum-et-deodorant-c60/Anokian-b58/Le-Tournesol-ANB-b64/brand.Url vs /fr/Cosmetique-parfum-et-deodorant-c60/Anokian-b58/Le-Tournesol-ANB-b64. Lang:fr
18:39:46 Listing url is not the same: /fr/Coeur-et-sante-generale-c106/Anokian-b58/subcat.Url vs /fr/Coeur-et-sante-generale-c106/Anokian-b58. Lang:fr
18:39:50 Listing url is not the same: /fr/Detox-Digestion-c87/Anokian-b58/promotion.Url vs /fr/Detox-Digestion-c87/Anokian-b58. Lang:fr
18:39:57 Listing url is not the same: /fr/Nettoyage-c73/Anokian-b58/promotion.Url vs /fr/Nettoyage-c73/Anokian-b58. Lang:fr
18:40:07 Listing url is not the same: /fr/Nettoyage-c73/Anokian-b58/urlBilingual vs /fr/Nettoyage-c73/Anokian-b58. Lang:fr
18:40:33 Listing url is not the same: /fr/Stress-c97/A-Vogel-b54/Le-Tournesol-ANB-b64/promotion.Url vs /fr/Stress-c97/A-Vogel-b54/Le-Tournesol-ANB-b64. Lang:fr
18:40:40 Listing url is not the same: /fr/Stress-c97/Boiron-b61/Meditrina-b68/brand.Url vs /fr/Stress-c97/Boiron-b61/Meditrina-b68. Lang:fr
18:40:46 Listing url is not the same: /fr/Stress-c97/Nature-Clean-b72/brand.Url vs /fr/Stress-c97/Nature-Clean-b72. Lang:fr
18:40:50 Listing url is not the same: /fr/Systeme-immunitaire-c93/Boiron-b61/Druide-b63/cat.Url vs /fr/Systeme-immunitaire-c93/Boiron-b61/Druide-b63. Lang:fr
18:40:58 Listing url is not the same: /fr/Inflammation-c98/Clef-des-champs-b26/Meditrina-b68/Merveilles-d-Abeilles-b69/addressLink vs /fr/Inflammation-c98/Clef-des-champs-b26/Meditrina-b68/Merveilles-d-Abeilles-b69. Lang:fr
18:41:01 Listing url is not the same: /fr/Sante-des-femmes-c100/A-Vogel-b54/Clef-des-champs-b26/Meditrina-b68/urlBilingual vs /fr/Sante-des-femmes-c100/A-Vogel-b54/Clef-des-champs-b26/Meditrina-b68. Lang:fr
18:41:04 Listing url is not the same: /fr/Sante-des-femmes-c100/Clef-des-champs-b26/Le-Tournesol-ANB-b64/Meditrina-b68/brand.Url vs /fr/Sante-des-femmes-c100/Clef-des-champs-b26/Le-Tournesol-ANB-b64/Meditrina-b68. Lang:fr
18:41:30 Listing url is not the same: /fr/Sommeil-c88/Boiron-b61/Clef-des-champs-b26/Druide-b63/b.Url vs /fr/Sommeil-c88/Boiron-b61/Clef-des-champs-b26/Druide-b63. Lang:fr
18:42:08 Listing url is not the same: /fr/Antioxydants-c62/Anokian-b58/Natural-Factors-b71/p.Url vs /fr/Antioxydants-c62/Anokian-b58/Natural-Factors-b71. Lang:fr
18:42:15 Listing url is not the same: /fr/Homeopathie-c12/A-Vogel-b54/Clef-des-champs-b26/urlBilingual vs /fr/Homeopathie-c12/A-Vogel-b54/Clef-des-champs-b26. Lang:fr
18:42:23 Listing url is not the same: /fr/Homeopathie-c12/A-Vogel-b54/Druide-b63/brand.Url vs /fr/Homeopathie-c12/A-Vogel-b54/Druide-b63. Lang:fr
18:42:38 Listing url is not the same: /fr/Sommeil-c88/Clef-des-champs-b26/Natural-Factors-b71/p.Url vs /fr/Sommeil-c88/Clef-des-champs-b26/Natural-Factors-b71. Lang:fr
18:42:47 Listing url is not the same: /fr/Stress-c97/Le-Tournesol-ANB-b64/Natural-Factors-b71/subcat.Url vs /fr/Stress-c97/Le-Tournesol-ANB-b64/Natural-Factors-b71. Lang:fr
18:42:55 Listing url is not the same: /fr/Systeme-immunitaire-c93/A-Vogel-b54/Meditrina-b68/urlBilingual vs /fr/Systeme-immunitaire-c93/A-Vogel-b54/Meditrina-b68. Lang:fr
19:25:53 Listing url is not the same: /fr/Stress-c97/promotion.Url vs /fr/Stress-c97. Lang:fr
19:33:04 Listing url is not the same: /fr/Homeopathie-c12/p.UrlBrand vs /fr/Homeopathie-c12. Lang:fr
19:33:08 Listing url is not the same: /fr/Systeme-immunitaire-c93/Clef-des-champs-b26/Le-Tournesol-ANB-b64/b.Url vs /fr/Systeme-immunitaire-c93/Clef-des-champs-b26/Le-Tournesol-ANB-b64. Lang:fr
19:34:05 Listing url is not the same: /fr/Cosmetique-parfum-et-deodorant-c60/Anokian-b58/Boiron-b61/promotion.Url vs /fr/Cosmetique-parfum-et-deodorant-c60/Anokian-b58/Boiron-b61. Lang:fr
19:34:08 Listing url is not the same: /fr/Detox-Digestion-c87/Clef-des-champs-b26/Merveilles-d-Abeilles-b69/subcat.Url vs /fr/Detox-Digestion-c87/Clef-des-champs-b26/Merveilles-d-Abeilles-b69. Lang:fr
19:35:36 Listing url is not the same: /fr/Fatigue-c99/Le-Tournesol-ANB-b64/Meditrina-b68/addressLink vs /fr/Fatigue-c99/Le-Tournesol-ANB-b64/Meditrina-b68. Lang:fr
19:35:38 Listing url is not the same: /fr/Sommeil-c88/Boiron-b61/Clef-des-champs-b26/brand.Url vs /fr/Sommeil-c88/Boiron-b61/Clef-des-champs-b26. Lang:fr
19:35:40 Listing url is not the same: /fr/Stress-c97/Boiron-b61/Clef-des-champs-b26/cat.Url vs /fr/Stress-c97/Boiron-b61/Clef-des-champs-b26. Lang:fr
19:36:56 Listing url is not the same: /fr/Cosmetique-parfum-et-deodorant-c60/Anokian-b58/Le-Tournesol-ANB-b64/p.Url vs /fr/Cosmetique-parfum-et-deodorant-c60/Anokian-b58/Le-Tournesol-ANB-b64. Lang:fr
19:37:01 Listing url is not the same: /fr/Rhume-grippe-voie-respiratoire-c57/A-Vogel-b54/Anokian-b58/subcat.Url vs /fr/Rhume-grippe-voie-respiratoire-c57/A-Vogel-b54/Anokian-b58. Lang:fr
19:37:02 Listing url is not the same: /fr/Sante-des-enfants-c108/Clef-des-champs-b26/Merveilles-d-Abeilles-b69/subcat.Url vs /fr/Sante-des-enfants-c108/Clef-des-champs-b26/Merveilles-d-Abeilles-b69. Lang:fr
19:38:59 Listing url is not the same: /fr/Fatigue-c99/Meditrina-b68/Merveilles-d-Abeilles-b69/addressLink vs /fr/Fatigue-c99/Meditrina-b68/Merveilles-d-Abeilles-b69. Lang:fr
19:39:01 Listing url is not the same: /fr/Inflammation-c98/Boiron-b61/Druide-b63/p.UrlBrand vs /fr/Inflammation-c98/Boiron-b61/Druide-b63. Lang:fr
19:39:03 Listing url is not the same: /fr/Sante-des-enfants-c108/Boiron-b61/Meditrina-b68/subcat.Url vs /fr/Sante-des-enfants-c108/Boiron-b61/Meditrina-b68. Lang:fr
19:39:05 Listing url is not the same: /fr/Sante-des-femmes-c100/Le-Tournesol-ANB-b64/Meditrina-b68/p.Url vs /fr/Sante-des-femmes-c100/Le-Tournesol-ANB-b64/Meditrina-b68. Lang:fr
19:39:06 Listing url is not the same: /fr/Systeme-immunitaire-c93/Nature-Clean-b72/addressLink vs /fr/Systeme-immunitaire-c93/Nature-Clean-b72. Lang:fr
19:39:34 Listing url is not the same: /fr/Stress-c97/A-Vogel-b54/Clef-des-champs-b26/Meditrina-b68/addressLink vs /fr/Stress-c97/A-Vogel-b54/Clef-des-champs-b26/Meditrina-b68. Lang:fr
19:39:35 Listing url is not the same: /fr/Systeme-immunitaire-c93/Boiron-b61/Le-Tournesol-ANB-b64/promotion.Url vs /fr/Systeme-immunitaire-c93/Boiron-b61/Le-Tournesol-ANB-b64. Lang:fr
19:41:09 Listing url is not the same: /fr/Detox-Digestion-c87/A-Vogel-b54/Clef-des-champs-b26/Le-Tournesol-ANB-b64/subcat.Url vs /fr/Detox-Digestion-c87/A-Vogel-b54/Clef-des-champs-b26/Le-Tournesol-ANB-b64. Lang:fr
19:41:10 Listing url is not the same: /fr/Detox-Digestion-c87/A-Vogel-b54/Meditrina-b68/urlBilingual vs /fr/Detox-Digestion-c87/A-Vogel-b54/Meditrina-b68. Lang:fr
19:41:10 Listing url is not the same: /fr/Detox-Digestion-c87/Anokian-b58/Clef-des-champs-b26/b.Url vs /fr/Detox-Digestion-c87/Anokian-b58/Clef-des-champs-b26. Lang:fr
19:41:20 Listing url is not the same: /fr/Fatigue-c99/Clef-des-champs-b26/Nature-Clean-b72/promotion.Url vs /fr/Fatigue-c99/Clef-des-champs-b26/Nature-Clean-b72. Lang:fr
19:41:24 Listing url is not the same: /fr/Huiles-magiques-de-wicca-c65/Anokian-b58/Boiron-b61/b.Url vs /fr/Huiles-magiques-de-wicca-c65/Anokian-b58/Boiron-b61. Lang:fr
19:41:28 Listing url is not the same: /fr/Nettoyage-c73/Anokian-b58/Le-Tournesol-ANB-b64/p.UrlBrand vs /fr/Nettoyage-c73/Anokian-b58/Le-Tournesol-ANB-b64. Lang:fr
19:41:35 Listing url is not the same: /fr/Sante-des-enfants-c108/Clef-des-champs-b26/Meditrina-b68/Natural-Factors-b71/b.Url vs /fr/Sante-des-enfants-c108/Clef-des-champs-b26/Meditrina-b68/Natural-Factors-b71. Lang:fr
19:41:37 Listing url is not the same: /fr/Sante-des-femmes-c100/A-Vogel-b54/Anokian-b58/p.Url vs /fr/Sante-des-femmes-c100/A-Vogel-b54/Anokian-b58. Lang:fr
19:41:42 Listing url is not the same: /fr/Sante-des-femmes-c100/Boiron-b61/Clef-des-champs-b26/Merveilles-d-Abeilles-b69/b.Url vs /fr/Sante-des-femmes-c100/Boiron-b61/Clef-des-champs-b26/Merveilles-d-Abeilles-b69. Lang:fr
20:19:20 Listing url is not the same: /fr/Cosmetique-parfum-et-deodorant-c60/Anokian-b58/Boiron-b61/p.Url vs /fr/Cosmetique-parfum-et-deodorant-c60/Anokian-b58/Boiron-b61. Lang:fr
20:19:43 Listing url is not the same: /fr/Sante-des-enfants-c108/Clef-des-champs-b26/Le-Tournesol-ANB-b64/promotion.Url vs /fr/Sante-des-enfants-c108/Clef-des-champs-b26/Le-Tournesol-ANB-b64. Lang:fr
20:20:01 Listing url is not the same: /fr/Allergies-c55/A-Vogel-b54/Anokian-b58/p.UrlBrand vs /fr/Allergies-c55/A-Vogel-b54/Anokian-b58. Lang:fr
20:20:04 Listing url is not the same: /fr/Sante-des-femmes-c100/A-Vogel-b54/Clef-des-champs-b26/Druide-b63/b.Url vs /fr/Sante-des-femmes-c100/A-Vogel-b54/Clef-des-champs-b26/Druide-b63. Lang:fr
20:20:05 Listing url is not the same: /fr/Sante-des-femmes-c100/A-Vogel-b54/Clef-des-champs-b26/Druide-b63/p.UrlBrand vs /fr/Sante-des-femmes-c100/A-Vogel-b54/Clef-des-champs-b26/Druide-b63. Lang:fr
20:20:07 Listing url is not the same: /fr/Sommeil-c88/Clef-des-champs-b26/Druide-b63/urlBilingual vs /fr/Sommeil-c88/Clef-des-champs-b26/Druide-b63. Lang:fr
20:20:26 Listing url is not the same: /fr/Fatigue-c99/Boiron-b61/Clef-des-champs-b26/Meditrina-b68/p.Url vs /fr/Fatigue-c99/Boiron-b61/Clef-des-champs-b26/Meditrina-b68. Lang:fr
20:20:27 Listing url is not the same: /fr/Sante-des-enfants-c108/Clef-des-champs-b26/Merveilles-d-Abeilles-b69/p.UrlBrand vs /fr/Sante-des-enfants-c108/Clef-des-champs-b26/Merveilles-d-Abeilles-b69. Lang:fr
20:21:22 Listing url is not the same: /fr/Allergies-c55/Anokian-b58/Boiron-b61/subcat.Url vs /fr/Allergies-c55/Anokian-b58/Boiron-b61. Lang:fr
20:21:23 Listing url is not the same: /fr/Fatigue-c99/Natural-Factors-b71/p.UrlBrand vs /fr/Fatigue-c99/Natural-Factors-b71. Lang:fr
20:21:24 Listing url is not the same: /fr/Inflammation-c98/Natural-Factors-b71/cat.Url vs /fr/Inflammation-c98/Natural-Factors-b71. Lang:fr
20:21:24 Listing url is not the same: /fr/Sante-des-enfants-c108/Boiron-b61/Meditrina-b68/cat.Url vs /fr/Sante-des-enfants-c108/Boiron-b61/Meditrina-b68. Lang:fr
20:21:25 Listing url is not the same: /fr/Sommeil-c88/Clef-des-champs-b26/Meditrina-b68/urlBilingual vs /fr/Sommeil-c88/Clef-des-champs-b26/Meditrina-b68. Lang:fr
20:21:26 Listing url is not the same: /fr/Stress-c97/A-Vogel-b54/Clef-des-champs-b26/p.Url vs /fr/Stress-c97/A-Vogel-b54/Clef-des-champs-b26. Lang:fr
20:21:38 Listing url is not the same: /fr/Systeme-immunitaire-c93/Boiron-b61/Druide-b63/addressLink vs /fr/Systeme-immunitaire-c93/Boiron-b61/Druide-b63. Lang:fr
20:21:59 Listing url is not the same: /fr/Detox-Digestion-c87/Clef-des-champs-b26/Druide-b63/Meditrina-b68/subcat.Url vs /fr/Detox-Digestion-c87/Clef-des-champs-b26/Druide-b63/Meditrina-b68. Lang:fr
20:25:51 Listing url is not the same: /fr/Coeur-et-sante-generale-c106/Boiron-b61/Druide-b63/urlBilingual vs /fr/Coeur-et-sante-generale-c106/Boiron-b61/Druide-b63. Lang:fr
20:25:59 Listing url is not the same: /fr/Detox-Digestion-c87/Anokian-b58/Clef-des-champs-b26/cat.Url vs /fr/Detox-Digestion-c87/Anokian-b58/Clef-des-champs-b26. Lang:fr
20:26:03 Listing url is not the same: /fr/Detox-Digestion-c87/Clef-des-champs-b26/Le-Tournesol-ANB-b64/Natural-Factors-b71/promotion.Url vs /fr/Detox-Digestion-c87/Clef-des-champs-b26/Le-Tournesol-ANB-b64/Natural-Factors-b71. Lang:fr
20:26:05 Listing url is not the same: /fr/Fatigue-c99/Clef-des-champs-b26/Druide-b63/Le-Tournesol-ANB-b64/subcat.Url vs /fr/Fatigue-c99/Clef-des-champs-b26/Druide-b63/Le-Tournesol-ANB-b64. Lang:fr
20:26:06 Listing url is not the same: /fr/Homeopathie-c12/A-Vogel-b54/Nature-Clean-b72/subcat.Url vs /fr/Homeopathie-c12/A-Vogel-b54/Nature-Clean-b72. Lang:fr
20:26:07 Listing url is not the same: /fr/Inflammation-c98/A-Vogel-b54/Clef-des-champs-b26/Le-Tournesol-ANB-b64/promotion.Url vs /fr/Inflammation-c98/A-Vogel-b54/Clef-des-champs-b26/Le-Tournesol-ANB-b64. Lang:fr
20:26:09 Listing url is not the same: /fr/Nettoyage-c73/Anokian-b58/Natural-Factors-b71/cat.Url vs /fr/Nettoyage-c73/Anokian-b58/Natural-Factors-b71. Lang:fr
20:26:10 Listing url is not the same: /fr/Sante-des-enfants-c108/A-Vogel-b54/Anokian-b58/urlBilingual vs /fr/Sante-des-enfants-c108/A-Vogel-b54/Anokian-b58. Lang:fr
20:26:11 Listing url is not the same: /fr/Sante-des-femmes-c100/Druide-b63/Nature-Clean-b72/p.Url vs /fr/Sante-des-femmes-c100/Druide-b63/Nature-Clean-b72. Lang:fr
20:26:15 Listing url is not the same: /fr/Stress-c97/A-Vogel-b54/Natural-Factors-b71/b.Url vs /fr/Stress-c97/A-Vogel-b54/Natural-Factors-b71. Lang:fr
20:26:17 Listing url is not the same: /fr/Stress-c97/Meditrina-b68/Nature-Clean-b72/urlBilingual vs /fr/Stress-c97/Meditrina-b68/Nature-Clean-b72. Lang:fr
20:26:17 Listing url is not the same: /fr/Systeme-immunitaire-c93/Anokian-b58/Clef-des-champs-b26/cat.Url vs /fr/Systeme-immunitaire-c93/Anokian-b58/Clef-des-champs-b26. Lang:fr
21:22:34 Listing url is not the same: /fr/Fatigue-c99/Boiron-b61/p.Url vs /fr/Fatigue-c99/Boiron-b61. Lang:fr
21:22:36 Listing url is not the same: /fr/Sante-des-enfants-c108/Boiron-b61/Clef-des-champs-b26/cat.Url vs /fr/Sante-des-enfants-c108/Boiron-b61/Clef-des-champs-b26. Lang:fr
21:23:05 Listing url is not the same: /fr/Sante-des-enfants-c108/A-Vogel-b54/promotion.Url vs /fr/Sante-des-enfants-c108/A-Vogel-b54. Lang:fr
21:23:06 Listing url is not the same: /fr/Stress-c97/A-Vogel-b54/urlBilingual vs /fr/Stress-c97/A-Vogel-b54. Lang:fr
21:23:08 Listing url is not the same: /fr/Stress-c97/Clef-des-champs-b26/p.UrlBrand vs /fr/Stress-c97/Clef-des-champs-b26. Lang:fr
21:25:25 Listing url is not the same: /fr/Homeopathie-c12/Boiron-b61/Clef-des-champs-b26/addressLink vs /fr/Homeopathie-c12/Boiron-b61/Clef-des-champs-b26. Lang:fr
21:25:26 Listing url is not the same: /fr/Sante-des-femmes-c100/Merveilles-d-Abeilles-b69/promotion.Url vs /fr/Sante-des-femmes-c100/Merveilles-d-Abeilles-b69. Lang:fr
21:26:03 Listing url is not the same: /fr/Cosmetique-parfum-et-deodorant-c60/Anokian-b58/Le-Tournesol-ANB-b64/subcat.Url vs /fr/Cosmetique-parfum-et-deodorant-c60/Anokian-b58/Le-Tournesol-ANB-b64. Lang:fr
21:28:25 Listing url is not the same: /fr/Detox-Digestion-c87/Nature-Clean-b72/promotion.Url vs /fr/Detox-Digestion-c87/Nature-Clean-b72. Lang:fr
21:28:28 Listing url is not the same: /fr/Detox-Digestion-c87/Nature-Clean-b72/urlBilingual vs /fr/Detox-Digestion-c87/Nature-Clean-b72. Lang:fr
21:28:31 Listing url is not the same: /fr/Inflammation-c98/A-Vogel-b54/Meditrina-b68/p.Url vs /fr/Inflammation-c98/A-Vogel-b54/Meditrina-b68. Lang:fr
21:28:34 Listing url is not the same: /fr/Sante-des-enfants-c108/Anokian-b58/promotion.Url vs /fr/Sante-des-enfants-c108/Anokian-b58. Lang:fr
21:28:41 Listing url is not the same: /fr/Sommeil-c88/A-Vogel-b54/promotion.Url vs /fr/Sommeil-c88/A-Vogel-b54. Lang:fr
21:29:20 Listing url is not the same: /fr/Cosmetique-parfum-et-deodorant-c60/Anokian-b58/Druide-b63/p.UrlBrand vs /fr/Cosmetique-parfum-et-deodorant-c60/Anokian-b58/Druide-b63. Lang:fr
21:29:29 Listing url is not the same: /fr/Systeme-immunitaire-c93/Clef-des-champs-b26/Druide-b63/Le-Tournesol-ANB-b64/addressLink vs /fr/Systeme-immunitaire-c93/Clef-des-champs-b26/Druide-b63/Le-Tournesol-ANB-b64. Lang:fr
21:32:36 Listing url is not the same: /fr/Detox-Digestion-c87/A-Vogel-b54/Clef-des-champs-b26/Le-Tournesol-ANB-b64/p.Url vs /fr/Detox-Digestion-c87/A-Vogel-b54/Clef-des-champs-b26/Le-Tournesol-ANB-b64. Lang:fr
21:32:37 Listing url is not the same: /fr/Detox-Digestion-c87/Clef-des-champs-b26/Le-Tournesol-ANB-b64/Merveilles-d-Abeilles-b69/b.Url vs /fr/Detox-Digestion-c87/Clef-des-champs-b26/Le-Tournesol-ANB-b64/Merveilles-d-Abeilles-b69. Lang:fr
21:32:37 Listing url is not the same: /fr/Detox-Digestion-c87/Flora-b123/Le-Tournesol-ANB-b64/cat.Url vs /fr/Detox-Digestion-c87/Flora-b123/Le-Tournesol-ANB-b64. Lang:fr
21:32:40 Listing url is not the same: /fr/Fatigue-c99/Clef-des-champs-b26/Nature-Clean-b72/subcat.Url vs /fr/Fatigue-c99/Clef-des-champs-b26/Nature-Clean-b72. Lang:fr
21:32:42 Listing url is not the same: /fr/Homeopathie-c12/A-Vogel-b54/Clef-des-champs-b26/promotion.Url vs /fr/Homeopathie-c12/A-Vogel-b54/Clef-des-champs-b26. Lang:fr
21:32:44 Listing url is not the same: /fr/Inflammation-c98/Clef-des-champs-b26/Le-Tournesol-ANB-b64/Natural-Factors-b71/promotion.Url vs /fr/Inflammation-c98/Clef-des-champs-b26/Le-Tournesol-ANB-b64/Natural-Factors-b71. Lang:fr
21:32:45 Listing url is not the same: /fr/Inflammation-c98/Druide-b63/Nature-Clean-b72/promotion.Url vs /fr/Inflammation-c98/Druide-b63/Nature-Clean-b72. Lang:fr
21:32:47 Listing url is not the same: /fr/Stress-c97/A-Vogel-b54/Nature-Clean-b72/urlBilingual vs /fr/Stress-c97/A-Vogel-b54/Nature-Clean-b72. Lang:fr
21:32:47 Listing url is not the same: /fr/Stress-c97/Anokian-b58/Boiron-b61/subcat.Url vs /fr/Stress-c97/Anokian-b58/Boiron-b61. Lang:fr
22:24:36 Listing url is not the same: /fr/Sante-des-femmes-c100/Druide-b63/subcat.Url vs /fr/Sante-des-femmes-c100/Druide-b63. Lang:fr
22:25:57 Listing url is not the same: /fr/Inflammation-c98/A-Vogel-b54/Boiron-b61/p.UrlBrand vs /fr/Inflammation-c98/A-Vogel-b54/Boiron-b61. Lang:fr
22:26:51 Listing url is not the same: /fr/Detox-Digestion-c87/Le-Tournesol-ANB-b64/subcat.Url vs /fr/Detox-Digestion-c87/Le-Tournesol-ANB-b64. Lang:fr
22:29:32 Listing url is not the same: /fr/Fatigue-c99/Clef-des-champs-b26/Merveilles-d-Abeilles-b69/p.UrlBrand vs /fr/Fatigue-c99/Clef-des-champs-b26/Merveilles-d-Abeilles-b69. Lang:fr
22:31:32 Listing url is not the same: /fr/Allergies-c55/Anokian-b58/Boiron-b61/cat.Url vs /fr/Allergies-c55/Anokian-b58/Boiron-b61. Lang:fr
22:31:40 Listing url is not the same: /fr/Homeopathie-c12/A-Vogel-b54/p.Url vs /fr/Homeopathie-c12/A-Vogel-b54. Lang:fr
22:31:41 Listing url is not the same: /fr/Inflammation-c98/A-Vogel-b54/Meditrina-b68/addressLink vs /fr/Inflammation-c98/A-Vogel-b54/Meditrina-b68. Lang:fr
22:31:43 Listing url is not the same: /fr/Sante-des-enfants-c108/Druide-b63/p.Url vs /fr/Sante-des-enfants-c108/Druide-b63. Lang:fr
22:31:45 Listing url is not the same: /fr/Stress-c97/Boiron-b61/Meditrina-b68/addressLink vs /fr/Stress-c97/Boiron-b61/Meditrina-b68. Lang:fr
22:31:46 Listing url is not the same: /fr/Systeme-immunitaire-c93/A-Vogel-b54/Anokian-b58/p.Url vs /fr/Systeme-immunitaire-c93/A-Vogel-b54/Anokian-b58. Lang:fr
22:32:21 Listing url is not the same: /fr/Detox-Digestion-c87/A-Vogel-b54/Clef-des-champs-b26/Meditrina-b68/brand.Url vs /fr/Detox-Digestion-c87/A-Vogel-b54/Clef-des-champs-b26/Meditrina-b68. Lang:fr
22:32:22 Listing url is not the same: /fr/Fatigue-c99/Meditrina-b68/Merveilles-d-Abeilles-b69/promotion.Url vs /fr/Fatigue-c99/Meditrina-b68/Merveilles-d-Abeilles-b69. Lang:fr
22:32:23 Listing url is not the same: /fr/Sante-des-femmes-c100/Clef-des-champs-b26/Merveilles-d-Abeilles-b69/brand.Url vs /fr/Sante-des-femmes-c100/Clef-des-champs-b26/Merveilles-d-Abeilles-b69. Lang:fr
22:32:24 Listing url is not the same: /fr/Systeme-immunitaire-c93/Boiron-b61/Le-Tournesol-ANB-b64/p.UrlBrand vs /fr/Systeme-immunitaire-c93/Boiron-b61/Le-Tournesol-ANB-b64. Lang:fr
22:32:25 Listing url is not the same: /fr/Systeme-immunitaire-c93/Clef-des-champs-b26/Le-Tournesol-ANB-b64/Meditrina-b68/subcat.Url vs /fr/Systeme-immunitaire-c93/Clef-des-champs-b26/Le-Tournesol-ANB-b64/Meditrina-b68. Lang:fr
22:33:02 Listing url is not the same: /fr/Detox-Digestion-c87/Clef-des-champs-b26/Meditrina-b68/Merveilles-d-Abeilles-b69/promotion.Url vs /fr/Detox-Digestion-c87/Clef-des-champs-b26/Meditrina-b68/Merveilles-d-Abeilles-b69. Lang:fr
22:33:04 Listing url is not the same: /fr/Inflammation-c98/Clef-des-champs-b26/Le-Tournesol-ANB-b64/Merveilles-d-Abeilles-b69/addressLink vs /fr/Inflammation-c98/Clef-des-champs-b26/Le-Tournesol-ANB-b64/Merveilles-d-Abeilles-b69. Lang:fr
22:35:02 Listing url is not the same: /fr/Antioxydants-c62/Anokian-b58/Natural-Factors-b71/b.Url vs /fr/Antioxydants-c62/Anokian-b58/Natural-Factors-b71. Lang:fr
22:35:03 Listing url is not the same: /fr/Detox-Digestion-c87/Boiron-b61/Clef-des-champs-b26/Merveilles-d-Abeilles-b69/p.UrlBrand vs /fr/Detox-Digestion-c87/Boiron-b61/Clef-des-champs-b26/Merveilles-d-Abeilles-b69. Lang:fr
22:35:06 Listing url is not the same: /fr/Detox-Digestion-c87/Druide-b63/Merveilles-d-Abeilles-b69/b.Url vs /fr/Detox-Digestion-c87/Druide-b63/Merveilles-d-Abeilles-b69. Lang:fr
22:35:10 Listing url is not the same: /fr/Fatigue-c99/Druide-b63/Natural-Factors-b71/urlBilingual vs /fr/Fatigue-c99/Druide-b63/Natural-Factors-b71. Lang:fr
22:35:11 Listing url is not the same: /fr/Fatigue-c99/Natural-Factors-b71/New-roots-b74/addressLink vs /fr/Fatigue-c99/Natural-Factors-b71/New-roots-b74. Lang:fr
22:35:13 Listing url is not the same: /fr/Homeopathie-c12/A-Vogel-b54/Nature-Clean-b72/promotion.Url vs /fr/Homeopathie-c12/A-Vogel-b54/Nature-Clean-b72. Lang:fr
22:35:14 Listing url is not the same: /fr/Nettoyage-c73/Anokian-b58/Natural-Factors-b71/promotion.Url vs /fr/Nettoyage-c73/Anokian-b58/Natural-Factors-b71. Lang:fr
22:35:14 Listing url is not the same: /fr/Sante-des-femmes-c100/Boiron-b61/Clef-des-champs-b26/Merveilles-d-Abeilles-b69/promotion.Url vs /fr/Sante-des-femmes-c100/Boiron-b61/Clef-des-champs-b26/Merveilles-d-Abeilles-b69. Lang:fr
22:35:15 Listing url is not the same: /fr/Stress-c97/Meditrina-b68/Nature-Clean-b72/promotion.Url vs /fr/Stress-c97/Meditrina-b68/Nature-Clean-b72. Lang:fr
22:35:18 Listing url is not the same: /fr/Systeme-immunitaire-c93/Clef-des-champs-b26/Meditrina-b68/Natural-Factors-b71/subcat.Url vs /fr/Systeme-immunitaire-c93/Clef-des-champs-b26/Meditrina-b68/Natural-Factors-b71. Lang:fr
23:21:16 Listing url is not the same: /fr/Cosmetique-parfum-et-deodorant-c60/Anokian-b58/urlBilingual vs /fr/Cosmetique-parfum-et-deodorant-c60/Anokian-b58. Lang:fr
23:24:51 Listing url is not the same: /fr/Inflammation-c98/Druide-b63/urlBilingual vs /fr/Inflammation-c98/Druide-b63. Lang:fr
23:24:54 Listing url is not the same: /fr/Sante-des-enfants-c108/Meditrina-b68/subcat.Url vs /fr/Sante-des-enfants-c108/Meditrina-b68. Lang:fr
23:26:58 Listing url is not the same: /fr/Fatigue-c99/Nature-Clean-b72/p.UrlBrand vs /fr/Fatigue-c99/Nature-Clean-b72. Lang:fr
23:28:47 Listing url is not the same: /fr/Systeme-immunitaire-c93/A-Vogel-b54/Clef-des-champs-b26/Druide-b63/promotion.Url vs /fr/Systeme-immunitaire-c93/A-Vogel-b54/Clef-des-champs-b26/Druide-b63. Lang:fr
23:31:59 Listing url is not the same: /fr/Antioxydants-c62/Anokian-b58/promotion.Url vs /fr/Antioxydants-c62/Anokian-b58. Lang:fr
23:32:03 Listing url is not the same: /fr/Inflammation-c98/A-Vogel-b54/Meditrina-b68/b.Url vs /fr/Inflammation-c98/A-Vogel-b54/Meditrina-b68. Lang:fr
23:32:07 Listing url is not the same: /fr/Stress-c97/A-Vogel-b54/Meditrina-b68/cat.Url vs /fr/Stress-c97/A-Vogel-b54/Meditrina-b68. Lang:fr
23:32:08 Listing url is not the same: /fr/Stress-c97/Boiron-b61/Le-Tournesol-ANB-b64/cat.Url vs /fr/Stress-c97/Boiron-b61/Le-Tournesol-ANB-b64. Lang:fr
23:32:09 Listing url is not the same: /fr/Systeme-immunitaire-c93/A-Vogel-b54/Boiron-b61/p.Url vs /fr/Systeme-immunitaire-c93/A-Vogel-b54/Boiron-b61. Lang:fr
23:32:10 Listing url is not the same: /fr/Systeme-immunitaire-c93/A-Vogel-b54/Druide-b63/cat.Url vs /fr/Systeme-immunitaire-c93/A-Vogel-b54/Druide-b63. Lang:fr
23:34:09 Listing url is not the same: /fr/Sommeil-c88/Clef-des-champs-b26/Druide-b63/Meditrina-b68/b.Url vs /fr/Sommeil-c88/Clef-des-champs-b26/Druide-b63/Meditrina-b68. Lang:fr
23:34:13 Listing url is not the same: /fr/Stress-c97/Anokian-b58/Boiron-b61/p.Url vs /fr/Stress-c97/Anokian-b58/Boiron-b61. Lang:fr
23:35:14 Listing url is not the same: /fr/Allergies-c55/A-Vogel-b54/Clef-des-champs-b26/Druide-b63/Le-Tournesol-ANB-b64/Meditrina-b68/cat.Url vs /fr/Allergies-c55/A-Vogel-b54/Clef-des-champs-b26/Druide-b63/Le-Tournesol-ANB-b64/Meditrina-b68. Lang:fr
23:35:20 Listing url is not the same: /fr/Cosmetique-parfum-et-deodorant-c60/A-Vogel-b54/Druide-b63/Meditrina-b68/Merveilles-d-Abeilles-b69/p.Url vs /fr/Cosmetique-parfum-et-deodorant-c60/A-Vogel-b54/Druide-b63/Meditrina-b68/Merveilles-d-Abeilles-b69. Lang:fr
23:35:23 Listing url is not the same: /fr/Detox-Digestion-c87/A-Vogel-b54/Clef-des-champs-b26/Le-Tournesol-ANB-b64/urlBilingual vs /fr/Detox-Digestion-c87/A-Vogel-b54/Clef-des-champs-b26/Le-Tournesol-ANB-b64. Lang:fr
23:35:25 Listing url is not the same: /fr/Detox-Digestion-c87/Flora-b123/Le-Tournesol-ANB-b64/p.Url vs /fr/Detox-Digestion-c87/Flora-b123/Le-Tournesol-ANB-b64. Lang:fr
23:35:27 Listing url is not the same: /fr/Fatigue-c99/A-Vogel-b54/Anokian-b58/urlBilingual vs /fr/Fatigue-c99/A-Vogel-b54/Anokian-b58. Lang:fr
23:35:30 Listing url is not the same: /fr/Fatigue-c99/Druide-b63/Natural-Factors-b71/b.Url vs /fr/Fatigue-c99/Druide-b63/Natural-Factors-b71. Lang:fr
23:35:31 Listing url is not the same: /fr/Fatigue-c99/Druide-b63/Nature-Clean-b72/brand.Url vs /fr/Fatigue-c99/Druide-b63/Nature-Clean-b72. Lang:fr
23:35:32 Listing url is not the same: /fr/Homeopathie-c12/A-Vogel-b54/Boiron-b61/promotion.Url vs /fr/Homeopathie-c12/A-Vogel-b54/Boiron-b61. Lang:fr
23:35:33 Listing url is not the same: /fr/Homeopathie-c12/A-Vogel-b54/Clef-des-champs-b26/b.Url vs /fr/Homeopathie-c12/A-Vogel-b54/Clef-des-champs-b26. Lang:fr
23:35:34 Listing url is not the same: /fr/Homeopathie-c12/A-Vogel-b54/Druide-b63/urlBilingual vs /fr/Homeopathie-c12/A-Vogel-b54/Druide-b63. Lang:fr
23:35:35 Listing url is not the same: /fr/Sante-des-femmes-c100/Boiron-b61/Leo-Desilet-b66/addressLink vs /fr/Sante-des-femmes-c100/Boiron-b61/Leo-Desilet-b66. Lang:fr
23:35:39 Listing url is not the same: /fr/Stress-c97/Boiron-b61/Nature-Clean-b72/brand.Url vs /fr/Stress-c97/Boiron-b61/Nature-Clean-b72. Lang:fr
23:35:40 Listing url is not the same: /fr/Stress-c97/Le-Tournesol-ANB-b64/Natural-Factors-b71/brand.Url vs /fr/Stress-c97/Le-Tournesol-ANB-b64/Natural-Factors-b71. Lang:fr
23:35:44 Listing url is not the same: /fr/Systeme-immunitaire-c93/Boiron-b61/Clef-des-champs-b26/Merveilles-d-Abeilles-b69/promotion.Url vs /fr/Systeme-immunitaire-c93/Boiron-b61/Clef-des-champs-b26/Merveilles-d-Abeilles-b69. Lang:fr
23:36:08 Listing url is not the same: /fr/Detox-Digestion-c87/Meditrina-b68/Merveilles-d-Abeilles-b69/subcat.Url vs /fr/Detox-Digestion-c87/Meditrina-b68/Merveilles-d-Abeilles-b69. Lang:fr
23:36:09 Listing url is not the same: /fr/Homeopathie-c12/Le-Tournesol-ANB-b64/Natural-Factors-b71/subcat.Url vs /fr/Homeopathie-c12/Le-Tournesol-ANB-b64/Natural-Factors-b71. Lang:fr
