00:25:55 Listing url is not the same: /fr/Sante-des-femmes-c100/Druide-b63/brand.Url vs /fr/Sante-des-femmes-c100/Druide-b63. Lang:fr
00:26:30 Listing url is not the same: /fr/Detox-Digestion-c87/Natural-Factors-b71/cat.Url vs /fr/Detox-Digestion-c87/Natural-Factors-b71. Lang:fr
00:27:32 Listing url is not the same: /fr/Detox-Digestion-c87/Anokian-b58/p.Url vs /fr/Detox-Digestion-c87/Anokian-b58. Lang:fr
00:27:36 Listing url is not the same: /fr/Stress-c97/A-Vogel-b54/Clef-des-champs-b26/urlBilingual vs /fr/Stress-c97/A-Vogel-b54/Clef-des-champs-b26. Lang:fr
00:27:38 Listing url is not the same: /fr/Stress-c97/Druide-b63/Meditrina-b68/cat.Url vs /fr/Stress-c97/Druide-b63/Meditrina-b68. Lang:fr
00:28:14 Listing url is not the same: /fr/Detox-Digestion-c87/Merveilles-d-Abeilles-b69/p.UrlBrand vs /fr/Detox-Digestion-c87/Merveilles-d-Abeilles-b69. Lang:fr
00:28:27 Listing url is not the same: /fr/Stress-c97/Boiron-b61/Clef-des-champs-b26/Meditrina-b68/cat.Url vs /fr/Stress-c97/Boiron-b61/Clef-des-champs-b26/Meditrina-b68. Lang:fr
00:28:32 Listing url is not the same: /fr/Stress-c97/Boiron-b61/Clef-des-champs-b26/Meditrina-b68/subcat.Url vs /fr/Stress-c97/Boiron-b61/Clef-des-champs-b26/Meditrina-b68. Lang:fr
00:28:37 Listing url is not the same: /fr/Systeme-immunitaire-c93/Clef-des-champs-b26/Merveilles-d-Abeilles-b69/urlBilingual vs /fr/Systeme-immunitaire-c93/Clef-des-champs-b26/Merveilles-d-Abeilles-b69. Lang:fr
00:33:18 Listing url is not the same: /fr/Nettoyage-c73/Anokian-b58/Le-Tournesol-ANB-b64/brand.Url vs /fr/Nettoyage-c73/Anokian-b58/Le-Tournesol-ANB-b64. Lang:fr
00:33:23 Listing url is not the same: /fr/Sommeil-c88/A-Vogel-b54/Clef-des-champs-b26/brand.Url vs /fr/Sommeil-c88/A-Vogel-b54/Clef-des-champs-b26. Lang:fr
00:33:24 Listing url is not the same: /fr/Stress-c97/Clef-des-champs-b26/Nature-Clean-b72/subcat.Url vs /fr/Stress-c97/Clef-des-champs-b26/Nature-Clean-b72. Lang:fr
00:37:12 Listing url is not the same: /fr/Detox-Digestion-c87/Druide-b63/Merveilles-d-Abeilles-b69/promotion.Url vs /fr/Detox-Digestion-c87/Druide-b63/Merveilles-d-Abeilles-b69. Lang:fr
01:22:49 Listing url is not the same: /fr/Stress-c97/Clef-des-champs-b26/p.Url vs /fr/Stress-c97/Clef-des-champs-b26. Lang:fr
01:24:39 Listing url is not the same: /fr/Sante-des-enfants-c108/Boiron-b61/Druide-b63/cat.Url vs /fr/Sante-des-enfants-c108/Boiron-b61/Druide-b63. Lang:fr
01:24:41 Listing url is not the same: /fr/Stress-c97/A-Vogel-b54/Clef-des-champs-b26/Druide-b63/b.Url vs /fr/Stress-c97/A-Vogel-b54/Clef-des-champs-b26/Druide-b63. Lang:fr
01:24:43 Listing url is not the same: /fr/Stress-c97/Nature-Clean-b72/cat.Url vs /fr/Stress-c97/Nature-Clean-b72. Lang:fr
01:25:42 Listing url is not the same: /fr/Inflammation-c98/Merveilles-d-Abeilles-b69/p.UrlBrand vs /fr/Inflammation-c98/Merveilles-d-Abeilles-b69. Lang:fr
01:29:37 Listing url is not the same: /fr/Sommeil-c88/A-Vogel-b54/Boiron-b61/Clef-des-champs-b26/p.Url vs /fr/Sommeil-c88/A-Vogel-b54/Boiron-b61/Clef-des-champs-b26. Lang:fr
01:33:29 Listing url is not the same: /fr/Detox-Digestion-c87/Anokian-b58/Clef-des-champs-b26/addressLink vs /fr/Detox-Digestion-c87/Anokian-b58/Clef-des-champs-b26. Lang:fr
01:33:32 Listing url is not the same: /fr/Detox-Digestion-c87/Clef-des-champs-b26/Druide-b63/Le-Tournesol-ANB-b64/brand.Url vs /fr/Detox-Digestion-c87/Clef-des-champs-b26/Druide-b63/Le-Tournesol-ANB-b64. Lang:fr
01:33:34 Listing url is not the same: /fr/Inflammation-c98/Clef-des-champs-b26/Le-Tournesol-ANB-b64/Natural-Factors-b71/b.Url vs /fr/Inflammation-c98/Clef-des-champs-b26/Le-Tournesol-ANB-b64/Natural-Factors-b71. Lang:fr
01:33:35 Listing url is not the same: /fr/Nettoyage-c73/Anokian-b58/Meditrina-b68/addressLink vs /fr/Nettoyage-c73/Anokian-b58/Meditrina-b68. Lang:fr
01:33:38 Listing url is not the same: /fr/Sommeil-c88/Boiron-b61/Clef-des-champs-b26/Druide-b63/addressLink vs /fr/Sommeil-c88/Boiron-b61/Clef-des-champs-b26/Druide-b63. Lang:fr
01:33:39 Listing url is not the same: /fr/Stress-c97/A-Vogel-b54/Anokian-b58/p.UrlBrand vs /fr/Stress-c97/A-Vogel-b54/Anokian-b58. Lang:fr
01:33:41 Listing url is not the same: /fr/Stress-c97/Le-Tournesol-ANB-b64/Natural-Factors-b71/cat.Url vs /fr/Stress-c97/Le-Tournesol-ANB-b64/Natural-Factors-b71. Lang:fr
01:33:42 Listing url is not the same: /fr/Systeme-immunitaire-c93/A-Vogel-b54/Clef-des-champs-b26/Le-Tournesol-ANB-b64/p.UrlBrand vs /fr/Systeme-immunitaire-c93/A-Vogel-b54/Clef-des-champs-b26/Le-Tournesol-ANB-b64. Lang:fr
01:33:43 Listing url is not the same: /fr/Systeme-immunitaire-c93/A-Vogel-b54/Clef-des-champs-b26/Le-Tournesol-ANB-b64/promotion.Url vs /fr/Systeme-immunitaire-c93/A-Vogel-b54/Clef-des-champs-b26/Le-Tournesol-ANB-b64. Lang:fr
01:33:44 Listing url is not the same: /fr/Systeme-immunitaire-c93/A-Vogel-b54/Meditrina-b68/promotion.Url vs /fr/Systeme-immunitaire-c93/A-Vogel-b54/Meditrina-b68. Lang:fr
01:33:44 Listing url is not the same: /fr/Systeme-immunitaire-c93/Druide-b63/Nature-Clean-b72/addressLink vs /fr/Systeme-immunitaire-c93/Druide-b63/Nature-Clean-b72. Lang:fr
02:17:23 Listing url is not the same: /fr/Stress-c97/Boiron-b61/brand.Url vs /fr/Stress-c97/Boiron-b61. Lang:fr
02:17:54 Listing url is not the same: /fr/Fatigue-c99/Clef-des-champs-b26/Natural-Factors-b71/urlBilingual vs /fr/Fatigue-c99/Clef-des-champs-b26/Natural-Factors-b71. Lang:fr
02:19:27 Listing url is not the same: /fr/Allergies-c55/Anokian-b58/Boiron-b61/p.UrlBrand vs /fr/Allergies-c55/Anokian-b58/Boiron-b61. Lang:fr
02:19:42 Listing url is not the same: /fr/Detox-Digestion-c87/Flora-b123/urlBilingual vs /fr/Detox-Digestion-c87/Flora-b123. Lang:fr
02:19:57 Listing url is not the same: /fr/Detox-Digestion-c87/Nature-Clean-b72/brand.Url vs /fr/Detox-Digestion-c87/Nature-Clean-b72. Lang:fr
02:20:11 Listing url is not the same: /fr/Inflammation-c98/Le-Tournesol-ANB-b64/Meditrina-b68/urlBilingual vs /fr/Inflammation-c98/Le-Tournesol-ANB-b64/Meditrina-b68. Lang:fr
02:20:23 Listing url is not the same: /fr/Nettoyage-c73/A-Vogel-b54/Anokian-b58/p.UrlBrand vs /fr/Nettoyage-c73/A-Vogel-b54/Anokian-b58. Lang:fr
02:20:35 Listing url is not the same: /fr/Sommeil-c88/Clef-des-champs-b26/Meditrina-b68/p.UrlBrand vs /fr/Sommeil-c88/Clef-des-champs-b26/Meditrina-b68. Lang:fr
02:20:45 Listing url is not the same: /fr/Stress-c97/A-Vogel-b54/Clef-des-champs-b26/b.Url vs /fr/Stress-c97/A-Vogel-b54/Clef-des-champs-b26. Lang:fr
02:20:55 Listing url is not the same: /fr/Stress-c97/A-Vogel-b54/Le-Tournesol-ANB-b64/subcat.Url vs /fr/Stress-c97/A-Vogel-b54/Le-Tournesol-ANB-b64. Lang:fr
02:21:04 Listing url is not the same: /fr/Stress-c97/A-Vogel-b54/Le-Tournesol-ANB-b64/urlBilingual vs /fr/Stress-c97/A-Vogel-b54/Le-Tournesol-ANB-b64. Lang:fr
02:21:12 Listing url is not the same: /fr/Stress-c97/Le-Tournesol-ANB-b64/urlBilingual vs /fr/Stress-c97/Le-Tournesol-ANB-b64. Lang:fr
02:21:18 Listing url is not the same: /fr/Systeme-immunitaire-c93/A-Vogel-b54/Le-Tournesol-ANB-b64/b.Url vs /fr/Systeme-immunitaire-c93/A-Vogel-b54/Le-Tournesol-ANB-b64. Lang:fr
02:21:24 Listing url is not the same: /fr/Systeme-immunitaire-c93/Nature-Clean-b72/b.Url vs /fr/Systeme-immunitaire-c93/Nature-Clean-b72. Lang:fr
02:21:33 Listing url is not the same: /fr/Detox-Digestion-c87/Clef-des-champs-b26/Le-Tournesol-ANB-b64/Meditrina-b68/promotion.Url vs /fr/Detox-Digestion-c87/Clef-des-champs-b26/Le-Tournesol-ANB-b64/Meditrina-b68. Lang:fr
02:21:57 Listing url is not the same: /fr/Inflammation-c98/Merveilles-d-Abeilles-b69/addressLink vs /fr/Inflammation-c98/Merveilles-d-Abeilles-b69. Lang:fr
02:22:08 Listing url is not the same: /fr/Systeme-immunitaire-c93/Clef-des-champs-b26/Druide-b63/Le-Tournesol-ANB-b64/subcat.Url vs /fr/Systeme-immunitaire-c93/Clef-des-champs-b26/Druide-b63/Le-Tournesol-ANB-b64. Lang:fr
02:27:50 Listing url is not the same: /fr/Nettoyage-c73/Anokian-b58/Le-Tournesol-ANB-b64/cat.Url vs /fr/Nettoyage-c73/Anokian-b58/Le-Tournesol-ANB-b64. Lang:fr
02:28:00 Listing url is not the same: /fr/Nettoyage-c73/Anokian-b58/Meditrina-b68/b.Url vs /fr/Nettoyage-c73/Anokian-b58/Meditrina-b68. Lang:fr
03:15:57 Listing url is not the same: /fr/Fatigue-c99/Druide-b63/Meditrina-b68/cat.Url vs /fr/Fatigue-c99/Druide-b63/Meditrina-b68. Lang:fr
03:16:00 Listing url is not the same: /fr/Stress-c97/Clef-des-champs-b26/Druide-b63/addressLink vs /fr/Stress-c97/Clef-des-champs-b26/Druide-b63. Lang:fr
03:16:10 Listing url is not the same: /fr/Sante-des-enfants-c108/Clef-des-champs-b26/Merveilles-d-Abeilles-b69/promotion.Url vs /fr/Sante-des-enfants-c108/Clef-des-champs-b26/Merveilles-d-Abeilles-b69. Lang:fr
03:16:25 Listing url is not the same: /fr/Sante-des-femmes-c100/A-Vogel-b54/Boiron-b61/Clef-des-champs-b26/urlBilingual vs /fr/Sante-des-femmes-c100/A-Vogel-b54/Boiron-b61/Clef-des-champs-b26. Lang:fr
03:17:01 Listing url is not the same: /fr/Detox-Digestion-c87/Le-Tournesol-ANB-b64/Meditrina-b68/b.Url vs /fr/Detox-Digestion-c87/Le-Tournesol-ANB-b64/Meditrina-b68. Lang:fr
03:17:08 Listing url is not the same: /fr/Fatigue-c99/Anokian-b58/addressLink vs /fr/Fatigue-c99/Anokian-b58. Lang:fr
03:17:32 Listing url is not the same: /fr/Systeme-immunitaire-c93/A-Vogel-b54/Druide-b63/addressLink vs /fr/Systeme-immunitaire-c93/A-Vogel-b54/Druide-b63. Lang:fr
03:18:09 Listing url is not the same: /fr/Sante-des-enfants-c108/Clef-des-champs-b26/Meditrina-b68/Merveilles-d-Abeilles-b69/b.Url vs /fr/Sante-des-enfants-c108/Clef-des-champs-b26/Meditrina-b68/Merveilles-d-Abeilles-b69. Lang:fr
03:18:16 Listing url is not the same: /fr/Stress-c97/Clef-des-champs-b26/Meditrina-b68/Merveilles-d-Abeilles-b69/addressLink vs /fr/Stress-c97/Clef-des-champs-b26/Meditrina-b68/Merveilles-d-Abeilles-b69. Lang:fr
03:18:18 Listing url is not the same: /fr/Systeme-immunitaire-c93/Clef-des-champs-b26/Druide-b63/Meditrina-b68/urlBilingual vs /fr/Systeme-immunitaire-c93/Clef-des-champs-b26/Druide-b63/Meditrina-b68. Lang:fr
03:19:50 Listing url is not the same: /fr/Concentration-memoire-migraine-c56/A-Vogel-b54/Clef-des-champs-b26/Druide-b63/Meditrina-b68/b.Url vs /fr/Concentration-memoire-migraine-c56/A-Vogel-b54/Clef-des-champs-b26/Druide-b63/Meditrina-b68. Lang:fr
03:27:34 Listing url is not the same: /fr/Chandelles-c70/Anokian-b58/Boiron-b61/promotion.Url vs /fr/Chandelles-c70/Anokian-b58/Boiron-b61. Lang:fr
03:27:41 Listing url is not the same: /fr/Chandelles-c70/Clef-des-champs-b26/Le-Tournesol-ANB-b64/Natural-Factors-b71/p.UrlBrand vs /fr/Chandelles-c70/Clef-des-champs-b26/Le-Tournesol-ANB-b64/Natural-Factors-b71. Lang:fr
03:27:58 Listing url is not the same: /fr/Fatigue-c99/Clef-des-champs-b26/Le-Tournesol-ANB-b64/Natural-Factors-b71/addressLink vs /fr/Fatigue-c99/Clef-des-champs-b26/Le-Tournesol-ANB-b64/Natural-Factors-b71. Lang:fr
03:28:06 Listing url is not the same: /fr/Nettoyage-c73/Boiron-b61/Merveilles-d-Abeilles-b69/Natural-Factors-b71/b.Url vs /fr/Nettoyage-c73/Boiron-b61/Merveilles-d-Abeilles-b69/Natural-Factors-b71. Lang:fr
03:28:14 Listing url is not the same: /fr/Sante-des-enfants-c108/Clef-des-champs-b26/Druide-b63/Le-Tournesol-ANB-b64/b.Url vs /fr/Sante-des-enfants-c108/Clef-des-champs-b26/Druide-b63/Le-Tournesol-ANB-b64. Lang:fr
04:11:00 Listing url is not the same: /fr/Stress-c97/A-Vogel-b54/p.UrlBrand vs /fr/Stress-c97/A-Vogel-b54. Lang:fr
04:11:42 Listing url is not the same: /fr/Fatigue-c99/Nature-Clean-b72/b.Url vs /fr/Fatigue-c99/Nature-Clean-b72. Lang:fr
04:12:00 Listing url is not the same: /fr/Homeopathie-c12/Boiron-b61/Clef-des-champs-b26/subcat.Url vs /fr/Homeopathie-c12/Boiron-b61/Clef-des-champs-b26. Lang:fr
04:12:26 Listing url is not the same: /fr/Sante-des-enfants-c108/Clef-des-champs-b26/Merveilles-d-Abeilles-b69/urlBilingual vs /fr/Sante-des-enfants-c108/Clef-des-champs-b26/Merveilles-d-Abeilles-b69. Lang:fr
04:12:58 Listing url is not the same: /fr/Inflammation-c98/Boiron-b61/Druide-b63/b.Url vs /fr/Inflammation-c98/Boiron-b61/Druide-b63. Lang:fr
04:13:04 Listing url is not the same: /fr/Systeme-immunitaire-c93/A-Vogel-b54/Anokian-b58/p.UrlBrand vs /fr/Systeme-immunitaire-c93/A-Vogel-b54/Anokian-b58. Lang:fr
04:13:06 Listing url is not the same: /fr/Systeme-immunitaire-c93/A-Vogel-b54/Druide-b63/promotion.Url vs /fr/Systeme-immunitaire-c93/A-Vogel-b54/Druide-b63. Lang:fr
04:14:10 Listing url is not the same: /fr/Coeur-et-sante-generale-c106/Natural-Factors-b71/subcat.Url vs /fr/Coeur-et-sante-generale-c106/Natural-Factors-b71. Lang:fr
04:14:11 Listing url is not the same: /fr/Detox-Digestion-c87/Clef-des-champs-b26/Druide-b63/Meditrina-b68/addressLink vs /fr/Detox-Digestion-c87/Clef-des-champs-b26/Druide-b63/Meditrina-b68. Lang:fr
04:14:16 Listing url is not the same: /fr/Sante-des-enfants-c108/Clef-des-champs-b26/Natural-Factors-b71/brand.Url vs /fr/Sante-des-enfants-c108/Clef-des-champs-b26/Natural-Factors-b71. Lang:fr
04:14:18 Listing url is not the same: /fr/Sante-des-femmes-c100/A-Vogel-b54/Clef-des-champs-b26/Meditrina-b68/promotion.Url vs /fr/Sante-des-femmes-c100/A-Vogel-b54/Clef-des-champs-b26/Meditrina-b68. Lang:fr
04:14:21 Listing url is not the same: /fr/Sommeil-c88/Boiron-b61/Clef-des-champs-b26/Meditrina-b68/b.Url vs /fr/Sommeil-c88/Boiron-b61/Clef-des-champs-b26/Meditrina-b68. Lang:fr
04:14:22 Listing url is not the same: /fr/Systeme-immunitaire-c93/A-Vogel-b54/Le-Tournesol-ANB-b64/subcat.Url vs /fr/Systeme-immunitaire-c93/A-Vogel-b54/Le-Tournesol-ANB-b64. Lang:fr
04:24:38 Listing url is not the same: /fr/Fatigue-c99/Clef-des-champs-b26/Nature-Clean-b72/b.Url vs /fr/Fatigue-c99/Clef-des-champs-b26/Nature-Clean-b72. Lang:fr
04:24:38 Listing url is not the same: /fr/Sante-des-enfants-c108/Clef-des-champs-b26/Meditrina-b68/Natural-Factors-b71/p.UrlBrand vs /fr/Sante-des-enfants-c108/Clef-des-champs-b26/Meditrina-b68/Natural-Factors-b71. Lang:fr
04:24:40 Listing url is not the same: /fr/Sante-des-femmes-c100/Clef-des-champs-b26/Meditrina-b68/Natural-Factors-b71/brand.Url vs /fr/Sante-des-femmes-c100/Clef-des-champs-b26/Meditrina-b68/Natural-Factors-b71. Lang:fr
05:08:56 Listing url is not the same: /fr/Detox-Digestion-c87/Natural-Factors-b71/addressLink vs /fr/Detox-Digestion-c87/Natural-Factors-b71. Lang:fr
05:09:10 Listing url is not the same: /fr/Detox-Digestion-c87/A-Vogel-b54/Boiron-b61/b.Url vs /fr/Detox-Digestion-c87/A-Vogel-b54/Boiron-b61. Lang:fr
05:09:17 Listing url is not the same: /fr/Sommeil-c88/Clef-des-champs-b26/Druide-b63/b.Url vs /fr/Sommeil-c88/Clef-des-champs-b26/Druide-b63. Lang:fr
05:09:57 Listing url is not the same: /fr/Sante-des-femmes-c100/A-Vogel-b54/Boiron-b61/Clef-des-champs-b26/cat.Url vs /fr/Sante-des-femmes-c100/A-Vogel-b54/Boiron-b61/Clef-des-champs-b26. Lang:fr
05:10:13 Listing url is not the same: /fr/Antioxydants-c62/Anokian-b58/brand.Url vs /fr/Antioxydants-c62/Anokian-b58. Lang:fr
05:10:16 Listing url is not the same: /fr/Fatigue-c99/A-Vogel-b54/Boiron-b61/addressLink vs /fr/Fatigue-c99/A-Vogel-b54/Boiron-b61. Lang:fr
05:10:19 Listing url is not the same: /fr/Fatigue-c99/Boiron-b61/Meditrina-b68/subcat.Url vs /fr/Fatigue-c99/Boiron-b61/Meditrina-b68. Lang:fr
05:10:21 Listing url is not the same: /fr/Fatigue-c99/Le-Tournesol-ANB-b64/addressLink vs /fr/Fatigue-c99/Le-Tournesol-ANB-b64. Lang:fr
05:10:23 Listing url is not the same: /fr/Inflammation-c98/Medelys-b128/cat.Url vs /fr/Inflammation-c98/Medelys-b128. Lang:fr
05:10:31 Listing url is not the same: /fr/Stress-c97/A-Vogel-b54/Le-Tournesol-ANB-b64/p.Url vs /fr/Stress-c97/A-Vogel-b54/Le-Tournesol-ANB-b64. Lang:fr
05:10:39 Listing url is not the same: /fr/Systeme-immunitaire-c93/Nature-Clean-b72/subcat.Url vs /fr/Systeme-immunitaire-c93/Nature-Clean-b72. Lang:fr
05:11:23 Listing url is not the same: /fr/Cosmetique-parfum-et-deodorant-c60/Anokian-b58/Druide-b63/cat.Url vs /fr/Cosmetique-parfum-et-deodorant-c60/Anokian-b58/Druide-b63. Lang:fr
05:21:27 Listing url is not the same: /fr/Chandelles-c70/Anokian-b58/Boiron-b61/brand.Url vs /fr/Chandelles-c70/Anokian-b58/Boiron-b61. Lang:fr
05:21:29 Listing url is not the same: /fr/Chandelles-c70/Boiron-b61/Clef-des-champs-b26/Le-Tournesol-ANB-b64/p.Url vs /fr/Chandelles-c70/Boiron-b61/Clef-des-champs-b26/Le-Tournesol-ANB-b64. Lang:fr
05:22:01 Listing url is not the same: /fr/Stress-c97/Druide-b63/Nature-Clean-b72/subcat.Url vs /fr/Stress-c97/Druide-b63/Nature-Clean-b72. Lang:fr
05:22:05 Listing url is not the same: /fr/Systeme-immunitaire-c93/Clef-des-champs-b26/Meditrina-b68/Natural-Factors-b71/p.Url vs /fr/Systeme-immunitaire-c93/Clef-des-champs-b26/Meditrina-b68/Natural-Factors-b71. Lang:fr
06:05:39 Listing url is not the same: /fr/Systeme-immunitaire-c93/A-Vogel-b54/Clef-des-champs-b26/Druide-b63/b.Url vs /fr/Systeme-immunitaire-c93/A-Vogel-b54/Clef-des-champs-b26/Druide-b63. Lang:fr
06:05:44 Listing url is not the same: /fr/Systeme-immunitaire-c93/A-Vogel-b54/Clef-des-champs-b26/Druide-b63/urlBilingual vs /fr/Systeme-immunitaire-c93/A-Vogel-b54/Clef-des-champs-b26/Druide-b63. Lang:fr
06:05:48 Listing url is not the same: /fr/Fatigue-c99/Clef-des-champs-b26/Merveilles-d-Abeilles-b69/urlBilingual vs /fr/Fatigue-c99/Clef-des-champs-b26/Merveilles-d-Abeilles-b69. Lang:fr
06:06:37 Listing url is not the same: /fr/Sante-des-enfants-c108/Anokian-b58/p.UrlBrand vs /fr/Sante-des-enfants-c108/Anokian-b58. Lang:fr
06:06:38 Listing url is not the same: /fr/Sante-des-femmes-c100/A-Vogel-b54/Druide-b63/p.Url vs /fr/Sante-des-femmes-c100/A-Vogel-b54/Druide-b63. Lang:fr
06:06:40 Listing url is not the same: /fr/Sante-des-femmes-c100/Nature-Clean-b72/b.Url vs /fr/Sante-des-femmes-c100/Nature-Clean-b72. Lang:fr
06:08:00 Listing url is not the same: /fr/Inflammation-c98/Clef-des-champs-b26/Merveilles-d-Abeilles-b69/promotion.Url vs /fr/Inflammation-c98/Clef-des-champs-b26/Merveilles-d-Abeilles-b69. Lang:fr
06:08:40 Listing url is not the same: /fr/Sante-des-femmes-c100/Le-Tournesol-ANB-b64/Meditrina-b68/brand.Url vs /fr/Sante-des-femmes-c100/Le-Tournesol-ANB-b64/Meditrina-b68. Lang:fr
06:09:39 Listing url is not the same: /fr/Concentration-memoire-migraine-c56/A-Vogel-b54/Boiron-b61/Clef-des-champs-b26/Druide-b63/subcat.Url vs /fr/Concentration-memoire-migraine-c56/A-Vogel-b54/Boiron-b61/Clef-des-champs-b26/Druide-b63. Lang:fr
06:09:48 Listing url is not the same: /fr/Concentration-memoire-migraine-c56/A-Vogel-b54/Boiron-b61/Clef-des-champs-b26/Druide-b63/urlBilingual vs /fr/Concentration-memoire-migraine-c56/A-Vogel-b54/Boiron-b61/Clef-des-champs-b26/Druide-b63. Lang:fr
06:09:57 Listing url is not the same: /fr/Concentration-memoire-migraine-c56/A-Vogel-b54/Clef-des-champs-b26/Merveilles-d-Abeilles-b69/urlBilingual vs /fr/Concentration-memoire-migraine-c56/A-Vogel-b54/Clef-des-champs-b26/Merveilles-d-Abeilles-b69. Lang:fr
06:12:45 Listing url is not the same: /fr/Antioxydants-c62/A-Vogel-b54/Boiron-b61/Clef-des-champs-b26/Druide-b63/Le-Tournesol-ANB-b64/urlBilingual vs /fr/Antioxydants-c62/A-Vogel-b54/Boiron-b61/Clef-des-champs-b26/Druide-b63/Le-Tournesol-ANB-b64. Lang:fr
06:16:49 Listing url is not the same: /fr/Fatigue-c99/A-Vogel-b54/Meditrina-b68/p.UrlBrand vs /fr/Fatigue-c99/A-Vogel-b54/Meditrina-b68. Lang:fr
06:16:53 Listing url is not the same: /fr/Homeopathie-c12/Boiron-b61/Meditrina-b68/p.UrlBrand vs /fr/Homeopathie-c12/Boiron-b61/Meditrina-b68. Lang:fr
06:16:55 Listing url is not the same: /fr/Homeopathie-c12/Boiron-b61/Meditrina-b68/promotion.Url vs /fr/Homeopathie-c12/Boiron-b61/Meditrina-b68. Lang:fr
06:16:58 Listing url is not the same: /fr/Homeopathie-c12/Clef-des-champs-b26/Meditrina-b68/cat.Url vs /fr/Homeopathie-c12/Clef-des-champs-b26/Meditrina-b68. Lang:fr
06:17:00 Listing url is not the same: /fr/Nettoyage-c73/Anokian-b58/Meditrina-b68/cat.Url vs /fr/Nettoyage-c73/Anokian-b58/Meditrina-b68. Lang:fr
06:17:02 Listing url is not the same: /fr/Sante-des-enfants-c108/A-Vogel-b54/Anokian-b58/addressLink vs /fr/Sante-des-enfants-c108/A-Vogel-b54/Anokian-b58. Lang:fr
06:17:03 Listing url is not the same: /fr/Sante-des-femmes-c100/A-Vogel-b54/Clef-des-champs-b26/Le-Tournesol-ANB-b64/promotion.Url vs /fr/Sante-des-femmes-c100/A-Vogel-b54/Clef-des-champs-b26/Le-Tournesol-ANB-b64. Lang:fr
06:17:04 Listing url is not the same: /fr/Sante-des-femmes-c100/Clef-des-champs-b26/Le-Tournesol-ANB-b64/Merveilles-d-Abeilles-b69/cat.Url vs /fr/Sante-des-femmes-c100/Clef-des-champs-b26/Le-Tournesol-ANB-b64/Merveilles-d-Abeilles-b69. Lang:fr
06:17:07 Listing url is not the same: /fr/Stress-c97/Clef-des-champs-b26/Le-Tournesol-ANB-b64/Merveilles-d-Abeilles-b69/p.UrlBrand vs /fr/Stress-c97/Clef-des-champs-b26/Le-Tournesol-ANB-b64/Merveilles-d-Abeilles-b69. Lang:fr
06:17:07 Listing url is not the same: /fr/Stress-c97/Meditrina-b68/Natural-Factors-b71/promotion.Url vs /fr/Stress-c97/Meditrina-b68/Natural-Factors-b71. Lang:fr
06:59:19 Listing url is not the same: /fr/Stress-c97/cat.Url vs /fr/Stress-c97. Lang:fr
07:00:13 Listing url is not the same: /fr/Stress-c97/Boiron-b61/subcat.Url vs /fr/Stress-c97/Boiron-b61. Lang:fr
07:00:43 Listing url is not the same: /fr/Inflammation-c98/A-Vogel-b54/Boiron-b61/promotion.Url vs /fr/Inflammation-c98/A-Vogel-b54/Boiron-b61. Lang:fr
07:01:40 Listing url is not the same: /fr/Fatigue-c99/Le-Tournesol-ANB-b64/Meditrina-b68/brand.Url vs /fr/Fatigue-c99/Le-Tournesol-ANB-b64/Meditrina-b68. Lang:fr
07:02:58 Listing url is not the same: /fr/Fatigue-c99/A-Vogel-b54/Clef-des-champs-b26/Meditrina-b68/p.UrlBrand vs /fr/Fatigue-c99/A-Vogel-b54/Clef-des-champs-b26/Meditrina-b68. Lang:fr
07:03:47 Listing url is not the same: /fr/Sante-des-femmes-c100/A-Vogel-b54/Boiron-b61/Clef-des-champs-b26/promotion.Url vs /fr/Sante-des-femmes-c100/A-Vogel-b54/Boiron-b61/Clef-des-champs-b26. Lang:fr
07:04:08 Listing url is not the same: /fr/Antioxydants-c62/Anokian-b58/p.UrlBrand vs /fr/Antioxydants-c62/Anokian-b58. Lang:fr
07:05:09 Listing url is not the same: /fr/Detox-Digestion-c87/Flora-b123/addressLink vs /fr/Detox-Digestion-c87/Flora-b123. Lang:fr
07:05:26 Listing url is not the same: /fr/Detox-Digestion-c87/Nature-Clean-b72/p.UrlBrand vs /fr/Detox-Digestion-c87/Nature-Clean-b72. Lang:fr
07:05:42 Listing url is not the same: /fr/Sommeil-c88/A-Vogel-b54/p.UrlBrand vs /fr/Sommeil-c88/A-Vogel-b54. Lang:fr
07:05:57 Listing url is not the same: /fr/Sommeil-c88/Clef-des-champs-b26/Meditrina-b68/subcat.Url vs /fr/Sommeil-c88/Clef-des-champs-b26/Meditrina-b68. Lang:fr
07:06:12 Listing url is not the same: /fr/Stress-c97/A-Vogel-b54/Le-Tournesol-ANB-b64/cat.Url vs /fr/Stress-c97/A-Vogel-b54/Le-Tournesol-ANB-b64. Lang:fr
07:06:25 Listing url is not the same: /fr/Detox-Digestion-c87/Clef-des-champs-b26/Natural-Factors-b71/urlBilingual vs /fr/Detox-Digestion-c87/Clef-des-champs-b26/Natural-Factors-b71. Lang:fr
07:06:49 Listing url is not the same: /fr/Stress-c97/A-Vogel-b54/Clef-des-champs-b26/Druide-b63/brand.Url vs /fr/Stress-c97/A-Vogel-b54/Clef-des-champs-b26/Druide-b63. Lang:fr
07:06:59 Listing url is not the same: /fr/Concentration-memoire-migraine-c56/A-Vogel-b54/Clef-des-champs-b26/Druide-b63/Meditrina-b68/urlBilingual vs /fr/Concentration-memoire-migraine-c56/A-Vogel-b54/Clef-des-champs-b26/Druide-b63/Meditrina-b68. Lang:fr
07:07:38 Listing url is not the same: /fr/Systeme-immunitaire-c93/Clef-des-champs-b26/Le-Tournesol-ANB-b64/Merveilles-d-Abeilles-b69/subcat.Url vs /fr/Systeme-immunitaire-c93/Clef-des-champs-b26/Le-Tournesol-ANB-b64/Merveilles-d-Abeilles-b69. Lang:fr
07:10:55 Listing url is not the same: /fr/Antioxydants-c62/Anokian-b58/Boiron-b61/addressLink vs /fr/Antioxydants-c62/Anokian-b58/Boiron-b61. Lang:fr
07:10:59 Listing url is not the same: /fr/Chandelles-c70/Anokian-b58/Boiron-b61/subcat.Url vs /fr/Chandelles-c70/Anokian-b58/Boiron-b61. Lang:fr
07:11:02 Listing url is not the same: /fr/Chandelles-c70/Clef-des-champs-b26/Druide-b63/Meditrina-b68/Merveilles-d-Abeilles-b69/brand.Url vs /fr/Chandelles-c70/Clef-des-champs-b26/Druide-b63/Meditrina-b68/Merveilles-d-Abeilles-b69. Lang:fr
07:11:07 Listing url is not the same: /fr/Fatigue-c99/A-Vogel-b54/Meditrina-b68/p.Url vs /fr/Fatigue-c99/A-Vogel-b54/Meditrina-b68. Lang:fr
07:11:10 Listing url is not the same: /fr/Fatigue-c99/Boiron-b61/Nature-Clean-b72/b.Url vs /fr/Fatigue-c99/Boiron-b61/Nature-Clean-b72. Lang:fr
07:11:11 Listing url is not the same: /fr/Fatigue-c99/Druide-b63/Natural-Factors-b71/subcat.Url vs /fr/Fatigue-c99/Druide-b63/Natural-Factors-b71. Lang:fr
07:11:16 Listing url is not the same: /fr/Rhume-grippe-voie-respiratoire-c57/Druide-b63/Meditrina-b68/Merveilles-d-Abeilles-b69/cat.Url vs /fr/Rhume-grippe-voie-respiratoire-c57/Druide-b63/Meditrina-b68/Merveilles-d-Abeilles-b69. Lang:fr
07:11:18 Listing url is not the same: /fr/Sante-des-femmes-c100/Boiron-b61/Natural-Factors-b71/b.Url vs /fr/Sante-des-femmes-c100/Boiron-b61/Natural-Factors-b71. Lang:fr
07:11:19 Listing url is not the same: /fr/Sommeil-c88/Clef-des-champs-b26/Druide-b63/Meditrina-b68/subcat.Url vs /fr/Sommeil-c88/Clef-des-champs-b26/Druide-b63/Meditrina-b68. Lang:fr
07:11:20 Listing url is not the same: /fr/Stress-c97/A-Vogel-b54/Boiron-b61/Clef-des-champs-b26/urlBilingual vs /fr/Stress-c97/A-Vogel-b54/Boiron-b61/Clef-des-champs-b26. Lang:fr
07:11:21 Listing url is not the same: /fr/Stress-c97/A-Vogel-b54/Druide-b63/subcat.Url vs /fr/Stress-c97/A-Vogel-b54/Druide-b63. Lang:fr
07:11:22 Listing url is not the same: /fr/Stress-c97/Clef-des-champs-b26/Le-Tournesol-ANB-b64/Natural-Factors-b71/p.UrlBrand vs /fr/Stress-c97/Clef-des-champs-b26/Le-Tournesol-ANB-b64/Natural-Factors-b71. Lang:fr
07:11:24 Listing url is not the same: /fr/Systeme-immunitaire-c93/A-Vogel-b54/Nature-Clean-b72/cat.Url vs /fr/Systeme-immunitaire-c93/A-Vogel-b54/Nature-Clean-b72. Lang:fr
07:11:25 Listing url is not the same: /fr/Systeme-immunitaire-c93/Boiron-b61/Clef-des-champs-b26/Merveilles-d-Abeilles-b69/b.Url vs /fr/Systeme-immunitaire-c93/Boiron-b61/Clef-des-champs-b26/Merveilles-d-Abeilles-b69. Lang:fr
07:59:21 Listing url is not the same: /fr/Homeopathie-c12/promotion.Url vs /fr/Homeopathie-c12. Lang:fr
07:59:30 Listing url is not the same: /fr/Homeopathie-c12/urlBilingual vs /fr/Homeopathie-c12. Lang:fr
07:59:48 Listing url is not the same: /fr/Sommeil-c88/Clef-des-champs-b26/urlBilingual vs /fr/Sommeil-c88/Clef-des-champs-b26. Lang:fr
07:59:54 Listing url is not the same: /fr/Sante-des-enfants-c108/A-Vogel-b54/Druide-b63/p.UrlBrand vs /fr/Sante-des-enfants-c108/A-Vogel-b54/Druide-b63. Lang:fr
08:00:04 Listing url is not the same: /fr/Stress-c97/Clef-des-champs-b26/Meditrina-b68/promotion.Url vs /fr/Stress-c97/Clef-des-champs-b26/Meditrina-b68. Lang:fr
08:00:14 Listing url is not the same: /fr/Nettoyage-c73/Anokian-b58/p.Url vs /fr/Nettoyage-c73/Anokian-b58. Lang:fr
08:00:24 Listing url is not the same: /fr/Detox-Digestion-c87/Flora-b123/p.Url vs /fr/Detox-Digestion-c87/Flora-b123. Lang:fr
08:00:46 Listing url is not the same: /fr/Sante-des-enfants-c108/Druide-b63/brand.Url vs /fr/Sante-des-enfants-c108/Druide-b63. Lang:fr
08:01:00 Listing url is not the same: /fr/Stress-c97/Nature-Clean-b72/promotion.Url vs /fr/Stress-c97/Nature-Clean-b72. Lang:fr
08:01:13 Listing url is not the same: /fr/Systeme-immunitaire-c93/A-Vogel-b54/Druide-b63/p.UrlBrand vs /fr/Systeme-immunitaire-c93/A-Vogel-b54/Druide-b63. Lang:fr
08:02:09 Listing url is not the same: /fr/Systeme-immunitaire-c93/Le-Tournesol-ANB-b64/urlBilingual vs /fr/Systeme-immunitaire-c93/Le-Tournesol-ANB-b64. Lang:fr
08:02:16 Listing url is not the same: /fr/Inflammation-c98/Clef-des-champs-b26/Le-Tournesol-ANB-b64/Merveilles-d-Abeilles-b69/promotion.Url vs /fr/Inflammation-c98/Clef-des-champs-b26/Le-Tournesol-ANB-b64/Merveilles-d-Abeilles-b69. Lang:fr
08:03:00 Listing url is not the same: /fr/Systeme-immunitaire-c93/Clef-des-champs-b26/Le-Tournesol-ANB-b64/Merveilles-d-Abeilles-b69/promotion.Url vs /fr/Systeme-immunitaire-c93/Clef-des-champs-b26/Le-Tournesol-ANB-b64/Merveilles-d-Abeilles-b69. Lang:fr
08:05:21 Listing url is not the same: /fr/Inflammation-c98/Clef-des-champs-b26/Meditrina-b68/Natural-Factors-b71/addressLink vs /fr/Inflammation-c98/Clef-des-champs-b26/Meditrina-b68/Natural-Factors-b71. Lang:fr
08:05:47 Listing url is not the same: /fr/Inflammation-c98/Clef-des-champs-b26/Meditrina-b68/Natural-Factors-b71/p.UrlBrand vs /fr/Inflammation-c98/Clef-des-champs-b26/Meditrina-b68/Natural-Factors-b71. Lang:fr
08:06:13 Listing url is not the same: /fr/Sante-des-enfants-c108/A-Vogel-b54/Clef-des-champs-b26/Le-Tournesol-ANB-b64/cat.Url vs /fr/Sante-des-enfants-c108/A-Vogel-b54/Clef-des-champs-b26/Le-Tournesol-ANB-b64. Lang:fr
08:07:46 Listing url is not the same: /fr/Sante-des-femmes-c100/Clef-des-champs-b26/Meditrina-b68/Natural-Factors-b71/cat.Url vs /fr/Sante-des-femmes-c100/Clef-des-champs-b26/Meditrina-b68/Natural-Factors-b71. Lang:fr
08:08:34 Listing url is not the same: /fr/Coeur-et-sante-generale-c106/Boiron-b61/Clef-des-champs-b26/p.Url vs /fr/Coeur-et-sante-generale-c106/Boiron-b61/Clef-des-champs-b26. Lang:fr
08:08:52 Listing url is not the same: /fr/Coeur-et-sante-generale-c106/Le-Tournesol-ANB-b64/Meditrina-b68/promotion.Url vs /fr/Coeur-et-sante-generale-c106/Le-Tournesol-ANB-b64/Meditrina-b68. Lang:fr
08:09:10 Listing url is not the same: /fr/Coeur-et-sante-generale-c106/Meditrina-b68/Merveilles-d-Abeilles-b69/p.Url vs /fr/Coeur-et-sante-generale-c106/Meditrina-b68/Merveilles-d-Abeilles-b69. Lang:fr
08:09:42 Listing url is not the same: /fr/Concentration-memoire-migraine-c56/Anokian-b58/Clef-des-champs-b26/p.Url vs /fr/Concentration-memoire-migraine-c56/Anokian-b58/Clef-des-champs-b26. Lang:fr
08:09:56 Listing url is not the same: /fr/Concentration-memoire-migraine-c56/Clef-des-champs-b26/Le-Tournesol-ANB-b64/Natural-Factors-b71/b.Url vs /fr/Concentration-memoire-migraine-c56/Clef-des-champs-b26/Le-Tournesol-ANB-b64/Natural-Factors-b71. Lang:fr
08:10:10 Listing url is not the same: /fr/Huiles-magiques-de-wicca-c65/A-Vogel-b54/Boiron-b61/Clef-des-champs-b26/Druide-b63/Le-Tournesol-ANB-b64/urlBilingual vs /fr/Huiles-magiques-de-wicca-c65/A-Vogel-b54/Boiron-b61/Clef-des-champs-b26/Druide-b63/Le-Tournesol-ANB-b64. Lang:fr
08:10:37 Listing url is not the same: /fr/Rhume-grippe-voie-respiratoire-c57/Anokian-b58/Clef-des-champs-b26/b.Url vs /fr/Rhume-grippe-voie-respiratoire-c57/Anokian-b58/Clef-des-champs-b26. Lang:fr
08:10:47 Listing url is not the same: /fr/Systeme-immunitaire-c93/Le-Tournesol-ANB-b64/Nature-Clean-b72/cat.Url vs /fr/Systeme-immunitaire-c93/Le-Tournesol-ANB-b64/Nature-Clean-b72. Lang:fr
08:55:40 Listing url is not the same: /fr/Sante-des-enfants-c108/Meditrina-b68/promotion.Url vs /fr/Sante-des-enfants-c108/Meditrina-b68. Lang:fr
08:56:05 Listing url is not the same: /fr/Homeopathie-c12/addressLink vs /fr/Homeopathie-c12. Lang:fr
08:56:37 Listing url is not the same: /fr/Detox-Digestion-c87/A-Vogel-b54/Boiron-b61/brand.Url vs /fr/Detox-Digestion-c87/A-Vogel-b54/Boiron-b61. Lang:fr
08:56:43 Listing url is not the same: /fr/Sante-des-enfants-c108/A-Vogel-b54/Druide-b63/p.Url vs /fr/Sante-des-enfants-c108/A-Vogel-b54/Druide-b63. Lang:fr
08:57:32 Listing url is not the same: /fr/Fatigue-c99/Clef-des-champs-b26/Merveilles-d-Abeilles-b69/promotion.Url vs /fr/Fatigue-c99/Clef-des-champs-b26/Merveilles-d-Abeilles-b69. Lang:fr
08:58:05 Listing url is not the same: /fr/Sante-des-enfants-c108/A-Vogel-b54/Clef-des-champs-b26/Meditrina-b68/subcat.Url vs /fr/Sante-des-enfants-c108/A-Vogel-b54/Clef-des-champs-b26/Meditrina-b68. Lang:fr
08:58:51 Listing url is not the same: /fr/Fatigue-c99/Meditrina-b68/Merveilles-d-Abeilles-b69/cat.Url vs /fr/Fatigue-c99/Meditrina-b68/Merveilles-d-Abeilles-b69. Lang:fr
08:59:03 Listing url is not the same: /fr/Inflammation-c98/A-Vogel-b54/Meditrina-b68/cat.Url vs /fr/Inflammation-c98/A-Vogel-b54/Meditrina-b68. Lang:fr
08:59:14 Listing url is not the same: /fr/Inflammation-c98/Le-Tournesol-ANB-b64/Meditrina-b68/brand.Url vs /fr/Inflammation-c98/Le-Tournesol-ANB-b64/Meditrina-b68. Lang:fr
08:59:24 Listing url is not the same: /fr/Inflammation-c98/Medelys-b128/subcat.Url vs /fr/Inflammation-c98/Medelys-b128. Lang:fr
08:59:34 Listing url is not the same: /fr/Sante-des-enfants-c108/Boiron-b61/Meditrina-b68/p.UrlBrand vs /fr/Sante-des-enfants-c108/Boiron-b61/Meditrina-b68. Lang:fr
08:59:42 Listing url is not the same: /fr/Sante-des-femmes-c100/Nature-Clean-b72/p.Url vs /fr/Sante-des-femmes-c100/Nature-Clean-b72. Lang:fr
08:59:49 Listing url is not the same: /fr/Sante-des-femmes-c100/Nature-Clean-b72/urlBilingual vs /fr/Sante-des-femmes-c100/Nature-Clean-b72. Lang:fr
09:00:06 Listing url is not the same: /fr/Systeme-immunitaire-c93/Anokian-b58/subcat.Url vs /fr/Systeme-immunitaire-c93/Anokian-b58. Lang:fr
09:00:13 Listing url is not the same: /fr/Cosmetique-parfum-et-deodorant-c60/Anokian-b58/Druide-b63/addressLink vs /fr/Cosmetique-parfum-et-deodorant-c60/Anokian-b58/Druide-b63. Lang:fr
09:00:18 Listing url is not the same: /fr/Sante-des-enfants-c108/Clef-des-champs-b26/Natural-Factors-b71/promotion.Url vs /fr/Sante-des-enfants-c108/Clef-des-champs-b26/Natural-Factors-b71. Lang:fr
09:00:22 Listing url is not the same: /fr/Stress-c97/Boiron-b61/Clef-des-champs-b26/Meditrina-b68/p.Url vs /fr/Stress-c97/Boiron-b61/Clef-des-champs-b26/Meditrina-b68. Lang:fr
09:00:26 Listing url is not the same: /fr/Systeme-immunitaire-c93/Clef-des-champs-b26/Druide-b63/Le-Tournesol-ANB-b64/brand.Url vs /fr/Systeme-immunitaire-c93/Clef-des-champs-b26/Druide-b63/Le-Tournesol-ANB-b64. Lang:fr
09:03:55 Listing url is not the same: /fr/Allergies-c55/Meditrina-b68/Merveilles-d-Abeilles-b69/Natural-Factors-b71/urlBilingual vs /fr/Allergies-c55/Meditrina-b68/Merveilles-d-Abeilles-b69/Natural-Factors-b71. Lang:fr
09:03:56 Listing url is not the same: /fr/Antioxydants-c62/Anokian-b58/Natural-Factors-b71/p.UrlBrand vs /fr/Antioxydants-c62/Anokian-b58/Natural-Factors-b71. Lang:fr
09:03:58 Listing url is not the same: /fr/Fatigue-c99/Clef-des-champs-b26/Meditrina-b68/Natural-Factors-b71/addressLink vs /fr/Fatigue-c99/Clef-des-champs-b26/Meditrina-b68/Natural-Factors-b71. Lang:fr
09:03:59 Listing url is not the same: /fr/Fatigue-c99/Druide-b63/Nature-Clean-b72/subcat.Url vs /fr/Fatigue-c99/Druide-b63/Nature-Clean-b72. Lang:fr
09:04:00 Listing url is not the same: /fr/Fatigue-c99/Natural-Factors-b71/New-roots-b74/b.Url vs /fr/Fatigue-c99/Natural-Factors-b71/New-roots-b74. Lang:fr
09:04:01 Listing url is not the same: /fr/Homeopathie-c12/A-Vogel-b54/Boiron-b61/p.Url vs /fr/Homeopathie-c12/A-Vogel-b54/Boiron-b61. Lang:fr
09:04:03 Listing url is not the same: /fr/Inflammation-c98/Le-Tournesol-ANB-b64/Natural-Factors-b71/p.Url vs /fr/Inflammation-c98/Le-Tournesol-ANB-b64/Natural-Factors-b71. Lang:fr
09:04:05 Listing url is not the same: /fr/Sante-des-enfants-c108/Clef-des-champs-b26/Druide-b63/Le-Tournesol-ANB-b64/brand.Url vs /fr/Sante-des-enfants-c108/Clef-des-champs-b26/Druide-b63/Le-Tournesol-ANB-b64. Lang:fr
09:04:06 Listing url is not the same: /fr/Sante-des-enfants-c108/Clef-des-champs-b26/Meditrina-b68/Natural-Factors-b71/cat.Url vs /fr/Sante-des-enfants-c108/Clef-des-champs-b26/Meditrina-b68/Natural-Factors-b71. Lang:fr
09:04:07 Listing url is not the same: /fr/Sante-des-femmes-c100/A-Vogel-b54/Meditrina-b68/subcat.Url vs /fr/Sante-des-femmes-c100/A-Vogel-b54/Meditrina-b68. Lang:fr
09:04:08 Listing url is not the same: /fr/Sommeil-c88/Boiron-b61/Clef-des-champs-b26/Druide-b63/p.UrlBrand vs /fr/Sommeil-c88/Boiron-b61/Clef-des-champs-b26/Druide-b63. Lang:fr
09:04:09 Listing url is not the same: /fr/Sommeil-c88/Clef-des-champs-b26/Druide-b63/Meditrina-b68/brand.Url vs /fr/Sommeil-c88/Clef-des-champs-b26/Druide-b63/Meditrina-b68. Lang:fr
09:04:10 Listing url is not the same: /fr/Stress-c97/A-Vogel-b54/Anokian-b58/subcat.Url vs /fr/Stress-c97/A-Vogel-b54/Anokian-b58. Lang:fr
09:04:11 Listing url is not the same: /fr/Stress-c97/Clef-des-champs-b26/Natural-Factors-b71/cat.Url vs /fr/Stress-c97/Clef-des-champs-b26/Natural-Factors-b71. Lang:fr
09:04:12 Listing url is not the same: /fr/Stress-c97/Le-Tournesol-ANB-b64/Nature-Clean-b72/brand.Url vs /fr/Stress-c97/Le-Tournesol-ANB-b64/Nature-Clean-b72. Lang:fr
09:04:12 Listing url is not the same: /fr/Systeme-immunitaire-c93/Druide-b63/Natural-Factors-b71/p.Url vs /fr/Systeme-immunitaire-c93/Druide-b63/Natural-Factors-b71. Lang:fr
09:08:01 Listing url is not the same: /fr/Coeur-et-sante-generale-c106/Clef-des-champs-b26/Le-Tournesol-ANB-b64/b.Url vs /fr/Coeur-et-sante-generale-c106/Clef-des-champs-b26/Le-Tournesol-ANB-b64. Lang:fr
09:08:37 Listing url is not the same: /fr/Systeme-immunitaire-c93/A-Vogel-b54/Natural-Factors-b71/subcat.Url vs /fr/Systeme-immunitaire-c93/A-Vogel-b54/Natural-Factors-b71. Lang:fr
09:51:26 Listing url is not the same: /fr/Sante-des-femmes-c100/Druide-b63/cat.Url vs /fr/Sante-des-femmes-c100/Druide-b63. Lang:fr
09:52:35 Listing url is not the same: /fr/Cosmetique-parfum-et-deodorant-c60/Anokian-b58/Le-Tournesol-ANB-b64/p.UrlBrand vs /fr/Cosmetique-parfum-et-deodorant-c60/Anokian-b58/Le-Tournesol-ANB-b64. Lang:fr
09:54:09 Listing url is not the same: /fr/Coeur-et-sante-generale-c106/Natural-Factors-b71/b.Url vs /fr/Coeur-et-sante-generale-c106/Natural-Factors-b71. Lang:fr
09:54:27 Listing url is not the same: /fr/Sante-des-enfants-c108/Clef-des-champs-b26/Le-Tournesol-ANB-b64/Meditrina-b68/b.Url vs /fr/Sante-des-enfants-c108/Clef-des-champs-b26/Le-Tournesol-ANB-b64/Meditrina-b68. Lang:fr
09:54:31 Listing url is not the same: /fr/Systeme-immunitaire-c93/A-Vogel-b54/Le-Tournesol-ANB-b64/p.UrlBrand vs /fr/Systeme-immunitaire-c93/A-Vogel-b54/Le-Tournesol-ANB-b64. Lang:fr
09:59:26 Listing url is not the same: /fr/Fatigue-c99/Anokian-b58/Natural-Factors-b71/urlBilingual vs /fr/Fatigue-c99/Anokian-b58/Natural-Factors-b71. Lang:fr
09:59:32 Listing url is not the same: /fr/Homeopathie-c12/A-Vogel-b54/Nature-Clean-b72/addressLink vs /fr/Homeopathie-c12/A-Vogel-b54/Nature-Clean-b72. Lang:fr
09:59:34 Listing url is not the same: /fr/Inflammation-c98/Druide-b63/Nature-Clean-b72/brand.Url vs /fr/Inflammation-c98/Druide-b63/Nature-Clean-b72. Lang:fr
09:59:36 Listing url is not the same: /fr/Nettoyage-c73/Anokian-b58/Meditrina-b68/subcat.Url vs /fr/Nettoyage-c73/Anokian-b58/Meditrina-b68. Lang:fr
09:59:40 Listing url is not the same: /fr/Sommeil-c88/Boiron-b61/Clef-des-champs-b26/Druide-b63/urlBilingual vs /fr/Sommeil-c88/Boiron-b61/Clef-des-champs-b26/Druide-b63. Lang:fr
09:59:42 Listing url is not the same: /fr/Stress-c97/A-Vogel-b54/Boiron-b61/Clef-des-champs-b26/addressLink vs /fr/Stress-c97/A-Vogel-b54/Boiron-b61/Clef-des-champs-b26. Lang:fr
09:59:43 Listing url is not the same: /fr/Stress-c97/A-Vogel-b54/Natural-Factors-b71/cat.Url vs /fr/Stress-c97/A-Vogel-b54/Natural-Factors-b71. Lang:fr
09:59:47 Listing url is not the same: /fr/Systeme-immunitaire-c93/Boiron-b61/Clef-des-champs-b26/Merveilles-d-Abeilles-b69/cat.Url vs /fr/Systeme-immunitaire-c93/Boiron-b61/Clef-des-champs-b26/Merveilles-d-Abeilles-b69. Lang:fr
10:02:47 Listing url is not the same: /fr/Coeur-et-sante-generale-c106/Boiron-b61/Meditrina-b68/p.UrlBrand vs /fr/Coeur-et-sante-generale-c106/Boiron-b61/Meditrina-b68. Lang:fr
10:02:48 Listing url is not the same: /fr/Coeur-et-sante-generale-c106/Druide-b63/Meditrina-b68/subcat.Url vs /fr/Coeur-et-sante-generale-c106/Druide-b63/Meditrina-b68. Lang:fr
10:02:51 Listing url is not the same: /fr/Cosmetique-parfum-et-deodorant-c60/A-Vogel-b54/Druide-b63/Meditrina-b68/Merveilles-d-Abeilles-b69/subcat.Url vs /fr/Cosmetique-parfum-et-deodorant-c60/A-Vogel-b54/Druide-b63/Meditrina-b68/Merveilles-d-Abeilles-b69. Lang:fr
10:02:52 Listing url is not the same: /fr/Huiles-magiques-de-wicca-c65/A-Vogel-b54/Clef-des-champs-b26/Druide-b63/Le-Tournesol-ANB-b64/Meditrina-b68/promotion.Url vs /fr/Huiles-magiques-de-wicca-c65/A-Vogel-b54/Clef-des-champs-b26/Druide-b63/Le-Tournesol-ANB-b64/Meditrina-b68. Lang:fr
10:02:57 Listing url is not the same: /fr/Sante-des-femmes-c100/Le-Tournesol-ANB-b64/Natural-Factors-b71/p.UrlBrand vs /fr/Sante-des-femmes-c100/Le-Tournesol-ANB-b64/Natural-Factors-b71. Lang:fr
10:03:02 Listing url is not the same: /fr/Sommeil-c88/Clef-des-champs-b26/Natural-Factors-b71/promotion.Url vs /fr/Sommeil-c88/Clef-des-champs-b26/Natural-Factors-b71. Lang:fr
10:46:12 Listing url is not the same: /fr/Stress-c97/p.UrlBrand vs /fr/Stress-c97. Lang:fr
10:48:03 Listing url is not the same: /fr/Inflammation-c98/Anokian-b58/addressLink vs /fr/Inflammation-c98/Anokian-b58. Lang:fr
10:48:23 Listing url is not the same: /fr/Stress-c97/Clef-des-champs-b26/Le-Tournesol-ANB-b64/b.Url vs /fr/Stress-c97/Clef-des-champs-b26/Le-Tournesol-ANB-b64. Lang:fr
10:48:29 Listing url is not the same: /fr/Systeme-immunitaire-c93/Boiron-b61/Meditrina-b68/urlBilingual vs /fr/Systeme-immunitaire-c93/Boiron-b61/Meditrina-b68. Lang:fr
10:48:36 Listing url is not the same: /fr/Rhume-grippe-voie-respiratoire-c57/A-Vogel-b54/Anokian-b58/p.Url vs /fr/Rhume-grippe-voie-respiratoire-c57/A-Vogel-b54/Anokian-b58. Lang:fr
10:49:38 Listing url is not the same: /fr/Antioxydants-c62/Anokian-b58/b.Url vs /fr/Antioxydants-c62/Anokian-b58. Lang:fr
10:49:54 Listing url is not the same: /fr/Homeopathie-c12/A-Vogel-b54/subcat.Url vs /fr/Homeopathie-c12/A-Vogel-b54. Lang:fr
10:50:01 Listing url is not the same: /fr/Sante-des-enfants-c108/Anokian-b58/brand.Url vs /fr/Sante-des-enfants-c108/Anokian-b58. Lang:fr
10:50:04 Listing url is not the same: /fr/Sante-des-femmes-c100/A-Vogel-b54/Boiron-b61/brand.Url vs /fr/Sante-des-femmes-c100/A-Vogel-b54/Boiron-b61. Lang:fr
10:50:06 Listing url is not the same: /fr/Sante-des-femmes-c100/Boiron-b61/Druide-b63/addressLink vs /fr/Sante-des-femmes-c100/Boiron-b61/Druide-b63. Lang:fr
10:50:07 Listing url is not the same: /fr/Sommeil-c88/A-Vogel-b54/subcat.Url vs /fr/Sommeil-c88/A-Vogel-b54. Lang:fr
10:50:09 Listing url is not the same: /fr/Stress-c97/A-Vogel-b54/Meditrina-b68/p.UrlBrand vs /fr/Stress-c97/A-Vogel-b54/Meditrina-b68. Lang:fr
10:50:31 Listing url is not the same: /fr/Concentration-memoire-migraine-c56/Anokian-b58/urlBilingual vs /fr/Concentration-memoire-migraine-c56/Anokian-b58. Lang:fr
10:50:35 Listing url is not the same: /fr/Sante-des-femmes-c100/Clef-des-champs-b26/Le-Tournesol-ANB-b64/Meditrina-b68/promotion.Url vs /fr/Sante-des-femmes-c100/Clef-des-champs-b26/Le-Tournesol-ANB-b64/Meditrina-b68. Lang:fr
10:50:37 Listing url is not the same: /fr/Systeme-immunitaire-c93/Clef-des-champs-b26/Merveilles-d-Abeilles-b69/addressLink vs /fr/Systeme-immunitaire-c93/Clef-des-champs-b26/Merveilles-d-Abeilles-b69. Lang:fr
10:50:38 Listing url is not the same: /fr/Systeme-immunitaire-c93/Nature-Clean-b72/promotion.Url vs /fr/Systeme-immunitaire-c93/Nature-Clean-b72. Lang:fr
10:51:49 Listing url is not the same: /fr/Systeme-immunitaire-c93/Clef-des-champs-b26/Le-Tournesol-ANB-b64/Merveilles-d-Abeilles-b69/urlBilingual vs /fr/Systeme-immunitaire-c93/Clef-des-champs-b26/Le-Tournesol-ANB-b64/Merveilles-d-Abeilles-b69. Lang:fr
10:56:35 Listing url is not the same: /fr/Fatigue-c99/A-Vogel-b54/Anokian-b58/addressLink vs /fr/Fatigue-c99/A-Vogel-b54/Anokian-b58. Lang:fr
10:56:38 Listing url is not the same: /fr/Huiles-magiques-de-wicca-c65/Boiron-b61/Clef-des-champs-b26/Merveilles-d-Abeilles-b69/cat.Url vs /fr/Huiles-magiques-de-wicca-c65/Boiron-b61/Clef-des-champs-b26/Merveilles-d-Abeilles-b69. Lang:fr
10:57:48 Listing url is not the same: /fr/Stress-c97/A-Vogel-b54/Natural-Factors-b71/addressLink vs /fr/Stress-c97/A-Vogel-b54/Natural-Factors-b71. Lang:fr
10:58:17 Listing url is not the same: /fr/Systeme-immunitaire-c93/A-Vogel-b54/Nature-Clean-b72/b.Url vs /fr/Systeme-immunitaire-c93/A-Vogel-b54/Nature-Clean-b72. Lang:fr
11:00:52 Listing url is not the same: /fr/Cosmetique-parfum-et-deodorant-c60/Anokian-b58/Natural-Factors-b71/brand.Url vs /fr/Cosmetique-parfum-et-deodorant-c60/Anokian-b58/Natural-Factors-b71. Lang:fr
11:45:04 Listing url is not the same: /fr/Homeopathie-c12/b.Url vs /fr/Homeopathie-c12. Lang:fr
11:45:53 Listing url is not the same: /fr/Sante-des-enfants-c108/Clef-des-champs-b26/Merveilles-d-Abeilles-b69/cat.Url vs /fr/Sante-des-enfants-c108/Clef-des-champs-b26/Merveilles-d-Abeilles-b69. Lang:fr
11:47:23 Listing url is not the same: /fr/Detox-Digestion-c87/Flora-b123/subcat.Url vs /fr/Detox-Digestion-c87/Flora-b123. Lang:fr
11:47:26 Listing url is not the same: /fr/Homeopathie-c12/Boiron-b61/addressLink vs /fr/Homeopathie-c12/Boiron-b61. Lang:fr
11:47:29 Listing url is not the same: /fr/Sante-des-enfants-c108/Boiron-b61/Druide-b63/promotion.Url vs /fr/Sante-des-enfants-c108/Boiron-b61/Druide-b63. Lang:fr
11:47:32 Listing url is not the same: /fr/Sante-des-femmes-c100/Nature-Clean-b72/p.UrlBrand vs /fr/Sante-des-femmes-c100/Nature-Clean-b72. Lang:fr
11:47:34 Listing url is not the same: /fr/Stress-c97/A-Vogel-b54/Clef-des-champs-b26/addressLink vs /fr/Stress-c97/A-Vogel-b54/Clef-des-champs-b26. Lang:fr
11:47:36 Listing url is not the same: /fr/Systeme-immunitaire-c93/A-Vogel-b54/Anokian-b58/promotion.Url vs /fr/Systeme-immunitaire-c93/A-Vogel-b54/Anokian-b58. Lang:fr
11:48:30 Listing url is not the same: /fr/Coeur-et-sante-generale-c106/Natural-Factors-b71/cat.Url vs /fr/Coeur-et-sante-generale-c106/Natural-Factors-b71. Lang:fr
11:48:43 Listing url is not the same: /fr/Systeme-immunitaire-c93/A-Vogel-b54/Clef-des-champs-b26/Meditrina-b68/subcat.Url vs /fr/Systeme-immunitaire-c93/A-Vogel-b54/Clef-des-champs-b26/Meditrina-b68. Lang:fr
11:55:24 Listing url is not the same: /fr/Antioxydants-c62/Boiron-b61/Clef-des-champs-b26/Druide-b63/Le-Tournesol-ANB-b64/Meditrina-b68/b.Url vs /fr/Antioxydants-c62/Boiron-b61/Clef-des-champs-b26/Druide-b63/Le-Tournesol-ANB-b64/Meditrina-b68. Lang:fr
11:55:26 Listing url is not the same: /fr/Chandelles-c70/Clef-des-champs-b26/Le-Tournesol-ANB-b64/Natural-Factors-b71/addressLink vs /fr/Chandelles-c70/Clef-des-champs-b26/Le-Tournesol-ANB-b64/Natural-Factors-b71. Lang:fr
11:55:28 Listing url is not the same: /fr/Detox-Digestion-c87/Clef-des-champs-b26/Meditrina-b68/Natural-Factors-b71/p.UrlBrand vs /fr/Detox-Digestion-c87/Clef-des-champs-b26/Meditrina-b68/Natural-Factors-b71. Lang:fr
11:55:30 Listing url is not the same: /fr/Detox-Digestion-c87/Druide-b63/Meditrina-b68/b.Url vs /fr/Detox-Digestion-c87/Druide-b63/Meditrina-b68. Lang:fr
11:55:35 Listing url is not the same: /fr/Sante-des-femmes-c100/Clef-des-champs-b26/Druide-b63/Meditrina-b68/b.Url vs /fr/Sante-des-femmes-c100/Clef-des-champs-b26/Druide-b63/Meditrina-b68. Lang:fr
11:55:36 Listing url is not the same: /fr/Sommeil-c88/Clef-des-champs-b26/Natural-Factors-b71/brand.Url vs /fr/Sommeil-c88/Clef-des-champs-b26/Natural-Factors-b71. Lang:fr
11:55:39 Listing url is not the same: /fr/Stress-c97/Clef-des-champs-b26/Le-Tournesol-ANB-b64/Natural-Factors-b71/urlBilingual vs /fr/Stress-c97/Clef-des-champs-b26/Le-Tournesol-ANB-b64/Natural-Factors-b71. Lang:fr
11:58:47 Listing url is not the same: /fr/Systeme-immunitaire-c93/Le-Tournesol-ANB-b64/Meditrina-b68/addressLink vs /fr/Systeme-immunitaire-c93/Le-Tournesol-ANB-b64/Meditrina-b68. Lang:fr
12:41:40 Listing url is not the same: /fr/Sante-des-enfants-c108/Meditrina-b68/cat.Url vs /fr/Sante-des-enfants-c108/Meditrina-b68. Lang:fr
12:43:39 Listing url is not the same: /fr/Sante-des-enfants-c108/A-Vogel-b54/Clef-des-champs-b26/Meditrina-b68/brand.Url vs /fr/Sante-des-enfants-c108/A-Vogel-b54/Clef-des-champs-b26/Meditrina-b68. Lang:fr
12:45:19 Listing url is not the same: /fr/Fatigue-c99/Meditrina-b68/Merveilles-d-Abeilles-b69/brand.Url vs /fr/Fatigue-c99/Meditrina-b68/Merveilles-d-Abeilles-b69. Lang:fr
12:45:41 Listing url is not the same: /fr/Inflammation-c98/Le-Tournesol-ANB-b64/urlBilingual vs /fr/Inflammation-c98/Le-Tournesol-ANB-b64. Lang:fr
12:46:03 Listing url is not the same: /fr/Inflammation-c98/Medelys-b128/p.Url vs /fr/Inflammation-c98/Medelys-b128. Lang:fr
12:46:23 Listing url is not the same: /fr/Sante-des-enfants-c108/Boiron-b61/Druide-b63/subcat.Url vs /fr/Sante-des-enfants-c108/Boiron-b61/Druide-b63. Lang:fr
12:46:42 Listing url is not the same: /fr/Sante-des-enfants-c108/Druide-b63/cat.Url vs /fr/Sante-des-enfants-c108/Druide-b63. Lang:fr
12:47:00 Listing url is not the same: /fr/Sante-des-femmes-c100/Druide-b63/Meditrina-b68/p.UrlBrand vs /fr/Sante-des-femmes-c100/Druide-b63/Meditrina-b68. Lang:fr
12:47:18 Listing url is not the same: /fr/Sommeil-c88/A-Vogel-b54/urlBilingual vs /fr/Sommeil-c88/A-Vogel-b54. Lang:fr
12:47:50 Listing url is not the same: /fr/Detox-Digestion-c87/Le-Tournesol-ANB-b64/Merveilles-d-Abeilles-b69/brand.Url vs /fr/Detox-Digestion-c87/Le-Tournesol-ANB-b64/Merveilles-d-Abeilles-b69. Lang:fr
12:48:31 Listing url is not the same: /fr/Systeme-immunitaire-c93/A-Vogel-b54/Le-Tournesol-ANB-b64/addressLink vs /fr/Systeme-immunitaire-c93/A-Vogel-b54/Le-Tournesol-ANB-b64. Lang:fr
12:49:02 Listing url is not the same: /fr/Detox-Digestion-c87/Clef-des-champs-b26/Druide-b63/Le-Tournesol-ANB-b64/subcat.Url vs /fr/Detox-Digestion-c87/Clef-des-champs-b26/Druide-b63/Le-Tournesol-ANB-b64. Lang:fr
12:49:10 Listing url is not the same: /fr/Detox-Digestion-c87/Clef-des-champs-b26/Nature-Clean-b72/b.Url vs /fr/Detox-Digestion-c87/Clef-des-champs-b26/Nature-Clean-b72. Lang:fr
12:49:23 Listing url is not the same: /fr/Homeopathie-c12/A-Vogel-b54/Boiron-b61/p.UrlBrand vs /fr/Homeopathie-c12/A-Vogel-b54/Boiron-b61. Lang:fr
12:49:33 Listing url is not the same: /fr/Sommeil-c88/A-Vogel-b54/Clef-des-champs-b26/Meditrina-b68/p.UrlBrand vs /fr/Sommeil-c88/A-Vogel-b54/Clef-des-champs-b26/Meditrina-b68. Lang:fr
12:49:36 Listing url is not the same: /fr/Sommeil-c88/A-Vogel-b54/Clef-des-champs-b26/cat.Url vs /fr/Sommeil-c88/A-Vogel-b54/Clef-des-champs-b26. Lang:fr
12:49:43 Listing url is not the same: /fr/Stress-c97/A-Vogel-b54/Anokian-b58/addressLink vs /fr/Stress-c97/A-Vogel-b54/Anokian-b58. Lang:fr
12:49:48 Listing url is not the same: /fr/Stress-c97/Clef-des-champs-b26/Le-Tournesol-ANB-b64/Natural-Factors-b71/addressLink vs /fr/Stress-c97/Clef-des-champs-b26/Le-Tournesol-ANB-b64/Natural-Factors-b71. Lang:fr
12:49:51 Listing url is not the same: /fr/Stress-c97/Meditrina-b68/Natural-Factors-b71/urlBilingual vs /fr/Stress-c97/Meditrina-b68/Natural-Factors-b71. Lang:fr
12:52:32 Listing url is not the same: /fr/Concentration-memoire-migraine-c56/Boiron-b61/Clef-des-champs-b26/Merveilles-d-Abeilles-b69/brand.Url vs /fr/Concentration-memoire-migraine-c56/Boiron-b61/Clef-des-champs-b26/Merveilles-d-Abeilles-b69. Lang:fr
12:52:36 Listing url is not the same: /fr/Inflammation-c98/Clef-des-champs-b26/Natural-Factors-b71/brand.Url vs /fr/Inflammation-c98/Clef-des-champs-b26/Natural-Factors-b71. Lang:fr
12:52:38 Listing url is not the same: /fr/Sante-des-enfants-c108/Clef-des-champs-b26/Nature-Clean-b72/subcat.Url vs /fr/Sante-des-enfants-c108/Clef-des-champs-b26/Nature-Clean-b72. Lang:fr
12:52:43 Listing url is not the same: /fr/Systeme-immunitaire-c93/Meditrina-b68/Nature-Clean-b72/subcat.Url vs /fr/Systeme-immunitaire-c93/Meditrina-b68/Nature-Clean-b72. Lang:fr
13:37:48 Listing url is not the same: /fr/Fatigue-c99/Nature-Clean-b72/cat.Url vs /fr/Fatigue-c99/Nature-Clean-b72. Lang:fr
13:37:50 Listing url is not the same: /fr/Inflammation-c98/Anokian-b58/urlBilingual vs /fr/Inflammation-c98/Anokian-b58. Lang:fr
13:38:12 Listing url is not the same: /fr/Stress-c97/Clef-des-champs-b26/Le-Tournesol-ANB-b64/urlBilingual vs /fr/Stress-c97/Clef-des-champs-b26/Le-Tournesol-ANB-b64. Lang:fr
13:38:54 Listing url is not the same: /fr/Inflammation-c98/Medelys-b128/b.Url vs /fr/Inflammation-c98/Medelys-b128. Lang:fr
13:38:57 Listing url is not the same: /fr/Nettoyage-c73/A-Vogel-b54/Anokian-b58/addressLink vs /fr/Nettoyage-c73/A-Vogel-b54/Anokian-b58. Lang:fr
13:39:00 Listing url is not the same: /fr/Sante-des-enfants-c108/Boiron-b61/Druide-b63/urlBilingual vs /fr/Sante-des-enfants-c108/Boiron-b61/Druide-b63. Lang:fr
13:39:02 Listing url is not the same: /fr/Sante-des-enfants-c108/Boiron-b61/Meditrina-b68/p.Url vs /fr/Sante-des-enfants-c108/Boiron-b61/Meditrina-b68. Lang:fr
13:39:03 Listing url is not the same: /fr/Sante-des-femmes-c100/Anokian-b58/cat.Url vs /fr/Sante-des-femmes-c100/Anokian-b58. Lang:fr
13:39:28 Listing url is not the same: /fr/Inflammation-c98/Clef-des-champs-b26/Merveilles-d-Abeilles-b69/subcat.Url vs /fr/Inflammation-c98/Clef-des-champs-b26/Merveilles-d-Abeilles-b69. Lang:fr
13:40:23 Listing url is not the same: /fr/Sante-des-enfants-c108/Clef-des-champs-b26/Meditrina-b68/Merveilles-d-Abeilles-b69/urlBilingual vs /fr/Sante-des-enfants-c108/Clef-des-champs-b26/Meditrina-b68/Merveilles-d-Abeilles-b69. Lang:fr
13:44:36 Listing url is not the same: /fr/Chandelles-c70/A-Vogel-b54/Druide-b63/Meditrina-b68/Merveilles-d-Abeilles-b69/urlBilingual vs /fr/Chandelles-c70/A-Vogel-b54/Druide-b63/Meditrina-b68/Merveilles-d-Abeilles-b69. Lang:fr
13:44:40 Listing url is not the same: /fr/Coeur-et-sante-generale-c106/Boiron-b61/Druide-b63/p.Url vs /fr/Coeur-et-sante-generale-c106/Boiron-b61/Druide-b63. Lang:fr
13:44:47 Listing url is not the same: /fr/Detox-Digestion-c87/A-Vogel-b54/Meditrina-b68/cat.Url vs /fr/Detox-Digestion-c87/A-Vogel-b54/Meditrina-b68. Lang:fr
13:44:50 Listing url is not the same: /fr/Homeopathie-c12/A-Vogel-b54/Druide-b63/b.Url vs /fr/Homeopathie-c12/A-Vogel-b54/Druide-b63. Lang:fr
13:44:53 Listing url is not the same: /fr/Sante-des-enfants-c108/A-Vogel-b54/Anokian-b58/promotion.Url vs /fr/Sante-des-enfants-c108/A-Vogel-b54/Anokian-b58. Lang:fr
13:44:58 Listing url is not the same: /fr/Sante-des-femmes-c100/Clef-des-champs-b26/Meditrina-b68/Merveilles-d-Abeilles-b69/b.Url vs /fr/Sante-des-femmes-c100/Clef-des-champs-b26/Meditrina-b68/Merveilles-d-Abeilles-b69. Lang:fr
13:45:00 Listing url is not the same: /fr/Stress-c97/A-Vogel-b54/Druide-b63/brand.Url vs /fr/Stress-c97/A-Vogel-b54/Druide-b63. Lang:fr
13:48:16 Listing url is not the same: /fr/Coeur-et-sante-generale-c106/Clef-des-champs-b26/Le-Tournesol-ANB-b64/promotion.Url vs /fr/Coeur-et-sante-generale-c106/Clef-des-champs-b26/Le-Tournesol-ANB-b64. Lang:fr
13:48:22 Listing url is not the same: /fr/Rhume-grippe-voie-respiratoire-c57/A-Vogel-b54/Druide-b63/Meditrina-b68/Merveilles-d-Abeilles-b69/urlBilingual vs /fr/Rhume-grippe-voie-respiratoire-c57/A-Vogel-b54/Druide-b63/Meditrina-b68/Merveilles-d-Abeilles-b69. Lang:fr
14:33:24 Listing url is not the same: /fr/Stress-c97/Clef-des-champs-b26/Meditrina-b68/brand.Url vs /fr/Stress-c97/Clef-des-champs-b26/Meditrina-b68. Lang:fr
14:33:48 Listing url is not the same: /fr/Sante-des-enfants-c108/A-Vogel-b54/Clef-des-champs-b26/Meditrina-b68/cat.Url vs /fr/Sante-des-enfants-c108/A-Vogel-b54/Clef-des-champs-b26/Meditrina-b68. Lang:fr
14:34:04 Listing url is not the same: /fr/Coeur-et-sante-generale-c106/Anokian-b58/brand.Url vs /fr/Coeur-et-sante-generale-c106/Anokian-b58. Lang:fr
14:34:13 Listing url is not the same: /fr/Detox-Digestion-c87/Nature-Clean-b72/addressLink vs /fr/Detox-Digestion-c87/Nature-Clean-b72. Lang:fr
14:34:28 Listing url is not the same: /fr/Inflammation-c98/Le-Tournesol-ANB-b64/Meditrina-b68/promotion.Url vs /fr/Inflammation-c98/Le-Tournesol-ANB-b64/Meditrina-b68. Lang:fr
14:34:38 Listing url is not the same: /fr/Sommeil-c88/Boiron-b61/Clef-des-champs-b26/Meditrina-b68/promotion.Url vs /fr/Sommeil-c88/Boiron-b61/Clef-des-champs-b26/Meditrina-b68. Lang:fr
14:39:59 Listing url is not the same: /fr/Chandelles-c70/A-Vogel-b54/Druide-b63/Meditrina-b68/Merveilles-d-Abeilles-b69/brand.Url vs /fr/Chandelles-c70/A-Vogel-b54/Druide-b63/Meditrina-b68/Merveilles-d-Abeilles-b69. Lang:fr
14:40:01 Listing url is not the same: /fr/Chandelles-c70/Anokian-b58/Boiron-b61/addressLink vs /fr/Chandelles-c70/Anokian-b58/Boiron-b61. Lang:fr
14:40:03 Listing url is not the same: /fr/Detox-Digestion-c87/Boiron-b61/Clef-des-champs-b26/Merveilles-d-Abeilles-b69/urlBilingual vs /fr/Detox-Digestion-c87/Boiron-b61/Clef-des-champs-b26/Merveilles-d-Abeilles-b69. Lang:fr
14:40:04 Listing url is not the same: /fr/Detox-Digestion-c87/Clef-des-champs-b26/Le-Tournesol-ANB-b64/Merveilles-d-Abeilles-b69/brand.Url vs /fr/Detox-Digestion-c87/Clef-des-champs-b26/Le-Tournesol-ANB-b64/Merveilles-d-Abeilles-b69. Lang:fr
14:40:10 Listing url is not the same: /fr/Nettoyage-c73/Anokian-b58/Le-Tournesol-ANB-b64/b.Url vs /fr/Nettoyage-c73/Anokian-b58/Le-Tournesol-ANB-b64. Lang:fr
14:40:11 Listing url is not the same: /fr/Sante-des-enfants-c108/A-Vogel-b54/Clef-des-champs-b26/Le-Tournesol-ANB-b64/subcat.Url vs /fr/Sante-des-enfants-c108/A-Vogel-b54/Clef-des-champs-b26/Le-Tournesol-ANB-b64. Lang:fr
14:40:12 Listing url is not the same: /fr/Sante-des-enfants-c108/Clef-des-champs-b26/Druide-b63/Le-Tournesol-ANB-b64/urlBilingual vs /fr/Sante-des-enfants-c108/Clef-des-champs-b26/Druide-b63/Le-Tournesol-ANB-b64. Lang:fr
14:40:15 Listing url is not the same: /fr/Sante-des-femmes-c100/Clef-des-champs-b26/Meditrina-b68/Natural-Factors-b71/p.Url vs /fr/Sante-des-femmes-c100/Clef-des-champs-b26/Meditrina-b68/Natural-Factors-b71. Lang:fr
14:40:21 Listing url is not the same: /fr/Stress-c97/A-Vogel-b54/Nature-Clean-b72/b.Url vs /fr/Stress-c97/A-Vogel-b54/Nature-Clean-b72. Lang:fr
14:40:23 Listing url is not the same: /fr/Stress-c97/Le-Tournesol-ANB-b64/Nature-Clean-b72/p.UrlBrand vs /fr/Stress-c97/Le-Tournesol-ANB-b64/Nature-Clean-b72. Lang:fr
14:44:53 Listing url is not the same: /fr/Detox-Digestion-c87/Meditrina-b68/Natural-Factors-b71/addressLink vs /fr/Detox-Digestion-c87/Meditrina-b68/Natural-Factors-b71. Lang:fr
14:44:54 Listing url is not the same: /fr/Sante-des-enfants-c108/Le-Tournesol-ANB-b64/Natural-Factors-b71/b.Url vs /fr/Sante-des-enfants-c108/Le-Tournesol-ANB-b64/Natural-Factors-b71. Lang:fr
15:28:55 Listing url is not the same: /fr/Sante-des-enfants-c108/Meditrina-b68/b.Url vs /fr/Sante-des-enfants-c108/Meditrina-b68. Lang:fr
15:29:00 Listing url is not the same: /fr/Sante-des-enfants-c108/Meditrina-b68/brand.Url vs /fr/Sante-des-enfants-c108/Meditrina-b68. Lang:fr
15:29:25 Listing url is not the same: /fr/Detox-Digestion-c87/Clef-des-champs-b26/Merveilles-d-Abeilles-b69/cat.Url vs /fr/Detox-Digestion-c87/Clef-des-champs-b26/Merveilles-d-Abeilles-b69. Lang:fr
15:29:50 Listing url is not the same: /fr/Rhume-grippe-voie-respiratoire-c57/A-Vogel-b54/Anokian-b58/p.UrlBrand vs /fr/Rhume-grippe-voie-respiratoire-c57/A-Vogel-b54/Anokian-b58. Lang:fr
15:29:52 Listing url is not the same: /fr/Stress-c97/Clef-des-champs-b26/Le-Tournesol-ANB-b64/addressLink vs /fr/Stress-c97/Clef-des-champs-b26/Le-Tournesol-ANB-b64. Lang:fr
15:30:25 Listing url is not the same: /fr/Sante-des-femmes-c100/A-Vogel-b54/Druide-b63/subcat.Url vs /fr/Sante-des-femmes-c100/A-Vogel-b54/Druide-b63. Lang:fr
15:30:46 Listing url is not the same: /fr/Cosmetique-parfum-et-deodorant-c60/Anokian-b58/Druide-b63/urlBilingual vs /fr/Cosmetique-parfum-et-deodorant-c60/Anokian-b58/Druide-b63. Lang:fr
15:30:47 Listing url is not the same: /fr/Detox-Digestion-c87/Le-Tournesol-ANB-b64/Merveilles-d-Abeilles-b69/p.Url vs /fr/Detox-Digestion-c87/Le-Tournesol-ANB-b64/Merveilles-d-Abeilles-b69. Lang:fr
15:31:12 Listing url is not the same: /fr/Systeme-immunitaire-c93/Le-Tournesol-ANB-b64/addressLink vs /fr/Systeme-immunitaire-c93/Le-Tournesol-ANB-b64. Lang:fr
15:36:16 Listing url is not the same: /fr/Detox-Digestion-c87/Clef-des-champs-b26/Le-Tournesol-ANB-b64/Natural-Factors-b71/urlBilingual vs /fr/Detox-Digestion-c87/Clef-des-champs-b26/Le-Tournesol-ANB-b64/Natural-Factors-b71. Lang:fr
15:36:20 Listing url is not the same: /fr/Fatigue-c99/A-Vogel-b54/Anokian-b58/p.UrlBrand vs /fr/Fatigue-c99/A-Vogel-b54/Anokian-b58. Lang:fr
15:36:23 Listing url is not the same: /fr/Fatigue-c99/A-Vogel-b54/Anokian-b58/promotion.Url vs /fr/Fatigue-c99/A-Vogel-b54/Anokian-b58. Lang:fr
15:36:25 Listing url is not the same: /fr/Fatigue-c99/Clef-des-champs-b26/Meditrina-b68/Natural-Factors-b71/cat.Url vs /fr/Fatigue-c99/Clef-des-champs-b26/Meditrina-b68/Natural-Factors-b71. Lang:fr
15:36:31 Listing url is not the same: /fr/Fatigue-c99/Druide-b63/Natural-Factors-b71/addressLink vs /fr/Fatigue-c99/Druide-b63/Natural-Factors-b71. Lang:fr
15:36:50 Listing url is not the same: /fr/Homeopathie-c12/A-Vogel-b54/Boiron-b61/urlBilingual vs /fr/Homeopathie-c12/A-Vogel-b54/Boiron-b61. Lang:fr
15:36:55 Listing url is not the same: /fr/Homeopathie-c12/A-Vogel-b54/Nature-Clean-b72/urlBilingual vs /fr/Homeopathie-c12/A-Vogel-b54/Nature-Clean-b72. Lang:fr
15:36:59 Listing url is not the same: /fr/Inflammation-c98/A-Vogel-b54/Le-Tournesol-ANB-b64/urlBilingual vs /fr/Inflammation-c98/A-Vogel-b54/Le-Tournesol-ANB-b64. Lang:fr
15:37:14 Listing url is not the same: /fr/Sommeil-c88/Clef-des-champs-b26/Druide-b63/Meditrina-b68/promotion.Url vs /fr/Sommeil-c88/Clef-des-champs-b26/Druide-b63/Meditrina-b68. Lang:fr
15:41:13 Listing url is not the same: /fr/Coeur-et-sante-generale-c106/A-Vogel-b54/Nature-Clean-b72/subcat.Url vs /fr/Coeur-et-sante-generale-c106/A-Vogel-b54/Nature-Clean-b72. Lang:fr
15:41:15 Listing url is not the same: /fr/Coeur-et-sante-generale-c106/Anokian-b58/Natural-Factors-b71/p.UrlBrand vs /fr/Coeur-et-sante-generale-c106/Anokian-b58/Natural-Factors-b71. Lang:fr
16:25:17 Listing url is not the same: /fr/Sante-des-femmes-c100/Druide-b63/b.Url vs /fr/Sante-des-femmes-c100/Druide-b63. Lang:fr
16:25:46 Listing url is not the same: /fr/Sante-des-femmes-c100/Druide-b63/promotion.Url vs /fr/Sante-des-femmes-c100/Druide-b63. Lang:fr
16:26:14 Listing url is not the same: /fr/Fatigue-c99/Clef-des-champs-b26/Natural-Factors-b71/subcat.Url vs /fr/Fatigue-c99/Clef-des-champs-b26/Natural-Factors-b71. Lang:fr
16:27:30 Listing url is not the same: /fr/Fatigue-c99/Druide-b63/Meditrina-b68/brand.Url vs /fr/Fatigue-c99/Druide-b63/Meditrina-b68. Lang:fr
16:27:53 Listing url is not the same: /fr/Sante-des-enfants-c108/A-Vogel-b54/Boiron-b61/Clef-des-champs-b26/cat.Url vs /fr/Sante-des-enfants-c108/A-Vogel-b54/Boiron-b61/Clef-des-champs-b26. Lang:fr
16:28:16 Listing url is not the same: /fr/Rhume-grippe-voie-respiratoire-c57/A-Vogel-b54/Anokian-b58/urlBilingual vs /fr/Rhume-grippe-voie-respiratoire-c57/A-Vogel-b54/Anokian-b58. Lang:fr
16:29:00 Listing url is not the same: /fr/Sommeil-c88/A-Vogel-b54/cat.Url vs /fr/Sommeil-c88/A-Vogel-b54. Lang:fr
16:29:38 Listing url is not the same: /fr/Sante-des-femmes-c100/A-Vogel-b54/Boiron-b61/addressLink vs /fr/Sante-des-femmes-c100/A-Vogel-b54/Boiron-b61. Lang:fr
16:29:56 Listing url is not the same: /fr/Sante-des-femmes-c100/Natural-Factors-b71/subcat.Url vs /fr/Sante-des-femmes-c100/Natural-Factors-b71. Lang:fr
16:30:13 Listing url is not the same: /fr/Sante-des-femmes-c100/Clef-des-champs-b26/Le-Tournesol-ANB-b64/Meditrina-b68/urlBilingual vs /fr/Sante-des-femmes-c100/Clef-des-champs-b26/Le-Tournesol-ANB-b64/Meditrina-b68. Lang:fr
16:30:49 Listing url is not the same: /fr/Inflammation-c98/Clef-des-champs-b26/Le-Tournesol-ANB-b64/Merveilles-d-Abeilles-b69/cat.Url vs /fr/Inflammation-c98/Clef-des-champs-b26/Le-Tournesol-ANB-b64/Merveilles-d-Abeilles-b69. Lang:fr
16:35:57 Listing url is not the same: /fr/Chandelles-c70/Anokian-b58/Boiron-b61/p.Url vs /fr/Chandelles-c70/Anokian-b58/Boiron-b61. Lang:fr
16:36:09 Listing url is not the same: /fr/Concentration-memoire-migraine-c56/Boiron-b61/Druide-b63/Natural-Factors-b71/addressLink vs /fr/Concentration-memoire-migraine-c56/Boiron-b61/Druide-b63/Natural-Factors-b71. Lang:fr
16:36:21 Listing url is not the same: /fr/Concentration-memoire-migraine-c56/Clef-des-champs-b26/Meditrina-b68/Natural-Factors-b71/cat.Url vs /fr/Concentration-memoire-migraine-c56/Clef-des-champs-b26/Meditrina-b68/Natural-Factors-b71. Lang:fr
16:36:41 Listing url is not the same: /fr/Detox-Digestion-c87/Meditrina-b68/Natural-Factors-b71/p.Url vs /fr/Detox-Digestion-c87/Meditrina-b68/Natural-Factors-b71. Lang:fr
16:36:57 Listing url is not the same: /fr/Fatigue-c99/Boiron-b61/Le-Tournesol-ANB-b64/cat.Url vs /fr/Fatigue-c99/Boiron-b61/Le-Tournesol-ANB-b64. Lang:fr
16:37:09 Listing url is not the same: /fr/Inflammation-c98/A-Vogel-b54/Druide-b63/b.Url vs /fr/Inflammation-c98/A-Vogel-b54/Druide-b63. Lang:fr
16:37:21 Listing url is not the same: /fr/Nettoyage-c73/Anokian-b58/Le-Tournesol-ANB-b64/p.Url vs /fr/Nettoyage-c73/Anokian-b58/Le-Tournesol-ANB-b64. Lang:fr
16:37:23 Listing url is not the same: /fr/Nettoyage-c73/Boiron-b61/Merveilles-d-Abeilles-b69/Natural-Factors-b71/promotion.Url vs /fr/Nettoyage-c73/Boiron-b61/Merveilles-d-Abeilles-b69/Natural-Factors-b71. Lang:fr
16:37:26 Listing url is not the same: /fr/Sante-des-enfants-c108/Clef-des-champs-b26/Druide-b63/Meditrina-b68/brand.Url vs /fr/Sante-des-enfants-c108/Clef-des-champs-b26/Druide-b63/Meditrina-b68. Lang:fr
16:37:30 Listing url is not the same: /fr/Stress-c97/A-Vogel-b54/Anokian-b58/p.Url vs /fr/Stress-c97/A-Vogel-b54/Anokian-b58. Lang:fr
16:37:33 Listing url is not the same: /fr/Stress-c97/Clef-des-champs-b26/Le-Tournesol-ANB-b64/Natural-Factors-b71/cat.Url vs /fr/Stress-c97/Clef-des-champs-b26/Le-Tournesol-ANB-b64/Natural-Factors-b71. Lang:fr
16:37:34 Listing url is not the same: /fr/Systeme-immunitaire-c93/Druide-b63/Natural-Factors-b71/cat.Url vs /fr/Systeme-immunitaire-c93/Druide-b63/Natural-Factors-b71. Lang:fr
17:20:24 Listing url is not the same: /fr/Stress-c97/A-Vogel-b54/brand.Url vs /fr/Stress-c97/A-Vogel-b54. Lang:fr
17:20:28 Listing url is not the same: /fr/Sante-des-enfants-c108/Meditrina-b68/addressLink vs /fr/Sante-des-enfants-c108/Meditrina-b68. Lang:fr
17:21:46 Listing url is not the same: /fr/Stress-c97/Boiron-b61/Clef-des-champs-b26/p.Url vs /fr/Stress-c97/Boiron-b61/Clef-des-champs-b26. Lang:fr
17:21:55 Listing url is not the same: /fr/Stress-c97/Clef-des-champs-b26/Druide-b63/urlBilingual vs /fr/Stress-c97/Clef-des-champs-b26/Druide-b63. Lang:fr
17:22:20 Listing url is not the same: /fr/Inflammation-c98/Clef-des-champs-b26/Le-Tournesol-ANB-b64/urlBilingual vs /fr/Inflammation-c98/Clef-des-champs-b26/Le-Tournesol-ANB-b64. Lang:fr
17:25:41 Listing url is not the same: /fr/Detox-Digestion-c87/Le-Tournesol-ANB-b64/Meditrina-b68/brand.Url vs /fr/Detox-Digestion-c87/Le-Tournesol-ANB-b64/Meditrina-b68. Lang:fr
17:25:44 Listing url is not the same: /fr/Detox-Digestion-c87/Nature-Clean-b72/p.Url vs /fr/Detox-Digestion-c87/Nature-Clean-b72. Lang:fr
17:25:54 Listing url is not the same: /fr/Sommeil-c88/Clef-des-champs-b26/Meditrina-b68/addressLink vs /fr/Sommeil-c88/Clef-des-champs-b26/Meditrina-b68. Lang:fr
17:27:41 Listing url is not the same: /fr/Coeur-et-sante-generale-c106/Meditrina-b68/urlBilingual vs /fr/Coeur-et-sante-generale-c106/Meditrina-b68. Lang:fr
17:27:56 Listing url is not the same: /fr/Sante-des-enfants-c108/Clef-des-champs-b26/Le-Tournesol-ANB-b64/Meditrina-b68/brand.Url vs /fr/Sante-des-enfants-c108/Clef-des-champs-b26/Le-Tournesol-ANB-b64/Meditrina-b68. Lang:fr
17:34:29 Listing url is not the same: /fr/Stress-c97/Boiron-b61/Clef-des-champs-b26/Druide-b63/cat.Url vs /fr/Stress-c97/Boiron-b61/Clef-des-champs-b26/Druide-b63. Lang:fr
18:17:26 Listing url is not the same: /fr/Detox-Digestion-c87/A-Vogel-b54/Boiron-b61/addressLink vs /fr/Detox-Digestion-c87/A-Vogel-b54/Boiron-b61. Lang:fr
18:17:35 Listing url is not the same: /fr/Sante-des-femmes-c100/Boiron-b61/Meditrina-b68/brand.Url vs /fr/Sante-des-femmes-c100/Boiron-b61/Meditrina-b68. Lang:fr
18:17:43 Listing url is not the same: /fr/Sante-des-femmes-c100/Merveilles-d-Abeilles-b69/brand.Url vs /fr/Sante-des-femmes-c100/Merveilles-d-Abeilles-b69. Lang:fr
18:18:09 Listing url is not the same: /fr/Coeur-et-sante-generale-c106/Meditrina-b68/cat.Url vs /fr/Coeur-et-sante-generale-c106/Meditrina-b68. Lang:fr
18:18:12 Listing url is not the same: /fr/Sante-des-enfants-c108/Druide-b63/addressLink vs /fr/Sante-des-enfants-c108/Druide-b63. Lang:fr
18:18:13 Listing url is not the same: /fr/Sante-des-femmes-c100/A-Vogel-b54/Boiron-b61/promotion.Url vs /fr/Sante-des-femmes-c100/A-Vogel-b54/Boiron-b61. Lang:fr
18:18:17 Listing url is not the same: /fr/Systeme-immunitaire-c93/Boiron-b61/Druide-b63/promotion.Url vs /fr/Systeme-immunitaire-c93/Boiron-b61/Druide-b63. Lang:fr
18:18:33 Listing url is not the same: /fr/Detox-Digestion-c87/A-Vogel-b54/Clef-des-champs-b26/Meditrina-b68/p.Url vs /fr/Detox-Digestion-c87/A-Vogel-b54/Clef-des-champs-b26/Meditrina-b68. Lang:fr
18:18:35 Listing url is not the same: /fr/Systeme-immunitaire-c93/Clef-des-champs-b26/Merveilles-d-Abeilles-b69/cat.Url vs /fr/Systeme-immunitaire-c93/Clef-des-champs-b26/Merveilles-d-Abeilles-b69. Lang:fr
18:24:31 Listing url is not the same: /fr/Allergies-c55/A-Vogel-b54/Boiron-b61/Clef-des-champs-b26/Le-Tournesol-ANB-b64/Meditrina-b68/p.Url vs /fr/Allergies-c55/A-Vogel-b54/Boiron-b61/Clef-des-champs-b26/Le-Tournesol-ANB-b64/Meditrina-b68. Lang:fr
18:24:32 Listing url is not the same: /fr/Allergies-c55/Meditrina-b68/Merveilles-d-Abeilles-b69/Natural-Factors-b71/addressLink vs /fr/Allergies-c55/Meditrina-b68/Merveilles-d-Abeilles-b69/Natural-Factors-b71. Lang:fr
18:24:33 Listing url is not the same: /fr/Concentration-memoire-migraine-c56/Druide-b63/Le-Tournesol-ANB-b64/Natural-Factors-b71/b.Url vs /fr/Concentration-memoire-migraine-c56/Druide-b63/Le-Tournesol-ANB-b64/Natural-Factors-b71. Lang:fr
18:24:38 Listing url is not the same: /fr/Sante-des-femmes-c100/Clef-des-champs-b26/Le-Tournesol-ANB-b64/Natural-Factors-b71/subcat.Url vs /fr/Sante-des-femmes-c100/Clef-des-champs-b26/Le-Tournesol-ANB-b64/Natural-Factors-b71. Lang:fr
18:24:39 Listing url is not the same: /fr/Systeme-immunitaire-c93/A-Vogel-b54/Clef-des-champs-b26/Le-Tournesol-ANB-b64/urlBilingual vs /fr/Systeme-immunitaire-c93/A-Vogel-b54/Clef-des-champs-b26/Le-Tournesol-ANB-b64. Lang:fr
18:29:26 Listing url is not the same: /fr/Coeur-et-sante-generale-c106/Clef-des-champs-b26/Meditrina-b68/p.UrlBrand vs /fr/Coeur-et-sante-generale-c106/Clef-des-champs-b26/Meditrina-b68. Lang:fr
19:19:53 Listing url is not the same: /fr/Detox-Digestion-c87/Natural-Factors-b71/p.UrlBrand vs /fr/Detox-Digestion-c87/Natural-Factors-b71. Lang:fr
19:20:03 Listing url is not the same: /fr/Detox-Digestion-c87/A-Vogel-b54/Boiron-b61/cat.Url vs /fr/Detox-Digestion-c87/A-Vogel-b54/Boiron-b61. Lang:fr
19:20:07 Listing url is not the same: /fr/Stress-c97/Clef-des-champs-b26/Druide-b63/cat.Url vs /fr/Stress-c97/Clef-des-champs-b26/Druide-b63. Lang:fr
19:21:48 Listing url is not the same: /fr/Coeur-et-sante-generale-c106/Meditrina-b68/b.Url vs /fr/Coeur-et-sante-generale-c106/Meditrina-b68. Lang:fr
19:22:11 Listing url is not the same: /fr/Detox-Digestion-c87/A-Vogel-b54/Clef-des-champs-b26/Meditrina-b68/addressLink vs /fr/Detox-Digestion-c87/A-Vogel-b54/Clef-des-champs-b26/Meditrina-b68. Lang:fr
19:22:13 Listing url is not the same: /fr/Systeme-immunitaire-c93/A-Vogel-b54/Le-Tournesol-ANB-b64/brand.Url vs /fr/Systeme-immunitaire-c93/A-Vogel-b54/Le-Tournesol-ANB-b64. Lang:fr
19:24:09 Listing url is not the same: /fr/Allergies-c55/Meditrina-b68/Merveilles-d-Abeilles-b69/Natural-Factors-b71/p.UrlBrand vs /fr/Allergies-c55/Meditrina-b68/Merveilles-d-Abeilles-b69/Natural-Factors-b71. Lang:fr
19:24:10 Listing url is not the same: /fr/Coeur-et-sante-generale-c106/A-Vogel-b54/Nature-Clean-b72/b.Url vs /fr/Coeur-et-sante-generale-c106/A-Vogel-b54/Nature-Clean-b72. Lang:fr
19:24:11 Listing url is not the same: /fr/Fatigue-c99/Druide-b63/Nature-Clean-b72/b.Url vs /fr/Fatigue-c99/Druide-b63/Nature-Clean-b72. Lang:fr
19:24:12 Listing url is not the same: /fr/Homeopathie-c12/A-Vogel-b54/Anokian-b58/p.UrlBrand vs /fr/Homeopathie-c12/A-Vogel-b54/Anokian-b58. Lang:fr
19:24:14 Listing url is not the same: /fr/Huiles-magiques-de-wicca-c65/Anokian-b58/Boiron-b61/p.Url vs /fr/Huiles-magiques-de-wicca-c65/Anokian-b58/Boiron-b61. Lang:fr
19:24:17 Listing url is not the same: /fr/Inflammation-c98/A-Vogel-b54/Le-Tournesol-ANB-b64/p.UrlBrand vs /fr/Inflammation-c98/A-Vogel-b54/Le-Tournesol-ANB-b64. Lang:fr
19:27:13 Listing url is not the same: /fr/Systeme-immunitaire-c93/Clef-des-champs-b26/Nature-Clean-b72/cat.Url vs /fr/Systeme-immunitaire-c93/Clef-des-champs-b26/Nature-Clean-b72. Lang:fr
20:19:30 Listing url is not the same: /fr/Homeopathie-c12/A-Vogel-b54/cat.Url vs /fr/Homeopathie-c12/A-Vogel-b54. Lang:fr
20:19:32 Listing url is not the same: /fr/Homeopathie-c12/A-Vogel-b54/promotion.Url vs /fr/Homeopathie-c12/A-Vogel-b54. Lang:fr
20:19:33 Listing url is not the same: /fr/Sante-des-enfants-c108/Boiron-b61/Meditrina-b68/brand.Url vs /fr/Sante-des-enfants-c108/Boiron-b61/Meditrina-b68. Lang:fr
20:19:37 Listing url is not the same: /fr/Stress-c97/Druide-b63/Meditrina-b68/b.Url vs /fr/Stress-c97/Druide-b63/Meditrina-b68. Lang:fr
20:19:39 Listing url is not the same: /fr/Systeme-immunitaire-c93/A-Vogel-b54/Anokian-b58/urlBilingual vs /fr/Systeme-immunitaire-c93/A-Vogel-b54/Anokian-b58. Lang:fr
20:20:05 Listing url is not the same: /fr/Coeur-et-sante-generale-c106/Natural-Factors-b71/brand.Url vs /fr/Coeur-et-sante-generale-c106/Natural-Factors-b71. Lang:fr
20:23:07 Listing url is not the same: /fr/Detox-Digestion-c87/Meditrina-b68/Natural-Factors-b71/b.Url vs /fr/Detox-Digestion-c87/Meditrina-b68/Natural-Factors-b71. Lang:fr
20:23:12 Listing url is not the same: /fr/Fatigue-c99/A-Vogel-b54/Meditrina-b68/promotion.Url vs /fr/Fatigue-c99/A-Vogel-b54/Meditrina-b68. Lang:fr
20:23:14 Listing url is not the same: /fr/Fatigue-c99/Anokian-b58/Natural-Factors-b71/brand.Url vs /fr/Fatigue-c99/Anokian-b58/Natural-Factors-b71. Lang:fr
20:23:17 Listing url is not the same: /fr/Fatigue-c99/Natural-Factors-b71/New-roots-b74/p.Url vs /fr/Fatigue-c99/Natural-Factors-b71/New-roots-b74. Lang:fr
20:23:20 Listing url is not the same: /fr/Inflammation-c98/Clef-des-champs-b26/Meditrina-b68/Natural-Factors-b71/urlBilingual vs /fr/Inflammation-c98/Clef-des-champs-b26/Meditrina-b68/Natural-Factors-b71. Lang:fr
20:23:23 Listing url is not the same: /fr/Stress-c97/Clef-des-champs-b26/Nature-Clean-b72/p.Url vs /fr/Stress-c97/Clef-des-champs-b26/Nature-Clean-b72. Lang:fr
20:24:54 Listing url is not the same: /fr/Coeur-et-sante-generale-c106/Anokian-b58/Natural-Factors-b71/addressLink vs /fr/Coeur-et-sante-generale-c106/Anokian-b58/Natural-Factors-b71. Lang:fr
20:24:55 Listing url is not the same: /fr/Coeur-et-sante-generale-c106/Le-Tournesol-ANB-b64/Meditrina-b68/p.UrlBrand vs /fr/Coeur-et-sante-generale-c106/Le-Tournesol-ANB-b64/Meditrina-b68. Lang:fr
20:25:01 Listing url is not the same: /fr/Sommeil-c88/Clef-des-champs-b26/Le-Tournesol-ANB-b64/promotion.Url vs /fr/Sommeil-c88/Clef-des-champs-b26/Le-Tournesol-ANB-b64. Lang:fr
20:25:02 Listing url is not the same: /fr/Systeme-immunitaire-c93/Druide-b63/Natural-Factors-b71/promotion.Url vs /fr/Systeme-immunitaire-c93/Druide-b63/Natural-Factors-b71. Lang:fr
21:15:26 Listing url is not the same: /fr/Fatigue-c99/Druide-b63/Meditrina-b68/addressLink vs /fr/Fatigue-c99/Druide-b63/Meditrina-b68. Lang:fr
21:16:30 Listing url is not the same: /fr/Sante-des-femmes-c100/A-Vogel-b54/Boiron-b61/Clef-des-champs-b26/p.Url vs /fr/Sante-des-femmes-c100/A-Vogel-b54/Boiron-b61/Clef-des-champs-b26. Lang:fr
21:16:58 Listing url is not the same: /fr/Detox-Digestion-c87/Anokian-b58/p.UrlBrand vs /fr/Detox-Digestion-c87/Anokian-b58. Lang:fr
21:17:04 Listing url is not the same: /fr/Sante-des-femmes-c100/Le-Tournesol-ANB-b64/Meditrina-b68/b.Url vs /fr/Sante-des-femmes-c100/Le-Tournesol-ANB-b64/Meditrina-b68. Lang:fr
21:17:05 Listing url is not the same: /fr/Sante-des-femmes-c100/Natural-Factors-b71/b.Url vs /fr/Sante-des-femmes-c100/Natural-Factors-b71. Lang:fr
21:17:06 Listing url is not the same: /fr/Stress-c97/Druide-b63/Meditrina-b68/addressLink vs /fr/Stress-c97/Druide-b63/Meditrina-b68. Lang:fr
21:17:26 Listing url is not the same: /fr/Sante-des-femmes-c100/A-Vogel-b54/Clef-des-champs-b26/Meditrina-b68/p.UrlBrand vs /fr/Sante-des-femmes-c100/A-Vogel-b54/Clef-des-champs-b26/Meditrina-b68. Lang:fr
21:17:27 Listing url is not the same: /fr/Sante-des-femmes-c100/Natural-Factors-b71/promotion.Url vs /fr/Sante-des-femmes-c100/Natural-Factors-b71. Lang:fr
21:18:41 Listing url is not the same: /fr/Stress-c97/A-Vogel-b54/Druide-b63/p.Url vs /fr/Stress-c97/A-Vogel-b54/Druide-b63. Lang:fr
21:21:43 Listing url is not the same: /fr/Coeur-et-sante-generale-c106/Boiron-b61/Druide-b63/addressLink vs /fr/Coeur-et-sante-generale-c106/Boiron-b61/Druide-b63. Lang:fr
21:21:48 Listing url is not the same: /fr/Detox-Digestion-c87/Boiron-b61/Clef-des-champs-b26/Merveilles-d-Abeilles-b69/b.Url vs /fr/Detox-Digestion-c87/Boiron-b61/Clef-des-champs-b26/Merveilles-d-Abeilles-b69. Lang:fr
21:21:56 Listing url is not the same: /fr/Fatigue-c99/A-Vogel-b54/Anokian-b58/subcat.Url vs /fr/Fatigue-c99/A-Vogel-b54/Anokian-b58. Lang:fr
21:21:57 Listing url is not the same: /fr/Fatigue-c99/Clef-des-champs-b26/Druide-b63/Le-Tournesol-ANB-b64/b.Url vs /fr/Fatigue-c99/Clef-des-champs-b26/Druide-b63/Le-Tournesol-ANB-b64. Lang:fr
21:21:58 Listing url is not the same: /fr/Homeopathie-c12/A-Vogel-b54/Nature-Clean-b72/cat.Url vs /fr/Homeopathie-c12/A-Vogel-b54/Nature-Clean-b72. Lang:fr
21:21:59 Listing url is not the same: /fr/Inflammation-c98/Clef-des-champs-b26/Nature-Clean-b72/cat.Url vs /fr/Inflammation-c98/Clef-des-champs-b26/Nature-Clean-b72. Lang:fr
21:22:04 Listing url is not the same: /fr/Sante-des-femmes-c100/A-Vogel-b54/Meditrina-b68/brand.Url vs /fr/Sante-des-femmes-c100/A-Vogel-b54/Meditrina-b68. Lang:fr
21:22:10 Listing url is not the same: /fr/Sante-des-femmes-c100/Clef-des-champs-b26/Le-Tournesol-ANB-b64/Natural-Factors-b71/promotion.Url vs /fr/Sante-des-femmes-c100/Clef-des-champs-b26/Le-Tournesol-ANB-b64/Natural-Factors-b71. Lang:fr
21:22:12 Listing url is not the same: /fr/Stress-c97/A-Vogel-b54/Natural-Factors-b71/urlBilingual vs /fr/Stress-c97/A-Vogel-b54/Natural-Factors-b71. Lang:fr
21:22:13 Listing url is not the same: /fr/Stress-c97/Clef-des-champs-b26/Nature-Clean-b72/cat.Url vs /fr/Stress-c97/Clef-des-champs-b26/Nature-Clean-b72. Lang:fr
21:22:14 Listing url is not the same: /fr/Stress-c97/Le-Tournesol-ANB-b64/Natural-Factors-b71/p.UrlBrand vs /fr/Stress-c97/Le-Tournesol-ANB-b64/Natural-Factors-b71. Lang:fr
21:25:59 Listing url is not the same: /fr/Coeur-et-sante-generale-c106/Clef-des-champs-b26/Natural-Factors-b71/p.Url vs /fr/Coeur-et-sante-generale-c106/Clef-des-champs-b26/Natural-Factors-b71. Lang:fr
22:12:03 Listing url is not the same: /fr/Inflammation-c98/A-Vogel-b54/Boiron-b61/p.Url vs /fr/Inflammation-c98/A-Vogel-b54/Boiron-b61. Lang:fr
22:13:09 Listing url is not the same: /fr/Detox-Digestion-c87/Natural-Factors-b71/subcat.Url vs /fr/Detox-Digestion-c87/Natural-Factors-b71. Lang:fr
22:13:41 Listing url is not the same: /fr/Fatigue-c99/Druide-b63/Meditrina-b68/p.UrlBrand vs /fr/Fatigue-c99/Druide-b63/Meditrina-b68. Lang:fr
22:15:59 Listing url is not the same: /fr/Homeopathie-c12/A-Vogel-b54/brand.Url vs /fr/Homeopathie-c12/A-Vogel-b54. Lang:fr
22:16:01 Listing url is not the same: /fr/Sante-des-enfants-c108/Anokian-b58/cat.Url vs /fr/Sante-des-enfants-c108/Anokian-b58. Lang:fr
22:16:04 Listing url is not the same: /fr/Stress-c97/A-Vogel-b54/Le-Tournesol-ANB-b64/addressLink vs /fr/Stress-c97/A-Vogel-b54/Le-Tournesol-ANB-b64. Lang:fr
22:16:50 Listing url is not the same: /fr/Inflammation-c98/Merveilles-d-Abeilles-b69/urlBilingual vs /fr/Inflammation-c98/Merveilles-d-Abeilles-b69. Lang:fr
22:23:01 Listing url is not the same: /fr/Detox-Digestion-c87/Clef-des-champs-b26/Le-Tournesol-ANB-b64/Natural-Factors-b71/addressLink vs /fr/Detox-Digestion-c87/Clef-des-champs-b26/Le-Tournesol-ANB-b64/Natural-Factors-b71. Lang:fr
23:10:08 Listing url is not the same: /fr/Stress-c97/Clef-des-champs-b26/Le-Tournesol-ANB-b64/p.UrlBrand vs /fr/Stress-c97/Clef-des-champs-b26/Le-Tournesol-ANB-b64. Lang:fr
23:11:16 Listing url is not the same: /fr/Fatigue-c99/A-Vogel-b54/Clef-des-champs-b26/Meditrina-b68/subcat.Url vs /fr/Fatigue-c99/A-Vogel-b54/Clef-des-champs-b26/Meditrina-b68. Lang:fr
23:11:18 Listing url is not the same: /fr/Sante-des-enfants-c108/A-Vogel-b54/Clef-des-champs-b26/Meditrina-b68/p.Url vs /fr/Sante-des-enfants-c108/A-Vogel-b54/Clef-des-champs-b26/Meditrina-b68. Lang:fr
23:11:19 Listing url is not the same: /fr/Sante-des-femmes-c100/A-Vogel-b54/Boiron-b61/Clef-des-champs-b26/addressLink vs /fr/Sante-des-femmes-c100/A-Vogel-b54/Boiron-b61/Clef-des-champs-b26. Lang:fr
23:11:47 Listing url is not the same: /fr/Fatigue-c99/Boiron-b61/Meditrina-b68/b.Url vs /fr/Fatigue-c99/Boiron-b61/Meditrina-b68. Lang:fr
23:11:59 Listing url is not the same: /fr/Stress-c97/Boiron-b61/Druide-b63/addressLink vs /fr/Stress-c97/Boiron-b61/Druide-b63. Lang:fr
23:12:00 Listing url is not the same: /fr/Stress-c97/Boiron-b61/Druide-b63/brand.Url vs /fr/Stress-c97/Boiron-b61/Druide-b63. Lang:fr
23:12:02 Listing url is not the same: /fr/Systeme-immunitaire-c93/Anokian-b58/addressLink vs /fr/Systeme-immunitaire-c93/Anokian-b58. Lang:fr
23:12:16 Listing url is not the same: /fr/Inflammation-c98/Clef-des-champs-b26/Merveilles-d-Abeilles-b69/addressLink vs /fr/Inflammation-c98/Clef-des-champs-b26/Merveilles-d-Abeilles-b69. Lang:fr
23:12:17 Listing url is not the same: /fr/Sante-des-femmes-c100/Le-Tournesol-ANB-b64/Meditrina-b68/urlBilingual vs /fr/Sante-des-femmes-c100/Le-Tournesol-ANB-b64/Meditrina-b68. Lang:fr
23:12:19 Listing url is not the same: /fr/Stress-c97/Clef-des-champs-b26/Meditrina-b68/Merveilles-d-Abeilles-b69/p.UrlBrand vs /fr/Stress-c97/Clef-des-champs-b26/Meditrina-b68/Merveilles-d-Abeilles-b69. Lang:fr
23:16:02 Listing url is not the same: /fr/Concentration-memoire-migraine-c56/Boiron-b61/Meditrina-b68/Natural-Factors-b71/p.Url vs /fr/Concentration-memoire-migraine-c56/Boiron-b61/Meditrina-b68/Natural-Factors-b71. Lang:fr
23:16:02 Listing url is not the same: /fr/Detox-Digestion-c87/Druide-b63/Meditrina-b68/subcat.Url vs /fr/Detox-Digestion-c87/Druide-b63/Meditrina-b68. Lang:fr
23:16:06 Listing url is not the same: /fr/Fatigue-c99/Clef-des-champs-b26/Druide-b63/Le-Tournesol-ANB-b64/urlBilingual vs /fr/Fatigue-c99/Clef-des-champs-b26/Druide-b63/Le-Tournesol-ANB-b64. Lang:fr
23:16:07 Listing url is not the same: /fr/Fatigue-c99/Druide-b63/Natural-Factors-b71/cat.Url vs /fr/Fatigue-c99/Druide-b63/Natural-Factors-b71. Lang:fr
23:16:10 Listing url is not the same: /fr/Sante-des-enfants-c108/Clef-des-champs-b26/Druide-b63/Le-Tournesol-ANB-b64/p.UrlBrand vs /fr/Sante-des-enfants-c108/Clef-des-champs-b26/Druide-b63/Le-Tournesol-ANB-b64. Lang:fr
23:16:13 Listing url is not the same: /fr/Sante-des-femmes-c100/Clef-des-champs-b26/Druide-b63/Le-Tournesol-ANB-b64/urlBilingual vs /fr/Sante-des-femmes-c100/Clef-des-champs-b26/Druide-b63/Le-Tournesol-ANB-b64. Lang:fr
23:16:14 Listing url is not the same: /fr/Sommeil-c88/A-Vogel-b54/Clef-des-champs-b26/addressLink vs /fr/Sommeil-c88/A-Vogel-b54/Clef-des-champs-b26. Lang:fr
23:16:17 Listing url is not the same: /fr/Stress-c97/Boiron-b61/Natural-Factors-b71/p.UrlBrand vs /fr/Stress-c97/Boiron-b61/Natural-Factors-b71. Lang:fr
23:16:18 Listing url is not the same: /fr/Stress-c97/Clef-des-champs-b26/Nature-Clean-b72/addressLink vs /fr/Stress-c97/Clef-des-champs-b26/Nature-Clean-b72. Lang:fr
23:18:45 Listing url is not the same: /fr/Sante-des-femmes-c100/Merveilles-d-Abeilles-b69/Natural-Factors-b71/cat.Url vs /fr/Sante-des-femmes-c100/Merveilles-d-Abeilles-b69/Natural-Factors-b71. Lang:fr
23:54:41 Listing url is not the same: /fr/Stress-c97/p.Url vs /fr/Stress-c97. Lang:fr
23:55:19 Listing url is not the same: /fr/Stress-c97/A-Vogel-b54/p.Url vs /fr/Stress-c97/A-Vogel-b54. Lang:fr
23:55:59 Listing url is not the same: /fr/Inflammation-c98/A-Vogel-b54/Boiron-b61/brand.Url vs /fr/Inflammation-c98/A-Vogel-b54/Boiron-b61. Lang:fr
23:56:22 Listing url is not the same: /fr/Inflammation-c98/Anokian-b58/cat.Url vs /fr/Inflammation-c98/Anokian-b58. Lang:fr
23:57:00 Listing url is not the same: /fr/Fatigue-c99/Le-Tournesol-ANB-b64/promotion.Url vs /fr/Fatigue-c99/Le-Tournesol-ANB-b64. Lang:fr
23:57:20 Listing url is not the same: /fr/Homeopathie-c12/Boiron-b61/Druide-b63/urlBilingual vs /fr/Homeopathie-c12/Boiron-b61/Druide-b63. Lang:fr
23:57:29 Listing url is not the same: /fr/Sante-des-femmes-c100/A-Vogel-b54/Boiron-b61/b.Url vs /fr/Sante-des-femmes-c100/A-Vogel-b54/Boiron-b61. Lang:fr
23:57:36 Listing url is not the same: /fr/Sante-des-femmes-c100/Anokian-b58/b.Url vs /fr/Sante-des-femmes-c100/Anokian-b58. Lang:fr
23:57:49 Listing url is not the same: /fr/Stress-c97/A-Vogel-b54/Clef-des-champs-b26/cat.Url vs /fr/Stress-c97/A-Vogel-b54/Clef-des-champs-b26. Lang:fr
23:57:54 Listing url is not the same: /fr/Stress-c97/A-Vogel-b54/Meditrina-b68/b.Url vs /fr/Stress-c97/A-Vogel-b54/Meditrina-b68. Lang:fr
23:57:58 Listing url is not the same: /fr/Stress-c97/Boiron-b61/Druide-b63/subcat.Url vs /fr/Stress-c97/Boiron-b61/Druide-b63. Lang:fr
23:58:02 Listing url is not the same: /fr/Sante-des-enfants-c108/Clef-des-champs-b26/Meditrina-b68/Merveilles-d-Abeilles-b69/p.UrlBrand vs /fr/Sante-des-enfants-c108/Clef-des-champs-b26/Meditrina-b68/Merveilles-d-Abeilles-b69. Lang:fr
