00:16:57 Listing url is not the same: /fr/Coeur-et-sante-generale-c106/Boiron-b61/Natural-Factors-b71/New-roots-b74/p.Url vs /fr/Coeur-et-sante-generale-c106/Boiron-b61/Natural-Factors-b71/New-roots-b74. Lang:fr
00:18:07 Listing url is not the same: /fr/Concentration-memoire-migraine-c56/Clef-des-champs-b26/Leo-Desilet-b66/promotion.Url vs /fr/Concentration-memoire-migraine-c56/Clef-des-champs-b26/Leo-Desilet-b66. Lang:fr
00:19:36 Listing url is not the same: /fr/Antioxydants-c62/Boiron-b61/Clef-des-champs-b26/Flora-b123/promotion.Url vs /fr/Antioxydants-c62/Boiron-b61/Clef-des-champs-b26/Flora-b123. Lang:fr
00:20:32 Listing url is not the same: /fr/Fatigue-c99/Clef-des-champs-b26/Flora-b123/Natural-Factors-b71/brand.Url vs /fr/Fatigue-c99/Clef-des-champs-b26/Flora-b123/Natural-Factors-b71. Lang:fr
00:21:35 Listing url is not the same: /fr/soin-du-corps-c86/Boiron-b61/Le-Tournesol-ANB-b64/New-roots-b74/b.Url vs /fr/Soin-du-corps-c86/Boiron-b61/Le-Tournesol-ANB-b64/New-roots-b74. Lang:fr
01:04:37 Listing url is not the same: /fr/soin-du-corps-c86/A-Vogel-b54/Clef-des-champs-b26/Druide-b63/New-roots-b74/addressLink vs /fr/Soin-du-corps-c86/A-Vogel-b54/Clef-des-champs-b26/Druide-b63/New-roots-b74. Lang:fr
01:05:41 Listing url is not the same: /fr/Detox-Digestion-c87/Clef-des-champs-b26/Healthology-b116/b.Url vs /fr/Detox-Digestion-c87/Clef-des-champs-b26/Healthology-b116. Lang:fr
01:05:47 Listing url is not the same: /fr/Sommeil-c88/A-Vogel-b54/Boiron-b61/Clef-des-champs-b26/Nature-Clean-b72/subcat.Url vs /fr/Sommeil-c88/A-Vogel-b54/Boiron-b61/Clef-des-champs-b26/Nature-Clean-b72. Lang:fr
01:08:28 Listing url is not the same: /fr/Cosmetique-parfum-et-deodorant-c60/Druide-b63/Natural-Factors-b71/New-roots-b74/addressLink vs /fr/Cosmetique-parfum-et-deodorant-c60/Druide-b63/Natural-Factors-b71/New-roots-b74. Lang:fr
01:08:50 Listing url is not the same: /fr/Homeopathie-c12/Clef-des-champs-b26/Le-Tournesol-ANB-b64/New-roots-b74/subcat.Url vs /fr/Homeopathie-c12/Clef-des-champs-b26/Le-Tournesol-ANB-b64/New-roots-b74. Lang:fr
01:08:56 Listing url is not the same: /fr/Inflammation-c98/Clef-des-champs-b26/Le-Tournesol-ANB-b64/Merveilles-d-Abeilles-b69/Nature-Clean-b72/p.UrlBrand vs /fr/Inflammation-c98/Clef-des-champs-b26/Le-Tournesol-ANB-b64/Merveilles-d-Abeilles-b69/Nature-Clean-b72. Lang:fr
01:09:01 Listing url is not the same: /fr/Stress-c97/A-Vogel-b54/Bach-b137/Boiron-b61/Clef-des-champs-b26/Druide-b63/b.Url vs /fr/Stress-c97/A-Vogel-b54/Bach-b137/Boiron-b61/Clef-des-champs-b26/Druide-b63. Lang:fr
01:09:05 Listing url is not the same: /fr/Stress-c97/Clef-des-champs-b26/Meditrina-b68/Natural-Factors-b71/New-roots-b74/cat.Url vs /fr/Stress-c97/Clef-des-champs-b26/Meditrina-b68/Natural-Factors-b71/New-roots-b74. Lang:fr
01:09:09 Listing url is not the same: /fr/Systeme-immunitaire-c93/A-Vogel-b54/Clef-des-champs-b26/Flora-b123/brand.Url vs /fr/Systeme-immunitaire-c93/A-Vogel-b54/Clef-des-champs-b26/Flora-b123. Lang:fr
01:56:47 Listing url is not the same: /fr/Concentration-memoire-migraine-c56/Clef-des-champs-b26/Leo-Desilet-b66/brand.Url vs /fr/Concentration-memoire-migraine-c56/Clef-des-champs-b26/Leo-Desilet-b66. Lang:fr
01:56:48 Listing url is not the same: /fr/Sante-des-femmes-c100/A-Vogel-b54/Clef-des-champs-b26/Nature-Clean-b72/urlBilingual vs /fr/Sante-des-femmes-c100/A-Vogel-b54/Clef-des-champs-b26/Nature-Clean-b72. Lang:fr
01:57:58 Listing url is not the same: /fr/Fatigue-c99/Bach-b137/Druide-b63/b.Url vs /fr/Fatigue-c99/Bach-b137/Druide-b63. Lang:fr
01:58:03 Listing url is not the same: /fr/Sante-des-enfants-c108/A-Vogel-b54/Druide-b63/Flora-b123/b.Url vs /fr/Sante-des-enfants-c108/A-Vogel-b54/Druide-b63/Flora-b123. Lang:fr
01:58:27 Listing url is not the same: /fr/Sommeil-c88/A-Vogel-b54/Flora-b123/Natural-Factors-b71/cat.Url vs /fr/Sommeil-c88/A-Vogel-b54/Flora-b123/Natural-Factors-b71. Lang:fr
01:58:45 Listing url is not the same: /fr/Systeme-immunitaire-c93/A-Vogel-b54/Anokian-b58/Boiron-b61/Clef-des-champs-b26/urlBilingual vs /fr/Systeme-immunitaire-c93/A-Vogel-b54/Anokian-b58/Boiron-b61/Clef-des-champs-b26. Lang:fr
02:39:24 Listing url is not the same: /fr/Homeopathie-c12/Merveilles-d-Abeilles-b69/New-roots-b74/subcat.Url vs /fr/Homeopathie-c12/Merveilles-d-Abeilles-b69/New-roots-b74. Lang:fr
02:42:33 Listing url is not the same: /fr/A-Vogel-b54/Boiron-b61/Clef-des-champs-b26/Druide-b63/Meditrina-b68/Natural-Factors-b71/Nature-Clean-b72/New-roots-b74/cat.Url vs /fr/A-Vogel-b54/Boiron-b61/Clef-des-champs-b26/Druide-b63/Meditrina-b68/Natural-Factors-b71/Nature-Clean-b72/New-roots-b74. Lang:fr
02:42:38 Listing url is not the same: /fr/A-Vogel-b54/Boiron-b61/Clef-des-champs-b26/Druide-b63/Meditrina-b68/Natural-Factors-b71/Nature-Clean-b72/New-roots-b74/subcat.Url vs /fr/A-Vogel-b54/Boiron-b61/Clef-des-champs-b26/Druide-b63/Meditrina-b68/Natural-Factors-b71/Nature-Clean-b72/New-roots-b74. Lang:fr
02:42:43 Listing url is not the same: /fr/Allergies-c55/Anokian-b58/Clef-des-champs-b26/Natural-Factors-b71/p.Url vs /fr/Allergies-c55/Anokian-b58/Clef-des-champs-b26/Natural-Factors-b71. Lang:fr
02:42:55 Listing url is not the same: /fr/Homeopathie-c12/Boiron-b61/Le-Tournesol-ANB-b64/New-roots-b74/urlBilingual vs /fr/Homeopathie-c12/Boiron-b61/Le-Tournesol-ANB-b64/New-roots-b74. Lang:fr
02:46:13 Listing url is not the same: /fr/Sommeil-c88/A-Vogel-b54/Boiron-b61/Clef-des-champs-b26/Merveilles-d-Abeilles-b69/Natural-Factors-b71/p.Url vs /fr/Sommeil-c88/A-Vogel-b54/Boiron-b61/Clef-des-champs-b26/Merveilles-d-Abeilles-b69/Natural-Factors-b71. Lang:fr
02:46:31 Listing url is not the same: /fr/Sommeil-c88/Clef-des-champs-b26/Druide-b63/Meditrina-b68/New-roots-b74/brand.Url vs /fr/Sommeil-c88/Clef-des-champs-b26/Druide-b63/Meditrina-b68/New-roots-b74. Lang:fr
02:47:21 Listing url is not the same: /fr/soin-du-corps-c86/Boiron-b61/Clef-des-champs-b26/Meditrina-b68/New-roots-b74/p.Url vs /fr/Soin-du-corps-c86/Boiron-b61/Clef-des-champs-b26/Meditrina-b68/New-roots-b74. Lang:fr
02:47:50 Listing url is not the same: /fr/Allergies-c55/Clef-des-champs-b26/Natural-Factors-b71/Nature-Clean-b72/New-roots-b74/p.Url vs /fr/Allergies-c55/Clef-des-champs-b26/Natural-Factors-b71/Nature-Clean-b72/New-roots-b74. Lang:fr
02:48:02 Listing url is not the same: /fr/Antioxydants-c62/Le-Tournesol-ANB-b64/Meditrina-b68/New-roots-b74/p.Url vs /fr/Antioxydants-c62/Le-Tournesol-ANB-b64/Meditrina-b68/New-roots-b74. Lang:fr
02:48:12 Listing url is not the same: /fr/Concentration-memoire-migraine-c56/Boiron-b61/Clef-des-champs-b26/Flora-b123/urlBilingual vs /fr/Concentration-memoire-migraine-c56/Boiron-b61/Clef-des-champs-b26/Flora-b123. Lang:fr
02:48:29 Listing url is not the same: /fr/Sante-des-enfants-c108/A-Vogel-b54/Meditrina-b68/Merveilles-d-Abeilles-b69/Natural-Factors-b71/brand.Url vs /fr/Sante-des-enfants-c108/A-Vogel-b54/Meditrina-b68/Merveilles-d-Abeilles-b69/Natural-Factors-b71. Lang:fr
02:48:36 Listing url is not the same: /fr/Sante-des-enfants-c108/Bach-b137/Druide-b63/p.UrlBrand vs /fr/Sante-des-enfants-c108/Bach-b137/Druide-b63. Lang:fr
02:48:42 Listing url is not the same: /fr/Stress-c97/A-Vogel-b54/Bach-b137/Boiron-b61/Clef-des-champs-b26/Druide-b63/brand.Url vs /fr/Stress-c97/A-Vogel-b54/Bach-b137/Boiron-b61/Clef-des-champs-b26/Druide-b63. Lang:fr
02:48:47 Listing url is not the same: /fr/Stress-c97/Clef-des-champs-b26/Kyolic-b115/addressLink vs /fr/Stress-c97/Clef-des-champs-b26/Kyolic-b115. Lang:fr
02:48:56 Listing url is not the same: /fr/Systeme-immunitaire-c93/Clef-des-champs-b26/Druide-b63/Natural-Factors-b71/New-roots-b74/promotion.Url vs /fr/Systeme-immunitaire-c93/Clef-des-champs-b26/Druide-b63/Natural-Factors-b71/New-roots-b74. Lang:fr
02:48:59 Listing url is not the same: /fr/Systeme-immunitaire-c93/Clef-des-champs-b26/Meditrina-b68/Nature-Clean-b72/New-roots-b74/cat.Url vs /fr/Systeme-immunitaire-c93/Clef-des-champs-b26/Meditrina-b68/Nature-Clean-b72/New-roots-b74. Lang:fr
02:49:02 Listing url is not the same: /fr/Tisane-c24/A-Vogel-b54/Anokian-b58/p.Url vs /fr/Tisane-c24/A-Vogel-b54/Anokian-b58. Lang:fr
03:24:43 Listing url is not the same: /fr/Allergies-c55/Clef-des-champs-b26/Natural-Factors-b71/New-roots-b74/p.UrlBrand vs /fr/Allergies-c55/Clef-des-champs-b26/Natural-Factors-b71/New-roots-b74. Lang:fr
03:25:31 Listing url is not the same: /fr/Homeopathie-c12/Merveilles-d-Abeilles-b69/New-roots-b74/brand.Url vs /fr/Homeopathie-c12/Merveilles-d-Abeilles-b69/New-roots-b74. Lang:fr
03:27:40 Listing url is not the same: /fr/Tisane-c24/Boiron-b61/addressLink vs /fr/Tisane-c24/Boiron-b61. Lang:fr
03:28:24 Listing url is not the same: /fr/Allergies-c55/A-Vogel-b54/Bach-b137/Boiron-b61/subcat.Url vs /fr/Allergies-c55/A-Vogel-b54/Bach-b137/Boiron-b61. Lang:fr
03:29:27 Listing url is not the same: /fr/Sommeil-c88/A-Vogel-b54/Medelys-b128/brand.Url vs /fr/Sommeil-c88/A-Vogel-b54/Medelys-b128. Lang:fr
03:30:50 Listing url is not the same: /fr/Homeopathie-c12/A-Vogel-b54/Medelys-b128/urlBilingual vs /fr/Homeopathie-c12/A-Vogel-b54/Medelys-b128. Lang:fr
03:31:55 Listing url is not the same: /fr/Sommeil-c88/Clef-des-champs-b26/Leo-Desilet-b66/brand.Url vs /fr/Sommeil-c88/Clef-des-champs-b26/Leo-Desilet-b66. Lang:fr
03:32:02 Listing url is not the same: /fr/Sommeil-c88/Clef-des-champs-b26/Medelys-b128/addressLink vs /fr/Sommeil-c88/Clef-des-champs-b26/Medelys-b128. Lang:fr
03:32:08 Listing url is not the same: /fr/soin-du-corps-c86/Boiron-b61/Druide-b63/New-roots-b74/urlBilingual vs /fr/Soin-du-corps-c86/Boiron-b61/Druide-b63/New-roots-b74. Lang:fr
03:32:31 Listing url is not the same: /fr/Sante-des-enfants-c108/Clef-des-champs-b26/Flora-b123/Le-Tournesol-ANB-b64/p.Url vs /fr/Sante-des-enfants-c108/Clef-des-champs-b26/Flora-b123/Le-Tournesol-ANB-b64. Lang:fr
03:32:34 Listing url is not the same: /fr/Sante-des-enfants-c108/Le-Tournesol-ANB-b64/Meditrina-b68/New-roots-b74/brand.Url vs /fr/Sante-des-enfants-c108/Le-Tournesol-ANB-b64/Meditrina-b68/New-roots-b74. Lang:fr
03:32:36 Listing url is not the same: /fr/Sommeil-c88/Medelys-b128/cat.Url vs /fr/Sommeil-c88/Medelys-b128. Lang:fr
03:32:38 Listing url is not the same: /fr/Stress-c97/Clef-des-champs-b26/Flora-b123/Le-Tournesol-ANB-b64/addressLink vs /fr/Stress-c97/Clef-des-champs-b26/Flora-b123/Le-Tournesol-ANB-b64. Lang:fr
03:32:40 Listing url is not the same: /fr/Stress-c97/Medelys-b128/brand.Url vs /fr/Stress-c97/Medelys-b128. Lang:fr
03:33:04 Listing url is not the same: /fr/Allergies-c55/Boiron-b61/Clef-des-champs-b26/Druide-b63/New-roots-b74/p.Url vs /fr/Allergies-c55/Boiron-b61/Clef-des-champs-b26/Druide-b63/New-roots-b74. Lang:fr
03:33:37 Listing url is not the same: /fr/Inflammation-c98/A-Vogel-b54/Anokian-b58/Boiron-b61/Clef-des-champs-b26/p.UrlBrand vs /fr/Inflammation-c98/A-Vogel-b54/Anokian-b58/Boiron-b61/Clef-des-champs-b26. Lang:fr
03:33:42 Listing url is not the same: /fr/Inflammation-c98/A-Vogel-b54/Anokian-b58/Meditrina-b68/Nature-Clean-b72/addressLink vs /fr/Inflammation-c98/A-Vogel-b54/Anokian-b58/Meditrina-b68/Nature-Clean-b72. Lang:fr
03:33:58 Listing url is not the same: /fr/Sante-des-enfants-c108/A-Vogel-b54/Clef-des-champs-b26/Druide-b63/Le-Tournesol-ANB-b64/Natural-Factors-b71/b.Url vs /fr/Sante-des-enfants-c108/A-Vogel-b54/Clef-des-champs-b26/Druide-b63/Le-Tournesol-ANB-b64/Natural-Factors-b71. Lang:fr
03:34:02 Listing url is not the same: /fr/Sante-des-enfants-c108/Organic-traditions-b127/p.Url vs /fr/Sante-des-enfants-c108/Organic-traditions-b127. Lang:fr
03:34:05 Listing url is not the same: /fr/Sommeil-c88/A-Vogel-b54/Clef-des-champs-b26/Natural-Factors-b71/New-roots-b74/b.Url vs /fr/Sommeil-c88/A-Vogel-b54/Clef-des-champs-b26/Natural-Factors-b71/New-roots-b74. Lang:fr
03:34:15 Listing url is not the same: /fr/Allergies-c55/A-Vogel-b54/Healthology-b116/p.Url vs /fr/Allergies-c55/A-Vogel-b54/Healthology-b116. Lang:fr
03:34:17 Listing url is not the same: /fr/Chandelles-c70/Anokian-b58/Merveilles-d-Abeilles-b69/Natural-Factors-b71/subcat.Url vs /fr/Chandelles-c70/Anokian-b58/Merveilles-d-Abeilles-b69/Natural-Factors-b71. Lang:fr
03:34:21 Listing url is not the same: /fr/Coeur-et-sante-generale-c106/Boiron-b61/Nature-Clean-b72/New-roots-b74/b.Url vs /fr/Coeur-et-sante-generale-c106/Boiron-b61/Nature-Clean-b72/New-roots-b74. Lang:fr
03:34:29 Listing url is not the same: /fr/Coeur-et-sante-generale-c106/Meditrina-b68/Natural-Factors-b71/Nature-Clean-b72/p.UrlBrand vs /fr/Coeur-et-sante-generale-c106/Meditrina-b68/Natural-Factors-b71/Nature-Clean-b72. Lang:fr
03:34:35 Listing url is not the same: /fr/Concentration-memoire-migraine-c56/Clef-des-champs-b26/Druide-b63/Natural-Factors-b71/New-roots-b74/b.Url vs /fr/Concentration-memoire-migraine-c56/Clef-des-champs-b26/Druide-b63/Natural-Factors-b71/New-roots-b74. Lang:fr
03:34:40 Listing url is not the same: /fr/Detox-Digestion-c87/Meditrina-b68/New-roots-b74/b.Url vs /fr/Detox-Digestion-c87/Meditrina-b68/New-roots-b74. Lang:fr
03:34:48 Listing url is not the same: /fr/Fatigue-c99/Medelys-b128/Natural-Factors-b71/b.Url vs /fr/Fatigue-c99/Medelys-b128/Natural-Factors-b71. Lang:fr
03:34:54 Listing url is not the same: /fr/Rhume-grippe-voie-respiratoire-c57/Boiron-b61/Clef-des-champs-b26/Flora-b123/subcat.Url vs /fr/Rhume-grippe-voie-respiratoire-c57/Boiron-b61/Clef-des-champs-b26/Flora-b123. Lang:fr
03:35:20 Listing url is not the same: /fr/Sante-des-enfants-c108/Boiron-b61/Merveilles-d-Abeilles-b69/New-roots-b74/cat.Url vs /fr/Sante-des-enfants-c108/Boiron-b61/Merveilles-d-Abeilles-b69/New-roots-b74. Lang:fr
03:35:39 Listing url is not the same: /fr/Sommeil-c88/Clef-des-champs-b26/Druide-b63/Numi-tea-b124/addressLink vs /fr/Sommeil-c88/Clef-des-champs-b26/Druide-b63/Numi-tea-b124. Lang:fr
03:35:59 Listing url is not the same: /fr/Stress-c97/Boiron-b61/Le-Tournesol-ANB-b64/Natural-Factors-b71/Nature-Clean-b72/brand.Url vs /fr/Stress-c97/Boiron-b61/Le-Tournesol-ANB-b64/Natural-Factors-b71/Nature-Clean-b72. Lang:fr
03:36:07 Listing url is not the same: /fr/Systeme-immunitaire-c93/A-Vogel-b54/Clef-des-champs-b26/Flora-b123/cat.Url vs /fr/Systeme-immunitaire-c93/A-Vogel-b54/Clef-des-champs-b26/Flora-b123. Lang:fr
03:36:10 Listing url is not the same: /fr/soin-du-corps-c86/Boiron-b61/Le-Tournesol-ANB-b64/New-roots-b74/brand.Url vs /fr/Soin-du-corps-c86/Boiron-b61/Le-Tournesol-ANB-b64/New-roots-b74. Lang:fr
04:20:25 Listing url is not the same: /fr/Detox-Digestion-c87/Clef-des-champs-b26/Medelys-b128/p.UrlBrand vs /fr/Detox-Digestion-c87/Clef-des-champs-b26/Medelys-b128. Lang:fr
04:21:30 Listing url is not the same: /fr/Allergies-c55/A-Vogel-b54/Boiron-b61/New-roots-b74/urlBilingual vs /fr/Allergies-c55/A-Vogel-b54/Boiron-b61/New-roots-b74. Lang:fr
04:21:42 Listing url is not the same: /fr/Inflammation-c98/Clef-des-champs-b26/Merveilles-d-Abeilles-b69/Natural-Factors-b71/Nature-Clean-b72/subcat.Url vs /fr/Inflammation-c98/Clef-des-champs-b26/Merveilles-d-Abeilles-b69/Natural-Factors-b71/Nature-Clean-b72. Lang:fr
04:21:53 Listing url is not the same: /fr/Stress-c97/A-Vogel-b54/Boiron-b61/New-roots-b74/urlBilingual vs /fr/Stress-c97/A-Vogel-b54/Boiron-b61/New-roots-b74. Lang:fr
04:21:56 Listing url is not the same: /fr/Tisane-c24/Anokian-b58/brand.Url vs /fr/Tisane-c24/Anokian-b58. Lang:fr
04:23:02 Listing url is not the same: /fr/Concentration-memoire-migraine-c56/Clef-des-champs-b26/Nature-Clean-b72/New-roots-b74/promotion.Url vs /fr/Concentration-memoire-migraine-c56/Clef-des-champs-b26/Nature-Clean-b72/New-roots-b74. Lang:fr
04:23:04 Listing url is not the same: /fr/Concentration-memoire-migraine-c56/Clef-des-champs-b26/Nature-Clean-b72/New-roots-b74/subcat.Url vs /fr/Concentration-memoire-migraine-c56/Clef-des-champs-b26/Nature-Clean-b72/New-roots-b74. Lang:fr
04:23:09 Listing url is not the same: /fr/Stress-c97/A-Vogel-b54/Meditrina-b68/Nature-Clean-b72/urlBilingual vs /fr/Stress-c97/A-Vogel-b54/Meditrina-b68/Nature-Clean-b72. Lang:fr
04:24:43 Listing url is not the same: /fr/Antioxydants-c62/Clef-des-champs-b26/Druide-b63/Natural-Factors-b71/New-roots-b74/addressLink vs /fr/Antioxydants-c62/Clef-des-champs-b26/Druide-b63/Natural-Factors-b71/New-roots-b74. Lang:fr
04:25:34 Listing url is not the same: /fr/Homeopathie-c12/Boiron-b61/Le-Tournesol-ANB-b64/New-roots-b74/b.Url vs /fr/Homeopathie-c12/Boiron-b61/Le-Tournesol-ANB-b64/New-roots-b74. Lang:fr
04:25:53 Listing url is not the same: /fr/Sommeil-c88/Flora-b123/Natural-Factors-b71/urlBilingual vs /fr/Sommeil-c88/Flora-b123/Natural-Factors-b71. Lang:fr
04:26:01 Listing url is not the same: /fr/Stress-c97/Clef-des-champs-b26/Le-Tournesol-ANB-b64/New-roots-b74/p.Url vs /fr/Stress-c97/Clef-des-champs-b26/Le-Tournesol-ANB-b64/New-roots-b74. Lang:fr
04:26:36 Listing url is not the same: /fr/Detox-Digestion-c87/Leo-Desilet-b66/p.Url vs /fr/Detox-Digestion-c87/Leo-Desilet-b66. Lang:fr
04:26:50 Listing url is not the same: /fr/Sante-des-enfants-c108/Clef-des-champs-b26/Leo-Desilet-b66/urlBilingual vs /fr/Sante-des-enfants-c108/Clef-des-champs-b26/Leo-Desilet-b66. Lang:fr
04:26:55 Listing url is not the same: /fr/Sante-des-femmes-c100/A-Vogel-b54/Anokian-b58/Clef-des-champs-b26/Flora-b123/p.Url vs /fr/Sante-des-femmes-c100/A-Vogel-b54/Anokian-b58/Clef-des-champs-b26/Flora-b123. Lang:fr
04:26:59 Listing url is not the same: /fr/Sommeil-c88/A-Vogel-b54/Boiron-b61/Clef-des-champs-b26/Druide-b63/Nature-Clean-b72/subcat.Url vs /fr/Sommeil-c88/A-Vogel-b54/Boiron-b61/Clef-des-champs-b26/Druide-b63/Nature-Clean-b72. Lang:fr
04:27:03 Listing url is not the same: /fr/Systeme-immunitaire-c93/Numi-tea-b124/promotion.Url vs /fr/Systeme-immunitaire-c93/Numi-tea-b124. Lang:fr
04:27:06 Listing url is not the same: /fr/soin-du-corps-c86/Merveilles-d-Abeilles-b69/New-roots-b74/p.Url vs /fr/Soin-du-corps-c86/Merveilles-d-Abeilles-b69/New-roots-b74. Lang:fr
04:28:43 Listing url is not the same: /fr/Fatigue-c99/Anokian-b58/New-roots-b74/cat.Url vs /fr/Fatigue-c99/Anokian-b58/New-roots-b74. Lang:fr
04:28:45 Listing url is not the same: /fr/Homeopathie-c12/Anokian-b58/Boiron-b61/Meditrina-b68/subcat.Url vs /fr/Homeopathie-c12/Anokian-b58/Boiron-b61/Meditrina-b68. Lang:fr
04:28:48 Listing url is not the same: /fr/Huiles-magiques-de-wicca-c65/Clef-des-champs-b26/Le-Tournesol-ANB-b64/New-roots-b74/cat.Url vs /fr/Huiles-magiques-de-wicca-c65/Clef-des-champs-b26/Le-Tournesol-ANB-b64/New-roots-b74. Lang:fr
04:28:51 Listing url is not the same: /fr/Inflammation-c98/Anokian-b58/Merveilles-d-Abeilles-b69/Natural-Factors-b71/p.Url vs /fr/Inflammation-c98/Anokian-b58/Merveilles-d-Abeilles-b69/Natural-Factors-b71. Lang:fr
04:28:52 Listing url is not the same: /fr/Sante-des-femmes-c100/Clef-des-champs-b26/Druide-b63/Leo-Desilet-b66/Meditrina-b68/urlBilingual vs /fr/Sante-des-femmes-c100/Clef-des-champs-b26/Druide-b63/Leo-Desilet-b66/Meditrina-b68. Lang:fr
04:28:55 Listing url is not the same: /fr/Systeme-immunitaire-c93/Clef-des-champs-b26/Le-Tournesol-ANB-b64/Medelys-b128/brand.Url vs /fr/Systeme-immunitaire-c93/Clef-des-champs-b26/Le-Tournesol-ANB-b64/Medelys-b128. Lang:fr
04:28:56 Listing url is not the same: /fr/Tisane-c24/A-Vogel-b54/Anokian-b58/cat.Url vs /fr/Tisane-c24/A-Vogel-b54/Anokian-b58. Lang:fr
05:29:13 Listing url is not the same: /fr/Antioxydants-c62/A-Vogel-b54/Natural-Factors-b71/New-roots-b74/cat.Url vs /fr/Antioxydants-c62/A-Vogel-b54/Natural-Factors-b71/New-roots-b74. Lang:fr
05:29:22 Listing url is not the same: /fr/Sommeil-c88/A-Vogel-b54/Merveilles-d-Abeilles-b69/Natural-Factors-b71/addressLink vs /fr/Sommeil-c88/A-Vogel-b54/Merveilles-d-Abeilles-b69/Natural-Factors-b71. Lang:fr
05:31:08 Listing url is not the same: /fr/Fatigue-c99/A-Vogel-b54/Clef-des-champs-b26/Druide-b63/Merveilles-d-Abeilles-b69/Natural-Factors-b71/addressLink vs /fr/Fatigue-c99/A-Vogel-b54/Clef-des-champs-b26/Druide-b63/Merveilles-d-Abeilles-b69/Natural-Factors-b71. Lang:fr
05:31:11 Listing url is not the same: /fr/Sante-des-femmes-c100/Clef-des-champs-b26/Druide-b63/Natural-Factors-b71/New-roots-b74/urlBilingual vs /fr/Sante-des-femmes-c100/Clef-des-champs-b26/Druide-b63/Natural-Factors-b71/New-roots-b74. Lang:fr
05:32:40 Listing url is not the same: /fr/Antioxydants-c62/A-Vogel-b54/Anokian-b58/Meditrina-b68/Nature-Clean-b72/p.UrlBrand vs /fr/Antioxydants-c62/A-Vogel-b54/Anokian-b58/Meditrina-b68/Nature-Clean-b72. Lang:fr
05:32:48 Listing url is not the same: /fr/Detox-Digestion-c87/Boiron-b61/Druide-b63/Natural-Factors-b71/New-roots-b74/brand.Url vs /fr/Detox-Digestion-c87/Boiron-b61/Druide-b63/Natural-Factors-b71/New-roots-b74. Lang:fr
05:32:50 Listing url is not the same: /fr/Fatigue-c99/Leo-Desilet-b66/brand.Url vs /fr/Fatigue-c99/Leo-Desilet-b66. Lang:fr
05:32:59 Listing url is not the same: /fr/Sante-des-enfants-c108/Clef-des-champs-b26/Leo-Desilet-b66/brand.Url vs /fr/Sante-des-enfants-c108/Clef-des-champs-b26/Leo-Desilet-b66. Lang:fr
05:33:00 Listing url is not the same: /fr/Sante-des-femmes-c100/Clef-des-champs-b26/Numi-tea-b124/brand.Url vs /fr/Sante-des-femmes-c100/Clef-des-champs-b26/Numi-tea-b124. Lang:fr
05:33:01 Listing url is not the same: /fr/Sommeil-c88/A-Vogel-b54/Boiron-b61/Druide-b63/Le-Tournesol-ANB-b64/promotion.Url vs /fr/Sommeil-c88/A-Vogel-b54/Boiron-b61/Druide-b63/Le-Tournesol-ANB-b64. Lang:fr
05:33:02 Listing url is not the same: /fr/Stress-c97/A-Vogel-b54/Clef-des-champs-b26/Meditrina-b68/New-roots-b74/p.Url vs /fr/Stress-c97/A-Vogel-b54/Clef-des-champs-b26/Meditrina-b68/New-roots-b74. Lang:fr
05:34:35 Listing url is not the same: /fr/Allergies-c55/Boiron-b61/Medelys-b128/b.Url vs /fr/Allergies-c55/Boiron-b61/Medelys-b128. Lang:fr
05:34:37 Listing url is not the same: /fr/Allergies-c55/Clef-des-champs-b26/Natural-Factors-b71/Nature-Clean-b72/New-roots-b74/subcat.Url vs /fr/Allergies-c55/Clef-des-champs-b26/Natural-Factors-b71/Nature-Clean-b72/New-roots-b74. Lang:fr
05:34:38 Listing url is not the same: /fr/Antioxydants-c62/Bach-b137/Meditrina-b68/brand.Url vs /fr/Antioxydants-c62/Bach-b137/Meditrina-b68. Lang:fr
05:34:40 Listing url is not the same: /fr/Antioxydants-c62/Clef-des-champs-b26/Sisu-b118/p.Url vs /fr/Antioxydants-c62/Clef-des-champs-b26/Sisu-b118. Lang:fr
05:34:50 Listing url is not the same: /fr/Coeur-et-sante-generale-c106/Meditrina-b68/Natural-Factors-b71/Nature-Clean-b72/brand.Url vs /fr/Coeur-et-sante-generale-c106/Meditrina-b68/Natural-Factors-b71/Nature-Clean-b72. Lang:fr
05:34:54 Listing url is not the same: /fr/Concentration-memoire-migraine-c56/Clef-des-champs-b26/Druide-b63/Natural-Factors-b71/New-roots-b74/addressLink vs /fr/Concentration-memoire-migraine-c56/Clef-des-champs-b26/Druide-b63/Natural-Factors-b71/New-roots-b74. Lang:fr
05:35:08 Listing url is not the same: /fr/Homeopathie-c12/Clef-des-champs-b26/Natural-Factors-b71/Nature-Clean-b72/New-roots-b74/addressLink vs /fr/Homeopathie-c12/Clef-des-champs-b26/Natural-Factors-b71/Nature-Clean-b72/New-roots-b74. Lang:fr
05:35:10 Listing url is not the same: /fr/Huiles-magiques-de-wicca-c65/Le-Tournesol-ANB-b64/Nature-Clean-b72/New-roots-b74/b.Url vs /fr/Huiles-magiques-de-wicca-c65/Le-Tournesol-ANB-b64/Nature-Clean-b72/New-roots-b74. Lang:fr
05:35:12 Listing url is not the same: /fr/Rhume-grippe-voie-respiratoire-c57/Boiron-b61/Clef-des-champs-b26/Natural-Factors-b71/New-roots-b74/p.Url vs /fr/Rhume-grippe-voie-respiratoire-c57/Boiron-b61/Clef-des-champs-b26/Natural-Factors-b71/New-roots-b74. Lang:fr
05:35:15 Listing url is not the same: /fr/Sommeil-c88/A-Vogel-b54/Clef-des-champs-b26/Natural-Factors-b71/New-roots-b74/promotion.Url vs /fr/Sommeil-c88/A-Vogel-b54/Clef-des-champs-b26/Natural-Factors-b71/New-roots-b74. Lang:fr
05:35:27 Listing url is not the same: /fr/Stress-c97/Clef-des-champs-b26/Healthology-b116/p.Url vs /fr/Stress-c97/Clef-des-champs-b26/Healthology-b116. Lang:fr
05:35:58 Listing url is not the same: /fr/Stress-c97/Le-Tournesol-ANB-b64/Merveilles-d-Abeilles-b69/New-roots-b74/p.UrlBrand vs /fr/Stress-c97/Le-Tournesol-ANB-b64/Merveilles-d-Abeilles-b69/New-roots-b74. Lang:fr
05:36:27 Listing url is not the same: /fr/Systeme-immunitaire-c93/A-Vogel-b54/Clef-des-champs-b26/Meditrina-b68/New-roots-b74/urlBilingual vs /fr/Systeme-immunitaire-c93/A-Vogel-b54/Clef-des-champs-b26/Meditrina-b68/New-roots-b74. Lang:fr
06:26:41 Listing url is not the same: /fr/Detox-Digestion-c87/Clef-des-champs-b26/Medelys-b128/b.Url vs /fr/Detox-Digestion-c87/Clef-des-champs-b26/Medelys-b128. Lang:fr
06:27:59 Listing url is not the same: /fr/Fatigue-c99/Clef-des-champs-b26/Medelys-b128/cat.Url vs /fr/Fatigue-c99/Clef-des-champs-b26/Medelys-b128. Lang:fr
06:28:56 Listing url is not the same: /fr/Rhume-grippe-voie-respiratoire-c57/Clef-des-champs-b26/Meditrina-b68/New-roots-b74/urlBilingual vs /fr/Rhume-grippe-voie-respiratoire-c57/Clef-des-champs-b26/Meditrina-b68/New-roots-b74. Lang:fr
06:33:25 Listing url is not the same: /fr/Inflammation-c98/Clef-des-champs-b26/Le-Tournesol-ANB-b64/Meditrina-b68/Natural-Factors-b71/cat.Url vs /fr/Inflammation-c98/Clef-des-champs-b26/Le-Tournesol-ANB-b64/Meditrina-b68/Natural-Factors-b71. Lang:fr
06:34:20 Listing url is not the same: /fr/Sommeil-c88/Clef-des-champs-b26/Medelys-b128/subcat.Url vs /fr/Sommeil-c88/Clef-des-champs-b26/Medelys-b128. Lang:fr
06:34:30 Listing url is not the same: /fr/Sommeil-c88/Clef-des-champs-b26/Merveilles-d-Abeilles-b69/Natural-Factors-b71/Nature-Clean-b72/urlBilingual vs /fr/Sommeil-c88/Clef-des-champs-b26/Merveilles-d-Abeilles-b69/Natural-Factors-b71/Nature-Clean-b72. Lang:fr
06:35:07 Listing url is not the same: /fr/Antioxydants-c62/Clef-des-champs-b26/Druide-b63/Natural-Factors-b71/New-roots-b74/b.Url vs /fr/Antioxydants-c62/Clef-des-champs-b26/Druide-b63/Natural-Factors-b71/New-roots-b74. Lang:fr
06:35:14 Listing url is not the same: /fr/Antioxydants-c62/Clef-des-champs-b26/Druide-b63/Natural-Factors-b71/New-roots-b74/urlBilingual vs /fr/Antioxydants-c62/Clef-des-champs-b26/Druide-b63/Natural-Factors-b71/New-roots-b74. Lang:fr
06:35:18 Listing url is not the same: /fr/Coeur-et-sante-generale-c106/A-Vogel-b54/Druide-b63/New-roots-b74/addressLink vs /fr/Coeur-et-sante-generale-c106/A-Vogel-b54/Druide-b63/New-roots-b74. Lang:fr
06:35:22 Listing url is not the same: /fr/Fatigue-c99/A-Vogel-b54/Clef-des-champs-b26/Druide-b63/Merveilles-d-Abeilles-b69/Natural-Factors-b71/urlBilingual vs /fr/Fatigue-c99/A-Vogel-b54/Clef-des-champs-b26/Druide-b63/Merveilles-d-Abeilles-b69/Natural-Factors-b71. Lang:fr
06:35:28 Listing url is not the same: /fr/Homeopathie-c12/A-Vogel-b54/Anokian-b58/Natural-Factors-b71/promotion.Url vs /fr/Homeopathie-c12/A-Vogel-b54/Anokian-b58/Natural-Factors-b71. Lang:fr
06:35:31 Listing url is not the same: /fr/Homeopathie-c12/Boiron-b61/Clef-des-champs-b26/Druide-b63/Natural-Factors-b71/addressLink vs /fr/Homeopathie-c12/Boiron-b61/Clef-des-champs-b26/Druide-b63/Natural-Factors-b71. Lang:fr
06:35:33 Listing url is not the same: /fr/Homeopathie-c12/Boiron-b61/Clef-des-champs-b26/Natural-Factors-b71/Nature-Clean-b72/p.Url vs /fr/Homeopathie-c12/Boiron-b61/Clef-des-champs-b26/Natural-Factors-b71/Nature-Clean-b72. Lang:fr
06:35:40 Listing url is not the same: /fr/Sante-des-enfants-c108/Druide-b63/Natural-Factors-b71/New-roots-b74/promotion.Url vs /fr/Sante-des-enfants-c108/Druide-b63/Natural-Factors-b71/New-roots-b74. Lang:fr
06:35:41 Listing url is not the same: /fr/Sante-des-femmes-c100/A-Vogel-b54/Clef-des-champs-b26/Nature-Clean-b72/b.Url vs /fr/Sante-des-femmes-c100/A-Vogel-b54/Clef-des-champs-b26/Nature-Clean-b72. Lang:fr
06:35:46 Listing url is not the same: /fr/Systeme-immunitaire-c93/A-Vogel-b54/Nature-Clean-b72/New-roots-b74/subcat.Url vs /fr/Systeme-immunitaire-c93/A-Vogel-b54/Nature-Clean-b72/New-roots-b74. Lang:fr
06:35:48 Listing url is not the same: /fr/Allergies-c55/A-Vogel-b54/Anokian-b58/Clef-des-champs-b26/Nature-Clean-b72/b.Url vs /fr/Allergies-c55/A-Vogel-b54/Anokian-b58/Clef-des-champs-b26/Nature-Clean-b72. Lang:fr
06:35:49 Listing url is not the same: /fr/Antioxydants-c62/Boiron-b61/Clef-des-champs-b26/Meditrina-b68/New-roots-b74/b.Url vs /fr/Antioxydants-c62/Boiron-b61/Clef-des-champs-b26/Meditrina-b68/New-roots-b74. Lang:fr
06:35:51 Listing url is not the same: /fr/Antioxydants-c62/Boiron-b61/Druide-b63/Natural-Factors-b71/New-roots-b74/b.Url vs /fr/Antioxydants-c62/Boiron-b61/Druide-b63/Natural-Factors-b71/New-roots-b74. Lang:fr
06:35:54 Listing url is not the same: /fr/Concentration-memoire-migraine-c56/Boiron-b61/Natural-Factors-b71/New-roots-b74/b.Url vs /fr/Concentration-memoire-migraine-c56/Boiron-b61/Natural-Factors-b71/New-roots-b74. Lang:fr
06:35:54 Listing url is not the same: /fr/Rhume-grippe-voie-respiratoire-c57/A-Vogel-b54/Boiron-b61/New-roots-b74/subcat.Url vs /fr/Rhume-grippe-voie-respiratoire-c57/A-Vogel-b54/Boiron-b61/New-roots-b74. Lang:fr
06:36:00 Listing url is not the same: /fr/Sante-des-enfants-c108/Organic-traditions-b127/cat.Url vs /fr/Sante-des-enfants-c108/Organic-traditions-b127. Lang:fr
06:36:10 Listing url is not the same: /fr/Stress-c97/A-Vogel-b54/Anokian-b58/Meditrina-b68/Nature-Clean-b72/brand.Url vs /fr/Stress-c97/A-Vogel-b54/Anokian-b58/Meditrina-b68/Nature-Clean-b72. Lang:fr
06:36:58 Listing url is not the same: /fr/soin-du-corps-c86/Boiron-b61/Clef-des-champs-b26/Druide-b63/New-roots-b74/p.UrlBrand vs /fr/Soin-du-corps-c86/Boiron-b61/Clef-des-champs-b26/Druide-b63/New-roots-b74. Lang:fr
06:37:16 Listing url is not the same: /fr/Homeopathie-c12/Boiron-b61/Clef-des-champs-b26/Natural-Factors-b71/New-roots-b74/subcat.Url vs /fr/Homeopathie-c12/Boiron-b61/Clef-des-champs-b26/Natural-Factors-b71/New-roots-b74. Lang:fr
06:37:23 Listing url is not the same: /fr/Homeopathie-c12/Boiron-b61/Flora-b123/subcat.Url vs /fr/Homeopathie-c12/Boiron-b61/Flora-b123. Lang:fr
06:37:41 Listing url is not the same: /fr/Sommeil-c88/Druide-b63/Natural-Factors-b71/New-roots-b74/urlBilingual vs /fr/Sommeil-c88/Druide-b63/Natural-Factors-b71/New-roots-b74. Lang:fr
07:22:09 Listing url is not the same: /fr/Systeme-immunitaire-c93/A-Vogel-b54/Clef-des-champs-b26/Merveilles-d-Abeilles-b69/Nature-Clean-b72/p.UrlBrand vs /fr/Systeme-immunitaire-c93/A-Vogel-b54/Clef-des-champs-b26/Merveilles-d-Abeilles-b69/Nature-Clean-b72. Lang:fr
07:22:46 Listing url is not the same: /fr/Concentration-memoire-migraine-c56/Merveilles-d-Abeilles-b69/New-roots-b74/p.UrlBrand vs /fr/Concentration-memoire-migraine-c56/Merveilles-d-Abeilles-b69/New-roots-b74. Lang:fr
07:22:49 Listing url is not the same: /fr/Inflammation-c98/Boiron-b61/Natural-Factors-b71/New-roots-b74/urlBilingual vs /fr/Inflammation-c98/Boiron-b61/Natural-Factors-b71/New-roots-b74. Lang:fr
07:22:52 Listing url is not the same: /fr/Sante-des-enfants-c108/Boiron-b61/Clef-des-champs-b26/Merveilles-d-Abeilles-b69/New-roots-b74/brand.Url vs /fr/Sante-des-enfants-c108/Boiron-b61/Clef-des-champs-b26/Merveilles-d-Abeilles-b69/New-roots-b74. Lang:fr
07:23:59 Listing url is not the same: /fr/Homeopathie-c12/A-Vogel-b54/Clef-des-champs-b26/Meditrina-b68/New-roots-b74/b.Url vs /fr/Homeopathie-c12/A-Vogel-b54/Clef-des-champs-b26/Meditrina-b68/New-roots-b74. Lang:fr
07:24:12 Listing url is not the same: /fr/Rhume-grippe-voie-respiratoire-c57/Anokian-b58/Clef-des-champs-b26/Natural-Factors-b71/p.UrlBrand vs /fr/Rhume-grippe-voie-respiratoire-c57/Anokian-b58/Clef-des-champs-b26/Natural-Factors-b71. Lang:fr
07:24:22 Listing url is not the same: /fr/Stress-c97/A-Vogel-b54/Anokian-b58/Clef-des-champs-b26/Nature-Clean-b72/p.Url vs /fr/Stress-c97/A-Vogel-b54/Anokian-b58/Clef-des-champs-b26/Nature-Clean-b72. Lang:fr
07:24:26 Listing url is not the same: /fr/Stress-c97/A-Vogel-b54/Boiron-b61/Clef-des-champs-b26/Druide-b63/Nature-Clean-b72/promotion.Url vs /fr/Stress-c97/A-Vogel-b54/Boiron-b61/Clef-des-champs-b26/Druide-b63/Nature-Clean-b72. Lang:fr
07:24:29 Listing url is not the same: /fr/Stress-c97/A-Vogel-b54/Clef-des-champs-b26/Meditrina-b68/New-roots-b74/urlBilingual vs /fr/Stress-c97/A-Vogel-b54/Clef-des-champs-b26/Meditrina-b68/New-roots-b74. Lang:fr
07:24:31 Listing url is not the same: /fr/Stress-c97/Boiron-b61/Clef-des-champs-b26/Meditrina-b68/New-roots-b74/p.UrlBrand vs /fr/Stress-c97/Boiron-b61/Clef-des-champs-b26/Meditrina-b68/New-roots-b74. Lang:fr
07:25:14 Listing url is not the same: /fr/Concentration-memoire-migraine-c56/Meditrina-b68/Nature-Clean-b72/New-roots-b74/brand.Url vs /fr/Concentration-memoire-migraine-c56/Meditrina-b68/Nature-Clean-b72/New-roots-b74. Lang:fr
07:25:21 Listing url is not the same: /fr/Rhume-grippe-voie-respiratoire-c57/A-Vogel-b54/Nature-Clean-b72/New-roots-b74/p.UrlBrand vs /fr/Rhume-grippe-voie-respiratoire-c57/A-Vogel-b54/Nature-Clean-b72/New-roots-b74. Lang:fr
07:25:22 Listing url is not the same: /fr/Rhume-grippe-voie-respiratoire-c57/Boiron-b61/Clef-des-champs-b26/Natural-Factors-b71/New-roots-b74/brand.Url vs /fr/Rhume-grippe-voie-respiratoire-c57/Boiron-b61/Clef-des-champs-b26/Natural-Factors-b71/New-roots-b74. Lang:fr
07:25:26 Listing url is not the same: /fr/Sante-des-enfants-c108/A-Vogel-b54/Druide-b63/Nature-Clean-b72/New-roots-b74/addressLink vs /fr/Sante-des-enfants-c108/A-Vogel-b54/Druide-b63/Nature-Clean-b72/New-roots-b74. Lang:fr
07:25:34 Listing url is not the same: /fr/Sante-des-enfants-c108/New-roots-b74/Salus-b126/p.Url vs /fr/Sante-des-enfants-c108/New-roots-b74/Salus-b126. Lang:fr
07:25:52 Listing url is not the same: /fr/Sante-des-femmes-c100/Meditrina-b68/Merveilles-d-Abeilles-b69/Natural-Factors-b71/Nature-Clean-b72/brand.Url vs /fr/Sante-des-femmes-c100/Meditrina-b68/Merveilles-d-Abeilles-b69/Natural-Factors-b71/Nature-Clean-b72. Lang:fr
07:26:00 Listing url is not the same: /fr/Stress-c97/Boiron-b61/Clef-des-champs-b26/Leo-Desilet-b66/p.UrlBrand vs /fr/Stress-c97/Boiron-b61/Clef-des-champs-b26/Leo-Desilet-b66. Lang:fr
07:26:03 Listing url is not the same: /fr/Stress-c97/Clef-des-champs-b26/Kyolic-b115/brand.Url vs /fr/Stress-c97/Clef-des-champs-b26/Kyolic-b115. Lang:fr
07:26:06 Listing url is not the same: /fr/Stress-c97/Clef-des-champs-b26/Merveilles-d-Abeilles-b69/Natural-Factors-b71/New-roots-b74/addressLink vs /fr/Stress-c97/Clef-des-champs-b26/Merveilles-d-Abeilles-b69/Natural-Factors-b71/New-roots-b74. Lang:fr
07:26:08 Listing url is not the same: /fr/Systeme-immunitaire-c93/Anokian-b58/Clef-des-champs-b26/Meditrina-b68/promotion.Url vs /fr/Systeme-immunitaire-c93/Anokian-b58/Clef-des-champs-b26/Meditrina-b68. Lang:fr
07:26:10 Listing url is not the same: /fr/Tisane-c24/Boiron-b61/Clef-des-champs-b26/p.Url vs /fr/Tisane-c24/Boiron-b61/Clef-des-champs-b26. Lang:fr
08:09:45 Listing url is not the same: /fr/Cosmetique-parfum-et-deodorant-c60/Clef-des-champs-b26/Druide-b63/Flora-b123/promotion.Url vs /fr/Cosmetique-parfum-et-deodorant-c60/Clef-des-champs-b26/Druide-b63/Flora-b123. Lang:fr
08:10:49 Listing url is not the same: /fr/Concentration-memoire-migraine-c56/Boiron-b61/Meditrina-b68/New-roots-b74/p.Url vs /fr/Concentration-memoire-migraine-c56/Boiron-b61/Meditrina-b68/New-roots-b74. Lang:fr
08:10:54 Listing url is not the same: /fr/Inflammation-c98/A-Vogel-b54/Boiron-b61/Clef-des-champs-b26/Merveilles-d-Abeilles-b69/Natural-Factors-b71/subcat.Url vs /fr/Inflammation-c98/A-Vogel-b54/Boiron-b61/Clef-des-champs-b26/Merveilles-d-Abeilles-b69/Natural-Factors-b71. Lang:fr
08:10:57 Listing url is not the same: /fr/Stress-c97/Medelys-b128/p.UrlBrand vs /fr/Stress-c97/Medelys-b128. Lang:fr
08:12:10 Listing url is not the same: /fr/Detox-Digestion-c87/Clef-des-champs-b26/Healthology-b116/urlBilingual vs /fr/Detox-Digestion-c87/Clef-des-champs-b26/Healthology-b116. Lang:fr
08:12:12 Listing url is not the same: /fr/Homeopathie-c12/A-Vogel-b54/Clef-des-champs-b26/Meditrina-b68/New-roots-b74/cat.Url vs /fr/Homeopathie-c12/A-Vogel-b54/Clef-des-champs-b26/Meditrina-b68/New-roots-b74. Lang:fr
08:12:16 Listing url is not the same: /fr/Sante-des-enfants-c108/A-Vogel-b54/Druide-b63/Meditrina-b68/New-roots-b74/brand.Url vs /fr/Sante-des-enfants-c108/A-Vogel-b54/Druide-b63/Meditrina-b68/New-roots-b74. Lang:fr
08:12:17 Listing url is not the same: /fr/Sante-des-enfants-c108/A-Vogel-b54/Druide-b63/Meditrina-b68/New-roots-b74/subcat.Url vs /fr/Sante-des-enfants-c108/A-Vogel-b54/Druide-b63/Meditrina-b68/New-roots-b74. Lang:fr
08:12:18 Listing url is not the same: /fr/Sante-des-enfants-c108/Organic-traditions-b127/promotion.Url vs /fr/Sante-des-enfants-c108/Organic-traditions-b127. Lang:fr
08:12:19 Listing url is not the same: /fr/Sommeil-c88/Clef-des-champs-b26/Druide-b63/Meditrina-b68/New-roots-b74/promotion.Url vs /fr/Sommeil-c88/Clef-des-champs-b26/Druide-b63/Meditrina-b68/New-roots-b74. Lang:fr
08:14:12 Listing url is not the same: /fr/Coeur-et-sante-generale-c106/Druide-b63/Natural-Factors-b71/New-roots-b74/b.Url vs /fr/Coeur-et-sante-generale-c106/Druide-b63/Natural-Factors-b71/New-roots-b74. Lang:fr
08:14:16 Listing url is not the same: /fr/Detox-Digestion-c87/A-Vogel-b54/Clef-des-champs-b26/Flora-b123/Natural-Factors-b71/p.Url vs /fr/Detox-Digestion-c87/A-Vogel-b54/Clef-des-champs-b26/Flora-b123/Natural-Factors-b71. Lang:fr
08:14:16 Listing url is not the same: /fr/Detox-Digestion-c87/Clef-des-champs-b26/Le-Tournesol-ANB-b64/Medelys-b128/addressLink vs /fr/Detox-Digestion-c87/Clef-des-champs-b26/Le-Tournesol-ANB-b64/Medelys-b128. Lang:fr
08:14:17 Listing url is not the same: /fr/Fatigue-c99/Merveilles-d-Abeilles-b69/Nature-Clean-b72/New-roots-b74/promotion.Url vs /fr/Fatigue-c99/Merveilles-d-Abeilles-b69/Nature-Clean-b72/New-roots-b74. Lang:fr
08:14:18 Listing url is not the same: /fr/Inflammation-c98/Bach-b137/Clef-des-champs-b26/Le-Tournesol-ANB-b64/subcat.Url vs /fr/Inflammation-c98/Bach-b137/Clef-des-champs-b26/Le-Tournesol-ANB-b64. Lang:fr
08:14:19 Listing url is not the same: /fr/Inflammation-c98/Boiron-b61/Natural-Factors-b71/Nature-Clean-b72/p.Url vs /fr/Inflammation-c98/Boiron-b61/Natural-Factors-b71/Nature-Clean-b72. Lang:fr
08:14:20 Listing url is not the same: /fr/Inflammation-c98/Druide-b63/New-roots-b74/subcat.Url vs /fr/Inflammation-c98/Druide-b63/New-roots-b74. Lang:fr
08:14:21 Listing url is not the same: /fr/Rhume-grippe-voie-respiratoire-c57/A-Vogel-b54/Anokian-b58/Meditrina-b68/Nature-Clean-b72/urlBilingual vs /fr/Rhume-grippe-voie-respiratoire-c57/A-Vogel-b54/Anokian-b58/Meditrina-b68/Nature-Clean-b72. Lang:fr
08:14:22 Listing url is not the same: /fr/Rhume-grippe-voie-respiratoire-c57/A-Vogel-b54/Clef-des-champs-b26/Flora-b123/promotion.Url vs /fr/Rhume-grippe-voie-respiratoire-c57/A-Vogel-b54/Clef-des-champs-b26/Flora-b123. Lang:fr
08:14:30 Listing url is not the same: /fr/soin-du-corps-c86/Clef-des-champs-b26/Natural-Factors-b71/Nature-Clean-b72/New-roots-b74/subcat.Url vs /fr/Soin-du-corps-c86/Clef-des-champs-b26/Natural-Factors-b71/Nature-Clean-b72/New-roots-b74. Lang:fr
09:04:57 Listing url is not the same: /fr/Rhume-grippe-voie-respiratoire-c57/A-Vogel-b54/Medelys-b128/cat.Url vs /fr/Rhume-grippe-voie-respiratoire-c57/A-Vogel-b54/Medelys-b128. Lang:fr
09:05:06 Listing url is not the same: /fr/Allergies-c55/Anokian-b58/Clef-des-champs-b26/Natural-Factors-b71/subcat.Url vs /fr/Allergies-c55/Anokian-b58/Clef-des-champs-b26/Natural-Factors-b71. Lang:fr
09:05:25 Listing url is not the same: /fr/Sante-des-enfants-c108/Clef-des-champs-b26/Merveilles-d-Abeilles-b69/Nature-Clean-b72/New-roots-b74/p.Url vs /fr/Sante-des-enfants-c108/Clef-des-champs-b26/Merveilles-d-Abeilles-b69/Nature-Clean-b72/New-roots-b74. Lang:fr
09:05:31 Listing url is not the same: /fr/Sommeil-c88/A-Vogel-b54/Clef-des-champs-b26/Flora-b123/subcat.Url vs /fr/Sommeil-c88/A-Vogel-b54/Clef-des-champs-b26/Flora-b123. Lang:fr
09:06:02 Listing url is not the same: /fr/Sommeil-c88/Clef-des-champs-b26/Druide-b63/Meditrina-b68/New-roots-b74/p.UrlBrand vs /fr/Sommeil-c88/Clef-des-champs-b26/Druide-b63/Meditrina-b68/New-roots-b74. Lang:fr
09:06:05 Listing url is not the same: /fr/Stress-c97/A-Vogel-b54/Anokian-b58/Clef-des-champs-b26/Nature-Clean-b72/p.UrlBrand vs /fr/Stress-c97/A-Vogel-b54/Anokian-b58/Clef-des-champs-b26/Nature-Clean-b72. Lang:fr
09:07:00 Listing url is not the same: /fr/Antioxydants-c62/Clef-des-champs-b26/Merveilles-d-Abeilles-b69/Nature-Clean-b72/New-roots-b74/p.Url vs /fr/Antioxydants-c62/Clef-des-champs-b26/Merveilles-d-Abeilles-b69/Nature-Clean-b72/New-roots-b74. Lang:fr
09:07:05 Listing url is not the same: /fr/Coeur-et-sante-generale-c106/A-Vogel-b54/Clef-des-champs-b26/Druide-b63/New-roots-b74/cat.Url vs /fr/Coeur-et-sante-generale-c106/A-Vogel-b54/Clef-des-champs-b26/Druide-b63/New-roots-b74. Lang:fr
09:07:06 Listing url is not the same: /fr/Fatigue-c99/Anokian-b58/New-roots-b74/p.Url vs /fr/Fatigue-c99/Anokian-b58/New-roots-b74. Lang:fr
09:07:18 Listing url is not the same: /fr/soin-du-corps-c86/Druide-b63/Meditrina-b68/New-roots-b74/addressLink vs /fr/Soin-du-corps-c86/Druide-b63/Meditrina-b68/New-roots-b74. Lang:fr
10:02:51 Listing url is not the same: /fr/Sommeil-c88/Merveilles-d-Abeilles-b69/New-roots-b74/cat.Url vs /fr/Sommeil-c88/Merveilles-d-Abeilles-b69/New-roots-b74. Lang:fr
10:03:26 Listing url is not the same: /fr/Inflammation-c98/A-Vogel-b54/Boiron-b61/Clef-des-champs-b26/Merveilles-d-Abeilles-b69/Natural-Factors-b71/promotion.Url vs /fr/Inflammation-c98/A-Vogel-b54/Boiron-b61/Clef-des-champs-b26/Merveilles-d-Abeilles-b69/Natural-Factors-b71. Lang:fr
10:03:28 Listing url is not the same: /fr/Stress-c97/Clef-des-champs-b26/Druide-b63/Merveilles-d-Abeilles-b69/Nature-Clean-b72/urlBilingual vs /fr/Stress-c97/Clef-des-champs-b26/Druide-b63/Merveilles-d-Abeilles-b69/Nature-Clean-b72. Lang:fr
10:04:27 Listing url is not the same: /fr/Rhume-grippe-voie-respiratoire-c57/Anokian-b58/Clef-des-champs-b26/Natural-Factors-b71/addressLink vs /fr/Rhume-grippe-voie-respiratoire-c57/Anokian-b58/Clef-des-champs-b26/Natural-Factors-b71. Lang:fr
10:04:28 Listing url is not the same: /fr/Sante-des-enfants-c108/Clef-des-champs-b26/Merveilles-d-Abeilles-b69/Nature-Clean-b72/New-roots-b74/subcat.Url vs /fr/Sante-des-enfants-c108/Clef-des-champs-b26/Merveilles-d-Abeilles-b69/Nature-Clean-b72/New-roots-b74. Lang:fr
10:04:31 Listing url is not the same: /fr/Stress-c97/Merveilles-d-Abeilles-b69/New-roots-b74/cat.Url vs /fr/Stress-c97/Merveilles-d-Abeilles-b69/New-roots-b74. Lang:fr
10:06:02 Listing url is not the same: /fr/Concentration-memoire-migraine-c56/Clef-des-champs-b26/Natural-Factors-b71/Nature-Clean-b72/New-roots-b74/urlBilingual vs /fr/Concentration-memoire-migraine-c56/Clef-des-champs-b26/Natural-Factors-b71/Nature-Clean-b72/New-roots-b74. Lang:fr
10:06:10 Listing url is not the same: /fr/Stress-c97/Le-Tournesol-ANB-b64/Merveilles-d-Abeilles-b69/New-roots-b74/cat.Url vs /fr/Stress-c97/Le-Tournesol-ANB-b64/Merveilles-d-Abeilles-b69/New-roots-b74. Lang:fr
11:03:31 Listing url is not the same: /fr/Inflammation-c98/Boiron-b61/Clef-des-champs-b26/Natural-Factors-b71/Nature-Clean-b72/b.Url vs /fr/Inflammation-c98/Boiron-b61/Clef-des-champs-b26/Natural-Factors-b71/Nature-Clean-b72. Lang:fr
11:03:35 Listing url is not the same: /fr/Sante-des-enfants-c108/Clef-des-champs-b26/Meditrina-b68/Natural-Factors-b71/New-roots-b74/p.UrlBrand vs /fr/Sante-des-enfants-c108/Clef-des-champs-b26/Meditrina-b68/Natural-Factors-b71/New-roots-b74. Lang:fr
11:04:50 Listing url is not the same: /fr/Stress-c97/Clef-des-champs-b26/Druide-b63/Merveilles-d-Abeilles-b69/Nature-Clean-b72/cat.Url vs /fr/Stress-c97/Clef-des-champs-b26/Druide-b63/Merveilles-d-Abeilles-b69/Nature-Clean-b72. Lang:fr
11:06:36 Listing url is not the same: /fr/Concentration-memoire-migraine-c56/Boiron-b61/Natural-Factors-b71/New-roots-b74/urlBilingual vs /fr/Concentration-memoire-migraine-c56/Boiron-b61/Natural-Factors-b71/New-roots-b74. Lang:fr
11:06:44 Listing url is not the same: /fr/Stress-c97/Merveilles-d-Abeilles-b69/New-roots-b74/addressLink vs /fr/Stress-c97/Merveilles-d-Abeilles-b69/New-roots-b74. Lang:fr
11:59:05 Listing url is not the same: /fr/Allergies-c55/Anokian-b58/Clef-des-champs-b26/Natural-Factors-b71/urlBilingual vs /fr/Allergies-c55/Anokian-b58/Clef-des-champs-b26/Natural-Factors-b71. Lang:fr
11:59:45 Listing url is not the same: /fr/Stress-c97/Clef-des-champs-b26/Meditrina-b68/Natural-Factors-b71/New-roots-b74/b.Url vs /fr/Stress-c97/Clef-des-champs-b26/Meditrina-b68/Natural-Factors-b71/New-roots-b74. Lang:fr
12:01:15 Listing url is not the same: /fr/Homeopathie-c12/Boiron-b61/Le-Tournesol-ANB-b64/Merveilles-d-Abeilles-b69/addressLink vs /fr/Homeopathie-c12/Boiron-b61/Le-Tournesol-ANB-b64/Merveilles-d-Abeilles-b69. Lang:fr
12:01:18 Listing url is not the same: /fr/Inflammation-c98/Clef-des-champs-b26/Le-Tournesol-ANB-b64/Merveilles-d-Abeilles-b69/Natural-Factors-b71/urlBilingual vs /fr/Inflammation-c98/Clef-des-champs-b26/Le-Tournesol-ANB-b64/Merveilles-d-Abeilles-b69/Natural-Factors-b71. Lang:fr
12:01:20 Listing url is not the same: /fr/Inflammation-c98/Clef-des-champs-b26/Le-Tournesol-ANB-b64/New-roots-b74/addressLink vs /fr/Inflammation-c98/Clef-des-champs-b26/Le-Tournesol-ANB-b64/New-roots-b74. Lang:fr
12:01:28 Listing url is not the same: /fr/Sante-des-femmes-c100/Clef-des-champs-b26/Flora-b123/Natural-Factors-b71/p.Url vs /fr/Sante-des-femmes-c100/Clef-des-champs-b26/Flora-b123/Natural-Factors-b71. Lang:fr
12:01:30 Listing url is not the same: /fr/Systeme-immunitaire-c93/A-Vogel-b54/Clef-des-champs-b26/Flora-b123/subcat.Url vs /fr/Systeme-immunitaire-c93/A-Vogel-b54/Clef-des-champs-b26/Flora-b123. Lang:fr
12:01:33 Listing url is not the same: /fr/soin-du-corps-c86/Boiron-b61/Clef-des-champs-b26/Natural-Factors-b71/New-roots-b74/addressLink vs /fr/Soin-du-corps-c86/Boiron-b61/Clef-des-champs-b26/Natural-Factors-b71/New-roots-b74. Lang:fr
12:02:53 Listing url is not the same: /fr/Sante-des-enfants-c108/Bach-b137/Natural-Factors-b71/subcat.Url vs /fr/Sante-des-enfants-c108/Bach-b137/Natural-Factors-b71. Lang:fr
12:57:00 Listing url is not the same: /fr/Homeopathie-c12/A-Vogel-b54/Bach-b137/Boiron-b61/addressLink vs /fr/Homeopathie-c12/A-Vogel-b54/Bach-b137/Boiron-b61. Lang:fr
12:57:30 Listing url is not the same: /fr/Sommeil-c88/A-Vogel-b54/Anokian-b58/Boiron-b61/Clef-des-champs-b26/cat.Url vs /fr/Sommeil-c88/A-Vogel-b54/Anokian-b58/Boiron-b61/Clef-des-champs-b26. Lang:fr
12:58:09 Listing url is not the same: /fr/Concentration-memoire-migraine-c56/Boiron-b61/Clef-des-champs-b26/Flora-b123/addressLink vs /fr/Concentration-memoire-migraine-c56/Boiron-b61/Clef-des-champs-b26/Flora-b123. Lang:fr
12:58:24 Listing url is not the same: /fr/Fatigue-c99/Boiron-b61/Clef-des-champs-b26/Leo-Desilet-b66/b.Url vs /fr/Fatigue-c99/Boiron-b61/Clef-des-champs-b26/Leo-Desilet-b66. Lang:fr
12:58:31 Listing url is not the same: /fr/Homeopathie-c12/Boiron-b61/Le-Tournesol-ANB-b64/Merveilles-d-Abeilles-b69/subcat.Url vs /fr/Homeopathie-c12/Boiron-b61/Le-Tournesol-ANB-b64/Merveilles-d-Abeilles-b69. Lang:fr
12:58:33 Listing url is not the same: /fr/Homeopathie-c12/Boiron-b61/Medelys-b128/urlBilingual vs /fr/Homeopathie-c12/Boiron-b61/Medelys-b128. Lang:fr
12:58:41 Listing url is not the same: /fr/Rhume-grippe-voie-respiratoire-c57/A-Vogel-b54/Clef-des-champs-b26/Flora-b123/addressLink vs /fr/Rhume-grippe-voie-respiratoire-c57/A-Vogel-b54/Clef-des-champs-b26/Flora-b123. Lang:fr
12:58:44 Listing url is not the same: /fr/Sante-des-femmes-c100/Bach-b137/Meditrina-b68/cat.Url vs /fr/Sante-des-femmes-c100/Bach-b137/Meditrina-b68. Lang:fr
12:59:16 Listing url is not the same: /fr/Allergies-c55/St-francis-herb-b120/p.UrlBrand vs /fr/Allergies-c55/St-francis-herb-b120. Lang:fr
12:59:17 Listing url is not the same: /fr/Fatigue-c99/A-Vogel-b54/Boiron-b61/Clef-des-champs-b26/Druide-b63/Natural-Factors-b71/Nature-Clean-b72/b.Url vs /fr/Fatigue-c99/A-Vogel-b54/Boiron-b61/Clef-des-champs-b26/Druide-b63/Natural-Factors-b71/Nature-Clean-b72. Lang:fr
12:59:18 Listing url is not the same: /fr/Sante-des-enfants-c108/A-Vogel-b54/Boiron-b61/Natural-Factors-b71/New-roots-b74/p.UrlBrand vs /fr/Sante-des-enfants-c108/A-Vogel-b54/Boiron-b61/Natural-Factors-b71/New-roots-b74. Lang:fr
12:59:19 Listing url is not the same: /fr/Sante-des-enfants-c108/Boiron-b61/Flora-b123/urlBilingual vs /fr/Sante-des-enfants-c108/Boiron-b61/Flora-b123. Lang:fr
13:56:24 Listing url is not the same: /fr/Rhume-grippe-voie-respiratoire-c57/Clef-des-champs-b26/Medelys-b128/addressLink vs /fr/Rhume-grippe-voie-respiratoire-c57/Clef-des-champs-b26/Medelys-b128. Lang:fr
13:57:25 Listing url is not the same: /fr/Sante-des-femmes-c100/A-Vogel-b54/Clef-des-champs-b26/Nature-Clean-b72/brand.Url vs /fr/Sante-des-femmes-c100/A-Vogel-b54/Clef-des-champs-b26/Nature-Clean-b72. Lang:fr
13:58:30 Listing url is not the same: /fr/Fatigue-c99/A-Vogel-b54/Boiron-b61/Clef-des-champs-b26/Nature-Clean-b72/p.UrlBrand vs /fr/Fatigue-c99/A-Vogel-b54/Boiron-b61/Clef-des-champs-b26/Nature-Clean-b72. Lang:fr
14:50:09 Listing url is not the same: /fr/Concentration-memoire-migraine-c56/Le-Tournesol-ANB-b64/New-roots-b74/subcat.Url vs /fr/Concentration-memoire-migraine-c56/Le-Tournesol-ANB-b64/New-roots-b74. Lang:fr
14:52:04 Listing url is not the same: /fr/Sommeil-c88/A-Vogel-b54/Clef-des-champs-b26/Flora-b123/urlBilingual vs /fr/Sommeil-c88/A-Vogel-b54/Clef-des-champs-b26/Flora-b123. Lang:fr
14:52:32 Listing url is not the same: /fr/Concentration-memoire-migraine-c56/Boiron-b61/Natural-Factors-b71/New-roots-b74/p.Url vs /fr/Concentration-memoire-migraine-c56/Boiron-b61/Natural-Factors-b71/New-roots-b74. Lang:fr
15:47:48 Listing url is not the same: /fr/Sante-des-enfants-c108/A-Vogel-b54/Bach-b137/Boiron-b61/b.Url vs /fr/Sante-des-enfants-c108/A-Vogel-b54/Bach-b137/Boiron-b61. Lang:fr
15:49:01 Listing url is not the same: /fr/Rhume-grippe-voie-respiratoire-c57/Clef-des-champs-b26/Leo-Desilet-b66/subcat.Url vs /fr/Rhume-grippe-voie-respiratoire-c57/Clef-des-champs-b26/Leo-Desilet-b66. Lang:fr
16:45:38 Listing url is not the same: /fr/Rhume-grippe-voie-respiratoire-c57/A-Vogel-b54/Clef-des-champs-b26/Flora-b123/p.UrlBrand vs /fr/Rhume-grippe-voie-respiratoire-c57/A-Vogel-b54/Clef-des-champs-b26/Flora-b123. Lang:fr
17:37:24 Listing url is not the same: /fr/Homeopathie-c12/Boiron-b61/Clef-des-champs-b26/Druide-b63/Natural-Factors-b71/promotion.Url vs /fr/Homeopathie-c12/Boiron-b61/Clef-des-champs-b26/Druide-b63/Natural-Factors-b71. Lang:fr
17:38:16 Listing url is not the same: /fr/Sante-des-enfants-c108/A-Vogel-b54/Boiron-b61/Clef-des-champs-b26/New-roots-b74/b.Url vs /fr/Sante-des-enfants-c108/A-Vogel-b54/Boiron-b61/Clef-des-champs-b26/New-roots-b74. Lang:fr
17:39:17 Listing url is not the same: /fr/Allergies-c55/A-Vogel-b54/Nature-Clean-b72/New-roots-b74/cat.Url vs /fr/Allergies-c55/A-Vogel-b54/Nature-Clean-b72/New-roots-b74. Lang:fr
17:40:16 Listing url is not the same: /fr/Sante-des-enfants-c108/A-Vogel-b54/Clef-des-champs-b26/Flora-b123/subcat.Url vs /fr/Sante-des-enfants-c108/A-Vogel-b54/Clef-des-champs-b26/Flora-b123. Lang:fr
17:40:50 Listing url is not the same: /fr/Stress-c97/Clef-des-champs-b26/Meditrina-b68/Natural-Factors-b71/New-roots-b74/addressLink vs /fr/Stress-c97/Clef-des-champs-b26/Meditrina-b68/Natural-Factors-b71/New-roots-b74. Lang:fr
17:57:23 Listing url is not the same: /fr/Prix-Liquidation-s-1/EnInventaire vs /fr/EnInventaire/Prix-Liquidation-s-1. Lang:fr
18:36:29 Listing url is not the same: /fr/Homeopathie-c12/Boiron-b61/Clef-des-champs-b26/Druide-b63/Natural-Factors-b71/cat.Url vs /fr/Homeopathie-c12/Boiron-b61/Clef-des-champs-b26/Druide-b63/Natural-Factors-b71. Lang:fr
18:37:52 Listing url is not the same: /fr/Detox-Digestion-c87/Clef-des-champs-b26/Meditrina-b68/Merveilles-d-Abeilles-b69/Nature-Clean-b72/subcat.Url vs /fr/Detox-Digestion-c87/Clef-des-champs-b26/Meditrina-b68/Merveilles-d-Abeilles-b69/Nature-Clean-b72. Lang:fr
18:37:57 Listing url is not the same: /fr/Inflammation-c98/A-Vogel-b54/Merveilles-d-Abeilles-b69/Natural-Factors-b71/b.Url vs /fr/Inflammation-c98/A-Vogel-b54/Merveilles-d-Abeilles-b69/Natural-Factors-b71. Lang:fr
18:37:58 Listing url is not the same: /fr/Sante-des-femmes-c100/Clef-des-champs-b26/Le-Tournesol-ANB-b64/Merveilles-d-Abeilles-b69/Natural-Factors-b71/p.UrlBrand vs /fr/Sante-des-femmes-c100/Clef-des-champs-b26/Le-Tournesol-ANB-b64/Merveilles-d-Abeilles-b69/Natural-Factors-b71. Lang:fr
18:37:59 Listing url is not the same: /fr/Sommeil-c88/Anokian-b58/Druide-b63/Natural-Factors-b71/p.UrlBrand vs /fr/Sommeil-c88/Anokian-b58/Druide-b63/Natural-Factors-b71. Lang:fr
18:38:01 Listing url is not the same: /fr/Systeme-immunitaire-c93/Boiron-b61/Clef-des-champs-b26/Flora-b123/b.Url vs /fr/Systeme-immunitaire-c93/Boiron-b61/Clef-des-champs-b26/Flora-b123. Lang:fr
18:39:06 Listing url is not the same: /fr/Systeme-immunitaire-c93/Druide-b63/Flora-b123/p.UrlBrand vs /fr/Systeme-immunitaire-c93/Druide-b63/Flora-b123. Lang:fr
19:32:47 Listing url is not the same: /fr/Coeur-et-sante-generale-c106/A-Vogel-b54/Boiron-b61/Clef-des-champs-b26/Merveilles-d-Abeilles-b69/Natural-Factors-b71/p.Url vs /fr/Coeur-et-sante-generale-c106/A-Vogel-b54/Boiron-b61/Clef-des-champs-b26/Merveilles-d-Abeilles-b69/Natural-Factors-b71. Lang:fr
19:32:53 Listing url is not the same: /fr/Sante-des-enfants-c108/A-Vogel-b54/Bach-b137/Boiron-b61/promotion.Url vs /fr/Sante-des-enfants-c108/A-Vogel-b54/Bach-b137/Boiron-b61. Lang:fr
19:33:36 Listing url is not the same: /fr/Homeopathie-c12/Druide-b63/Meditrina-b68/New-roots-b74/p.UrlBrand vs /fr/Homeopathie-c12/Druide-b63/Meditrina-b68/New-roots-b74. Lang:fr
19:33:41 Listing url is not the same: /fr/Systeme-immunitaire-c93/Boiron-b61/Natural-Factors-b71/New-roots-b74/addressLink vs /fr/Systeme-immunitaire-c93/Boiron-b61/Natural-Factors-b71/New-roots-b74. Lang:fr
19:33:42 Listing url is not the same: /fr/soin-du-corps-c86/A-Vogel-b54/Clef-des-champs-b26/Druide-b63/New-roots-b74/subcat.Url vs /fr/Soin-du-corps-c86/A-Vogel-b54/Clef-des-champs-b26/Druide-b63/New-roots-b74. Lang:fr
19:34:18 Listing url is not the same: /fr/Rhume-grippe-voie-respiratoire-c57/A-Vogel-b54/Boiron-b61/New-roots-b74/promotion.Url vs /fr/Rhume-grippe-voie-respiratoire-c57/A-Vogel-b54/Boiron-b61/New-roots-b74. Lang:fr
19:34:21 Listing url is not the same: /fr/Sommeil-c88/A-Vogel-b54/Anokian-b58/Boiron-b61/Clef-des-champs-b26/p.Url vs /fr/Sommeil-c88/A-Vogel-b54/Anokian-b58/Boiron-b61/Clef-des-champs-b26. Lang:fr
19:36:00 Listing url is not the same: /fr/Concentration-memoire-migraine-c56/Clef-des-champs-b26/Druide-b63/Natural-Factors-b71/New-roots-b74/p.UrlBrand vs /fr/Concentration-memoire-migraine-c56/Clef-des-champs-b26/Druide-b63/Natural-Factors-b71/New-roots-b74. Lang:fr
19:36:01 Listing url is not the same: /fr/Concentration-memoire-migraine-c56/Clef-des-champs-b26/Druide-b63/Natural-Factors-b71/New-roots-b74/promotion.Url vs /fr/Concentration-memoire-migraine-c56/Clef-des-champs-b26/Druide-b63/Natural-Factors-b71/New-roots-b74. Lang:fr
19:36:03 Listing url is not the same: /fr/Detox-Digestion-c87/Clef-des-champs-b26/Merveilles-d-Abeilles-b69/Nature-Clean-b72/New-roots-b74/addressLink vs /fr/Detox-Digestion-c87/Clef-des-champs-b26/Merveilles-d-Abeilles-b69/Nature-Clean-b72/New-roots-b74. Lang:fr
19:36:04 Listing url is not the same: /fr/Detox-Digestion-c87/Clef-des-champs-b26/Merveilles-d-Abeilles-b69/Nature-Clean-b72/New-roots-b74/cat.Url vs /fr/Detox-Digestion-c87/Clef-des-champs-b26/Merveilles-d-Abeilles-b69/Nature-Clean-b72/New-roots-b74. Lang:fr
19:36:23 Listing url is not the same: /fr/Inflammation-c98/A-Vogel-b54/Merveilles-d-Abeilles-b69/Natural-Factors-b71/subcat.Url vs /fr/Inflammation-c98/A-Vogel-b54/Merveilles-d-Abeilles-b69/Natural-Factors-b71. Lang:fr
19:36:34 Listing url is not the same: /fr/Sante-des-enfants-c108/Boiron-b61/Meditrina-b68/Natural-Factors-b71/New-roots-b74/addressLink vs /fr/Sante-des-enfants-c108/Boiron-b61/Meditrina-b68/Natural-Factors-b71/New-roots-b74. Lang:fr
19:36:36 Listing url is not the same: /fr/Sante-des-enfants-c108/Boiron-b61/Meditrina-b68/Natural-Factors-b71/New-roots-b74/urlBilingual vs /fr/Sante-des-enfants-c108/Boiron-b61/Meditrina-b68/Natural-Factors-b71/New-roots-b74. Lang:fr
19:36:38 Listing url is not the same: /fr/Sante-des-femmes-c100/Clef-des-champs-b26/Le-Tournesol-ANB-b64/Merveilles-d-Abeilles-b69/Natural-Factors-b71/cat.Url vs /fr/Sante-des-femmes-c100/Clef-des-champs-b26/Le-Tournesol-ANB-b64/Merveilles-d-Abeilles-b69/Natural-Factors-b71. Lang:fr
19:38:23 Listing url is not the same: /fr/Sommeil-c88/Boiron-b61/Clef-des-champs-b26/Merveilles-d-Abeilles-b69/New-roots-b74/brand.Url vs /fr/Sommeil-c88/Boiron-b61/Clef-des-champs-b26/Merveilles-d-Abeilles-b69/New-roots-b74. Lang:fr
20:26:20 Listing url is not the same: /fr/Coeur-et-sante-generale-c106/Boiron-b61/Natural-Factors-b71/New-roots-b74/cat.Url vs /fr/Coeur-et-sante-generale-c106/Boiron-b61/Natural-Factors-b71/New-roots-b74. Lang:fr
20:26:27 Listing url is not the same: /fr/Sommeil-c88/A-Vogel-b54/Clef-des-champs-b26/Flora-b123/cat.Url vs /fr/Sommeil-c88/A-Vogel-b54/Clef-des-champs-b26/Flora-b123. Lang:fr
20:27:01 Listing url is not the same: /fr/Fatigue-c99/A-Vogel-b54/Boiron-b61/Clef-des-champs-b26/Nature-Clean-b72/urlBilingual vs /fr/Fatigue-c99/A-Vogel-b54/Boiron-b61/Clef-des-champs-b26/Nature-Clean-b72. Lang:fr
20:28:12 Listing url is not the same: /fr/Homeopathie-c12/Clef-des-champs-b26/Le-Tournesol-ANB-b64/New-roots-b74/urlBilingual vs /fr/Homeopathie-c12/Clef-des-champs-b26/Le-Tournesol-ANB-b64/New-roots-b74. Lang:fr
20:28:15 Listing url is not the same: /fr/Sante-des-enfants-c108/A-Vogel-b54/Druide-b63/Le-Tournesol-ANB-b64/Natural-Factors-b71/addressLink vs /fr/Sante-des-enfants-c108/A-Vogel-b54/Druide-b63/Le-Tournesol-ANB-b64/Natural-Factors-b71. Lang:fr
20:28:16 Listing url is not the same: /fr/Sante-des-femmes-c100/Clef-des-champs-b26/Le-Tournesol-ANB-b64/Medelys-b128/b.Url vs /fr/Sante-des-femmes-c100/Clef-des-champs-b26/Le-Tournesol-ANB-b64/Medelys-b128. Lang:fr
20:28:17 Listing url is not the same: /fr/Sante-des-femmes-c100/Clef-des-champs-b26/Le-Tournesol-ANB-b64/Merveilles-d-Abeilles-b69/Natural-Factors-b71/urlBilingual vs /fr/Sante-des-femmes-c100/Clef-des-champs-b26/Le-Tournesol-ANB-b64/Merveilles-d-Abeilles-b69/Natural-Factors-b71. Lang:fr
20:28:19 Listing url is not the same: /fr/Stress-c97/Clef-des-champs-b26/Healthology-b116/b.Url vs /fr/Stress-c97/Clef-des-champs-b26/Healthology-b116. Lang:fr
20:28:21 Listing url is not the same: /fr/Systeme-immunitaire-c93/Druide-b63/Meditrina-b68/New-roots-b74/promotion.Url vs /fr/Systeme-immunitaire-c93/Druide-b63/Meditrina-b68/New-roots-b74. Lang:fr
20:29:56 Listing url is not the same: /fr/Antioxydants-c62/A-Vogel-b54/Healthology-b116/brand.Url vs /fr/Antioxydants-c62/A-Vogel-b54/Healthology-b116. Lang:fr
20:30:16 Listing url is not the same: /fr/Detox-Digestion-c87/A-Vogel-b54/Boiron-b61/Clef-des-champs-b26/New-roots-b74/urlBilingual vs /fr/Detox-Digestion-c87/A-Vogel-b54/Boiron-b61/Clef-des-champs-b26/New-roots-b74. Lang:fr
20:30:25 Listing url is not the same: /fr/Fatigue-c99/St-francis-herb-b120/subcat.Url vs /fr/Fatigue-c99/St-francis-herb-b120. Lang:fr
20:30:29 Listing url is not the same: /fr/Sante-des-enfants-c108/A-Vogel-b54/Boiron-b61/Clef-des-champs-b26/Flora-b123/brand.Url vs /fr/Sante-des-enfants-c108/A-Vogel-b54/Boiron-b61/Clef-des-champs-b26/Flora-b123. Lang:fr
20:30:31 Listing url is not the same: /fr/Sommeil-c88/Clef-des-champs-b26/Numi-tea-b124/brand.Url vs /fr/Sommeil-c88/Clef-des-champs-b26/Numi-tea-b124. Lang:fr
20:30:34 Listing url is not the same: /fr/Stress-c97/A-Vogel-b54/Boiron-b61/Clef-des-champs-b26/Meditrina-b68/Nature-Clean-b72/subcat.Url vs /fr/Stress-c97/A-Vogel-b54/Boiron-b61/Clef-des-champs-b26/Meditrina-b68/Nature-Clean-b72. Lang:fr
21:20:06 Listing url is not the same: /fr/Huiles-magiques-de-wicca-c65/Le-Tournesol-ANB-b64/New-roots-b74/promotion.Url vs /fr/Huiles-magiques-de-wicca-c65/Le-Tournesol-ANB-b64/New-roots-b74. Lang:fr
21:22:16 Listing url is not the same: /fr/Sante-des-enfants-c108/Clef-des-champs-b26/Meditrina-b68/Natural-Factors-b71/New-roots-b74/p.Url vs /fr/Sante-des-enfants-c108/Clef-des-champs-b26/Meditrina-b68/Natural-Factors-b71/New-roots-b74. Lang:fr
21:23:01 Listing url is not the same: /fr/Homeopathie-c12/A-Vogel-b54/Bach-b137/Boiron-b61/p.Url vs /fr/Homeopathie-c12/A-Vogel-b54/Bach-b137/Boiron-b61. Lang:fr
21:23:03 Listing url is not the same: /fr/Inflammation-c98/Meditrina-b68/Natural-Factors-b71/Nature-Clean-b72/urlBilingual vs /fr/Inflammation-c98/Meditrina-b68/Natural-Factors-b71/Nature-Clean-b72. Lang:fr
21:23:58 Listing url is not the same: /fr/Concentration-memoire-migraine-c56/Druide-b63/Natural-Factors-b71/New-roots-b74/urlBilingual vs /fr/Concentration-memoire-migraine-c56/Druide-b63/Natural-Factors-b71/New-roots-b74. Lang:fr
21:24:02 Listing url is not the same: /fr/Sommeil-c88/A-Vogel-b54/Clef-des-champs-b26/Natural-Factors-b71/New-roots-b74/cat.Url vs /fr/Sommeil-c88/A-Vogel-b54/Clef-des-champs-b26/Natural-Factors-b71/New-roots-b74. Lang:fr
21:25:25 Listing url is not the same: /fr/Sante-des-enfants-c108/A-Vogel-b54/Clef-des-champs-b26/Flora-b123/p.UrlBrand vs /fr/Sante-des-enfants-c108/A-Vogel-b54/Clef-des-champs-b26/Flora-b123. Lang:fr
21:25:29 Listing url is not the same: /fr/Stress-c97/A-Vogel-b54/Boiron-b61/Clef-des-champs-b26/Druide-b63/Natural-Factors-b71/Nature-Clean-b72/p.UrlBrand vs /fr/Stress-c97/A-Vogel-b54/Boiron-b61/Clef-des-champs-b26/Druide-b63/Natural-Factors-b71/Nature-Clean-b72. Lang:fr
22:21:26 Listing url is not the same: /fr/Concentration-memoire-migraine-c56/Le-Tournesol-ANB-b64/New-roots-b74/brand.Url vs /fr/Concentration-memoire-migraine-c56/Le-Tournesol-ANB-b64/New-roots-b74. Lang:fr
22:23:18 Listing url is not the same: /fr/Homeopathie-c12/Merveilles-d-Abeilles-b69/New-roots-b74/urlBilingual vs /fr/Homeopathie-c12/Merveilles-d-Abeilles-b69/New-roots-b74. Lang:fr
22:24:07 Listing url is not the same: /fr/Rhume-grippe-voie-respiratoire-c57/Clef-des-champs-b26/Medelys-b128/urlBilingual vs /fr/Rhume-grippe-voie-respiratoire-c57/Clef-des-champs-b26/Medelys-b128. Lang:fr
22:24:19 Listing url is not the same: /fr/Sante-des-femmes-c100/Merveilles-d-Abeilles-b69/New-roots-b74/promotion.Url vs /fr/Sante-des-femmes-c100/Merveilles-d-Abeilles-b69/New-roots-b74. Lang:fr
22:24:23 Listing url is not the same: /fr/Sommeil-c88/Clef-des-champs-b26/Leo-Desilet-b66/cat.Url vs /fr/Sommeil-c88/Clef-des-champs-b26/Leo-Desilet-b66. Lang:fr
22:24:36 Listing url is not the same: /fr/Sante-des-femmes-c100/Boiron-b61/Natural-Factors-b71/New-roots-b74/addressLink vs /fr/Sante-des-femmes-c100/Boiron-b61/Natural-Factors-b71/New-roots-b74. Lang:fr
22:24:42 Listing url is not the same: /fr/Stress-c97/Clef-des-champs-b26/Le-Tournesol-ANB-b64/New-roots-b74/promotion.Url vs /fr/Stress-c97/Clef-des-champs-b26/Le-Tournesol-ANB-b64/New-roots-b74. Lang:fr
22:25:08 Listing url is not the same: /fr/Inflammation-c98/A-Vogel-b54/Anokian-b58/Boiron-b61/Clef-des-champs-b26/subcat.Url vs /fr/Inflammation-c98/A-Vogel-b54/Anokian-b58/Boiron-b61/Clef-des-champs-b26. Lang:fr
22:25:11 Listing url is not the same: /fr/Sommeil-c88/A-Vogel-b54/Anokian-b58/Boiron-b61/Clef-des-champs-b26/subcat.Url vs /fr/Sommeil-c88/A-Vogel-b54/Anokian-b58/Boiron-b61/Clef-des-champs-b26. Lang:fr
23:20:57 Listing url is not the same: /fr/Homeopathie-c12/Boiron-b61/Clef-des-champs-b26/Druide-b63/Natural-Factors-b71/subcat.Url vs /fr/Homeopathie-c12/Boiron-b61/Clef-des-champs-b26/Druide-b63/Natural-Factors-b71. Lang:fr
23:21:00 Listing url is not the same: /fr/Rhume-grippe-voie-respiratoire-c57/A-Vogel-b54/Boiron-b61/New-roots-b74/b.Url vs /fr/Rhume-grippe-voie-respiratoire-c57/A-Vogel-b54/Boiron-b61/New-roots-b74. Lang:fr
23:21:48 Listing url is not the same: /fr/Rhume-grippe-voie-respiratoire-c57/Anokian-b58/Clef-des-champs-b26/Natural-Factors-b71/cat.Url vs /fr/Rhume-grippe-voie-respiratoire-c57/Anokian-b58/Clef-des-champs-b26/Natural-Factors-b71. Lang:fr
23:21:50 Listing url is not the same: /fr/Sommeil-c88/A-Vogel-b54/Anokian-b58/Boiron-b61/Clef-des-champs-b26/addressLink vs /fr/Sommeil-c88/A-Vogel-b54/Anokian-b58/Boiron-b61/Clef-des-champs-b26. Lang:fr
23:22:58 Listing url is not the same: /fr/Systeme-immunitaire-c93/Boiron-b61/Clef-des-champs-b26/Flora-b123/subcat.Url vs /fr/Systeme-immunitaire-c93/Boiron-b61/Clef-des-champs-b26/Flora-b123. Lang:fr
