00:45:27 Listing url is not the same: /fr/Sante-des-enfants-c108/Clef-des-champs-b26/Meditrina-b68/promotion.Url vs /fr/Sante-des-enfants-c108/Clef-des-champs-b26/Meditrina-b68. Lang:fr
00:45:29 Listing url is not the same: /fr/Sante-des-femmes-c100/Meditrina-b68/addressLink vs /fr/Sante-des-femmes-c100/Meditrina-b68. Lang:fr
00:45:43 Listing url is not the same: /fr/Huiles-magiques-de-wicca-c65/Boiron-b61/Clef-des-champs-b26/Meditrina-b68/p.UrlBrand vs /fr/Huiles-magiques-de-wicca-c65/Boiron-b61/Clef-des-champs-b26/Meditrina-b68. Lang:fr
00:46:41 Listing url is not the same: /fr/Fatigue-c99/A-Vogel-b54/Clef-des-champs-b26/Druide-b63/brand.Url vs /fr/Fatigue-c99/A-Vogel-b54/Clef-des-champs-b26/Druide-b63. Lang:fr
00:46:43 Listing url is not the same: /fr/Fatigue-c99/Boiron-b61/Clef-des-champs-b26/brand.Url vs /fr/Fatigue-c99/Boiron-b61/Clef-des-champs-b26. Lang:fr
00:46:44 Listing url is not the same: /fr/Nettoyage-c73/A-Vogel-b54/Clef-des-champs-b26/Meditrina-b68/b.Url vs /fr/Nettoyage-c73/A-Vogel-b54/Clef-des-champs-b26/Meditrina-b68. Lang:fr
00:46:45 Listing url is not the same: /fr/Nettoyage-c73/Druide-b63/Le-Tournesol-ANB-b64/Meditrina-b68/cat.Url vs /fr/Nettoyage-c73/Druide-b63/Le-Tournesol-ANB-b64/Meditrina-b68. Lang:fr
00:48:40 Listing url is not the same: /fr/Allergies-c55/Clef-des-champs-b26/Le-Tournesol-ANB-b64/Natural-Factors-b71/subcat.Url vs /fr/Allergies-c55/Clef-des-champs-b26/Le-Tournesol-ANB-b64/Natural-Factors-b71. Lang:fr
00:48:41 Listing url is not the same: /fr/Detox-Digestion-c87/Le-Tournesol-ANB-b64/Meditrina-b68/cat.Url vs /fr/Detox-Digestion-c87/Le-Tournesol-ANB-b64/Meditrina-b68. Lang:fr
00:48:42 Listing url is not the same: /fr/Nettoyage-c73/Clef-des-champs-b26/Merveilles-d-Abeilles-b69/Natural-Factors-b71/p.UrlBrand vs /fr/Nettoyage-c73/Clef-des-champs-b26/Merveilles-d-Abeilles-b69/Natural-Factors-b71. Lang:fr
00:48:43 Listing url is not the same: /fr/Sante-des-enfants-c108/Clef-des-champs-b26/Druide-b63/b.Url vs /fr/Sante-des-enfants-c108/Clef-des-champs-b26/Druide-b63. Lang:fr
00:55:28 Listing url is not the same: /fr/Allergies-c55/Boiron-b61/Le-Tournesol-ANB-b64/Meditrina-b68/Natural-Factors-b71/promotion.Url vs /fr/Allergies-c55/Boiron-b61/Le-Tournesol-ANB-b64/Meditrina-b68/Natural-Factors-b71. Lang:fr
00:55:29 Listing url is not the same: /fr/Antioxydants-c62/A-Vogel-b54/Boiron-b61/Le-Tournesol-ANB-b64/Natural-Factors-b71/p.UrlBrand vs /fr/Antioxydants-c62/A-Vogel-b54/Boiron-b61/Le-Tournesol-ANB-b64/Natural-Factors-b71. Lang:fr
00:55:30 Listing url is not the same: /fr/Antioxydants-c62/A-Vogel-b54/Boiron-b61/Merveilles-d-Abeilles-b69/Natural-Factors-b71/p.UrlBrand vs /fr/Antioxydants-c62/A-Vogel-b54/Boiron-b61/Merveilles-d-Abeilles-b69/Natural-Factors-b71. Lang:fr
00:55:31 Listing url is not the same: /fr/Antioxydants-c62/A-Vogel-b54/Clef-des-champs-b26/Druide-b63/Natural-Factors-b71/subcat.Url vs /fr/Antioxydants-c62/A-Vogel-b54/Clef-des-champs-b26/Druide-b63/Natural-Factors-b71. Lang:fr
00:55:32 Listing url is not the same: /fr/Chandelles-c70/A-Vogel-b54/Druide-b63/Le-Tournesol-ANB-b64/Merveilles-d-Abeilles-b69/addressLink vs /fr/Chandelles-c70/A-Vogel-b54/Druide-b63/Le-Tournesol-ANB-b64/Merveilles-d-Abeilles-b69. Lang:fr
00:55:34 Listing url is not the same: /fr/Concentration-memoire-migraine-c56/Boiron-b61/Clef-des-champs-b26/Druide-b63/Meditrina-b68/b.Url vs /fr/Concentration-memoire-migraine-c56/Boiron-b61/Clef-des-champs-b26/Druide-b63/Meditrina-b68. Lang:fr
01:43:15 Listing url is not the same: /fr/Fatigue-c99/urlBilingual vs /fr/Fatigue-c99. Lang:fr
01:43:18 Listing url is not the same: /fr/Systeme-immunitaire-c93/p.Url vs /fr/Systeme-immunitaire-c93. Lang:fr
01:46:23 Listing url is not the same: /fr/Chandelles-c70/Clef-des-champs-b26/Le-Tournesol-ANB-b64/Natural-Factors-b71/b.Url vs /fr/Chandelles-c70/Clef-des-champs-b26/Le-Tournesol-ANB-b64/Natural-Factors-b71. Lang:fr
01:47:19 Listing url is not the same: /fr/Rhume-grippe-voie-respiratoire-c57/A-Vogel-b54/Clef-des-champs-b26/Druide-b63/Le-Tournesol-ANB-b64/Meditrina-b68/b.Url vs /fr/Rhume-grippe-voie-respiratoire-c57/A-Vogel-b54/Clef-des-champs-b26/Druide-b63/Le-Tournesol-ANB-b64/Meditrina-b68. Lang:fr
01:47:20 Listing url is not the same: /fr/Rhume-grippe-voie-respiratoire-c57/Druide-b63/Meditrina-b68/Merveilles-d-Abeilles-b69/promotion.Url vs /fr/Rhume-grippe-voie-respiratoire-c57/Druide-b63/Meditrina-b68/Merveilles-d-Abeilles-b69. Lang:fr
01:47:23 Listing url is not the same: /fr/Sante-des-femmes-c100/Meditrina-b68/Merveilles-d-Abeilles-b69/urlBilingual vs /fr/Sante-des-femmes-c100/Meditrina-b68/Merveilles-d-Abeilles-b69. Lang:fr
01:51:39 Listing url is not the same: /fr/A-Vogel-b54/Boiron-b61/Clef-des-champs-b26/Druide-b63/Le-Tournesol-ANB-b64/Merveilles-d-Abeilles-b69/p.Url vs /fr/A-Vogel-b54/Boiron-b61/Clef-des-champs-b26/Druide-b63/Le-Tournesol-ANB-b64/Merveilles-d-Abeilles-b69. Lang:fr
01:51:40 Listing url is not the same: /fr/Allergies-c55/A-Vogel-b54/Boiron-b61/Clef-des-champs-b26/Le-Tournesol-ANB-b64/Merveilles-d-Abeilles-b69/urlBilingual vs /fr/Allergies-c55/A-Vogel-b54/Boiron-b61/Clef-des-champs-b26/Le-Tournesol-ANB-b64/Merveilles-d-Abeilles-b69. Lang:fr
01:51:42 Listing url is not the same: /fr/Allergies-c55/A-Vogel-b54/Boiron-b61/Merveilles-d-Abeilles-b69/Natural-Factors-b71/urlBilingual vs /fr/Allergies-c55/A-Vogel-b54/Boiron-b61/Merveilles-d-Abeilles-b69/Natural-Factors-b71. Lang:fr
01:51:43 Listing url is not the same: /fr/Allergies-c55/A-Vogel-b54/Clef-des-champs-b26/Merveilles-d-Abeilles-b69/Natural-Factors-b71/p.Url vs /fr/Allergies-c55/A-Vogel-b54/Clef-des-champs-b26/Merveilles-d-Abeilles-b69/Natural-Factors-b71. Lang:fr
01:51:44 Listing url is not the same: /fr/Allergies-c55/Boiron-b61/Meditrina-b68/Merveilles-d-Abeilles-b69/Natural-Factors-b71/urlBilingual vs /fr/Allergies-c55/Boiron-b61/Meditrina-b68/Merveilles-d-Abeilles-b69/Natural-Factors-b71. Lang:fr
01:51:46 Listing url is not the same: /fr/Antioxydants-c62/A-Vogel-b54/Boiron-b61/Clef-des-champs-b26/Druide-b63/Le-Tournesol-ANB-b64/p.UrlBrand vs /fr/Antioxydants-c62/A-Vogel-b54/Boiron-b61/Clef-des-champs-b26/Druide-b63/Le-Tournesol-ANB-b64. Lang:fr
01:51:47 Listing url is not the same: /fr/Antioxydants-c62/A-Vogel-b54/Boiron-b61/Clef-des-champs-b26/Druide-b63/Meditrina-b68/p.UrlBrand vs /fr/Antioxydants-c62/A-Vogel-b54/Boiron-b61/Clef-des-champs-b26/Druide-b63/Meditrina-b68. Lang:fr
01:51:48 Listing url is not the same: /fr/Rhume-grippe-voie-respiratoire-c57/A-Vogel-b54/Boiron-b61/Clef-des-champs-b26/Druide-b63/Meditrina-b68/addressLink vs /fr/Rhume-grippe-voie-respiratoire-c57/A-Vogel-b54/Boiron-b61/Clef-des-champs-b26/Druide-b63/Meditrina-b68. Lang:fr
01:55:10 Listing url is not the same: /fr/Allergies-c55/Druide-b63/Le-Tournesol-ANB-b64/Natural-Factors-b71/addressLink vs /fr/Allergies-c55/Druide-b63/Le-Tournesol-ANB-b64/Natural-Factors-b71. Lang:fr
01:55:25 Listing url is not the same: /fr/Antioxydants-c62/Druide-b63/Merveilles-d-Abeilles-b69/Nature-Clean-b72/cat.Url vs /fr/Antioxydants-c62/Druide-b63/Merveilles-d-Abeilles-b69/Nature-Clean-b72. Lang:fr
01:55:35 Listing url is not the same: /fr/Chandelles-c70/Clef-des-champs-b26/Le-Tournesol-ANB-b64/Meditrina-b68/b.Url vs /fr/Chandelles-c70/Clef-des-champs-b26/Le-Tournesol-ANB-b64/Meditrina-b68. Lang:fr
01:55:43 Listing url is not the same: /fr/Cosmetique-parfum-et-deodorant-c60/A-Vogel-b54/Druide-b63/Meditrina-b68/Natural-Factors-b71/brand.Url vs /fr/Cosmetique-parfum-et-deodorant-c60/A-Vogel-b54/Druide-b63/Meditrina-b68/Natural-Factors-b71. Lang:fr
01:55:50 Listing url is not the same: /fr/Cosmetique-parfum-et-deodorant-c60/A-Vogel-b54/Druide-b63/Meditrina-b68/Natural-Factors-b71/p.UrlBrand vs /fr/Cosmetique-parfum-et-deodorant-c60/A-Vogel-b54/Druide-b63/Meditrina-b68/Natural-Factors-b71. Lang:fr
01:55:56 Listing url is not the same: /fr/Huiles-magiques-de-wicca-c65/Boiron-b61/Druide-b63/Natural-Factors-b71/subcat.Url vs /fr/Huiles-magiques-de-wicca-c65/Boiron-b61/Druide-b63/Natural-Factors-b71. Lang:fr
01:56:02 Listing url is not the same: /fr/Inflammation-c98/Clef-des-champs-b26/Le-Tournesol-ANB-b64/Meditrina-b68/addressLink vs /fr/Inflammation-c98/Clef-des-champs-b26/Le-Tournesol-ANB-b64/Meditrina-b68. Lang:fr
01:56:07 Listing url is not the same: /fr/Nettoyage-c73/Boiron-b61/Clef-des-champs-b26/Merveilles-d-Abeilles-b69/urlBilingual vs /fr/Nettoyage-c73/Boiron-b61/Clef-des-champs-b26/Merveilles-d-Abeilles-b69. Lang:fr
01:56:11 Listing url is not the same: /fr/Rhume-grippe-voie-respiratoire-c57/A-Vogel-b54/Boiron-b61/Clef-des-champs-b26/Natural-Factors-b71/brand.Url vs /fr/Rhume-grippe-voie-respiratoire-c57/A-Vogel-b54/Boiron-b61/Clef-des-champs-b26/Natural-Factors-b71. Lang:fr
01:56:14 Listing url is not the same: /fr/Stress-c97/A-Vogel-b54/Le-Tournesol-ANB-b64/Nature-Clean-b72/cat.Url vs /fr/Stress-c97/A-Vogel-b54/Le-Tournesol-ANB-b64/Nature-Clean-b72. Lang:fr
02:44:26 Listing url is not the same: /fr/Systeme-immunitaire-c93/urlBilingual vs /fr/Systeme-immunitaire-c93. Lang:fr
02:44:35 Listing url is not the same: /fr/Fatigue-c99/Clef-des-champs-b26/urlBilingual vs /fr/Fatigue-c99/Clef-des-champs-b26. Lang:fr
02:45:54 Listing url is not the same: /fr/Huiles-magiques-de-wicca-c65/Boiron-b61/Druide-b63/Meditrina-b68/p.UrlBrand vs /fr/Huiles-magiques-de-wicca-c65/Boiron-b61/Druide-b63/Meditrina-b68. Lang:fr
02:47:23 Listing url is not the same: /fr/Chandelles-c70/Clef-des-champs-b26/Le-Tournesol-ANB-b64/Natural-Factors-b71/cat.Url vs /fr/Chandelles-c70/Clef-des-champs-b26/Le-Tournesol-ANB-b64/Natural-Factors-b71. Lang:fr
02:47:24 Listing url is not the same: /fr/Fatigue-c99/Clef-des-champs-b26/Druide-b63/subcat.Url vs /fr/Fatigue-c99/Clef-des-champs-b26/Druide-b63. Lang:fr
02:48:44 Listing url is not the same: /fr/Concentration-memoire-migraine-c56/Druide-b63/Merveilles-d-Abeilles-b69/Natural-Factors-b71/b.Url vs /fr/Concentration-memoire-migraine-c56/Druide-b63/Merveilles-d-Abeilles-b69/Natural-Factors-b71. Lang:fr
02:48:50 Listing url is not the same: /fr/Detox-Digestion-c87/Clef-des-champs-b26/Natural-Factors-b71/p.UrlBrand vs /fr/Detox-Digestion-c87/Clef-des-champs-b26/Natural-Factors-b71. Lang:fr
02:48:51 Listing url is not the same: /fr/Fatigue-c99/Boiron-b61/Clef-des-champs-b26/urlBilingual vs /fr/Fatigue-c99/Boiron-b61/Clef-des-champs-b26. Lang:fr
02:48:52 Listing url is not the same: /fr/Fatigue-c99/Clef-des-champs-b26/Natural-Factors-b71/addressLink vs /fr/Fatigue-c99/Clef-des-champs-b26/Natural-Factors-b71. Lang:fr
02:48:53 Listing url is not the same: /fr/Huiles-magiques-de-wicca-c65/Clef-des-champs-b26/Druide-b63/Le-Tournesol-ANB-b64/Merveilles-d-Abeilles-b69/brand.Url vs /fr/Huiles-magiques-de-wicca-c65/Clef-des-champs-b26/Druide-b63/Le-Tournesol-ANB-b64/Merveilles-d-Abeilles-b69. Lang:fr
02:48:54 Listing url is not the same: /fr/Inflammation-c98/Clef-des-champs-b26/Druide-b63/subcat.Url vs /fr/Inflammation-c98/Clef-des-champs-b26/Druide-b63. Lang:fr
02:48:55 Listing url is not the same: /fr/Rhume-grippe-voie-respiratoire-c57/Boiron-b61/Clef-des-champs-b26/Le-Tournesol-ANB-b64/Merveilles-d-Abeilles-b69/promotion.Url vs /fr/Rhume-grippe-voie-respiratoire-c57/Boiron-b61/Clef-des-champs-b26/Le-Tournesol-ANB-b64/Merveilles-d-Abeilles-b69. Lang:fr
02:48:56 Listing url is not the same: /fr/Rhume-grippe-voie-respiratoire-c57/Le-Tournesol-ANB-b64/Merveilles-d-Abeilles-b69/Natural-Factors-b71/urlBilingual vs /fr/Rhume-grippe-voie-respiratoire-c57/Le-Tournesol-ANB-b64/Merveilles-d-Abeilles-b69/Natural-Factors-b71. Lang:fr
02:48:57 Listing url is not the same: /fr/Stress-c97/Clef-des-champs-b26/Natural-Factors-b71/promotion.Url vs /fr/Stress-c97/Clef-des-champs-b26/Natural-Factors-b71. Lang:fr
02:53:36 Listing url is not the same: /fr/Allergies-c55/A-Vogel-b54/Boiron-b61/Clef-des-champs-b26/Le-Tournesol-ANB-b64/Merveilles-d-Abeilles-b69/subcat.Url vs /fr/Allergies-c55/A-Vogel-b54/Boiron-b61/Clef-des-champs-b26/Le-Tournesol-ANB-b64/Merveilles-d-Abeilles-b69. Lang:fr
02:53:37 Listing url is not the same: /fr/Allergies-c55/A-Vogel-b54/Boiron-b61/Clef-des-champs-b26/Meditrina-b68/Merveilles-d-Abeilles-b69/cat.Url vs /fr/Allergies-c55/A-Vogel-b54/Boiron-b61/Clef-des-champs-b26/Meditrina-b68/Merveilles-d-Abeilles-b69. Lang:fr
02:53:39 Listing url is not the same: /fr/Antioxydants-c62/A-Vogel-b54/Boiron-b61/Clef-des-champs-b26/Le-Tournesol-ANB-b64/Meditrina-b68/urlBilingual vs /fr/Antioxydants-c62/A-Vogel-b54/Boiron-b61/Clef-des-champs-b26/Le-Tournesol-ANB-b64/Meditrina-b68. Lang:fr
02:53:41 Listing url is not the same: /fr/Antioxydants-c62/A-Vogel-b54/Boiron-b61/Le-Tournesol-ANB-b64/Natural-Factors-b71/p.Url vs /fr/Antioxydants-c62/A-Vogel-b54/Boiron-b61/Le-Tournesol-ANB-b64/Natural-Factors-b71. Lang:fr
02:53:42 Listing url is not the same: /fr/Boiron-b61/Clef-des-champs-b26/Druide-b63/Le-Tournesol-ANB-b64/Meditrina-b68/Merveilles-d-Abeilles-b69/addressLink vs /fr/Boiron-b61/Clef-des-champs-b26/Druide-b63/Le-Tournesol-ANB-b64/Meditrina-b68/Merveilles-d-Abeilles-b69. Lang:fr
02:53:44 Listing url is not the same: /fr/Chandelles-c70/Boiron-b61/Druide-b63/Le-Tournesol-ANB-b64/Merveilles-d-Abeilles-b69/cat.Url vs /fr/Chandelles-c70/Boiron-b61/Druide-b63/Le-Tournesol-ANB-b64/Merveilles-d-Abeilles-b69. Lang:fr
02:57:43 Listing url is not the same: /fr/Cosmetique-parfum-et-deodorant-c60/A-Vogel-b54/Boiron-b61/Nature-Clean-b72/cat.Url vs /fr/Cosmetique-parfum-et-deodorant-c60/A-Vogel-b54/Boiron-b61/Nature-Clean-b72. Lang:fr
02:57:45 Listing url is not the same: /fr/Cosmetique-parfum-et-deodorant-c60/Druide-b63/Le-Tournesol-ANB-b64/Meditrina-b68/Natural-Factors-b71/brand.Url vs /fr/Cosmetique-parfum-et-deodorant-c60/Druide-b63/Le-Tournesol-ANB-b64/Meditrina-b68/Natural-Factors-b71. Lang:fr
02:57:46 Listing url is not the same: /fr/Huiles-magiques-de-wicca-c65/A-Vogel-b54/Druide-b63/Le-Tournesol-ANB-b64/Natural-Factors-b71/brand.Url vs /fr/Huiles-magiques-de-wicca-c65/A-Vogel-b54/Druide-b63/Le-Tournesol-ANB-b64/Natural-Factors-b71. Lang:fr
02:57:48 Listing url is not the same: /fr/Huiles-magiques-de-wicca-c65/Boiron-b61/Druide-b63/Natural-Factors-b71/p.Url vs /fr/Huiles-magiques-de-wicca-c65/Boiron-b61/Druide-b63/Natural-Factors-b71. Lang:fr
02:57:50 Listing url is not the same: /fr/Huiles-magiques-de-wicca-c65/Druide-b63/Le-Tournesol-ANB-b64/Meditrina-b68/Natural-Factors-b71/p.UrlBrand vs /fr/Huiles-magiques-de-wicca-c65/Druide-b63/Le-Tournesol-ANB-b64/Meditrina-b68/Natural-Factors-b71. Lang:fr
03:48:09 Listing url is not the same: /fr/Fatigue-c99/Boiron-b61/Clef-des-champs-b26/subcat.Url vs /fr/Fatigue-c99/Boiron-b61/Clef-des-champs-b26. Lang:fr
03:48:11 Listing url is not the same: /fr/Inflammation-c98/Clef-des-champs-b26/Druide-b63/p.Url vs /fr/Inflammation-c98/Clef-des-champs-b26/Druide-b63. Lang:fr
03:48:13 Listing url is not the same: /fr/Nettoyage-c73/Clef-des-champs-b26/Meditrina-b68/Natural-Factors-b71/p.UrlBrand vs /fr/Nettoyage-c73/Clef-des-champs-b26/Meditrina-b68/Natural-Factors-b71. Lang:fr
03:48:14 Listing url is not the same: /fr/Sante-des-femmes-c100/Clef-des-champs-b26/Druide-b63/Meditrina-b68/p.Url vs /fr/Sante-des-femmes-c100/Clef-des-champs-b26/Druide-b63/Meditrina-b68. Lang:fr
03:49:53 Listing url is not the same: /fr/Detox-Digestion-c87/Clef-des-champs-b26/Natural-Factors-b71/addressLink vs /fr/Detox-Digestion-c87/Clef-des-champs-b26/Natural-Factors-b71. Lang:fr
03:50:26 Listing url is not the same: /fr/Rhume-grippe-voie-respiratoire-c57/A-Vogel-b54/Clef-des-champs-b26/Druide-b63/Le-Tournesol-ANB-b64/Meditrina-b68/brand.Url vs /fr/Rhume-grippe-voie-respiratoire-c57/A-Vogel-b54/Clef-des-champs-b26/Druide-b63/Le-Tournesol-ANB-b64/Meditrina-b68. Lang:fr
03:50:39 Listing url is not the same: /fr/Sante-des-femmes-c100/Clef-des-champs-b26/Meditrina-b68/Merveilles-d-Abeilles-b69/brand.Url vs /fr/Sante-des-femmes-c100/Clef-des-champs-b26/Meditrina-b68/Merveilles-d-Abeilles-b69. Lang:fr
03:50:45 Listing url is not the same: /fr/Systeme-immunitaire-c93/Clef-des-champs-b26/Druide-b63/brand.Url vs /fr/Systeme-immunitaire-c93/Clef-des-champs-b26/Druide-b63. Lang:fr
03:55:29 Listing url is not the same: /fr/Allergies-c55/A-Vogel-b54/Clef-des-champs-b26/Meditrina-b68/Natural-Factors-b71/p.Url vs /fr/Allergies-c55/A-Vogel-b54/Clef-des-champs-b26/Meditrina-b68/Natural-Factors-b71. Lang:fr
03:55:31 Listing url is not the same: /fr/Antioxydants-c62/Boiron-b61/Druide-b63/Le-Tournesol-ANB-b64/Natural-Factors-b71/cat.Url vs /fr/Antioxydants-c62/Boiron-b61/Druide-b63/Le-Tournesol-ANB-b64/Natural-Factors-b71. Lang:fr
03:55:43 Listing url is not the same: /fr/Boiron-b61/Druide-b63/Le-Tournesol-ANB-b64/Meditrina-b68/Natural-Factors-b71/subcat.Url vs /fr/Boiron-b61/Druide-b63/Le-Tournesol-ANB-b64/Meditrina-b68/Natural-Factors-b71. Lang:fr
03:55:50 Listing url is not the same: /fr/Chandelles-c70/Boiron-b61/Meditrina-b68/Merveilles-d-Abeilles-b69/Natural-Factors-b71/p.UrlBrand vs /fr/Chandelles-c70/Boiron-b61/Meditrina-b68/Merveilles-d-Abeilles-b69/Natural-Factors-b71. Lang:fr
04:43:48 Listing url is not the same: /fr/Detox-Digestion-c87/A-Vogel-b54/Clef-des-champs-b26/Druide-b63/urlBilingual vs /fr/Detox-Digestion-c87/A-Vogel-b54/Clef-des-champs-b26/Druide-b63. Lang:fr
04:44:20 Listing url is not the same: /fr/Systeme-immunitaire-c93/A-Vogel-b54/cat.Url vs /fr/Systeme-immunitaire-c93/A-Vogel-b54. Lang:fr
04:44:29 Listing url is not the same: /fr/Chandelles-c70/Boiron-b61/Druide-b63/Meditrina-b68/promotion.Url vs /fr/Chandelles-c70/Boiron-b61/Druide-b63/Meditrina-b68. Lang:fr
04:44:36 Listing url is not the same: /fr/Detox-Digestion-c87/Clef-des-champs-b26/Meditrina-b68/p.Url vs /fr/Detox-Digestion-c87/Clef-des-champs-b26/Meditrina-b68. Lang:fr
04:45:01 Listing url is not the same: /fr/Sante-des-femmes-c100/Meditrina-b68/urlBilingual vs /fr/Sante-des-femmes-c100/Meditrina-b68. Lang:fr
04:49:14 Listing url is not the same: /fr/Fatigue-c99/Boiron-b61/Clef-des-champs-b26/p.UrlBrand vs /fr/Fatigue-c99/Boiron-b61/Clef-des-champs-b26. Lang:fr
04:49:20 Listing url is not the same: /fr/Huiles-magiques-de-wicca-c65/A-Vogel-b54/Druide-b63/Merveilles-d-Abeilles-b69/b.Url vs /fr/Huiles-magiques-de-wicca-c65/A-Vogel-b54/Druide-b63/Merveilles-d-Abeilles-b69. Lang:fr
04:49:23 Listing url is not the same: /fr/Nettoyage-c73/Druide-b63/Le-Tournesol-ANB-b64/Merveilles-d-Abeilles-b69/p.UrlBrand vs /fr/Nettoyage-c73/Druide-b63/Le-Tournesol-ANB-b64/Merveilles-d-Abeilles-b69. Lang:fr
04:52:34 Listing url is not the same: /fr/A-Vogel-b54/Clef-des-champs-b26/Druide-b63/Meditrina-b68/Merveilles-d-Abeilles-b69/addressLink vs /fr/A-Vogel-b54/Clef-des-champs-b26/Druide-b63/Meditrina-b68/Merveilles-d-Abeilles-b69. Lang:fr
04:52:50 Listing url is not the same: /fr/Antioxydants-c62/Clef-des-champs-b26/Druide-b63/Le-Tournesol-ANB-b64/Merveilles-d-Abeilles-b69/addressLink vs /fr/Antioxydants-c62/Clef-des-champs-b26/Druide-b63/Le-Tournesol-ANB-b64/Merveilles-d-Abeilles-b69. Lang:fr
04:52:55 Listing url is not the same: /fr/Concentration-memoire-migraine-c56/A-Vogel-b54/Clef-des-champs-b26/Druide-b63/Meditrina-b68/addressLink vs /fr/Concentration-memoire-migraine-c56/A-Vogel-b54/Clef-des-champs-b26/Druide-b63/Meditrina-b68. Lang:fr
04:52:59 Listing url is not the same: /fr/Cosmetique-parfum-et-deodorant-c60/A-Vogel-b54/Boiron-b61/Druide-b63/Merveilles-d-Abeilles-b69/addressLink vs /fr/Cosmetique-parfum-et-deodorant-c60/A-Vogel-b54/Boiron-b61/Druide-b63/Merveilles-d-Abeilles-b69. Lang:fr
04:53:02 Listing url is not the same: /fr/Cosmetique-parfum-et-deodorant-c60/Boiron-b61/Clef-des-champs-b26/Druide-b63/Merveilles-d-Abeilles-b69/urlBilingual vs /fr/Cosmetique-parfum-et-deodorant-c60/Boiron-b61/Clef-des-champs-b26/Druide-b63/Merveilles-d-Abeilles-b69. Lang:fr
04:53:05 Listing url is not the same: /fr/Cosmetique-parfum-et-deodorant-c60/Boiron-b61/Clef-des-champs-b26/Le-Tournesol-ANB-b64/p.Url vs /fr/Cosmetique-parfum-et-deodorant-c60/Boiron-b61/Clef-des-champs-b26/Le-Tournesol-ANB-b64. Lang:fr
04:53:07 Listing url is not the same: /fr/Cosmetique-parfum-et-deodorant-c60/Meditrina-b68/Nature-Clean-b72/subcat.Url vs /fr/Cosmetique-parfum-et-deodorant-c60/Meditrina-b68/Nature-Clean-b72. Lang:fr
04:53:12 Listing url is not the same: /fr/Huiles-magiques-de-wicca-c65/A-Vogel-b54/Clef-des-champs-b26/Le-Tournesol-ANB-b64/Merveilles-d-Abeilles-b69/b.Url vs /fr/Huiles-magiques-de-wicca-c65/A-Vogel-b54/Clef-des-champs-b26/Le-Tournesol-ANB-b64/Merveilles-d-Abeilles-b69. Lang:fr
04:53:14 Listing url is not the same: /fr/Huiles-magiques-de-wicca-c65/A-Vogel-b54/Clef-des-champs-b26/Le-Tournesol-ANB-b64/Merveilles-d-Abeilles-b69/cat.Url vs /fr/Huiles-magiques-de-wicca-c65/A-Vogel-b54/Clef-des-champs-b26/Le-Tournesol-ANB-b64/Merveilles-d-Abeilles-b69. Lang:fr
04:53:28 Listing url is not the same: /fr/Inflammation-c98/Clef-des-champs-b26/Natural-Factors-b71/addressLink vs /fr/Inflammation-c98/Clef-des-champs-b26/Natural-Factors-b71. Lang:fr
04:53:37 Listing url is not the same: /fr/Rhume-grippe-voie-respiratoire-c57/A-Vogel-b54/Boiron-b61/Le-Tournesol-ANB-b64/Merveilles-d-Abeilles-b69/p.UrlBrand vs /fr/Rhume-grippe-voie-respiratoire-c57/A-Vogel-b54/Boiron-b61/Le-Tournesol-ANB-b64/Merveilles-d-Abeilles-b69. Lang:fr
04:53:44 Listing url is not the same: /fr/Sante-des-femmes-c100/A-Vogel-b54/Clef-des-champs-b26/p.UrlBrand vs /fr/Sante-des-femmes-c100/A-Vogel-b54/Clef-des-champs-b26. Lang:fr
05:40:34 Listing url is not the same: /fr/Fatigue-c99/p.UrlBrand vs /fr/Fatigue-c99. Lang:fr
05:41:13 Listing url is not the same: /fr/Detox-Digestion-c87/A-Vogel-b54/Clef-des-champs-b26/Druide-b63/b.Url vs /fr/Detox-Digestion-c87/A-Vogel-b54/Clef-des-champs-b26/Druide-b63. Lang:fr
05:43:02 Listing url is not the same: /fr/Detox-Digestion-c87/Boiron-b61/Clef-des-champs-b26/Meditrina-b68/p.UrlBrand vs /fr/Detox-Digestion-c87/Boiron-b61/Clef-des-champs-b26/Meditrina-b68. Lang:fr
05:43:09 Listing url is not the same: /fr/Inflammation-c98/Boiron-b61/Clef-des-champs-b26/Druide-b63/promotion.Url vs /fr/Inflammation-c98/Boiron-b61/Clef-des-champs-b26/Druide-b63. Lang:fr
05:43:15 Listing url is not the same: /fr/Nettoyage-c73/Druide-b63/Le-Tournesol-ANB-b64/Merveilles-d-Abeilles-b69/b.Url vs /fr/Nettoyage-c73/Druide-b63/Le-Tournesol-ANB-b64/Merveilles-d-Abeilles-b69. Lang:fr
05:43:25 Listing url is not the same: /fr/Sante-des-enfants-c108/Boiron-b61/Clef-des-champs-b26/Meditrina-b68/subcat.Url vs /fr/Sante-des-enfants-c108/Boiron-b61/Clef-des-champs-b26/Meditrina-b68. Lang:fr
05:44:06 Listing url is not the same: /fr/Nettoyage-c73/Clef-des-champs-b26/Merveilles-d-Abeilles-b69/Natural-Factors-b71/p.Url vs /fr/Nettoyage-c73/Clef-des-champs-b26/Merveilles-d-Abeilles-b69/Natural-Factors-b71. Lang:fr
05:44:08 Listing url is not the same: /fr/Rhume-grippe-voie-respiratoire-c57/Le-Tournesol-ANB-b64/Meditrina-b68/Natural-Factors-b71/promotion.Url vs /fr/Rhume-grippe-voie-respiratoire-c57/Le-Tournesol-ANB-b64/Meditrina-b68/Natural-Factors-b71. Lang:fr
05:44:10 Listing url is not the same: /fr/Stress-c97/Clef-des-champs-b26/Natural-Factors-b71/b.Url vs /fr/Stress-c97/Clef-des-champs-b26/Natural-Factors-b71. Lang:fr
05:44:11 Listing url is not the same: /fr/Systeme-immunitaire-c93/Clef-des-champs-b26/Druide-b63/cat.Url vs /fr/Systeme-immunitaire-c93/Clef-des-champs-b26/Druide-b63. Lang:fr
05:49:57 Listing url is not the same: /fr/Allergies-c55/Clef-des-champs-b26/Meditrina-b68/Nature-Clean-b72/b.Url vs /fr/Allergies-c55/Clef-des-champs-b26/Meditrina-b68/Nature-Clean-b72. Lang:fr
05:49:58 Listing url is not the same: /fr/Chandelles-c70/Clef-des-champs-b26/Le-Tournesol-ANB-b64/Meditrina-b68/addressLink vs /fr/Chandelles-c70/Clef-des-champs-b26/Le-Tournesol-ANB-b64/Meditrina-b68. Lang:fr
05:50:03 Listing url is not the same: /fr/Cosmetique-parfum-et-deodorant-c60/A-Vogel-b54/Druide-b63/Meditrina-b68/Natural-Factors-b71/urlBilingual vs /fr/Cosmetique-parfum-et-deodorant-c60/A-Vogel-b54/Druide-b63/Meditrina-b68/Natural-Factors-b71. Lang:fr
05:50:24 Listing url is not the same: /fr/Rhume-grippe-voie-respiratoire-c57/Clef-des-champs-b26/Le-Tournesol-ANB-b64/Meditrina-b68/Merveilles-d-Abeilles-b69/cat.Url vs /fr/Rhume-grippe-voie-respiratoire-c57/Clef-des-champs-b26/Le-Tournesol-ANB-b64/Meditrina-b68/Merveilles-d-Abeilles-b69. Lang:fr
05:50:36 Listing url is not the same: /fr/Sante-des-femmes-c100/A-Vogel-b54/Boiron-b61/Clef-des-champs-b26/brand.Url vs /fr/Sante-des-femmes-c100/A-Vogel-b54/Boiron-b61/Clef-des-champs-b26. Lang:fr
05:50:43 Listing url is not the same: /fr/Sante-des-femmes-c100/A-Vogel-b54/Boiron-b61/Clef-des-champs-b26/p.UrlBrand vs /fr/Sante-des-femmes-c100/A-Vogel-b54/Boiron-b61/Clef-des-champs-b26. Lang:fr
05:50:55 Listing url is not the same: /fr/Stress-c97/A-Vogel-b54/Boiron-b61/Le-Tournesol-ANB-b64/b.Url vs /fr/Stress-c97/A-Vogel-b54/Boiron-b61/Le-Tournesol-ANB-b64. Lang:fr
05:51:00 Listing url is not the same: /fr/Systeme-immunitaire-c93/A-Vogel-b54/Boiron-b61/Meditrina-b68/urlBilingual vs /fr/Systeme-immunitaire-c93/A-Vogel-b54/Boiron-b61/Meditrina-b68. Lang:fr
05:53:17 Listing url is not the same: /fr/Cosmetique-parfum-et-deodorant-c60/Le-Tournesol-ANB-b64/Meditrina-b68/Merveilles-d-Abeilles-b69/b.Url vs /fr/Cosmetique-parfum-et-deodorant-c60/Le-Tournesol-ANB-b64/Meditrina-b68/Merveilles-d-Abeilles-b69. Lang:fr
05:53:20 Listing url is not the same: /fr/Huiles-magiques-de-wicca-c65/A-Vogel-b54/Clef-des-champs-b26/Natural-Factors-b71/brand.Url vs /fr/Huiles-magiques-de-wicca-c65/A-Vogel-b54/Clef-des-champs-b26/Natural-Factors-b71. Lang:fr
05:53:23 Listing url is not the same: /fr/Huiles-magiques-de-wicca-c65/A-Vogel-b54/Merveilles-d-Abeilles-b69/Nature-Clean-b72/p.UrlBrand vs /fr/Huiles-magiques-de-wicca-c65/A-Vogel-b54/Merveilles-d-Abeilles-b69/Nature-Clean-b72. Lang:fr
06:39:52 Listing url is not the same: /fr/Systeme-immunitaire-c93/Boiron-b61/b.Url vs /fr/Systeme-immunitaire-c93/Boiron-b61. Lang:fr
06:42:11 Listing url is not the same: /fr/Sante-des-femmes-c100/Clef-des-champs-b26/Druide-b63/Meditrina-b68/brand.Url vs /fr/Sante-des-femmes-c100/Clef-des-champs-b26/Druide-b63/Meditrina-b68. Lang:fr
06:43:01 Listing url is not the same: /fr/Cosmetique-parfum-et-deodorant-c60/Clef-des-champs-b26/Druide-b63/Meditrina-b68/Merveilles-d-Abeilles-b69/brand.Url vs /fr/Cosmetique-parfum-et-deodorant-c60/Clef-des-champs-b26/Druide-b63/Meditrina-b68/Merveilles-d-Abeilles-b69. Lang:fr
06:43:06 Listing url is not the same: /fr/Rhume-grippe-voie-respiratoire-c57/A-Vogel-b54/Boiron-b61/Clef-des-champs-b26/Druide-b63/Le-Tournesol-ANB-b64/brand.Url vs /fr/Rhume-grippe-voie-respiratoire-c57/A-Vogel-b54/Boiron-b61/Clef-des-champs-b26/Druide-b63/Le-Tournesol-ANB-b64. Lang:fr
06:43:10 Listing url is not the same: /fr/Rhume-grippe-voie-respiratoire-c57/A-Vogel-b54/Boiron-b61/Clef-des-champs-b26/Druide-b63/Le-Tournesol-ANB-b64/promotion.Url vs /fr/Rhume-grippe-voie-respiratoire-c57/A-Vogel-b54/Boiron-b61/Clef-des-champs-b26/Druide-b63/Le-Tournesol-ANB-b64. Lang:fr
06:43:13 Listing url is not the same: /fr/Rhume-grippe-voie-respiratoire-c57/A-Vogel-b54/Boiron-b61/Clef-des-champs-b26/Druide-b63/Le-Tournesol-ANB-b64/subcat.Url vs /fr/Rhume-grippe-voie-respiratoire-c57/A-Vogel-b54/Boiron-b61/Clef-des-champs-b26/Druide-b63/Le-Tournesol-ANB-b64. Lang:fr
06:43:15 Listing url is not the same: /fr/Rhume-grippe-voie-respiratoire-c57/Clef-des-champs-b26/Druide-b63/Meditrina-b68/Merveilles-d-Abeilles-b69/p.UrlBrand vs /fr/Rhume-grippe-voie-respiratoire-c57/Clef-des-champs-b26/Druide-b63/Meditrina-b68/Merveilles-d-Abeilles-b69. Lang:fr
06:46:30 Listing url is not the same: /fr/Allergies-c55/A-Vogel-b54/Boiron-b61/Clef-des-champs-b26/Le-Tournesol-ANB-b64/Merveilles-d-Abeilles-b69/b.Url vs /fr/Allergies-c55/A-Vogel-b54/Boiron-b61/Clef-des-champs-b26/Le-Tournesol-ANB-b64/Merveilles-d-Abeilles-b69. Lang:fr
06:46:32 Listing url is not the same: /fr/Boiron-b61/Druide-b63/Le-Tournesol-ANB-b64/Meditrina-b68/Natural-Factors-b71/cat.Url vs /fr/Boiron-b61/Druide-b63/Le-Tournesol-ANB-b64/Meditrina-b68/Natural-Factors-b71. Lang:fr
06:49:47 Listing url is not the same: /fr/Antioxydants-c62/Boiron-b61/Le-Tournesol-ANB-b64/Nature-Clean-b72/b.Url vs /fr/Antioxydants-c62/Boiron-b61/Le-Tournesol-ANB-b64/Nature-Clean-b72. Lang:fr
06:49:53 Listing url is not the same: /fr/Inflammation-c98/Clef-des-champs-b26/Le-Tournesol-ANB-b64/Meditrina-b68/p.UrlBrand vs /fr/Inflammation-c98/Clef-des-champs-b26/Le-Tournesol-ANB-b64/Meditrina-b68. Lang:fr
06:49:56 Listing url is not the same: /fr/Nettoyage-c73/Boiron-b61/Meditrina-b68/Merveilles-d-Abeilles-b69/cat.Url vs /fr/Nettoyage-c73/Boiron-b61/Meditrina-b68/Merveilles-d-Abeilles-b69. Lang:fr
06:49:58 Listing url is not the same: /fr/Rhume-grippe-voie-respiratoire-c57/Clef-des-champs-b26/Druide-b63/Meditrina-b68/Natural-Factors-b71/subcat.Url vs /fr/Rhume-grippe-voie-respiratoire-c57/Clef-des-champs-b26/Druide-b63/Meditrina-b68/Natural-Factors-b71. Lang:fr
06:53:06 Listing url is not the same: /fr/Allergies-c55/Clef-des-champs-b26/Merveilles-d-Abeilles-b69/Natural-Factors-b71/subcat.Url vs /fr/Allergies-c55/Clef-des-champs-b26/Merveilles-d-Abeilles-b69/Natural-Factors-b71. Lang:fr
06:53:11 Listing url is not the same: /fr/Cosmetique-parfum-et-deodorant-c60/A-Vogel-b54/Le-Tournesol-ANB-b64/Nature-Clean-b72/addressLink vs /fr/Cosmetique-parfum-et-deodorant-c60/A-Vogel-b54/Le-Tournesol-ANB-b64/Nature-Clean-b72. Lang:fr
06:53:14 Listing url is not the same: /fr/Huiles-magiques-de-wicca-c65/A-Vogel-b54/Clef-des-champs-b26/Merveilles-d-Abeilles-b69/brand.Url vs /fr/Huiles-magiques-de-wicca-c65/A-Vogel-b54/Clef-des-champs-b26/Merveilles-d-Abeilles-b69. Lang:fr
06:53:16 Listing url is not the same: /fr/Huiles-magiques-de-wicca-c65/A-Vogel-b54/Clef-des-champs-b26/Natural-Factors-b71/p.Url vs /fr/Huiles-magiques-de-wicca-c65/A-Vogel-b54/Clef-des-champs-b26/Natural-Factors-b71. Lang:fr
06:53:18 Listing url is not the same: /fr/Huiles-magiques-de-wicca-c65/A-Vogel-b54/Meditrina-b68/Natural-Factors-b71/subcat.Url vs /fr/Huiles-magiques-de-wicca-c65/A-Vogel-b54/Meditrina-b68/Natural-Factors-b71. Lang:fr
06:53:19 Listing url is not the same: /fr/Rhume-grippe-voie-respiratoire-c57/Le-Tournesol-ANB-b64/Merveilles-d-Abeilles-b69/Nature-Clean-b72/urlBilingual vs /fr/Rhume-grippe-voie-respiratoire-c57/Le-Tournesol-ANB-b64/Merveilles-d-Abeilles-b69/Nature-Clean-b72. Lang:fr
07:37:49 Listing url is not the same: /fr/Detox-Digestion-c87/A-Vogel-b54/Clef-des-champs-b26/Druide-b63/promotion.Url vs /fr/Detox-Digestion-c87/A-Vogel-b54/Clef-des-champs-b26/Druide-b63. Lang:fr
07:38:12 Listing url is not the same: /fr/Cosmetique-parfum-et-deodorant-c60/A-Vogel-b54/Anokian-b58/p.Url vs /fr/Cosmetique-parfum-et-deodorant-c60/A-Vogel-b54/Anokian-b58. Lang:fr
07:38:18 Listing url is not the same: /fr/Huiles-magiques-de-wicca-c65/Boiron-b61/Druide-b63/Meditrina-b68/p.Url vs /fr/Huiles-magiques-de-wicca-c65/Boiron-b61/Druide-b63/Meditrina-b68. Lang:fr
07:38:19 Listing url is not the same: /fr/Sante-des-enfants-c108/A-Vogel-b54/Clef-des-champs-b26/brand.Url vs /fr/Sante-des-enfants-c108/A-Vogel-b54/Clef-des-champs-b26. Lang:fr
07:39:15 Listing url is not the same: /fr/Chandelles-c70/Boiron-b61/Druide-b63/Meditrina-b68/Merveilles-d-Abeilles-b69/brand.Url vs /fr/Chandelles-c70/Boiron-b61/Druide-b63/Meditrina-b68/Merveilles-d-Abeilles-b69. Lang:fr
07:39:45 Listing url is not the same: /fr/Detox-Digestion-c87/Boiron-b61/Clef-des-champs-b26/Druide-b63/p.Url vs /fr/Detox-Digestion-c87/Boiron-b61/Clef-des-champs-b26/Druide-b63. Lang:fr
07:40:18 Listing url is not the same: /fr/Fatigue-c99/Clef-des-champs-b26/Meditrina-b68/Merveilles-d-Abeilles-b69/p.Url vs /fr/Fatigue-c99/Clef-des-champs-b26/Meditrina-b68/Merveilles-d-Abeilles-b69. Lang:fr
07:40:46 Listing url is not the same: /fr/Systeme-immunitaire-c93/Boiron-b61/Clef-des-champs-b26/Druide-b63/b.Url vs /fr/Systeme-immunitaire-c93/Boiron-b61/Clef-des-champs-b26/Druide-b63. Lang:fr
07:41:14 Listing url is not the same: /fr/Systeme-immunitaire-c93/Boiron-b61/Clef-des-champs-b26/Druide-b63/subcat.Url vs /fr/Systeme-immunitaire-c93/Boiron-b61/Clef-des-champs-b26/Druide-b63. Lang:fr
07:41:40 Listing url is not the same: /fr/Chandelles-c70/Clef-des-champs-b26/Le-Tournesol-ANB-b64/Natural-Factors-b71/brand.Url vs /fr/Chandelles-c70/Clef-des-champs-b26/Le-Tournesol-ANB-b64/Natural-Factors-b71. Lang:fr
07:42:31 Listing url is not the same: /fr/Fatigue-c99/Clef-des-champs-b26/Meditrina-b68/p.UrlBrand vs /fr/Fatigue-c99/Clef-des-champs-b26/Meditrina-b68. Lang:fr
07:44:25 Listing url is not the same: /fr/Systeme-immunitaire-c93/Clef-des-champs-b26/Meditrina-b68/Merveilles-d-Abeilles-b69/subcat.Url vs /fr/Systeme-immunitaire-c93/Clef-des-champs-b26/Meditrina-b68/Merveilles-d-Abeilles-b69. Lang:fr
07:45:37 Listing url is not the same: /fr/Boiron-b61/Druide-b63/Meditrina-b68/Merveilles-d-Abeilles-b69/Natural-Factors-b71/urlBilingual vs /fr/Boiron-b61/Druide-b63/Meditrina-b68/Merveilles-d-Abeilles-b69/Natural-Factors-b71. Lang:fr
07:45:51 Listing url is not the same: /fr/Clef-des-champs-b26/Druide-b63/Le-Tournesol-ANB-b64/Meditrina-b68/Natural-Factors-b71/subcat.Url vs /fr/Clef-des-champs-b26/Druide-b63/Le-Tournesol-ANB-b64/Meditrina-b68/Natural-Factors-b71. Lang:fr
07:48:03 Listing url is not the same: /fr/Antioxydants-c62/A-Vogel-b54/Anokian-b58/Clef-des-champs-b26/subcat.Url vs /fr/Antioxydants-c62/A-Vogel-b54/Anokian-b58/Clef-des-champs-b26. Lang:fr
07:48:41 Listing url is not the same: /fr/Chandelles-c70/Boiron-b61/Le-Tournesol-ANB-b64/Natural-Factors-b71/addressLink vs /fr/Chandelles-c70/Boiron-b61/Le-Tournesol-ANB-b64/Natural-Factors-b71. Lang:fr
07:48:50 Listing url is not the same: /fr/Chandelles-c70/Boiron-b61/Le-Tournesol-ANB-b64/Nature-Clean-b72/addressLink vs /fr/Chandelles-c70/Boiron-b61/Le-Tournesol-ANB-b64/Nature-Clean-b72. Lang:fr
07:48:58 Listing url is not the same: /fr/Chandelles-c70/Boiron-b61/Le-Tournesol-ANB-b64/Nature-Clean-b72/brand.Url vs /fr/Chandelles-c70/Boiron-b61/Le-Tournesol-ANB-b64/Nature-Clean-b72. Lang:fr
07:49:06 Listing url is not the same: /fr/Chandelles-c70/Clef-des-champs-b26/Druide-b63/Meditrina-b68/p.UrlBrand vs /fr/Chandelles-c70/Clef-des-champs-b26/Druide-b63/Meditrina-b68. Lang:fr
07:49:13 Listing url is not the same: /fr/Chandelles-c70/Clef-des-champs-b26/Druide-b63/Natural-Factors-b71/p.UrlBrand vs /fr/Chandelles-c70/Clef-des-champs-b26/Druide-b63/Natural-Factors-b71. Lang:fr
07:49:18 Listing url is not the same: /fr/Chandelles-c70/Druide-b63/Le-Tournesol-ANB-b64/Meditrina-b68/addressLink vs /fr/Chandelles-c70/Druide-b63/Le-Tournesol-ANB-b64/Meditrina-b68. Lang:fr
07:49:23 Listing url is not the same: /fr/Chandelles-c70/Le-Tournesol-ANB-b64/Meditrina-b68/Merveilles-d-Abeilles-b69/Natural-Factors-b71/addressLink vs /fr/Chandelles-c70/Le-Tournesol-ANB-b64/Meditrina-b68/Merveilles-d-Abeilles-b69/Natural-Factors-b71. Lang:fr
07:49:27 Listing url is not the same: /fr/Concentration-memoire-migraine-c56/Boiron-b61/Clef-des-champs-b26/Druide-b63/Meditrina-b68/urlBilingual vs /fr/Concentration-memoire-migraine-c56/Boiron-b61/Clef-des-champs-b26/Druide-b63/Meditrina-b68. Lang:fr
07:49:31 Listing url is not the same: /fr/Concentration-memoire-migraine-c56/Clef-des-champs-b26/Druide-b63/Meditrina-b68/Natural-Factors-b71/brand.Url vs /fr/Concentration-memoire-migraine-c56/Clef-des-champs-b26/Druide-b63/Meditrina-b68/Natural-Factors-b71. Lang:fr
07:49:34 Listing url is not the same: /fr/Cosmetique-parfum-et-deodorant-c60/Clef-des-champs-b26/Druide-b63/Merveilles-d-Abeilles-b69/Natural-Factors-b71/b.Url vs /fr/Cosmetique-parfum-et-deodorant-c60/Clef-des-champs-b26/Druide-b63/Merveilles-d-Abeilles-b69/Natural-Factors-b71. Lang:fr
07:49:36 Listing url is not the same: /fr/Huiles-magiques-de-wicca-c65/Boiron-b61/Druide-b63/Natural-Factors-b71/cat.Url vs /fr/Huiles-magiques-de-wicca-c65/Boiron-b61/Druide-b63/Natural-Factors-b71. Lang:fr
07:49:38 Listing url is not the same: /fr/Huiles-magiques-de-wicca-c65/Clef-des-champs-b26/Le-Tournesol-ANB-b64/Meditrina-b68/Natural-Factors-b71/addressLink vs /fr/Huiles-magiques-de-wicca-c65/Clef-des-champs-b26/Le-Tournesol-ANB-b64/Meditrina-b68/Natural-Factors-b71. Lang:fr
07:49:41 Listing url is not the same: /fr/Huiles-magiques-de-wicca-c65/Druide-b63/Le-Tournesol-ANB-b64/Meditrina-b68/Merveilles-d-Abeilles-b69/urlBilingual vs /fr/Huiles-magiques-de-wicca-c65/Druide-b63/Le-Tournesol-ANB-b64/Meditrina-b68/Merveilles-d-Abeilles-b69. Lang:fr
07:49:43 Listing url is not the same: /fr/Inflammation-c98/A-Vogel-b54/Boiron-b61/Clef-des-champs-b26/addressLink vs /fr/Inflammation-c98/A-Vogel-b54/Boiron-b61/Clef-des-champs-b26. Lang:fr
07:49:44 Listing url is not the same: /fr/Inflammation-c98/A-Vogel-b54/Boiron-b61/Clef-des-champs-b26/urlBilingual vs /fr/Inflammation-c98/A-Vogel-b54/Boiron-b61/Clef-des-champs-b26. Lang:fr
07:49:47 Listing url is not the same: /fr/Nettoyage-c73/Druide-b63/Merveilles-d-Abeilles-b69/Natural-Factors-b71/subcat.Url vs /fr/Nettoyage-c73/Druide-b63/Merveilles-d-Abeilles-b69/Natural-Factors-b71. Lang:fr
07:49:49 Listing url is not the same: /fr/Rhume-grippe-voie-respiratoire-c57/A-Vogel-b54/Druide-b63/Meditrina-b68/Merveilles-d-Abeilles-b69/subcat.Url vs /fr/Rhume-grippe-voie-respiratoire-c57/A-Vogel-b54/Druide-b63/Meditrina-b68/Merveilles-d-Abeilles-b69. Lang:fr
07:49:56 Listing url is not the same: /fr/Rhume-grippe-voie-respiratoire-c57/Clef-des-champs-b26/Le-Tournesol-ANB-b64/Meditrina-b68/Natural-Factors-b71/urlBilingual vs /fr/Rhume-grippe-voie-respiratoire-c57/Clef-des-champs-b26/Le-Tournesol-ANB-b64/Meditrina-b68/Natural-Factors-b71. Lang:fr
07:52:15 Listing url is not the same: /fr/Cosmetique-parfum-et-deodorant-c60/Le-Tournesol-ANB-b64/Natural-Factors-b71/Nature-Clean-b72/b.Url vs /fr/Cosmetique-parfum-et-deodorant-c60/Le-Tournesol-ANB-b64/Natural-Factors-b71/Nature-Clean-b72. Lang:fr
08:33:56 Listing url is not the same: /fr/Detox-Digestion-c87/Druide-b63/p.UrlBrand vs /fr/Detox-Digestion-c87/Druide-b63. Lang:fr
08:34:03 Listing url is not the same: /fr/Sante-des-enfants-c108/Boiron-b61/addressLink vs /fr/Sante-des-enfants-c108/Boiron-b61. Lang:fr
08:34:37 Listing url is not the same: /fr/Cosmetique-parfum-et-deodorant-c60/A-Vogel-b54/Clef-des-champs-b26/Le-Tournesol-ANB-b64/promotion.Url vs /fr/Cosmetique-parfum-et-deodorant-c60/A-Vogel-b54/Clef-des-champs-b26/Le-Tournesol-ANB-b64. Lang:fr
08:34:54 Listing url is not the same: /fr/Fatigue-c99/A-Vogel-b54/Clef-des-champs-b26/Druide-b63/b.Url vs /fr/Fatigue-c99/A-Vogel-b54/Clef-des-champs-b26/Druide-b63. Lang:fr
08:35:20 Listing url is not the same: /fr/Detox-Digestion-c87/Le-Tournesol-ANB-b64/Meditrina-b68/promotion.Url vs /fr/Detox-Digestion-c87/Le-Tournesol-ANB-b64/Meditrina-b68. Lang:fr
08:36:24 Listing url is not the same: /fr/Nettoyage-c73/Le-Tournesol-ANB-b64/Meditrina-b68/Merveilles-d-Abeilles-b69/urlBilingual vs /fr/Nettoyage-c73/Le-Tournesol-ANB-b64/Meditrina-b68/Merveilles-d-Abeilles-b69. Lang:fr
08:39:00 Listing url is not the same: /fr/Boiron-b61/Druide-b63/Meditrina-b68/Merveilles-d-Abeilles-b69/Natural-Factors-b71/subcat.Url vs /fr/Boiron-b61/Druide-b63/Meditrina-b68/Merveilles-d-Abeilles-b69/Natural-Factors-b71. Lang:fr
08:43:51 Listing url is not the same: /fr/Allergies-c55/Merveilles-d-Abeilles-b69/Natural-Factors-b71/Nature-Clean-b72/p.Url vs /fr/Allergies-c55/Merveilles-d-Abeilles-b69/Natural-Factors-b71/Nature-Clean-b72. Lang:fr
08:43:55 Listing url is not the same: /fr/Antioxydants-c62/Boiron-b61/Le-Tournesol-ANB-b64/Nature-Clean-b72/cat.Url vs /fr/Antioxydants-c62/Boiron-b61/Le-Tournesol-ANB-b64/Nature-Clean-b72. Lang:fr
08:43:58 Listing url is not the same: /fr/Antioxydants-c62/Clef-des-champs-b26/Meditrina-b68/Merveilles-d-Abeilles-b69/Natural-Factors-b71/urlBilingual vs /fr/Antioxydants-c62/Clef-des-champs-b26/Meditrina-b68/Merveilles-d-Abeilles-b69/Natural-Factors-b71. Lang:fr
08:44:01 Listing url is not the same: /fr/Boiron-b61/Clef-des-champs-b26/Meditrina-b68/Merveilles-d-Abeilles-b69/Natural-Factors-b71/urlBilingual vs /fr/Boiron-b61/Clef-des-champs-b26/Meditrina-b68/Merveilles-d-Abeilles-b69/Natural-Factors-b71. Lang:fr
08:44:04 Listing url is not the same: /fr/Chandelles-c70/Boiron-b61/Clef-des-champs-b26/Merveilles-d-Abeilles-b69/Natural-Factors-b71/addressLink vs /fr/Chandelles-c70/Boiron-b61/Clef-des-champs-b26/Merveilles-d-Abeilles-b69/Natural-Factors-b71. Lang:fr
08:44:17 Listing url is not the same: /fr/Cosmetique-parfum-et-deodorant-c60/Anokian-b58/Boiron-b61/Meditrina-b68/brand.Url vs /fr/Cosmetique-parfum-et-deodorant-c60/Anokian-b58/Boiron-b61/Meditrina-b68. Lang:fr
08:44:24 Listing url is not the same: /fr/Nettoyage-c73/Boiron-b61/Clef-des-champs-b26/Merveilles-d-Abeilles-b69/b.Url vs /fr/Nettoyage-c73/Boiron-b61/Clef-des-champs-b26/Merveilles-d-Abeilles-b69. Lang:fr
08:44:30 Listing url is not the same: /fr/Rhume-grippe-voie-respiratoire-c57/A-Vogel-b54/Druide-b63/Meditrina-b68/Natural-Factors-b71/cat.Url vs /fr/Rhume-grippe-voie-respiratoire-c57/A-Vogel-b54/Druide-b63/Meditrina-b68/Natural-Factors-b71. Lang:fr
08:44:34 Listing url is not the same: /fr/Rhume-grippe-voie-respiratoire-c57/Boiron-b61/Clef-des-champs-b26/Druide-b63/Natural-Factors-b71/subcat.Url vs /fr/Rhume-grippe-voie-respiratoire-c57/Boiron-b61/Clef-des-champs-b26/Druide-b63/Natural-Factors-b71. Lang:fr
08:44:39 Listing url is not the same: /fr/Sante-des-enfants-c108/A-Vogel-b54/Clef-des-champs-b26/Druide-b63/subcat.Url vs /fr/Sante-des-enfants-c108/A-Vogel-b54/Clef-des-champs-b26/Druide-b63. Lang:fr
09:30:18 Listing url is not the same: /fr/Sante-des-femmes-c100/A-Vogel-b54/subcat.Url vs /fr/Sante-des-femmes-c100/A-Vogel-b54. Lang:fr
09:31:46 Listing url is not the same: /fr/Fatigue-c99/Boiron-b61/Clef-des-champs-b26/p.Url vs /fr/Fatigue-c99/Boiron-b61/Clef-des-champs-b26. Lang:fr
09:31:50 Listing url is not the same: /fr/Sante-des-femmes-c100/Boiron-b61/Druide-b63/p.Url vs /fr/Sante-des-femmes-c100/Boiron-b61/Druide-b63. Lang:fr
09:31:55 Listing url is not the same: /fr/Sante-des-femmes-c100/Boiron-b61/Druide-b63/p.UrlBrand vs /fr/Sante-des-femmes-c100/Boiron-b61/Druide-b63. Lang:fr
09:32:21 Listing url is not the same: /fr/Fatigue-c99/Clef-des-champs-b26/Meditrina-b68/Merveilles-d-Abeilles-b69/promotion.Url vs /fr/Fatigue-c99/Clef-des-champs-b26/Meditrina-b68/Merveilles-d-Abeilles-b69. Lang:fr
09:32:29 Listing url is not the same: /fr/Huiles-magiques-de-wicca-c65/Boiron-b61/Clef-des-champs-b26/Merveilles-d-Abeilles-b69/promotion.Url vs /fr/Huiles-magiques-de-wicca-c65/Boiron-b61/Clef-des-champs-b26/Merveilles-d-Abeilles-b69. Lang:fr
09:32:57 Listing url is not the same: /fr/Rhume-grippe-voie-respiratoire-c57/Druide-b63/Meditrina-b68/Merveilles-d-Abeilles-b69/addressLink vs /fr/Rhume-grippe-voie-respiratoire-c57/Druide-b63/Meditrina-b68/Merveilles-d-Abeilles-b69. Lang:fr
09:33:20 Listing url is not the same: /fr/Stress-c97/Clef-des-champs-b26/Natural-Factors-b71/addressLink vs /fr/Stress-c97/Clef-des-champs-b26/Natural-Factors-b71. Lang:fr
09:33:30 Listing url is not the same: /fr/Systeme-immunitaire-c93/Clef-des-champs-b26/Druide-b63/urlBilingual vs /fr/Systeme-immunitaire-c93/Clef-des-champs-b26/Druide-b63. Lang:fr
09:34:23 Listing url is not the same: /fr/Allergies-c55/A-Vogel-b54/Boiron-b61/Clef-des-champs-b26/Le-Tournesol-ANB-b64/Merveilles-d-Abeilles-b69/p.Url vs /fr/Allergies-c55/A-Vogel-b54/Boiron-b61/Clef-des-champs-b26/Le-Tournesol-ANB-b64/Merveilles-d-Abeilles-b69. Lang:fr
09:34:31 Listing url is not the same: /fr/Allergies-c55/A-Vogel-b54/Druide-b63/Meditrina-b68/Natural-Factors-b71/p.UrlBrand vs /fr/Allergies-c55/A-Vogel-b54/Druide-b63/Meditrina-b68/Natural-Factors-b71. Lang:fr
09:34:39 Listing url is not the same: /fr/Allergies-c55/Boiron-b61/Druide-b63/Le-Tournesol-ANB-b64/Merveilles-d-Abeilles-b69/addressLink vs /fr/Allergies-c55/Boiron-b61/Druide-b63/Le-Tournesol-ANB-b64/Merveilles-d-Abeilles-b69. Lang:fr
09:34:44 Listing url is not the same: /fr/Antioxydants-c62/Boiron-b61/Clef-des-champs-b26/Le-Tournesol-ANB-b64/Meditrina-b68/Merveilles-d-Abeilles-b69/subcat.Url vs /fr/Antioxydants-c62/Boiron-b61/Clef-des-champs-b26/Le-Tournesol-ANB-b64/Meditrina-b68/Merveilles-d-Abeilles-b69. Lang:fr
09:35:12 Listing url is not the same: /fr/Rhume-grippe-voie-respiratoire-c57/A-Vogel-b54/Boiron-b61/Clef-des-champs-b26/Druide-b63/Meditrina-b68/subcat.Url vs /fr/Rhume-grippe-voie-respiratoire-c57/A-Vogel-b54/Boiron-b61/Clef-des-champs-b26/Druide-b63/Meditrina-b68. Lang:fr
09:38:11 Listing url is not the same: /fr/Chandelles-c70/Druide-b63/Meditrina-b68/Natural-Factors-b71/b.Url vs /fr/Chandelles-c70/Druide-b63/Meditrina-b68/Natural-Factors-b71. Lang:fr
09:38:15 Listing url is not the same: /fr/Chandelles-c70/Druide-b63/Natural-Factors-b71/Nature-Clean-b72/subcat.Url vs /fr/Chandelles-c70/Druide-b63/Natural-Factors-b71/Nature-Clean-b72. Lang:fr
09:38:28 Listing url is not the same: /fr/Nettoyage-c73/A-Vogel-b54/Clef-des-champs-b26/Natural-Factors-b71/urlBilingual vs /fr/Nettoyage-c73/A-Vogel-b54/Clef-des-champs-b26/Natural-Factors-b71. Lang:fr
09:38:33 Listing url is not the same: /fr/Systeme-immunitaire-c93/Boiron-b61/Clef-des-champs-b26/Meditrina-b68/urlBilingual vs /fr/Systeme-immunitaire-c93/Boiron-b61/Clef-des-champs-b26/Meditrina-b68. Lang:fr
09:38:35 Listing url is not the same: /fr/Systeme-immunitaire-c93/Druide-b63/Meditrina-b68/Nature-Clean-b72/addressLink vs /fr/Systeme-immunitaire-c93/Druide-b63/Meditrina-b68/Nature-Clean-b72. Lang:fr
09:42:48 Listing url is not the same: /fr/Cosmetique-parfum-et-deodorant-c60/A-Vogel-b54/Le-Tournesol-ANB-b64/Merveilles-d-Abeilles-b69/p.Url vs /fr/Cosmetique-parfum-et-deodorant-c60/A-Vogel-b54/Le-Tournesol-ANB-b64/Merveilles-d-Abeilles-b69. Lang:fr
09:42:50 Listing url is not the same: /fr/Cosmetique-parfum-et-deodorant-c60/Anokian-b58/Le-Tournesol-ANB-b64/Natural-Factors-b71/urlBilingual vs /fr/Cosmetique-parfum-et-deodorant-c60/Anokian-b58/Le-Tournesol-ANB-b64/Natural-Factors-b71. Lang:fr
10:27:36 Listing url is not the same: /fr/Systeme-immunitaire-c93/addressLink vs /fr/Systeme-immunitaire-c93. Lang:fr
10:30:26 Listing url is not the same: /fr/Allergies-c55/A-Vogel-b54/Druide-b63/Meditrina-b68/Merveilles-d-Abeilles-b69/subcat.Url vs /fr/Allergies-c55/A-Vogel-b54/Druide-b63/Meditrina-b68/Merveilles-d-Abeilles-b69. Lang:fr
10:30:28 Listing url is not the same: /fr/Fatigue-c99/Boiron-b61/Clef-des-champs-b26/Druide-b63/cat.Url vs /fr/Fatigue-c99/Boiron-b61/Clef-des-champs-b26/Druide-b63. Lang:fr
10:30:29 Listing url is not the same: /fr/Fatigue-c99/Clef-des-champs-b26/Meditrina-b68/Merveilles-d-Abeilles-b69/addressLink vs /fr/Fatigue-c99/Clef-des-champs-b26/Meditrina-b68/Merveilles-d-Abeilles-b69. Lang:fr
10:31:50 Listing url is not the same: /fr/Antioxydants-c62/A-Vogel-b54/Clef-des-champs-b26/Druide-b63/Le-Tournesol-ANB-b64/Meditrina-b68/p.UrlBrand vs /fr/Antioxydants-c62/A-Vogel-b54/Clef-des-champs-b26/Druide-b63/Le-Tournesol-ANB-b64/Meditrina-b68. Lang:fr
10:31:51 Listing url is not the same: /fr/Chandelles-c70/Clef-des-champs-b26/Le-Tournesol-ANB-b64/Natural-Factors-b71/urlBilingual vs /fr/Chandelles-c70/Clef-des-champs-b26/Le-Tournesol-ANB-b64/Natural-Factors-b71. Lang:fr
10:31:59 Listing url is not the same: /fr/Inflammation-c98/Boiron-b61/Clef-des-champs-b26/cat.Url vs /fr/Inflammation-c98/Boiron-b61/Clef-des-champs-b26. Lang:fr
10:32:02 Listing url is not the same: /fr/Inflammation-c98/Clef-des-champs-b26/Natural-Factors-b71/p.Url vs /fr/Inflammation-c98/Clef-des-champs-b26/Natural-Factors-b71. Lang:fr
10:32:05 Listing url is not the same: /fr/Rhume-grippe-voie-respiratoire-c57/Clef-des-champs-b26/Druide-b63/Meditrina-b68/Merveilles-d-Abeilles-b69/brand.Url vs /fr/Rhume-grippe-voie-respiratoire-c57/Clef-des-champs-b26/Druide-b63/Meditrina-b68/Merveilles-d-Abeilles-b69. Lang:fr
10:32:09 Listing url is not the same: /fr/Sante-des-femmes-c100/A-Vogel-b54/Clef-des-champs-b26/promotion.Url vs /fr/Sante-des-femmes-c100/A-Vogel-b54/Clef-des-champs-b26. Lang:fr
10:35:48 Listing url is not the same: /fr/Allergies-c55/A-Vogel-b54/Boiron-b61/Clef-des-champs-b26/Druide-b63/Merveilles-d-Abeilles-b69/subcat.Url vs /fr/Allergies-c55/A-Vogel-b54/Boiron-b61/Clef-des-champs-b26/Druide-b63/Merveilles-d-Abeilles-b69. Lang:fr
10:35:54 Listing url is not the same: /fr/Allergies-c55/A-Vogel-b54/Boiron-b61/Clef-des-champs-b26/Le-Tournesol-ANB-b64/Merveilles-d-Abeilles-b69/p.UrlBrand vs /fr/Allergies-c55/A-Vogel-b54/Boiron-b61/Clef-des-champs-b26/Le-Tournesol-ANB-b64/Merveilles-d-Abeilles-b69. Lang:fr
10:38:35 Listing url is not the same: /fr/Allergies-c55/Le-Tournesol-ANB-b64/Meditrina-b68/Nature-Clean-b72/promotion.Url vs /fr/Allergies-c55/Le-Tournesol-ANB-b64/Meditrina-b68/Nature-Clean-b72. Lang:fr
10:39:05 Listing url is not the same: /fr/Chandelles-c70/Clef-des-champs-b26/Le-Tournesol-ANB-b64/Meditrina-b68/cat.Url vs /fr/Chandelles-c70/Clef-des-champs-b26/Le-Tournesol-ANB-b64/Meditrina-b68. Lang:fr
10:39:34 Listing url is not the same: /fr/Chandelles-c70/Clef-des-champs-b26/Meditrina-b68/Merveilles-d-Abeilles-b69/Natural-Factors-b71/p.Url vs /fr/Chandelles-c70/Clef-des-champs-b26/Meditrina-b68/Merveilles-d-Abeilles-b69/Natural-Factors-b71. Lang:fr
10:40:01 Listing url is not the same: /fr/Chandelles-c70/Druide-b63/Meditrina-b68/Nature-Clean-b72/p.Url vs /fr/Chandelles-c70/Druide-b63/Meditrina-b68/Nature-Clean-b72. Lang:fr
10:41:18 Listing url is not the same: /fr/Inflammation-c98/Clef-des-champs-b26/Druide-b63/Nature-Clean-b72/promotion.Url vs /fr/Inflammation-c98/Clef-des-champs-b26/Druide-b63/Nature-Clean-b72. Lang:fr
10:41:42 Listing url is not the same: /fr/Nettoyage-c73/Boiron-b61/Clef-des-champs-b26/Merveilles-d-Abeilles-b69/brand.Url vs /fr/Nettoyage-c73/Boiron-b61/Clef-des-champs-b26/Merveilles-d-Abeilles-b69. Lang:fr
10:42:04 Listing url is not the same: /fr/Rhume-grippe-voie-respiratoire-c57/Clef-des-champs-b26/Druide-b63/Le-Tournesol-ANB-b64/Natural-Factors-b71/p.Url vs /fr/Rhume-grippe-voie-respiratoire-c57/Clef-des-champs-b26/Druide-b63/Le-Tournesol-ANB-b64/Natural-Factors-b71. Lang:fr
10:42:25 Listing url is not the same: /fr/Sante-des-enfants-c108/Boiron-b61/Clef-des-champs-b26/Druide-b63/p.Url vs /fr/Sante-des-enfants-c108/Boiron-b61/Clef-des-champs-b26/Druide-b63. Lang:fr
10:43:29 Listing url is not the same: /fr/Systeme-immunitaire-c93/Boiron-b61/Clef-des-champs-b26/Meditrina-b68/promotion.Url vs /fr/Systeme-immunitaire-c93/Boiron-b61/Clef-des-champs-b26/Meditrina-b68. Lang:fr
11:25:33 Listing url is not the same: /fr/Detox-Digestion-c87/Clef-des-champs-b26/Le-Tournesol-ANB-b64/brand.Url vs /fr/Detox-Digestion-c87/Clef-des-champs-b26/Le-Tournesol-ANB-b64. Lang:fr
11:26:54 Listing url is not the same: /fr/Inflammation-c98/Clef-des-champs-b26/Druide-b63/Meditrina-b68/brand.Url vs /fr/Inflammation-c98/Clef-des-champs-b26/Druide-b63/Meditrina-b68. Lang:fr
11:27:22 Listing url is not the same: /fr/Inflammation-c98/Clef-des-champs-b26/Druide-b63/Meditrina-b68/subcat.Url vs /fr/Inflammation-c98/Clef-des-champs-b26/Druide-b63/Meditrina-b68. Lang:fr
11:28:08 Listing url is not the same: /fr/Cosmetique-parfum-et-deodorant-c60/Boiron-b61/Clef-des-champs-b26/Le-Tournesol-ANB-b64/b.Url vs /fr/Cosmetique-parfum-et-deodorant-c60/Boiron-b61/Clef-des-champs-b26/Le-Tournesol-ANB-b64. Lang:fr
11:28:31 Listing url is not the same: /fr/Cosmetique-parfum-et-deodorant-c60/Clef-des-champs-b26/Druide-b63/Meditrina-b68/Merveilles-d-Abeilles-b69/promotion.Url vs /fr/Cosmetique-parfum-et-deodorant-c60/Clef-des-champs-b26/Druide-b63/Meditrina-b68/Merveilles-d-Abeilles-b69. Lang:fr
11:29:13 Listing url is not the same: /fr/Rhume-grippe-voie-respiratoire-c57/A-Vogel-b54/Clef-des-champs-b26/Druide-b63/Le-Tournesol-ANB-b64/Meditrina-b68/urlBilingual vs /fr/Rhume-grippe-voie-respiratoire-c57/A-Vogel-b54/Clef-des-champs-b26/Druide-b63/Le-Tournesol-ANB-b64/Meditrina-b68. Lang:fr
11:29:32 Listing url is not the same: /fr/Rhume-grippe-voie-respiratoire-c57/Boiron-b61/Clef-des-champs-b26/Meditrina-b68/Merveilles-d-Abeilles-b69/cat.Url vs /fr/Rhume-grippe-voie-respiratoire-c57/Boiron-b61/Clef-des-champs-b26/Meditrina-b68/Merveilles-d-Abeilles-b69. Lang:fr
11:29:49 Listing url is not the same: /fr/Rhume-grippe-voie-respiratoire-c57/Clef-des-champs-b26/Druide-b63/Meditrina-b68/Merveilles-d-Abeilles-b69/p.Url vs /fr/Rhume-grippe-voie-respiratoire-c57/Clef-des-champs-b26/Druide-b63/Meditrina-b68/Merveilles-d-Abeilles-b69. Lang:fr
11:34:51 Listing url is not the same: /fr/Allergies-c55/Boiron-b61/Clef-des-champs-b26/Merveilles-d-Abeilles-b69/Natural-Factors-b71/addressLink vs /fr/Allergies-c55/Boiron-b61/Clef-des-champs-b26/Merveilles-d-Abeilles-b69/Natural-Factors-b71. Lang:fr
11:35:01 Listing url is not the same: /fr/Antioxydants-c62/A-Vogel-b54/Druide-b63/Nature-Clean-b72/p.UrlBrand vs /fr/Antioxydants-c62/A-Vogel-b54/Druide-b63/Nature-Clean-b72. Lang:fr
11:35:09 Listing url is not the same: /fr/Chandelles-c70/Clef-des-champs-b26/Natural-Factors-b71/Nature-Clean-b72/addressLink vs /fr/Chandelles-c70/Clef-des-champs-b26/Natural-Factors-b71/Nature-Clean-b72. Lang:fr
11:35:16 Listing url is not the same: /fr/Chandelles-c70/Druide-b63/Le-Tournesol-ANB-b64/Meditrina-b68/Merveilles-d-Abeilles-b69/promotion.Url vs /fr/Chandelles-c70/Druide-b63/Le-Tournesol-ANB-b64/Meditrina-b68/Merveilles-d-Abeilles-b69. Lang:fr
11:35:23 Listing url is not the same: /fr/Chandelles-c70/Druide-b63/Meditrina-b68/Nature-Clean-b72/cat.Url vs /fr/Chandelles-c70/Druide-b63/Meditrina-b68/Nature-Clean-b72. Lang:fr
11:35:35 Listing url is not the same: /fr/Cosmetique-parfum-et-deodorant-c60/Clef-des-champs-b26/Druide-b63/Merveilles-d-Abeilles-b69/Natural-Factors-b71/urlBilingual vs /fr/Cosmetique-parfum-et-deodorant-c60/Clef-des-champs-b26/Druide-b63/Merveilles-d-Abeilles-b69/Natural-Factors-b71. Lang:fr
11:36:09 Listing url is not the same: /fr/Huiles-magiques-de-wicca-c65/Clef-des-champs-b26/Le-Tournesol-ANB-b64/Merveilles-d-Abeilles-b69/Natural-Factors-b71/p.Url vs /fr/Huiles-magiques-de-wicca-c65/Clef-des-champs-b26/Le-Tournesol-ANB-b64/Merveilles-d-Abeilles-b69/Natural-Factors-b71. Lang:fr
11:36:55 Listing url is not the same: /fr/Rhume-grippe-voie-respiratoire-c57/Clef-des-champs-b26/Druide-b63/Meditrina-b68/Natural-Factors-b71/promotion.Url vs /fr/Rhume-grippe-voie-respiratoire-c57/Clef-des-champs-b26/Druide-b63/Meditrina-b68/Natural-Factors-b71. Lang:fr
11:37:16 Listing url is not the same: /fr/Rhume-grippe-voie-respiratoire-c57/Clef-des-champs-b26/Druide-b63/Merveilles-d-Abeilles-b69/Natural-Factors-b71/urlBilingual vs /fr/Rhume-grippe-voie-respiratoire-c57/Clef-des-champs-b26/Druide-b63/Merveilles-d-Abeilles-b69/Natural-Factors-b71. Lang:fr
12:20:34 Listing url is not the same: /fr/Fatigue-c99/b.Url vs /fr/Fatigue-c99. Lang:fr
12:20:48 Listing url is not the same: /fr/Systeme-immunitaire-c93/Boiron-b61/p.Url vs /fr/Systeme-immunitaire-c93/Boiron-b61. Lang:fr
12:21:55 Listing url is not the same: /fr/Fatigue-c99/A-Vogel-b54/b.Url vs /fr/Fatigue-c99/A-Vogel-b54. Lang:fr
12:22:32 Listing url is not the same: /fr/Sante-des-enfants-c108/A-Vogel-b54/Clef-des-champs-b26/p.Url vs /fr/Sante-des-enfants-c108/A-Vogel-b54/Clef-des-champs-b26. Lang:fr
12:22:43 Listing url is not the same: /fr/Sante-des-enfants-c108/A-Vogel-b54/Clef-des-champs-b26/subcat.Url vs /fr/Sante-des-enfants-c108/A-Vogel-b54/Clef-des-champs-b26. Lang:fr
12:23:49 Listing url is not the same: /fr/Sante-des-femmes-c100/Boiron-b61/Clef-des-champs-b26/Druide-b63/subcat.Url vs /fr/Sante-des-femmes-c100/Boiron-b61/Clef-des-champs-b26/Druide-b63. Lang:fr
12:25:57 Listing url is not the same: /fr/Cosmetique-parfum-et-deodorant-c60/Anokian-b58/Meditrina-b68/p.Url vs /fr/Cosmetique-parfum-et-deodorant-c60/Anokian-b58/Meditrina-b68. Lang:fr
12:26:02 Listing url is not the same: /fr/Cosmetique-parfum-et-deodorant-c60/Boiron-b61/Clef-des-champs-b26/Le-Tournesol-ANB-b64/promotion.Url vs /fr/Cosmetique-parfum-et-deodorant-c60/Boiron-b61/Clef-des-champs-b26/Le-Tournesol-ANB-b64. Lang:fr
12:26:06 Listing url is not the same: /fr/Cosmetique-parfum-et-deodorant-c60/Boiron-b61/Druide-b63/Le-Tournesol-ANB-b64/Meditrina-b68/p.UrlBrand vs /fr/Cosmetique-parfum-et-deodorant-c60/Boiron-b61/Druide-b63/Le-Tournesol-ANB-b64/Meditrina-b68. Lang:fr
12:26:10 Listing url is not the same: /fr/Fatigue-c99/Clef-des-champs-b26/Meditrina-b68/addressLink vs /fr/Fatigue-c99/Clef-des-champs-b26/Meditrina-b68. Lang:fr
12:26:16 Listing url is not the same: /fr/Rhume-grippe-voie-respiratoire-c57/Le-Tournesol-ANB-b64/Merveilles-d-Abeilles-b69/Natural-Factors-b71/p.UrlBrand vs /fr/Rhume-grippe-voie-respiratoire-c57/Le-Tournesol-ANB-b64/Merveilles-d-Abeilles-b69/Natural-Factors-b71. Lang:fr
12:31:50 Listing url is not the same: /fr/A-Vogel-b54/Boiron-b61/Druide-b63/Le-Tournesol-ANB-b64/Natural-Factors-b71/b.Url vs /fr/A-Vogel-b54/Boiron-b61/Druide-b63/Le-Tournesol-ANB-b64/Natural-Factors-b71. Lang:fr
12:32:03 Listing url is not the same: /fr/Antioxydants-c62/A-Vogel-b54/Clef-des-champs-b26/Druide-b63/Natural-Factors-b71/p.Url vs /fr/Antioxydants-c62/A-Vogel-b54/Clef-des-champs-b26/Druide-b63/Natural-Factors-b71. Lang:fr
12:32:14 Listing url is not the same: /fr/Antioxydants-c62/A-Vogel-b54/Meditrina-b68/Merveilles-d-Abeilles-b69/Natural-Factors-b71/p.Url vs /fr/Antioxydants-c62/A-Vogel-b54/Meditrina-b68/Merveilles-d-Abeilles-b69/Natural-Factors-b71. Lang:fr
12:32:25 Listing url is not the same: /fr/Clef-des-champs-b26/Druide-b63/Le-Tournesol-ANB-b64/Meditrina-b68/Natural-Factors-b71/addressLink vs /fr/Clef-des-champs-b26/Druide-b63/Le-Tournesol-ANB-b64/Meditrina-b68/Natural-Factors-b71. Lang:fr
12:35:09 Listing url is not the same: /fr/Antioxydants-c62/Clef-des-champs-b26/Le-Tournesol-ANB-b64/Merveilles-d-Abeilles-b69/Natural-Factors-b71/subcat.Url vs /fr/Antioxydants-c62/Clef-des-champs-b26/Le-Tournesol-ANB-b64/Merveilles-d-Abeilles-b69/Natural-Factors-b71. Lang:fr
13:18:43 Listing url is not the same: /fr/Sante-des-femmes-c100/Clef-des-champs-b26/Meditrina-b68/promotion.Url vs /fr/Sante-des-femmes-c100/Clef-des-champs-b26/Meditrina-b68. Lang:fr
13:19:09 Listing url is not the same: /fr/Fatigue-c99/A-Vogel-b54/addressLink vs /fr/Fatigue-c99/A-Vogel-b54. Lang:fr
13:19:37 Listing url is not the same: /fr/Sante-des-enfants-c108/A-Vogel-b54/Clef-des-champs-b26/promotion.Url vs /fr/Sante-des-enfants-c108/A-Vogel-b54/Clef-des-champs-b26. Lang:fr
13:19:44 Listing url is not the same: /fr/Systeme-immunitaire-c93/A-Vogel-b54/urlBilingual vs /fr/Systeme-immunitaire-c93/A-Vogel-b54. Lang:fr
13:19:58 Listing url is not the same: /fr/Huiles-magiques-de-wicca-c65/Boiron-b61/Clef-des-champs-b26/Meditrina-b68/cat.Url vs /fr/Huiles-magiques-de-wicca-c65/Boiron-b61/Clef-des-champs-b26/Meditrina-b68. Lang:fr
13:22:39 Listing url is not the same: /fr/Fatigue-c99/A-Vogel-b54/Clef-des-champs-b26/Druide-b63/urlBilingual vs /fr/Fatigue-c99/A-Vogel-b54/Clef-des-champs-b26/Druide-b63. Lang:fr
13:22:45 Listing url is not the same: /fr/Fatigue-c99/Clef-des-champs-b26/Druide-b63/cat.Url vs /fr/Fatigue-c99/Clef-des-champs-b26/Druide-b63. Lang:fr
13:22:53 Listing url is not the same: /fr/Fatigue-c99/Clef-des-champs-b26/Le-Tournesol-ANB-b64/Meditrina-b68/addressLink vs /fr/Fatigue-c99/Clef-des-champs-b26/Le-Tournesol-ANB-b64/Meditrina-b68. Lang:fr
13:23:19 Listing url is not the same: /fr/Sante-des-femmes-c100/Boiron-b61/Clef-des-champs-b26/Druide-b63/cat.Url vs /fr/Sante-des-femmes-c100/Boiron-b61/Clef-des-champs-b26/Druide-b63. Lang:fr
13:24:32 Listing url is not the same: /fr/Antioxydants-c62/A-Vogel-b54/Clef-des-champs-b26/Druide-b63/Le-Tournesol-ANB-b64/Meditrina-b68/brand.Url vs /fr/Antioxydants-c62/A-Vogel-b54/Clef-des-champs-b26/Druide-b63/Le-Tournesol-ANB-b64/Meditrina-b68. Lang:fr
13:24:35 Listing url is not the same: /fr/Antioxydants-c62/Boiron-b61/Clef-des-champs-b26/Le-Tournesol-ANB-b64/Merveilles-d-Abeilles-b69/urlBilingual vs /fr/Antioxydants-c62/Boiron-b61/Clef-des-champs-b26/Le-Tournesol-ANB-b64/Merveilles-d-Abeilles-b69. Lang:fr
13:25:29 Listing url is not the same: /fr/Huiles-magiques-de-wicca-c65/A-Vogel-b54/Boiron-b61/Natural-Factors-b71/promotion.Url vs /fr/Huiles-magiques-de-wicca-c65/A-Vogel-b54/Boiron-b61/Natural-Factors-b71. Lang:fr
13:25:41 Listing url is not the same: /fr/Huiles-magiques-de-wicca-c65/Boiron-b61/Clef-des-champs-b26/Merveilles-d-Abeilles-b69/b.Url vs /fr/Huiles-magiques-de-wicca-c65/Boiron-b61/Clef-des-champs-b26/Merveilles-d-Abeilles-b69. Lang:fr
13:25:52 Listing url is not the same: /fr/Huiles-magiques-de-wicca-c65/Clef-des-champs-b26/Druide-b63/Le-Tournesol-ANB-b64/Merveilles-d-Abeilles-b69/urlBilingual vs /fr/Huiles-magiques-de-wicca-c65/Clef-des-champs-b26/Druide-b63/Le-Tournesol-ANB-b64/Merveilles-d-Abeilles-b69. Lang:fr
13:26:01 Listing url is not the same: /fr/Rhume-grippe-voie-respiratoire-c57/Le-Tournesol-ANB-b64/Meditrina-b68/Natural-Factors-b71/p.Url vs /fr/Rhume-grippe-voie-respiratoire-c57/Le-Tournesol-ANB-b64/Meditrina-b68/Natural-Factors-b71. Lang:fr
13:29:38 Listing url is not the same: /fr/Allergies-c55/A-Vogel-b54/Boiron-b61/Clef-des-champs-b26/Le-Tournesol-ANB-b64/Merveilles-d-Abeilles-b69/brand.Url vs /fr/Allergies-c55/A-Vogel-b54/Boiron-b61/Clef-des-champs-b26/Le-Tournesol-ANB-b64/Merveilles-d-Abeilles-b69. Lang:fr
13:30:06 Listing url is not the same: /fr/Allergies-c55/A-Vogel-b54/Clef-des-champs-b26/Meditrina-b68/Natural-Factors-b71/subcat.Url vs /fr/Allergies-c55/A-Vogel-b54/Clef-des-champs-b26/Meditrina-b68/Natural-Factors-b71. Lang:fr
13:30:35 Listing url is not the same: /fr/Antioxydants-c62/A-Vogel-b54/Boiron-b61/Clef-des-champs-b26/Druide-b63/Merveilles-d-Abeilles-b69/brand.Url vs /fr/Antioxydants-c62/A-Vogel-b54/Boiron-b61/Clef-des-champs-b26/Druide-b63/Merveilles-d-Abeilles-b69. Lang:fr
13:31:01 Listing url is not the same: /fr/Antioxydants-c62/A-Vogel-b54/Boiron-b61/Clef-des-champs-b26/Le-Tournesol-ANB-b64/Meditrina-b68/brand.Url vs /fr/Antioxydants-c62/A-Vogel-b54/Boiron-b61/Clef-des-champs-b26/Le-Tournesol-ANB-b64/Meditrina-b68. Lang:fr
13:31:25 Listing url is not the same: /fr/Chandelles-c70/Boiron-b61/Druide-b63/Merveilles-d-Abeilles-b69/Natural-Factors-b71/cat.Url vs /fr/Chandelles-c70/Boiron-b61/Druide-b63/Merveilles-d-Abeilles-b69/Natural-Factors-b71. Lang:fr
13:32:27 Listing url is not the same: /fr/Chandelles-c70/Druide-b63/Meditrina-b68/Nature-Clean-b72/b.Url vs /fr/Chandelles-c70/Druide-b63/Meditrina-b68/Nature-Clean-b72. Lang:fr
13:32:49 Listing url is not the same: /fr/Concentration-memoire-migraine-c56/Clef-des-champs-b26/Le-Tournesol-ANB-b64/Meditrina-b68/Merveilles-d-Abeilles-b69/b.Url vs /fr/Concentration-memoire-migraine-c56/Clef-des-champs-b26/Le-Tournesol-ANB-b64/Meditrina-b68/Merveilles-d-Abeilles-b69. Lang:fr
13:33:09 Listing url is not the same: /fr/Nettoyage-c73/Boiron-b61/Clef-des-champs-b26/Merveilles-d-Abeilles-b69/cat.Url vs /fr/Nettoyage-c73/Boiron-b61/Clef-des-champs-b26/Merveilles-d-Abeilles-b69. Lang:fr
14:14:56 Listing url is not the same: /fr/Systeme-immunitaire-c93/subcat.Url vs /fr/Systeme-immunitaire-c93. Lang:fr
14:15:06 Listing url is not the same: /fr/Sante-des-femmes-c100/Boiron-b61/addressLink vs /fr/Sante-des-femmes-c100/Boiron-b61. Lang:fr
14:16:33 Listing url is not the same: /fr/Sante-des-enfants-c108/A-Vogel-b54/Clef-des-champs-b26/addressLink vs /fr/Sante-des-enfants-c108/A-Vogel-b54/Clef-des-champs-b26. Lang:fr
14:19:41 Listing url is not the same: /fr/Antioxydants-c62/A-Vogel-b54/Druide-b63/Meditrina-b68/Merveilles-d-Abeilles-b69/b.Url vs /fr/Antioxydants-c62/A-Vogel-b54/Druide-b63/Meditrina-b68/Merveilles-d-Abeilles-b69. Lang:fr
14:20:07 Listing url is not the same: /fr/Huiles-magiques-de-wicca-c65/A-Vogel-b54/Boiron-b61/Natural-Factors-b71/brand.Url vs /fr/Huiles-magiques-de-wicca-c65/A-Vogel-b54/Boiron-b61/Natural-Factors-b71. Lang:fr
14:21:32 Listing url is not the same: /fr/Cosmetique-parfum-et-deodorant-c60/A-Vogel-b54/Le-Tournesol-ANB-b64/Meditrina-b68/cat.Url vs /fr/Cosmetique-parfum-et-deodorant-c60/A-Vogel-b54/Le-Tournesol-ANB-b64/Meditrina-b68. Lang:fr
14:21:55 Listing url is not the same: /fr/Cosmetique-parfum-et-deodorant-c60/Anokian-b58/Meditrina-b68/p.UrlBrand vs /fr/Cosmetique-parfum-et-deodorant-c60/Anokian-b58/Meditrina-b68. Lang:fr
14:22:43 Listing url is not the same: /fr/Detox-Digestion-c87/Clef-des-champs-b26/Natural-Factors-b71/cat.Url vs /fr/Detox-Digestion-c87/Clef-des-champs-b26/Natural-Factors-b71. Lang:fr
14:23:04 Listing url is not the same: /fr/Nettoyage-c73/Clef-des-champs-b26/Merveilles-d-Abeilles-b69/Natural-Factors-b71/addressLink vs /fr/Nettoyage-c73/Clef-des-champs-b26/Merveilles-d-Abeilles-b69/Natural-Factors-b71. Lang:fr
14:23:42 Listing url is not the same: /fr/Sante-des-femmes-c100/Clef-des-champs-b26/Meditrina-b68/Merveilles-d-Abeilles-b69/p.Url vs /fr/Sante-des-femmes-c100/Clef-des-champs-b26/Meditrina-b68/Merveilles-d-Abeilles-b69. Lang:fr
14:23:59 Listing url is not the same: /fr/Systeme-immunitaire-c93/A-Vogel-b54/Clef-des-champs-b26/addressLink vs /fr/Systeme-immunitaire-c93/A-Vogel-b54/Clef-des-champs-b26. Lang:fr
14:26:54 Listing url is not the same: /fr/Rhume-grippe-voie-respiratoire-c57/A-Vogel-b54/Boiron-b61/Meditrina-b68/Natural-Factors-b71/b.Url vs /fr/Rhume-grippe-voie-respiratoire-c57/A-Vogel-b54/Boiron-b61/Meditrina-b68/Natural-Factors-b71. Lang:fr
14:29:49 Listing url is not the same: /fr/Rhume-grippe-voie-respiratoire-c57/Boiron-b61/Clef-des-champs-b26/Druide-b63/Natural-Factors-b71/p.Url vs /fr/Rhume-grippe-voie-respiratoire-c57/Boiron-b61/Clef-des-champs-b26/Druide-b63/Natural-Factors-b71. Lang:fr
15:12:53 Listing url is not the same: /fr/Fatigue-c99/A-Vogel-b54/Clef-des-champs-b26/urlBilingual vs /fr/Fatigue-c99/A-Vogel-b54/Clef-des-champs-b26. Lang:fr
15:14:12 Listing url is not the same: /fr/Systeme-immunitaire-c93/Boiron-b61/Clef-des-champs-b26/urlBilingual vs /fr/Systeme-immunitaire-c93/Boiron-b61/Clef-des-champs-b26. Lang:fr
15:16:48 Listing url is not the same: /fr/Chandelles-c70/A-Vogel-b54/Boiron-b61/Meditrina-b68/Merveilles-d-Abeilles-b69/urlBilingual vs /fr/Chandelles-c70/A-Vogel-b54/Boiron-b61/Meditrina-b68/Merveilles-d-Abeilles-b69. Lang:fr
15:17:27 Listing url is not the same: /fr/Huiles-magiques-de-wicca-c65/A-Vogel-b54/Boiron-b61/Natural-Factors-b71/cat.Url vs /fr/Huiles-magiques-de-wicca-c65/A-Vogel-b54/Boiron-b61/Natural-Factors-b71. Lang:fr
15:17:40 Listing url is not the same: /fr/Inflammation-c98/Boiron-b61/Clef-des-champs-b26/Druide-b63/addressLink vs /fr/Inflammation-c98/Boiron-b61/Clef-des-champs-b26/Druide-b63. Lang:fr
15:19:04 Listing url is not the same: /fr/Sante-des-femmes-c100/A-Vogel-b54/Clef-des-champs-b26/subcat.Url vs /fr/Sante-des-femmes-c100/A-Vogel-b54/Clef-des-champs-b26. Lang:fr
15:19:13 Listing url is not the same: /fr/Systeme-immunitaire-c93/Clef-des-champs-b26/Meditrina-b68/Merveilles-d-Abeilles-b69/p.UrlBrand vs /fr/Systeme-immunitaire-c93/Clef-des-champs-b26/Meditrina-b68/Merveilles-d-Abeilles-b69. Lang:fr
15:25:12 Listing url is not the same: /fr/Allergies-c55/A-Vogel-b54/Clef-des-champs-b26/Meditrina-b68/Natural-Factors-b71/b.Url vs /fr/Allergies-c55/A-Vogel-b54/Clef-des-champs-b26/Meditrina-b68/Natural-Factors-b71. Lang:fr
15:25:17 Listing url is not the same: /fr/Allergies-c55/Boiron-b61/Clef-des-champs-b26/Druide-b63/Natural-Factors-b71/urlBilingual vs /fr/Allergies-c55/Boiron-b61/Clef-des-champs-b26/Druide-b63/Natural-Factors-b71. Lang:fr
15:25:22 Listing url is not the same: /fr/Allergies-c55/Boiron-b61/Druide-b63/Le-Tournesol-ANB-b64/Merveilles-d-Abeilles-b69/brand.Url vs /fr/Allergies-c55/Boiron-b61/Druide-b63/Le-Tournesol-ANB-b64/Merveilles-d-Abeilles-b69. Lang:fr
15:25:26 Listing url is not the same: /fr/Allergies-c55/Boiron-b61/Druide-b63/Merveilles-d-Abeilles-b69/Natural-Factors-b71/urlBilingual vs /fr/Allergies-c55/Boiron-b61/Druide-b63/Merveilles-d-Abeilles-b69/Natural-Factors-b71. Lang:fr
16:19:44 Listing url is not the same: /fr/Detox-Digestion-c87/Clef-des-champs-b26/Le-Tournesol-ANB-b64/cat.Url vs /fr/Detox-Digestion-c87/Clef-des-champs-b26/Le-Tournesol-ANB-b64. Lang:fr
16:19:49 Listing url is not the same: /fr/Sante-des-enfants-c108/A-Vogel-b54/Clef-des-champs-b26/b.Url vs /fr/Sante-des-enfants-c108/A-Vogel-b54/Clef-des-champs-b26. Lang:fr
16:21:48 Listing url is not the same: /fr/Allergies-c55/A-Vogel-b54/Druide-b63/Meditrina-b68/Merveilles-d-Abeilles-b69/addressLink vs /fr/Allergies-c55/A-Vogel-b54/Druide-b63/Meditrina-b68/Merveilles-d-Abeilles-b69. Lang:fr
16:21:51 Listing url is not the same: /fr/Sante-des-enfants-c108/Boiron-b61/Clef-des-champs-b26/Meditrina-b68/brand.Url vs /fr/Sante-des-enfants-c108/Boiron-b61/Clef-des-champs-b26/Meditrina-b68. Lang:fr
16:22:47 Listing url is not the same: /fr/Stress-c97/Clef-des-champs-b26/Natural-Factors-b71/subcat.Url vs /fr/Stress-c97/Clef-des-champs-b26/Natural-Factors-b71. Lang:fr
16:22:55 Listing url is not the same: /fr/Systeme-immunitaire-c93/Druide-b63/Meditrina-b68/urlBilingual vs /fr/Systeme-immunitaire-c93/Druide-b63/Meditrina-b68. Lang:fr
16:24:38 Listing url is not the same: /fr/Allergies-c55/A-Vogel-b54/Druide-b63/Meditrina-b68/Natural-Factors-b71/p.Url vs /fr/Allergies-c55/A-Vogel-b54/Druide-b63/Meditrina-b68/Natural-Factors-b71. Lang:fr
17:13:49 Listing url is not the same: /fr/Fatigue-c99/promotion.Url vs /fr/Fatigue-c99. Lang:fr
17:14:14 Listing url is not the same: /fr/Sante-des-femmes-c100/Boiron-b61/brand.Url vs /fr/Sante-des-femmes-c100/Boiron-b61. Lang:fr
17:19:31 Listing url is not the same: /fr/Fatigue-c99/Clef-des-champs-b26/Druide-b63/p.UrlBrand vs /fr/Fatigue-c99/Clef-des-champs-b26/Druide-b63. Lang:fr
17:19:58 Listing url is not the same: /fr/Concentration-memoire-migraine-c56/Clef-des-champs-b26/Druide-b63/Meditrina-b68/Merveilles-d-Abeilles-b69/addressLink vs /fr/Concentration-memoire-migraine-c56/Clef-des-champs-b26/Druide-b63/Meditrina-b68/Merveilles-d-Abeilles-b69. Lang:fr
17:20:12 Listing url is not the same: /fr/Detox-Digestion-c87/Clef-des-champs-b26/Natural-Factors-b71/p.Url vs /fr/Detox-Digestion-c87/Clef-des-champs-b26/Natural-Factors-b71. Lang:fr
17:21:08 Listing url is not the same: /fr/Chandelles-c70/Druide-b63/Le-Tournesol-ANB-b64/Meditrina-b68/Merveilles-d-Abeilles-b69/brand.Url vs /fr/Chandelles-c70/Druide-b63/Le-Tournesol-ANB-b64/Meditrina-b68/Merveilles-d-Abeilles-b69. Lang:fr
17:22:12 Listing url is not the same: /fr/Cosmetique-parfum-et-deodorant-c60/Clef-des-champs-b26/Druide-b63/Merveilles-d-Abeilles-b69/Natural-Factors-b71/brand.Url vs /fr/Cosmetique-parfum-et-deodorant-c60/Clef-des-champs-b26/Druide-b63/Merveilles-d-Abeilles-b69/Natural-Factors-b71. Lang:fr
17:22:32 Listing url is not the same: /fr/Huiles-magiques-de-wicca-c65/A-Vogel-b54/Boiron-b61/Nature-Clean-b72/b.Url vs /fr/Huiles-magiques-de-wicca-c65/A-Vogel-b54/Boiron-b61/Nature-Clean-b72. Lang:fr
17:22:36 Listing url is not the same: /fr/Huiles-magiques-de-wicca-c65/A-Vogel-b54/Druide-b63/Le-Tournesol-ANB-b64/Natural-Factors-b71/addressLink vs /fr/Huiles-magiques-de-wicca-c65/A-Vogel-b54/Druide-b63/Le-Tournesol-ANB-b64/Natural-Factors-b71. Lang:fr
17:22:40 Listing url is not the same: /fr/Inflammation-c98/Boiron-b61/Clef-des-champs-b26/Meditrina-b68/p.UrlBrand vs /fr/Inflammation-c98/Boiron-b61/Clef-des-champs-b26/Meditrina-b68. Lang:fr
17:22:44 Listing url is not the same: /fr/Systeme-immunitaire-c93/A-Vogel-b54/Druide-b63/Meditrina-b68/p.UrlBrand vs /fr/Systeme-immunitaire-c93/A-Vogel-b54/Druide-b63/Meditrina-b68. Lang:fr
18:11:25 Listing url is not the same: /fr/Systeme-immunitaire-c93/cat.Url vs /fr/Systeme-immunitaire-c93. Lang:fr
18:12:01 Listing url is not the same: /fr/Systeme-immunitaire-c93/Boiron-b61/brand.Url vs /fr/Systeme-immunitaire-c93/Boiron-b61. Lang:fr
18:14:30 Listing url is not the same: /fr/Fatigue-c99/A-Vogel-b54/subcat.Url vs /fr/Fatigue-c99/A-Vogel-b54. Lang:fr
18:15:15 Listing url is not the same: /fr/Sante-des-enfants-c108/Clef-des-champs-b26/Meditrina-b68/urlBilingual vs /fr/Sante-des-enfants-c108/Clef-des-champs-b26/Meditrina-b68. Lang:fr
18:16:59 Listing url is not the same: /fr/Allergies-c55/A-Vogel-b54/Druide-b63/Meditrina-b68/Merveilles-d-Abeilles-b69/p.Url vs /fr/Allergies-c55/A-Vogel-b54/Druide-b63/Meditrina-b68/Merveilles-d-Abeilles-b69. Lang:fr
18:17:01 Listing url is not the same: /fr/Detox-Digestion-c87/Boiron-b61/Clef-des-champs-b26/Meditrina-b68/promotion.Url vs /fr/Detox-Digestion-c87/Boiron-b61/Clef-des-champs-b26/Meditrina-b68. Lang:fr
18:17:03 Listing url is not the same: /fr/Systeme-immunitaire-c93/Boiron-b61/Clef-des-champs-b26/Druide-b63/promotion.Url vs /fr/Systeme-immunitaire-c93/Boiron-b61/Clef-des-champs-b26/Druide-b63. Lang:fr
18:17:29 Listing url is not the same: /fr/Cosmetique-parfum-et-deodorant-c60/A-Vogel-b54/Le-Tournesol-ANB-b64/Meditrina-b68/promotion.Url vs /fr/Cosmetique-parfum-et-deodorant-c60/A-Vogel-b54/Le-Tournesol-ANB-b64/Meditrina-b68. Lang:fr
18:17:30 Listing url is not the same: /fr/Cosmetique-parfum-et-deodorant-c60/Anokian-b58/Natural-Factors-b71/p.Url vs /fr/Cosmetique-parfum-et-deodorant-c60/Anokian-b58/Natural-Factors-b71. Lang:fr
18:17:31 Listing url is not the same: /fr/Fatigue-c99/Clef-des-champs-b26/Natural-Factors-b71/b.Url vs /fr/Fatigue-c99/Clef-des-champs-b26/Natural-Factors-b71. Lang:fr
18:17:32 Listing url is not the same: /fr/Systeme-immunitaire-c93/Clef-des-champs-b26/Druide-b63/addressLink vs /fr/Systeme-immunitaire-c93/Clef-des-champs-b26/Druide-b63. Lang:fr
18:17:34 Listing url is not the same: /fr/Systeme-immunitaire-c93/Clef-des-champs-b26/Druide-b63/promotion.Url vs /fr/Systeme-immunitaire-c93/Clef-des-champs-b26/Druide-b63. Lang:fr
18:59:48 Listing url is not the same: /fr/Fatigue-c99/Boiron-b61/Clef-des-champs-b26/Druide-b63/p.UrlBrand vs /fr/Fatigue-c99/Boiron-b61/Clef-des-champs-b26/Druide-b63. Lang:fr
19:00:11 Listing url is not the same: /fr/Stress-c97/Clef-des-champs-b26/Natural-Factors-b71/p.UrlBrand vs /fr/Stress-c97/Clef-des-champs-b26/Natural-Factors-b71. Lang:fr
19:00:15 Listing url is not the same: /fr/Systeme-immunitaire-c93/Druide-b63/Meditrina-b68/promotion.Url vs /fr/Systeme-immunitaire-c93/Druide-b63/Meditrina-b68. Lang:fr
19:01:02 Listing url is not the same: /fr/Antioxydants-c62/A-Vogel-b54/Boiron-b61/Clef-des-champs-b26/Druide-b63/Meditrina-b68/urlBilingual vs /fr/Antioxydants-c62/A-Vogel-b54/Boiron-b61/Clef-des-champs-b26/Druide-b63/Meditrina-b68. Lang:fr
19:02:08 Listing url is not the same: /fr/Chandelles-c70/Druide-b63/Natural-Factors-b71/Nature-Clean-b72/promotion.Url vs /fr/Chandelles-c70/Druide-b63/Natural-Factors-b71/Nature-Clean-b72. Lang:fr
19:02:09 Listing url is not the same: /fr/Concentration-memoire-migraine-c56/Boiron-b61/Clef-des-champs-b26/Meditrina-b68/Merveilles-d-Abeilles-b69/subcat.Url vs /fr/Concentration-memoire-migraine-c56/Boiron-b61/Clef-des-champs-b26/Meditrina-b68/Merveilles-d-Abeilles-b69. Lang:fr
19:02:11 Listing url is not the same: /fr/Detox-Digestion-c87/Clef-des-champs-b26/Druide-b63/Meditrina-b68/cat.Url vs /fr/Detox-Digestion-c87/Clef-des-champs-b26/Druide-b63/Meditrina-b68. Lang:fr
19:02:13 Listing url is not the same: /fr/Inflammation-c98/A-Vogel-b54/Clef-des-champs-b26/Druide-b63/urlBilingual vs /fr/Inflammation-c98/A-Vogel-b54/Clef-des-champs-b26/Druide-b63. Lang:fr
19:02:27 Listing url is not the same: /fr/Rhume-grippe-voie-respiratoire-c57/A-Vogel-b54/Druide-b63/Meditrina-b68/Natural-Factors-b71/promotion.Url vs /fr/Rhume-grippe-voie-respiratoire-c57/A-Vogel-b54/Druide-b63/Meditrina-b68/Natural-Factors-b71. Lang:fr
19:02:34 Listing url is not the same: /fr/Systeme-immunitaire-c93/A-Vogel-b54/Druide-b63/Meditrina-b68/p.Url vs /fr/Systeme-immunitaire-c93/A-Vogel-b54/Druide-b63/Meditrina-b68. Lang:fr
19:05:53 Listing url is not the same: /fr/Cosmetique-parfum-et-deodorant-c60/Anokian-b58/Boiron-b61/Merveilles-d-Abeilles-b69/p.UrlBrand vs /fr/Cosmetique-parfum-et-deodorant-c60/Anokian-b58/Boiron-b61/Merveilles-d-Abeilles-b69. Lang:fr
19:06:15 Listing url is not the same: /fr/Huiles-magiques-de-wicca-c65/Boiron-b61/Clef-des-champs-b26/Nature-Clean-b72/cat.Url vs /fr/Huiles-magiques-de-wicca-c65/Boiron-b61/Clef-des-champs-b26/Nature-Clean-b72. Lang:fr
19:06:28 Listing url is not the same: /fr/Inflammation-c98/Clef-des-champs-b26/Meditrina-b68/Merveilles-d-Abeilles-b69/promotion.Url vs /fr/Inflammation-c98/Clef-des-champs-b26/Meditrina-b68/Merveilles-d-Abeilles-b69. Lang:fr
19:54:04 Listing url is not the same: /fr/Sante-des-femmes-c100/A-Vogel-b54/p.Url vs /fr/Sante-des-femmes-c100/A-Vogel-b54. Lang:fr
19:54:32 Listing url is not the same: /fr/Inflammation-c98/Meditrina-b68/p.Url vs /fr/Inflammation-c98/Meditrina-b68. Lang:fr
19:55:46 Listing url is not the same: /fr/Stress-c97/Clef-des-champs-b26/Natural-Factors-b71/urlBilingual vs /fr/Stress-c97/Clef-des-champs-b26/Natural-Factors-b71. Lang:fr
19:56:52 Listing url is not the same: /fr/Chandelles-c70/Boiron-b61/Meditrina-b68/Merveilles-d-Abeilles-b69/Natural-Factors-b71/cat.Url vs /fr/Chandelles-c70/Boiron-b61/Meditrina-b68/Merveilles-d-Abeilles-b69/Natural-Factors-b71. Lang:fr
20:50:39 Listing url is not the same: /fr/Fatigue-c99/Clef-des-champs-b26/addressLink vs /fr/Fatigue-c99/Clef-des-champs-b26. Lang:fr
20:51:06 Listing url is not the same: /fr/Sante-des-femmes-c100/Meditrina-b68/cat.Url vs /fr/Sante-des-femmes-c100/Meditrina-b68. Lang:fr
20:52:01 Listing url is not the same: /fr/Fatigue-c99/Clef-des-champs-b26/Meditrina-b68/cat.Url vs /fr/Fatigue-c99/Clef-des-champs-b26/Meditrina-b68. Lang:fr
20:52:22 Listing url is not the same: /fr/Concentration-memoire-migraine-c56/Clef-des-champs-b26/Druide-b63/Meditrina-b68/Merveilles-d-Abeilles-b69/cat.Url vs /fr/Concentration-memoire-migraine-c56/Clef-des-champs-b26/Druide-b63/Meditrina-b68/Merveilles-d-Abeilles-b69. Lang:fr
20:52:30 Listing url is not the same: /fr/Huiles-magiques-de-wicca-c65/Boiron-b61/Clef-des-champs-b26/Merveilles-d-Abeilles-b69/p.Url vs /fr/Huiles-magiques-de-wicca-c65/Boiron-b61/Clef-des-champs-b26/Merveilles-d-Abeilles-b69. Lang:fr
20:52:36 Listing url is not the same: /fr/Rhume-grippe-voie-respiratoire-c57/Le-Tournesol-ANB-b64/Merveilles-d-Abeilles-b69/Natural-Factors-b71/b.Url vs /fr/Rhume-grippe-voie-respiratoire-c57/Le-Tournesol-ANB-b64/Merveilles-d-Abeilles-b69/Natural-Factors-b71. Lang:fr
20:52:41 Listing url is not the same: /fr/Sante-des-enfants-c108/Clef-des-champs-b26/Druide-b63/subcat.Url vs /fr/Sante-des-enfants-c108/Clef-des-champs-b26/Druide-b63. Lang:fr
20:52:55 Listing url is not the same: /fr/Stress-c97/Clef-des-champs-b26/Natural-Factors-b71/p.Url vs /fr/Stress-c97/Clef-des-champs-b26/Natural-Factors-b71. Lang:fr
20:53:19 Listing url is not the same: /fr/Antioxydants-c62/A-Vogel-b54/Boiron-b61/Clef-des-champs-b26/Druide-b63/Le-Tournesol-ANB-b64/cat.Url vs /fr/Antioxydants-c62/A-Vogel-b54/Boiron-b61/Clef-des-champs-b26/Druide-b63/Le-Tournesol-ANB-b64. Lang:fr
20:55:14 Listing url is not the same: /fr/Allergies-c55/Druide-b63/Le-Tournesol-ANB-b64/Natural-Factors-b71/urlBilingual vs /fr/Allergies-c55/Druide-b63/Le-Tournesol-ANB-b64/Natural-Factors-b71. Lang:fr
20:55:31 Listing url is not the same: /fr/Concentration-memoire-migraine-c56/Boiron-b61/Clef-des-champs-b26/Le-Tournesol-ANB-b64/Natural-Factors-b71/b.Url vs /fr/Concentration-memoire-migraine-c56/Boiron-b61/Clef-des-champs-b26/Le-Tournesol-ANB-b64/Natural-Factors-b71. Lang:fr
20:55:47 Listing url is not the same: /fr/Rhume-grippe-voie-respiratoire-c57/A-Vogel-b54/Druide-b63/Meditrina-b68/Natural-Factors-b71/brand.Url vs /fr/Rhume-grippe-voie-respiratoire-c57/A-Vogel-b54/Druide-b63/Meditrina-b68/Natural-Factors-b71. Lang:fr
20:56:22 Listing url is not the same: /fr/Stress-c97/Boiron-b61/Le-Tournesol-ANB-b64/Meditrina-b68/brand.Url vs /fr/Stress-c97/Boiron-b61/Le-Tournesol-ANB-b64/Meditrina-b68. Lang:fr
20:56:35 Listing url is not the same: /fr/Systeme-immunitaire-c93/Boiron-b61/Clef-des-champs-b26/Meditrina-b68/brand.Url vs /fr/Systeme-immunitaire-c93/Boiron-b61/Clef-des-champs-b26/Meditrina-b68. Lang:fr
21:59:45 Listing url is not the same: /fr/Detox-Digestion-c87/Druide-b63/brand.Url vs /fr/Detox-Digestion-c87/Druide-b63. Lang:fr
22:02:09 Listing url is not the same: /fr/Allergies-c55/A-Vogel-b54/Druide-b63/Meditrina-b68/Merveilles-d-Abeilles-b69/urlBilingual vs /fr/Allergies-c55/A-Vogel-b54/Druide-b63/Meditrina-b68/Merveilles-d-Abeilles-b69. Lang:fr
22:02:12 Listing url is not the same: /fr/Fatigue-c99/Clef-des-champs-b26/Druide-b63/brand.Url vs /fr/Fatigue-c99/Clef-des-champs-b26/Druide-b63. Lang:fr
22:02:15 Listing url is not the same: /fr/Fatigue-c99/Clef-des-champs-b26/Meditrina-b68/Merveilles-d-Abeilles-b69/subcat.Url vs /fr/Fatigue-c99/Clef-des-champs-b26/Meditrina-b68/Merveilles-d-Abeilles-b69. Lang:fr
22:02:40 Listing url is not the same: /fr/Detox-Digestion-c87/Clef-des-champs-b26/Natural-Factors-b71/subcat.Url vs /fr/Detox-Digestion-c87/Clef-des-champs-b26/Natural-Factors-b71. Lang:fr
22:02:41 Listing url is not the same: /fr/Inflammation-c98/Clef-des-champs-b26/Druide-b63/promotion.Url vs /fr/Inflammation-c98/Clef-des-champs-b26/Druide-b63. Lang:fr
22:02:44 Listing url is not the same: /fr/Sante-des-femmes-c100/Meditrina-b68/Merveilles-d-Abeilles-b69/promotion.Url vs /fr/Sante-des-femmes-c100/Meditrina-b68/Merveilles-d-Abeilles-b69. Lang:fr
22:02:45 Listing url is not the same: /fr/Systeme-immunitaire-c93/Clef-des-champs-b26/Meditrina-b68/Merveilles-d-Abeilles-b69/urlBilingual vs /fr/Systeme-immunitaire-c93/Clef-des-champs-b26/Meditrina-b68/Merveilles-d-Abeilles-b69. Lang:fr
22:04:11 Listing url is not the same: /fr/Rhume-grippe-voie-respiratoire-c57/A-Vogel-b54/Boiron-b61/Clef-des-champs-b26/Druide-b63/Meditrina-b68/b.Url vs /fr/Rhume-grippe-voie-respiratoire-c57/A-Vogel-b54/Boiron-b61/Clef-des-champs-b26/Druide-b63/Meditrina-b68. Lang:fr
22:51:11 Listing url is not the same: /fr/Fatigue-c99/A-Vogel-b54/promotion.Url vs /fr/Fatigue-c99/A-Vogel-b54. Lang:fr
22:51:14 Listing url is not the same: /fr/Sante-des-femmes-c100/Meditrina-b68/p.Url vs /fr/Sante-des-femmes-c100/Meditrina-b68. Lang:fr
22:52:38 Listing url is not the same: /fr/Chandelles-c70/Clef-des-champs-b26/Le-Tournesol-ANB-b64/Natural-Factors-b71/p.Url vs /fr/Chandelles-c70/Clef-des-champs-b26/Le-Tournesol-ANB-b64/Natural-Factors-b71. Lang:fr
22:53:15 Listing url is not the same: /fr/Inflammation-c98/Clef-des-champs-b26/Natural-Factors-b71/p.UrlBrand vs /fr/Inflammation-c98/Clef-des-champs-b26/Natural-Factors-b71. Lang:fr
22:53:16 Listing url is not the same: /fr/Rhume-grippe-voie-respiratoire-c57/A-Vogel-b54/Clef-des-champs-b26/Druide-b63/Le-Tournesol-ANB-b64/Meditrina-b68/subcat.Url vs /fr/Rhume-grippe-voie-respiratoire-c57/A-Vogel-b54/Clef-des-champs-b26/Druide-b63/Le-Tournesol-ANB-b64/Meditrina-b68. Lang:fr
22:55:01 Listing url is not the same: /fr/Chandelles-c70/Boiron-b61/Meditrina-b68/Merveilles-d-Abeilles-b69/Natural-Factors-b71/brand.Url vs /fr/Chandelles-c70/Boiron-b61/Meditrina-b68/Merveilles-d-Abeilles-b69/Natural-Factors-b71. Lang:fr
22:57:31 Listing url is not the same: /fr/Allergies-c55/Meditrina-b68/Merveilles-d-Abeilles-b69/Nature-Clean-b72/urlBilingual vs /fr/Allergies-c55/Meditrina-b68/Merveilles-d-Abeilles-b69/Nature-Clean-b72. Lang:fr
22:57:35 Listing url is not the same: /fr/Fatigue-c99/A-Vogel-b54/Boiron-b61/Clef-des-champs-b26/brand.Url vs /fr/Fatigue-c99/A-Vogel-b54/Boiron-b61/Clef-des-champs-b26. Lang:fr
22:57:36 Listing url is not the same: /fr/Inflammation-c98/A-Vogel-b54/Boiron-b61/Clef-des-champs-b26/p.UrlBrand vs /fr/Inflammation-c98/A-Vogel-b54/Boiron-b61/Clef-des-champs-b26. Lang:fr
23:48:12 Listing url is not the same: /fr/Detox-Digestion-c87/Boiron-b61/Clef-des-champs-b26/Meditrina-b68/urlBilingual vs /fr/Detox-Digestion-c87/Boiron-b61/Clef-des-champs-b26/Meditrina-b68. Lang:fr
23:48:31 Listing url is not the same: /fr/Sante-des-femmes-c100/Clef-des-champs-b26/Druide-b63/Meditrina-b68/addressLink vs /fr/Sante-des-femmes-c100/Clef-des-champs-b26/Druide-b63/Meditrina-b68. Lang:fr
23:51:12 Listing url is not the same: /fr/Allergies-c55/A-Vogel-b54/Clef-des-champs-b26/Merveilles-d-Abeilles-b69/Natural-Factors-b71/p.UrlBrand vs /fr/Allergies-c55/A-Vogel-b54/Clef-des-champs-b26/Merveilles-d-Abeilles-b69/Natural-Factors-b71. Lang:fr
23:51:26 Listing url is not the same: /fr/Detox-Digestion-c87/Boiron-b61/Meditrina-b68/Merveilles-d-Abeilles-b69/p.Url vs /fr/Detox-Digestion-c87/Boiron-b61/Meditrina-b68/Merveilles-d-Abeilles-b69. Lang:fr
23:51:38 Listing url is not the same: /fr/Fatigue-c99/A-Vogel-b54/Boiron-b61/Clef-des-champs-b26/b.Url vs /fr/Fatigue-c99/A-Vogel-b54/Boiron-b61/Clef-des-champs-b26. Lang:fr
23:51:52 Listing url is not the same: /fr/Inflammation-c98/A-Vogel-b54/Clef-des-champs-b26/Meditrina-b68/addressLink vs /fr/Inflammation-c98/A-Vogel-b54/Clef-des-champs-b26/Meditrina-b68. Lang:fr
23:52:03 Listing url is not the same: /fr/Rhume-grippe-voie-respiratoire-c57/A-Vogel-b54/Druide-b63/Meditrina-b68/Natural-Factors-b71/subcat.Url vs /fr/Rhume-grippe-voie-respiratoire-c57/A-Vogel-b54/Druide-b63/Meditrina-b68/Natural-Factors-b71. Lang:fr
23:52:12 Listing url is not the same: /fr/Stress-c97/Boiron-b61/Druide-b63/Nature-Clean-b72/urlBilingual vs /fr/Stress-c97/Boiron-b61/Druide-b63/Nature-Clean-b72. Lang:fr
23:52:28 Listing url is not the same: /fr/Systeme-immunitaire-c93/Boiron-b61/Clef-des-champs-b26/Meditrina-b68/p.Url vs /fr/Systeme-immunitaire-c93/Boiron-b61/Clef-des-champs-b26/Meditrina-b68. Lang:fr
23:52:35 Listing url is not the same: /fr/Systeme-immunitaire-c93/Boiron-b61/Clef-des-champs-b26/Meditrina-b68/p.UrlBrand vs /fr/Systeme-immunitaire-c93/Boiron-b61/Clef-des-champs-b26/Meditrina-b68. Lang:fr
23:52:40 Listing url is not the same: /fr/Systeme-immunitaire-c93/Druide-b63/Meditrina-b68/Nature-Clean-b72/cat.Url vs /fr/Systeme-immunitaire-c93/Druide-b63/Meditrina-b68/Nature-Clean-b72. Lang:fr
