01:57:57 Listing url is not the same: /fr/Fatigue-c99/Medelys-b128/Natural-Factors-b71/subcat.Url vs /fr/Fatigue-c99/Medelys-b128/Natural-Factors-b71. Lang:fr
01:59:56 Listing url is not the same: /fr/Cosmetique-parfum-et-deodorant-c60/Clef-des-champs-b26/Druide-b63/Natural-Factors-b71/New-roots-b74/cat.Url vs /fr/Cosmetique-parfum-et-deodorant-c60/Clef-des-champs-b26/Druide-b63/Natural-Factors-b71/New-roots-b74. Lang:fr
02:01:51 Listing url is not the same: /fr/Rhume-grippe-voie-respiratoire-c57/A-Vogel-b54/Bach-b137/Boiron-b61/cat.Url vs /fr/Rhume-grippe-voie-respiratoire-c57/A-Vogel-b54/Bach-b137/Boiron-b61. Lang:fr
02:02:41 Listing url is not the same: /fr/Sommeil-c88/Clef-des-champs-b26/Healthology-b116/p.UrlBrand vs /fr/Sommeil-c88/Clef-des-champs-b26/Healthology-b116. Lang:fr
02:49:01 Listing url is not the same: /fr/Inflammation-c98/A-Vogel-b54/Nature-Clean-b72/New-roots-b74/addressLink vs /fr/Inflammation-c98/A-Vogel-b54/Nature-Clean-b72/New-roots-b74. Lang:fr
03:37:09 Listing url is not the same: /fr/Homeopathie-c12/Boiron-b61/Natural-Factors-b71/Nature-Clean-b72/promotion.Url vs /fr/Homeopathie-c12/Boiron-b61/Natural-Factors-b71/Nature-Clean-b72. Lang:fr
03:39:09 Listing url is not the same: /fr/Allergies-c55/Clef-des-champs-b26/Druide-b63/Natural-Factors-b71/New-roots-b74/b.Url vs /fr/Allergies-c55/Clef-des-champs-b26/Druide-b63/Natural-Factors-b71/New-roots-b74. Lang:fr
03:39:43 Listing url is not the same: /fr/Detox-Digestion-c87/A-Vogel-b54/Bach-b137/Boiron-b61/addressLink vs /fr/Detox-Digestion-c87/A-Vogel-b54/Bach-b137/Boiron-b61. Lang:fr
04:28:39 Listing url is not the same: /fr/Coeur-et-sante-generale-c106/Merveilles-d-Abeilles-b69/New-roots-b74/brand.Url vs /fr/Coeur-et-sante-generale-c106/Merveilles-d-Abeilles-b69/New-roots-b74. Lang:fr
04:29:54 Listing url is not the same: /fr/Detox-Digestion-c87/Medelys-b128/b.Url vs /fr/Detox-Digestion-c87/Medelys-b128. Lang:fr
04:30:16 Listing url is not the same: /fr/Detox-Digestion-c87/Medelys-b128/promotion.Url vs /fr/Detox-Digestion-c87/Medelys-b128. Lang:fr
04:30:39 Listing url is not the same: /fr/Stress-c97/Clef-des-champs-b26/Healthology-b116/p.UrlBrand vs /fr/Stress-c97/Clef-des-champs-b26/Healthology-b116. Lang:fr
04:31:20 Listing url is not the same: /fr/Systeme-immunitaire-c93/Clef-des-champs-b26/Numi-tea-b124/addressLink vs /fr/Systeme-immunitaire-c93/Clef-des-champs-b26/Numi-tea-b124. Lang:fr
04:32:00 Listing url is not the same: /fr/Huiles-magiques-de-wicca-c65/Bach-b137/Le-Tournesol-ANB-b64/b.Url vs /fr/Huiles-magiques-de-wicca-c65/Bach-b137/Le-Tournesol-ANB-b64. Lang:fr
04:32:37 Listing url is not the same: /fr/Sommeil-c88/Clef-des-champs-b26/Druide-b63/Natural-Factors-b71/New-roots-b74/promotion.Url vs /fr/Sommeil-c88/Clef-des-champs-b26/Druide-b63/Natural-Factors-b71/New-roots-b74. Lang:fr
05:24:38 Listing url is not the same: /fr/Inflammation-c98/Flora-b123/addressLink vs /fr/Inflammation-c98/Flora-b123. Lang:fr
07:07:13 Listing url is not the same: /fr/Homeopathie-c12/Boiron-b61/Natural-Factors-b71/Nature-Clean-b72/subcat.Url vs /fr/Homeopathie-c12/Boiron-b61/Natural-Factors-b71/Nature-Clean-b72. Lang:fr
07:58:39 Listing url is not the same: /fr/Coeur-et-sante-generale-c106/Merveilles-d-Abeilles-b69/New-roots-b74/b.Url vs /fr/Coeur-et-sante-generale-c106/Merveilles-d-Abeilles-b69/New-roots-b74. Lang:fr
07:58:54 Listing url is not the same: /fr/Antioxydants-c62/Clef-des-champs-b26/Numi-tea-b124/subcat.Url vs /fr/Antioxydants-c62/Clef-des-champs-b26/Numi-tea-b124. Lang:fr
07:59:03 Listing url is not the same: /fr/Detox-Digestion-c87/Medelys-b128/subcat.Url vs /fr/Detox-Digestion-c87/Medelys-b128. Lang:fr
07:59:11 Listing url is not the same: /fr/Homeopathie-c12/Boiron-b61/Natural-Factors-b71/Nature-Clean-b72/b.Url vs /fr/Homeopathie-c12/Boiron-b61/Natural-Factors-b71/Nature-Clean-b72. Lang:fr
09:42:40 Listing url is not the same: /fr/Fatigue-c99/A-Vogel-b54/Nature-Clean-b72/New-roots-b74/addressLink vs /fr/Fatigue-c99/A-Vogel-b54/Nature-Clean-b72/New-roots-b74. Lang:fr
11:25:53 Listing url is not the same: /fr/Inflammation-c98/Boiron-b61/Natural-Factors-b71/New-roots-b74/subcat.Url vs /fr/Inflammation-c98/Boiron-b61/Natural-Factors-b71/New-roots-b74. Lang:fr
11:27:17 Listing url is not the same: /fr/Coeur-et-sante-generale-c106/Merveilles-d-Abeilles-b69/New-roots-b74/subcat.Url vs /fr/Coeur-et-sante-generale-c106/Merveilles-d-Abeilles-b69/New-roots-b74. Lang:fr
11:27:22 Listing url is not the same: /fr/Concentration-memoire-migraine-c56/Boiron-b61/Natural-Factors-b71/New-roots-b74/p.UrlBrand vs /fr/Concentration-memoire-migraine-c56/Boiron-b61/Natural-Factors-b71/New-roots-b74. Lang:fr
11:27:35 Listing url is not the same: /fr/Sante-des-enfants-c108/A-Vogel-b54/Bach-b137/Boiron-b61/addressLink vs /fr/Sante-des-enfants-c108/A-Vogel-b54/Bach-b137/Boiron-b61. Lang:fr
11:27:38 Listing url is not the same: /fr/Sommeil-c88/Merveilles-d-Abeilles-b69/New-roots-b74/promotion.Url vs /fr/Sommeil-c88/Merveilles-d-Abeilles-b69/New-roots-b74. Lang:fr
11:28:03 Listing url is not the same: /fr/Homeopathie-c12/Boiron-b61/Natural-Factors-b71/Nature-Clean-b72/urlBilingual vs /fr/Homeopathie-c12/Boiron-b61/Natural-Factors-b71/Nature-Clean-b72. Lang:fr
11:28:04 Listing url is not the same: /fr/Inflammation-c98/Boiron-b61/Natural-Factors-b71/Nature-Clean-b72/cat.Url vs /fr/Inflammation-c98/Boiron-b61/Natural-Factors-b71/Nature-Clean-b72. Lang:fr
11:29:11 Listing url is not the same: /fr/Coeur-et-sante-generale-c106/A-Vogel-b54/Boiron-b61/Clef-des-champs-b26/Merveilles-d-Abeilles-b69/Natural-Factors-b71/addressLink vs /fr/Coeur-et-sante-generale-c106/A-Vogel-b54/Boiron-b61/Clef-des-champs-b26/Merveilles-d-Abeilles-b69/Natural-Factors-b71. Lang:fr
11:29:12 Listing url is not the same: /fr/Coeur-et-sante-generale-c106/Boiron-b61/Natural-Factors-b71/Nature-Clean-b72/urlBilingual vs /fr/Coeur-et-sante-generale-c106/Boiron-b61/Natural-Factors-b71/Nature-Clean-b72. Lang:fr
11:29:13 Listing url is not the same: /fr/Concentration-memoire-migraine-c56/Druide-b63/Natural-Factors-b71/New-roots-b74/b.Url vs /fr/Concentration-memoire-migraine-c56/Druide-b63/Natural-Factors-b71/New-roots-b74. Lang:fr
11:29:16 Listing url is not the same: /fr/Cosmetique-parfum-et-deodorant-c60/Bach-b137/Druide-b63/addressLink vs /fr/Cosmetique-parfum-et-deodorant-c60/Bach-b137/Druide-b63. Lang:fr
11:31:31 Listing url is not the same: /fr/Coeur-et-sante-generale-c106/Druide-b63/Meditrina-b68/New-roots-b74/brand.Url vs /fr/Coeur-et-sante-generale-c106/Druide-b63/Meditrina-b68/New-roots-b74. Lang:fr
11:31:35 Listing url is not the same: /fr/Rhume-grippe-voie-respiratoire-c57/Clef-des-champs-b26/Le-Tournesol-ANB-b64/New-roots-b74/cat.Url vs /fr/Rhume-grippe-voie-respiratoire-c57/Clef-des-champs-b26/Le-Tournesol-ANB-b64/New-roots-b74. Lang:fr
11:31:46 Listing url is not the same: /fr/soin-du-corps-c86/Merveilles-d-Abeilles-b69/New-roots-b74/brand.Url vs /fr/Soin-du-corps-c86/Merveilles-d-Abeilles-b69/New-roots-b74. Lang:fr
11:34:36 Listing url is not the same: /fr/Homeopathie-c12/A-Vogel-b54/Bach-b137/Druide-b63/cat.Url vs /fr/Homeopathie-c12/A-Vogel-b54/Bach-b137/Druide-b63. Lang:fr
11:34:38 Listing url is not the same: /fr/Sante-des-femmes-c100/Boiron-b61/Druide-b63/Natural-Factors-b71/New-roots-b74/urlBilingual vs /fr/Sante-des-femmes-c100/Boiron-b61/Druide-b63/Natural-Factors-b71/New-roots-b74. Lang:fr
11:34:39 Listing url is not the same: /fr/Sante-des-femmes-c100/Clef-des-champs-b26/Natural-Factors-b71/Nature-Clean-b72/New-roots-b74/brand.Url vs /fr/Sante-des-femmes-c100/Clef-des-champs-b26/Natural-Factors-b71/Nature-Clean-b72/New-roots-b74. Lang:fr
11:34:42 Listing url is not the same: /fr/soin-du-corps-c86/Druide-b63/Meditrina-b68/New-roots-b74/p.Url vs /fr/Soin-du-corps-c86/Druide-b63/Meditrina-b68/New-roots-b74. Lang:fr
12:49:00 Listing url is not the same: /fr/Cosmetique-parfum-et-deodorant-c60/Clef-des-champs-b26/Druide-b63/Natural-Factors-b71/New-roots-b74/brand.Url vs /fr/Cosmetique-parfum-et-deodorant-c60/Clef-des-champs-b26/Druide-b63/Natural-Factors-b71/New-roots-b74. Lang:fr
15:48:05 Listing url is not the same: /fr/Antioxydants-c62/A-Vogel-b54/Anokian-b58/Boiron-b61/Clef-des-champs-b26/p.UrlBrand vs /fr/Antioxydants-c62/A-Vogel-b54/Anokian-b58/Boiron-b61/Clef-des-champs-b26. Lang:fr
15:48:38 Listing url is not the same: /fr/Rhume-grippe-voie-respiratoire-c57/A-Vogel-b54/Bach-b137/Boiron-b61/urlBilingual vs /fr/Rhume-grippe-voie-respiratoire-c57/A-Vogel-b54/Bach-b137/Boiron-b61. Lang:fr
17:48:46 Listing url is not the same: /fr/Stress-c97/A-Vogel-b54/Boiron-b61/Clef-des-champs-b26/Nature-Clean-b72/p.Url vs /fr/Stress-c97/A-Vogel-b54/Boiron-b61/Clef-des-champs-b26/Nature-Clean-b72. Lang:fr
17:49:41 Listing url is not the same: /fr/Stress-c97/Clef-des-champs-b26/Druide-b63/Meditrina-b68/New-roots-b74/brand.Url vs /fr/Stress-c97/Clef-des-champs-b26/Druide-b63/Meditrina-b68/New-roots-b74. Lang:fr
18:36:57 Listing url is not the same: /fr/Allergies-c55/A-Vogel-b54/Nature-Clean-b72/New-roots-b74/p.Url vs /fr/Allergies-c55/A-Vogel-b54/Nature-Clean-b72/New-roots-b74. Lang:fr
18:37:16 Listing url is not the same: /fr/Inflammation-c98/A-Vogel-b54/Boiron-b61/Clef-des-champs-b26/Nature-Clean-b72/p.Url vs /fr/Inflammation-c98/A-Vogel-b54/Boiron-b61/Clef-des-champs-b26/Nature-Clean-b72. Lang:fr
22:03:56 Listing url is not the same: /fr/Stress-c97/A-Vogel-b54/Boiron-b61/Clef-des-champs-b26/Nature-Clean-b72/b.Url vs /fr/Stress-c97/A-Vogel-b54/Boiron-b61/Clef-des-champs-b26/Nature-Clean-b72. Lang:fr
