00:29:08 Listing url is not the same: /fr/A-Vogel-b54/Boiron-b61/Clef-des-champs-b26/Druide-b63/Le-Tournesol-ANB-b64/Meditrina-b68/Natural-Factors-b71/Nature-Clean-b72/New-roots-b74/urlBilingual vs /fr/A-Vogel-b54/Boiron-b61/Clef-des-champs-b26/Druide-b63/Le-Tournesol-ANB-b64/Meditrina-b68/Natural-Factors-b71/Nature-Clean-b72/New-roots-b74. Lang:fr
00:30:16 Listing url is not the same: /fr/Detox-Digestion-c87/A-Vogel-b54/Medelys-b128/cat.Url vs /fr/Detox-Digestion-c87/A-Vogel-b54/Medelys-b128. Lang:fr
00:31:07 Listing url is not the same: /fr/Rhume-grippe-voie-respiratoire-c57/A-Vogel-b54/Natural-Factors-b71/New-roots-b74/p.Url vs /fr/Rhume-grippe-voie-respiratoire-c57/A-Vogel-b54/Natural-Factors-b71/New-roots-b74. Lang:fr
00:31:18 Listing url is not the same: /fr/Sante-des-femmes-c100/Merveilles-d-Abeilles-b69/New-roots-b74/brand.Url vs /fr/Sante-des-femmes-c100/Merveilles-d-Abeilles-b69/New-roots-b74. Lang:fr
00:31:27 Listing url is not the same: /fr/Systeme-immunitaire-c93/A-Vogel-b54/Merveilles-d-Abeilles-b69/Natural-Factors-b71/promotion.Url vs /fr/Systeme-immunitaire-c93/A-Vogel-b54/Merveilles-d-Abeilles-b69/Natural-Factors-b71. Lang:fr
00:31:35 Listing url is not the same: /fr/Clef-des-champs-b26/Druide-b63/Le-Tournesol-ANB-b64/Natural-Factors-b71/Nature-Clean-b72/New-roots-b74/brand.Url vs /fr/Clef-des-champs-b26/Druide-b63/Le-Tournesol-ANB-b64/Natural-Factors-b71/Nature-Clean-b72/New-roots-b74. Lang:fr
00:31:43 Listing url is not the same: /fr/Clef-des-champs-b26/Druide-b63/Merveilles-d-Abeilles-b69/Natural-Factors-b71/Nature-Clean-b72/New-roots-b74/urlBilingual vs /fr/Clef-des-champs-b26/Druide-b63/Merveilles-d-Abeilles-b69/Natural-Factors-b71/Nature-Clean-b72/New-roots-b74. Lang:fr
00:32:03 Listing url is not the same: /fr/Inflammation-c98/A-Vogel-b54/Boiron-b61/Clef-des-champs-b26/Merveilles-d-Abeilles-b69/Natural-Factors-b71/b.Url vs /fr/Inflammation-c98/A-Vogel-b54/Boiron-b61/Clef-des-champs-b26/Merveilles-d-Abeilles-b69/Natural-Factors-b71. Lang:fr
00:32:06 Listing url is not the same: /fr/Inflammation-c98/Clef-des-champs-b26/Druide-b63/Natural-Factors-b71/Nature-Clean-b72/b.Url vs /fr/Inflammation-c98/Clef-des-champs-b26/Druide-b63/Natural-Factors-b71/Nature-Clean-b72. Lang:fr
00:32:09 Listing url is not the same: /fr/Sommeil-c88/Bach-b137/Merveilles-d-Abeilles-b69/b.Url vs /fr/Sommeil-c88/Bach-b137/Merveilles-d-Abeilles-b69. Lang:fr
00:32:14 Listing url is not the same: /fr/Concentration-memoire-migraine-c56/A-Vogel-b54/Boiron-b61/Clef-des-champs-b26/Druide-b63/Nature-Clean-b72/urlBilingual vs /fr/Concentration-memoire-migraine-c56/A-Vogel-b54/Boiron-b61/Clef-des-champs-b26/Druide-b63/Nature-Clean-b72. Lang:fr
00:32:20 Listing url is not the same: /fr/Fatigue-c99/Clef-des-champs-b26/Healthology-b116/urlBilingual vs /fr/Fatigue-c99/Clef-des-champs-b26/Healthology-b116. Lang:fr
00:32:31 Listing url is not the same: /fr/Sante-des-enfants-c108/Clef-des-champs-b26/Numi-tea-b124/subcat.Url vs /fr/Sante-des-enfants-c108/Clef-des-champs-b26/Numi-tea-b124. Lang:fr
00:32:34 Listing url is not the same: /fr/Systeme-immunitaire-c93/A-Vogel-b54/Anokian-b58/Meditrina-b68/Nature-Clean-b72/b.Url vs /fr/Systeme-immunitaire-c93/A-Vogel-b54/Anokian-b58/Meditrina-b68/Nature-Clean-b72. Lang:fr
01:10:15 Listing url is not the same: /fr/Concentration-memoire-migraine-c56/A-Vogel-b54/Clef-des-champs-b26/Druide-b63/New-roots-b74/promotion.Url vs /fr/Concentration-memoire-migraine-c56/A-Vogel-b54/Clef-des-champs-b26/Druide-b63/New-roots-b74. Lang:fr
01:10:37 Listing url is not the same: /fr/Homeopathie-c12/Boiron-b61/Le-Tournesol-ANB-b64/New-roots-b74/cat.Url vs /fr/Homeopathie-c12/Boiron-b61/Le-Tournesol-ANB-b64/New-roots-b74. Lang:fr
01:13:06 Listing url is not the same: /fr/Antioxydants-c62/Leo-Desilet-b66/Meditrina-b68/subcat.Url vs /fr/Antioxydants-c62/Leo-Desilet-b66/Meditrina-b68. Lang:fr
01:13:19 Listing url is not the same: /fr/Concentration-memoire-migraine-c56/Boiron-b61/Meditrina-b68/New-roots-b74/subcat.Url vs /fr/Concentration-memoire-migraine-c56/Boiron-b61/Meditrina-b68/New-roots-b74. Lang:fr
01:14:16 Listing url is not the same: /fr/Sommeil-c88/Clef-des-champs-b26/Druide-b63/Meditrina-b68/New-roots-b74/urlBilingual vs /fr/Sommeil-c88/Clef-des-champs-b26/Druide-b63/Meditrina-b68/New-roots-b74. Lang:fr
01:14:40 Listing url is not the same: /fr/Allergies-c55/A-Vogel-b54/Bach-b137/Druide-b63/p.UrlBrand vs /fr/Allergies-c55/A-Vogel-b54/Bach-b137/Druide-b63. Lang:fr
01:14:53 Listing url is not the same: /fr/Allergies-c55/Boiron-b61/Nature-Clean-b72/New-roots-b74/cat.Url vs /fr/Allergies-c55/Boiron-b61/Nature-Clean-b72/New-roots-b74. Lang:fr
01:15:02 Listing url is not the same: /fr/Antioxydants-c62/Anokian-b58/Natural-Factors-b71/New-roots-b74/p.Url vs /fr/Antioxydants-c62/Anokian-b58/Natural-Factors-b71/New-roots-b74. Lang:fr
01:15:15 Listing url is not the same: /fr/Concentration-memoire-migraine-c56/Clef-des-champs-b26/Druide-b63/Natural-Factors-b71/New-roots-b74/subcat.Url vs /fr/Concentration-memoire-migraine-c56/Clef-des-champs-b26/Druide-b63/Natural-Factors-b71/New-roots-b74. Lang:fr
01:15:20 Listing url is not the same: /fr/Homeopathie-c12/Boiron-b61/Le-Tournesol-ANB-b64/Merveilles-d-Abeilles-b69/promotion.Url vs /fr/Homeopathie-c12/Boiron-b61/Le-Tournesol-ANB-b64/Merveilles-d-Abeilles-b69. Lang:fr
01:15:21 Listing url is not the same: /fr/Inflammation-c98/Boiron-b61/Natural-Factors-b71/Nature-Clean-b72/b.Url vs /fr/Inflammation-c98/Boiron-b61/Natural-Factors-b71/Nature-Clean-b72. Lang:fr
01:15:22 Listing url is not the same: /fr/Inflammation-c98/Clef-des-champs-b26/Druide-b63/Merveilles-d-Abeilles-b69/Nature-Clean-b72/cat.Url vs /fr/Inflammation-c98/Clef-des-champs-b26/Druide-b63/Merveilles-d-Abeilles-b69/Nature-Clean-b72. Lang:fr
01:15:23 Listing url is not the same: /fr/Inflammation-c98/Clef-des-champs-b26/Meditrina-b68/Natural-Factors-b71/New-roots-b74/brand.Url vs /fr/Inflammation-c98/Clef-des-champs-b26/Meditrina-b68/Natural-Factors-b71/New-roots-b74. Lang:fr
01:15:31 Listing url is not the same: /fr/Sante-des-enfants-c108/Bach-b137/Clef-des-champs-b26/New-roots-b74/b.Url vs /fr/Sante-des-enfants-c108/Bach-b137/Clef-des-champs-b26/New-roots-b74. Lang:fr
01:15:32 Listing url is not the same: /fr/Sante-des-femmes-c100/Clef-des-champs-b26/Flora-b123/Natural-Factors-b71/addressLink vs /fr/Sante-des-femmes-c100/Clef-des-champs-b26/Flora-b123/Natural-Factors-b71. Lang:fr
01:15:33 Listing url is not the same: /fr/Sommeil-c88/Clef-des-champs-b26/Le-Tournesol-ANB-b64/Meditrina-b68/Nature-Clean-b72/b.Url vs /fr/Sommeil-c88/Clef-des-champs-b26/Le-Tournesol-ANB-b64/Meditrina-b68/Nature-Clean-b72. Lang:fr
01:15:34 Listing url is not the same: /fr/Stress-c97/Anokian-b58/Bach-b137/Clef-des-champs-b26/p.UrlBrand vs /fr/Stress-c97/Anokian-b58/Bach-b137/Clef-des-champs-b26. Lang:fr
01:15:35 Listing url is not the same: /fr/Systeme-immunitaire-c93/A-Vogel-b54/Druide-b63/Flora-b123/promotion.Url vs /fr/Systeme-immunitaire-c93/A-Vogel-b54/Druide-b63/Flora-b123. Lang:fr
01:15:36 Listing url is not the same: /fr/Systeme-immunitaire-c93/Boiron-b61/Clef-des-champs-b26/Flora-b123/urlBilingual vs /fr/Systeme-immunitaire-c93/Boiron-b61/Clef-des-champs-b26/Flora-b123. Lang:fr
01:15:36 Listing url is not the same: /fr/Systeme-immunitaire-c93/Clef-des-champs-b26/Meditrina-b68/Nature-Clean-b72/New-roots-b74/brand.Url vs /fr/Systeme-immunitaire-c93/Clef-des-champs-b26/Meditrina-b68/Nature-Clean-b72/New-roots-b74. Lang:fr
01:47:59 Listing url is not the same: /fr/Concentration-memoire-migraine-c56/Le-Tournesol-ANB-b64/New-roots-b74/urlBilingual vs /fr/Concentration-memoire-migraine-c56/Le-Tournesol-ANB-b64/New-roots-b74. Lang:fr
01:51:48 Listing url is not the same: /fr/Cosmetique-parfum-et-deodorant-c60/Clef-des-champs-b26/Druide-b63/Flora-b123/addressLink vs /fr/Cosmetique-parfum-et-deodorant-c60/Clef-des-champs-b26/Druide-b63/Flora-b123. Lang:fr
01:53:07 Listing url is not the same: /fr/Rhume-grippe-voie-respiratoire-c57/Clef-des-champs-b26/Medelys-b128/b.Url vs /fr/Rhume-grippe-voie-respiratoire-c57/Clef-des-champs-b26/Medelys-b128. Lang:fr
01:55:37 Listing url is not the same: /fr/Homeopathie-c12/A-Vogel-b54/Boiron-b61/Clef-des-champs-b26/Nature-Clean-b72/addressLink vs /fr/Homeopathie-c12/A-Vogel-b54/Boiron-b61/Clef-des-champs-b26/Nature-Clean-b72. Lang:fr
01:56:09 Listing url is not the same: /fr/Homeopathie-c12/Druide-b63/Meditrina-b68/New-roots-b74/b.Url vs /fr/Homeopathie-c12/Druide-b63/Meditrina-b68/New-roots-b74. Lang:fr
01:56:37 Listing url is not the same: /fr/Stress-c97/Medelys-b128/b.Url vs /fr/Stress-c97/Medelys-b128. Lang:fr
01:56:49 Listing url is not the same: /fr/Systeme-immunitaire-c93/A-Vogel-b54/Clef-des-champs-b26/Meditrina-b68/Nature-Clean-b72/urlBilingual vs /fr/Systeme-immunitaire-c93/A-Vogel-b54/Clef-des-champs-b26/Meditrina-b68/Nature-Clean-b72. Lang:fr
01:57:00 Listing url is not the same: /fr/Allergies-c55/A-Vogel-b54/Bach-b137/Boiron-b61/Clef-des-champs-b26/addressLink vs /fr/Allergies-c55/A-Vogel-b54/Bach-b137/Boiron-b61/Clef-des-champs-b26. Lang:fr
01:57:11 Listing url is not the same: /fr/Allergies-c55/A-Vogel-b54/Bach-b137/Boiron-b61/Clef-des-champs-b26/b.Url vs /fr/Allergies-c55/A-Vogel-b54/Bach-b137/Boiron-b61/Clef-des-champs-b26. Lang:fr
01:57:46 Listing url is not the same: /fr/Sante-des-femmes-c100/Medelys-b128/brand.Url vs /fr/Sante-des-femmes-c100/Medelys-b128. Lang:fr
01:57:51 Listing url is not the same: /fr/Sommeil-c88/A-Vogel-b54/Boiron-b61/Clef-des-champs-b26/Druide-b63/Nature-Clean-b72/addressLink vs /fr/Sommeil-c88/A-Vogel-b54/Boiron-b61/Clef-des-champs-b26/Druide-b63/Nature-Clean-b72. Lang:fr
01:57:55 Listing url is not the same: /fr/Sommeil-c88/A-Vogel-b54/Boiron-b61/Clef-des-champs-b26/Nature-Clean-b72/p.Url vs /fr/Sommeil-c88/A-Vogel-b54/Boiron-b61/Clef-des-champs-b26/Nature-Clean-b72. Lang:fr
01:58:36 Listing url is not the same: /fr/Allergies-c55/A-Vogel-b54/Nature-Clean-b72/New-roots-b74/addressLink vs /fr/Allergies-c55/A-Vogel-b54/Nature-Clean-b72/New-roots-b74. Lang:fr
01:58:44 Listing url is not the same: /fr/Coeur-et-sante-generale-c106/Boiron-b61/Clef-des-champs-b26/Natural-Factors-b71/New-roots-b74/addressLink vs /fr/Coeur-et-sante-generale-c106/Boiron-b61/Clef-des-champs-b26/Natural-Factors-b71/New-roots-b74. Lang:fr
01:58:47 Listing url is not the same: /fr/Concentration-memoire-migraine-c56/Boiron-b61/Druide-b63/Natural-Factors-b71/New-roots-b74/p.UrlBrand vs /fr/Concentration-memoire-migraine-c56/Boiron-b61/Druide-b63/Natural-Factors-b71/New-roots-b74. Lang:fr
01:58:50 Listing url is not the same: /fr/Concentration-memoire-migraine-c56/Clef-des-champs-b26/Druide-b63/Meditrina-b68/New-roots-b74/cat.Url vs /fr/Concentration-memoire-migraine-c56/Clef-des-champs-b26/Druide-b63/Meditrina-b68/New-roots-b74. Lang:fr
01:58:52 Listing url is not the same: /fr/Detox-Digestion-c87/Flora-b123/Meditrina-b68/Natural-Factors-b71/p.Url vs /fr/Detox-Digestion-c87/Flora-b123/Meditrina-b68/Natural-Factors-b71. Lang:fr
01:58:58 Listing url is not the same: /fr/Fatigue-c99/Bach-b137/Druide-b63/brand.Url vs /fr/Fatigue-c99/Bach-b137/Druide-b63. Lang:fr
01:59:13 Listing url is not the same: /fr/Rhume-grippe-voie-respiratoire-c57/A-Vogel-b54/Clef-des-champs-b26/Flora-b123/cat.Url vs /fr/Rhume-grippe-voie-respiratoire-c57/A-Vogel-b54/Clef-des-champs-b26/Flora-b123. Lang:fr
01:59:39 Listing url is not the same: /fr/Stress-c97/Boiron-b61/Medelys-b128/brand.Url vs /fr/Stress-c97/Boiron-b61/Medelys-b128. Lang:fr
01:59:42 Listing url is not the same: /fr/Stress-c97/Druide-b63/Flora-b123/b.Url vs /fr/Stress-c97/Druide-b63/Flora-b123. Lang:fr
01:59:47 Listing url is not the same: /fr/Systeme-immunitaire-c93/A-Vogel-b54/Druide-b63/Flora-b123/p.UrlBrand vs /fr/Systeme-immunitaire-c93/A-Vogel-b54/Druide-b63/Flora-b123. Lang:fr
01:59:52 Listing url is not the same: /fr/Systeme-immunitaire-c93/A-Vogel-b54/Druide-b63/Medelys-b128/b.Url vs /fr/Systeme-immunitaire-c93/A-Vogel-b54/Druide-b63/Medelys-b128. Lang:fr
01:59:59 Listing url is not the same: /fr/Tisane-c24/Boiron-b61/Clef-des-champs-b26/p.UrlBrand vs /fr/Tisane-c24/Boiron-b61/Clef-des-champs-b26. Lang:fr
02:00:05 Listing url is not the same: /fr/soin-du-corps-c86/Boiron-b61/Clef-des-champs-b26/Druide-b63/New-roots-b74/urlBilingual vs /fr/Soin-du-corps-c86/Boiron-b61/Clef-des-champs-b26/Druide-b63/New-roots-b74. Lang:fr
02:00:13 Listing url is not the same: /fr/A-Vogel-b54/Clef-des-champs-b26/Le-Tournesol-ANB-b64/Meditrina-b68/Natural-Factors-b71/Nature-Clean-b72/urlBilingual vs /fr/A-Vogel-b54/Clef-des-champs-b26/Le-Tournesol-ANB-b64/Meditrina-b68/Natural-Factors-b71/Nature-Clean-b72. Lang:fr
02:00:27 Listing url is not the same: /fr/Inflammation-c98/A-Vogel-b54/Clef-des-champs-b26/Natural-Factors-b71/New-roots-b74/addressLink vs /fr/Inflammation-c98/A-Vogel-b54/Clef-des-champs-b26/Natural-Factors-b71/New-roots-b74. Lang:fr
02:39:13 Listing url is not the same: /fr/Homeopathie-c12/A-Vogel-b54/Boiron-b61/Natural-Factors-b71/b.Url vs /fr/Homeopathie-c12/A-Vogel-b54/Boiron-b61/Natural-Factors-b71. Lang:fr
02:40:14 Listing url is not the same: /fr/Homeopathie-c12/Le-Tournesol-ANB-b64/New-roots-b74/cat.Url vs /fr/Homeopathie-c12/Le-Tournesol-ANB-b64/New-roots-b74. Lang:fr
02:40:41 Listing url is not the same: /fr/Huiles-magiques-de-wicca-c65/Le-Tournesol-ANB-b64/New-roots-b74/cat.Url vs /fr/Huiles-magiques-de-wicca-c65/Le-Tournesol-ANB-b64/New-roots-b74. Lang:fr
02:50:37 Listing url is not the same: /fr/Systeme-immunitaire-c93/Merveilles-d-Abeilles-b69/New-roots-b74/promotion.Url vs /fr/Systeme-immunitaire-c93/Merveilles-d-Abeilles-b69/New-roots-b74. Lang:fr
02:53:33 Listing url is not the same: /fr/Homeopathie-c12/Boiron-b61/Clef-des-champs-b26/Natural-Factors-b71/Nature-Clean-b72/urlBilingual vs /fr/Homeopathie-c12/Boiron-b61/Clef-des-champs-b26/Natural-Factors-b71/Nature-Clean-b72. Lang:fr
02:53:59 Listing url is not the same: /fr/Homeopathie-c12/Druide-b63/Meditrina-b68/New-roots-b74/brand.Url vs /fr/Homeopathie-c12/Druide-b63/Meditrina-b68/New-roots-b74. Lang:fr
02:54:47 Listing url is not the same: /fr/Sante-des-femmes-c100/Boiron-b61/Natural-Factors-b71/New-roots-b74/subcat.Url vs /fr/Sante-des-femmes-c100/Boiron-b61/Natural-Factors-b71/New-roots-b74. Lang:fr
02:55:34 Listing url is not the same: /fr/Stress-c97/A-Vogel-b54/Clef-des-champs-b26/Le-Tournesol-ANB-b64/Natural-Factors-b71/cat.Url vs /fr/Stress-c97/A-Vogel-b54/Clef-des-champs-b26/Le-Tournesol-ANB-b64/Natural-Factors-b71. Lang:fr
02:55:54 Listing url is not the same: /fr/Allergies-c55/A-Vogel-b54/Bach-b137/Boiron-b61/Clef-des-champs-b26/p.Url vs /fr/Allergies-c55/A-Vogel-b54/Bach-b137/Boiron-b61/Clef-des-champs-b26. Lang:fr
02:56:49 Listing url is not the same: /fr/Fatigue-c99/A-Vogel-b54/Boiron-b61/Clef-des-champs-b26/Nature-Clean-b72/promotion.Url vs /fr/Fatigue-c99/A-Vogel-b54/Boiron-b61/Clef-des-champs-b26/Nature-Clean-b72. Lang:fr
02:57:48 Listing url is not the same: /fr/Sante-des-enfants-c108/Clef-des-champs-b26/Numi-tea-b124/cat.Url vs /fr/Sante-des-enfants-c108/Clef-des-champs-b26/Numi-tea-b124. Lang:fr
02:58:01 Listing url is not the same: /fr/Sante-des-femmes-c100/Clef-des-champs-b26/Le-Tournesol-ANB-b64/Merveilles-d-Abeilles-b69/Nature-Clean-b72/subcat.Url vs /fr/Sante-des-femmes-c100/Clef-des-champs-b26/Le-Tournesol-ANB-b64/Merveilles-d-Abeilles-b69/Nature-Clean-b72. Lang:fr
02:58:22 Listing url is not the same: /fr/Sante-des-femmes-c100/Medelys-b128/b.Url vs /fr/Sante-des-femmes-c100/Medelys-b128. Lang:fr
02:58:48 Listing url is not the same: /fr/Allergies-c55/A-Vogel-b54/Nature-Clean-b72/New-roots-b74/p.UrlBrand vs /fr/Allergies-c55/A-Vogel-b54/Nature-Clean-b72/New-roots-b74. Lang:fr
02:58:54 Listing url is not the same: /fr/Allergies-c55/Clef-des-champs-b26/Natural-Factors-b71/Nature-Clean-b72/New-roots-b74/promotion.Url vs /fr/Allergies-c55/Clef-des-champs-b26/Natural-Factors-b71/Nature-Clean-b72/New-roots-b74. Lang:fr
02:59:04 Listing url is not the same: /fr/Coeur-et-sante-generale-c106/Boiron-b61/Clef-des-champs-b26/Natural-Factors-b71/New-roots-b74/promotion.Url vs /fr/Coeur-et-sante-generale-c106/Boiron-b61/Clef-des-champs-b26/Natural-Factors-b71/New-roots-b74. Lang:fr
02:59:08 Listing url is not the same: /fr/Coeur-et-sante-generale-c106/Clef-des-champs-b26/Healthology-b116/Kyolic-b115/brand.Url vs /fr/Coeur-et-sante-generale-c106/Clef-des-champs-b26/Healthology-b116/Kyolic-b115. Lang:fr
02:59:11 Listing url is not the same: /fr/Coeur-et-sante-generale-c106/Clef-des-champs-b26/Meditrina-b68/Natural-Factors-b71/Nature-Clean-b72/promotion.Url vs /fr/Coeur-et-sante-generale-c106/Clef-des-champs-b26/Meditrina-b68/Natural-Factors-b71/Nature-Clean-b72. Lang:fr
02:59:18 Listing url is not the same: /fr/Inflammation-c98/A-Vogel-b54/Clef-des-champs-b26/Flora-b123/p.Url vs /fr/Inflammation-c98/A-Vogel-b54/Clef-des-champs-b26/Flora-b123. Lang:fr
02:59:20 Listing url is not the same: /fr/Inflammation-c98/Druide-b63/New-roots-b74/p.Url vs /fr/Inflammation-c98/Druide-b63/New-roots-b74. Lang:fr
02:59:25 Listing url is not the same: /fr/Sante-des-femmes-c100/Anokian-b58/Boiron-b61/Meditrina-b68/subcat.Url vs /fr/Sante-des-femmes-c100/Anokian-b58/Boiron-b61/Meditrina-b68. Lang:fr
02:59:26 Listing url is not the same: /fr/Sante-des-femmes-c100/Clef-des-champs-b26/Druide-b63/Le-Tournesol-ANB-b64/Leo-Desilet-b66/promotion.Url vs /fr/Sante-des-femmes-c100/Clef-des-champs-b26/Druide-b63/Le-Tournesol-ANB-b64/Leo-Desilet-b66. Lang:fr
02:59:31 Listing url is not the same: /fr/Stress-c97/Boiron-b61/Medelys-b128/promotion.Url vs /fr/Stress-c97/Boiron-b61/Medelys-b128. Lang:fr
03:27:10 Listing url is not the same: /fr/A-Vogel-b54/Boiron-b61/Clef-des-champs-b26/Druide-b63/Le-Tournesol-ANB-b64/Meditrina-b68/Natural-Factors-b71/Nature-Clean-b72/New-roots-b74/cat.Url vs /fr/A-Vogel-b54/Boiron-b61/Clef-des-champs-b26/Druide-b63/Le-Tournesol-ANB-b64/Meditrina-b68/Natural-Factors-b71/Nature-Clean-b72/New-roots-b74. Lang:fr
03:27:22 Listing url is not the same: /fr/Allergies-c55/Boiron-b61/Natural-Factors-b71/New-roots-b74/addressLink vs /fr/Allergies-c55/Boiron-b61/Natural-Factors-b71/New-roots-b74. Lang:fr
03:27:44 Listing url is not the same: /fr/Chandelles-c70/Merveilles-d-Abeilles-b69/New-roots-b74/urlBilingual vs /fr/Chandelles-c70/Merveilles-d-Abeilles-b69/New-roots-b74. Lang:fr
03:28:43 Listing url is not the same: /fr/Sante-des-enfants-c108/Clef-des-champs-b26/Meditrina-b68/Natural-Factors-b71/New-roots-b74/subcat.Url vs /fr/Sante-des-enfants-c108/Clef-des-champs-b26/Meditrina-b68/Natural-Factors-b71/New-roots-b74. Lang:fr
03:28:54 Listing url is not the same: /fr/Sommeil-c88/Merveilles-d-Abeilles-b69/New-roots-b74/addressLink vs /fr/Sommeil-c88/Merveilles-d-Abeilles-b69/New-roots-b74. Lang:fr
03:29:17 Listing url is not the same: /fr/Homeopathie-c12/A-Vogel-b54/Bach-b137/Boiron-b61/p.UrlBrand vs /fr/Homeopathie-c12/A-Vogel-b54/Bach-b137/Boiron-b61. Lang:fr
03:30:42 Listing url is not the same: /fr/Detox-Digestion-c87/Leo-Desilet-b66/addressLink vs /fr/Detox-Digestion-c87/Leo-Desilet-b66. Lang:fr
03:31:43 Listing url is not the same: /fr/Stress-c97/Medelys-b128/urlBilingual vs /fr/Stress-c97/Medelys-b128. Lang:fr
03:33:01 Listing url is not the same: /fr/Allergies-c55/Boiron-b61/Nature-Clean-b72/New-roots-b74/p.UrlBrand vs /fr/Allergies-c55/Boiron-b61/Nature-Clean-b72/New-roots-b74. Lang:fr
03:33:58 Listing url is not the same: /fr/Antioxydants-c62/Anokian-b58/Natural-Factors-b71/New-roots-b74/promotion.Url vs /fr/Antioxydants-c62/Anokian-b58/Natural-Factors-b71/New-roots-b74. Lang:fr
03:34:25 Listing url is not the same: /fr/Coeur-et-sante-generale-c106/A-Vogel-b54/Clef-des-champs-b26/Druide-b63/New-roots-b74/b.Url vs /fr/Coeur-et-sante-generale-c106/A-Vogel-b54/Clef-des-champs-b26/Druide-b63/New-roots-b74. Lang:fr
03:34:50 Listing url is not the same: /fr/Detox-Digestion-c87/A-Vogel-b54/Clef-des-champs-b26/Flora-b123/Natural-Factors-b71/cat.Url vs /fr/Detox-Digestion-c87/A-Vogel-b54/Clef-des-champs-b26/Flora-b123/Natural-Factors-b71. Lang:fr
03:37:04 Listing url is not the same: /fr/Sommeil-c88/Clef-des-champs-b26/Numi-tea-b124/p.Url vs /fr/Sommeil-c88/Clef-des-champs-b26/Numi-tea-b124. Lang:fr
03:38:13 Listing url is not the same: /fr/Inflammation-c98/A-Vogel-b54/Bach-b137/Clef-des-champs-b26/Druide-b63/subcat.Url vs /fr/Inflammation-c98/A-Vogel-b54/Bach-b137/Clef-des-champs-b26/Druide-b63. Lang:fr
03:39:08 Listing url is not the same: /fr/Systeme-immunitaire-c93/Anokian-b58/New-roots-b74/addressLink vs /fr/Systeme-immunitaire-c93/Anokian-b58/New-roots-b74. Lang:fr
04:16:54 Listing url is not the same: /fr/Sante-des-enfants-c108/Clef-des-champs-b26/Medelys-b128/addressLink vs /fr/Sante-des-enfants-c108/Clef-des-champs-b26/Medelys-b128. Lang:fr
04:17:04 Listing url is not the same: /fr/Sommeil-c88/Leo-Desilet-b66/p.Url vs /fr/Sommeil-c88/Leo-Desilet-b66. Lang:fr
04:17:12 Listing url is not the same: /fr/Stress-c97/A-Vogel-b54/Clef-des-champs-b26/Nature-Clean-b72/promotion.Url vs /fr/Stress-c97/A-Vogel-b54/Clef-des-champs-b26/Nature-Clean-b72. Lang:fr
04:20:09 Listing url is not the same: /fr/Sommeil-c88/Clef-des-champs-b26/Medelys-b128/b.Url vs /fr/Sommeil-c88/Clef-des-champs-b26/Medelys-b128. Lang:fr
04:23:15 Listing url is not the same: /fr/Sommeil-c88/A-Vogel-b54/Merveilles-d-Abeilles-b69/Natural-Factors-b71/p.UrlBrand vs /fr/Sommeil-c88/A-Vogel-b54/Merveilles-d-Abeilles-b69/Natural-Factors-b71. Lang:fr
04:24:35 Listing url is not the same: /fr/Antioxydants-c62/Clef-des-champs-b26/Druide-b63/Natural-Factors-b71/New-roots-b74/cat.Url vs /fr/Antioxydants-c62/Clef-des-champs-b26/Druide-b63/Natural-Factors-b71/New-roots-b74. Lang:fr
04:24:48 Listing url is not the same: /fr/Antioxydants-c62/Clef-des-champs-b26/Druide-b63/Natural-Factors-b71/New-roots-b74/subcat.Url vs /fr/Antioxydants-c62/Clef-des-champs-b26/Druide-b63/Natural-Factors-b71/New-roots-b74. Lang:fr
04:25:37 Listing url is not the same: /fr/Sante-des-femmes-c100/A-Vogel-b54/Clef-des-champs-b26/Nature-Clean-b72/p.Url vs /fr/Sante-des-femmes-c100/A-Vogel-b54/Clef-des-champs-b26/Nature-Clean-b72. Lang:fr
04:25:46 Listing url is not the same: /fr/Systeme-immunitaire-c93/A-Vogel-b54/Boiron-b61/Clef-des-champs-b26/Nature-Clean-b72/subcat.Url vs /fr/Systeme-immunitaire-c93/A-Vogel-b54/Boiron-b61/Clef-des-champs-b26/Nature-Clean-b72. Lang:fr
04:25:51 Listing url is not the same: /fr/soin-du-corps-c86/A-Vogel-b54/Boiron-b61/New-roots-b74/p.UrlBrand vs /fr/Soin-du-corps-c86/A-Vogel-b54/Boiron-b61/New-roots-b74. Lang:fr
04:26:06 Listing url is not the same: /fr/Detox-Digestion-c87/Clef-des-champs-b26/Leo-Desilet-b66/urlBilingual vs /fr/Detox-Digestion-c87/Clef-des-champs-b26/Leo-Desilet-b66. Lang:fr
04:26:15 Listing url is not the same: /fr/Rhume-grippe-voie-respiratoire-c57/Anokian-b58/Clef-des-champs-b26/Natural-Factors-b71/b.Url vs /fr/Rhume-grippe-voie-respiratoire-c57/Anokian-b58/Clef-des-champs-b26/Natural-Factors-b71. Lang:fr
04:26:22 Listing url is not the same: /fr/Sante-des-femmes-c100/Clef-des-champs-b26/Le-Tournesol-ANB-b64/Merveilles-d-Abeilles-b69/Nature-Clean-b72/cat.Url vs /fr/Sante-des-femmes-c100/Clef-des-champs-b26/Le-Tournesol-ANB-b64/Merveilles-d-Abeilles-b69/Nature-Clean-b72. Lang:fr
04:26:25 Listing url is not the same: /fr/Sommeil-c88/A-Vogel-b54/Boiron-b61/Clef-des-champs-b26/Nature-Clean-b72/addressLink vs /fr/Sommeil-c88/A-Vogel-b54/Boiron-b61/Clef-des-champs-b26/Nature-Clean-b72. Lang:fr
04:26:27 Listing url is not the same: /fr/Stress-c97/Clef-des-champs-b26/Leo-Desilet-b66/p.UrlBrand vs /fr/Stress-c97/Clef-des-champs-b26/Leo-Desilet-b66. Lang:fr
04:26:29 Listing url is not the same: /fr/soin-du-corps-c86/Merveilles-d-Abeilles-b69/New-roots-b74/cat.Url vs /fr/Soin-du-corps-c86/Merveilles-d-Abeilles-b69/New-roots-b74. Lang:fr
04:26:33 Listing url is not the same: /fr/Allergies-c55/Druide-b63/Natural-Factors-b71/New-roots-b74/b.Url vs /fr/Allergies-c55/Druide-b63/Natural-Factors-b71/New-roots-b74. Lang:fr
04:26:34 Listing url is not the same: /fr/Allergies-c55/Druide-b63/Natural-Factors-b71/New-roots-b74/urlBilingual vs /fr/Allergies-c55/Druide-b63/Natural-Factors-b71/New-roots-b74. Lang:fr
04:26:35 Listing url is not the same: /fr/Antioxydants-c62/Bach-b137/Meditrina-b68/b.Url vs /fr/Antioxydants-c62/Bach-b137/Meditrina-b68. Lang:fr
04:26:36 Listing url is not the same: /fr/Coeur-et-sante-generale-c106/Boiron-b61/Clef-des-champs-b26/Natural-Factors-b71/New-roots-b74/cat.Url vs /fr/Coeur-et-sante-generale-c106/Boiron-b61/Clef-des-champs-b26/Natural-Factors-b71/New-roots-b74. Lang:fr
04:26:37 Listing url is not the same: /fr/Coeur-et-sante-generale-c106/Clef-des-champs-b26/Meditrina-b68/Natural-Factors-b71/Nature-Clean-b72/addressLink vs /fr/Coeur-et-sante-generale-c106/Clef-des-champs-b26/Meditrina-b68/Natural-Factors-b71/Nature-Clean-b72. Lang:fr
04:26:38 Listing url is not the same: /fr/Detox-Digestion-c87/Flora-b123/Meditrina-b68/Natural-Factors-b71/b.Url vs /fr/Detox-Digestion-c87/Flora-b123/Meditrina-b68/Natural-Factors-b71. Lang:fr
04:26:38 Listing url is not the same: /fr/Inflammation-c98/Clef-des-champs-b26/Le-Tournesol-ANB-b64/New-roots-b74/p.Url vs /fr/Inflammation-c98/Clef-des-champs-b26/Le-Tournesol-ANB-b64/New-roots-b74. Lang:fr
04:26:39 Listing url is not the same: /fr/Sante-des-enfants-c108/Clef-des-champs-b26/Le-Tournesol-ANB-b64/Medelys-b128/addressLink vs /fr/Sante-des-enfants-c108/Clef-des-champs-b26/Le-Tournesol-ANB-b64/Medelys-b128. Lang:fr
04:26:43 Listing url is not the same: /fr/Sante-des-femmes-c100/A-Vogel-b54/Nature-Clean-b72/New-roots-b74/b.Url vs /fr/Sante-des-femmes-c100/A-Vogel-b54/Nature-Clean-b72/New-roots-b74. Lang:fr
04:26:57 Listing url is not the same: /fr/Sommeil-c88/Anokian-b58/Druide-b63/Natural-Factors-b71/b.Url vs /fr/Sommeil-c88/Anokian-b58/Druide-b63/Natural-Factors-b71. Lang:fr
04:27:02 Listing url is not the same: /fr/Sommeil-c88/Druide-b63/Natural-Factors-b71/Nature-Clean-b72/promotion.Url vs /fr/Sommeil-c88/Druide-b63/Natural-Factors-b71/Nature-Clean-b72. Lang:fr
04:27:06 Listing url is not the same: /fr/Stress-c97/A-Vogel-b54/Clef-des-champs-b26/Merveilles-d-Abeilles-b69/New-roots-b74/brand.Url vs /fr/Stress-c97/A-Vogel-b54/Clef-des-champs-b26/Merveilles-d-Abeilles-b69/New-roots-b74. Lang:fr
04:27:10 Listing url is not the same: /fr/Stress-c97/Bach-b137/New-roots-b74/b.Url vs /fr/Stress-c97/Bach-b137/New-roots-b74. Lang:fr
04:27:16 Listing url is not the same: /fr/Systeme-immunitaire-c93/Boiron-b61/Clef-des-champs-b26/Merveilles-d-Abeilles-b69/New-roots-b74/p.Url vs /fr/Systeme-immunitaire-c93/Boiron-b61/Clef-des-champs-b26/Merveilles-d-Abeilles-b69/New-roots-b74. Lang:fr
04:27:18 Listing url is not the same: /fr/Rhume-grippe-voie-respiratoire-c57/Clef-des-champs-b26/Le-Tournesol-ANB-b64/Medelys-b128/promotion.Url vs /fr/Rhume-grippe-voie-respiratoire-c57/Clef-des-champs-b26/Le-Tournesol-ANB-b64/Medelys-b128. Lang:fr
05:02:20 Listing url is not the same: /fr/Fatigue-c99/Clef-des-champs-b26/Medelys-b128/p.UrlBrand vs /fr/Fatigue-c99/Clef-des-champs-b26/Medelys-b128. Lang:fr
05:05:54 Listing url is not the same: /fr/Concentration-memoire-migraine-c56/A-Vogel-b54/Natural-Factors-b71/New-roots-b74/promotion.Url vs /fr/Concentration-memoire-migraine-c56/A-Vogel-b54/Natural-Factors-b71/New-roots-b74. Lang:fr
05:06:25 Listing url is not the same: /fr/Rhume-grippe-voie-respiratoire-c57/A-Vogel-b54/Medelys-b128/subcat.Url vs /fr/Rhume-grippe-voie-respiratoire-c57/A-Vogel-b54/Medelys-b128. Lang:fr
05:08:16 Listing url is not the same: /fr/Systeme-immunitaire-c93/Clef-des-champs-b26/Le-Tournesol-ANB-b64/New-roots-b74/urlBilingual vs /fr/Systeme-immunitaire-c93/Clef-des-champs-b26/Le-Tournesol-ANB-b64/New-roots-b74. Lang:fr
05:08:41 Listing url is not the same: /fr/A-Vogel-b54/Boiron-b61/Clef-des-champs-b26/Druide-b63/Meditrina-b68/Natural-Factors-b71/Nature-Clean-b72/New-roots-b74/b.Url vs /fr/A-Vogel-b54/Boiron-b61/Clef-des-champs-b26/Druide-b63/Meditrina-b68/Natural-Factors-b71/Nature-Clean-b72/New-roots-b74. Lang:fr
05:09:04 Listing url is not the same: /fr/Clef-des-champs-b26/Druide-b63/Le-Tournesol-ANB-b64/Natural-Factors-b71/Nature-Clean-b72/New-roots-b74/b.Url vs /fr/Clef-des-champs-b26/Druide-b63/Le-Tournesol-ANB-b64/Natural-Factors-b71/Nature-Clean-b72/New-roots-b74. Lang:fr
05:10:28 Listing url is not the same: /fr/Homeopathie-c12/A-Vogel-b54/Bach-b137/Boiron-b61/cat.Url vs /fr/Homeopathie-c12/A-Vogel-b54/Bach-b137/Boiron-b61. Lang:fr
05:10:46 Listing url is not the same: /fr/Homeopathie-c12/A-Vogel-b54/Boiron-b61/Clef-des-champs-b26/Nature-Clean-b72/subcat.Url vs /fr/Homeopathie-c12/A-Vogel-b54/Boiron-b61/Clef-des-champs-b26/Nature-Clean-b72. Lang:fr
05:12:11 Listing url is not the same: /fr/A-Vogel-b54/Bach-b137/Boiron-b61/Clef-des-champs-b26/Natural-Factors-b71/Nature-Clean-b72/urlBilingual vs /fr/A-Vogel-b54/Bach-b137/Boiron-b61/Clef-des-champs-b26/Natural-Factors-b71/Nature-Clean-b72. Lang:fr
05:13:09 Listing url is not the same: /fr/Concentration-memoire-migraine-c56/A-Vogel-b54/Boiron-b61/Clef-des-champs-b26/Druide-b63/Nature-Clean-b72/cat.Url vs /fr/Concentration-memoire-migraine-c56/A-Vogel-b54/Boiron-b61/Clef-des-champs-b26/Druide-b63/Nature-Clean-b72. Lang:fr
05:15:39 Listing url is not the same: /fr/Antioxydants-c62/Bach-b137/Natural-Factors-b71/cat.Url vs /fr/Antioxydants-c62/Bach-b137/Natural-Factors-b71. Lang:fr
05:15:59 Listing url is not the same: /fr/Antioxydants-c62/Le-Tournesol-ANB-b64/Merveilles-d-Abeilles-b69/New-roots-b74/b.Url vs /fr/Antioxydants-c62/Le-Tournesol-ANB-b64/Merveilles-d-Abeilles-b69/New-roots-b74. Lang:fr
05:16:19 Listing url is not the same: /fr/Antioxydants-c62/Le-Tournesol-ANB-b64/Merveilles-d-Abeilles-b69/New-roots-b74/brand.Url vs /fr/Antioxydants-c62/Le-Tournesol-ANB-b64/Merveilles-d-Abeilles-b69/New-roots-b74. Lang:fr
05:16:37 Listing url is not the same: /fr/Coeur-et-sante-generale-c106/Boiron-b61/Clef-des-champs-b26/Natural-Factors-b71/New-roots-b74/subcat.Url vs /fr/Coeur-et-sante-generale-c106/Boiron-b61/Clef-des-champs-b26/Natural-Factors-b71/New-roots-b74. Lang:fr
05:17:46 Listing url is not the same: /fr/Inflammation-c98/Clef-des-champs-b26/Natural-Factors-b71/Nature-Clean-b72/New-roots-b74/cat.Url vs /fr/Inflammation-c98/Clef-des-champs-b26/Natural-Factors-b71/Nature-Clean-b72/New-roots-b74. Lang:fr
05:18:26 Listing url is not the same: /fr/Sante-des-enfants-c108/Bach-b137/Clef-des-champs-b26/New-roots-b74/subcat.Url vs /fr/Sante-des-enfants-c108/Bach-b137/Clef-des-champs-b26/New-roots-b74. Lang:fr
05:18:36 Listing url is not the same: /fr/Sommeil-c88/Anokian-b58/Druide-b63/Natural-Factors-b71/p.Url vs /fr/Sommeil-c88/Anokian-b58/Druide-b63/Natural-Factors-b71. Lang:fr
05:19:03 Listing url is not the same: /fr/Stress-c97/Druide-b63/Flora-b123/urlBilingual vs /fr/Stress-c97/Druide-b63/Flora-b123. Lang:fr
05:19:19 Listing url is not the same: /fr/Systeme-immunitaire-c93/Clef-des-champs-b26/Druide-b63/Natural-Factors-b71/New-roots-b74/brand.Url vs /fr/Systeme-immunitaire-c93/Clef-des-champs-b26/Druide-b63/Natural-Factors-b71/New-roots-b74. Lang:fr
05:19:30 Listing url is not the same: /fr/soin-du-corps-c86/Clef-des-champs-b26/Natural-Factors-b71/Nature-Clean-b72/New-roots-b74/b.Url vs /fr/Soin-du-corps-c86/Clef-des-champs-b26/Natural-Factors-b71/Nature-Clean-b72/New-roots-b74. Lang:fr
05:59:28 Listing url is not the same: /fr/Homeopathie-c12/A-Vogel-b54/Clef-des-champs-b26/Nature-Clean-b72/b.Url vs /fr/Homeopathie-c12/A-Vogel-b54/Clef-des-champs-b26/Nature-Clean-b72. Lang:fr
05:59:39 Listing url is not the same: /fr/Inflammation-c98/A-Vogel-b54/Clef-des-champs-b26/Nature-Clean-b72/b.Url vs /fr/Inflammation-c98/A-Vogel-b54/Clef-des-champs-b26/Nature-Clean-b72. Lang:fr
06:00:55 Listing url is not the same: /fr/Stress-c97/A-Vogel-b54/Clef-des-champs-b26/Nature-Clean-b72/addressLink vs /fr/Stress-c97/A-Vogel-b54/Clef-des-champs-b26/Nature-Clean-b72. Lang:fr
06:01:27 Listing url is not the same: /fr/Allergies-c55/A-Vogel-b54/Bach-b137/Boiron-b61/brand.Url vs /fr/Allergies-c55/A-Vogel-b54/Bach-b137/Boiron-b61. Lang:fr
06:01:56 Listing url is not the same: /fr/Allergies-c55/A-Vogel-b54/Medelys-b128/brand.Url vs /fr/Allergies-c55/A-Vogel-b54/Medelys-b128. Lang:fr
06:04:29 Listing url is not the same: /fr/Coeur-et-sante-generale-c106/Boiron-b61/Clef-des-champs-b26/New-roots-b74/addressLink vs /fr/Coeur-et-sante-generale-c106/Boiron-b61/Clef-des-champs-b26/New-roots-b74. Lang:fr
06:06:08 Listing url is not the same: /fr/Rhume-grippe-voie-respiratoire-c57/A-Vogel-b54/Medelys-b128/promotion.Url vs /fr/Rhume-grippe-voie-respiratoire-c57/A-Vogel-b54/Medelys-b128. Lang:fr
06:07:08 Listing url is not the same: /fr/Homeopathie-c12/Druide-b63/Meditrina-b68/New-roots-b74/promotion.Url vs /fr/Homeopathie-c12/Druide-b63/Meditrina-b68/New-roots-b74. Lang:fr
06:07:54 Listing url is not the same: /fr/Sante-des-enfants-c108/A-Vogel-b54/Boiron-b61/Natural-Factors-b71/Nature-Clean-b72/subcat.Url vs /fr/Sante-des-enfants-c108/A-Vogel-b54/Boiron-b61/Natural-Factors-b71/Nature-Clean-b72. Lang:fr
06:08:02 Listing url is not the same: /fr/Sante-des-enfants-c108/Boiron-b61/Clef-des-champs-b26/Merveilles-d-Abeilles-b69/New-roots-b74/cat.Url vs /fr/Sante-des-enfants-c108/Boiron-b61/Clef-des-champs-b26/Merveilles-d-Abeilles-b69/New-roots-b74. Lang:fr
06:08:21 Listing url is not the same: /fr/Sommeil-c88/A-Vogel-b54/Clef-des-champs-b26/Flora-b123/promotion.Url vs /fr/Sommeil-c88/A-Vogel-b54/Clef-des-champs-b26/Flora-b123. Lang:fr
06:08:26 Listing url is not the same: /fr/Sommeil-c88/Bach-b137/Merveilles-d-Abeilles-b69/p.Url vs /fr/Sommeil-c88/Bach-b137/Merveilles-d-Abeilles-b69. Lang:fr
06:08:36 Listing url is not the same: /fr/Concentration-memoire-migraine-c56/Boiron-b61/Meditrina-b68/New-roots-b74/promotion.Url vs /fr/Concentration-memoire-migraine-c56/Boiron-b61/Meditrina-b68/New-roots-b74. Lang:fr
06:55:41 Listing url is not the same: /fr/Homeopathie-c12/Le-Tournesol-ANB-b64/New-roots-b74/addressLink vs /fr/Homeopathie-c12/Le-Tournesol-ANB-b64/New-roots-b74. Lang:fr
06:56:02 Listing url is not the same: /fr/Rhume-grippe-voie-respiratoire-c57/Clef-des-champs-b26/Natural-Factors-b71/Nature-Clean-b72/promotion.Url vs /fr/Rhume-grippe-voie-respiratoire-c57/Clef-des-champs-b26/Natural-Factors-b71/Nature-Clean-b72. Lang:fr
06:57:54 Listing url is not the same: /fr/A-Vogel-b54/Clef-des-champs-b26/Merveilles-d-Abeilles-b69/Natural-Factors-b71/Nature-Clean-b72/brand.Url vs /fr/A-Vogel-b54/Clef-des-champs-b26/Merveilles-d-Abeilles-b69/Natural-Factors-b71/Nature-Clean-b72. Lang:fr
06:59:21 Listing url is not the same: /fr/Rhume-grippe-voie-respiratoire-c57/A-Vogel-b54/Natural-Factors-b71/New-roots-b74/cat.Url vs /fr/Rhume-grippe-voie-respiratoire-c57/A-Vogel-b54/Natural-Factors-b71/New-roots-b74. Lang:fr
06:59:33 Listing url is not the same: /fr/Sommeil-c88/A-Vogel-b54/Le-Tournesol-ANB-b64/Natural-Factors-b71/addressLink vs /fr/Sommeil-c88/A-Vogel-b54/Le-Tournesol-ANB-b64/Natural-Factors-b71. Lang:fr
06:59:54 Listing url is not the same: /fr/Inflammation-c98/Boiron-b61/Natural-Factors-b71/New-roots-b74/b.Url vs /fr/Inflammation-c98/Boiron-b61/Natural-Factors-b71/New-roots-b74. Lang:fr
06:59:57 Listing url is not the same: /fr/Sante-des-enfants-c108/Boiron-b61/Clef-des-champs-b26/Merveilles-d-Abeilles-b69/New-roots-b74/urlBilingual vs /fr/Sante-des-enfants-c108/Boiron-b61/Clef-des-champs-b26/Merveilles-d-Abeilles-b69/New-roots-b74. Lang:fr
07:00:00 Listing url is not the same: /fr/Stress-c97/Clef-des-champs-b26/Merveilles-d-Abeilles-b69/Natural-Factors-b71/Nature-Clean-b72/cat.Url vs /fr/Stress-c97/Clef-des-champs-b26/Merveilles-d-Abeilles-b69/Natural-Factors-b71/Nature-Clean-b72. Lang:fr
07:00:01 Listing url is not the same: /fr/A-Vogel-b54/Boiron-b61/Clef-des-champs-b26/Druide-b63/Le-Tournesol-ANB-b64/Natural-Factors-b71/Nature-Clean-b72/New-roots-b74/cat.Url vs /fr/A-Vogel-b54/Boiron-b61/Clef-des-champs-b26/Druide-b63/Le-Tournesol-ANB-b64/Natural-Factors-b71/Nature-Clean-b72/New-roots-b74. Lang:fr
07:00:02 Listing url is not the same: /fr/Sante-des-enfants-c108/Druide-b63/Le-Tournesol-ANB-b64/Merveilles-d-Abeilles-b69/p.Url vs /fr/Sante-des-enfants-c108/Druide-b63/Le-Tournesol-ANB-b64/Merveilles-d-Abeilles-b69. Lang:fr
07:00:03 Listing url is not the same: /fr/Sante-des-femmes-c100/Medelys-b128/addressLink vs /fr/Sante-des-femmes-c100/Medelys-b128. Lang:fr
07:37:46 Listing url is not the same: /fr/Sante-des-enfants-c108/Clef-des-champs-b26/Medelys-b128/b.Url vs /fr/Sante-des-enfants-c108/Clef-des-champs-b26/Medelys-b128. Lang:fr
07:39:32 Listing url is not the same: /fr/A-Vogel-b54/Clef-des-champs-b26/Merveilles-d-Abeilles-b69/Natural-Factors-b71/Nature-Clean-b72/promotion.Url vs /fr/A-Vogel-b54/Clef-des-champs-b26/Merveilles-d-Abeilles-b69/Natural-Factors-b71/Nature-Clean-b72. Lang:fr
07:41:54 Listing url is not the same: /fr/A-Vogel-b54/Boiron-b61/Clef-des-champs-b26/Druide-b63/Le-Tournesol-ANB-b64/Meditrina-b68/Natural-Factors-b71/Nature-Clean-b72/New-roots-b74/p.UrlBrand vs /fr/A-Vogel-b54/Boiron-b61/Clef-des-champs-b26/Druide-b63/Le-Tournesol-ANB-b64/Meditrina-b68/Natural-Factors-b71/Nature-Clean-b72/New-roots-b74. Lang:fr
07:42:02 Listing url is not the same: /fr/Allergies-c55/Boiron-b61/Natural-Factors-b71/New-roots-b74/promotion.Url vs /fr/Allergies-c55/Boiron-b61/Natural-Factors-b71/New-roots-b74. Lang:fr
07:42:20 Listing url is not the same: /fr/Coeur-et-sante-generale-c106/A-Vogel-b54/Boiron-b61/Clef-des-champs-b26/Merveilles-d-Abeilles-b69/Natural-Factors-b71/promotion.Url vs /fr/Coeur-et-sante-generale-c106/A-Vogel-b54/Boiron-b61/Clef-des-champs-b26/Merveilles-d-Abeilles-b69/Natural-Factors-b71. Lang:fr
07:42:30 Listing url is not the same: /fr/Sommeil-c88/Merveilles-d-Abeilles-b69/New-roots-b74/p.Url vs /fr/Sommeil-c88/Merveilles-d-Abeilles-b69/New-roots-b74. Lang:fr
07:42:35 Listing url is not the same: /fr/A-Vogel-b54/Clef-des-champs-b26/Druide-b63/Merveilles-d-Abeilles-b69/Natural-Factors-b71/New-roots-b74/urlBilingual vs /fr/A-Vogel-b54/Clef-des-champs-b26/Druide-b63/Merveilles-d-Abeilles-b69/Natural-Factors-b71/New-roots-b74. Lang:fr
07:42:58 Listing url is not the same: /fr/Stress-c97/Boiron-b61/Natural-Factors-b71/Nature-Clean-b72/addressLink vs /fr/Stress-c97/Boiron-b61/Natural-Factors-b71/Nature-Clean-b72. Lang:fr
07:43:13 Listing url is not the same: /fr/Coeur-et-sante-generale-c106/Boiron-b61/Natural-Factors-b71/New-roots-b74/addressLink vs /fr/Coeur-et-sante-generale-c106/Boiron-b61/Natural-Factors-b71/New-roots-b74. Lang:fr
07:43:19 Listing url is not the same: /fr/Coeur-et-sante-generale-c106/Boiron-b61/Natural-Factors-b71/New-roots-b74/p.UrlBrand vs /fr/Coeur-et-sante-generale-c106/Boiron-b61/Natural-Factors-b71/New-roots-b74. Lang:fr
07:43:31 Listing url is not the same: /fr/Concentration-memoire-migraine-c56/Anokian-b58/Clef-des-champs-b26/Natural-Factors-b71/cat.Url vs /fr/Concentration-memoire-migraine-c56/Anokian-b58/Clef-des-champs-b26/Natural-Factors-b71. Lang:fr
07:43:34 Listing url is not the same: /fr/Concentration-memoire-migraine-c56/Clef-des-champs-b26/Leo-Desilet-b66/addressLink vs /fr/Concentration-memoire-migraine-c56/Clef-des-champs-b26/Leo-Desilet-b66. Lang:fr
07:43:38 Listing url is not the same: /fr/Rhume-grippe-voie-respiratoire-c57/Clef-des-champs-b26/Druide-b63/Natural-Factors-b71/Nature-Clean-b72/brand.Url vs /fr/Rhume-grippe-voie-respiratoire-c57/Clef-des-champs-b26/Druide-b63/Natural-Factors-b71/Nature-Clean-b72. Lang:fr
07:43:40 Listing url is not the same: /fr/Rhume-grippe-voie-respiratoire-c57/Clef-des-champs-b26/Leo-Desilet-b66/addressLink vs /fr/Rhume-grippe-voie-respiratoire-c57/Clef-des-champs-b26/Leo-Desilet-b66. Lang:fr
07:43:52 Listing url is not the same: /fr/Sommeil-c88/A-Vogel-b54/Boiron-b61/Clef-des-champs-b26/Druide-b63/Nature-Clean-b72/brand.Url vs /fr/Sommeil-c88/A-Vogel-b54/Boiron-b61/Clef-des-champs-b26/Druide-b63/Nature-Clean-b72. Lang:fr
07:44:08 Listing url is not the same: /fr/Antioxydants-c62/Anokian-b58/Natural-Factors-b71/New-roots-b74/subcat.Url vs /fr/Antioxydants-c62/Anokian-b58/Natural-Factors-b71/New-roots-b74. Lang:fr
07:44:12 Listing url is not the same: /fr/Antioxydants-c62/Bach-b137/Natural-Factors-b71/b.Url vs /fr/Antioxydants-c62/Bach-b137/Natural-Factors-b71. Lang:fr
07:45:56 Listing url is not the same: /fr/Fatigue-c99/Boiron-b61/Clef-des-champs-b26/Leo-Desilet-b66/brand.Url vs /fr/Fatigue-c99/Boiron-b61/Clef-des-champs-b26/Leo-Desilet-b66. Lang:fr
07:46:50 Listing url is not the same: /fr/Sante-des-enfants-c108/A-Vogel-b54/Druide-b63/Natural-Factors-b71/New-roots-b74/brand.Url vs /fr/Sante-des-enfants-c108/A-Vogel-b54/Druide-b63/Natural-Factors-b71/New-roots-b74. Lang:fr
07:47:16 Listing url is not the same: /fr/Sante-des-enfants-c108/Boiron-b61/Flora-b123/p.Url vs /fr/Sante-des-enfants-c108/Boiron-b61/Flora-b123. Lang:fr
07:47:40 Listing url is not the same: /fr/Sommeil-c88/Anokian-b58/Natural-Factors-b71/New-roots-b74/cat.Url vs /fr/Sommeil-c88/Anokian-b58/Natural-Factors-b71/New-roots-b74. Lang:fr
07:48:03 Listing url is not the same: /fr/Tisane-c24/Boiron-b61/Druide-b63/p.UrlBrand vs /fr/Tisane-c24/Boiron-b61/Druide-b63. Lang:fr
08:28:11 Listing url is not the same: /fr/Sante-des-enfants-c108/Clef-des-champs-b26/Druide-b63/Natural-Factors-b71/New-roots-b74/brand.Url vs /fr/Sante-des-enfants-c108/Clef-des-champs-b26/Druide-b63/Natural-Factors-b71/New-roots-b74. Lang:fr
08:28:25 Listing url is not the same: /fr/Sommeil-c88/A-Vogel-b54/Merveilles-d-Abeilles-b69/Natural-Factors-b71/b.Url vs /fr/Sommeil-c88/A-Vogel-b54/Merveilles-d-Abeilles-b69/Natural-Factors-b71. Lang:fr
08:28:40 Listing url is not the same: /fr/Stress-c97/Clef-des-champs-b26/Medelys-b128/urlBilingual vs /fr/Stress-c97/Clef-des-champs-b26/Medelys-b128. Lang:fr
08:28:49 Listing url is not the same: /fr/Chandelles-c70/A-Vogel-b54/Clef-des-champs-b26/Merveilles-d-Abeilles-b69/Nature-Clean-b72/b.Url vs /fr/Chandelles-c70/A-Vogel-b54/Clef-des-champs-b26/Merveilles-d-Abeilles-b69/Nature-Clean-b72. Lang:fr
08:30:39 Listing url is not the same: /fr/A-Vogel-b54/Clef-des-champs-b26/Le-Tournesol-ANB-b64/Merveilles-d-Abeilles-b69/Natural-Factors-b71/Nature-Clean-b72/New-roots-b74/b.Url vs /fr/A-Vogel-b54/Clef-des-champs-b26/Le-Tournesol-ANB-b64/Merveilles-d-Abeilles-b69/Natural-Factors-b71/Nature-Clean-b72/New-roots-b74. Lang:fr
08:31:33 Listing url is not the same: /fr/Concentration-memoire-migraine-c56/A-Vogel-b54/Boiron-b61/Clef-des-champs-b26/Druide-b63/Nature-Clean-b72/p.Url vs /fr/Concentration-memoire-migraine-c56/A-Vogel-b54/Boiron-b61/Clef-des-champs-b26/Druide-b63/Nature-Clean-b72. Lang:fr
08:32:22 Listing url is not the same: /fr/Rhume-grippe-voie-respiratoire-c57/Clef-des-champs-b26/Merveilles-d-Abeilles-b69/Natural-Factors-b71/Nature-Clean-b72/addressLink vs /fr/Rhume-grippe-voie-respiratoire-c57/Clef-des-champs-b26/Merveilles-d-Abeilles-b69/Natural-Factors-b71/Nature-Clean-b72. Lang:fr
08:33:11 Listing url is not the same: /fr/Sante-des-femmes-c100/Clef-des-champs-b26/Numi-tea-b124/urlBilingual vs /fr/Sante-des-femmes-c100/Clef-des-champs-b26/Numi-tea-b124. Lang:fr
08:33:32 Listing url is not the same: /fr/Sommeil-c88/A-Vogel-b54/Boiron-b61/Clef-des-champs-b26/Merveilles-d-Abeilles-b69/Natural-Factors-b71/addressLink vs /fr/Sommeil-c88/A-Vogel-b54/Boiron-b61/Clef-des-champs-b26/Merveilles-d-Abeilles-b69/Natural-Factors-b71. Lang:fr
08:33:53 Listing url is not the same: /fr/Stress-c97/A-Vogel-b54/Boiron-b61/Druide-b63/Natural-Factors-b71/addressLink vs /fr/Stress-c97/A-Vogel-b54/Boiron-b61/Druide-b63/Natural-Factors-b71. Lang:fr
08:34:30 Listing url is not the same: /fr/Antioxydants-c62/A-Vogel-b54/Clef-des-champs-b26/Meditrina-b68/Nature-Clean-b72/promotion.Url vs /fr/Antioxydants-c62/A-Vogel-b54/Clef-des-champs-b26/Meditrina-b68/Nature-Clean-b72. Lang:fr
08:34:47 Listing url is not the same: /fr/Antioxydants-c62/Bach-b137/Meditrina-b68/promotion.Url vs /fr/Antioxydants-c62/Bach-b137/Meditrina-b68. Lang:fr
08:35:04 Listing url is not the same: /fr/Coeur-et-sante-generale-c106/Boiron-b61/Clef-des-champs-b26/Natural-Factors-b71/New-roots-b74/p.Url vs /fr/Coeur-et-sante-generale-c106/Boiron-b61/Clef-des-champs-b26/Natural-Factors-b71/New-roots-b74. Lang:fr
08:35:47 Listing url is not the same: /fr/Fatigue-c99/Clef-des-champs-b26/Flora-b123/Natural-Factors-b71/p.Url vs /fr/Fatigue-c99/Clef-des-champs-b26/Flora-b123/Natural-Factors-b71. Lang:fr
08:35:59 Listing url is not the same: /fr/Inflammation-c98/A-Vogel-b54/Anokian-b58/Clef-des-champs-b26/Nature-Clean-b72/p.UrlBrand vs /fr/Inflammation-c98/A-Vogel-b54/Anokian-b58/Clef-des-champs-b26/Nature-Clean-b72. Lang:fr
08:36:11 Listing url is not the same: /fr/Inflammation-c98/A-Vogel-b54/Boiron-b61/Clef-des-champs-b26/Nature-Clean-b72/p.UrlBrand vs /fr/Inflammation-c98/A-Vogel-b54/Boiron-b61/Clef-des-champs-b26/Nature-Clean-b72. Lang:fr
08:36:54 Listing url is not the same: /fr/Sante-des-femmes-c100/Boiron-b61/Clef-des-champs-b26/Flora-b123/promotion.Url vs /fr/Sante-des-femmes-c100/Boiron-b61/Clef-des-champs-b26/Flora-b123. Lang:fr
08:37:00 Listing url is not the same: /fr/Stress-c97/Anokian-b58/Boiron-b61/Meditrina-b68/urlBilingual vs /fr/Stress-c97/Anokian-b58/Boiron-b61/Meditrina-b68. Lang:fr
09:21:16 Listing url is not the same: /fr/Stress-c97/Clef-des-champs-b26/Medelys-b128/b.Url vs /fr/Stress-c97/Clef-des-champs-b26/Medelys-b128. Lang:fr
09:23:40 Listing url is not the same: /fr/Systeme-immunitaire-c93/Clef-des-champs-b26/Le-Tournesol-ANB-b64/New-roots-b74/promotion.Url vs /fr/Systeme-immunitaire-c93/Clef-des-champs-b26/Le-Tournesol-ANB-b64/New-roots-b74. Lang:fr
09:24:21 Listing url is not the same: /fr/Homeopathie-c12/A-Vogel-b54/Boiron-b61/Clef-des-champs-b26/Nature-Clean-b72/promotion.Url vs /fr/Homeopathie-c12/A-Vogel-b54/Boiron-b61/Clef-des-champs-b26/Nature-Clean-b72. Lang:fr
09:24:34 Listing url is not the same: /fr/Homeopathie-c12/Boiron-b61/Clef-des-champs-b26/Druide-b63/Natural-Factors-b71/b.Url vs /fr/Homeopathie-c12/Boiron-b61/Clef-des-champs-b26/Druide-b63/Natural-Factors-b71. Lang:fr
09:24:54 Listing url is not the same: /fr/Sommeil-c88/Bach-b137/New-roots-b74/b.Url vs /fr/Sommeil-c88/Bach-b137/New-roots-b74. Lang:fr
09:25:45 Listing url is not the same: /fr/Concentration-memoire-migraine-c56/A-Vogel-b54/Boiron-b61/Clef-des-champs-b26/Druide-b63/Nature-Clean-b72/addressLink vs /fr/Concentration-memoire-migraine-c56/A-Vogel-b54/Boiron-b61/Clef-des-champs-b26/Druide-b63/Nature-Clean-b72. Lang:fr
09:25:55 Listing url is not the same: /fr/Concentration-memoire-migraine-c56/A-Vogel-b54/Boiron-b61/Clef-des-champs-b26/Druide-b63/Nature-Clean-b72/subcat.Url vs /fr/Concentration-memoire-migraine-c56/A-Vogel-b54/Boiron-b61/Clef-des-champs-b26/Druide-b63/Nature-Clean-b72. Lang:fr
09:26:33 Listing url is not the same: /fr/Systeme-immunitaire-c93/Clef-des-champs-b26/Leo-Desilet-b66/brand.Url vs /fr/Systeme-immunitaire-c93/Clef-des-champs-b26/Leo-Desilet-b66. Lang:fr
09:26:41 Listing url is not the same: /fr/soin-du-corps-c86/Merveilles-d-Abeilles-b69/New-roots-b74/subcat.Url vs /fr/Soin-du-corps-c86/Merveilles-d-Abeilles-b69/New-roots-b74. Lang:fr
09:26:44 Listing url is not the same: /fr/A-Vogel-b54/Boiron-b61/Clef-des-champs-b26/Le-Tournesol-ANB-b64/Merveilles-d-Abeilles-b69/Natural-Factors-b71/Nature-Clean-b72/b.Url vs /fr/A-Vogel-b54/Boiron-b61/Clef-des-champs-b26/Le-Tournesol-ANB-b64/Merveilles-d-Abeilles-b69/Natural-Factors-b71/Nature-Clean-b72. Lang:fr
09:26:47 Listing url is not the same: /fr/Allergies-c55/A-Vogel-b54/Healthology-b116/b.Url vs /fr/Allergies-c55/A-Vogel-b54/Healthology-b116. Lang:fr
09:26:50 Listing url is not the same: /fr/Allergies-c55/Boiron-b61/Clef-des-champs-b26/Natural-Factors-b71/New-roots-b74/urlBilingual vs /fr/Allergies-c55/Boiron-b61/Clef-des-champs-b26/Natural-Factors-b71/New-roots-b74. Lang:fr
09:26:53 Listing url is not the same: /fr/Antioxydants-c62/Anokian-b58/Natural-Factors-b71/New-roots-b74/brand.Url vs /fr/Antioxydants-c62/Anokian-b58/Natural-Factors-b71/New-roots-b74. Lang:fr
09:27:01 Listing url is not the same: /fr/Inflammation-c98/Clef-des-champs-b26/Natural-Factors-b71/Nature-Clean-b72/New-roots-b74/b.Url vs /fr/Inflammation-c98/Clef-des-champs-b26/Natural-Factors-b71/Nature-Clean-b72/New-roots-b74. Lang:fr
09:27:12 Listing url is not the same: /fr/Stress-c97/Boiron-b61/Medelys-b128/b.Url vs /fr/Stress-c97/Boiron-b61/Medelys-b128. Lang:fr
09:27:18 Listing url is not the same: /fr/Systeme-immunitaire-c93/Druide-b63/Flora-b123/p.Url vs /fr/Systeme-immunitaire-c93/Druide-b63/Flora-b123. Lang:fr
09:27:20 Listing url is not the same: /fr/Tisane-c24/Boiron-b61/Druide-b63/b.Url vs /fr/Tisane-c24/Boiron-b61/Druide-b63. Lang:fr
10:11:00 Listing url is not the same: /fr/Sommeil-c88/Leo-Desilet-b66/p.UrlBrand vs /fr/Sommeil-c88/Leo-Desilet-b66. Lang:fr
10:12:27 Listing url is not the same: /fr/Allergies-c55/Boiron-b61/Natural-Factors-b71/New-roots-b74/subcat.Url vs /fr/Allergies-c55/Boiron-b61/Natural-Factors-b71/New-roots-b74. Lang:fr
10:12:38 Listing url is not the same: /fr/Concentration-memoire-migraine-c56/A-Vogel-b54/Natural-Factors-b71/New-roots-b74/p.UrlBrand vs /fr/Concentration-memoire-migraine-c56/A-Vogel-b54/Natural-Factors-b71/New-roots-b74. Lang:fr
10:12:57 Listing url is not the same: /fr/Cosmetique-parfum-et-deodorant-c60/Clef-des-champs-b26/Druide-b63/Flora-b123/subcat.Url vs /fr/Cosmetique-parfum-et-deodorant-c60/Clef-des-champs-b26/Druide-b63/Flora-b123. Lang:fr
10:13:26 Listing url is not the same: /fr/Rhume-grippe-voie-respiratoire-c57/Clef-des-champs-b26/Druide-b63/Flora-b123/p.Url vs /fr/Rhume-grippe-voie-respiratoire-c57/Clef-des-champs-b26/Druide-b63/Flora-b123. Lang:fr
10:13:39 Listing url is not the same: /fr/Concentration-memoire-migraine-c56/A-Vogel-b54/Clef-des-champs-b26/Druide-b63/New-roots-b74/cat.Url vs /fr/Concentration-memoire-migraine-c56/A-Vogel-b54/Clef-des-champs-b26/Druide-b63/New-roots-b74. Lang:fr
10:13:43 Listing url is not the same: /fr/Homeopathie-c12/A-Vogel-b54/Boiron-b61/Clef-des-champs-b26/Nature-Clean-b72/b.Url vs /fr/Homeopathie-c12/A-Vogel-b54/Boiron-b61/Clef-des-champs-b26/Nature-Clean-b72. Lang:fr
10:13:47 Listing url is not the same: /fr/Homeopathie-c12/A-Vogel-b54/Clef-des-champs-b26/Druide-b63/Natural-Factors-b71/subcat.Url vs /fr/Homeopathie-c12/A-Vogel-b54/Clef-des-champs-b26/Druide-b63/Natural-Factors-b71. Lang:fr
10:14:07 Listing url is not the same: /fr/soin-du-corps-c86/A-Vogel-b54/Clef-des-champs-b26/Druide-b63/New-roots-b74/b.Url vs /fr/Soin-du-corps-c86/A-Vogel-b54/Clef-des-champs-b26/Druide-b63/New-roots-b74. Lang:fr
10:14:13 Listing url is not the same: /fr/A-Vogel-b54/Boiron-b61/Clef-des-champs-b26/Druide-b63/Le-Tournesol-ANB-b64/Natural-Factors-b71/Nature-Clean-b72/New-roots-b74/urlBilingual vs /fr/A-Vogel-b54/Boiron-b61/Clef-des-champs-b26/Druide-b63/Le-Tournesol-ANB-b64/Natural-Factors-b71/Nature-Clean-b72/New-roots-b74. Lang:fr
10:14:16 Listing url is not the same: /fr/Coeur-et-sante-generale-c106/Anokian-b58/Clef-des-champs-b26/Natural-Factors-b71/b.Url vs /fr/Coeur-et-sante-generale-c106/Anokian-b58/Clef-des-champs-b26/Natural-Factors-b71. Lang:fr
10:15:02 Listing url is not the same: /fr/Concentration-memoire-migraine-c56/Boiron-b61/Clef-des-champs-b26/Merveilles-d-Abeilles-b69/Natural-Factors-b71/brand.Url vs /fr/Concentration-memoire-migraine-c56/Boiron-b61/Clef-des-champs-b26/Merveilles-d-Abeilles-b69/Natural-Factors-b71. Lang:fr
10:16:27 Listing url is not the same: /fr/Stress-c97/A-Vogel-b54/Clef-des-champs-b26/Meditrina-b68/New-roots-b74/subcat.Url vs /fr/Stress-c97/A-Vogel-b54/Clef-des-champs-b26/Meditrina-b68/New-roots-b74. Lang:fr
10:16:54 Listing url is not the same: /fr/soin-du-corps-c86/Boiron-b61/Clef-des-champs-b26/Druide-b63/New-roots-b74/subcat.Url vs /fr/Soin-du-corps-c86/Boiron-b61/Clef-des-champs-b26/Druide-b63/New-roots-b74. Lang:fr
10:17:19 Listing url is not the same: /fr/Allergies-c55/Boiron-b61/Flora-b123/addressLink vs /fr/Allergies-c55/Boiron-b61/Flora-b123. Lang:fr
10:18:07 Listing url is not the same: /fr/Antioxydants-c62/Bach-b137/Meditrina-b68/subcat.Url vs /fr/Antioxydants-c62/Bach-b137/Meditrina-b68. Lang:fr
10:18:29 Listing url is not the same: /fr/Antioxydants-c62/Le-Tournesol-ANB-b64/Merveilles-d-Abeilles-b69/New-roots-b74/p.UrlBrand vs /fr/Antioxydants-c62/Le-Tournesol-ANB-b64/Merveilles-d-Abeilles-b69/New-roots-b74. Lang:fr
10:18:51 Listing url is not the same: /fr/Concentration-memoire-migraine-c56/Clef-des-champs-b26/Le-Tournesol-ANB-b64/Merveilles-d-Abeilles-b69/Nature-Clean-b72/cat.Url vs /fr/Concentration-memoire-migraine-c56/Clef-des-champs-b26/Le-Tournesol-ANB-b64/Merveilles-d-Abeilles-b69/Nature-Clean-b72. Lang:fr
11:00:30 Listing url is not the same: /fr/Tisane-c24/Boiron-b61/p.UrlBrand vs /fr/Tisane-c24/Boiron-b61. Lang:fr
11:03:18 Listing url is not the same: /fr/Rhume-grippe-voie-respiratoire-c57/A-Vogel-b54/Medelys-b128/addressLink vs /fr/Rhume-grippe-voie-respiratoire-c57/A-Vogel-b54/Medelys-b128. Lang:fr
11:04:04 Listing url is not the same: /fr/Sommeil-c88/Clef-des-champs-b26/Leo-Desilet-b66/addressLink vs /fr/Sommeil-c88/Clef-des-champs-b26/Leo-Desilet-b66. Lang:fr
11:04:16 Listing url is not the same: /fr/Sommeil-c88/Clef-des-champs-b26/Merveilles-d-Abeilles-b69/Natural-Factors-b71/Nature-Clean-b72/p.Url vs /fr/Sommeil-c88/Clef-des-champs-b26/Merveilles-d-Abeilles-b69/Natural-Factors-b71/Nature-Clean-b72. Lang:fr
11:04:48 Listing url is not the same: /fr/Homeopathie-c12/Boiron-b61/Clef-des-champs-b26/Druide-b63/Natural-Factors-b71/p.Url vs /fr/Homeopathie-c12/Boiron-b61/Clef-des-champs-b26/Druide-b63/Natural-Factors-b71. Lang:fr
11:05:12 Listing url is not the same: /fr/Homeopathie-c12/Druide-b63/Meditrina-b68/New-roots-b74/subcat.Url vs /fr/Homeopathie-c12/Druide-b63/Meditrina-b68/New-roots-b74. Lang:fr
11:05:23 Listing url is not the same: /fr/Sante-des-enfants-c108/Boiron-b61/Druide-b63/Merveilles-d-Abeilles-b69/subcat.Url vs /fr/Sante-des-enfants-c108/Boiron-b61/Druide-b63/Merveilles-d-Abeilles-b69. Lang:fr
11:05:27 Listing url is not the same: /fr/A-Vogel-b54/Bach-b137/Boiron-b61/Clef-des-champs-b26/Natural-Factors-b71/Nature-Clean-b72/brand.Url vs /fr/A-Vogel-b54/Bach-b137/Boiron-b61/Clef-des-champs-b26/Natural-Factors-b71/Nature-Clean-b72. Lang:fr
11:05:30 Listing url is not the same: /fr/A-Vogel-b54/Boiron-b61/Clef-des-champs-b26/Druide-b63/Le-Tournesol-ANB-b64/Natural-Factors-b71/Nature-Clean-b72/New-roots-b74/promotion.Url vs /fr/A-Vogel-b54/Boiron-b61/Clef-des-champs-b26/Druide-b63/Le-Tournesol-ANB-b64/Natural-Factors-b71/Nature-Clean-b72/New-roots-b74. Lang:fr
11:05:33 Listing url is not the same: /fr/Coeur-et-sante-generale-c106/Anokian-b58/Clef-des-champs-b26/Natural-Factors-b71/brand.Url vs /fr/Coeur-et-sante-generale-c106/Anokian-b58/Clef-des-champs-b26/Natural-Factors-b71. Lang:fr
11:05:50 Listing url is not the same: /fr/Allergies-c55/Boiron-b61/Flora-b123/p.UrlBrand vs /fr/Allergies-c55/Boiron-b61/Flora-b123. Lang:fr
11:06:00 Listing url is not the same: /fr/Concentration-memoire-migraine-c56/Clef-des-champs-b26/Druide-b63/Meditrina-b68/New-roots-b74/p.UrlBrand vs /fr/Concentration-memoire-migraine-c56/Clef-des-champs-b26/Druide-b63/Meditrina-b68/New-roots-b74. Lang:fr
11:06:05 Listing url is not the same: /fr/Inflammation-c98/Clef-des-champs-b26/Le-Tournesol-ANB-b64/New-roots-b74/urlBilingual vs /fr/Inflammation-c98/Clef-des-champs-b26/Le-Tournesol-ANB-b64/New-roots-b74. Lang:fr
11:06:07 Listing url is not the same: /fr/Rhume-grippe-voie-respiratoire-c57/A-Vogel-b54/Nature-Clean-b72/New-roots-b74/b.Url vs /fr/Rhume-grippe-voie-respiratoire-c57/A-Vogel-b54/Nature-Clean-b72/New-roots-b74. Lang:fr
11:06:11 Listing url is not the same: /fr/Sante-des-femmes-c100/Bach-b137/Meditrina-b68/p.Url vs /fr/Sante-des-femmes-c100/Bach-b137/Meditrina-b68. Lang:fr
11:06:12 Listing url is not the same: /fr/Sante-des-femmes-c100/Clef-des-champs-b26/Flora-b123/Natural-Factors-b71/cat.Url vs /fr/Sante-des-femmes-c100/Clef-des-champs-b26/Flora-b123/Natural-Factors-b71. Lang:fr
11:06:16 Listing url is not the same: /fr/Stress-c97/Le-Tournesol-ANB-b64/Merveilles-d-Abeilles-b69/New-roots-b74/promotion.Url vs /fr/Stress-c97/Le-Tournesol-ANB-b64/Merveilles-d-Abeilles-b69/New-roots-b74. Lang:fr
11:47:59 Listing url is not the same: /fr/Detox-Digestion-c87/Clef-des-champs-b26/Medelys-b128/urlBilingual vs /fr/Detox-Digestion-c87/Clef-des-champs-b26/Medelys-b128. Lang:fr
11:50:41 Listing url is not the same: /fr/Rhume-grippe-voie-respiratoire-c57/Clef-des-champs-b26/Druide-b63/Flora-b123/promotion.Url vs /fr/Rhume-grippe-voie-respiratoire-c57/Clef-des-champs-b26/Druide-b63/Flora-b123. Lang:fr
11:51:02 Listing url is not the same: /fr/Homeopathie-c12/A-Vogel-b54/Bach-b137/Boiron-b61/promotion.Url vs /fr/Homeopathie-c12/A-Vogel-b54/Bach-b137/Boiron-b61. Lang:fr
11:51:11 Listing url is not the same: /fr/Homeopathie-c12/A-Vogel-b54/Boiron-b61/Clef-des-champs-b26/Nature-Clean-b72/p.Url vs /fr/Homeopathie-c12/A-Vogel-b54/Boiron-b61/Clef-des-champs-b26/Nature-Clean-b72. Lang:fr
11:51:21 Listing url is not the same: /fr/Homeopathie-c12/A-Vogel-b54/Nature-Clean-b72/New-roots-b74/addressLink vs /fr/Homeopathie-c12/A-Vogel-b54/Nature-Clean-b72/New-roots-b74. Lang:fr
11:51:28 Listing url is not the same: /fr/Homeopathie-c12/A-Vogel-b54/Nature-Clean-b72/New-roots-b74/brand.Url vs /fr/Homeopathie-c12/A-Vogel-b54/Nature-Clean-b72/New-roots-b74. Lang:fr
11:53:07 Listing url is not the same: /fr/Allergies-c55/Boiron-b61/Clef-des-champs-b26/Flora-b123/addressLink vs /fr/Allergies-c55/Boiron-b61/Clef-des-champs-b26/Flora-b123. Lang:fr
11:53:20 Listing url is not the same: /fr/Antioxydants-c62/Clef-des-champs-b26/Meditrina-b68/Natural-Factors-b71/New-roots-b74/urlBilingual vs /fr/Antioxydants-c62/Clef-des-champs-b26/Meditrina-b68/Natural-Factors-b71/New-roots-b74. Lang:fr
11:53:50 Listing url is not the same: /fr/Antioxydants-c62/Le-Tournesol-ANB-b64/Merveilles-d-Abeilles-b69/New-roots-b74/p.Url vs /fr/Antioxydants-c62/Le-Tournesol-ANB-b64/Merveilles-d-Abeilles-b69/New-roots-b74. Lang:fr
11:54:20 Listing url is not the same: /fr/Coeur-et-sante-generale-c106/Clef-des-champs-b26/Healthology-b116/Kyolic-b115/promotion.Url vs /fr/Coeur-et-sante-generale-c106/Clef-des-champs-b26/Healthology-b116/Kyolic-b115. Lang:fr
11:54:48 Listing url is not the same: /fr/Fatigue-c99/Boiron-b61/Clef-des-champs-b26/Leo-Desilet-b66/urlBilingual vs /fr/Fatigue-c99/Boiron-b61/Clef-des-champs-b26/Leo-Desilet-b66. Lang:fr
11:55:16 Listing url is not the same: /fr/Homeopathie-c12/Boiron-b61/Flora-b123/addressLink vs /fr/Homeopathie-c12/Boiron-b61/Flora-b123. Lang:fr
11:55:42 Listing url is not the same: /fr/Homeopathie-c12/Boiron-b61/Flora-b123/b.Url vs /fr/Homeopathie-c12/Boiron-b61/Flora-b123. Lang:fr
11:56:07 Listing url is not the same: /fr/Homeopathie-c12/Boiron-b61/Medelys-b128/brand.Url vs /fr/Homeopathie-c12/Boiron-b61/Medelys-b128. Lang:fr
11:57:17 Listing url is not the same: /fr/Rhume-grippe-voie-respiratoire-c57/Boiron-b61/Clef-des-champs-b26/Natural-Factors-b71/New-roots-b74/b.Url vs /fr/Rhume-grippe-voie-respiratoire-c57/Boiron-b61/Clef-des-champs-b26/Natural-Factors-b71/New-roots-b74. Lang:fr
11:57:39 Listing url is not the same: /fr/Sommeil-c88/A-Vogel-b54/Flora-b123/Natural-Factors-b71/promotion.Url vs /fr/Sommeil-c88/A-Vogel-b54/Flora-b123/Natural-Factors-b71. Lang:fr
11:57:59 Listing url is not the same: /fr/Stress-c97/Bach-b137/New-roots-b74/promotion.Url vs /fr/Stress-c97/Bach-b137/New-roots-b74. Lang:fr
11:58:37 Listing url is not the same: /fr/Tisane-c24/Boiron-b61/Druide-b63/urlBilingual vs /fr/Tisane-c24/Boiron-b61/Druide-b63. Lang:fr
12:34:17 Listing url is not the same: /fr/Allergies-c55/Boiron-b61/Natural-Factors-b71/New-roots-b74/p.Url vs /fr/Allergies-c55/Boiron-b61/Natural-Factors-b71/New-roots-b74. Lang:fr
12:35:40 Listing url is not the same: /fr/Inflammation-c98/Boiron-b61/Clef-des-champs-b26/Natural-Factors-b71/Nature-Clean-b72/subcat.Url vs /fr/Inflammation-c98/Boiron-b61/Clef-des-champs-b26/Natural-Factors-b71/Nature-Clean-b72. Lang:fr
12:36:05 Listing url is not the same: /fr/Sommeil-c88/Merveilles-d-Abeilles-b69/New-roots-b74/subcat.Url vs /fr/Sommeil-c88/Merveilles-d-Abeilles-b69/New-roots-b74. Lang:fr
12:36:12 Listing url is not the same: /fr/Antioxydants-c62/A-Vogel-b54/Boiron-b61/New-roots-b74/p.UrlBrand vs /fr/Antioxydants-c62/A-Vogel-b54/Boiron-b61/New-roots-b74. Lang:fr
12:36:28 Listing url is not the same: /fr/A-Vogel-b54/Clef-des-champs-b26/Le-Tournesol-ANB-b64/Merveilles-d-Abeilles-b69/Natural-Factors-b71/Nature-Clean-b72/New-roots-b74/brand.Url vs /fr/A-Vogel-b54/Clef-des-champs-b26/Le-Tournesol-ANB-b64/Merveilles-d-Abeilles-b69/Natural-Factors-b71/Nature-Clean-b72/New-roots-b74. Lang:fr
12:36:31 Listing url is not the same: /fr/Concentration-memoire-migraine-c56/Boiron-b61/Meditrina-b68/New-roots-b74/urlBilingual vs /fr/Concentration-memoire-migraine-c56/Boiron-b61/Meditrina-b68/New-roots-b74. Lang:fr
12:36:34 Listing url is not the same: /fr/Concentration-memoire-migraine-c56/Boiron-b61/Natural-Factors-b71/New-roots-b74/promotion.Url vs /fr/Concentration-memoire-migraine-c56/Boiron-b61/Natural-Factors-b71/New-roots-b74. Lang:fr
12:36:39 Listing url is not the same: /fr/Sante-des-femmes-c100/A-Vogel-b54/Clef-des-champs-b26/Nature-Clean-b72/promotion.Url vs /fr/Sante-des-femmes-c100/A-Vogel-b54/Clef-des-champs-b26/Nature-Clean-b72. Lang:fr
12:36:55 Listing url is not the same: /fr/Systeme-immunitaire-c93/Clef-des-champs-b26/Leo-Desilet-b66/p.UrlBrand vs /fr/Systeme-immunitaire-c93/Clef-des-champs-b26/Leo-Desilet-b66. Lang:fr
12:37:10 Listing url is not the same: /fr/Allergies-c55/Boiron-b61/Clef-des-champs-b26/Flora-b123/promotion.Url vs /fr/Allergies-c55/Boiron-b61/Clef-des-champs-b26/Flora-b123. Lang:fr
12:37:20 Listing url is not the same: /fr/Fatigue-c99/Bach-b137/Druide-b63/p.UrlBrand vs /fr/Fatigue-c99/Bach-b137/Druide-b63. Lang:fr
12:37:37 Listing url is not the same: /fr/Inflammation-c98/Clef-des-champs-b26/Le-Tournesol-ANB-b64/New-roots-b74/brand.Url vs /fr/Inflammation-c98/Clef-des-champs-b26/Le-Tournesol-ANB-b64/New-roots-b74. Lang:fr
13:28:46 Listing url is not the same: /fr/Detox-Digestion-c87/Clef-des-champs-b26/Medelys-b128/cat.Url vs /fr/Detox-Digestion-c87/Clef-des-champs-b26/Medelys-b128. Lang:fr
13:30:06 Listing url is not the same: /fr/Homeopathie-c12/Merveilles-d-Abeilles-b69/New-roots-b74/promotion.Url vs /fr/Homeopathie-c12/Merveilles-d-Abeilles-b69/New-roots-b74. Lang:fr
13:31:30 Listing url is not the same: /fr/Detox-Digestion-c87/A-Vogel-b54/Medelys-b128/addressLink vs /fr/Detox-Digestion-c87/A-Vogel-b54/Medelys-b128. Lang:fr
13:32:07 Listing url is not the same: /fr/Homeopathie-c12/A-Vogel-b54/Medelys-b128/subcat.Url vs /fr/Homeopathie-c12/A-Vogel-b54/Medelys-b128. Lang:fr
13:33:45 Listing url is not the same: /fr/Homeopathie-c12/A-Vogel-b54/Boiron-b61/Clef-des-champs-b26/Nature-Clean-b72/brand.Url vs /fr/Homeopathie-c12/A-Vogel-b54/Boiron-b61/Clef-des-champs-b26/Nature-Clean-b72. Lang:fr
13:34:04 Listing url is not the same: /fr/Sante-des-femmes-c100/A-Vogel-b54/Boiron-b61/Clef-des-champs-b26/Merveilles-d-Abeilles-b69/Natural-Factors-b71/cat.Url vs /fr/Sante-des-femmes-c100/A-Vogel-b54/Boiron-b61/Clef-des-champs-b26/Merveilles-d-Abeilles-b69/Natural-Factors-b71. Lang:fr
13:34:12 Listing url is not the same: /fr/Sommeil-c88/Boiron-b61/Natural-Factors-b71/New-roots-b74/b.Url vs /fr/Sommeil-c88/Boiron-b61/Natural-Factors-b71/New-roots-b74. Lang:fr
13:34:38 Listing url is not the same: /fr/Detox-Digestion-c87/Clef-des-champs-b26/Healthology-b116/promotion.Url vs /fr/Detox-Digestion-c87/Clef-des-champs-b26/Healthology-b116. Lang:fr
13:34:50 Listing url is not the same: /fr/Rhume-grippe-voie-respiratoire-c57/Clef-des-champs-b26/Leo-Desilet-b66/p.Url vs /fr/Rhume-grippe-voie-respiratoire-c57/Clef-des-champs-b26/Leo-Desilet-b66. Lang:fr
13:34:52 Listing url is not the same: /fr/Sante-des-enfants-c108/A-Vogel-b54/Boiron-b61/Clef-des-champs-b26/New-roots-b74/p.Url vs /fr/Sante-des-enfants-c108/A-Vogel-b54/Boiron-b61/Clef-des-champs-b26/New-roots-b74. Lang:fr
14:24:53 Listing url is not the same: /fr/Concentration-memoire-migraine-c56/Le-Tournesol-ANB-b64/New-roots-b74/addressLink vs /fr/Concentration-memoire-migraine-c56/Le-Tournesol-ANB-b64/New-roots-b74. Lang:fr
14:25:53 Listing url is not the same: /fr/Allergies-c55/A-Vogel-b54/Natural-Factors-b71/New-roots-b74/p.UrlBrand vs /fr/Allergies-c55/A-Vogel-b54/Natural-Factors-b71/New-roots-b74. Lang:fr
14:25:55 Listing url is not the same: /fr/Coeur-et-sante-generale-c106/A-Vogel-b54/Boiron-b61/Clef-des-champs-b26/Merveilles-d-Abeilles-b69/Natural-Factors-b71/p.UrlBrand vs /fr/Coeur-et-sante-generale-c106/A-Vogel-b54/Boiron-b61/Clef-des-champs-b26/Merveilles-d-Abeilles-b69/Natural-Factors-b71. Lang:fr
14:25:59 Listing url is not the same: /fr/Coeur-et-sante-generale-c106/Leo-Desilet-b66/cat.Url vs /fr/Coeur-et-sante-generale-c106/Leo-Desilet-b66. Lang:fr
14:26:03 Listing url is not the same: /fr/Cosmetique-parfum-et-deodorant-c60/Anokian-b58/Clef-des-champs-b26/Natural-Factors-b71/brand.Url vs /fr/Cosmetique-parfum-et-deodorant-c60/Anokian-b58/Clef-des-champs-b26/Natural-Factors-b71. Lang:fr
14:26:04 Listing url is not the same: /fr/Cosmetique-shampoo-c112/cat.Url vs /fr/Cosmetique-shampoo-c112. Lang:fr
14:26:05 Listing url is not the same: /fr/Homeopathie-c12/A-Vogel-b54/Medelys-b128/addressLink vs /fr/Homeopathie-c12/A-Vogel-b54/Medelys-b128. Lang:fr
14:26:06 Listing url is not the same: /fr/Inflammation-c98/Boiron-b61/Clef-des-champs-b26/Natural-Factors-b71/Nature-Clean-b72/urlBilingual vs /fr/Inflammation-c98/Boiron-b61/Clef-des-champs-b26/Natural-Factors-b71/Nature-Clean-b72. Lang:fr
14:26:12 Listing url is not the same: /fr/Allergies-c55/Boiron-b61/Meditrina-b68/New-roots-b74/cat.Url vs /fr/Allergies-c55/Boiron-b61/Meditrina-b68/New-roots-b74. Lang:fr
14:26:17 Listing url is not the same: /fr/Inflammation-c98/Clef-des-champs-b26/Druide-b63/Natural-Factors-b71/Nature-Clean-b72/urlBilingual vs /fr/Inflammation-c98/Clef-des-champs-b26/Druide-b63/Natural-Factors-b71/Nature-Clean-b72. Lang:fr
15:40:00 Listing url is not the same: /fr/Sante-des-enfants-c108/Clef-des-champs-b26/Meditrina-b68/Natural-Factors-b71/New-roots-b74/cat.Url vs /fr/Sante-des-enfants-c108/Clef-des-champs-b26/Meditrina-b68/Natural-Factors-b71/New-roots-b74. Lang:fr
15:40:55 Listing url is not the same: /fr/Homeopathie-c12/Druide-b63/Meditrina-b68/New-roots-b74/addressLink vs /fr/Homeopathie-c12/Druide-b63/Meditrina-b68/New-roots-b74. Lang:fr
15:45:17 Listing url is not the same: /fr/Allergies-c55/A-Vogel-b54/Nature-Clean-b72/New-roots-b74/promotion.Url vs /fr/Allergies-c55/A-Vogel-b54/Nature-Clean-b72/New-roots-b74. Lang:fr
15:45:44 Listing url is not the same: /fr/Allergies-c55/Boiron-b61/Flora-b123/urlBilingual vs /fr/Allergies-c55/Boiron-b61/Flora-b123. Lang:fr
15:47:02 Listing url is not the same: /fr/Homeopathie-c12/A-Vogel-b54/Healthology-b116/brand.Url vs /fr/Homeopathie-c12/A-Vogel-b54/Healthology-b116. Lang:fr
15:47:26 Listing url is not the same: /fr/Inflammation-c98/Clef-des-champs-b26/Le-Tournesol-ANB-b64/Merveilles-d-Abeilles-b69/Nature-Clean-b72/cat.Url vs /fr/Inflammation-c98/Clef-des-champs-b26/Le-Tournesol-ANB-b64/Merveilles-d-Abeilles-b69/Nature-Clean-b72. Lang:fr
15:48:13 Listing url is not the same: /fr/Sante-des-enfants-c108/Boiron-b61/Flora-b123/cat.Url vs /fr/Sante-des-enfants-c108/Boiron-b61/Flora-b123. Lang:fr
16:32:55 Listing url is not the same: /fr/Rhume-grippe-voie-respiratoire-c57/A-Vogel-b54/Boiron-b61/New-roots-b74/cat.Url vs /fr/Rhume-grippe-voie-respiratoire-c57/A-Vogel-b54/Boiron-b61/New-roots-b74. Lang:fr
16:33:19 Listing url is not the same: /fr/Detox-Digestion-c87/A-Vogel-b54/Clef-des-champs-b26/Druide-b63/Le-Tournesol-ANB-b64/Natural-Factors-b71/urlBilingual vs /fr/Detox-Digestion-c87/A-Vogel-b54/Clef-des-champs-b26/Druide-b63/Le-Tournesol-ANB-b64/Natural-Factors-b71. Lang:fr
16:33:26 Listing url is not the same: /fr/Inflammation-c98/A-Vogel-b54/Anokian-b58/Boiron-b61/Clef-des-champs-b26/urlBilingual vs /fr/Inflammation-c98/A-Vogel-b54/Anokian-b58/Boiron-b61/Clef-des-champs-b26. Lang:fr
16:33:53 Listing url is not the same: /fr/Inflammation-c98/Boiron-b61/Natural-Factors-b71/Nature-Clean-b72/brand.Url vs /fr/Inflammation-c98/Boiron-b61/Natural-Factors-b71/Nature-Clean-b72. Lang:fr
16:33:59 Listing url is not the same: /fr/Sante-des-enfants-c108/Boiron-b61/Meditrina-b68/Natural-Factors-b71/New-roots-b74/b.Url vs /fr/Sante-des-enfants-c108/Boiron-b61/Meditrina-b68/Natural-Factors-b71/New-roots-b74. Lang:fr
16:34:02 Listing url is not the same: /fr/Sommeil-c88/Anokian-b58/Druide-b63/Natural-Factors-b71/addressLink vs /fr/Sommeil-c88/Anokian-b58/Druide-b63/Natural-Factors-b71. Lang:fr
16:34:05 Listing url is not the same: /fr/Sommeil-c88/Clef-des-champs-b26/Numi-tea-b124/cat.Url vs /fr/Sommeil-c88/Clef-des-champs-b26/Numi-tea-b124. Lang:fr
16:34:15 Listing url is not the same: /fr/Systeme-immunitaire-c93/Boiron-b61/Clef-des-champs-b26/Flora-b123/promotion.Url vs /fr/Systeme-immunitaire-c93/Boiron-b61/Clef-des-champs-b26/Flora-b123. Lang:fr
16:34:25 Listing url is not the same: /fr/Systeme-immunitaire-c93/Clef-des-champs-b26/Druide-b63/Natural-Factors-b71/New-roots-b74/cat.Url vs /fr/Systeme-immunitaire-c93/Clef-des-champs-b26/Druide-b63/Natural-Factors-b71/New-roots-b74. Lang:fr
17:19:44 Listing url is not the same: /fr/Homeopathie-c12/A-Vogel-b54/Bach-b137/Boiron-b61/subcat.Url vs /fr/Homeopathie-c12/A-Vogel-b54/Bach-b137/Boiron-b61. Lang:fr
17:20:14 Listing url is not the same: /fr/Homeopathie-c12/Boiron-b61/Clef-des-champs-b26/Druide-b63/Natural-Factors-b71/p.UrlBrand vs /fr/Homeopathie-c12/Boiron-b61/Clef-des-champs-b26/Druide-b63/Natural-Factors-b71. Lang:fr
17:21:40 Listing url is not the same: /fr/Concentration-memoire-migraine-c56/Boiron-b61/Natural-Factors-b71/New-roots-b74/brand.Url vs /fr/Concentration-memoire-migraine-c56/Boiron-b61/Natural-Factors-b71/New-roots-b74. Lang:fr
17:22:06 Listing url is not the same: /fr/Concentration-memoire-migraine-c56/Clef-des-champs-b26/Leo-Desilet-b66/urlBilingual vs /fr/Concentration-memoire-migraine-c56/Clef-des-champs-b26/Leo-Desilet-b66. Lang:fr
17:22:57 Listing url is not the same: /fr/Sommeil-c88/A-Vogel-b54/Boiron-b61/Clef-des-champs-b26/Nature-Clean-b72/promotion.Url vs /fr/Sommeil-c88/A-Vogel-b54/Boiron-b61/Clef-des-champs-b26/Nature-Clean-b72. Lang:fr
17:23:20 Listing url is not the same: /fr/Antioxydants-c62/Boiron-b61/Clef-des-champs-b26/Flora-b123/subcat.Url vs /fr/Antioxydants-c62/Boiron-b61/Clef-des-champs-b26/Flora-b123. Lang:fr
17:24:09 Listing url is not the same: /fr/Concentration-memoire-migraine-c56/Boiron-b61/Clef-des-champs-b26/Flora-b123/p.UrlBrand vs /fr/Concentration-memoire-migraine-c56/Boiron-b61/Clef-des-champs-b26/Flora-b123. Lang:fr
17:24:49 Listing url is not the same: /fr/Fatigue-c99/Bach-b137/Natural-Factors-b71/p.Url vs /fr/Fatigue-c99/Bach-b137/Natural-Factors-b71. Lang:fr
17:25:07 Listing url is not the same: /fr/Homeopathie-c12/A-Vogel-b54/Healthology-b116/cat.Url vs /fr/Homeopathie-c12/A-Vogel-b54/Healthology-b116. Lang:fr
17:26:12 Listing url is not the same: /fr/Sante-des-femmes-c100/Anokian-b58/Natural-Factors-b71/New-roots-b74/brand.Url vs /fr/Sante-des-femmes-c100/Anokian-b58/Natural-Factors-b71/New-roots-b74. Lang:fr
18:06:41 Listing url is not the same: /fr/Homeopathie-c12/Merveilles-d-Abeilles-b69/New-roots-b74/addressLink vs /fr/Homeopathie-c12/Merveilles-d-Abeilles-b69/New-roots-b74. Lang:fr
18:07:11 Listing url is not the same: /fr/Cosmetique-parfum-et-deodorant-c60/A-Vogel-b54/Anokian-b58/Natural-Factors-b71/p.Url vs /fr/Cosmetique-parfum-et-deodorant-c60/A-Vogel-b54/Anokian-b58/Natural-Factors-b71. Lang:fr
18:07:18 Listing url is not the same: /fr/Cosmetique-parfum-et-deodorant-c60/Anokian-b58/Clef-des-champs-b26/Natural-Factors-b71/cat.Url vs /fr/Cosmetique-parfum-et-deodorant-c60/Anokian-b58/Clef-des-champs-b26/Natural-Factors-b71. Lang:fr
18:08:32 Listing url is not the same: /fr/Sommeil-c88/Clef-des-champs-b26/Leo-Desilet-b66/subcat.Url vs /fr/Sommeil-c88/Clef-des-champs-b26/Leo-Desilet-b66. Lang:fr
18:09:07 Listing url is not the same: /fr/Antioxydants-c62/Clef-des-champs-b26/Le-Tournesol-ANB-b64/New-roots-b74/brand.Url vs /fr/Antioxydants-c62/Clef-des-champs-b26/Le-Tournesol-ANB-b64/New-roots-b74. Lang:fr
18:09:56 Listing url is not the same: /fr/Sommeil-c88/Bach-b137/New-roots-b74/promotion.Url vs /fr/Sommeil-c88/Bach-b137/New-roots-b74. Lang:fr
18:10:08 Listing url is not the same: /fr/soin-du-corps-c86/A-Vogel-b54/Clef-des-champs-b26/Druide-b63/New-roots-b74/promotion.Url vs /fr/Soin-du-corps-c86/A-Vogel-b54/Clef-des-champs-b26/Druide-b63/New-roots-b74. Lang:fr
18:10:31 Listing url is not the same: /fr/Stress-c97/A-Vogel-b54/Clef-des-champs-b26/Meditrina-b68/New-roots-b74/addressLink vs /fr/Stress-c97/A-Vogel-b54/Clef-des-champs-b26/Meditrina-b68/New-roots-b74. Lang:fr
18:54:44 Listing url is not the same: /fr/Detox-Digestion-c87/A-Vogel-b54/Clef-des-champs-b26/Druide-b63/Le-Tournesol-ANB-b64/Natural-Factors-b71/subcat.Url vs /fr/Detox-Digestion-c87/A-Vogel-b54/Clef-des-champs-b26/Druide-b63/Le-Tournesol-ANB-b64/Natural-Factors-b71. Lang:fr
18:55:20 Listing url is not the same: /fr/Allergies-c55/Boiron-b61/Flora-b123/subcat.Url vs /fr/Allergies-c55/Boiron-b61/Flora-b123. Lang:fr
18:55:24 Listing url is not the same: /fr/Sante-des-enfants-c108/Boiron-b61/Flora-b123/brand.Url vs /fr/Sante-des-enfants-c108/Boiron-b61/Flora-b123. Lang:fr
18:56:25 Listing url is not the same: /fr/Huiles-magiques-de-wicca-c65/Clef-des-champs-b26/Le-Tournesol-ANB-b64/Medelys-b128/brand.Url vs /fr/Huiles-magiques-de-wicca-c65/Clef-des-champs-b26/Le-Tournesol-ANB-b64/Medelys-b128. Lang:fr
19:42:04 Listing url is not the same: /fr/Sante-des-femmes-c100/A-Vogel-b54/Clef-des-champs-b26/Nature-Clean-b72/p.UrlBrand vs /fr/Sante-des-femmes-c100/A-Vogel-b54/Clef-des-champs-b26/Nature-Clean-b72. Lang:fr
19:42:35 Listing url is not the same: /fr/Concentration-memoire-migraine-c56/Clef-des-champs-b26/Leo-Desilet-b66/subcat.Url vs /fr/Concentration-memoire-migraine-c56/Clef-des-champs-b26/Leo-Desilet-b66. Lang:fr
19:43:30 Listing url is not the same: /fr/Stress-c97/Druide-b63/Flora-b123/subcat.Url vs /fr/Stress-c97/Druide-b63/Flora-b123. Lang:fr
19:43:32 Listing url is not the same: /fr/Systeme-immunitaire-c93/A-Vogel-b54/Clef-des-champs-b26/Flora-b123/p.UrlBrand vs /fr/Systeme-immunitaire-c93/A-Vogel-b54/Clef-des-champs-b26/Flora-b123. Lang:fr
19:44:52 Listing url is not the same: /fr/Allergies-c55/Clef-des-champs-b26/Meditrina-b68/Natural-Factors-b71/New-roots-b74/brand.Url vs /fr/Allergies-c55/Clef-des-champs-b26/Meditrina-b68/Natural-Factors-b71/New-roots-b74. Lang:fr
19:44:54 Listing url is not the same: /fr/Detox-Digestion-c87/A-Vogel-b54/Anokian-b58/Boiron-b61/Clef-des-champs-b26/cat.Url vs /fr/Detox-Digestion-c87/A-Vogel-b54/Anokian-b58/Boiron-b61/Clef-des-champs-b26. Lang:fr
19:44:58 Listing url is not the same: /fr/Fatigue-c99/A-Vogel-b54/Bach-b137/Clef-des-champs-b26/Druide-b63/p.Url vs /fr/Fatigue-c99/A-Vogel-b54/Bach-b137/Clef-des-champs-b26/Druide-b63. Lang:fr
19:45:03 Listing url is not the same: /fr/Fatigue-c99/A-Vogel-b54/Bach-b137/Clef-des-champs-b26/Druide-b63/urlBilingual vs /fr/Fatigue-c99/A-Vogel-b54/Bach-b137/Clef-des-champs-b26/Druide-b63. Lang:fr
20:36:13 Listing url is not the same: /fr/Antioxydants-c62/Clef-des-champs-b26/Druide-b63/Natural-Factors-b71/New-roots-b74/brand.Url vs /fr/Antioxydants-c62/Clef-des-champs-b26/Druide-b63/Natural-Factors-b71/New-roots-b74. Lang:fr
20:36:19 Listing url is not the same: /fr/Homeopathie-c12/A-Vogel-b54/Bach-b137/Boiron-b61/urlBilingual vs /fr/Homeopathie-c12/A-Vogel-b54/Bach-b137/Boiron-b61. Lang:fr
20:36:24 Listing url is not the same: /fr/Sommeil-c88/A-Vogel-b54/Clef-des-champs-b26/Flora-b123/p.UrlBrand vs /fr/Sommeil-c88/A-Vogel-b54/Clef-des-champs-b26/Flora-b123. Lang:fr
20:36:57 Listing url is not the same: /fr/Detox-Digestion-c87/A-Vogel-b54/Clef-des-champs-b26/Druide-b63/Le-Tournesol-ANB-b64/Natural-Factors-b71/cat.Url vs /fr/Detox-Digestion-c87/A-Vogel-b54/Clef-des-champs-b26/Druide-b63/Le-Tournesol-ANB-b64/Natural-Factors-b71. Lang:fr
20:37:47 Listing url is not the same: /fr/Coeur-et-sante-generale-c106/A-Vogel-b54/Clef-des-champs-b26/Druide-b63/New-roots-b74/p.Url vs /fr/Coeur-et-sante-generale-c106/A-Vogel-b54/Clef-des-champs-b26/Druide-b63/New-roots-b74. Lang:fr
20:37:55 Listing url is not the same: /fr/Fatigue-c99/Clef-des-champs-b26/Meditrina-b68/Merveilles-d-Abeilles-b69/New-roots-b74/cat.Url vs /fr/Fatigue-c99/Clef-des-champs-b26/Meditrina-b68/Merveilles-d-Abeilles-b69/New-roots-b74. Lang:fr
20:37:56 Listing url is not the same: /fr/Fatigue-c99/Le-Tournesol-ANB-b64/Natural-Factors-b71/Nature-Clean-b72/urlBilingual vs /fr/Fatigue-c99/Le-Tournesol-ANB-b64/Natural-Factors-b71/Nature-Clean-b72. Lang:fr
20:38:01 Listing url is not the same: /fr/Homeopathie-c12/Boiron-b61/Medelys-b128/b.Url vs /fr/Homeopathie-c12/Boiron-b61/Medelys-b128. Lang:fr
20:38:25 Listing url is not the same: /fr/Systeme-immunitaire-c93/A-Vogel-b54/Clef-des-champs-b26/Flora-b123/p.Url vs /fr/Systeme-immunitaire-c93/A-Vogel-b54/Clef-des-champs-b26/Flora-b123. Lang:fr
21:51:15 Listing url is not the same: /fr/Sante-des-enfants-c108/Clef-des-champs-b26/Druide-b63/Natural-Factors-b71/New-roots-b74/b.Url vs /fr/Sante-des-enfants-c108/Clef-des-champs-b26/Druide-b63/Natural-Factors-b71/New-roots-b74. Lang:fr
21:54:08 Listing url is not the same: /fr/Homeopathie-c12/Boiron-b61/Le-Tournesol-ANB-b64/Merveilles-d-Abeilles-b69/brand.Url vs /fr/Homeopathie-c12/Boiron-b61/Le-Tournesol-ANB-b64/Merveilles-d-Abeilles-b69. Lang:fr
21:54:20 Listing url is not the same: /fr/Stress-c97/Clef-des-champs-b26/Numi-tea-b124/p.Url vs /fr/Stress-c97/Clef-des-champs-b26/Numi-tea-b124. Lang:fr
21:54:31 Listing url is not the same: /fr/Systeme-immunitaire-c93/Anokian-b58/Natural-Factors-b71/New-roots-b74/p.UrlBrand vs /fr/Systeme-immunitaire-c93/Anokian-b58/Natural-Factors-b71/New-roots-b74. Lang:fr
21:54:50 Listing url is not the same: /fr/Systeme-immunitaire-c93/Boiron-b61/Clef-des-champs-b26/Merveilles-d-Abeilles-b69/New-roots-b74/addressLink vs /fr/Systeme-immunitaire-c93/Boiron-b61/Clef-des-champs-b26/Merveilles-d-Abeilles-b69/New-roots-b74. Lang:fr
21:55:21 Listing url is not the same: /fr/Systeme-immunitaire-c93/Clef-des-champs-b26/Druide-b63/Natural-Factors-b71/New-roots-b74/p.UrlBrand vs /fr/Systeme-immunitaire-c93/Clef-des-champs-b26/Druide-b63/Natural-Factors-b71/New-roots-b74. Lang:fr
21:55:50 Listing url is not the same: /fr/soin-du-corps-c86/Druide-b63/Meditrina-b68/New-roots-b74/b.Url vs /fr/Soin-du-corps-c86/Druide-b63/Meditrina-b68/New-roots-b74. Lang:fr
22:38:16 Listing url is not the same: /fr/Coeur-et-sante-generale-c106/A-Vogel-b54/Boiron-b61/Clef-des-champs-b26/Merveilles-d-Abeilles-b69/Natural-Factors-b71/urlBilingual vs /fr/Coeur-et-sante-generale-c106/A-Vogel-b54/Boiron-b61/Clef-des-champs-b26/Merveilles-d-Abeilles-b69/Natural-Factors-b71. Lang:fr
22:39:17 Listing url is not the same: /fr/Inflammation-c98/Boiron-b61/Natural-Factors-b71/New-roots-b74/p.Url vs /fr/Inflammation-c98/Boiron-b61/Natural-Factors-b71/New-roots-b74. Lang:fr
22:39:58 Listing url is not the same: /fr/Sante-des-femmes-c100/A-Vogel-b54/Clef-des-champs-b26/Nature-Clean-b72/subcat.Url vs /fr/Sante-des-femmes-c100/A-Vogel-b54/Clef-des-champs-b26/Nature-Clean-b72. Lang:fr
22:43:13 Listing url is not the same: /fr/Concentration-memoire-migraine-c56/Boiron-b61/Clef-des-champs-b26/Flora-b123/cat.Url vs /fr/Concentration-memoire-migraine-c56/Boiron-b61/Clef-des-champs-b26/Flora-b123. Lang:fr
22:44:38 Listing url is not the same: /fr/Sante-des-enfants-c108/A-Vogel-b54/Clef-des-champs-b26/Flora-b123/urlBilingual vs /fr/Sante-des-enfants-c108/A-Vogel-b54/Clef-des-champs-b26/Flora-b123. Lang:fr
22:45:34 Listing url is not the same: /fr/soin-du-corps-c86/Boiron-b61/Clef-des-champs-b26/Natural-Factors-b71/New-roots-b74/b.Url vs /fr/Soin-du-corps-c86/Boiron-b61/Clef-des-champs-b26/Natural-Factors-b71/New-roots-b74. Lang:fr
22:45:49 Listing url is not the same: /fr/Antioxydants-c62/Sisu-b118/b.Url vs /fr/Antioxydants-c62/Sisu-b118. Lang:fr
22:46:18 Listing url is not the same: /fr/Detox-Digestion-c87/A-Vogel-b54/Anokian-b58/Boiron-b61/Clef-des-champs-b26/p.UrlBrand vs /fr/Detox-Digestion-c87/A-Vogel-b54/Anokian-b58/Boiron-b61/Clef-des-champs-b26. Lang:fr
22:46:53 Listing url is not the same: /fr/Systeme-immunitaire-c93/Anokian-b58/New-roots-b74/p.Url vs /fr/Systeme-immunitaire-c93/Anokian-b58/New-roots-b74. Lang:fr
23:30:21 Listing url is not the same: /fr/Coeur-et-sante-generale-c106/Leo-Desilet-b66/brand.Url vs /fr/Coeur-et-sante-generale-c106/Leo-Desilet-b66. Lang:fr
23:32:49 Listing url is not the same: /fr/Sante-des-femmes-c100/Medelys-b128/subcat.Url vs /fr/Sante-des-femmes-c100/Medelys-b128. Lang:fr
23:34:04 Listing url is not the same: /fr/Antioxydants-c62/Boiron-b61/Clef-des-champs-b26/Flora-b123/urlBilingual vs /fr/Antioxydants-c62/Boiron-b61/Clef-des-champs-b26/Flora-b123. Lang:fr
23:35:04 Listing url is not the same: /fr/Inflammation-c98/Boiron-b61/Clef-des-champs-b26/Flora-b123/urlBilingual vs /fr/Inflammation-c98/Boiron-b61/Clef-des-champs-b26/Flora-b123. Lang:fr
23:36:13 Listing url is not the same: /fr/Sommeil-c88/A-Vogel-b54/Flora-b123/Natural-Factors-b71/subcat.Url vs /fr/Sommeil-c88/A-Vogel-b54/Flora-b123/Natural-Factors-b71. Lang:fr
23:37:11 Listing url is not the same: /fr/Stress-c97/Clef-des-champs-b26/Numi-tea-b124/cat.Url vs /fr/Stress-c97/Clef-des-champs-b26/Numi-tea-b124. Lang:fr
23:38:05 Listing url is not the same: /fr/Systeme-immunitaire-c93/Anokian-b58/Natural-Factors-b71/New-roots-b74/addressLink vs /fr/Systeme-immunitaire-c93/Anokian-b58/Natural-Factors-b71/New-roots-b74. Lang:fr
23:38:31 Listing url is not the same: /fr/soin-du-corps-c86/Druide-b63/Meditrina-b68/New-roots-b74/subcat.Url vs /fr/Soin-du-corps-c86/Druide-b63/Meditrina-b68/New-roots-b74. Lang:fr
