00:26:49 Listing url is not the same: /fr/Concentration-memoire-migraine-c56/Le-Tournesol-ANB-b64/New-roots-b74/p.UrlBrand vs /fr/Concentration-memoire-migraine-c56/Le-Tournesol-ANB-b64/New-roots-b74. Lang:fr
00:28:11 Listing url is not the same: /fr/Allergies-c55/Boiron-b61/Flora-b123/p.Url vs /fr/Allergies-c55/Boiron-b61/Flora-b123. Lang:fr
00:28:18 Listing url is not the same: /fr/Allergies-c55/Boiron-b61/Flora-b123/promotion.Url vs /fr/Allergies-c55/Boiron-b61/Flora-b123. Lang:fr
00:28:36 Listing url is not the same: /fr/Homeopathie-c12/A-Vogel-b54/Bach-b137/Boiron-b61/brand.Url vs /fr/Homeopathie-c12/A-Vogel-b54/Bach-b137/Boiron-b61. Lang:fr
00:29:45 Listing url is not the same: /fr/Stress-c97/Clef-des-champs-b26/Druide-b63/Meditrina-b68/Natural-Factors-b71/cat.Url vs /fr/Stress-c97/Clef-des-champs-b26/Druide-b63/Meditrina-b68/Natural-Factors-b71. Lang:fr
00:30:44 Listing url is not the same: /fr/Concentration-memoire-migraine-c56/Clef-des-champs-b26/Leo-Desilet-b66/b.Url vs /fr/Concentration-memoire-migraine-c56/Clef-des-champs-b26/Leo-Desilet-b66. Lang:fr
00:31:11 Listing url is not the same: /fr/Rhume-grippe-voie-respiratoire-c57/Clef-des-champs-b26/Healthology-b116/p.Url vs /fr/Rhume-grippe-voie-respiratoire-c57/Clef-des-champs-b26/Healthology-b116. Lang:fr
00:32:28 Listing url is not the same: /fr/Stress-c97/Clef-des-champs-b26/Numi-tea-b124/addressLink vs /fr/Stress-c97/Clef-des-champs-b26/Numi-tea-b124. Lang:fr
01:29:18 Listing url is not the same: /fr/Sante-des-enfants-c108/A-Vogel-b54/Bach-b137/Boiron-b61/subcat.Url vs /fr/Sante-des-enfants-c108/A-Vogel-b54/Bach-b137/Boiron-b61. Lang:fr
01:29:42 Listing url is not the same: /fr/Allergies-c55/Anokian-b58/Clef-des-champs-b26/Natural-Factors-b71/promotion.Url vs /fr/Allergies-c55/Anokian-b58/Clef-des-champs-b26/Natural-Factors-b71. Lang:fr
01:30:23 Listing url is not the same: /fr/Detox-Digestion-c87/A-Vogel-b54/Bach-b137/Boiron-b61/b.Url vs /fr/Detox-Digestion-c87/A-Vogel-b54/Bach-b137/Boiron-b61. Lang:fr
01:30:28 Listing url is not the same: /fr/Sante-des-enfants-c108/Boiron-b61/Druide-b63/Natural-Factors-b71/New-roots-b74/p.UrlBrand vs /fr/Sante-des-enfants-c108/Boiron-b61/Druide-b63/Natural-Factors-b71/New-roots-b74. Lang:fr
01:31:26 Listing url is not the same: /fr/Inflammation-c98/Boiron-b61/Natural-Factors-b71/Nature-Clean-b72/promotion.Url vs /fr/Inflammation-c98/Boiron-b61/Natural-Factors-b71/Nature-Clean-b72. Lang:fr
02:34:17 Listing url is not the same: /fr/Sante-des-enfants-c108/Clef-des-champs-b26/Druide-b63/Natural-Factors-b71/New-roots-b74/p.UrlBrand vs /fr/Sante-des-enfants-c108/Clef-des-champs-b26/Druide-b63/Natural-Factors-b71/New-roots-b74. Lang:fr
02:34:29 Listing url is not the same: /fr/Sante-des-enfants-c108/Clef-des-champs-b26/Meditrina-b68/Natural-Factors-b71/New-roots-b74/addressLink vs /fr/Sante-des-enfants-c108/Clef-des-champs-b26/Meditrina-b68/Natural-Factors-b71/New-roots-b74. Lang:fr
02:35:04 Listing url is not the same: /fr/Inflammation-c98/A-Vogel-b54/Anokian-b58/Boiron-b61/Clef-des-champs-b26/addressLink vs /fr/Inflammation-c98/A-Vogel-b54/Anokian-b58/Boiron-b61/Clef-des-champs-b26. Lang:fr
02:35:16 Listing url is not the same: /fr/Sommeil-c88/A-Vogel-b54/Boiron-b61/Clef-des-champs-b26/Nature-Clean-b72/p.UrlBrand vs /fr/Sommeil-c88/A-Vogel-b54/Boiron-b61/Clef-des-champs-b26/Nature-Clean-b72. Lang:fr
02:35:51 Listing url is not the same: /fr/Sommeil-c88/Clef-des-champs-b26/Meditrina-b68/Natural-Factors-b71/Nature-Clean-b72/urlBilingual vs /fr/Sommeil-c88/Clef-des-champs-b26/Meditrina-b68/Natural-Factors-b71/Nature-Clean-b72. Lang:fr
03:28:20 Listing url is not the same: /fr/Sante-des-femmes-c100/A-Vogel-b54/Clef-des-champs-b26/Nature-Clean-b72/cat.Url vs /fr/Sante-des-femmes-c100/A-Vogel-b54/Clef-des-champs-b26/Nature-Clean-b72. Lang:fr
03:28:44 Listing url is not the same: /fr/Fatigue-c99/Medelys-b128/Natural-Factors-b71/cat.Url vs /fr/Fatigue-c99/Medelys-b128/Natural-Factors-b71. Lang:fr
03:29:06 Listing url is not the same: /fr/Sante-des-enfants-c108/Clef-des-champs-b26/Meditrina-b68/Natural-Factors-b71/New-roots-b74/brand.Url vs /fr/Sante-des-enfants-c108/Clef-des-champs-b26/Meditrina-b68/Natural-Factors-b71/New-roots-b74. Lang:fr
03:29:28 Listing url is not the same: /fr/Antioxydants-c62/Clef-des-champs-b26/Druide-b63/Natural-Factors-b71/New-roots-b74/p.Url vs /fr/Antioxydants-c62/Clef-des-champs-b26/Druide-b63/Natural-Factors-b71/New-roots-b74. Lang:fr
03:29:48 Listing url is not the same: /fr/Detox-Digestion-c87/A-Vogel-b54/Bach-b137/Boiron-b61/urlBilingual vs /fr/Detox-Digestion-c87/A-Vogel-b54/Bach-b137/Boiron-b61. Lang:fr
03:31:17 Listing url is not the same: /fr/soin-du-corps-c86/Merveilles-d-Abeilles-b69/New-roots-b74/b.Url vs /fr/Soin-du-corps-c86/Merveilles-d-Abeilles-b69/New-roots-b74. Lang:fr
05:07:04 Listing url is not the same: /fr/Allergies-c55/Bach-b137/subcat.Url vs /fr/Allergies-c55/Bach-b137. Lang:fr
05:08:27 Listing url is not the same: /fr/Inflammation-c98/A-Vogel-b54/Le-Tournesol-ANB-b64/Natural-Factors-b71/urlBilingual vs /fr/Inflammation-c98/A-Vogel-b54/Le-Tournesol-ANB-b64/Natural-Factors-b71. Lang:fr
05:08:36 Listing url is not the same: /fr/Sante-des-enfants-c108/A-Vogel-b54/Bach-b137/Boiron-b61/urlBilingual vs /fr/Sante-des-enfants-c108/A-Vogel-b54/Bach-b137/Boiron-b61. Lang:fr
05:09:26 Listing url is not the same: /fr/Allergies-c55/Boiron-b61/Flora-b123/b.Url vs /fr/Allergies-c55/Boiron-b61/Flora-b123. Lang:fr
05:09:54 Listing url is not the same: /fr/Sante-des-enfants-c108/Clef-des-champs-b26/Meditrina-b68/Natural-Factors-b71/New-roots-b74/urlBilingual vs /fr/Sante-des-enfants-c108/Clef-des-champs-b26/Meditrina-b68/Natural-Factors-b71/New-roots-b74. Lang:fr
05:10:06 Listing url is not the same: /fr/Fatigue-c99/A-Vogel-b54/Boiron-b61/Clef-des-champs-b26/Nature-Clean-b72/addressLink vs /fr/Fatigue-c99/A-Vogel-b54/Boiron-b61/Clef-des-champs-b26/Nature-Clean-b72. Lang:fr
05:10:10 Listing url is not the same: /fr/Systeme-immunitaire-c93/A-Vogel-b54/Anokian-b58/Boiron-b61/Clef-des-champs-b26/p.Url vs /fr/Systeme-immunitaire-c93/A-Vogel-b54/Anokian-b58/Boiron-b61/Clef-des-champs-b26. Lang:fr
05:10:41 Listing url is not the same: /fr/Systeme-immunitaire-c93/A-Vogel-b54/Boiron-b61/Clef-des-champs-b26/Nature-Clean-b72/p.UrlBrand vs /fr/Systeme-immunitaire-c93/A-Vogel-b54/Boiron-b61/Clef-des-champs-b26/Nature-Clean-b72. Lang:fr
05:54:06 Listing url is not the same: /fr/Allergies-c55/Bach-b137/urlBilingual vs /fr/Allergies-c55/Bach-b137. Lang:fr
05:56:27 Listing url is not the same: /fr/Inflammation-c98/A-Vogel-b54/Le-Tournesol-ANB-b64/Natural-Factors-b71/brand.Url vs /fr/Inflammation-c98/A-Vogel-b54/Le-Tournesol-ANB-b64/Natural-Factors-b71. Lang:fr
05:57:23 Listing url is not the same: /fr/Cosmetique-parfum-et-deodorant-c60/Clef-des-champs-b26/Druide-b63/Flora-b123/p.UrlBrand vs /fr/Cosmetique-parfum-et-deodorant-c60/Clef-des-champs-b26/Druide-b63/Flora-b123. Lang:fr
05:58:25 Listing url is not the same: /fr/Fatigue-c99/Clef-des-champs-b26/Leo-Desilet-b66/p.UrlBrand vs /fr/Fatigue-c99/Clef-des-champs-b26/Leo-Desilet-b66. Lang:fr
05:59:24 Listing url is not the same: /fr/Sante-des-femmes-c100/Medelys-b128/cat.Url vs /fr/Sante-des-femmes-c100/Medelys-b128. Lang:fr
06:03:21 Listing url is not the same: /fr/Stress-c97/Clef-des-champs-b26/Healthology-b116/brand.Url vs /fr/Stress-c97/Clef-des-champs-b26/Healthology-b116. Lang:fr
06:59:11 Listing url is not the same: /fr/Homeopathie-c12/A-Vogel-b54/Boiron-b61/Clef-des-champs-b26/Merveilles-d-Abeilles-b69/Natural-Factors-b71/promotion.Url vs /fr/Homeopathie-c12/A-Vogel-b54/Boiron-b61/Clef-des-champs-b26/Merveilles-d-Abeilles-b69/Natural-Factors-b71. Lang:fr
06:59:13 Listing url is not the same: /fr/Rhume-grippe-voie-respiratoire-c57/A-Vogel-b54/Medelys-b128/p.Url vs /fr/Rhume-grippe-voie-respiratoire-c57/A-Vogel-b54/Medelys-b128. Lang:fr
06:59:44 Listing url is not the same: /fr/A-Vogel-b54/Boiron-b61/Clef-des-champs-b26/Druide-b63/Meditrina-b68/Natural-Factors-b71/Nature-Clean-b72/New-roots-b74/p.Url vs /fr/A-Vogel-b54/Boiron-b61/Clef-des-champs-b26/Druide-b63/Meditrina-b68/Natural-Factors-b71/Nature-Clean-b72/New-roots-b74. Lang:fr
06:59:51 Listing url is not the same: /fr/Fatigue-c99/A-Vogel-b54/Boiron-b61/Clef-des-champs-b26/Nature-Clean-b72/b.Url vs /fr/Fatigue-c99/A-Vogel-b54/Boiron-b61/Clef-des-champs-b26/Nature-Clean-b72. Lang:fr
07:00:02 Listing url is not the same: /fr/Stress-c97/A-Vogel-b54/Clef-des-champs-b26/Meditrina-b68/New-roots-b74/cat.Url vs /fr/Stress-c97/A-Vogel-b54/Clef-des-champs-b26/Meditrina-b68/New-roots-b74. Lang:fr
07:47:42 Listing url is not the same: /fr/Systeme-immunitaire-c93/A-Vogel-b54/Anokian-b58/Boiron-b61/Clef-des-champs-b26/addressLink vs /fr/Systeme-immunitaire-c93/A-Vogel-b54/Anokian-b58/Boiron-b61/Clef-des-champs-b26. Lang:fr
08:38:17 Listing url is not the same: /fr/Systeme-immunitaire-c93/A-Vogel-b54/Anokian-b58/Boiron-b61/Clef-des-champs-b26/cat.Url vs /fr/Systeme-immunitaire-c93/A-Vogel-b54/Anokian-b58/Boiron-b61/Clef-des-champs-b26. Lang:fr
09:29:45 Listing url is not the same: /fr/Stress-c97/Druide-b63/Natural-Factors-b71/New-roots-b74/urlBilingual vs /fr/Stress-c97/Druide-b63/Natural-Factors-b71/New-roots-b74. Lang:fr
10:17:51 Listing url is not the same: /fr/Systeme-immunitaire-c93/Boiron-b61/Natural-Factors-b71/New-roots-b74/subcat.Url vs /fr/Systeme-immunitaire-c93/Boiron-b61/Natural-Factors-b71/New-roots-b74. Lang:fr
10:18:27 Listing url is not the same: /fr/Concentration-memoire-migraine-c56/Boiron-b61/Natural-Factors-b71/New-roots-b74/addressLink vs /fr/Concentration-memoire-migraine-c56/Boiron-b61/Natural-Factors-b71/New-roots-b74. Lang:fr
11:07:53 Listing url is not the same: /fr/Cosmetique-parfum-et-deodorant-c60/Clef-des-champs-b26/Druide-b63/Flora-b123/b.Url vs /fr/Cosmetique-parfum-et-deodorant-c60/Clef-des-champs-b26/Druide-b63/Flora-b123. Lang:fr
11:08:20 Listing url is not the same: /fr/Sommeil-c88/A-Vogel-b54/Medelys-b128/urlBilingual vs /fr/Sommeil-c88/A-Vogel-b54/Medelys-b128. Lang:fr
11:08:26 Listing url is not the same: /fr/Homeopathie-c12/A-Vogel-b54/Boiron-b61/Clef-des-champs-b26/Nature-Clean-b72/p.UrlBrand vs /fr/Homeopathie-c12/A-Vogel-b54/Boiron-b61/Clef-des-champs-b26/Nature-Clean-b72. Lang:fr
11:56:08 Listing url is not the same: /fr/Sante-des-enfants-c108/Clef-des-champs-b26/Druide-b63/Natural-Factors-b71/New-roots-b74/promotion.Url vs /fr/Sante-des-enfants-c108/Clef-des-champs-b26/Druide-b63/Natural-Factors-b71/New-roots-b74. Lang:fr
11:56:38 Listing url is not the same: /fr/Inflammation-c98/A-Vogel-b54/Anokian-b58/Boiron-b61/Clef-des-champs-b26/promotion.Url vs /fr/Inflammation-c98/A-Vogel-b54/Anokian-b58/Boiron-b61/Clef-des-champs-b26. Lang:fr
12:48:14 Listing url is not the same: /fr/Systeme-immunitaire-c93/Boiron-b61/Natural-Factors-b71/New-roots-b74/p.UrlBrand vs /fr/Systeme-immunitaire-c93/Boiron-b61/Natural-Factors-b71/New-roots-b74. Lang:fr
13:34:08 Listing url is not the same: /fr/Coeur-et-sante-generale-c106/Druide-b63/Natural-Factors-b71/New-roots-b74/urlBilingual vs /fr/Coeur-et-sante-generale-c106/Druide-b63/Natural-Factors-b71/New-roots-b74. Lang:fr
15:12:20 Listing url is not the same: /fr/Systeme-immunitaire-c93/A-Vogel-b54/Anokian-b58/Boiron-b61/Clef-des-champs-b26/p.UrlBrand vs /fr/Systeme-immunitaire-c93/A-Vogel-b54/Anokian-b58/Boiron-b61/Clef-des-champs-b26. Lang:fr
15:12:41 Listing url is not the same: /fr/Concentration-memoire-migraine-c56/A-Vogel-b54/Boiron-b61/Clef-des-champs-b26/Merveilles-d-Abeilles-b69/Natural-Factors-b71/addressLink vs /fr/Concentration-memoire-migraine-c56/A-Vogel-b54/Boiron-b61/Clef-des-champs-b26/Merveilles-d-Abeilles-b69/Natural-Factors-b71. Lang:fr
16:01:13 Listing url is not the same: /fr/Coeur-et-sante-generale-c106/A-Vogel-b54/Clef-des-champs-b26/Druide-b63/New-roots-b74/promotion.Url vs /fr/Coeur-et-sante-generale-c106/A-Vogel-b54/Clef-des-champs-b26/Druide-b63/New-roots-b74. Lang:fr
16:56:03 Listing url is not the same: /fr/Fatigue-c99/Medelys-b128/Natural-Factors-b71/addressLink vs /fr/Fatigue-c99/Medelys-b128/Natural-Factors-b71. Lang:fr
16:56:36 Listing url is not the same: /fr/Sommeil-c88/Clef-des-champs-b26/Druide-b63/Natural-Factors-b71/New-roots-b74/p.UrlBrand vs /fr/Sommeil-c88/Clef-des-champs-b26/Druide-b63/Natural-Factors-b71/New-roots-b74. Lang:fr
16:57:07 Listing url is not the same: /fr/Sante-des-enfants-c108/Boiron-b61/Flora-b123/promotion.Url vs /fr/Sante-des-enfants-c108/Boiron-b61/Flora-b123. Lang:fr
18:12:19 Listing url is not the same: /fr/Stress-c97/Druide-b63/Meditrina-b68/New-roots-b74/cat.Url vs /fr/Stress-c97/Druide-b63/Meditrina-b68/New-roots-b74. Lang:fr
19:07:21 Listing url is not the same: /fr/Fatigue-c99/Medelys-b128/Natural-Factors-b71/p.Url vs /fr/Fatigue-c99/Medelys-b128/Natural-Factors-b71. Lang:fr
20:01:13 Listing url is not the same: /fr/Sante-des-enfants-c108/Boiron-b61/Flora-b123/addressLink vs /fr/Sante-des-enfants-c108/Boiron-b61/Flora-b123. Lang:fr
20:49:29 Listing url is not the same: /fr/Huiles-magiques-de-wicca-c65/Bach-b137/Le-Tournesol-ANB-b64/brand.Url vs /fr/Huiles-magiques-de-wicca-c65/Bach-b137/Le-Tournesol-ANB-b64. Lang:fr
20:49:32 Listing url is not the same: /fr/Sante-des-enfants-c108/Clef-des-champs-b26/Organic-traditions-b127/b.Url vs /fr/Sante-des-enfants-c108/Clef-des-champs-b26/Organic-traditions-b127. Lang:fr
20:49:36 Listing url is not the same: /fr/Sommeil-c88/Clef-des-champs-b26/Numi-tea-b124/addressLink vs /fr/Sommeil-c88/Clef-des-champs-b26/Numi-tea-b124. Lang:fr
23:01:54 Listing url is not the same: /fr/Detox-Digestion-c87/A-Vogel-b54/Bach-b137/Boiron-b61/cat.Url vs /fr/Detox-Digestion-c87/A-Vogel-b54/Bach-b137/Boiron-b61. Lang:fr
