00:40:55 Listing url is not the same: /fr/Antioxydants-c62/Clef-des-champs-b26/Numi-tea-b124/p.UrlBrand vs /fr/Antioxydants-c62/Clef-des-champs-b26/Numi-tea-b124. Lang:fr
00:41:36 Listing url is not the same: /fr/Detox-Digestion-c87/A-Vogel-b54/Anokian-b58/Boiron-b61/Clef-des-champs-b26/p.Url vs /fr/Detox-Digestion-c87/A-Vogel-b54/Anokian-b58/Boiron-b61/Clef-des-champs-b26. Lang:fr
00:41:41 Listing url is not the same: /fr/Sommeil-c88/Clef-des-champs-b26/Druide-b63/Natural-Factors-b71/New-roots-b74/urlBilingual vs /fr/Sommeil-c88/Clef-des-champs-b26/Druide-b63/Natural-Factors-b71/New-roots-b74. Lang:fr
01:26:49 Listing url is not the same: /fr/Fatigue-c99/Medelys-b128/Natural-Factors-b71/promotion.Url vs /fr/Fatigue-c99/Medelys-b128/Natural-Factors-b71. Lang:fr
02:19:11 Listing url is not the same: /fr/Concentration-memoire-migraine-c56/A-Vogel-b54/Boiron-b61/New-roots-b74/brand.Url vs /fr/Concentration-memoire-migraine-c56/A-Vogel-b54/Boiron-b61/New-roots-b74. Lang:fr
02:19:36 Listing url is not the same: /fr/Stress-c97/Druide-b63/Meditrina-b68/New-roots-b74/brand.Url vs /fr/Stress-c97/Druide-b63/Meditrina-b68/New-roots-b74. Lang:fr
03:40:53 Listing url is not the same: /fr/Concentration-memoire-migraine-c56/Clef-des-champs-b26/Medelys-b128/brand.Url vs /fr/Concentration-memoire-migraine-c56/Clef-des-champs-b26/Medelys-b128. Lang:fr
03:41:22 Listing url is not the same: /fr/Concentration-memoire-migraine-c56/Clef-des-champs-b26/Medelys-b128/subcat.Url vs /fr/Concentration-memoire-migraine-c56/Clef-des-champs-b26/Medelys-b128. Lang:fr
03:41:51 Listing url is not the same: /fr/Sommeil-c88/Clef-des-champs-b26/Druide-b63/Natural-Factors-b71/New-roots-b74/brand.Url vs /fr/Sommeil-c88/Clef-des-champs-b26/Druide-b63/Natural-Factors-b71/New-roots-b74. Lang:fr
04:34:41 Listing url is not the same: /fr/Concentration-memoire-migraine-c56/Clef-des-champs-b26/Medelys-b128/cat.Url vs /fr/Concentration-memoire-migraine-c56/Clef-des-champs-b26/Medelys-b128. Lang:fr
05:21:15 Listing url is not the same: /fr/Allergies-c55/Clef-des-champs-b26/Druide-b63/Natural-Factors-b71/New-roots-b74/subcat.Url vs /fr/Allergies-c55/Clef-des-champs-b26/Druide-b63/Natural-Factors-b71/New-roots-b74. Lang:fr
05:21:28 Listing url is not the same: /fr/Homeopathie-c12/Druide-b63/Natural-Factors-b71/New-roots-b74/promotion.Url vs /fr/Homeopathie-c12/Druide-b63/Natural-Factors-b71/New-roots-b74. Lang:fr
05:21:45 Listing url is not the same: /fr/Stress-c97/Clef-des-champs-b26/Druide-b63/Meditrina-b68/New-roots-b74/p.UrlBrand vs /fr/Stress-c97/Clef-des-champs-b26/Druide-b63/Meditrina-b68/New-roots-b74. Lang:fr
05:22:37 Listing url is not the same: /fr/Fatigue-c99/New-roots-b74/Numi-tea-b124/p.Url vs /fr/Fatigue-c99/New-roots-b74/Numi-tea-b124. Lang:fr
06:08:33 Listing url is not the same: /fr/Coeur-et-sante-generale-c106/Druide-b63/Meditrina-b68/New-roots-b74/b.Url vs /fr/Coeur-et-sante-generale-c106/Druide-b63/Meditrina-b68/New-roots-b74. Lang:fr
06:08:41 Listing url is not the same: /fr/Fatigue-c99/A-Vogel-b54/Anokian-b58/Boiron-b61/Clef-des-champs-b26/subcat.Url vs /fr/Fatigue-c99/A-Vogel-b54/Anokian-b58/Boiron-b61/Clef-des-champs-b26. Lang:fr
06:08:44 Listing url is not the same: /fr/Homeopathie-c12/A-Vogel-b54/Le-Tournesol-ANB-b64/New-roots-b74/addressLink vs /fr/Homeopathie-c12/A-Vogel-b54/Le-Tournesol-ANB-b64/New-roots-b74. Lang:fr
06:08:46 Listing url is not the same: /fr/Homeopathie-c12/Boiron-b61/Clef-des-champs-b26/Merveilles-d-Abeilles-b69/Nature-Clean-b72/p.Url vs /fr/Homeopathie-c12/Boiron-b61/Clef-des-champs-b26/Merveilles-d-Abeilles-b69/Nature-Clean-b72. Lang:fr
06:08:49 Listing url is not the same: /fr/Homeopathie-c12/Druide-b63/Natural-Factors-b71/New-roots-b74/p.Url vs /fr/Homeopathie-c12/Druide-b63/Natural-Factors-b71/New-roots-b74. Lang:fr
06:08:55 Listing url is not the same: /fr/Sante-des-enfants-c108/A-Vogel-b54/Bach-b137/Druide-b63/cat.Url vs /fr/Sante-des-enfants-c108/A-Vogel-b54/Bach-b137/Druide-b63. Lang:fr
06:08:56 Listing url is not the same: /fr/Sante-des-enfants-c108/Boiron-b61/Meditrina-b68/Natural-Factors-b71/New-roots-b74/brand.Url vs /fr/Sante-des-enfants-c108/Boiron-b61/Meditrina-b68/Natural-Factors-b71/New-roots-b74. Lang:fr
06:08:58 Listing url is not the same: /fr/Stress-c97/A-Vogel-b54/Clef-des-champs-b26/Flora-b123/b.Url vs /fr/Stress-c97/A-Vogel-b54/Clef-des-champs-b26/Flora-b123. Lang:fr
06:08:59 Listing url is not the same: /fr/Stress-c97/A-Vogel-b54/Clef-des-champs-b26/Merveilles-d-Abeilles-b69/New-roots-b74/p.Url vs /fr/Stress-c97/A-Vogel-b54/Clef-des-champs-b26/Merveilles-d-Abeilles-b69/New-roots-b74. Lang:fr
06:09:00 Listing url is not the same: /fr/Stress-c97/Boiron-b61/Druide-b63/Natural-Factors-b71/New-roots-b74/subcat.Url vs /fr/Stress-c97/Boiron-b61/Druide-b63/Natural-Factors-b71/New-roots-b74. Lang:fr
06:09:10 Listing url is not the same: /fr/Systeme-immunitaire-c93/A-Vogel-b54/Druide-b63/Medelys-b128/brand.Url vs /fr/Systeme-immunitaire-c93/A-Vogel-b54/Druide-b63/Medelys-b128. Lang:fr
06:09:17 Listing url is not the same: /fr/Systeme-immunitaire-c93/Boiron-b61/Clef-des-champs-b26/Merveilles-d-Abeilles-b69/New-roots-b74/promotion.Url vs /fr/Systeme-immunitaire-c93/Boiron-b61/Clef-des-champs-b26/Merveilles-d-Abeilles-b69/New-roots-b74. Lang:fr
06:56:12 Listing url is not the same: /fr/Homeopathie-c12/A-Vogel-b54/Merveilles-d-Abeilles-b69/Natural-Factors-b71/promotion.Url vs /fr/Homeopathie-c12/A-Vogel-b54/Merveilles-d-Abeilles-b69/Natural-Factors-b71. Lang:fr
06:57:21 Listing url is not the same: /fr/Homeopathie-c12/A-Vogel-b54/Bach-b137/Druide-b63/brand.Url vs /fr/Homeopathie-c12/A-Vogel-b54/Bach-b137/Druide-b63. Lang:fr
06:57:23 Listing url is not the same: /fr/Homeopathie-c12/Clef-des-champs-b26/Druide-b63/Meditrina-b68/New-roots-b74/subcat.Url vs /fr/Homeopathie-c12/Clef-des-champs-b26/Druide-b63/Meditrina-b68/New-roots-b74. Lang:fr
07:47:46 Listing url is not the same: /fr/Homeopathie-c12/Boiron-b61/Natural-Factors-b71/Nature-Clean-b72/cat.Url vs /fr/Homeopathie-c12/Boiron-b61/Natural-Factors-b71/Nature-Clean-b72. Lang:fr
07:47:48 Listing url is not the same: /fr/Homeopathie-c12/Boiron-b61/Natural-Factors-b71/Nature-Clean-b72/p.UrlBrand vs /fr/Homeopathie-c12/Boiron-b61/Natural-Factors-b71/Nature-Clean-b72. Lang:fr
07:47:58 Listing url is not the same: /fr/Stress-c97/Clef-des-champs-b26/Healthology-b116/promotion.Url vs /fr/Stress-c97/Clef-des-champs-b26/Healthology-b116. Lang:fr
07:48:36 Listing url is not the same: /fr/Allergies-c55/Clef-des-champs-b26/Druide-b63/Natural-Factors-b71/New-roots-b74/addressLink vs /fr/Allergies-c55/Clef-des-champs-b26/Druide-b63/Natural-Factors-b71/New-roots-b74. Lang:fr
07:48:39 Listing url is not the same: /fr/Antioxydants-c62/A-Vogel-b54/Clef-des-champs-b26/Flora-b123/b.Url vs /fr/Antioxydants-c62/A-Vogel-b54/Clef-des-champs-b26/Flora-b123. Lang:fr
07:48:41 Listing url is not the same: /fr/Homeopathie-c12/A-Vogel-b54/Bach-b137/Druide-b63/addressLink vs /fr/Homeopathie-c12/A-Vogel-b54/Bach-b137/Druide-b63. Lang:fr
08:37:12 Listing url is not the same: /fr/Stress-c97/Druide-b63/Natural-Factors-b71/New-roots-b74/cat.Url vs /fr/Stress-c97/Druide-b63/Natural-Factors-b71/New-roots-b74. Lang:fr
09:55:10 Listing url is not the same: /fr/Stress-c97/Druide-b63/Natural-Factors-b71/New-roots-b74/b.Url vs /fr/Stress-c97/Druide-b63/Natural-Factors-b71/New-roots-b74. Lang:fr
10:47:30 Listing url is not the same: /fr/Coeur-et-sante-generale-c106/A-Vogel-b54/Clef-des-champs-b26/Druide-b63/New-roots-b74/brand.Url vs /fr/Coeur-et-sante-generale-c106/A-Vogel-b54/Clef-des-champs-b26/Druide-b63/New-roots-b74. Lang:fr
10:47:35 Listing url is not the same: /fr/Fatigue-c99/Medelys-b128/Natural-Factors-b71/brand.Url vs /fr/Fatigue-c99/Medelys-b128/Natural-Factors-b71. Lang:fr
10:47:38 Listing url is not the same: /fr/Sommeil-c88/A-Vogel-b54/Boiron-b61/Clef-des-champs-b26/Merveilles-d-Abeilles-b69/Natural-Factors-b71/cat.Url vs /fr/Sommeil-c88/A-Vogel-b54/Boiron-b61/Clef-des-champs-b26/Merveilles-d-Abeilles-b69/Natural-Factors-b71. Lang:fr
10:48:18 Listing url is not the same: /fr/A-Vogel-b54/Boiron-b61/Clef-des-champs-b26/Druide-b63/Meditrina-b68/Natural-Factors-b71/Nature-Clean-b72/New-roots-b74/urlBilingual vs /fr/A-Vogel-b54/Boiron-b61/Clef-des-champs-b26/Druide-b63/Meditrina-b68/Natural-Factors-b71/Nature-Clean-b72/New-roots-b74. Lang:fr
10:49:08 Listing url is not the same: /fr/Systeme-immunitaire-c93/A-Vogel-b54/Anokian-b58/Boiron-b61/Clef-des-champs-b26/b.Url vs /fr/Systeme-immunitaire-c93/A-Vogel-b54/Anokian-b58/Boiron-b61/Clef-des-champs-b26. Lang:fr
12:34:01 Listing url is not the same: /fr/Detox-Digestion-c87/A-Vogel-b54/Anokian-b58/Boiron-b61/Clef-des-champs-b26/urlBilingual vs /fr/Detox-Digestion-c87/A-Vogel-b54/Anokian-b58/Boiron-b61/Clef-des-champs-b26. Lang:fr
12:34:24 Listing url is not the same: /fr/Inflammation-c98/Flora-b123/b.Url vs /fr/Inflammation-c98/Flora-b123. Lang:fr
12:34:27 Listing url is not the same: /fr/Stress-c97/Clef-des-champs-b26/Numi-tea-b124/promotion.Url vs /fr/Stress-c97/Clef-des-champs-b26/Numi-tea-b124. Lang:fr
12:34:42 Listing url is not the same: /fr/Sante-des-enfants-c108/A-Vogel-b54/Clef-des-champs-b26/Druide-b63/Natural-Factors-b71/Nature-Clean-b72/urlBilingual vs /fr/Sante-des-enfants-c108/A-Vogel-b54/Clef-des-champs-b26/Druide-b63/Natural-Factors-b71/Nature-Clean-b72. Lang:fr
14:49:00 Listing url is not the same: /fr/Detox-Digestion-c87/A-Vogel-b54/Anokian-b58/Boiron-b61/Clef-des-champs-b26/addressLink vs /fr/Detox-Digestion-c87/A-Vogel-b54/Anokian-b58/Boiron-b61/Clef-des-champs-b26. Lang:fr
15:34:24 Listing url is not the same: /fr/Detox-Digestion-c87/A-Vogel-b54/Bach-b137/Boiron-b61/promotion.Url vs /fr/Detox-Digestion-c87/A-Vogel-b54/Bach-b137/Boiron-b61. Lang:fr
16:27:31 Listing url is not the same: /fr/Homeopathie-c12/A-Vogel-b54/Clef-des-champs-b26/Natural-Factors-b71/New-roots-b74/p.Url vs /fr/Homeopathie-c12/A-Vogel-b54/Clef-des-champs-b26/Natural-Factors-b71/New-roots-b74. Lang:fr
17:36:44 Listing url is not the same: /fr/Inflammation-c98/Flora-b123/cat.Url vs /fr/Inflammation-c98/Flora-b123. Lang:fr
18:34:29 Listing url is not the same: /fr/Stress-c97/Druide-b63/Natural-Factors-b71/New-roots-b74/addressLink vs /fr/Stress-c97/Druide-b63/Natural-Factors-b71/New-roots-b74. Lang:fr
18:36:06 Listing url is not the same: /fr/Allergies-c55/Clef-des-champs-b26/Le-Tournesol-ANB-b64/Merveilles-d-Abeilles-b69/Natural-Factors-b71/b.Url vs /fr/Allergies-c55/Clef-des-champs-b26/Le-Tournesol-ANB-b64/Merveilles-d-Abeilles-b69/Natural-Factors-b71. Lang:fr
18:36:25 Listing url is not the same: /fr/Inflammation-c98/A-Vogel-b54/Bach-b137/Boiron-b61/addressLink vs /fr/Inflammation-c98/A-Vogel-b54/Bach-b137/Boiron-b61. Lang:fr
19:20:29 Listing url is not the same: /fr/Sante-des-enfants-c108/Clef-des-champs-b26/Organic-traditions-b127/subcat.Url vs /fr/Sante-des-enfants-c108/Clef-des-champs-b26/Organic-traditions-b127. Lang:fr
19:20:41 Listing url is not the same: /fr/Sommeil-c88/Clef-des-champs-b26/Numi-tea-b124/urlBilingual vs /fr/Sommeil-c88/Clef-des-champs-b26/Numi-tea-b124. Lang:fr
19:21:11 Listing url is not the same: /fr/Allergies-c55/Clef-des-champs-b26/Druide-b63/Natural-Factors-b71/New-roots-b74/promotion.Url vs /fr/Allergies-c55/Clef-des-champs-b26/Druide-b63/Natural-Factors-b71/New-roots-b74. Lang:fr
19:21:32 Listing url is not the same: /fr/Coeur-et-sante-generale-c106/Clef-des-champs-b26/Meditrina-b68/Natural-Factors-b71/New-roots-b74/b.Url vs /fr/Coeur-et-sante-generale-c106/Clef-des-champs-b26/Meditrina-b68/Natural-Factors-b71/New-roots-b74. Lang:fr
19:21:40 Listing url is not the same: /fr/Coeur-et-sante-generale-c106/Clef-des-champs-b26/Meditrina-b68/Natural-Factors-b71/New-roots-b74/p.UrlBrand vs /fr/Coeur-et-sante-generale-c106/Clef-des-champs-b26/Meditrina-b68/Natural-Factors-b71/New-roots-b74. Lang:fr
19:22:03 Listing url is not the same: /fr/Inflammation-c98/A-Vogel-b54/Bach-b137/Druide-b63/brand.Url vs /fr/Inflammation-c98/A-Vogel-b54/Bach-b137/Druide-b63. Lang:fr
19:22:13 Listing url is not the same: /fr/Inflammation-c98/A-Vogel-b54/Nature-Clean-b72/New-roots-b74/cat.Url vs /fr/Inflammation-c98/A-Vogel-b54/Nature-Clean-b72/New-roots-b74. Lang:fr
19:22:32 Listing url is not the same: /fr/Stress-c97/A-Vogel-b54/Clef-des-champs-b26/Leo-Desilet-b66/brand.Url vs /fr/Stress-c97/A-Vogel-b54/Clef-des-champs-b26/Leo-Desilet-b66. Lang:fr
19:22:45 Listing url is not the same: /fr/Sante-des-femmes-c100/Boiron-b61/Clef-des-champs-b26/Druide-b63/Le-Tournesol-ANB-b64/Merveilles-d-Abeilles-b69/subcat.Url vs /fr/Sante-des-femmes-c100/Boiron-b61/Clef-des-champs-b26/Druide-b63/Le-Tournesol-ANB-b64/Merveilles-d-Abeilles-b69. Lang:fr
20:05:48 Listing url is not the same: /fr/Detox-Digestion-c87/A-Vogel-b54/Anokian-b58/Boiron-b61/Clef-des-champs-b26/subcat.Url vs /fr/Detox-Digestion-c87/A-Vogel-b54/Anokian-b58/Boiron-b61/Clef-des-champs-b26. Lang:fr
20:06:44 Listing url is not the same: /fr/Inflammation-c98/Flora-b123/promotion.Url vs /fr/Inflammation-c98/Flora-b123. Lang:fr
20:08:06 Listing url is not the same: /fr/Detox-Digestion-c87/A-Vogel-b54/Clef-des-champs-b26/Merveilles-d-Abeilles-b69/New-roots-b74/cat.Url vs /fr/Detox-Digestion-c87/A-Vogel-b54/Clef-des-champs-b26/Merveilles-d-Abeilles-b69/New-roots-b74. Lang:fr
20:08:09 Listing url is not the same: /fr/Fatigue-c99/A-Vogel-b54/Anokian-b58/Boiron-b61/Clef-des-champs-b26/p.UrlBrand vs /fr/Fatigue-c99/A-Vogel-b54/Anokian-b58/Boiron-b61/Clef-des-champs-b26. Lang:fr
20:08:11 Listing url is not the same: /fr/Homeopathie-c12/A-Vogel-b54/Clef-des-champs-b26/Flora-b123/urlBilingual vs /fr/Homeopathie-c12/A-Vogel-b54/Clef-des-champs-b26/Flora-b123. Lang:fr
20:08:13 Listing url is not the same: /fr/Homeopathie-c12/A-Vogel-b54/Le-Tournesol-ANB-b64/New-roots-b74/p.UrlBrand vs /fr/Homeopathie-c12/A-Vogel-b54/Le-Tournesol-ANB-b64/New-roots-b74. Lang:fr
20:08:16 Listing url is not the same: /fr/Inflammation-c98/Clef-des-champs-b26/Druide-b63/Meditrina-b68/New-roots-b74/b.Url vs /fr/Inflammation-c98/Clef-des-champs-b26/Druide-b63/Meditrina-b68/New-roots-b74. Lang:fr
20:56:07 Listing url is not the same: /fr/Homeopathie-c12/A-Vogel-b54/Clef-des-champs-b26/Natural-Factors-b71/New-roots-b74/urlBilingual vs /fr/Homeopathie-c12/A-Vogel-b54/Clef-des-champs-b26/Natural-Factors-b71/New-roots-b74. Lang:fr
20:56:19 Listing url is not the same: /fr/Inflammation-c98/A-Vogel-b54/Clef-des-champs-b26/Natural-Factors-b71/New-roots-b74/brand.Url vs /fr/Inflammation-c98/A-Vogel-b54/Clef-des-champs-b26/Natural-Factors-b71/New-roots-b74. Lang:fr
21:41:01 Listing url is not the same: /fr/Detox-Digestion-c87/Medelys-b128/cat.Url vs /fr/Detox-Digestion-c87/Medelys-b128. Lang:fr
21:42:50 Listing url is not the same: /fr/Antioxydants-c62/A-Vogel-b54/Clef-des-champs-b26/Flora-b123/promotion.Url vs /fr/Antioxydants-c62/A-Vogel-b54/Clef-des-champs-b26/Flora-b123. Lang:fr
21:43:00 Listing url is not the same: /fr/Concentration-memoire-migraine-c56/Clef-des-champs-b26/Meditrina-b68/Merveilles-d-Abeilles-b69/Natural-Factors-b71/Nature-Clean-b72/p.Url vs /fr/Concentration-memoire-migraine-c56/Clef-des-champs-b26/Meditrina-b68/Merveilles-d-Abeilles-b69/Natural-Factors-b71/Nature-Clean-b72. Lang:fr
21:43:09 Listing url is not the same: /fr/Detox-Digestion-c87/Clef-des-champs-b26/Merveilles-d-Abeilles-b69/Natural-Factors-b71/New-roots-b74/brand.Url vs /fr/Detox-Digestion-c87/Clef-des-champs-b26/Merveilles-d-Abeilles-b69/Natural-Factors-b71/New-roots-b74. Lang:fr
21:43:33 Listing url is not the same: /fr/Sommeil-c88/Boiron-b61/Druide-b63/Natural-Factors-b71/New-roots-b74/brand.Url vs /fr/Sommeil-c88/Boiron-b61/Druide-b63/Natural-Factors-b71/New-roots-b74. Lang:fr
22:27:49 Listing url is not the same: /fr/Fatigue-c99/Medelys-b128/Natural-Factors-b71/p.UrlBrand vs /fr/Fatigue-c99/Medelys-b128/Natural-Factors-b71. Lang:fr
22:31:42 Listing url is not the same: /fr/Homeopathie-c12/A-Vogel-b54/Clef-des-champs-b26/Flora-b123/subcat.Url vs /fr/Homeopathie-c12/A-Vogel-b54/Clef-des-champs-b26/Flora-b123. Lang:fr
22:31:53 Listing url is not the same: /fr/Inflammation-c98/A-Vogel-b54/Clef-des-champs-b26/Leo-Desilet-b66/cat.Url vs /fr/Inflammation-c98/A-Vogel-b54/Clef-des-champs-b26/Leo-Desilet-b66. Lang:fr
22:32:01 Listing url is not the same: /fr/Rhume-grippe-voie-respiratoire-c57/A-Vogel-b54/Anokian-b58/Clef-des-champs-b26/Nature-Clean-b72/promotion.Url vs /fr/Rhume-grippe-voie-respiratoire-c57/A-Vogel-b54/Anokian-b58/Clef-des-champs-b26/Nature-Clean-b72. Lang:fr
22:32:07 Listing url is not the same: /fr/Sante-des-enfants-c108/A-Vogel-b54/Clef-des-champs-b26/Druide-b63/Natural-Factors-b71/Nature-Clean-b72/b.Url vs /fr/Sante-des-enfants-c108/A-Vogel-b54/Clef-des-champs-b26/Druide-b63/Natural-Factors-b71/Nature-Clean-b72. Lang:fr
22:33:05 Listing url is not the same: /fr/Systeme-immunitaire-c93/A-Vogel-b54/Druide-b63/Nature-Clean-b72/New-roots-b74/urlBilingual vs /fr/Systeme-immunitaire-c93/A-Vogel-b54/Druide-b63/Nature-Clean-b72/New-roots-b74. Lang:fr
22:34:38 Listing url is not the same: /fr/Homeopathie-c12/A-Vogel-b54/Healthology-b116/subcat.Url vs /fr/Homeopathie-c12/A-Vogel-b54/Healthology-b116. Lang:fr
22:35:04 Listing url is not the same: /fr/Inflammation-c98/Bach-b137/Natural-Factors-b71/cat.Url vs /fr/Inflammation-c98/Bach-b137/Natural-Factors-b71. Lang:fr
22:35:29 Listing url is not the same: /fr/Systeme-immunitaire-c93/A-Vogel-b54/Le-Tournesol-ANB-b64/New-roots-b74/addressLink vs /fr/Systeme-immunitaire-c93/A-Vogel-b54/Le-Tournesol-ANB-b64/New-roots-b74. Lang:fr
23:17:33 Listing url is not the same: /fr/Antioxydants-c62/A-Vogel-b54/Clef-des-champs-b26/Meditrina-b68/New-roots-b74/subcat.Url vs /fr/Antioxydants-c62/A-Vogel-b54/Clef-des-champs-b26/Meditrina-b68/New-roots-b74. Lang:fr
23:17:35 Listing url is not the same: /fr/Coeur-et-sante-generale-c106/Boiron-b61/Clef-des-champs-b26/Natural-Factors-b71/New-roots-b74/urlBilingual vs /fr/Coeur-et-sante-generale-c106/Boiron-b61/Clef-des-champs-b26/Natural-Factors-b71/New-roots-b74. Lang:fr
23:17:36 Listing url is not the same: /fr/Concentration-memoire-migraine-c56/Clef-des-champs-b26/Meditrina-b68/Natural-Factors-b71/New-roots-b74/cat.Url vs /fr/Concentration-memoire-migraine-c56/Clef-des-champs-b26/Meditrina-b68/Natural-Factors-b71/New-roots-b74. Lang:fr
23:17:45 Listing url is not the same: /fr/Sante-des-enfants-c108/A-Vogel-b54/Clef-des-champs-b26/Druide-b63/Natural-Factors-b71/Nature-Clean-b72/cat.Url vs /fr/Sante-des-enfants-c108/A-Vogel-b54/Clef-des-champs-b26/Druide-b63/Natural-Factors-b71/Nature-Clean-b72. Lang:fr
23:17:50 Listing url is not the same: /fr/Sante-des-enfants-c108/Boiron-b61/Clef-des-champs-b26/Flora-b123/p.Url vs /fr/Sante-des-enfants-c108/Boiron-b61/Clef-des-champs-b26/Flora-b123. Lang:fr
23:17:54 Listing url is not the same: /fr/Sante-des-femmes-c100/A-Vogel-b54/Meditrina-b68/Merveilles-d-Abeilles-b69/Natural-Factors-b71/b.Url vs /fr/Sante-des-femmes-c100/A-Vogel-b54/Meditrina-b68/Merveilles-d-Abeilles-b69/Natural-Factors-b71. Lang:fr
23:18:01 Listing url is not the same: /fr/Systeme-immunitaire-c93/A-Vogel-b54/Druide-b63/Nature-Clean-b72/New-roots-b74/p.UrlBrand vs /fr/Systeme-immunitaire-c93/A-Vogel-b54/Druide-b63/Nature-Clean-b72/New-roots-b74. Lang:fr
23:20:58 Listing url is not the same: /fr/Detox-Digestion-c87/A-Vogel-b54/Clef-des-champs-b26/Leo-Desilet-b66/brand.Url vs /fr/Detox-Digestion-c87/A-Vogel-b54/Clef-des-champs-b26/Leo-Desilet-b66. Lang:fr
23:21:05 Listing url is not the same: /fr/Fatigue-c99/A-Vogel-b54/Bach-b137/Clef-des-champs-b26/Druide-b63/addressLink vs /fr/Fatigue-c99/A-Vogel-b54/Bach-b137/Clef-des-champs-b26/Druide-b63. Lang:fr
23:21:17 Listing url is not the same: /fr/Sommeil-c88/Numi-tea-b124/cat.Url vs /fr/Sommeil-c88/Numi-tea-b124. Lang:fr
