00:13:59 Listing url is not the same: /fr/Rhume-grippe-voie-respiratoire-c57/A-Vogel-b54/Bach-b137/Boiron-b61/Clef-des-champs-b26/brand.Url vs /fr/Rhume-grippe-voie-respiratoire-c57/A-Vogel-b54/Bach-b137/Boiron-b61/Clef-des-champs-b26. Lang:fr
00:15:56 Listing url is not the same: /fr/Antioxydants-c62/Natural-Factors-b71/brand.Url vs /fr/Antioxydants-c62/Natural-Factors-b71. Lang:fr
00:16:42 Listing url is not the same: /fr/Soin-du-corps-c86/New-roots-b74/subcat.Url vs /fr/Soin-du-corps-c86/New-roots-b74. Lang:fr
00:18:48 Listing url is not the same: /fr/Inflammation-c98/A-Vogel-b54/Clef-des-champs-b26/Leo-Desilet-b66/addressLink vs /fr/Inflammation-c98/A-Vogel-b54/Clef-des-champs-b26/Leo-Desilet-b66. Lang:fr
00:18:55 Listing url is not the same: /fr/Sommeil-c88/Boiron-b61/Clef-des-champs-b26/Leo-Desilet-b66/promotion.Url vs /fr/Sommeil-c88/Boiron-b61/Clef-des-champs-b26/Leo-Desilet-b66. Lang:fr
00:19:01 Listing url is not the same: /fr/Sommeil-c88/Clef-des-champs-b26/Kyolic-b115/addressLink vs /fr/Sommeil-c88/Clef-des-champs-b26/Kyolic-b115. Lang:fr
01:01:24 Listing url is not the same: /fr/Cosmetique-shampoo-c112/Druide-b63/p.UrlBrand vs /fr/Cosmetique-shampoo-c112/Druide-b63. Lang:fr
01:04:07 Listing url is not the same: /fr/Detox-Digestion-c87/A-Vogel-b54/Bach-b137/Boiron-b61/Clef-des-champs-b26/brand.Url vs /fr/Detox-Digestion-c87/A-Vogel-b54/Bach-b137/Boiron-b61/Clef-des-champs-b26. Lang:fr
01:04:15 Listing url is not the same: /fr/Homeopathie-c12/Boiron-b61/Clef-des-champs-b26/Flora-b123/urlBilingual vs /fr/Homeopathie-c12/Boiron-b61/Clef-des-champs-b26/Flora-b123. Lang:fr
01:04:23 Listing url is not the same: /fr/Huiles-magiques-de-wicca-c65/Clef-des-champs-b26/Le-Tournesol-ANB-b64/subcat.Url vs /fr/Huiles-magiques-de-wicca-c65/Clef-des-champs-b26/Le-Tournesol-ANB-b64. Lang:fr
01:04:28 Listing url is not the same: /fr/Sante-des-femmes-c100/A-Vogel-b54/Bach-b137/Boiron-b61/Clef-des-champs-b26/cat.Url vs /fr/Sante-des-femmes-c100/A-Vogel-b54/Bach-b137/Boiron-b61/Clef-des-champs-b26. Lang:fr
01:07:54 Listing url is not the same: /fr/Nettoyage-c73/A-Vogel-b54/Boiron-b61/Natural-Factors-b71/Nature-Clean-b72/urlBilingual vs /fr/Nettoyage-c73/A-Vogel-b54/Boiron-b61/Natural-Factors-b71/Nature-Clean-b72. Lang:fr
02:00:15 Listing url is not the same: /fr/Concentration-memoire-migraine-c56/Boiron-b61/Le-Tournesol-ANB-b64/New-roots-b74/addressLink vs /fr/Concentration-memoire-migraine-c56/Boiron-b61/Le-Tournesol-ANB-b64/New-roots-b74. Lang:fr
02:00:19 Listing url is not the same: /fr/Sommeil-c88/A-Vogel-b54/Clef-des-champs-b26/Nature-Clean-b72/New-roots-b74/addressLink vs /fr/Sommeil-c88/A-Vogel-b54/Clef-des-champs-b26/Nature-Clean-b72/New-roots-b74. Lang:fr
02:00:23 Listing url is not the same: /fr/Sommeil-c88/A-Vogel-b54/Clef-des-champs-b26/Nature-Clean-b72/New-roots-b74/p.Url vs /fr/Sommeil-c88/A-Vogel-b54/Clef-des-champs-b26/Nature-Clean-b72/New-roots-b74. Lang:fr
02:00:26 Listing url is not the same: /fr/Systeme-immunitaire-c93/A-Vogel-b54/Anokian-b58/Meditrina-b68/Nature-Clean-b72/p.Url vs /fr/Systeme-immunitaire-c93/A-Vogel-b54/Anokian-b58/Meditrina-b68/Nature-Clean-b72. Lang:fr
02:45:39 Listing url is not the same: /fr/Cosmetique-shampoo-c112/Druide-b63/subcat.Url vs /fr/Cosmetique-shampoo-c112/Druide-b63. Lang:fr
02:52:06 Listing url is not the same: /fr/Concentration-memoire-migraine-c56/Leo-Desilet-b66/b.Url vs /fr/Concentration-memoire-migraine-c56/Leo-Desilet-b66. Lang:fr
02:52:15 Listing url is not the same: /fr/Fatigue-c99/A-Vogel-b54/Clef-des-champs-b26/Nature-Clean-b72/New-roots-b74/promotion.Url vs /fr/Fatigue-c99/A-Vogel-b54/Clef-des-champs-b26/Nature-Clean-b72/New-roots-b74. Lang:fr
02:52:22 Listing url is not the same: /fr/Stress-c97/Clef-des-champs-b26/Meditrina-b68/Nature-Clean-b72/New-roots-b74/addressLink vs /fr/Stress-c97/Clef-des-champs-b26/Meditrina-b68/Nature-Clean-b72/New-roots-b74. Lang:fr
03:35:07 Listing url is not the same: /fr/Cosmetique-parfum-et-deodorant-c60/Boiron-b61/Druide-b63/urlBilingual vs /fr/Cosmetique-parfum-et-deodorant-c60/Boiron-b61/Druide-b63. Lang:fr
03:43:37 Listing url is not the same: /fr/Sante-des-enfants-c108/Healthology-b116/subcat.Url vs /fr/Sante-des-enfants-c108/Healthology-b116. Lang:fr
03:43:42 Listing url is not the same: /fr/Stress-c97/Clef-des-champs-b26/Meditrina-b68/Nature-Clean-b72/New-roots-b74/subcat.Url vs /fr/Stress-c97/Clef-des-champs-b26/Meditrina-b68/Nature-Clean-b72/New-roots-b74. Lang:fr
04:34:21 Listing url is not the same: /fr/Concentration-memoire-migraine-c56/Clef-des-champs-b26/Meditrina-b68/Nature-Clean-b72/New-roots-b74/p.UrlBrand vs /fr/Concentration-memoire-migraine-c56/Clef-des-champs-b26/Meditrina-b68/Nature-Clean-b72/New-roots-b74. Lang:fr
05:29:25 Listing url is not the same: /fr/Detox-Digestion-c87/Clef-des-champs-b26/Salus-b126/brand.Url vs /fr/Detox-Digestion-c87/Clef-des-champs-b26/Salus-b126. Lang:fr
06:18:45 Listing url is not the same: /fr/A-Vogel-b54/cat.Url vs /fr/A-Vogel-b54. Lang:fr
06:20:08 Listing url is not the same: /fr/Soin-du-corps-c86/New-roots-b74/urlBilingual vs /fr/Soin-du-corps-c86/New-roots-b74. Lang:fr
07:05:51 Listing url is not the same: /fr/Cosmetique-parfum-et-deodorant-c60/Boiron-b61/Druide-b63/p.UrlBrand vs /fr/Cosmetique-parfum-et-deodorant-c60/Boiron-b61/Druide-b63. Lang:fr
08:02:59 Listing url is not the same: /fr/Antioxydants-c62/Meditrina-b68/cat.Url vs /fr/Antioxydants-c62/Meditrina-b68. Lang:fr
08:05:47 Listing url is not the same: /fr/Homeopathie-c12/Boiron-b61/Clef-des-champs-b26/Flora-b123/p.Url vs /fr/Homeopathie-c12/Boiron-b61/Clef-des-champs-b26/Flora-b123. Lang:fr
08:53:17 Listing url is not the same: /fr/Homeopathie-c12/Clef-des-champs-b26/Meditrina-b68/Nature-Clean-b72/New-roots-b74/p.Url vs /fr/Homeopathie-c12/Clef-des-champs-b26/Meditrina-b68/Nature-Clean-b72/New-roots-b74. Lang:fr
08:54:16 Listing url is not the same: /fr/Soin-du-corps-c86/New-roots-b74/b.Url vs /fr/Soin-du-corps-c86/New-roots-b74. Lang:fr
08:56:56 Listing url is not the same: /fr/Antioxydants-c62/Bach-b137/Druide-b63/p.UrlBrand vs /fr/Antioxydants-c62/Bach-b137/Druide-b63. Lang:fr
09:46:01 Listing url is not the same: /fr/Fatigue-c99/A-Vogel-b54/Clef-des-champs-b26/Nature-Clean-b72/New-roots-b74/addressLink vs /fr/Fatigue-c99/A-Vogel-b54/Clef-des-champs-b26/Nature-Clean-b72/New-roots-b74. Lang:fr
09:46:06 Listing url is not the same: /fr/Inflammation-c98/A-Vogel-b54/Anokian-b58/Meditrina-b68/Nature-Clean-b72/cat.Url vs /fr/Inflammation-c98/A-Vogel-b54/Anokian-b58/Meditrina-b68/Nature-Clean-b72. Lang:fr
09:46:08 Listing url is not the same: /fr/Rhume-grippe-voie-respiratoire-c57/Clef-des-champs-b26/Le-Tournesol-ANB-b64/New-roots-b74/subcat.Url vs /fr/Rhume-grippe-voie-respiratoire-c57/Clef-des-champs-b26/Le-Tournesol-ANB-b64/New-roots-b74. Lang:fr
09:46:10 Listing url is not the same: /fr/Soin-du-corps-c86/New-roots-b74/promotion.Url vs /fr/Soin-du-corps-c86/New-roots-b74. Lang:fr
09:46:13 Listing url is not the same: /fr/Stress-c97/Clef-des-champs-b26/Meditrina-b68/Natural-Factors-b71/New-roots-b74/p.Url vs /fr/Stress-c97/Clef-des-champs-b26/Meditrina-b68/Natural-Factors-b71/New-roots-b74. Lang:fr
10:30:04 Listing url is not the same: /fr/Antioxydants-c62/Clef-des-champs-b26/p.UrlBrand vs /fr/Antioxydants-c62/Clef-des-champs-b26. Lang:fr
10:32:16 Listing url is not the same: /fr/Rhume-grippe-voie-respiratoire-c57/Clef-des-champs-b26/promotion.Url vs /fr/Rhume-grippe-voie-respiratoire-c57/Clef-des-champs-b26. Lang:fr
11:18:57 Listing url is not the same: /fr/Rhume-grippe-voie-respiratoire-c57/Clef-des-champs-b26/Le-Tournesol-ANB-b64/urlBilingual vs /fr/Rhume-grippe-voie-respiratoire-c57/Clef-des-champs-b26/Le-Tournesol-ANB-b64. Lang:fr
11:21:34 Listing url is not the same: /fr/Antioxydants-c62/A-Vogel-b54/Meditrina-b68/addressLink vs /fr/Antioxydants-c62/A-Vogel-b54/Meditrina-b68. Lang:fr
11:21:42 Listing url is not the same: /fr/Nettoyage-c73/Nature-Clean-b72/subcat.Url vs /fr/Nettoyage-c73/Nature-Clean-b72. Lang:fr
11:21:46 Listing url is not the same: /fr/Soin-du-corps-c86/New-roots-b74/p.Url vs /fr/Soin-du-corps-c86/New-roots-b74. Lang:fr
11:24:44 Listing url is not the same: /fr/Rhume-grippe-voie-respiratoire-c57/A-Vogel-b54/Druide-b63/Flora-b123/promotion.Url vs /fr/Rhume-grippe-voie-respiratoire-c57/A-Vogel-b54/Druide-b63/Flora-b123. Lang:fr
11:24:46 Listing url is not the same: /fr/Sante-des-enfants-c108/A-Vogel-b54/Merveilles-d-Abeilles-b69/New-roots-b74/b.Url vs /fr/Sante-des-enfants-c108/A-Vogel-b54/Merveilles-d-Abeilles-b69/New-roots-b74. Lang:fr
11:27:51 Listing url is not the same: /fr/Rhume-grippe-voie-respiratoire-c57/Clef-des-champs-b26/Salus-b126/addressLink vs /fr/Rhume-grippe-voie-respiratoire-c57/Clef-des-champs-b26/Salus-b126. Lang:fr
12:26:37 Listing url is not the same: /fr/Allergies-c55/Boiron-b61/Druide-b63/p.UrlBrand vs /fr/Allergies-c55/Boiron-b61/Druide-b63. Lang:fr
12:26:41 Listing url is not the same: /fr/Rhume-grippe-voie-respiratoire-c57/Boiron-b61/Clef-des-champs-b26/p.Url vs /fr/Rhume-grippe-voie-respiratoire-c57/Boiron-b61/Clef-des-champs-b26. Lang:fr
12:27:14 Listing url is not the same: /fr/Antioxydants-c62/Meditrina-b68/brand.Url vs /fr/Antioxydants-c62/Meditrina-b68. Lang:fr
12:27:35 Listing url is not the same: /fr/Concentration-memoire-migraine-c56/Clef-des-champs-b26/Le-Tournesol-ANB-b64/subcat.Url vs /fr/Concentration-memoire-migraine-c56/Clef-des-champs-b26/Le-Tournesol-ANB-b64. Lang:fr
12:58:35 Listing url is not the same: /fr/Allergies-c55/A-Vogel-b54/Clef-des-champs-b26/p.Url vs /fr/Allergies-c55/A-Vogel-b54/Clef-des-champs-b26. Lang:fr
12:59:23 Listing url is not the same: /fr/Concentration-memoire-migraine-c56/A-Vogel-b54/Clef-des-champs-b26/p.UrlBrand vs /fr/Concentration-memoire-migraine-c56/A-Vogel-b54/Clef-des-champs-b26. Lang:fr
13:00:52 Listing url is not the same: /fr/Rhume-grippe-voie-respiratoire-c57/A-Vogel-b54/Boiron-b61/Clef-des-champs-b26/b.Url vs /fr/Rhume-grippe-voie-respiratoire-c57/A-Vogel-b54/Boiron-b61/Clef-des-champs-b26. Lang:fr
13:01:44 Listing url is not the same: /fr/Concentration-memoire-migraine-c56/Clef-des-champs-b26/Le-Tournesol-ANB-b64/urlBilingual vs /fr/Concentration-memoire-migraine-c56/Clef-des-champs-b26/Le-Tournesol-ANB-b64. Lang:fr
13:03:08 Listing url is not the same: /fr/Allergies-c55/A-Vogel-b54/Meditrina-b68/b.Url vs /fr/Allergies-c55/A-Vogel-b54/Meditrina-b68. Lang:fr
13:03:28 Listing url is not the same: /fr/Allergies-c55/A-Vogel-b54/Meditrina-b68/brand.Url vs /fr/Allergies-c55/A-Vogel-b54/Meditrina-b68. Lang:fr
13:05:38 Listing url is not the same: /fr/Sommeil-c88/New-roots-b74/Numi-tea-b124/b.Url vs /fr/Sommeil-c88/New-roots-b74/Numi-tea-b124. Lang:fr
14:05:39 Listing url is not the same: /fr/Rhume-grippe-voie-respiratoire-c57/Clef-des-champs-b26/p.UrlBrand vs /fr/Rhume-grippe-voie-respiratoire-c57/Clef-des-champs-b26. Lang:fr
14:05:48 Listing url is not the same: /fr/Antioxydants-c62/A-Vogel-b54/Clef-des-champs-b26/brand.Url vs /fr/Antioxydants-c62/A-Vogel-b54/Clef-des-champs-b26. Lang:fr
14:06:27 Listing url is not the same: /fr/Antioxydants-c62/Meditrina-b68/p.Url vs /fr/Antioxydants-c62/Meditrina-b68. Lang:fr
14:06:47 Listing url is not the same: /fr/A-Vogel-b54/Clef-des-champs-b26/Natural-Factors-b71/Nature-Clean-b72/urlBilingual vs /fr/A-Vogel-b54/Clef-des-champs-b26/Natural-Factors-b71/Nature-Clean-b72. Lang:fr
14:57:59 Listing url is not the same: /fr/Allergies-c55/Boiron-b61/Druide-b63/promotion.Url vs /fr/Allergies-c55/Boiron-b61/Druide-b63. Lang:fr
14:58:01 Listing url is not the same: /fr/Allergies-c55/Boiron-b61/Druide-b63/subcat.Url vs /fr/Allergies-c55/Boiron-b61/Druide-b63. Lang:fr
14:58:18 Listing url is not the same: /fr/Concentration-memoire-migraine-c56/A-Vogel-b54/promotion.Url vs /fr/Concentration-memoire-migraine-c56/A-Vogel-b54. Lang:fr
14:58:56 Listing url is not the same: /fr/Huiles-magiques-de-wicca-c65/A-Vogel-b54/Le-Tournesol-ANB-b64/promotion.Url vs /fr/Huiles-magiques-de-wicca-c65/A-Vogel-b54/Le-Tournesol-ANB-b64. Lang:fr
15:47:24 Listing url is not the same: /fr/Nettoyage-c73/promotion.Url vs /fr/Nettoyage-c73. Lang:fr
15:48:13 Listing url is not the same: /fr/Allergies-c55/A-Vogel-b54/Druide-b63/urlBilingual vs /fr/Allergies-c55/A-Vogel-b54/Druide-b63. Lang:fr
15:48:19 Listing url is not the same: /fr/Cosmetique-parfum-et-deodorant-c60/A-Vogel-b54/Druide-b63/brand.Url vs /fr/Cosmetique-parfum-et-deodorant-c60/A-Vogel-b54/Druide-b63. Lang:fr
15:49:04 Listing url is not the same: /fr/Antioxydants-c62/Le-Tournesol-ANB-b64/Meditrina-b68/b.Url vs /fr/Antioxydants-c62/Le-Tournesol-ANB-b64/Meditrina-b68. Lang:fr
16:37:14 Listing url is not the same: /fr/Allergies-c55/Boiron-b61/Clef-des-champs-b26/p.Url vs /fr/Allergies-c55/Boiron-b61/Clef-des-champs-b26. Lang:fr
16:37:46 Listing url is not the same: /fr/Concentration-memoire-migraine-c56/Clef-des-champs-b26/Druide-b63/urlBilingual vs /fr/Concentration-memoire-migraine-c56/Clef-des-champs-b26/Druide-b63. Lang:fr
17:26:46 Listing url is not the same: /fr/Cosmetique-parfum-et-deodorant-c60/b.Url vs /fr/Cosmetique-parfum-et-deodorant-c60. Lang:fr
18:18:24 Listing url is not the same: /fr/Allergies-c55/Boiron-b61/b.Url vs /fr/Allergies-c55/Boiron-b61. Lang:fr
18:18:41 Listing url is not the same: /fr/Antioxydants-c62/Clef-des-champs-b26/b.Url vs /fr/Antioxydants-c62/Clef-des-champs-b26. Lang:fr
18:19:43 Listing url is not the same: /fr/Allergies-c55/A-Vogel-b54/Boiron-b61/Clef-des-champs-b26/urlBilingual vs /fr/Allergies-c55/A-Vogel-b54/Boiron-b61/Clef-des-champs-b26. Lang:fr
18:19:47 Listing url is not the same: /fr/Cosmetique-parfum-et-deodorant-c60/A-Vogel-b54/Druide-b63/subcat.Url vs /fr/Cosmetique-parfum-et-deodorant-c60/A-Vogel-b54/Druide-b63. Lang:fr
18:19:50 Listing url is not the same: /fr/Huiles-magiques-de-wicca-c65/Le-Tournesol-ANB-b64/urlBilingual vs /fr/Huiles-magiques-de-wicca-c65/Le-Tournesol-ANB-b64. Lang:fr
19:09:42 Listing url is not the same: /fr/Allergies-c55/Boiron-b61/Clef-des-champs-b26/cat.Url vs /fr/Allergies-c55/Boiron-b61/Clef-des-champs-b26. Lang:fr
19:11:33 Listing url is not the same: /fr/Allergies-c55/Boiron-b61/Le-Tournesol-ANB-b64/b.Url vs /fr/Allergies-c55/Boiron-b61/Le-Tournesol-ANB-b64. Lang:fr
20:05:14 Listing url is not the same: /fr/Allergies-c55/Boiron-b61/p.UrlBrand vs /fr/Allergies-c55/Boiron-b61. Lang:fr
8:37:16 PM Listing url is not the same: /en/Prix-Liquidation-s-1 vs /en/Liquidation-price-s-1. Lang:en
20:48:59 Listing url is not the same: /fr/Concentration-memoire-migraine-c56/A-Vogel-b54/Clef-des-champs-b26/urlBilingual vs /fr/Concentration-memoire-migraine-c56/A-Vogel-b54/Clef-des-champs-b26. Lang:fr
20:49:17 Listing url is not the same: /fr/Concentration-memoire-migraine-c56/A-Vogel-b54/cat.Url vs /fr/Concentration-memoire-migraine-c56/A-Vogel-b54. Lang:fr
20:50:02 Listing url is not the same: /fr/Allergies-c55/A-Vogel-b54/Boiron-b61/Druide-b63/b.Url vs /fr/Allergies-c55/A-Vogel-b54/Boiron-b61/Druide-b63. Lang:fr
20:50:04 Listing url is not the same: /fr/Cosmetique-parfum-et-deodorant-c60/Druide-b63/Le-Tournesol-ANB-b64/brand.Url vs /fr/Cosmetique-parfum-et-deodorant-c60/Druide-b63/Le-Tournesol-ANB-b64. Lang:fr
20:50:06 Listing url is not the same: /fr/Cosmetique-parfum-et-deodorant-c60/Druide-b63/Le-Tournesol-ANB-b64/p.UrlBrand vs /fr/Cosmetique-parfum-et-deodorant-c60/Druide-b63/Le-Tournesol-ANB-b64. Lang:fr
20:50:21 Listing url is not the same: /fr/Rhume-grippe-voie-respiratoire-c57/A-Vogel-b54/Boiron-b61/Druide-b63/brand.Url vs /fr/Rhume-grippe-voie-respiratoire-c57/A-Vogel-b54/Boiron-b61/Druide-b63. Lang:fr
8:53:52 PM Listing url is not the same: /en/Prix-Liquidation-s-1 vs /en/Liquidation-price-s-1. Lang:en
21:38:33 Listing url is not the same: /fr/Rhume-grippe-voie-respiratoire-c57/Clef-des-champs-b26/b.Url vs /fr/Rhume-grippe-voie-respiratoire-c57/Clef-des-champs-b26. Lang:fr
21:39:13 Listing url is not the same: /fr/Allergies-c55/A-Vogel-b54/Druide-b63/cat.Url vs /fr/Allergies-c55/A-Vogel-b54/Druide-b63. Lang:fr
21:39:15 Listing url is not the same: /fr/Concentration-memoire-migraine-c56/A-Vogel-b54/Clef-des-champs-b26/subcat.Url vs /fr/Concentration-memoire-migraine-c56/A-Vogel-b54/Clef-des-champs-b26. Lang:fr
21:39:18 Listing url is not the same: /fr/Rhume-grippe-voie-respiratoire-c57/Boiron-b61/Clef-des-champs-b26/addressLink vs /fr/Rhume-grippe-voie-respiratoire-c57/Boiron-b61/Clef-des-champs-b26. Lang:fr
21:40:23 Listing url is not the same: /fr/Allergies-c55/Boiron-b61/Le-Tournesol-ANB-b64/addressLink vs /fr/Allergies-c55/Boiron-b61/Le-Tournesol-ANB-b64. Lang:fr
22:29:14 Listing url is not the same: /fr/Antioxydants-c62/Clef-des-champs-b26/urlBilingual vs /fr/Antioxydants-c62/Clef-des-champs-b26. Lang:fr
22:30:11 Listing url is not the same: /fr/Concentration-memoire-migraine-c56/Druide-b63/brand.Url vs /fr/Concentration-memoire-migraine-c56/Druide-b63. Lang:fr
22:32:05 Listing url is not the same: /fr/Liquidation-price-s-1 vs /fr/Prix-Liquidation-s-1. Lang:fr
23:20:45 Listing url is not the same: /fr/Antioxydants-c62/Boiron-b61/subcat.Url vs /fr/Antioxydants-c62/Boiron-b61. Lang:fr
23:22:02 Listing url is not the same: /fr/Antioxydants-c62/A-Vogel-b54/Boiron-b61/Clef-des-champs-b26/addressLink vs /fr/Antioxydants-c62/A-Vogel-b54/Boiron-b61/Clef-des-champs-b26. Lang:fr
