00:37:38 Listing url is not the same: /fr/A-Vogel-b54/b.Url vs /fr/A-Vogel-b54. Lang:fr
00:40:37 Listing url is not the same: /fr/Sante-des-enfants-c108/Clef-des-champs-b26/Druide-b63/Numi-tea-b124/urlBilingual vs /fr/Sante-des-enfants-c108/Clef-des-champs-b26/Druide-b63/Numi-tea-b124. Lang:fr
00:40:46 Listing url is not the same: /fr/Systeme-immunitaire-c93/Merveilles-d-Abeilles-b69/Natural-Factors-b71/New-roots-b74/subcat.Url vs /fr/Systeme-immunitaire-c93/Merveilles-d-Abeilles-b69/Natural-Factors-b71/New-roots-b74. Lang:fr
01:27:34 Listing url is not the same: /fr/Huiles-magiques-de-wicca-c65/p.UrlBrand vs /fr/Huiles-magiques-de-wicca-c65. Lang:fr
03:18:11 Listing url is not the same: /fr/Inflammation-c98/Clef-des-champs-b26/Meditrina-b68/Nature-Clean-b72/New-roots-b74/b.Url vs /fr/Inflammation-c98/Clef-des-champs-b26/Meditrina-b68/Nature-Clean-b72/New-roots-b74. Lang:fr
03:21:36 Listing url is not the same: /fr/Concentration-memoire-migraine-c56/A-Vogel-b54/Clef-des-champs-b26/Leo-Desilet-b66/promotion.Url vs /fr/Concentration-memoire-migraine-c56/A-Vogel-b54/Clef-des-champs-b26/Leo-Desilet-b66. Lang:fr
03:21:38 Listing url is not the same: /fr/Detox-Digestion-c87/Boiron-b61/Clef-des-champs-b26/Leo-Desilet-b66/brand.Url vs /fr/Detox-Digestion-c87/Boiron-b61/Clef-des-champs-b26/Leo-Desilet-b66. Lang:fr
03:21:39 Listing url is not the same: /fr/Fatigue-c99/A-Vogel-b54/Clef-des-champs-b26/Leo-Desilet-b66/subcat.Url vs /fr/Fatigue-c99/A-Vogel-b54/Clef-des-champs-b26/Leo-Desilet-b66. Lang:fr
03:21:42 Listing url is not the same: /fr/Rhume-grippe-voie-respiratoire-c57/A-Vogel-b54/Clef-des-champs-b26/Leo-Desilet-b66/subcat.Url vs /fr/Rhume-grippe-voie-respiratoire-c57/A-Vogel-b54/Clef-des-champs-b26/Leo-Desilet-b66. Lang:fr
03:21:44 Listing url is not the same: /fr/Stress-c97/Leo-Desilet-b66/Natural-Factors-b71/brand.Url vs /fr/Stress-c97/Leo-Desilet-b66/Natural-Factors-b71. Lang:fr
04:13:01 Listing url is not the same: /fr/Nettoyage-c73/Nature-Clean-b72/p.Url vs /fr/Nettoyage-c73/Nature-Clean-b72. Lang:fr
04:16:03 Listing url is not the same: /fr/Inflammation-c98/A-Vogel-b54/Boiron-b61/Clef-des-champs-b26/Meditrina-b68/Nature-Clean-b72/b.Url vs /fr/Inflammation-c98/A-Vogel-b54/Boiron-b61/Clef-des-champs-b26/Meditrina-b68/Nature-Clean-b72. Lang:fr
04:16:08 Listing url is not the same: /fr/Sante-des-enfants-c108/A-Vogel-b54/Clef-des-champs-b26/Leo-Desilet-b66/b.Url vs /fr/Sante-des-enfants-c108/A-Vogel-b54/Clef-des-champs-b26/Leo-Desilet-b66. Lang:fr
05:08:35 Listing url is not the same: /fr/Detox-Digestion-c87/Merveilles-d-Abeilles-b69/Natural-Factors-b71/New-roots-b74/cat.Url vs /fr/Detox-Digestion-c87/Merveilles-d-Abeilles-b69/Natural-Factors-b71/New-roots-b74. Lang:fr
05:08:40 Listing url is not the same: /fr/Fatigue-c99/Merveilles-d-Abeilles-b69/Natural-Factors-b71/New-roots-b74/promotion.Url vs /fr/Fatigue-c99/Merveilles-d-Abeilles-b69/Natural-Factors-b71/New-roots-b74. Lang:fr
05:08:43 Listing url is not the same: /fr/Huiles-magiques-de-wicca-c65/A-Vogel-b54/Le-Tournesol-ANB-b64/New-roots-b74/p.Url vs /fr/Huiles-magiques-de-wicca-c65/A-Vogel-b54/Le-Tournesol-ANB-b64/New-roots-b74. Lang:fr
05:08:46 Listing url is not the same: /fr/Inflammation-c98/Clef-des-champs-b26/Meditrina-b68/Nature-Clean-b72/New-roots-b74/urlBilingual vs /fr/Inflammation-c98/Clef-des-champs-b26/Meditrina-b68/Nature-Clean-b72/New-roots-b74. Lang:fr
05:08:51 Listing url is not the same: /fr/Tisane-c24/A-Vogel-b54/Anokian-b58/urlBilingual vs /fr/Tisane-c24/A-Vogel-b54/Anokian-b58. Lang:fr
05:12:12 Listing url is not the same: /fr/Systeme-immunitaire-c93/Leo-Desilet-b66/Natural-Factors-b71/b.Url vs /fr/Systeme-immunitaire-c93/Leo-Desilet-b66/Natural-Factors-b71. Lang:fr
06:03:51 Listing url is not the same: /fr/Inflammation-c98/Clef-des-champs-b26/Salus-b126/cat.Url vs /fr/Inflammation-c98/Clef-des-champs-b26/Salus-b126. Lang:fr
06:03:53 Listing url is not the same: /fr/Tisane-c24/A-Vogel-b54/Meditrina-b68/urlBilingual vs /fr/Tisane-c24/A-Vogel-b54/Meditrina-b68. Lang:fr
06:59:15 Listing url is not the same: /fr/Nettoyage-c73/Clef-des-champs-b26/Meditrina-b68/Nature-Clean-b72/New-roots-b74/brand.Url vs /fr/Nettoyage-c73/Clef-des-champs-b26/Meditrina-b68/Nature-Clean-b72/New-roots-b74. Lang:fr
07:54:04 Listing url is not the same: /fr/Detox-Digestion-c87/Clef-des-champs-b26/Salus-b126/cat.Url vs /fr/Detox-Digestion-c87/Clef-des-champs-b26/Salus-b126. Lang:fr
08:44:41 Listing url is not the same: /fr/Coeur-et-sante-generale-c106/Bach-b137/subcat.Url vs /fr/Coeur-et-sante-generale-c106/Bach-b137. Lang:fr
08:47:47 Listing url is not the same: /fr/Antioxydants-c62/A-Vogel-b54/Healthology-b116/subcat.Url vs /fr/Antioxydants-c62/A-Vogel-b54/Healthology-b116. Lang:fr
08:47:53 Listing url is not the same: /fr/Coeur-et-sante-generale-c106/A-Vogel-b54/Le-Tournesol-ANB-b64/New-roots-b74/promotion.Url vs /fr/Coeur-et-sante-generale-c106/A-Vogel-b54/Le-Tournesol-ANB-b64/New-roots-b74. Lang:fr
08:47:56 Listing url is not the same: /fr/Homeopathie-c12/Clef-des-champs-b26/Meditrina-b68/Nature-Clean-b72/New-roots-b74/p.UrlBrand vs /fr/Homeopathie-c12/Clef-des-champs-b26/Meditrina-b68/Nature-Clean-b72/New-roots-b74. Lang:fr
08:47:58 Listing url is not the same: /fr/Stress-c97/Merveilles-d-Abeilles-b69/Natural-Factors-b71/New-roots-b74/subcat.Url vs /fr/Stress-c97/Merveilles-d-Abeilles-b69/Natural-Factors-b71/New-roots-b74. Lang:fr
09:39:06 Listing url is not the same: /fr/Sante-des-enfants-c108/Healthology-b116/cat.Url vs /fr/Sante-des-enfants-c108/Healthology-b116. Lang:fr
09:39:09 Listing url is not the same: /fr/Sommeil-c88/A-Vogel-b54/Boiron-b61/Natural-Factors-b71/Nature-Clean-b72/subcat.Url vs /fr/Sommeil-c88/A-Vogel-b54/Boiron-b61/Natural-Factors-b71/Nature-Clean-b72. Lang:fr
09:42:04 Listing url is not the same: /fr/Allergies-c55/Boiron-b61/Kyolic-b115/addressLink vs /fr/Allergies-c55/Boiron-b61/Kyolic-b115. Lang:fr
10:36:31 Listing url is not the same: /fr/Homeopathie-c12/A-Vogel-b54/Bach-b137/Boiron-b61/Clef-des-champs-b26/cat.Url vs /fr/Homeopathie-c12/A-Vogel-b54/Bach-b137/Boiron-b61/Clef-des-champs-b26. Lang:fr
10:39:13 Listing url is not the same: /fr/Fatigue-c99/Healthology-b116/urlBilingual vs /fr/Fatigue-c99/Healthology-b116. Lang:fr
10:39:14 Listing url is not the same: /fr/Inflammation-c98/A-Vogel-b54/Boiron-b61/Natural-Factors-b71/Nature-Clean-b72/subcat.Url vs /fr/Inflammation-c98/A-Vogel-b54/Boiron-b61/Natural-Factors-b71/Nature-Clean-b72. Lang:fr
10:39:15 Listing url is not the same: /fr/Nettoyage-c73/Nature-Clean-b72/promotion.Url vs /fr/Nettoyage-c73/Nature-Clean-b72. Lang:fr
10:39:17 Listing url is not the same: /fr/Stress-c97/A-Vogel-b54/Boiron-b61/Natural-Factors-b71/Nature-Clean-b72/addressLink vs /fr/Stress-c97/A-Vogel-b54/Boiron-b61/Natural-Factors-b71/Nature-Clean-b72. Lang:fr
11:30:38 Listing url is not the same: /fr/Fatigue-c99/Healthology-b116/b.Url vs /fr/Fatigue-c99/Healthology-b116. Lang:fr
11:32:55 Listing url is not the same: /fr/Fatigue-c99/A-Vogel-b54/Bach-b137/Boiron-b61/Clef-des-champs-b26/promotion.Url vs /fr/Fatigue-c99/A-Vogel-b54/Bach-b137/Boiron-b61/Clef-des-champs-b26. Lang:fr
11:32:56 Listing url is not the same: /fr/Nettoyage-c73/Clef-des-champs-b26/Meditrina-b68/Nature-Clean-b72/New-roots-b74/p.Url vs /fr/Nettoyage-c73/Clef-des-champs-b26/Meditrina-b68/Nature-Clean-b72/New-roots-b74. Lang:fr
11:32:58 Listing url is not the same: /fr/Nettoyage-c73/Nature-Clean-b72/cat.Url vs /fr/Nettoyage-c73/Nature-Clean-b72. Lang:fr
11:32:59 Listing url is not the same: /fr/Stress-c97/A-Vogel-b54/Boiron-b61/Natural-Factors-b71/Nature-Clean-b72/promotion.Url vs /fr/Stress-c97/A-Vogel-b54/Boiron-b61/Natural-Factors-b71/Nature-Clean-b72. Lang:fr
11:33:01 Listing url is not the same: /fr/Stress-c97/Clef-des-champs-b26/Meditrina-b68/Nature-Clean-b72/New-roots-b74/brand.Url vs /fr/Stress-c97/Clef-des-champs-b26/Meditrina-b68/Nature-Clean-b72/New-roots-b74. Lang:fr
13:13:37 Listing url is not the same: /fr/Sante-des-enfants-c108/Kyolic-b115/addressLink vs /fr/Sante-des-enfants-c108/Kyolic-b115. Lang:fr
13:16:36 Listing url is not the same: /fr/Allergies-c55/A-Vogel-b54/Healthology-b116/urlBilingual vs /fr/Allergies-c55/A-Vogel-b54/Healthology-b116. Lang:fr
13:16:55 Listing url is not the same: /fr/Allergies-c55/A-Vogel-b54/Le-Tournesol-ANB-b64/New-roots-b74/addressLink vs /fr/Allergies-c55/A-Vogel-b54/Le-Tournesol-ANB-b64/New-roots-b74. Lang:fr
13:18:33 Listing url is not the same: /fr/Fatigue-c99/Clef-des-champs-b26/Kyolic-b115/p.Url vs /fr/Fatigue-c99/Clef-des-champs-b26/Kyolic-b115. Lang:fr
13:21:45 Listing url is not the same: /fr/Stress-c97/Medelys-b128/Natural-Factors-b71/b.Url vs /fr/Stress-c97/Medelys-b128/Natural-Factors-b71. Lang:fr
14:03:59 Listing url is not the same: /fr/Cosmetique-parfum-et-deodorant-c60/Boiron-b61/Druide-b63/brand.Url vs /fr/Cosmetique-parfum-et-deodorant-c60/Boiron-b61/Druide-b63. Lang:fr
14:11:56 Listing url is not the same: /fr/Rhume-grippe-voie-respiratoire-c57/A-Vogel-b54/Bach-b137/Boiron-b61/Clef-des-champs-b26/cat.Url vs /fr/Rhume-grippe-voie-respiratoire-c57/A-Vogel-b54/Bach-b137/Boiron-b61/Clef-des-champs-b26. Lang:fr
14:13:50 Listing url is not the same: /fr/Inflammation-c98/A-Vogel-b54/Clef-des-champs-b26/Nature-Clean-b72/New-roots-b74/promotion.Url vs /fr/Inflammation-c98/A-Vogel-b54/Clef-des-champs-b26/Nature-Clean-b72/New-roots-b74. Lang:fr
14:55:02 Listing url is not the same: /fr/Huiles-magiques-de-wicca-c65/Le-Tournesol-ANB-b64/cat.Url vs /fr/Huiles-magiques-de-wicca-c65/Le-Tournesol-ANB-b64. Lang:fr
14:58:35 Listing url is not the same: /fr/Cosmetique-parfum-et-deodorant-c60/Druide-b63/Le-Tournesol-ANB-b64/cat.Url vs /fr/Cosmetique-parfum-et-deodorant-c60/Druide-b63/Le-Tournesol-ANB-b64. Lang:fr
15:00:40 Listing url is not the same: /fr/Sante-des-enfants-c108/Healthology-b116/urlBilingual vs /fr/Sante-des-enfants-c108/Healthology-b116. Lang:fr
16:02:03 Listing url is not the same: /fr/Allergies-c55/Boiron-b61/p.Url vs /fr/Allergies-c55/Boiron-b61. Lang:fr
16:03:20 Listing url is not the same: /fr/Antioxydants-c62/Le-Tournesol-ANB-b64/p.Url vs /fr/Antioxydants-c62/Le-Tournesol-ANB-b64. Lang:fr
16:54:28 Listing url is not the same: /fr/Huiles-magiques-de-wicca-c65/urlBilingual vs /fr/Huiles-magiques-de-wicca-c65. Lang:fr
17:38:12 Listing url is not the same: /fr/Antioxydants-c62/Meditrina-b68/addressLink vs /fr/Antioxydants-c62/Meditrina-b68. Lang:fr
17:38:14 Listing url is not the same: /fr/Concentration-memoire-migraine-c56/A-Vogel-b54/Bach-b137/Boiron-b61/Clef-des-champs-b26/p.UrlBrand vs /fr/Concentration-memoire-migraine-c56/A-Vogel-b54/Bach-b137/Boiron-b61/Clef-des-champs-b26. Lang:fr
17:40:32 Listing url is not the same: /fr/Fatigue-c99/A-Vogel-b54/Boiron-b61/Natural-Factors-b71/Nature-Clean-b72/promotion.Url vs /fr/Fatigue-c99/A-Vogel-b54/Boiron-b61/Natural-Factors-b71/Nature-Clean-b72. Lang:fr
18:23:54 Listing url is not the same: /fr/Rhume-grippe-voie-respiratoire-c57/A-Vogel-b54/brand.Url vs /fr/Rhume-grippe-voie-respiratoire-c57/A-Vogel-b54. Lang:fr
18:24:16 Listing url is not the same: /fr/Allergies-c55/Boiron-b61/cat.Url vs /fr/Allergies-c55/Boiron-b61. Lang:fr
18:27:55 Listing url is not the same: /fr/Concentration-memoire-migraine-c56/A-Vogel-b54/Bach-b137/Boiron-b61/Clef-des-champs-b26/b.Url vs /fr/Concentration-memoire-migraine-c56/A-Vogel-b54/Bach-b137/Boiron-b61/Clef-des-champs-b26. Lang:fr
18:27:59 Listing url is not the same: /fr/Cosmetique-parfum-et-deodorant-c60/Druide-b63/Le-Tournesol-ANB-b64/promotion.Url vs /fr/Cosmetique-parfum-et-deodorant-c60/Druide-b63/Le-Tournesol-ANB-b64. Lang:fr
20:18:26 Listing url is not the same: /fr/Rhume-grippe-voie-respiratoire-c57/p.Url vs /fr/Rhume-grippe-voie-respiratoire-c57. Lang:fr
20:18:54 Listing url is not the same: /fr/Chandelles-c70/p.UrlBrand vs /fr/Chandelles-c70. Lang:fr
20:20:41 Listing url is not the same: /fr/Antioxydants-c62/A-Vogel-b54/Clef-des-champs-b26/subcat.Url vs /fr/Antioxydants-c62/A-Vogel-b54/Clef-des-champs-b26. Lang:fr
20:21:04 Listing url is not the same: /fr/Antioxydants-c62/Le-Tournesol-ANB-b64/p.UrlBrand vs /fr/Antioxydants-c62/Le-Tournesol-ANB-b64. Lang:fr
21:12:00 Listing url is not the same: /fr/Allergies-c55/A-Vogel-b54/brand.Url vs /fr/Allergies-c55/A-Vogel-b54. Lang:fr
21:14:43 Listing url is not the same: /fr/Antioxydants-c62/A-Vogel-b54/Clef-des-champs-b26/urlBilingual vs /fr/Antioxydants-c62/A-Vogel-b54/Clef-des-champs-b26. Lang:fr
23:05:46 Listing url is not the same: /fr/Antioxydants-c62/A-Vogel-b54/Clef-des-champs-b26/addressLink vs /fr/Antioxydants-c62/A-Vogel-b54/Clef-des-champs-b26. Lang:fr
23:06:12 Listing url is not the same: /fr/Concentration-memoire-migraine-c56/Druide-b63/addressLink vs /fr/Concentration-memoire-migraine-c56/Druide-b63. Lang:fr
23:44:48 Listing url is not the same: /fr/Concentration-memoire-migraine-c56/A-Vogel-b54/Bach-b137/Boiron-b61/Clef-des-champs-b26/subcat.Url vs /fr/Concentration-memoire-migraine-c56/A-Vogel-b54/Bach-b137/Boiron-b61/Clef-des-champs-b26. Lang:fr
23:44:52 Listing url is not the same: /fr/Huiles-magiques-de-wicca-c65/Boiron-b61/Le-Tournesol-ANB-b64/New-roots-b74/cat.Url vs /fr/Huiles-magiques-de-wicca-c65/Boiron-b61/Le-Tournesol-ANB-b64/New-roots-b74. Lang:fr
23:44:56 Listing url is not the same: /fr/Sommeil-c88/A-Vogel-b54/Clef-des-champs-b26/Leo-Desilet-b66/b.Url vs /fr/Sommeil-c88/A-Vogel-b54/Clef-des-champs-b26/Leo-Desilet-b66. Lang:fr
23:48:17 Listing url is not the same: /fr/Fatigue-c99/A-Vogel-b54/Bach-b137/Boiron-b61/Clef-des-champs-b26/p.Url vs /fr/Fatigue-c99/A-Vogel-b54/Bach-b137/Boiron-b61/Clef-des-champs-b26. Lang:fr
23:48:19 Listing url is not the same: /fr/Sante-des-enfants-c108/Kyolic-b115/b.Url vs /fr/Sante-des-enfants-c108/Kyolic-b115. Lang:fr
23:48:20 Listing url is not the same: /fr/Sommeil-c88/Boiron-b61/Druide-b63/Natural-Factors-b71/New-roots-b74/urlBilingual vs /fr/Sommeil-c88/Boiron-b61/Druide-b63/Natural-Factors-b71/New-roots-b74. Lang:fr
