00:34:59 Listing url is not the same: /fr/Antioxydants-c62/Medelys-b128/Natural-Factors-b71/b.Url vs /fr/Antioxydants-c62/Medelys-b128/Natural-Factors-b71. Lang:fr
00:41:24 Listing url is not the same: /fr/Allergies-c55/A-Vogel-b54/Clef-des-champs-b26/Leo-Desilet-b66/urlBilingual vs /fr/Allergies-c55/A-Vogel-b54/Clef-des-champs-b26/Leo-Desilet-b66. Lang:fr
00:41:34 Listing url is not the same: /fr/Antioxydants-c62/Clef-des-champs-b26/Kyolic-b115/p.Url vs /fr/Antioxydants-c62/Clef-des-champs-b26/Kyolic-b115. Lang:fr
00:41:41 Listing url is not the same: /fr/Concentration-memoire-migraine-c56/A-Vogel-b54/Clef-des-champs-b26/Leo-Desilet-b66/b.Url vs /fr/Concentration-memoire-migraine-c56/A-Vogel-b54/Clef-des-champs-b26/Leo-Desilet-b66. Lang:fr
00:41:48 Listing url is not the same: /fr/Concentration-memoire-migraine-c56/A-Vogel-b54/Clef-des-champs-b26/Natural-Factors-b71/New-roots-b74/p.UrlBrand vs /fr/Concentration-memoire-migraine-c56/A-Vogel-b54/Clef-des-champs-b26/Natural-Factors-b71/New-roots-b74. Lang:fr
00:42:02 Listing url is not the same: /fr/Inflammation-c98/A-Vogel-b54/Le-Tournesol-ANB-b64/New-roots-b74/urlBilingual vs /fr/Inflammation-c98/A-Vogel-b54/Le-Tournesol-ANB-b64/New-roots-b74. Lang:fr
00:46:06 Listing url is not the same: /fr/Chandelles-c70/Clef-des-champs-b26/Merveilles-d-Abeilles-b69/Nature-Clean-b72/New-roots-b74/subcat.Url vs /fr/Chandelles-c70/Clef-des-champs-b26/Merveilles-d-Abeilles-b69/Nature-Clean-b72/New-roots-b74. Lang:fr
00:46:12 Listing url is not the same: /fr/Coeur-et-sante-generale-c106/Leo-Desilet-b66/Natural-Factors-b71/p.Url vs /fr/Coeur-et-sante-generale-c106/Leo-Desilet-b66/Natural-Factors-b71. Lang:fr
01:31:08 Listing url is not the same: /fr/Fatigue-c99/A-Vogel-b54/Clef-des-champs-b26/Nature-Clean-b72/New-roots-b74/cat.Url vs /fr/Fatigue-c99/A-Vogel-b54/Clef-des-champs-b26/Nature-Clean-b72/New-roots-b74. Lang:fr
01:31:30 Listing url is not the same: /fr/Fatigue-c99/Bach-b137/Clef-des-champs-b26/New-roots-b74/b.Url vs /fr/Fatigue-c99/Bach-b137/Clef-des-champs-b26/New-roots-b74. Lang:fr
01:35:26 Listing url is not the same: /fr/Rhume-grippe-voie-respiratoire-c57/A-Vogel-b54/Clef-des-champs-b26/Natural-Factors-b71/New-roots-b74/urlBilingual vs /fr/Rhume-grippe-voie-respiratoire-c57/A-Vogel-b54/Clef-des-champs-b26/Natural-Factors-b71/New-roots-b74. Lang:fr
01:35:45 Listing url is not the same: /fr/Sante-des-enfants-c108/Medelys-b128/Natural-Factors-b71/p.Url vs /fr/Sante-des-enfants-c108/Medelys-b128/Natural-Factors-b71. Lang:fr
01:36:03 Listing url is not the same: /fr/Sommeil-c88/A-Vogel-b54/Healthology-b116/addressLink vs /fr/Sommeil-c88/A-Vogel-b54/Healthology-b116. Lang:fr
01:36:37 Listing url is not the same: /fr/Sommeil-c88/Medelys-b128/Natural-Factors-b71/brand.Url vs /fr/Sommeil-c88/Medelys-b128/Natural-Factors-b71. Lang:fr
01:37:08 Listing url is not the same: /fr/Stress-c97/Medelys-b128/Natural-Factors-b71/p.Url vs /fr/Stress-c97/Medelys-b128/Natural-Factors-b71. Lang:fr
02:20:46 Listing url is not the same: /fr/Concentration-memoire-migraine-c56/Clef-des-champs-b26/Numi-tea-b124/cat.Url vs /fr/Concentration-memoire-migraine-c56/Clef-des-champs-b26/Numi-tea-b124. Lang:fr
02:23:55 Listing url is not the same: /fr/Antioxydants-c62/Clef-des-champs-b26/Kyolic-b115/p.UrlBrand vs /fr/Antioxydants-c62/Clef-des-champs-b26/Kyolic-b115. Lang:fr
02:25:08 Listing url is not the same: /fr/Inflammation-c98/A-Vogel-b54/Le-Tournesol-ANB-b64/New-roots-b74/addressLink vs /fr/Inflammation-c98/A-Vogel-b54/Le-Tournesol-ANB-b64/New-roots-b74. Lang:fr
02:26:13 Listing url is not the same: /fr/Sante-des-femmes-c100/A-Vogel-b54/Clef-des-champs-b26/Flora-b123/addressLink vs /fr/Sante-des-femmes-c100/A-Vogel-b54/Clef-des-champs-b26/Flora-b123. Lang:fr
02:26:32 Listing url is not the same: /fr/Sante-des-femmes-c100/A-Vogel-b54/Clef-des-champs-b26/Flora-b123/promotion.Url vs /fr/Sante-des-femmes-c100/A-Vogel-b54/Clef-des-champs-b26/Flora-b123. Lang:fr
03:04:49 Listing url is not the same: /fr/Concentration-memoire-migraine-c56/A-Vogel-b54/Anokian-b58/Boiron-b61/Clef-des-champs-b26/addressLink vs /fr/Concentration-memoire-migraine-c56/A-Vogel-b54/Anokian-b58/Boiron-b61/Clef-des-champs-b26. Lang:fr
03:07:09 Listing url is not the same: /fr/Antioxydants-c62/Clef-des-champs-b26/Meditrina-b68/Nature-Clean-b72/New-roots-b74/p.Url vs /fr/Antioxydants-c62/Clef-des-champs-b26/Meditrina-b68/Nature-Clean-b72/New-roots-b74. Lang:fr
03:07:16 Listing url is not the same: /fr/Inflammation-c98/Boiron-b61/Druide-b63/Natural-Factors-b71/New-roots-b74/p.Url vs /fr/Inflammation-c98/Boiron-b61/Druide-b63/Natural-Factors-b71/New-roots-b74. Lang:fr
03:07:23 Listing url is not the same: /fr/Sante-des-enfants-c108/Leo-Desilet-b66/Natural-Factors-b71/p.UrlBrand vs /fr/Sante-des-enfants-c108/Leo-Desilet-b66/Natural-Factors-b71. Lang:fr
03:10:55 Listing url is not the same: /fr/Allergies-c55/Medelys-b128/Natural-Factors-b71/subcat.Url vs /fr/Allergies-c55/Medelys-b128/Natural-Factors-b71. Lang:fr
03:11:00 Listing url is not the same: /fr/Concentration-memoire-migraine-c56/Le-Tournesol-ANB-b64/Merveilles-d-Abeilles-b69/New-roots-b74/b.Url vs /fr/Concentration-memoire-migraine-c56/Le-Tournesol-ANB-b64/Merveilles-d-Abeilles-b69/New-roots-b74. Lang:fr
03:11:04 Listing url is not the same: /fr/Cosmetique-parfum-et-deodorant-c60/Boiron-b61/Druide-b63/Natural-Factors-b71/New-roots-b74/promotion.Url vs /fr/Cosmetique-parfum-et-deodorant-c60/Boiron-b61/Druide-b63/Natural-Factors-b71/New-roots-b74. Lang:fr
03:11:07 Listing url is not the same: /fr/Detox-Digestion-c87/Natural-Factors-b71/Salus-b126/p.UrlBrand vs /fr/Detox-Digestion-c87/Natural-Factors-b71/Salus-b126. Lang:fr
03:11:10 Listing url is not the same: /fr/Fatigue-c99/A-Vogel-b54/Clef-des-champs-b26/Druide-b63/Meditrina-b68/New-roots-b74/p.UrlBrand vs /fr/Fatigue-c99/A-Vogel-b54/Clef-des-champs-b26/Druide-b63/Meditrina-b68/New-roots-b74. Lang:fr
03:11:16 Listing url is not the same: /fr/Huiles-magiques-de-wicca-c65/Clef-des-champs-b26/Le-Tournesol-ANB-b64/Medelys-b128/cat.Url vs /fr/Huiles-magiques-de-wicca-c65/Clef-des-champs-b26/Le-Tournesol-ANB-b64/Medelys-b128. Lang:fr
03:11:33 Listing url is not the same: /fr/Sante-des-enfants-c108/A-Vogel-b54/Clef-des-champs-b26/Leo-Desilet-b66/addressLink vs /fr/Sante-des-enfants-c108/A-Vogel-b54/Clef-des-champs-b26/Leo-Desilet-b66. Lang:fr
03:11:41 Listing url is not the same: /fr/Sante-des-enfants-c108/A-Vogel-b54/Clef-des-champs-b26/Leo-Desilet-b66/brand.Url vs /fr/Sante-des-enfants-c108/A-Vogel-b54/Clef-des-champs-b26/Leo-Desilet-b66. Lang:fr
03:11:48 Listing url is not the same: /fr/Sante-des-enfants-c108/Clef-des-champs-b26/Merveilles-d-Abeilles-b69/Natural-Factors-b71/New-roots-b74/addressLink vs /fr/Sante-des-enfants-c108/Clef-des-champs-b26/Merveilles-d-Abeilles-b69/Natural-Factors-b71/New-roots-b74. Lang:fr
03:11:53 Listing url is not the same: /fr/Sante-des-femmes-c100/New-roots-b74/Salus-b126/addressLink vs /fr/Sante-des-femmes-c100/New-roots-b74/Salus-b126. Lang:fr
03:12:07 Listing url is not the same: /fr/Systeme-immunitaire-c93/A-Vogel-b54/Clef-des-champs-b26/Merveilles-d-Abeilles-b69/New-roots-b74/p.UrlBrand vs /fr/Systeme-immunitaire-c93/A-Vogel-b54/Clef-des-champs-b26/Merveilles-d-Abeilles-b69/New-roots-b74. Lang:fr
03:12:10 Listing url is not the same: /fr/Systeme-immunitaire-c93/Anokian-b58/New-roots-b74/p.UrlBrand vs /fr/Systeme-immunitaire-c93/Anokian-b58/New-roots-b74. Lang:fr
04:02:20 Listing url is not the same: /fr/Sante-des-enfants-c108/A-Vogel-b54/Boiron-b61/Natural-Factors-b71/New-roots-b74/urlBilingual vs /fr/Sante-des-enfants-c108/A-Vogel-b54/Boiron-b61/Natural-Factors-b71/New-roots-b74. Lang:fr
04:03:25 Listing url is not the same: /fr/Concentration-memoire-migraine-c56/Clef-des-champs-b26/Numi-tea-b124/addressLink vs /fr/Concentration-memoire-migraine-c56/Clef-des-champs-b26/Numi-tea-b124. Lang:fr
05:40:32 Listing url is not the same: /fr/Cosmetique-parfum-et-deodorant-c60/Druide-b63/Meditrina-b68/New-roots-b74/p.Url vs /fr/Cosmetique-parfum-et-deodorant-c60/Druide-b63/Meditrina-b68/New-roots-b74. Lang:fr
08:57:28 Listing url is not the same: /fr/Nettoyage-c73/A-Vogel-b54/Nature-Clean-b72/New-roots-b74/urlBilingual vs /fr/Nettoyage-c73/A-Vogel-b54/Nature-Clean-b72/New-roots-b74. Lang:fr
09:45:50 Listing url is not the same: /fr/Antioxydants-c62/A-Vogel-b54/Nature-Clean-b72/New-roots-b74/b.Url vs /fr/Antioxydants-c62/A-Vogel-b54/Nature-Clean-b72/New-roots-b74. Lang:fr
11:22:08 Listing url is not the same: /fr/Antioxydants-c62/Medelys-b128/Natural-Factors-b71/cat.Url vs /fr/Antioxydants-c62/Medelys-b128/Natural-Factors-b71. Lang:fr
19:13:57 Listing url is not the same: /fr/Detox-Digestion-c87/Clef-des-champs-b26/Merveilles-d-Abeilles-b69/Natural-Factors-b71/New-roots-b74/cat.Url vs /fr/Detox-Digestion-c87/Clef-des-champs-b26/Merveilles-d-Abeilles-b69/Natural-Factors-b71/New-roots-b74. Lang:fr
20:44:15 Listing url is not the same: /fr/Concentration-memoire-migraine-c56/Leo-Desilet-b66/addressLink vs /fr/Concentration-memoire-migraine-c56/Leo-Desilet-b66. Lang:fr
20:45:04 Listing url is not the same: /fr/Rhume-grippe-voie-respiratoire-c57/Clef-des-champs-b26/Numi-tea-b124/p.Url vs /fr/Rhume-grippe-voie-respiratoire-c57/Clef-des-champs-b26/Numi-tea-b124. Lang:fr
21:28:45 Listing url is not the same: /fr/Sante-des-enfants-c108/Bach-b137/Druide-b63/addressLink vs /fr/Sante-des-enfants-c108/Bach-b137/Druide-b63. Lang:fr
21:31:29 Listing url is not the same: /fr/Detox-Digestion-c87/Clef-des-champs-b26/Druide-b63/Meditrina-b68/New-roots-b74/brand.Url vs /fr/Detox-Digestion-c87/Clef-des-champs-b26/Druide-b63/Meditrina-b68/New-roots-b74. Lang:fr
21:31:31 Listing url is not the same: /fr/Fatigue-c99/A-Vogel-b54/Le-Tournesol-ANB-b64/New-roots-b74/addressLink vs /fr/Fatigue-c99/A-Vogel-b54/Le-Tournesol-ANB-b64/New-roots-b74. Lang:fr
21:31:33 Listing url is not the same: /fr/Fatigue-c99/Boiron-b61/Merveilles-d-Abeilles-b69/Natural-Factors-b71/promotion.Url vs /fr/Fatigue-c99/Boiron-b61/Merveilles-d-Abeilles-b69/Natural-Factors-b71. Lang:fr
