00:35:26 Listing url is not the same: /fr/Inflammation-c98/A-Vogel-b54/b.Url vs /fr/Inflammation-c98/A-Vogel-b54. Lang:fr
00:36:18 Listing url is not the same: /fr/Sante-des-femmes-c100/A-Vogel-b54/Clef-des-champs-b26/addressLink vs /fr/Sante-des-femmes-c100/A-Vogel-b54/Clef-des-champs-b26. Lang:fr
00:36:35 Listing url is not the same: /fr/Fatigue-c99/Clef-des-champs-b26/Druide-b63/p.Url vs /fr/Fatigue-c99/Clef-des-champs-b26/Druide-b63. Lang:fr
00:36:51 Listing url is not the same: /fr/Inflammation-c98/A-Vogel-b54/Boiron-b61/Clef-des-champs-b26/subcat.Url vs /fr/Inflammation-c98/A-Vogel-b54/Boiron-b61/Clef-des-champs-b26. Lang:fr
00:40:10 Listing url is not the same: /fr/Antioxydants-c62/Anokian-b58/Meditrina-b68/cat.Url vs /fr/Antioxydants-c62/Anokian-b58/Meditrina-b68. Lang:fr
00:40:13 Listing url is not the same: /fr/Nettoyage-c73/Druide-b63/Le-Tournesol-ANB-b64/Merveilles-d-Abeilles-b69/subcat.Url vs /fr/Nettoyage-c73/Druide-b63/Le-Tournesol-ANB-b64/Merveilles-d-Abeilles-b69. Lang:fr
00:42:55 Listing url is not the same: /fr/Concentration-memoire-migraine-c56/A-Vogel-b54/Boiron-b61/Clef-des-champs-b26/Druide-b63/brand.Url vs /fr/Concentration-memoire-migraine-c56/A-Vogel-b54/Boiron-b61/Clef-des-champs-b26/Druide-b63. Lang:fr
00:42:59 Listing url is not the same: /fr/Concentration-memoire-migraine-c56/A-Vogel-b54/Druide-b63/Merveilles-d-Abeilles-b69/cat.Url vs /fr/Concentration-memoire-migraine-c56/A-Vogel-b54/Druide-b63/Merveilles-d-Abeilles-b69. Lang:fr
00:43:01 Listing url is not the same: /fr/Concentration-memoire-migraine-c56/Clef-des-champs-b26/Meditrina-b68/Natural-Factors-b71/subcat.Url vs /fr/Concentration-memoire-migraine-c56/Clef-des-champs-b26/Meditrina-b68/Natural-Factors-b71. Lang:fr
00:43:10 Listing url is not the same: /fr/Huiles-magiques-de-wicca-c65/A-Vogel-b54/Druide-b63/Merveilles-d-Abeilles-b69/p.UrlBrand vs /fr/Huiles-magiques-de-wicca-c65/A-Vogel-b54/Druide-b63/Merveilles-d-Abeilles-b69. Lang:fr
00:43:12 Listing url is not the same: /fr/Inflammation-c98/Clef-des-champs-b26/Natural-Factors-b71/b.Url vs /fr/Inflammation-c98/Clef-des-champs-b26/Natural-Factors-b71. Lang:fr
01:33:35 Listing url is not the same: /fr/Fatigue-c99/Clef-des-champs-b26/Le-Tournesol-ANB-b64/subcat.Url vs /fr/Fatigue-c99/Clef-des-champs-b26/Le-Tournesol-ANB-b64. Lang:fr
01:37:44 Listing url is not the same: /fr/Cosmetique-parfum-et-deodorant-c60/Boiron-b61/Druide-b63/Le-Tournesol-ANB-b64/Meditrina-b68/urlBilingual vs /fr/Cosmetique-parfum-et-deodorant-c60/Boiron-b61/Druide-b63/Le-Tournesol-ANB-b64/Meditrina-b68. Lang:fr
01:41:05 Listing url is not the same: /fr/Huiles-magiques-de-wicca-c65/A-Vogel-b54/Boiron-b61/Natural-Factors-b71/b.Url vs /fr/Huiles-magiques-de-wicca-c65/A-Vogel-b54/Boiron-b61/Natural-Factors-b71. Lang:fr
01:41:07 Listing url is not the same: /fr/Nettoyage-c73/A-Vogel-b54/Clef-des-champs-b26/Meditrina-b68/p.UrlBrand vs /fr/Nettoyage-c73/A-Vogel-b54/Clef-des-champs-b26/Meditrina-b68. Lang:fr
01:41:10 Listing url is not the same: /fr/Sante-des-enfants-c108/Boiron-b61/Clef-des-champs-b26/Meditrina-b68/urlBilingual vs /fr/Sante-des-enfants-c108/Boiron-b61/Clef-des-champs-b26/Meditrina-b68. Lang:fr
01:45:15 Listing url is not the same: /fr/Chandelles-c70/Boiron-b61/Clef-des-champs-b26/Le-Tournesol-ANB-b64/Merveilles-d-Abeilles-b69/p.UrlBrand vs /fr/Chandelles-c70/Boiron-b61/Clef-des-champs-b26/Le-Tournesol-ANB-b64/Merveilles-d-Abeilles-b69. Lang:fr
01:45:16 Listing url is not the same: /fr/Concentration-memoire-migraine-c56/Boiron-b61/Clef-des-champs-b26/Druide-b63/Meditrina-b68/p.Url vs /fr/Concentration-memoire-migraine-c56/Boiron-b61/Clef-des-champs-b26/Druide-b63/Meditrina-b68. Lang:fr
01:45:22 Listing url is not the same: /fr/Huiles-magiques-de-wicca-c65/A-Vogel-b54/Druide-b63/Merveilles-d-Abeilles-b69/p.Url vs /fr/Huiles-magiques-de-wicca-c65/A-Vogel-b54/Druide-b63/Merveilles-d-Abeilles-b69. Lang:fr
01:45:24 Listing url is not the same: /fr/Rhume-grippe-voie-respiratoire-c57/Clef-des-champs-b26/Le-Tournesol-ANB-b64/Meditrina-b68/Merveilles-d-Abeilles-b69/urlBilingual vs /fr/Rhume-grippe-voie-respiratoire-c57/Clef-des-champs-b26/Le-Tournesol-ANB-b64/Meditrina-b68/Merveilles-d-Abeilles-b69. Lang:fr
01:45:25 Listing url is not the same: /fr/Rhume-grippe-voie-respiratoire-c57/Le-Tournesol-ANB-b64/Merveilles-d-Abeilles-b69/Natural-Factors-b71/subcat.Url vs /fr/Rhume-grippe-voie-respiratoire-c57/Le-Tournesol-ANB-b64/Merveilles-d-Abeilles-b69/Natural-Factors-b71. Lang:fr
01:45:26 Listing url is not the same: /fr/Sante-des-enfants-c108/Clef-des-champs-b26/Le-Tournesol-ANB-b64/Natural-Factors-b71/cat.Url vs /fr/Sante-des-enfants-c108/Clef-des-champs-b26/Le-Tournesol-ANB-b64/Natural-Factors-b71. Lang:fr
01:45:32 Listing url is not the same: /fr/Stress-c97/Meditrina-b68/Natural-Factors-b71/brand.Url vs /fr/Stress-c97/Meditrina-b68/Natural-Factors-b71. Lang:fr
01:45:35 Listing url is not the same: /fr/Systeme-immunitaire-c93/Clef-des-champs-b26/Le-Tournesol-ANB-b64/Natural-Factors-b71/addressLink vs /fr/Systeme-immunitaire-c93/Clef-des-champs-b26/Le-Tournesol-ANB-b64/Natural-Factors-b71. Lang:fr
02:30:10 Listing url is not the same: /fr/Inflammation-c98/A-Vogel-b54/Clef-des-champs-b26/Meditrina-b68/brand.Url vs /fr/Inflammation-c98/A-Vogel-b54/Clef-des-champs-b26/Meditrina-b68. Lang:fr
02:30:23 Listing url is not the same: /fr/Sante-des-enfants-c108/Boiron-b61/Clef-des-champs-b26/Druide-b63/cat.Url vs /fr/Sante-des-enfants-c108/Boiron-b61/Clef-des-champs-b26/Druide-b63. Lang:fr
02:30:34 Listing url is not the same: /fr/Systeme-immunitaire-c93/Clef-des-champs-b26/Le-Tournesol-ANB-b64/brand.Url vs /fr/Systeme-immunitaire-c93/Clef-des-champs-b26/Le-Tournesol-ANB-b64. Lang:fr
02:35:15 Listing url is not the same: /fr/Antioxydants-c62/Anokian-b58/Meditrina-b68/b.Url vs /fr/Antioxydants-c62/Anokian-b58/Meditrina-b68. Lang:fr
02:35:16 Listing url is not the same: /fr/Chandelles-c70/Clef-des-champs-b26/Druide-b63/Meditrina-b68/b.Url vs /fr/Chandelles-c70/Clef-des-champs-b26/Druide-b63/Meditrina-b68. Lang:fr
02:35:21 Listing url is not the same: /fr/Detox-Digestion-c87/A-Vogel-b54/Anokian-b58/cat.Url vs /fr/Detox-Digestion-c87/A-Vogel-b54/Anokian-b58. Lang:fr
02:35:29 Listing url is not the same: /fr/Detox-Digestion-c87/Boiron-b61/Druide-b63/b.Url vs /fr/Detox-Digestion-c87/Boiron-b61/Druide-b63. Lang:fr
02:39:17 Listing url is not the same: /fr/Antioxydants-c62/Druide-b63/Le-Tournesol-ANB-b64/Meditrina-b68/Merveilles-d-Abeilles-b69/addressLink vs /fr/Antioxydants-c62/Druide-b63/Le-Tournesol-ANB-b64/Meditrina-b68/Merveilles-d-Abeilles-b69. Lang:fr
02:39:23 Listing url is not the same: /fr/Antioxydants-c62/Druide-b63/Le-Tournesol-ANB-b64/Meditrina-b68/Merveilles-d-Abeilles-b69/urlBilingual vs /fr/Antioxydants-c62/Druide-b63/Le-Tournesol-ANB-b64/Meditrina-b68/Merveilles-d-Abeilles-b69. Lang:fr
02:39:28 Listing url is not the same: /fr/Concentration-memoire-migraine-c56/A-Vogel-b54/Meditrina-b68/Merveilles-d-Abeilles-b69/p.Url vs /fr/Concentration-memoire-migraine-c56/A-Vogel-b54/Meditrina-b68/Merveilles-d-Abeilles-b69. Lang:fr
02:39:31 Listing url is not the same: /fr/Cosmetique-parfum-et-deodorant-c60/Anokian-b58/Le-Tournesol-ANB-b64/urlBilingual vs /fr/Cosmetique-parfum-et-deodorant-c60/Anokian-b58/Le-Tournesol-ANB-b64. Lang:fr
02:39:38 Listing url is not the same: /fr/Detox-Digestion-c87/Boiron-b61/Druide-b63/promotion.Url vs /fr/Detox-Digestion-c87/Boiron-b61/Druide-b63. Lang:fr
02:39:40 Listing url is not the same: /fr/Fatigue-c99/Le-Tournesol-ANB-b64/Meditrina-b68/cat.Url vs /fr/Fatigue-c99/Le-Tournesol-ANB-b64/Meditrina-b68. Lang:fr
02:39:44 Listing url is not the same: /fr/Sante-des-enfants-c108/Clef-des-champs-b26/Natural-Factors-b71/urlBilingual vs /fr/Sante-des-enfants-c108/Clef-des-champs-b26/Natural-Factors-b71. Lang:fr
02:39:47 Listing url is not the same: /fr/Systeme-immunitaire-c93/Le-Tournesol-ANB-b64/Natural-Factors-b71/addressLink vs /fr/Systeme-immunitaire-c93/Le-Tournesol-ANB-b64/Natural-Factors-b71. Lang:fr
03:24:24 Listing url is not the same: /fr/Systeme-immunitaire-c93/Boiron-b61/Clef-des-champs-b26/Meditrina-b68/subcat.Url vs /fr/Systeme-immunitaire-c93/Boiron-b61/Clef-des-champs-b26/Meditrina-b68. Lang:fr
03:24:40 Listing url is not the same: /fr/Fatigue-c99/Meditrina-b68/b.Url vs /fr/Fatigue-c99/Meditrina-b68. Lang:fr
03:24:53 Listing url is not the same: /fr/Stress-c97/Natural-Factors-b71/subcat.Url vs /fr/Stress-c97/Natural-Factors-b71. Lang:fr
03:25:01 Listing url is not the same: /fr/Inflammation-c98/Natural-Factors-b71/addressLink vs /fr/Inflammation-c98/Natural-Factors-b71. Lang:fr
03:29:27 Listing url is not the same: /fr/Antioxydants-c62/A-Vogel-b54/Druide-b63/Meditrina-b68/Merveilles-d-Abeilles-b69/brand.Url vs /fr/Antioxydants-c62/A-Vogel-b54/Druide-b63/Meditrina-b68/Merveilles-d-Abeilles-b69. Lang:fr
03:29:33 Listing url is not the same: /fr/Detox-Digestion-c87/Clef-des-champs-b26/Druide-b63/Meditrina-b68/p.Url vs /fr/Detox-Digestion-c87/Clef-des-champs-b26/Druide-b63/Meditrina-b68. Lang:fr
03:29:40 Listing url is not the same: /fr/Inflammation-c98/A-Vogel-b54/Anokian-b58/addressLink vs /fr/Inflammation-c98/A-Vogel-b54/Anokian-b58. Lang:fr
03:29:46 Listing url is not the same: /fr/Inflammation-c98/A-Vogel-b54/Anokian-b58/urlBilingual vs /fr/Inflammation-c98/A-Vogel-b54/Anokian-b58. Lang:fr
03:29:56 Listing url is not the same: /fr/Systeme-immunitaire-c93/A-Vogel-b54/Clef-des-champs-b26/Meditrina-b68/addressLink vs /fr/Systeme-immunitaire-c93/A-Vogel-b54/Clef-des-champs-b26/Meditrina-b68. Lang:fr
03:33:43 Listing url is not the same: /fr/Antioxydants-c62/Anokian-b58/Clef-des-champs-b26/p.Url vs /fr/Antioxydants-c62/Anokian-b58/Clef-des-champs-b26. Lang:fr
03:33:51 Listing url is not the same: /fr/Concentration-memoire-migraine-c56/A-Vogel-b54/Boiron-b61/Clef-des-champs-b26/Druide-b63/cat.Url vs /fr/Concentration-memoire-migraine-c56/A-Vogel-b54/Boiron-b61/Clef-des-champs-b26/Druide-b63. Lang:fr
03:33:58 Listing url is not the same: /fr/Concentration-memoire-migraine-c56/Druide-b63/Le-Tournesol-ANB-b64/Meditrina-b68/p.Url vs /fr/Concentration-memoire-migraine-c56/Druide-b63/Le-Tournesol-ANB-b64/Meditrina-b68. Lang:fr
03:34:15 Listing url is not the same: /fr/Inflammation-c98/Meditrina-b68/Merveilles-d-Abeilles-b69/promotion.Url vs /fr/Inflammation-c98/Meditrina-b68/Merveilles-d-Abeilles-b69. Lang:fr
03:34:19 Listing url is not the same: /fr/Rhume-grippe-voie-respiratoire-c57/Le-Tournesol-ANB-b64/Meditrina-b68/Natural-Factors-b71/urlBilingual vs /fr/Rhume-grippe-voie-respiratoire-c57/Le-Tournesol-ANB-b64/Meditrina-b68/Natural-Factors-b71. Lang:fr
03:34:31 Listing url is not the same: /fr/Systeme-immunitaire-c93/Meditrina-b68/Merveilles-d-Abeilles-b69/urlBilingual vs /fr/Systeme-immunitaire-c93/Meditrina-b68/Merveilles-d-Abeilles-b69. Lang:fr
04:20:37 Listing url is not the same: /fr/Systeme-immunitaire-c93/Boiron-b61/Clef-des-champs-b26/Meditrina-b68/b.Url vs /fr/Systeme-immunitaire-c93/Boiron-b61/Clef-des-champs-b26/Meditrina-b68. Lang:fr
04:21:06 Listing url is not the same: /fr/Inflammation-c98/A-Vogel-b54/Clef-des-champs-b26/Meditrina-b68/b.Url vs /fr/Inflammation-c98/A-Vogel-b54/Clef-des-champs-b26/Meditrina-b68. Lang:fr
04:21:27 Listing url is not the same: /fr/Detox-Digestion-c87/Clef-des-champs-b26/Meditrina-b68/Merveilles-d-Abeilles-b69/subcat.Url vs /fr/Detox-Digestion-c87/Clef-des-champs-b26/Meditrina-b68/Merveilles-d-Abeilles-b69. Lang:fr
04:21:29 Listing url is not the same: /fr/Inflammation-c98/Clef-des-champs-b26/Meditrina-b68/Merveilles-d-Abeilles-b69/brand.Url vs /fr/Inflammation-c98/Clef-des-champs-b26/Meditrina-b68/Merveilles-d-Abeilles-b69. Lang:fr
04:23:09 Listing url is not the same: /fr/Allergies-c55/Druide-b63/Le-Tournesol-ANB-b64/Natural-Factors-b71/cat.Url vs /fr/Allergies-c55/Druide-b63/Le-Tournesol-ANB-b64/Natural-Factors-b71. Lang:fr
04:23:27 Listing url is not the same: /fr/Detox-Digestion-c87/Clef-des-champs-b26/Druide-b63/Meditrina-b68/brand.Url vs /fr/Detox-Digestion-c87/Clef-des-champs-b26/Druide-b63/Meditrina-b68. Lang:fr
04:23:45 Listing url is not the same: /fr/Fatigue-c99/A-Vogel-b54/Boiron-b61/subcat.Url vs /fr/Fatigue-c99/A-Vogel-b54/Boiron-b61. Lang:fr
04:24:02 Listing url is not the same: /fr/Fatigue-c99/Clef-des-champs-b26/Druide-b63/Meditrina-b68/addressLink vs /fr/Fatigue-c99/Clef-des-champs-b26/Druide-b63/Meditrina-b68. Lang:fr
04:24:17 Listing url is not the same: /fr/Inflammation-c98/Boiron-b61/Meditrina-b68/p.Url vs /fr/Inflammation-c98/Boiron-b61/Meditrina-b68. Lang:fr
04:24:31 Listing url is not the same: /fr/Systeme-immunitaire-c93/Clef-des-champs-b26/Druide-b63/Meditrina-b68/p.UrlBrand vs /fr/Systeme-immunitaire-c93/Clef-des-champs-b26/Druide-b63/Meditrina-b68. Lang:fr
04:24:46 Listing url is not the same: /fr/Allergies-c55/A-Vogel-b54/Boiron-b61/Clef-des-champs-b26/Le-Tournesol-ANB-b64/Meditrina-b68/cat.Url vs /fr/Allergies-c55/A-Vogel-b54/Boiron-b61/Clef-des-champs-b26/Le-Tournesol-ANB-b64/Meditrina-b68. Lang:fr
04:24:58 Listing url is not the same: /fr/Cosmetique-parfum-et-deodorant-c60/Anokian-b58/Clef-des-champs-b26/b.Url vs /fr/Cosmetique-parfum-et-deodorant-c60/Anokian-b58/Clef-des-champs-b26. Lang:fr
04:25:30 Listing url is not the same: /fr/Inflammation-c98/Meditrina-b68/Merveilles-d-Abeilles-b69/p.UrlBrand vs /fr/Inflammation-c98/Meditrina-b68/Merveilles-d-Abeilles-b69. Lang:fr
05:17:19 Listing url is not the same: /fr/Inflammation-c98/A-Vogel-b54/cat.Url vs /fr/Inflammation-c98/A-Vogel-b54. Lang:fr
05:17:35 Listing url is not the same: /fr/Inflammation-c98/Boiron-b61/Clef-des-champs-b26/promotion.Url vs /fr/Inflammation-c98/Boiron-b61/Clef-des-champs-b26. Lang:fr
05:17:44 Listing url is not the same: /fr/Systeme-immunitaire-c93/Druide-b63/b.Url vs /fr/Systeme-immunitaire-c93/Druide-b63. Lang:fr
05:18:16 Listing url is not the same: /fr/Systeme-immunitaire-c93/Boiron-b61/Clef-des-champs-b26/Meditrina-b68/addressLink vs /fr/Systeme-immunitaire-c93/Boiron-b61/Clef-des-champs-b26/Meditrina-b68. Lang:fr
05:18:39 Listing url is not the same: /fr/Fatigue-c99/Druide-b63/b.Url vs /fr/Fatigue-c99/Druide-b63. Lang:fr
05:18:47 Listing url is not the same: /fr/Inflammation-c98/Druide-b63/Meditrina-b68/brand.Url vs /fr/Inflammation-c98/Druide-b63/Meditrina-b68. Lang:fr
05:21:19 Listing url is not the same: /fr/Stress-c97/Meditrina-b68/Natural-Factors-b71/cat.Url vs /fr/Stress-c97/Meditrina-b68/Natural-Factors-b71. Lang:fr
05:23:19 Listing url is not the same: /fr/Concentration-memoire-migraine-c56/A-Vogel-b54/Clef-des-champs-b26/Druide-b63/Le-Tournesol-ANB-b64/addressLink vs /fr/Concentration-memoire-migraine-c56/A-Vogel-b54/Clef-des-champs-b26/Druide-b63/Le-Tournesol-ANB-b64. Lang:fr
05:23:40 Listing url is not the same: /fr/Cosmetique-parfum-et-deodorant-c60/Anokian-b58/Clef-des-champs-b26/cat.Url vs /fr/Cosmetique-parfum-et-deodorant-c60/Anokian-b58/Clef-des-champs-b26. Lang:fr
05:23:56 Listing url is not the same: /fr/Detox-Digestion-c87/Meditrina-b68/Merveilles-d-Abeilles-b69/urlBilingual vs /fr/Detox-Digestion-c87/Meditrina-b68/Merveilles-d-Abeilles-b69. Lang:fr
05:24:02 Listing url is not the same: /fr/Rhume-grippe-voie-respiratoire-c57/A-Vogel-b54/Boiron-b61/Clef-des-champs-b26/Druide-b63/Meditrina-b68/promotion.Url vs /fr/Rhume-grippe-voie-respiratoire-c57/A-Vogel-b54/Boiron-b61/Clef-des-champs-b26/Druide-b63/Meditrina-b68. Lang:fr
05:24:17 Listing url is not the same: /fr/Sante-des-femmes-c100/Clef-des-champs-b26/Natural-Factors-b71/promotion.Url vs /fr/Sante-des-femmes-c100/Clef-des-champs-b26/Natural-Factors-b71. Lang:fr
05:24:20 Listing url is not the same: /fr/Systeme-immunitaire-c93/A-Vogel-b54/Nature-Clean-b72/addressLink vs /fr/Systeme-immunitaire-c93/A-Vogel-b54/Nature-Clean-b72. Lang:fr
05:24:23 Listing url is not the same: /fr/Systeme-immunitaire-c93/A-Vogel-b54/Nature-Clean-b72/brand.Url vs /fr/Systeme-immunitaire-c93/A-Vogel-b54/Nature-Clean-b72. Lang:fr
05:24:29 Listing url is not the same: /fr/Systeme-immunitaire-c93/A-Vogel-b54/Nature-Clean-b72/subcat.Url vs /fr/Systeme-immunitaire-c93/A-Vogel-b54/Nature-Clean-b72. Lang:fr
05:24:36 Listing url is not the same: /fr/Systeme-immunitaire-c93/Meditrina-b68/Merveilles-d-Abeilles-b69/b.Url vs /fr/Systeme-immunitaire-c93/Meditrina-b68/Merveilles-d-Abeilles-b69. Lang:fr
06:16:18 Listing url is not the same: /fr/Detox-Digestion-c87/A-Vogel-b54/Druide-b63/p.Url vs /fr/Detox-Digestion-c87/A-Vogel-b54/Druide-b63. Lang:fr
06:16:22 Listing url is not the same: /fr/Stress-c97/Natural-Factors-b71/b.Url vs /fr/Stress-c97/Natural-Factors-b71. Lang:fr
06:16:37 Listing url is not the same: /fr/Sante-des-femmes-c100/A-Vogel-b54/Clef-des-champs-b26/Druide-b63/cat.Url vs /fr/Sante-des-femmes-c100/A-Vogel-b54/Clef-des-champs-b26/Druide-b63. Lang:fr
06:18:07 Listing url is not the same: /fr/Allergies-c55/A-Vogel-b54/Anokian-b58/subcat.Url vs /fr/Allergies-c55/A-Vogel-b54/Anokian-b58. Lang:fr
06:18:10 Listing url is not the same: /fr/Detox-Digestion-c87/A-Vogel-b54/Boiron-b61/Clef-des-champs-b26/urlBilingual vs /fr/Detox-Digestion-c87/A-Vogel-b54/Boiron-b61/Clef-des-champs-b26. Lang:fr
06:18:13 Listing url is not the same: /fr/Inflammation-c98/A-Vogel-b54/Druide-b63/brand.Url vs /fr/Inflammation-c98/A-Vogel-b54/Druide-b63. Lang:fr
06:18:15 Listing url is not the same: /fr/Sante-des-enfants-c108/A-Vogel-b54/Boiron-b61/Clef-des-champs-b26/addressLink vs /fr/Sante-des-enfants-c108/A-Vogel-b54/Boiron-b61/Clef-des-champs-b26. Lang:fr
06:19:23 Listing url is not the same: /fr/Cosmetique-parfum-et-deodorant-c60/Anokian-b58/Clef-des-champs-b26/p.Url vs /fr/Cosmetique-parfum-et-deodorant-c60/Anokian-b58/Clef-des-champs-b26. Lang:fr
06:19:24 Listing url is not the same: /fr/Detox-Digestion-c87/A-Vogel-b54/Anokian-b58/subcat.Url vs /fr/Detox-Digestion-c87/A-Vogel-b54/Anokian-b58. Lang:fr
06:25:09 Listing url is not the same: /fr/Allergies-c55/Boiron-b61/Clef-des-champs-b26/Le-Tournesol-ANB-b64/Natural-Factors-b71/subcat.Url vs /fr/Allergies-c55/Boiron-b61/Clef-des-champs-b26/Le-Tournesol-ANB-b64/Natural-Factors-b71. Lang:fr
06:25:10 Listing url is not the same: /fr/Allergies-c55/Boiron-b61/Clef-des-champs-b26/Merveilles-d-Abeilles-b69/Natural-Factors-b71/p.Url vs /fr/Allergies-c55/Boiron-b61/Clef-des-champs-b26/Merveilles-d-Abeilles-b69/Natural-Factors-b71. Lang:fr
06:25:12 Listing url is not the same: /fr/Antioxydants-c62/Boiron-b61/Clef-des-champs-b26/Druide-b63/Meditrina-b68/Merveilles-d-Abeilles-b69/p.Url vs /fr/Antioxydants-c62/Boiron-b61/Clef-des-champs-b26/Druide-b63/Meditrina-b68/Merveilles-d-Abeilles-b69. Lang:fr
06:30:54 Listing url is not the same: /fr/Allergies-c55/A-Vogel-b54/Anokian-b58/Clef-des-champs-b26/urlBilingual vs /fr/Allergies-c55/A-Vogel-b54/Anokian-b58/Clef-des-champs-b26. Lang:fr
06:30:55 Listing url is not the same: /fr/Chandelles-c70/Druide-b63/Meditrina-b68/Nature-Clean-b72/brand.Url vs /fr/Chandelles-c70/Druide-b63/Meditrina-b68/Nature-Clean-b72. Lang:fr
07:12:56 Listing url is not the same: /fr/Systeme-immunitaire-c93/Druide-b63/subcat.Url vs /fr/Systeme-immunitaire-c93/Druide-b63. Lang:fr
07:13:00 Listing url is not the same: /fr/Stress-c97/A-Vogel-b54/Boiron-b61/subcat.Url vs /fr/Stress-c97/A-Vogel-b54/Boiron-b61. Lang:fr
07:13:59 Listing url is not the same: /fr/Inflammation-c98/Natural-Factors-b71/p.UrlBrand vs /fr/Inflammation-c98/Natural-Factors-b71. Lang:fr
07:16:46 Listing url is not the same: /fr/Fatigue-c99/Le-Tournesol-ANB-b64/Meditrina-b68/p.Url vs /fr/Fatigue-c99/Le-Tournesol-ANB-b64/Meditrina-b68. Lang:fr
07:16:48 Listing url is not the same: /fr/Inflammation-c98/A-Vogel-b54/Druide-b63/cat.Url vs /fr/Inflammation-c98/A-Vogel-b54/Druide-b63. Lang:fr
07:16:49 Listing url is not the same: /fr/Stress-c97/Boiron-b61/Clef-des-champs-b26/brand.Url vs /fr/Stress-c97/Boiron-b61/Clef-des-champs-b26. Lang:fr
07:16:50 Listing url is not the same: /fr/Systeme-immunitaire-c93/A-Vogel-b54/Clef-des-champs-b26/Meditrina-b68/urlBilingual vs /fr/Systeme-immunitaire-c93/A-Vogel-b54/Clef-des-champs-b26/Meditrina-b68. Lang:fr
07:18:22 Listing url is not the same: /fr/Antioxydants-c62/A-Vogel-b54/Boiron-b61/Clef-des-champs-b26/Druide-b63/Le-Tournesol-ANB-b64/subcat.Url vs /fr/Antioxydants-c62/A-Vogel-b54/Boiron-b61/Clef-des-champs-b26/Druide-b63/Le-Tournesol-ANB-b64. Lang:fr
07:18:29 Listing url is not the same: /fr/Rhume-grippe-voie-respiratoire-c57/Le-Tournesol-ANB-b64/Merveilles-d-Abeilles-b69/Natural-Factors-b71/addressLink vs /fr/Rhume-grippe-voie-respiratoire-c57/Le-Tournesol-ANB-b64/Merveilles-d-Abeilles-b69/Natural-Factors-b71. Lang:fr
07:18:33 Listing url is not the same: /fr/Sante-des-femmes-c100/Clef-des-champs-b26/Meditrina-b68/Merveilles-d-Abeilles-b69/subcat.Url vs /fr/Sante-des-femmes-c100/Clef-des-champs-b26/Meditrina-b68/Merveilles-d-Abeilles-b69. Lang:fr
07:18:37 Listing url is not the same: /fr/Systeme-immunitaire-c93/A-Vogel-b54/Meditrina-b68/p.UrlBrand vs /fr/Systeme-immunitaire-c93/A-Vogel-b54/Meditrina-b68. Lang:fr
07:25:42 Listing url is not the same: /fr/Antioxydants-c62/A-Vogel-b54/Boiron-b61/Clef-des-champs-b26/Druide-b63/Meditrina-b68/addressLink vs /fr/Antioxydants-c62/A-Vogel-b54/Boiron-b61/Clef-des-champs-b26/Druide-b63/Meditrina-b68. Lang:fr
07:25:43 Listing url is not the same: /fr/Antioxydants-c62/A-Vogel-b54/Boiron-b61/Clef-des-champs-b26/Druide-b63/Meditrina-b68/b.Url vs /fr/Antioxydants-c62/A-Vogel-b54/Boiron-b61/Clef-des-champs-b26/Druide-b63/Meditrina-b68. Lang:fr
07:25:43 Listing url is not the same: /fr/Antioxydants-c62/A-Vogel-b54/Boiron-b61/Clef-des-champs-b26/Druide-b63/Merveilles-d-Abeilles-b69/urlBilingual vs /fr/Antioxydants-c62/A-Vogel-b54/Boiron-b61/Clef-des-champs-b26/Druide-b63/Merveilles-d-Abeilles-b69. Lang:fr
07:25:45 Listing url is not the same: /fr/Antioxydants-c62/A-Vogel-b54/Clef-des-champs-b26/Le-Tournesol-ANB-b64/Meditrina-b68/Merveilles-d-Abeilles-b69/p.Url vs /fr/Antioxydants-c62/A-Vogel-b54/Clef-des-champs-b26/Le-Tournesol-ANB-b64/Meditrina-b68/Merveilles-d-Abeilles-b69. Lang:fr
07:25:46 Listing url is not the same: /fr/Cosmetique-parfum-et-deodorant-c60/A-Vogel-b54/Boiron-b61/Clef-des-champs-b26/Druide-b63/Le-Tournesol-ANB-b64/b.Url vs /fr/Cosmetique-parfum-et-deodorant-c60/A-Vogel-b54/Boiron-b61/Clef-des-champs-b26/Druide-b63/Le-Tournesol-ANB-b64. Lang:fr
08:11:07 Listing url is not the same: /fr/Fatigue-c99/Druide-b63/p.Url vs /fr/Fatigue-c99/Druide-b63. Lang:fr
08:11:20 Listing url is not the same: /fr/Stress-c97/Natural-Factors-b71/brand.Url vs /fr/Stress-c97/Natural-Factors-b71. Lang:fr
08:11:32 Listing url is not the same: /fr/Inflammation-c98/A-Vogel-b54/Boiron-b61/Clef-des-champs-b26/p.Url vs /fr/Inflammation-c98/A-Vogel-b54/Boiron-b61/Clef-des-champs-b26. Lang:fr
08:11:36 Listing url is not the same: /fr/Inflammation-c98/Clef-des-champs-b26/Le-Tournesol-ANB-b64/b.Url vs /fr/Inflammation-c98/Clef-des-champs-b26/Le-Tournesol-ANB-b64. Lang:fr
08:11:37 Listing url is not the same: /fr/Sante-des-femmes-c100/Clef-des-champs-b26/Merveilles-d-Abeilles-b69/promotion.Url vs /fr/Sante-des-femmes-c100/Clef-des-champs-b26/Merveilles-d-Abeilles-b69. Lang:fr
08:11:44 Listing url is not the same: /fr/Stress-c97/Le-Tournesol-ANB-b64/Meditrina-b68/promotion.Url vs /fr/Stress-c97/Le-Tournesol-ANB-b64/Meditrina-b68. Lang:fr
08:12:29 Listing url is not the same: /fr/Detox-Digestion-c87/Clef-des-champs-b26/Meditrina-b68/Merveilles-d-Abeilles-b69/addressLink vs /fr/Detox-Digestion-c87/Clef-des-champs-b26/Meditrina-b68/Merveilles-d-Abeilles-b69. Lang:fr
08:12:51 Listing url is not the same: /fr/Systeme-immunitaire-c93/Clef-des-champs-b26/Meditrina-b68/Merveilles-d-Abeilles-b69/brand.Url vs /fr/Systeme-immunitaire-c93/Clef-des-champs-b26/Meditrina-b68/Merveilles-d-Abeilles-b69. Lang:fr
08:15:20 Listing url is not the same: /fr/Allergies-c55/A-Vogel-b54/Anokian-b58/cat.Url vs /fr/Allergies-c55/A-Vogel-b54/Anokian-b58. Lang:fr
08:15:25 Listing url is not the same: /fr/Antioxydants-c62/A-Vogel-b54/Boiron-b61/Druide-b63/Le-Tournesol-ANB-b64/p.Url vs /fr/Antioxydants-c62/A-Vogel-b54/Boiron-b61/Druide-b63/Le-Tournesol-ANB-b64. Lang:fr
08:15:29 Listing url is not the same: /fr/Chandelles-c70/Clef-des-champs-b26/Druide-b63/Meditrina-b68/cat.Url vs /fr/Chandelles-c70/Clef-des-champs-b26/Druide-b63/Meditrina-b68. Lang:fr
08:15:33 Listing url is not the same: /fr/Inflammation-c98/Clef-des-champs-b26/Druide-b63/Le-Tournesol-ANB-b64/b.Url vs /fr/Inflammation-c98/Clef-des-champs-b26/Druide-b63/Le-Tournesol-ANB-b64. Lang:fr
08:15:36 Listing url is not the same: /fr/Inflammation-c98/Clef-des-champs-b26/Druide-b63/Meditrina-b68/p.Url vs /fr/Inflammation-c98/Clef-des-champs-b26/Druide-b63/Meditrina-b68. Lang:fr
08:17:34 Listing url is not the same: /fr/Antioxydants-c62/Druide-b63/Le-Tournesol-ANB-b64/Meditrina-b68/Merveilles-d-Abeilles-b69/promotion.Url vs /fr/Antioxydants-c62/Druide-b63/Le-Tournesol-ANB-b64/Meditrina-b68/Merveilles-d-Abeilles-b69. Lang:fr
08:17:39 Listing url is not the same: /fr/Detox-Digestion-c87/Clef-des-champs-b26/Le-Tournesol-ANB-b64/Meditrina-b68/p.UrlBrand vs /fr/Detox-Digestion-c87/Clef-des-champs-b26/Le-Tournesol-ANB-b64/Meditrina-b68. Lang:fr
08:17:41 Listing url is not the same: /fr/Fatigue-c99/Clef-des-champs-b26/Merveilles-d-Abeilles-b69/subcat.Url vs /fr/Fatigue-c99/Clef-des-champs-b26/Merveilles-d-Abeilles-b69. Lang:fr
08:17:43 Listing url is not the same: /fr/Huiles-magiques-de-wicca-c65/Clef-des-champs-b26/Druide-b63/Le-Tournesol-ANB-b64/Merveilles-d-Abeilles-b69/p.UrlBrand vs /fr/Huiles-magiques-de-wicca-c65/Clef-des-champs-b26/Druide-b63/Le-Tournesol-ANB-b64/Merveilles-d-Abeilles-b69. Lang:fr
08:17:46 Listing url is not the same: /fr/Sante-des-femmes-c100/Clef-des-champs-b26/Le-Tournesol-ANB-b64/p.Url vs /fr/Sante-des-femmes-c100/Clef-des-champs-b26/Le-Tournesol-ANB-b64. Lang:fr
08:17:46 Listing url is not the same: /fr/Sante-des-femmes-c100/Druide-b63/Nature-Clean-b72/brand.Url vs /fr/Sante-des-femmes-c100/Druide-b63/Nature-Clean-b72. Lang:fr
08:17:47 Listing url is not the same: /fr/Systeme-immunitaire-c93/Meditrina-b68/Merveilles-d-Abeilles-b69/subcat.Url vs /fr/Systeme-immunitaire-c93/Meditrina-b68/Merveilles-d-Abeilles-b69. Lang:fr
08:24:55 Listing url is not the same: /fr/Allergies-c55/A-Vogel-b54/Boiron-b61/Le-Tournesol-ANB-b64/Natural-Factors-b71/cat.Url vs /fr/Allergies-c55/A-Vogel-b54/Boiron-b61/Le-Tournesol-ANB-b64/Natural-Factors-b71. Lang:fr
09:04:20 Listing url is not the same: /fr/Detox-Digestion-c87/Clef-des-champs-b26/Druide-b63/addressLink vs /fr/Detox-Digestion-c87/Clef-des-champs-b26/Druide-b63. Lang:fr
09:04:29 Listing url is not the same: /fr/Detox-Digestion-c87/Le-Tournesol-ANB-b64/cat.Url vs /fr/Detox-Digestion-c87/Le-Tournesol-ANB-b64. Lang:fr
09:05:16 Listing url is not the same: /fr/Inflammation-c98/A-Vogel-b54/Clef-des-champs-b26/Druide-b63/promotion.Url vs /fr/Inflammation-c98/A-Vogel-b54/Clef-des-champs-b26/Druide-b63. Lang:fr
09:05:40 Listing url is not the same: /fr/Fatigue-c99/Clef-des-champs-b26/Druide-b63/addressLink vs /fr/Fatigue-c99/Clef-des-champs-b26/Druide-b63. Lang:fr
09:05:42 Listing url is not the same: /fr/Fatigue-c99/Meditrina-b68/addressLink vs /fr/Fatigue-c99/Meditrina-b68. Lang:fr
09:06:12 Listing url is not the same: /fr/Detox-Digestion-c87/Boiron-b61/Clef-des-champs-b26/Meditrina-b68/p.Url vs /fr/Detox-Digestion-c87/Boiron-b61/Clef-des-champs-b26/Meditrina-b68. Lang:fr
09:06:14 Listing url is not the same: /fr/Inflammation-c98/Clef-des-champs-b26/Le-Tournesol-ANB-b64/p.Url vs /fr/Inflammation-c98/Clef-des-champs-b26/Le-Tournesol-ANB-b64. Lang:fr
09:06:16 Listing url is not the same: /fr/Sante-des-femmes-c100/Clef-des-champs-b26/Druide-b63/p.Url vs /fr/Sante-des-femmes-c100/Clef-des-champs-b26/Druide-b63. Lang:fr
09:06:17 Listing url is not the same: /fr/Sante-des-femmes-c100/Meditrina-b68/Merveilles-d-Abeilles-b69/cat.Url vs /fr/Sante-des-femmes-c100/Meditrina-b68/Merveilles-d-Abeilles-b69. Lang:fr
09:10:04 Listing url is not the same: /fr/Allergies-c55/A-Vogel-b54/Anokian-b58/b.Url vs /fr/Allergies-c55/A-Vogel-b54/Anokian-b58. Lang:fr
09:10:07 Listing url is not the same: /fr/Detox-Digestion-c87/A-Vogel-b54/Boiron-b61/Clef-des-champs-b26/p.Url vs /fr/Detox-Digestion-c87/A-Vogel-b54/Boiron-b61/Clef-des-champs-b26. Lang:fr
09:10:08 Listing url is not the same: /fr/Fatigue-c99/A-Vogel-b54/Boiron-b61/Clef-des-champs-b26/subcat.Url vs /fr/Fatigue-c99/A-Vogel-b54/Boiron-b61/Clef-des-champs-b26. Lang:fr
09:10:09 Listing url is not the same: /fr/Nettoyage-c73/Clef-des-champs-b26/Meditrina-b68/Natural-Factors-b71/promotion.Url vs /fr/Nettoyage-c73/Clef-des-champs-b26/Meditrina-b68/Natural-Factors-b71. Lang:fr
09:12:18 Listing url is not the same: /fr/Allergies-c55/A-Vogel-b54/Boiron-b61/Clef-des-champs-b26/Le-Tournesol-ANB-b64/Meditrina-b68/b.Url vs /fr/Allergies-c55/A-Vogel-b54/Boiron-b61/Clef-des-champs-b26/Le-Tournesol-ANB-b64/Meditrina-b68. Lang:fr
09:12:19 Listing url is not the same: /fr/Allergies-c55/Le-Tournesol-ANB-b64/Meditrina-b68/Merveilles-d-Abeilles-b69/addressLink vs /fr/Allergies-c55/Le-Tournesol-ANB-b64/Meditrina-b68/Merveilles-d-Abeilles-b69. Lang:fr
09:12:20 Listing url is not the same: /fr/Antioxydants-c62/A-Vogel-b54/Boiron-b61/Clef-des-champs-b26/Druide-b63/Le-Tournesol-ANB-b64/addressLink vs /fr/Antioxydants-c62/A-Vogel-b54/Boiron-b61/Clef-des-champs-b26/Druide-b63/Le-Tournesol-ANB-b64. Lang:fr
09:12:21 Listing url is not the same: /fr/Antioxydants-c62/A-Vogel-b54/Clef-des-champs-b26/Druide-b63/Le-Tournesol-ANB-b64/Meditrina-b68/urlBilingual vs /fr/Antioxydants-c62/A-Vogel-b54/Clef-des-champs-b26/Druide-b63/Le-Tournesol-ANB-b64/Meditrina-b68. Lang:fr
09:12:25 Listing url is not the same: /fr/Chandelles-c70/Boiron-b61/Clef-des-champs-b26/Le-Tournesol-ANB-b64/Merveilles-d-Abeilles-b69/subcat.Url vs /fr/Chandelles-c70/Boiron-b61/Clef-des-champs-b26/Le-Tournesol-ANB-b64/Merveilles-d-Abeilles-b69. Lang:fr
09:12:31 Listing url is not the same: /fr/Concentration-memoire-migraine-c56/Druide-b63/Merveilles-d-Abeilles-b69/Natural-Factors-b71/p.UrlBrand vs /fr/Concentration-memoire-migraine-c56/Druide-b63/Merveilles-d-Abeilles-b69/Natural-Factors-b71. Lang:fr
09:12:44 Listing url is not the same: /fr/Inflammation-c98/Meditrina-b68/Merveilles-d-Abeilles-b69/addressLink vs /fr/Inflammation-c98/Meditrina-b68/Merveilles-d-Abeilles-b69. Lang:fr
09:12:49 Listing url is not the same: /fr/Rhume-grippe-voie-respiratoire-c57/Boiron-b61/Clef-des-champs-b26/Le-Tournesol-ANB-b64/Merveilles-d-Abeilles-b69/p.UrlBrand vs /fr/Rhume-grippe-voie-respiratoire-c57/Boiron-b61/Clef-des-champs-b26/Le-Tournesol-ANB-b64/Merveilles-d-Abeilles-b69. Lang:fr
09:12:53 Listing url is not the same: /fr/Rhume-grippe-voie-respiratoire-c57/Clef-des-champs-b26/Druide-b63/Meditrina-b68/Merveilles-d-Abeilles-b69/promotion.Url vs /fr/Rhume-grippe-voie-respiratoire-c57/Clef-des-champs-b26/Druide-b63/Meditrina-b68/Merveilles-d-Abeilles-b69. Lang:fr
09:12:55 Listing url is not the same: /fr/Rhume-grippe-voie-respiratoire-c57/Le-Tournesol-ANB-b64/Meditrina-b68/Merveilles-d-Abeilles-b69/urlBilingual vs /fr/Rhume-grippe-voie-respiratoire-c57/Le-Tournesol-ANB-b64/Meditrina-b68/Merveilles-d-Abeilles-b69. Lang:fr
09:12:57 Listing url is not the same: /fr/Sante-des-femmes-c100/Boiron-b61/Druide-b63/subcat.Url vs /fr/Sante-des-femmes-c100/Boiron-b61/Druide-b63. Lang:fr
09:12:58 Listing url is not the same: /fr/Sante-des-femmes-c100/Clef-des-champs-b26/Le-Tournesol-ANB-b64/urlBilingual vs /fr/Sante-des-femmes-c100/Clef-des-champs-b26/Le-Tournesol-ANB-b64. Lang:fr
09:12:59 Listing url is not the same: /fr/Stress-c97/Clef-des-champs-b26/Natural-Factors-b71/brand.Url vs /fr/Stress-c97/Clef-des-champs-b26/Natural-Factors-b71. Lang:fr
09:13:00 Listing url is not the same: /fr/Systeme-immunitaire-c93/A-Vogel-b54/Meditrina-b68/addressLink vs /fr/Systeme-immunitaire-c93/A-Vogel-b54/Meditrina-b68. Lang:fr
09:59:13 Listing url is not the same: /fr/Detox-Digestion-c87/Clef-des-champs-b26/Druide-b63/subcat.Url vs /fr/Detox-Digestion-c87/Clef-des-champs-b26/Druide-b63. Lang:fr
10:00:48 Listing url is not the same: /fr/Sante-des-enfants-c108/Boiron-b61/Clef-des-champs-b26/Druide-b63/addressLink vs /fr/Sante-des-enfants-c108/Boiron-b61/Clef-des-champs-b26/Druide-b63. Lang:fr
10:00:53 Listing url is not the same: /fr/Sante-des-femmes-c100/Boiron-b61/Clef-des-champs-b26/Meditrina-b68/urlBilingual vs /fr/Sante-des-femmes-c100/Boiron-b61/Clef-des-champs-b26/Meditrina-b68. Lang:fr
10:02:25 Listing url is not the same: /fr/Allergies-c55/A-Vogel-b54/Boiron-b61/Clef-des-champs-b26/Druide-b63/Le-Tournesol-ANB-b64/promotion.Url vs /fr/Allergies-c55/A-Vogel-b54/Boiron-b61/Clef-des-champs-b26/Druide-b63/Le-Tournesol-ANB-b64. Lang:fr
10:04:00 Listing url is not the same: /fr/Fatigue-c99/Clef-des-champs-b26/Druide-b63/Meditrina-b68/promotion.Url vs /fr/Fatigue-c99/Clef-des-champs-b26/Druide-b63/Meditrina-b68. Lang:fr
10:04:07 Listing url is not the same: /fr/Inflammation-c98/A-Vogel-b54/Anokian-b58/subcat.Url vs /fr/Inflammation-c98/A-Vogel-b54/Anokian-b58. Lang:fr
10:05:54 Listing url is not the same: /fr/Allergies-c55/Clef-des-champs-b26/Le-Tournesol-ANB-b64/Natural-Factors-b71/brand.Url vs /fr/Allergies-c55/Clef-des-champs-b26/Le-Tournesol-ANB-b64/Natural-Factors-b71. Lang:fr
10:06:15 Listing url is not the same: /fr/Huiles-magiques-de-wicca-c65/Boiron-b61/Clef-des-champs-b26/Merveilles-d-Abeilles-b69/subcat.Url vs /fr/Huiles-magiques-de-wicca-c65/Boiron-b61/Clef-des-champs-b26/Merveilles-d-Abeilles-b69. Lang:fr
10:06:17 Listing url is not the same: /fr/Nettoyage-c73/Clef-des-champs-b26/Merveilles-d-Abeilles-b69/Natural-Factors-b71/b.Url vs /fr/Nettoyage-c73/Clef-des-champs-b26/Merveilles-d-Abeilles-b69/Natural-Factors-b71. Lang:fr
10:06:19 Listing url is not the same: /fr/Rhume-grippe-voie-respiratoire-c57/Le-Tournesol-ANB-b64/Meditrina-b68/Merveilles-d-Abeilles-b69/subcat.Url vs /fr/Rhume-grippe-voie-respiratoire-c57/Le-Tournesol-ANB-b64/Meditrina-b68/Merveilles-d-Abeilles-b69. Lang:fr
10:06:23 Listing url is not the same: /fr/Systeme-immunitaire-c93/Clef-des-champs-b26/Le-Tournesol-ANB-b64/Natural-Factors-b71/b.Url vs /fr/Systeme-immunitaire-c93/Clef-des-champs-b26/Le-Tournesol-ANB-b64/Natural-Factors-b71. Lang:fr
10:55:04 Listing url is not the same: /fr/Inflammation-c98/A-Vogel-b54/p.Url vs /fr/Inflammation-c98/A-Vogel-b54. Lang:fr
10:57:45 Listing url is not the same: /fr/Inflammation-c98/A-Vogel-b54/Clef-des-champs-b26/Druide-b63/cat.Url vs /fr/Inflammation-c98/A-Vogel-b54/Clef-des-champs-b26/Druide-b63. Lang:fr
10:59:22 Listing url is not the same: /fr/Inflammation-c98/Clef-des-champs-b26/Druide-b63/addressLink vs /fr/Inflammation-c98/Clef-des-champs-b26/Druide-b63. Lang:fr
10:59:43 Listing url is not the same: /fr/Systeme-immunitaire-c93/A-Vogel-b54/Boiron-b61/Clef-des-champs-b26/subcat.Url vs /fr/Systeme-immunitaire-c93/A-Vogel-b54/Boiron-b61/Clef-des-champs-b26. Lang:fr
11:00:04 Listing url is not the same: /fr/Detox-Digestion-c87/Clef-des-champs-b26/Meditrina-b68/Merveilles-d-Abeilles-b69/b.Url vs /fr/Detox-Digestion-c87/Clef-des-champs-b26/Meditrina-b68/Merveilles-d-Abeilles-b69. Lang:fr
11:01:34 Listing url is not the same: /fr/Detox-Digestion-c87/A-Vogel-b54/Boiron-b61/Clef-des-champs-b26/p.UrlBrand vs /fr/Detox-Digestion-c87/A-Vogel-b54/Boiron-b61/Clef-des-champs-b26. Lang:fr
11:01:48 Listing url is not the same: /fr/Detox-Digestion-c87/Clef-des-champs-b26/Meditrina-b68/Natural-Factors-b71/p.Url vs /fr/Detox-Digestion-c87/Clef-des-champs-b26/Meditrina-b68/Natural-Factors-b71. Lang:fr
11:02:14 Listing url is not the same: /fr/Inflammation-c98/Clef-des-champs-b26/Druide-b63/Le-Tournesol-ANB-b64/urlBilingual vs /fr/Inflammation-c98/Clef-des-champs-b26/Druide-b63/Le-Tournesol-ANB-b64. Lang:fr
11:02:25 Listing url is not the same: /fr/Sante-des-enfants-c108/A-Vogel-b54/Boiron-b61/Clef-des-champs-b26/b.Url vs /fr/Sante-des-enfants-c108/A-Vogel-b54/Boiron-b61/Clef-des-champs-b26. Lang:fr
11:02:36 Listing url is not the same: /fr/Stress-c97/A-Vogel-b54/Clef-des-champs-b26/Meditrina-b68/brand.Url vs /fr/Stress-c97/A-Vogel-b54/Clef-des-champs-b26/Meditrina-b68. Lang:fr
11:02:54 Listing url is not the same: /fr/Cosmetique-parfum-et-deodorant-c60/Clef-des-champs-b26/Druide-b63/Le-Tournesol-ANB-b64/Merveilles-d-Abeilles-b69/brand.Url vs /fr/Cosmetique-parfum-et-deodorant-c60/Clef-des-champs-b26/Druide-b63/Le-Tournesol-ANB-b64/Merveilles-d-Abeilles-b69. Lang:fr
11:03:01 Listing url is not the same: /fr/Cosmetique-parfum-et-deodorant-c60/Clef-des-champs-b26/Druide-b63/Meditrina-b68/Merveilles-d-Abeilles-b69/p.UrlBrand vs /fr/Cosmetique-parfum-et-deodorant-c60/Clef-des-champs-b26/Druide-b63/Meditrina-b68/Merveilles-d-Abeilles-b69. Lang:fr
11:03:18 Listing url is not the same: /fr/Detox-Digestion-c87/Clef-des-champs-b26/Natural-Factors-b71/promotion.Url vs /fr/Detox-Digestion-c87/Clef-des-champs-b26/Natural-Factors-b71. Lang:fr
11:03:22 Listing url is not the same: /fr/Fatigue-c99/Meditrina-b68/Merveilles-d-Abeilles-b69/urlBilingual vs /fr/Fatigue-c99/Meditrina-b68/Merveilles-d-Abeilles-b69. Lang:fr
11:03:30 Listing url is not the same: /fr/Rhume-grippe-voie-respiratoire-c57/Le-Tournesol-ANB-b64/Meditrina-b68/Natural-Factors-b71/b.Url vs /fr/Rhume-grippe-voie-respiratoire-c57/Le-Tournesol-ANB-b64/Meditrina-b68/Natural-Factors-b71. Lang:fr
11:03:35 Listing url is not the same: /fr/Sante-des-femmes-c100/Druide-b63/Nature-Clean-b72/addressLink vs /fr/Sante-des-femmes-c100/Druide-b63/Nature-Clean-b72. Lang:fr
11:10:03 Listing url is not the same: /fr/Cosmetique-parfum-et-deodorant-c60/A-Vogel-b54/Druide-b63/Meditrina-b68/Natural-Factors-b71/b.Url vs /fr/Cosmetique-parfum-et-deodorant-c60/A-Vogel-b54/Druide-b63/Meditrina-b68/Natural-Factors-b71. Lang:fr
11:51:54 Listing url is not the same: /fr/Systeme-immunitaire-c93/Meditrina-b68/cat.Url vs /fr/Systeme-immunitaire-c93/Meditrina-b68. Lang:fr
11:52:18 Listing url is not the same: /fr/Cosmetique-parfum-et-deodorant-c60/Anokian-b58/Boiron-b61/urlBilingual vs /fr/Cosmetique-parfum-et-deodorant-c60/Anokian-b58/Boiron-b61. Lang:fr
11:52:45 Listing url is not the same: /fr/Detox-Digestion-c87/Boiron-b61/Meditrina-b68/subcat.Url vs /fr/Detox-Digestion-c87/Boiron-b61/Meditrina-b68. Lang:fr
11:52:49 Listing url is not the same: /fr/Fatigue-c99/Natural-Factors-b71/b.Url vs /fr/Fatigue-c99/Natural-Factors-b71. Lang:fr
11:54:26 Listing url is not the same: /fr/Rhume-grippe-voie-respiratoire-c57/A-Vogel-b54/Boiron-b61/Clef-des-champs-b26/Druide-b63/Le-Tournesol-ANB-b64/p.Url vs /fr/Rhume-grippe-voie-respiratoire-c57/A-Vogel-b54/Boiron-b61/Clef-des-champs-b26/Druide-b63/Le-Tournesol-ANB-b64. Lang:fr
11:55:50 Listing url is not the same: /fr/Allergies-c55/Druide-b63/Le-Tournesol-ANB-b64/Natural-Factors-b71/b.Url vs /fr/Allergies-c55/Druide-b63/Le-Tournesol-ANB-b64/Natural-Factors-b71. Lang:fr
11:57:51 Listing url is not the same: /fr/Antioxydants-c62/A-Vogel-b54/Boiron-b61/Clef-des-champs-b26/Druide-b63/Le-Tournesol-ANB-b64/p.Url vs /fr/Antioxydants-c62/A-Vogel-b54/Boiron-b61/Clef-des-champs-b26/Druide-b63/Le-Tournesol-ANB-b64. Lang:fr
11:57:53 Listing url is not the same: /fr/Antioxydants-c62/Anokian-b58/Clef-des-champs-b26/b.Url vs /fr/Antioxydants-c62/Anokian-b58/Clef-des-champs-b26. Lang:fr
11:57:54 Listing url is not the same: /fr/Concentration-memoire-migraine-c56/Clef-des-champs-b26/Druide-b63/Meditrina-b68/Merveilles-d-Abeilles-b69/urlBilingual vs /fr/Concentration-memoire-migraine-c56/Clef-des-champs-b26/Druide-b63/Meditrina-b68/Merveilles-d-Abeilles-b69. Lang:fr
11:57:56 Listing url is not the same: /fr/Cosmetique-parfum-et-deodorant-c60/A-Vogel-b54/Druide-b63/Meditrina-b68/Merveilles-d-Abeilles-b69/b.Url vs /fr/Cosmetique-parfum-et-deodorant-c60/A-Vogel-b54/Druide-b63/Meditrina-b68/Merveilles-d-Abeilles-b69. Lang:fr
11:57:57 Listing url is not the same: /fr/Cosmetique-parfum-et-deodorant-c60/A-Vogel-b54/Le-Tournesol-ANB-b64/Meditrina-b68/addressLink vs /fr/Cosmetique-parfum-et-deodorant-c60/A-Vogel-b54/Le-Tournesol-ANB-b64/Meditrina-b68. Lang:fr
11:58:00 Listing url is not the same: /fr/Detox-Digestion-c87/A-Vogel-b54/Anokian-b58/addressLink vs /fr/Detox-Digestion-c87/A-Vogel-b54/Anokian-b58. Lang:fr
11:58:04 Listing url is not the same: /fr/Fatigue-c99/Clef-des-champs-b26/Merveilles-d-Abeilles-b69/addressLink vs /fr/Fatigue-c99/Clef-des-champs-b26/Merveilles-d-Abeilles-b69. Lang:fr
11:58:05 Listing url is not the same: /fr/Fatigue-c99/Clef-des-champs-b26/Merveilles-d-Abeilles-b69/b.Url vs /fr/Fatigue-c99/Clef-des-champs-b26/Merveilles-d-Abeilles-b69. Lang:fr
11:58:07 Listing url is not the same: /fr/Fatigue-c99/Le-Tournesol-ANB-b64/Meditrina-b68/urlBilingual vs /fr/Fatigue-c99/Le-Tournesol-ANB-b64/Meditrina-b68. Lang:fr
11:58:19 Listing url is not the same: /fr/Rhume-grippe-voie-respiratoire-c57/Le-Tournesol-ANB-b64/Meditrina-b68/Merveilles-d-Abeilles-b69/p.Url vs /fr/Rhume-grippe-voie-respiratoire-c57/Le-Tournesol-ANB-b64/Meditrina-b68/Merveilles-d-Abeilles-b69. Lang:fr
11:58:26 Listing url is not the same: /fr/Sante-des-enfants-c108/Clef-des-champs-b26/Natural-Factors-b71/p.Url vs /fr/Sante-des-enfants-c108/Clef-des-champs-b26/Natural-Factors-b71. Lang:fr
12:05:11 Listing url is not the same: /fr/Antioxydants-c62/A-Vogel-b54/Boiron-b61/Clef-des-champs-b26/Druide-b63/Merveilles-d-Abeilles-b69/p.Url vs /fr/Antioxydants-c62/A-Vogel-b54/Boiron-b61/Clef-des-champs-b26/Druide-b63/Merveilles-d-Abeilles-b69. Lang:fr
12:05:13 Listing url is not the same: /fr/Antioxydants-c62/A-Vogel-b54/Boiron-b61/Clef-des-champs-b26/Le-Tournesol-ANB-b64/Meditrina-b68/subcat.Url vs /fr/Antioxydants-c62/A-Vogel-b54/Boiron-b61/Clef-des-champs-b26/Le-Tournesol-ANB-b64/Meditrina-b68. Lang:fr
12:46:16 Listing url is not the same: /fr/Sante-des-enfants-c108/b.Url vs /fr/Sante-des-enfants-c108. Lang:fr
12:47:33 Listing url is not the same: /fr/Detox-Digestion-c87/Le-Tournesol-ANB-b64/urlBilingual vs /fr/Detox-Digestion-c87/Le-Tournesol-ANB-b64. Lang:fr
12:47:46 Listing url is not the same: /fr/Inflammation-c98/Boiron-b61/Clef-des-champs-b26/Meditrina-b68/b.Url vs /fr/Inflammation-c98/Boiron-b61/Clef-des-champs-b26/Meditrina-b68. Lang:fr
12:48:00 Listing url is not the same: /fr/Detox-Digestion-c87/A-Vogel-b54/Druide-b63/b.Url vs /fr/Detox-Digestion-c87/A-Vogel-b54/Druide-b63. Lang:fr
12:48:04 Listing url is not the same: /fr/Detox-Digestion-c87/A-Vogel-b54/Druide-b63/urlBilingual vs /fr/Detox-Digestion-c87/A-Vogel-b54/Druide-b63. Lang:fr
12:48:15 Listing url is not the same: /fr/Sante-des-femmes-c100/Boiron-b61/Clef-des-champs-b26/Meditrina-b68/subcat.Url vs /fr/Sante-des-femmes-c100/Boiron-b61/Clef-des-champs-b26/Meditrina-b68. Lang:fr
12:50:07 Listing url is not the same: /fr/Fatigue-c99/A-Vogel-b54/Boiron-b61/p.UrlBrand vs /fr/Fatigue-c99/A-Vogel-b54/Boiron-b61. Lang:fr
12:50:19 Listing url is not the same: /fr/Stress-c97/Boiron-b61/Nature-Clean-b72/p.UrlBrand vs /fr/Stress-c97/Boiron-b61/Nature-Clean-b72. Lang:fr
12:52:26 Listing url is not the same: /fr/Chandelles-c70/Clef-des-champs-b26/Druide-b63/Meditrina-b68/Merveilles-d-Abeilles-b69/urlBilingual vs /fr/Chandelles-c70/Clef-des-champs-b26/Druide-b63/Meditrina-b68/Merveilles-d-Abeilles-b69. Lang:fr
12:52:39 Listing url is not the same: /fr/Concentration-memoire-migraine-c56/A-Vogel-b54/Clef-des-champs-b26/Druide-b63/Le-Tournesol-ANB-b64/cat.Url vs /fr/Concentration-memoire-migraine-c56/A-Vogel-b54/Clef-des-champs-b26/Druide-b63/Le-Tournesol-ANB-b64. Lang:fr
12:52:49 Listing url is not the same: /fr/Detox-Digestion-c87/Meditrina-b68/Merveilles-d-Abeilles-b69/cat.Url vs /fr/Detox-Digestion-c87/Meditrina-b68/Merveilles-d-Abeilles-b69. Lang:fr
12:52:56 Listing url is not the same: /fr/Sante-des-femmes-c100/Clef-des-champs-b26/Le-Tournesol-ANB-b64/brand.Url vs /fr/Sante-des-femmes-c100/Clef-des-champs-b26/Le-Tournesol-ANB-b64. Lang:fr
12:59:53 Listing url is not the same: /fr/Fatigue-c99/Clef-des-champs-b26/Druide-b63/Meditrina-b68/Merveilles-d-Abeilles-b69/brand.Url vs /fr/Fatigue-c99/Clef-des-champs-b26/Druide-b63/Meditrina-b68/Merveilles-d-Abeilles-b69. Lang:fr
13:42:17 Listing url is not the same: /fr/Inflammation-c98/Clef-des-champs-b26/p.UrlBrand vs /fr/Inflammation-c98/Clef-des-champs-b26. Lang:fr
13:43:40 Listing url is not the same: /fr/Systeme-immunitaire-c93/Boiron-b61/Clef-des-champs-b26/addressLink vs /fr/Systeme-immunitaire-c93/Boiron-b61/Clef-des-champs-b26. Lang:fr
13:44:20 Listing url is not the same: /fr/Sante-des-enfants-c108/Clef-des-champs-b26/Meditrina-b68/p.Url vs /fr/Sante-des-enfants-c108/Clef-des-champs-b26/Meditrina-b68. Lang:fr
13:48:10 Listing url is not the same: /fr/Cosmetique-parfum-et-deodorant-c60/A-Vogel-b54/Boiron-b61/Meditrina-b68/promotion.Url vs /fr/Cosmetique-parfum-et-deodorant-c60/A-Vogel-b54/Boiron-b61/Meditrina-b68. Lang:fr
13:50:55 Listing url is not the same: /fr/Fatigue-c99/A-Vogel-b54/Boiron-b61/Clef-des-champs-b26/promotion.Url vs /fr/Fatigue-c99/A-Vogel-b54/Boiron-b61/Clef-des-champs-b26. Lang:fr
13:51:05 Listing url is not the same: /fr/Inflammation-c98/A-Vogel-b54/Druide-b63/addressLink vs /fr/Inflammation-c98/A-Vogel-b54/Druide-b63. Lang:fr
13:51:12 Listing url is not the same: /fr/Stress-c97/Boiron-b61/Clef-des-champs-b26/addressLink vs /fr/Stress-c97/Boiron-b61/Clef-des-champs-b26. Lang:fr
13:51:18 Listing url is not the same: /fr/Stress-c97/Boiron-b61/Nature-Clean-b72/subcat.Url vs /fr/Stress-c97/Boiron-b61/Nature-Clean-b72. Lang:fr
13:53:08 Listing url is not the same: /fr/Cosmetique-parfum-et-deodorant-c60/A-Vogel-b54/Druide-b63/Meditrina-b68/Merveilles-d-Abeilles-b69/brand.Url vs /fr/Cosmetique-parfum-et-deodorant-c60/A-Vogel-b54/Druide-b63/Meditrina-b68/Merveilles-d-Abeilles-b69. Lang:fr
13:53:16 Listing url is not the same: /fr/Fatigue-c99/Clef-des-champs-b26/Merveilles-d-Abeilles-b69/p.Url vs /fr/Fatigue-c99/Clef-des-champs-b26/Merveilles-d-Abeilles-b69. Lang:fr
13:53:18 Listing url is not the same: /fr/Sante-des-enfants-c108/Clef-des-champs-b26/Le-Tournesol-ANB-b64/Natural-Factors-b71/p.UrlBrand vs /fr/Sante-des-enfants-c108/Clef-des-champs-b26/Le-Tournesol-ANB-b64/Natural-Factors-b71. Lang:fr
13:53:24 Listing url is not the same: /fr/Systeme-immunitaire-c93/Boiron-b61/Meditrina-b68/subcat.Url vs /fr/Systeme-immunitaire-c93/Boiron-b61/Meditrina-b68. Lang:fr
13:58:21 Listing url is not the same: /fr/Allergies-c55/A-Vogel-b54/Druide-b63/Le-Tournesol-ANB-b64/Natural-Factors-b71/cat.Url vs /fr/Allergies-c55/A-Vogel-b54/Druide-b63/Le-Tournesol-ANB-b64/Natural-Factors-b71. Lang:fr
14:38:12 Listing url is not the same: /fr/Systeme-immunitaire-c93/Meditrina-b68/p.UrlBrand vs /fr/Systeme-immunitaire-c93/Meditrina-b68. Lang:fr
14:38:31 Listing url is not the same: /fr/Fatigue-c99/Clef-des-champs-b26/Le-Tournesol-ANB-b64/promotion.Url vs /fr/Fatigue-c99/Clef-des-champs-b26/Le-Tournesol-ANB-b64. Lang:fr
14:38:58 Listing url is not the same: /fr/Fatigue-c99/A-Vogel-b54/Clef-des-champs-b26/Druide-b63/addressLink vs /fr/Fatigue-c99/A-Vogel-b54/Clef-des-champs-b26/Druide-b63. Lang:fr
14:41:24 Listing url is not the same: /fr/Inflammation-c98/Natural-Factors-b71/brand.Url vs /fr/Inflammation-c98/Natural-Factors-b71. Lang:fr
14:47:01 Listing url is not the same: /fr/Allergies-c55/A-Vogel-b54/Druide-b63/Meditrina-b68/Merveilles-d-Abeilles-b69/brand.Url vs /fr/Allergies-c55/A-Vogel-b54/Druide-b63/Meditrina-b68/Merveilles-d-Abeilles-b69. Lang:fr
14:47:22 Listing url is not the same: /fr/Inflammation-c98/Clef-des-champs-b26/Druide-b63/Le-Tournesol-ANB-b64/cat.Url vs /fr/Inflammation-c98/Clef-des-champs-b26/Druide-b63/Le-Tournesol-ANB-b64. Lang:fr
14:50:18 Listing url is not the same: /fr/Antioxydants-c62/Anokian-b58/Meditrina-b68/promotion.Url vs /fr/Antioxydants-c62/Anokian-b58/Meditrina-b68. Lang:fr
14:50:31 Listing url is not the same: /fr/Concentration-memoire-migraine-c56/Boiron-b61/Clef-des-champs-b26/Druide-b63/Meditrina-b68/cat.Url vs /fr/Concentration-memoire-migraine-c56/Boiron-b61/Clef-des-champs-b26/Druide-b63/Meditrina-b68. Lang:fr
14:50:36 Listing url is not the same: /fr/Inflammation-c98/Clef-des-champs-b26/Natural-Factors-b71/subcat.Url vs /fr/Inflammation-c98/Clef-des-champs-b26/Natural-Factors-b71. Lang:fr
14:50:40 Listing url is not the same: /fr/Inflammation-c98/Meditrina-b68/Merveilles-d-Abeilles-b69/b.Url vs /fr/Inflammation-c98/Meditrina-b68/Merveilles-d-Abeilles-b69. Lang:fr
14:50:44 Listing url is not the same: /fr/Sante-des-femmes-c100/Clef-des-champs-b26/Meditrina-b68/Merveilles-d-Abeilles-b69/urlBilingual vs /fr/Sante-des-femmes-c100/Clef-des-champs-b26/Meditrina-b68/Merveilles-d-Abeilles-b69. Lang:fr
14:50:50 Listing url is not the same: /fr/Systeme-immunitaire-c93/A-Vogel-b54/Nature-Clean-b72/promotion.Url vs /fr/Systeme-immunitaire-c93/A-Vogel-b54/Nature-Clean-b72. Lang:fr
15:32:22 Listing url is not the same: /fr/Sante-des-enfants-c108/p.UrlBrand vs /fr/Sante-des-enfants-c108. Lang:fr
15:33:20 Listing url is not the same: /fr/Systeme-immunitaire-c93/A-Vogel-b54/Clef-des-champs-b26/b.Url vs /fr/Systeme-immunitaire-c93/A-Vogel-b54/Clef-des-champs-b26. Lang:fr
15:33:41 Listing url is not the same: /fr/Systeme-immunitaire-c93/A-Vogel-b54/subcat.Url vs /fr/Systeme-immunitaire-c93/A-Vogel-b54. Lang:fr
15:35:10 Listing url is not the same: /fr/Detox-Digestion-c87/Boiron-b61/Clef-des-champs-b26/Druide-b63/cat.Url vs /fr/Detox-Digestion-c87/Boiron-b61/Clef-des-champs-b26/Druide-b63. Lang:fr
15:35:30 Listing url is not the same: /fr/Inflammation-c98/Boiron-b61/Clef-des-champs-b26/Meditrina-b68/subcat.Url vs /fr/Inflammation-c98/Boiron-b61/Clef-des-champs-b26/Meditrina-b68. Lang:fr
15:38:28 Listing url is not the same: /fr/Fatigue-c99/Clef-des-champs-b26/Le-Tournesol-ANB-b64/Meditrina-b68/p.Url vs /fr/Fatigue-c99/Clef-des-champs-b26/Le-Tournesol-ANB-b64/Meditrina-b68. Lang:fr
15:38:44 Listing url is not the same: /fr/Inflammation-c98/A-Vogel-b54/Clef-des-champs-b26/Meditrina-b68/cat.Url vs /fr/Inflammation-c98/A-Vogel-b54/Clef-des-champs-b26/Meditrina-b68. Lang:fr
15:38:58 Listing url is not the same: /fr/Sante-des-enfants-c108/Boiron-b61/Clef-des-champs-b26/Druide-b63/brand.Url vs /fr/Sante-des-enfants-c108/Boiron-b61/Clef-des-champs-b26/Druide-b63. Lang:fr
15:39:12 Listing url is not the same: /fr/Sante-des-femmes-c100/A-Vogel-b54/Clef-des-champs-b26/Druide-b63/p.Url vs /fr/Sante-des-femmes-c100/A-Vogel-b54/Clef-des-champs-b26/Druide-b63. Lang:fr
15:39:58 Listing url is not the same: /fr/Cosmetique-parfum-et-deodorant-c60/A-Vogel-b54/Boiron-b61/Meditrina-b68/brand.Url vs /fr/Cosmetique-parfum-et-deodorant-c60/A-Vogel-b54/Boiron-b61/Meditrina-b68. Lang:fr
15:40:07 Listing url is not the same: /fr/Cosmetique-parfum-et-deodorant-c60/A-Vogel-b54/Boiron-b61/Meditrina-b68/urlBilingual vs /fr/Cosmetique-parfum-et-deodorant-c60/A-Vogel-b54/Boiron-b61/Meditrina-b68. Lang:fr
15:46:00 Listing url is not the same: /fr/Detox-Digestion-c87/Le-Tournesol-ANB-b64/Meditrina-b68/urlBilingual vs /fr/Detox-Digestion-c87/Le-Tournesol-ANB-b64/Meditrina-b68. Lang:fr
15:46:04 Listing url is not the same: /fr/Huiles-magiques-de-wicca-c65/Boiron-b61/Clef-des-champs-b26/Le-Tournesol-ANB-b64/Merveilles-d-Abeilles-b69/subcat.Url vs /fr/Huiles-magiques-de-wicca-c65/Boiron-b61/Clef-des-champs-b26/Le-Tournesol-ANB-b64/Merveilles-d-Abeilles-b69. Lang:fr
15:46:19 Listing url is not the same: /fr/Sante-des-femmes-c100/Druide-b63/Nature-Clean-b72/subcat.Url vs /fr/Sante-des-femmes-c100/Druide-b63/Nature-Clean-b72. Lang:fr
15:46:28 Listing url is not the same: /fr/Systeme-immunitaire-c93/Clef-des-champs-b26/Natural-Factors-b71/subcat.Url vs /fr/Systeme-immunitaire-c93/Clef-des-champs-b26/Natural-Factors-b71. Lang:fr
16:29:33 Listing url is not the same: /fr/Inflammation-c98/Boiron-b61/Clef-des-champs-b26/p.UrlBrand vs /fr/Inflammation-c98/Boiron-b61/Clef-des-champs-b26. Lang:fr
16:29:38 Listing url is not the same: /fr/Sante-des-enfants-c108/A-Vogel-b54/p.UrlBrand vs /fr/Sante-des-enfants-c108/A-Vogel-b54. Lang:fr
16:29:41 Listing url is not the same: /fr/Systeme-immunitaire-c93/Meditrina-b68/brand.Url vs /fr/Systeme-immunitaire-c93/Meditrina-b68. Lang:fr
16:30:26 Listing url is not the same: /fr/Detox-Digestion-c87/Boiron-b61/Clef-des-champs-b26/Druide-b63/addressLink vs /fr/Detox-Digestion-c87/Boiron-b61/Clef-des-champs-b26/Druide-b63. Lang:fr
16:30:55 Listing url is not the same: /fr/Inflammation-c98/Druide-b63/Meditrina-b68/p.UrlBrand vs /fr/Inflammation-c98/Druide-b63/Meditrina-b68. Lang:fr
16:33:30 Listing url is not the same: /fr/Inflammation-c98/Clef-des-champs-b26/Meditrina-b68/Merveilles-d-Abeilles-b69/b.Url vs /fr/Inflammation-c98/Clef-des-champs-b26/Meditrina-b68/Merveilles-d-Abeilles-b69. Lang:fr
16:36:35 Listing url is not the same: /fr/Allergies-c55/Druide-b63/Le-Tournesol-ANB-b64/Natural-Factors-b71/p.UrlBrand vs /fr/Allergies-c55/Druide-b63/Le-Tournesol-ANB-b64/Natural-Factors-b71. Lang:fr
16:36:46 Listing url is not the same: /fr/Systeme-immunitaire-c93/A-Vogel-b54/Clef-des-champs-b26/Meditrina-b68/brand.Url vs /fr/Systeme-immunitaire-c93/A-Vogel-b54/Clef-des-champs-b26/Meditrina-b68. Lang:fr
16:39:15 Listing url is not the same: /fr/Sante-des-femmes-c100/Clef-des-champs-b26/Le-Tournesol-ANB-b64/Meditrina-b68/cat.Url vs /fr/Sante-des-femmes-c100/Clef-des-champs-b26/Le-Tournesol-ANB-b64/Meditrina-b68. Lang:fr
16:39:25 Listing url is not the same: /fr/Sante-des-femmes-c100/Druide-b63/Nature-Clean-b72/b.Url vs /fr/Sante-des-femmes-c100/Druide-b63/Nature-Clean-b72. Lang:fr
16:39:30 Listing url is not the same: /fr/Systeme-immunitaire-c93/A-Vogel-b54/Meditrina-b68/subcat.Url vs /fr/Systeme-immunitaire-c93/A-Vogel-b54/Meditrina-b68. Lang:fr
16:39:34 Listing url is not the same: /fr/Systeme-immunitaire-c93/Meditrina-b68/Merveilles-d-Abeilles-b69/addressLink vs /fr/Systeme-immunitaire-c93/Meditrina-b68/Merveilles-d-Abeilles-b69. Lang:fr
17:23:55 Listing url is not the same: /fr/Sante-des-femmes-c100/brand.Url vs /fr/Sante-des-femmes-c100. Lang:fr
17:26:19 Listing url is not the same: /fr/Cosmetique-parfum-et-deodorant-c60/A-Vogel-b54/Clef-des-champs-b26/Le-Tournesol-ANB-b64/b.Url vs /fr/Cosmetique-parfum-et-deodorant-c60/A-Vogel-b54/Clef-des-champs-b26/Le-Tournesol-ANB-b64. Lang:fr
17:26:21 Listing url is not the same: /fr/Inflammation-c98/Natural-Factors-b71/p.Url vs /fr/Inflammation-c98/Natural-Factors-b71. Lang:fr
17:27:05 Listing url is not the same: /fr/Inflammation-c98/Clef-des-champs-b26/Le-Tournesol-ANB-b64/Meditrina-b68/p.Url vs /fr/Inflammation-c98/Clef-des-champs-b26/Le-Tournesol-ANB-b64/Meditrina-b68. Lang:fr
17:27:06 Listing url is not the same: /fr/Sante-des-femmes-c100/Boiron-b61/Clef-des-champs-b26/Meditrina-b68/cat.Url vs /fr/Sante-des-femmes-c100/Boiron-b61/Clef-des-champs-b26/Meditrina-b68. Lang:fr
17:27:08 Listing url is not the same: /fr/Systeme-immunitaire-c93/A-Vogel-b54/Boiron-b61/Clef-des-champs-b26/brand.Url vs /fr/Systeme-immunitaire-c93/A-Vogel-b54/Boiron-b61/Clef-des-champs-b26. Lang:fr
17:27:09 Listing url is not the same: /fr/Systeme-immunitaire-c93/Clef-des-champs-b26/Le-Tournesol-ANB-b64/promotion.Url vs /fr/Systeme-immunitaire-c93/Clef-des-champs-b26/Le-Tournesol-ANB-b64. Lang:fr
17:31:30 Listing url is not the same: /fr/Detox-Digestion-c87/Clef-des-champs-b26/Meditrina-b68/Natural-Factors-b71/b.Url vs /fr/Detox-Digestion-c87/Clef-des-champs-b26/Meditrina-b68/Natural-Factors-b71. Lang:fr
17:31:33 Listing url is not the same: /fr/Stress-c97/Boiron-b61/Nature-Clean-b72/b.Url vs /fr/Stress-c97/Boiron-b61/Nature-Clean-b72. Lang:fr
17:33:45 Listing url is not the same: /fr/Chandelles-c70/Clef-des-champs-b26/Druide-b63/Meditrina-b68/Merveilles-d-Abeilles-b69/promotion.Url vs /fr/Chandelles-c70/Clef-des-champs-b26/Druide-b63/Meditrina-b68/Merveilles-d-Abeilles-b69. Lang:fr
17:33:49 Listing url is not the same: /fr/Cosmetique-parfum-et-deodorant-c60/Boiron-b61/Clef-des-champs-b26/Le-Tournesol-ANB-b64/subcat.Url vs /fr/Cosmetique-parfum-et-deodorant-c60/Boiron-b61/Clef-des-champs-b26/Le-Tournesol-ANB-b64. Lang:fr
17:33:50 Listing url is not the same: /fr/Detox-Digestion-c87/A-Vogel-b54/Anokian-b58/p.UrlBrand vs /fr/Detox-Digestion-c87/A-Vogel-b54/Anokian-b58. Lang:fr
17:33:51 Listing url is not the same: /fr/Detox-Digestion-c87/Meditrina-b68/Merveilles-d-Abeilles-b69/brand.Url vs /fr/Detox-Digestion-c87/Meditrina-b68/Merveilles-d-Abeilles-b69. Lang:fr
17:33:55 Listing url is not the same: /fr/Nettoyage-c73/Anokian-b58/Natural-Factors-b71/p.UrlBrand vs /fr/Nettoyage-c73/Anokian-b58/Natural-Factors-b71. Lang:fr
17:33:56 Listing url is not the same: /fr/Rhume-grippe-voie-respiratoire-c57/A-Vogel-b54/Boiron-b61/Clef-des-champs-b26/Druide-b63/Meditrina-b68/p.UrlBrand vs /fr/Rhume-grippe-voie-respiratoire-c57/A-Vogel-b54/Boiron-b61/Clef-des-champs-b26/Druide-b63/Meditrina-b68. Lang:fr
17:33:57 Listing url is not the same: /fr/Sante-des-femmes-c100/Druide-b63/Nature-Clean-b72/p.UrlBrand vs /fr/Sante-des-femmes-c100/Druide-b63/Nature-Clean-b72. Lang:fr
17:33:58 Listing url is not the same: /fr/Systeme-immunitaire-c93/Boiron-b61/Meditrina-b68/promotion.Url vs /fr/Systeme-immunitaire-c93/Boiron-b61/Meditrina-b68. Lang:fr
18:28:53 Listing url is not the same: /fr/Fatigue-c99/Boiron-b61/Druide-b63/subcat.Url vs /fr/Fatigue-c99/Boiron-b61/Druide-b63. Lang:fr
18:28:54 Listing url is not the same: /fr/Fatigue-c99/Meditrina-b68/p.UrlBrand vs /fr/Fatigue-c99/Meditrina-b68. Lang:fr
18:29:39 Listing url is not the same: /fr/Systeme-immunitaire-c93/Clef-des-champs-b26/Le-Tournesol-ANB-b64/p.Url vs /fr/Systeme-immunitaire-c93/Clef-des-champs-b26/Le-Tournesol-ANB-b64. Lang:fr
18:31:00 Listing url is not the same: /fr/Fatigue-c99/Le-Tournesol-ANB-b64/Meditrina-b68/b.Url vs /fr/Fatigue-c99/Le-Tournesol-ANB-b64/Meditrina-b68. Lang:fr
18:31:04 Listing url is not the same: /fr/Sante-des-enfants-c108/A-Vogel-b54/Boiron-b61/Clef-des-champs-b26/promotion.Url vs /fr/Sante-des-enfants-c108/A-Vogel-b54/Boiron-b61/Clef-des-champs-b26. Lang:fr
18:31:33 Listing url is not the same: /fr/Antioxydants-c62/Anokian-b58/Clef-des-champs-b26/brand.Url vs /fr/Antioxydants-c62/Anokian-b58/Clef-des-champs-b26. Lang:fr
18:31:39 Listing url is not the same: /fr/Cosmetique-parfum-et-deodorant-c60/Anokian-b58/Le-Tournesol-ANB-b64/b.Url vs /fr/Cosmetique-parfum-et-deodorant-c60/Anokian-b58/Le-Tournesol-ANB-b64. Lang:fr
18:33:56 Listing url is not the same: /fr/Allergies-c55/Boiron-b61/Clef-des-champs-b26/Le-Tournesol-ANB-b64/Natural-Factors-b71/cat.Url vs /fr/Allergies-c55/Boiron-b61/Clef-des-champs-b26/Le-Tournesol-ANB-b64/Natural-Factors-b71. Lang:fr
19:25:04 Listing url is not the same: /fr/Stress-c97/Le-Tournesol-ANB-b64/Meditrina-b68/addressLink vs /fr/Stress-c97/Le-Tournesol-ANB-b64/Meditrina-b68. Lang:fr
19:26:44 Listing url is not the same: /fr/Antioxydants-c62/A-Vogel-b54/Anokian-b58/p.UrlBrand vs /fr/Antioxydants-c62/A-Vogel-b54/Anokian-b58. Lang:fr
19:27:11 Listing url is not the same: /fr/Systeme-immunitaire-c93/Clef-des-champs-b26/Le-Tournesol-ANB-b64/Natural-Factors-b71/brand.Url vs /fr/Systeme-immunitaire-c93/Clef-des-champs-b26/Le-Tournesol-ANB-b64/Natural-Factors-b71. Lang:fr
19:29:04 Listing url is not the same: /fr/Antioxydants-c62/Boiron-b61/Clef-des-champs-b26/Druide-b63/Meditrina-b68/Merveilles-d-Abeilles-b69/brand.Url vs /fr/Antioxydants-c62/Boiron-b61/Clef-des-champs-b26/Druide-b63/Meditrina-b68/Merveilles-d-Abeilles-b69. Lang:fr
19:32:12 Listing url is not the same: /fr/Concentration-memoire-migraine-c56/Boiron-b61/Clef-des-champs-b26/Druide-b63/Le-Tournesol-ANB-b64/p.Url vs /fr/Concentration-memoire-migraine-c56/Boiron-b61/Clef-des-champs-b26/Druide-b63/Le-Tournesol-ANB-b64. Lang:fr
19:32:13 Listing url is not the same: /fr/Concentration-memoire-migraine-c56/Clef-des-champs-b26/Meditrina-b68/Merveilles-d-Abeilles-b69/Natural-Factors-b71/addressLink vs /fr/Concentration-memoire-migraine-c56/Clef-des-champs-b26/Meditrina-b68/Merveilles-d-Abeilles-b69/Natural-Factors-b71. Lang:fr
19:32:14 Listing url is not the same: /fr/Detox-Digestion-c87/Clef-des-champs-b26/Druide-b63/Meditrina-b68/Merveilles-d-Abeilles-b69/urlBilingual vs /fr/Detox-Digestion-c87/Clef-des-champs-b26/Druide-b63/Meditrina-b68/Merveilles-d-Abeilles-b69. Lang:fr
19:32:16 Listing url is not the same: /fr/Huiles-magiques-de-wicca-c65/A-Vogel-b54/Druide-b63/Nature-Clean-b72/addressLink vs /fr/Huiles-magiques-de-wicca-c65/A-Vogel-b54/Druide-b63/Nature-Clean-b72. Lang:fr
19:32:17 Listing url is not the same: /fr/Huiles-magiques-de-wicca-c65/Boiron-b61/Le-Tournesol-ANB-b64/Meditrina-b68/Natural-Factors-b71/addressLink vs /fr/Huiles-magiques-de-wicca-c65/Boiron-b61/Le-Tournesol-ANB-b64/Meditrina-b68/Natural-Factors-b71. Lang:fr
19:32:19 Listing url is not the same: /fr/Rhume-grippe-voie-respiratoire-c57/A-Vogel-b54/Boiron-b61/Clef-des-champs-b26/Le-Tournesol-ANB-b64/Merveilles-d-Abeilles-b69/brand.Url vs /fr/Rhume-grippe-voie-respiratoire-c57/A-Vogel-b54/Boiron-b61/Clef-des-champs-b26/Le-Tournesol-ANB-b64/Merveilles-d-Abeilles-b69. Lang:fr
19:32:20 Listing url is not the same: /fr/Stress-c97/A-Vogel-b54/Le-Tournesol-ANB-b64/Meditrina-b68/urlBilingual vs /fr/Stress-c97/A-Vogel-b54/Le-Tournesol-ANB-b64/Meditrina-b68. Lang:fr
19:32:23 Listing url is not the same: /fr/Systeme-immunitaire-c93/Boiron-b61/Druide-b63/Natural-Factors-b71/promotion.Url vs /fr/Systeme-immunitaire-c93/Boiron-b61/Druide-b63/Natural-Factors-b71. Lang:fr
19:32:24 Listing url is not the same: /fr/Systeme-immunitaire-c93/Clef-des-champs-b26/Druide-b63/Nature-Clean-b72/b.Url vs /fr/Systeme-immunitaire-c93/Clef-des-champs-b26/Druide-b63/Nature-Clean-b72. Lang:fr
20:16:51 Listing url is not the same: /fr/Sante-des-enfants-c108/promotion.Url vs /fr/Sante-des-enfants-c108. Lang:fr
20:23:06 Listing url is not the same: /fr/Sante-des-femmes-c100/Clef-des-champs-b26/Druide-b63/subcat.Url vs /fr/Sante-des-femmes-c100/Clef-des-champs-b26/Druide-b63. Lang:fr
20:23:08 Listing url is not the same: /fr/Sante-des-femmes-c100/Clef-des-champs-b26/Merveilles-d-Abeilles-b69/b.Url vs /fr/Sante-des-femmes-c100/Clef-des-champs-b26/Merveilles-d-Abeilles-b69. Lang:fr
20:25:03 Listing url is not the same: /fr/Stress-c97/A-Vogel-b54/Clef-des-champs-b26/Meditrina-b68/promotion.Url vs /fr/Stress-c97/A-Vogel-b54/Clef-des-champs-b26/Meditrina-b68. Lang:fr
20:25:46 Listing url is not the same: /fr/Cosmetique-parfum-et-deodorant-c60/Anokian-b58/Le-Tournesol-ANB-b64/promotion.Url vs /fr/Cosmetique-parfum-et-deodorant-c60/Anokian-b58/Le-Tournesol-ANB-b64. Lang:fr
20:25:53 Listing url is not the same: /fr/Sante-des-femmes-c100/A-Vogel-b54/Anokian-b58/p.UrlBrand vs /fr/Sante-des-femmes-c100/A-Vogel-b54/Anokian-b58. Lang:fr
20:25:54 Listing url is not the same: /fr/Systeme-immunitaire-c93/A-Vogel-b54/Nature-Clean-b72/p.UrlBrand vs /fr/Systeme-immunitaire-c93/A-Vogel-b54/Nature-Clean-b72. Lang:fr
20:30:01 Listing url is not the same: /fr/Concentration-memoire-migraine-c56/Clef-des-champs-b26/Druide-b63/Le-Tournesol-ANB-b64/Meditrina-b68/brand.Url vs /fr/Concentration-memoire-migraine-c56/Clef-des-champs-b26/Druide-b63/Le-Tournesol-ANB-b64/Meditrina-b68. Lang:fr
21:06:05 Listing url is not the same: /fr/Sante-des-femmes-c100/promotion.Url vs /fr/Sante-des-femmes-c100. Lang:fr
21:07:08 Listing url is not the same: /fr/Cosmetique-parfum-et-deodorant-c60/Anokian-b58/Boiron-b61/subcat.Url vs /fr/Cosmetique-parfum-et-deodorant-c60/Anokian-b58/Boiron-b61. Lang:fr
21:08:04 Listing url is not the same: /fr/Fatigue-c99/Boiron-b61/Druide-b63/p.UrlBrand vs /fr/Fatigue-c99/Boiron-b61/Druide-b63. Lang:fr
21:08:14 Listing url is not the same: /fr/Inflammation-c98/Clef-des-champs-b26/Le-Tournesol-ANB-b64/addressLink vs /fr/Inflammation-c98/Clef-des-champs-b26/Le-Tournesol-ANB-b64. Lang:fr
21:08:23 Listing url is not the same: /fr/Sante-des-femmes-c100/A-Vogel-b54/Clef-des-champs-b26/Druide-b63/promotion.Url vs /fr/Sante-des-femmes-c100/A-Vogel-b54/Clef-des-champs-b26/Druide-b63. Lang:fr
21:08:46 Listing url is not the same: /fr/Detox-Digestion-c87/A-Vogel-b54/Boiron-b61/Clef-des-champs-b26/b.Url vs /fr/Detox-Digestion-c87/A-Vogel-b54/Boiron-b61/Clef-des-champs-b26. Lang:fr
21:08:51 Listing url is not the same: /fr/Inflammation-c98/A-Vogel-b54/Anokian-b58/p.UrlBrand vs /fr/Inflammation-c98/A-Vogel-b54/Anokian-b58. Lang:fr
21:08:55 Listing url is not the same: /fr/Inflammation-c98/Boiron-b61/Meditrina-b68/b.Url vs /fr/Inflammation-c98/Boiron-b61/Meditrina-b68. Lang:fr
21:09:08 Listing url is not the same: /fr/Inflammation-c98/Meditrina-b68/Merveilles-d-Abeilles-b69/cat.Url vs /fr/Inflammation-c98/Meditrina-b68/Merveilles-d-Abeilles-b69. Lang:fr
21:09:10 Listing url is not the same: /fr/Sante-des-femmes-c100/Druide-b63/Nature-Clean-b72/cat.Url vs /fr/Sante-des-femmes-c100/Druide-b63/Nature-Clean-b72. Lang:fr
21:09:14 Listing url is not the same: /fr/Systeme-immunitaire-c93/Boiron-b61/Meditrina-b68/brand.Url vs /fr/Systeme-immunitaire-c93/Boiron-b61/Meditrina-b68. Lang:fr
21:09:21 Listing url is not the same: /fr/Systeme-immunitaire-c93/Clef-des-champs-b26/Natural-Factors-b71/addressLink vs /fr/Systeme-immunitaire-c93/Clef-des-champs-b26/Natural-Factors-b71. Lang:fr
21:14:51 Listing url is not the same: /fr/Allergies-c55/A-Vogel-b54/Le-Tournesol-ANB-b64/Merveilles-d-Abeilles-b69/Natural-Factors-b71/urlBilingual vs /fr/Allergies-c55/A-Vogel-b54/Le-Tournesol-ANB-b64/Merveilles-d-Abeilles-b69/Natural-Factors-b71. Lang:fr
21:14:55 Listing url is not the same: /fr/Allergies-c55/Druide-b63/Meditrina-b68/Natural-Factors-b71/p.UrlBrand vs /fr/Allergies-c55/Druide-b63/Meditrina-b68/Natural-Factors-b71. Lang:fr
21:14:59 Listing url is not the same: /fr/Chandelles-c70/Clef-des-champs-b26/Meditrina-b68/Nature-Clean-b72/addressLink vs /fr/Chandelles-c70/Clef-des-champs-b26/Meditrina-b68/Nature-Clean-b72. Lang:fr
21:15:03 Listing url is not the same: /fr/Chandelles-c70/Le-Tournesol-ANB-b64/Meditrina-b68/Merveilles-d-Abeilles-b69/Natural-Factors-b71/subcat.Url vs /fr/Chandelles-c70/Le-Tournesol-ANB-b64/Meditrina-b68/Merveilles-d-Abeilles-b69/Natural-Factors-b71. Lang:fr
21:15:11 Listing url is not the same: /fr/Detox-Digestion-c87/Clef-des-champs-b26/Druide-b63/Le-Tournesol-ANB-b64/p.Url vs /fr/Detox-Digestion-c87/Clef-des-champs-b26/Druide-b63/Le-Tournesol-ANB-b64. Lang:fr
21:15:12 Listing url is not the same: /fr/Fatigue-c99/A-Vogel-b54/Anokian-b58/Clef-des-champs-b26/subcat.Url vs /fr/Fatigue-c99/A-Vogel-b54/Anokian-b58/Clef-des-champs-b26. Lang:fr
21:15:17 Listing url is not the same: /fr/Fatigue-c99/Clef-des-champs-b26/Druide-b63/Nature-Clean-b72/subcat.Url vs /fr/Fatigue-c99/Clef-des-champs-b26/Druide-b63/Nature-Clean-b72. Lang:fr
21:15:24 Listing url is not the same: /fr/Rhume-grippe-voie-respiratoire-c57/A-Vogel-b54/Meditrina-b68/Merveilles-d-Abeilles-b69/Natural-Factors-b71/p.UrlBrand vs /fr/Rhume-grippe-voie-respiratoire-c57/A-Vogel-b54/Meditrina-b68/Merveilles-d-Abeilles-b69/Natural-Factors-b71. Lang:fr
21:15:30 Listing url is not the same: /fr/Rhume-grippe-voie-respiratoire-c57/Clef-des-champs-b26/Meditrina-b68/Merveilles-d-Abeilles-b69/Natural-Factors-b71/brand.Url vs /fr/Rhume-grippe-voie-respiratoire-c57/Clef-des-champs-b26/Meditrina-b68/Merveilles-d-Abeilles-b69/Natural-Factors-b71. Lang:fr
21:15:35 Listing url is not the same: /fr/Stress-c97/Boiron-b61/Druide-b63/Meditrina-b68/brand.Url vs /fr/Stress-c97/Boiron-b61/Druide-b63/Meditrina-b68. Lang:fr
22:08:16 Listing url is not the same: /fr/Inflammation-c98/A-Vogel-b54/Clef-des-champs-b26/Druide-b63/b.Url vs /fr/Inflammation-c98/A-Vogel-b54/Clef-des-champs-b26/Druide-b63. Lang:fr
22:08:28 Listing url is not the same: /fr/Fatigue-c99/Druide-b63/cat.Url vs /fr/Fatigue-c99/Druide-b63. Lang:fr
22:08:32 Listing url is not the same: /fr/Inflammation-c98/Druide-b63/Meditrina-b68/promotion.Url vs /fr/Inflammation-c98/Druide-b63/Meditrina-b68. Lang:fr
22:08:50 Listing url is not the same: /fr/Sante-des-enfants-c108/Boiron-b61/Clef-des-champs-b26/Druide-b63/subcat.Url vs /fr/Sante-des-enfants-c108/Boiron-b61/Clef-des-champs-b26/Druide-b63. Lang:fr
22:08:51 Listing url is not the same: /fr/Sante-des-femmes-c100/Boiron-b61/Clef-des-champs-b26/Meditrina-b68/brand.Url vs /fr/Sante-des-femmes-c100/Boiron-b61/Clef-des-champs-b26/Meditrina-b68. Lang:fr
22:09:51 Listing url is not the same: /fr/Inflammation-c98/Clef-des-champs-b26/Druide-b63/Le-Tournesol-ANB-b64/subcat.Url vs /fr/Inflammation-c98/Clef-des-champs-b26/Druide-b63/Le-Tournesol-ANB-b64. Lang:fr
22:09:54 Listing url is not the same: /fr/Stress-c97/A-Vogel-b54/Clef-des-champs-b26/Meditrina-b68/subcat.Url vs /fr/Stress-c97/A-Vogel-b54/Clef-des-champs-b26/Meditrina-b68. Lang:fr
22:10:21 Listing url is not the same: /fr/Concentration-memoire-migraine-c56/A-Vogel-b54/Boiron-b61/Clef-des-champs-b26/Druide-b63/addressLink vs /fr/Concentration-memoire-migraine-c56/A-Vogel-b54/Boiron-b61/Clef-des-champs-b26/Druide-b63. Lang:fr
22:10:22 Listing url is not the same: /fr/Concentration-memoire-migraine-c56/A-Vogel-b54/Clef-des-champs-b26/Druide-b63/Le-Tournesol-ANB-b64/p.Url vs /fr/Concentration-memoire-migraine-c56/A-Vogel-b54/Clef-des-champs-b26/Druide-b63/Le-Tournesol-ANB-b64. Lang:fr
22:10:24 Listing url is not the same: /fr/Cosmetique-parfum-et-deodorant-c60/A-Vogel-b54/Druide-b63/Meditrina-b68/Merveilles-d-Abeilles-b69/cat.Url vs /fr/Cosmetique-parfum-et-deodorant-c60/A-Vogel-b54/Druide-b63/Meditrina-b68/Merveilles-d-Abeilles-b69. Lang:fr
22:10:31 Listing url is not the same: /fr/Systeme-immunitaire-c93/Clef-des-champs-b26/Natural-Factors-b71/p.UrlBrand vs /fr/Systeme-immunitaire-c93/Clef-des-champs-b26/Natural-Factors-b71. Lang:fr
22:21:14 Listing url is not the same: /fr/Huiles-magiques-de-wicca-c65/Druide-b63/Le-Tournesol-ANB-b64/Meditrina-b68/Natural-Factors-b71/p.Url vs /fr/Huiles-magiques-de-wicca-c65/Druide-b63/Le-Tournesol-ANB-b64/Meditrina-b68/Natural-Factors-b71. Lang:fr
23:02:10 Listing url is not the same: /fr/Fatigue-c99/Meditrina-b68/brand.Url vs /fr/Fatigue-c99/Meditrina-b68. Lang:fr
23:02:32 Listing url is not the same: /fr/Inflammation-c98/Natural-Factors-b71/urlBilingual vs /fr/Inflammation-c98/Natural-Factors-b71. Lang:fr
23:03:19 Listing url is not the same: /fr/Detox-Digestion-c87/Boiron-b61/Druide-b63/brand.Url vs /fr/Detox-Digestion-c87/Boiron-b61/Druide-b63. Lang:fr
23:03:41 Listing url is not the same: /fr/Detox-Digestion-c87/Boiron-b61/Druide-b63/urlBilingual vs /fr/Detox-Digestion-c87/Boiron-b61/Druide-b63. Lang:fr
23:08:21 Listing url is not the same: /fr/Antioxydants-c62/Boiron-b61/Clef-des-champs-b26/Druide-b63/Meditrina-b68/Merveilles-d-Abeilles-b69/cat.Url vs /fr/Antioxydants-c62/Boiron-b61/Clef-des-champs-b26/Druide-b63/Meditrina-b68/Merveilles-d-Abeilles-b69. Lang:fr
23:08:28 Listing url is not the same: /fr/Chandelles-c70/Boiron-b61/Meditrina-b68/Merveilles-d-Abeilles-b69/Natural-Factors-b71/b.Url vs /fr/Chandelles-c70/Boiron-b61/Meditrina-b68/Merveilles-d-Abeilles-b69/Natural-Factors-b71. Lang:fr
23:08:34 Listing url is not the same: /fr/Huiles-magiques-de-wicca-c65/A-Vogel-b54/Boiron-b61/Clef-des-champs-b26/Druide-b63/Le-Tournesol-ANB-b64/p.Url vs /fr/Huiles-magiques-de-wicca-c65/A-Vogel-b54/Boiron-b61/Clef-des-champs-b26/Druide-b63/Le-Tournesol-ANB-b64. Lang:fr
23:08:40 Listing url is not the same: /fr/Huiles-magiques-de-wicca-c65/A-Vogel-b54/Boiron-b61/Clef-des-champs-b26/Druide-b63/Le-Tournesol-ANB-b64/subcat.Url vs /fr/Huiles-magiques-de-wicca-c65/A-Vogel-b54/Boiron-b61/Clef-des-champs-b26/Druide-b63/Le-Tournesol-ANB-b64. Lang:fr
23:14:12 Listing url is not the same: /fr/Allergies-c55/Druide-b63/Merveilles-d-Abeilles-b69/Nature-Clean-b72/p.UrlBrand vs /fr/Allergies-c55/Druide-b63/Merveilles-d-Abeilles-b69/Nature-Clean-b72. Lang:fr
23:14:16 Listing url is not the same: /fr/Antioxydants-c62/Boiron-b61/Merveilles-d-Abeilles-b69/Nature-Clean-b72/brand.Url vs /fr/Antioxydants-c62/Boiron-b61/Merveilles-d-Abeilles-b69/Nature-Clean-b72. Lang:fr
23:14:19 Listing url is not the same: /fr/Rhume-grippe-voie-respiratoire-c57/A-Vogel-b54/Boiron-b61/Merveilles-d-Abeilles-b69/Natural-Factors-b71/p.UrlBrand vs /fr/Rhume-grippe-voie-respiratoire-c57/A-Vogel-b54/Boiron-b61/Merveilles-d-Abeilles-b69/Natural-Factors-b71. Lang:fr
23:53:31 Listing url is not the same: /fr/Cosmetique-parfum-et-deodorant-c60/Anokian-b58/b.Url vs /fr/Cosmetique-parfum-et-deodorant-c60/Anokian-b58. Lang:fr
23:53:37 Listing url is not the same: /fr/Stress-c97/A-Vogel-b54/Boiron-b61/promotion.Url vs /fr/Stress-c97/A-Vogel-b54/Boiron-b61. Lang:fr
23:54:03 Listing url is not the same: /fr/Fatigue-c99/Boiron-b61/Clef-des-champs-b26/Meditrina-b68/promotion.Url vs /fr/Fatigue-c99/Boiron-b61/Clef-des-champs-b26/Meditrina-b68. Lang:fr
23:55:03 Listing url is not the same: /fr/Inflammation-c98/Natural-Factors-b71/subcat.Url vs /fr/Inflammation-c98/Natural-Factors-b71. Lang:fr
23:56:24 Listing url is not the same: /fr/Chandelles-c70/A-Vogel-b54/Meditrina-b68/Natural-Factors-b71/p.Url vs /fr/Chandelles-c70/A-Vogel-b54/Meditrina-b68/Natural-Factors-b71. Lang:fr
23:56:28 Listing url is not the same: /fr/Inflammation-c98/Boiron-b61/Meditrina-b68/p.UrlBrand vs /fr/Inflammation-c98/Boiron-b61/Meditrina-b68. Lang:fr
23:57:15 Listing url is not the same: /fr/Cosmetique-parfum-et-deodorant-c60/Anokian-b58/Clef-des-champs-b26/urlBilingual vs /fr/Cosmetique-parfum-et-deodorant-c60/Anokian-b58/Clef-des-champs-b26. Lang:fr
23:57:17 Listing url is not the same: /fr/Nettoyage-c73/Anokian-b58/Natural-Factors-b71/urlBilingual vs /fr/Nettoyage-c73/Anokian-b58/Natural-Factors-b71. Lang:fr
23:57:29 Listing url is not the same: /fr/Systeme-immunitaire-c93/A-Vogel-b54/Meditrina-b68/p.Url vs /fr/Systeme-immunitaire-c93/A-Vogel-b54/Meditrina-b68. Lang:fr
