00:23:30 Listing url is not the same: /fr/Allergies-c55/A-Vogel-b54/Clef-des-champs-b26/Natural-Factors-b71/New-roots-b74/subcat.Url vs /fr/Allergies-c55/A-Vogel-b54/Clef-des-champs-b26/Natural-Factors-b71/New-roots-b74. Lang:fr
00:23:35 Listing url is not the same: /fr/Fatigue-c99/A-Vogel-b54/Boiron-b61/Natural-Factors-b71/Nature-Clean-b72/addressLink vs /fr/Fatigue-c99/A-Vogel-b54/Boiron-b61/Natural-Factors-b71/Nature-Clean-b72. Lang:fr
00:23:38 Listing url is not the same: /fr/Stress-c97/A-Vogel-b54/Boiron-b61/Natural-Factors-b71/Nature-Clean-b72/p.UrlBrand vs /fr/Stress-c97/A-Vogel-b54/Boiron-b61/Natural-Factors-b71/Nature-Clean-b72. Lang:fr
00:26:22 Listing url is not the same: /fr/Rhume-grippe-voie-respiratoire-c57/A-Vogel-b54/Le-Tournesol-ANB-b64/New-roots-b74/brand.Url vs /fr/Rhume-grippe-voie-respiratoire-c57/A-Vogel-b54/Le-Tournesol-ANB-b64/New-roots-b74. Lang:fr
01:19:49 Listing url is not the same: /fr/Sante-des-enfants-c108/A-Vogel-b54/Bach-b137/Boiron-b61/Clef-des-champs-b26/brand.Url vs /fr/Sante-des-enfants-c108/A-Vogel-b54/Bach-b137/Boiron-b61/Clef-des-champs-b26. Lang:fr
01:23:06 Listing url is not the same: /fr/Allergies-c55/Clef-des-champs-b26/Meditrina-b68/Natural-Factors-b71/New-roots-b74/cat.Url vs /fr/Allergies-c55/Clef-des-champs-b26/Meditrina-b68/Natural-Factors-b71/New-roots-b74. Lang:fr
01:23:10 Listing url is not the same: /fr/Sante-des-femmes-c100/A-Vogel-b54/Boiron-b61/Natural-Factors-b71/Nature-Clean-b72/brand.Url vs /fr/Sante-des-femmes-c100/A-Vogel-b54/Boiron-b61/Natural-Factors-b71/Nature-Clean-b72. Lang:fr
02:18:06 Listing url is not the same: /fr/Systeme-immunitaire-c93/A-Vogel-b54/Bach-b137/Boiron-b61/Clef-des-champs-b26/cat.Url vs /fr/Systeme-immunitaire-c93/A-Vogel-b54/Bach-b137/Boiron-b61/Clef-des-champs-b26. Lang:fr
02:21:16 Listing url is not the same: /fr/Cosmetique-shampoo-c112/Druide-b63/promotion.Url vs /fr/Cosmetique-shampoo-c112/Druide-b63. Lang:fr
03:09:33 Listing url is not the same: /fr/Sante-des-enfants-c108/Boiron-b61/Flora-b123/b.Url vs /fr/Sante-des-enfants-c108/Boiron-b61/Flora-b123. Lang:fr
03:10:03 Listing url is not the same: /fr/Stress-c97/A-Vogel-b54/Boiron-b61/Clef-des-champs-b26/Nature-Clean-b72/p.UrlBrand vs /fr/Stress-c97/A-Vogel-b54/Boiron-b61/Clef-des-champs-b26/Nature-Clean-b72. Lang:fr
03:16:03 Listing url is not the same: /fr/Antioxydants-c62/Boiron-b61/Clef-des-champs-b26/Flora-b123/cat.Url vs /fr/Antioxydants-c62/Boiron-b61/Clef-des-champs-b26/Flora-b123. Lang:fr
05:10:00 Listing url is not the same: /fr/Fatigue-c99/A-Vogel-b54/Boiron-b61/Natural-Factors-b71/Nature-Clean-b72/subcat.Url vs /fr/Fatigue-c99/A-Vogel-b54/Boiron-b61/Natural-Factors-b71/Nature-Clean-b72. Lang:fr
05:10:03 Listing url is not the same: /fr/Homeopathie-c12/Clef-des-champs-b26/Meditrina-b68/Nature-Clean-b72/New-roots-b74/cat.Url vs /fr/Homeopathie-c12/Clef-des-champs-b26/Meditrina-b68/Nature-Clean-b72/New-roots-b74. Lang:fr
05:10:07 Listing url is not the same: /fr/Inflammation-c98/Clef-des-champs-b26/Meditrina-b68/Nature-Clean-b72/New-roots-b74/brand.Url vs /fr/Inflammation-c98/Clef-des-champs-b26/Meditrina-b68/Nature-Clean-b72/New-roots-b74. Lang:fr
05:10:11 Listing url is not the same: /fr/Sante-des-femmes-c100/Boiron-b61/Druide-b63/Meditrina-b68/Natural-Factors-b71/b.Url vs /fr/Sante-des-femmes-c100/Boiron-b61/Druide-b63/Meditrina-b68/Natural-Factors-b71. Lang:fr
05:59:41 Listing url is not the same: /fr/Detox-Digestion-c87/A-Vogel-b54/Bach-b137/Boiron-b61/Clef-des-champs-b26/subcat.Url vs /fr/Detox-Digestion-c87/A-Vogel-b54/Bach-b137/Boiron-b61/Clef-des-champs-b26. Lang:fr
06:02:50 Listing url is not the same: /fr/Cosmetique-shampoo-c112/Druide-b63/p.Url vs /fr/Cosmetique-shampoo-c112/Druide-b63. Lang:fr
06:02:54 Listing url is not the same: /fr/Sante-des-enfants-c108/Kyolic-b115/p.UrlBrand vs /fr/Sante-des-enfants-c108/Kyolic-b115. Lang:fr
06:05:59 Listing url is not the same: /fr/Coeur-et-sante-generale-c106/Clef-des-champs-b26/Meditrina-b68/Nature-Clean-b72/New-roots-b74/b.Url vs /fr/Coeur-et-sante-generale-c106/Clef-des-champs-b26/Meditrina-b68/Nature-Clean-b72/New-roots-b74. Lang:fr
06:06:03 Listing url is not the same: /fr/Tisane-c24/A-Vogel-b54/Meditrina-b68/p.Url vs /fr/Tisane-c24/A-Vogel-b54/Meditrina-b68. Lang:fr
07:02:32 Listing url is not the same: /fr/Antioxydants-c62/Boiron-b61/Clef-des-champs-b26/Flora-b123/brand.Url vs /fr/Antioxydants-c62/Boiron-b61/Clef-des-champs-b26/Flora-b123. Lang:fr
07:02:34 Listing url is not the same: /fr/Detox-Digestion-c87/A-Vogel-b54/Bach-b137/Boiron-b61/Clef-des-champs-b26/promotion.Url vs /fr/Detox-Digestion-c87/A-Vogel-b54/Bach-b137/Boiron-b61/Clef-des-champs-b26. Lang:fr
07:05:06 Listing url is not the same: /fr/Antioxydants-c62/A-Vogel-b54/Bach-b137/Boiron-b61/Clef-des-champs-b26/promotion.Url vs /fr/Antioxydants-c62/A-Vogel-b54/Bach-b137/Boiron-b61/Clef-des-champs-b26. Lang:fr
07:59:09 Listing url is not the same: /fr/Systeme-immunitaire-c93/A-Vogel-b54/Bach-b137/Boiron-b61/Clef-des-champs-b26/brand.Url vs /fr/Systeme-immunitaire-c93/A-Vogel-b54/Bach-b137/Boiron-b61/Clef-des-champs-b26. Lang:fr
09:49:28 Listing url is not the same: /fr/Antioxydants-c62/A-Vogel-b54/Bach-b137/Boiron-b61/Clef-des-champs-b26/subcat.Url vs /fr/Antioxydants-c62/A-Vogel-b54/Bach-b137/Boiron-b61/Clef-des-champs-b26. Lang:fr
09:49:31 Listing url is not the same: /fr/Cosmetique-shampoo-c112/Druide-b63/b.Url vs /fr/Cosmetique-shampoo-c112/Druide-b63. Lang:fr
09:52:56 Listing url is not the same: /fr/Sante-des-enfants-c108/Boiron-b61/Medelys-b128/urlBilingual vs /fr/Sante-des-enfants-c108/Boiron-b61/Medelys-b128. Lang:fr
10:41:27 Listing url is not the same: /fr/Antioxydants-c62/A-Vogel-b54/Druide-b63/Nature-Clean-b72/New-roots-b74/subcat.Url vs /fr/Antioxydants-c62/A-Vogel-b54/Druide-b63/Nature-Clean-b72/New-roots-b74. Lang:fr
10:42:23 Listing url is not the same: /fr/Inflammation-c98/A-Vogel-b54/Boiron-b61/Natural-Factors-b71/Nature-Clean-b72/promotion.Url vs /fr/Inflammation-c98/A-Vogel-b54/Boiron-b61/Natural-Factors-b71/Nature-Clean-b72. Lang:fr
10:42:50 Listing url is not the same: /fr/Sante-des-femmes-c100/Boiron-b61/Druide-b63/Natural-Factors-b71/New-roots-b74/brand.Url vs /fr/Sante-des-femmes-c100/Boiron-b61/Druide-b63/Natural-Factors-b71/New-roots-b74. Lang:fr
10:43:15 Listing url is not the same: /fr/Sommeil-c88/A-Vogel-b54/Clef-des-champs-b26/Natural-Factors-b71/New-roots-b74/subcat.Url vs /fr/Sommeil-c88/A-Vogel-b54/Clef-des-champs-b26/Natural-Factors-b71/New-roots-b74. Lang:fr
10:45:44 Listing url is not the same: /fr/Concentration-memoire-migraine-c56/Bach-b137/Clef-des-champs-b26/Le-Tournesol-ANB-b64/subcat.Url vs /fr/Concentration-memoire-migraine-c56/Bach-b137/Clef-des-champs-b26/Le-Tournesol-ANB-b64. Lang:fr
10:46:08 Listing url is not the same: /fr/Concentration-memoire-migraine-c56/Clef-des-champs-b26/Natural-Factors-b71/Nature-Clean-b72/New-roots-b74/addressLink vs /fr/Concentration-memoire-migraine-c56/Clef-des-champs-b26/Natural-Factors-b71/Nature-Clean-b72/New-roots-b74. Lang:fr
10:46:30 Listing url is not the same: /fr/Detox-Digestion-c87/Merveilles-d-Abeilles-b69/Natural-Factors-b71/New-roots-b74/b.Url vs /fr/Detox-Digestion-c87/Merveilles-d-Abeilles-b69/Natural-Factors-b71/New-roots-b74. Lang:fr
10:46:51 Listing url is not the same: /fr/Rhume-grippe-voie-respiratoire-c57/A-Vogel-b54/Clef-des-champs-b26/Leo-Desilet-b66/addressLink vs /fr/Rhume-grippe-voie-respiratoire-c57/A-Vogel-b54/Clef-des-champs-b26/Leo-Desilet-b66. Lang:fr
10:47:12 Listing url is not the same: /fr/Sante-des-enfants-c108/Boiron-b61/Kyolic-b115/promotion.Url vs /fr/Sante-des-enfants-c108/Boiron-b61/Kyolic-b115. Lang:fr
10:47:31 Listing url is not the same: /fr/Systeme-immunitaire-c93/Bach-b137/Druide-b63/urlBilingual vs /fr/Systeme-immunitaire-c93/Bach-b137/Druide-b63. Lang:fr
11:36:37 Listing url is not the same: /fr/Antioxydants-c62/Medelys-b128/Natural-Factors-b71/urlBilingual vs /fr/Antioxydants-c62/Medelys-b128/Natural-Factors-b71. Lang:fr
11:36:42 Listing url is not the same: /fr/Coeur-et-sante-generale-c106/Boiron-b61/Le-Tournesol-ANB-b64/New-roots-b74/urlBilingual vs /fr/Coeur-et-sante-generale-c106/Boiron-b61/Le-Tournesol-ANB-b64/New-roots-b74. Lang:fr
11:36:49 Listing url is not the same: /fr/Homeopathie-c12/A-Vogel-b54/Clef-des-champs-b26/Meditrina-b68/Nature-Clean-b72/urlBilingual vs /fr/Homeopathie-c12/A-Vogel-b54/Clef-des-champs-b26/Meditrina-b68/Nature-Clean-b72. Lang:fr
11:36:56 Listing url is not the same: /fr/Homeopathie-c12/A-Vogel-b54/Clef-des-champs-b26/Natural-Factors-b71/New-roots-b74/cat.Url vs /fr/Homeopathie-c12/A-Vogel-b54/Clef-des-champs-b26/Natural-Factors-b71/New-roots-b74. Lang:fr
11:40:50 Listing url is not the same: /fr/Rhume-grippe-voie-respiratoire-c57/A-Vogel-b54/Clef-des-champs-b26/Leo-Desilet-b66/b.Url vs /fr/Rhume-grippe-voie-respiratoire-c57/A-Vogel-b54/Clef-des-champs-b26/Leo-Desilet-b66. Lang:fr
12:35:25 Listing url is not the same: /fr/Antioxydants-c62/Bach-b137/Druide-b63/brand.Url vs /fr/Antioxydants-c62/Bach-b137/Druide-b63. Lang:fr
12:35:32 Listing url is not the same: /fr/Concentration-memoire-migraine-c56/A-Vogel-b54/Clef-des-champs-b26/Flora-b123/b.Url vs /fr/Concentration-memoire-migraine-c56/A-Vogel-b54/Clef-des-champs-b26/Flora-b123. Lang:fr
12:35:39 Listing url is not the same: /fr/Huiles-magiques-de-wicca-c65/A-Vogel-b54/Le-Tournesol-ANB-b64/New-roots-b74/addressLink vs /fr/Huiles-magiques-de-wicca-c65/A-Vogel-b54/Le-Tournesol-ANB-b64/New-roots-b74. Lang:fr
12:35:44 Listing url is not the same: /fr/Inflammation-c98/Anokian-b58/Natural-Factors-b71/New-roots-b74/brand.Url vs /fr/Inflammation-c98/Anokian-b58/Natural-Factors-b71/New-roots-b74. Lang:fr
12:35:54 Listing url is not the same: /fr/Sante-des-enfants-c108/Bach-b137/Natural-Factors-b71/p.Url vs /fr/Sante-des-enfants-c108/Bach-b137/Natural-Factors-b71. Lang:fr
12:36:00 Listing url is not the same: /fr/Stress-c97/Leo-Desilet-b66/Natural-Factors-b71/addressLink vs /fr/Stress-c97/Leo-Desilet-b66/Natural-Factors-b71. Lang:fr
13:24:17 Listing url is not the same: /fr/Fatigue-c99/A-Vogel-b54/Boiron-b61/Natural-Factors-b71/Nature-Clean-b72/p.Url vs /fr/Fatigue-c99/A-Vogel-b54/Boiron-b61/Natural-Factors-b71/Nature-Clean-b72. Lang:fr
13:27:58 Listing url is not the same: /fr/Antioxydants-c62/Clef-des-champs-b26/Kyolic-b115/b.Url vs /fr/Antioxydants-c62/Clef-des-champs-b26/Kyolic-b115. Lang:fr
13:28:03 Listing url is not the same: /fr/Inflammation-c98/Anokian-b58/Natural-Factors-b71/New-roots-b74/cat.Url vs /fr/Inflammation-c98/Anokian-b58/Natural-Factors-b71/New-roots-b74. Lang:fr
13:28:08 Listing url is not the same: /fr/Rhume-grippe-voie-respiratoire-c57/A-Vogel-b54/Bach-b137/Druide-b63/addressLink vs /fr/Rhume-grippe-voie-respiratoire-c57/A-Vogel-b54/Bach-b137/Druide-b63. Lang:fr
13:28:09 Listing url is not the same: /fr/Sante-des-femmes-c100/Boiron-b61/Le-Tournesol-ANB-b64/Meditrina-b68/Natural-Factors-b71/urlBilingual vs /fr/Sante-des-femmes-c100/Boiron-b61/Le-Tournesol-ANB-b64/Meditrina-b68/Natural-Factors-b71. Lang:fr
13:28:11 Listing url is not the same: /fr/Stress-c97/Boiron-b61/Kyolic-b115/brand.Url vs /fr/Stress-c97/Boiron-b61/Kyolic-b115. Lang:fr
13:28:12 Listing url is not the same: /fr/Systeme-immunitaire-c93/A-Vogel-b54/Boiron-b61/Natural-Factors-b71/New-roots-b74/promotion.Url vs /fr/Systeme-immunitaire-c93/A-Vogel-b54/Boiron-b61/Natural-Factors-b71/New-roots-b74. Lang:fr
14:18:12 Listing url is not the same: /fr/Sante-des-enfants-c108/A-Vogel-b54/Boiron-b61/Natural-Factors-b71/New-roots-b74/p.Url vs /fr/Sante-des-enfants-c108/A-Vogel-b54/Boiron-b61/Natural-Factors-b71/New-roots-b74. Lang:fr
14:20:49 Listing url is not the same: /fr/A-Vogel-b54/brand.Url vs /fr/A-Vogel-b54. Lang:fr
14:20:53 Listing url is not the same: /fr/Sommeil-c88/A-Vogel-b54/Boiron-b61/Natural-Factors-b71/Nature-Clean-b72/p.UrlBrand vs /fr/Sommeil-c88/A-Vogel-b54/Boiron-b61/Natural-Factors-b71/Nature-Clean-b72. Lang:fr
14:20:57 Listing url is not the same: /fr/Systeme-immunitaire-c93/Healthology-b116/addressLink vs /fr/Systeme-immunitaire-c93/Healthology-b116. Lang:fr
14:24:37 Listing url is not the same: /fr/Allergies-c55/A-Vogel-b54/Clef-des-champs-b26/Natural-Factors-b71/New-roots-b74/urlBilingual vs /fr/Allergies-c55/A-Vogel-b54/Clef-des-champs-b26/Natural-Factors-b71/New-roots-b74. Lang:fr
14:24:39 Listing url is not the same: /fr/Allergies-c55/Medelys-b128/Natural-Factors-b71/brand.Url vs /fr/Allergies-c55/Medelys-b128/Natural-Factors-b71. Lang:fr
14:24:45 Listing url is not the same: /fr/Concentration-memoire-migraine-c56/A-Vogel-b54/Bach-b137/Boiron-b61/Clef-des-champs-b26/brand.Url vs /fr/Concentration-memoire-migraine-c56/A-Vogel-b54/Bach-b137/Boiron-b61/Clef-des-champs-b26. Lang:fr
14:24:47 Listing url is not the same: /fr/Concentration-memoire-migraine-c56/A-Vogel-b54/Clef-des-champs-b26/Flora-b123/addressLink vs /fr/Concentration-memoire-migraine-c56/A-Vogel-b54/Clef-des-champs-b26/Flora-b123. Lang:fr
14:24:48 Listing url is not the same: /fr/Concentration-memoire-migraine-c56/Boiron-b61/Clef-des-champs-b26/Leo-Desilet-b66/brand.Url vs /fr/Concentration-memoire-migraine-c56/Boiron-b61/Clef-des-champs-b26/Leo-Desilet-b66. Lang:fr
14:24:49 Listing url is not the same: /fr/Detox-Digestion-c87/Merveilles-d-Abeilles-b69/Natural-Factors-b71/New-roots-b74/addressLink vs /fr/Detox-Digestion-c87/Merveilles-d-Abeilles-b69/Natural-Factors-b71/New-roots-b74. Lang:fr
14:24:52 Listing url is not the same: /fr/Inflammation-c98/Boiron-b61/Clef-des-champs-b26/Leo-Desilet-b66/promotion.Url vs /fr/Inflammation-c98/Boiron-b61/Clef-des-champs-b26/Leo-Desilet-b66. Lang:fr
14:24:57 Listing url is not the same: /fr/Sante-des-enfants-c108/Boiron-b61/Le-Tournesol-ANB-b64/Natural-Factors-b71/New-roots-b74/urlBilingual vs /fr/Sante-des-enfants-c108/Boiron-b61/Le-Tournesol-ANB-b64/Natural-Factors-b71/New-roots-b74. Lang:fr
14:25:00 Listing url is not the same: /fr/Stress-c97/Anokian-b58/Natural-Factors-b71/New-roots-b74/p.UrlBrand vs /fr/Stress-c97/Anokian-b58/Natural-Factors-b71/New-roots-b74. Lang:fr
14:25:02 Listing url is not the same: /fr/Stress-c97/Clef-des-champs-b26/Salus-b126/p.Url vs /fr/Stress-c97/Clef-des-champs-b26/Salus-b126. Lang:fr
15:14:55 Listing url is not the same: /fr/Antioxydants-c62/Healthology-b116/cat.Url vs /fr/Antioxydants-c62/Healthology-b116. Lang:fr
15:14:59 Listing url is not the same: /fr/Coeur-et-sante-generale-c106/Healthology-b116/Kyolic-b115/promotion.Url vs /fr/Coeur-et-sante-generale-c106/Healthology-b116/Kyolic-b115. Lang:fr
15:15:02 Listing url is not the same: /fr/Sante-des-enfants-c108/Kyolic-b115/promotion.Url vs /fr/Sante-des-enfants-c108/Kyolic-b115. Lang:fr
15:15:04 Listing url is not the same: /fr/Sommeil-c88/A-Vogel-b54/Druide-b63/Flora-b123/urlBilingual vs /fr/Sommeil-c88/A-Vogel-b54/Druide-b63/Flora-b123. Lang:fr
15:15:08 Listing url is not the same: /fr/Stress-c97/A-Vogel-b54/Clef-des-champs-b26/Natural-Factors-b71/New-roots-b74/b.Url vs /fr/Stress-c97/A-Vogel-b54/Clef-des-champs-b26/Natural-Factors-b71/New-roots-b74. Lang:fr
15:18:33 Listing url is not the same: /fr/Antioxydants-c62/A-Vogel-b54/Healthology-b116/addressLink vs /fr/Antioxydants-c62/A-Vogel-b54/Healthology-b116. Lang:fr
15:18:35 Listing url is not the same: /fr/Coeur-et-sante-generale-c106/Anokian-b58/Natural-Factors-b71/New-roots-b74/urlBilingual vs /fr/Coeur-et-sante-generale-c106/Anokian-b58/Natural-Factors-b71/New-roots-b74. Lang:fr
15:18:37 Listing url is not the same: /fr/Concentration-memoire-migraine-c56/Clef-des-champs-b26/Meditrina-b68/Nature-Clean-b72/New-roots-b74/b.Url vs /fr/Concentration-memoire-migraine-c56/Clef-des-champs-b26/Meditrina-b68/Nature-Clean-b72/New-roots-b74. Lang:fr
15:18:38 Listing url is not the same: /fr/Cosmetique-parfum-et-deodorant-c60/A-Vogel-b54/Druide-b63/Flora-b123/brand.Url vs /fr/Cosmetique-parfum-et-deodorant-c60/A-Vogel-b54/Druide-b63/Flora-b123. Lang:fr
15:18:39 Listing url is not the same: /fr/Cosmetique-parfum-et-deodorant-c60/Anokian-b58/Natural-Factors-b71/New-roots-b74/p.Url vs /fr/Cosmetique-parfum-et-deodorant-c60/Anokian-b58/Natural-Factors-b71/New-roots-b74. Lang:fr
15:18:40 Listing url is not the same: /fr/Detox-Digestion-c87/A-Vogel-b54/Bach-b137/Druide-b63/addressLink vs /fr/Detox-Digestion-c87/A-Vogel-b54/Bach-b137/Druide-b63. Lang:fr
15:18:41 Listing url is not the same: /fr/Detox-Digestion-c87/Boiron-b61/Clef-des-champs-b26/Leo-Desilet-b66/b.Url vs /fr/Detox-Digestion-c87/Boiron-b61/Clef-des-champs-b26/Leo-Desilet-b66. Lang:fr
15:18:45 Listing url is not the same: /fr/Fatigue-c99/A-Vogel-b54/Clef-des-champs-b26/Leo-Desilet-b66/addressLink vs /fr/Fatigue-c99/A-Vogel-b54/Clef-des-champs-b26/Leo-Desilet-b66. Lang:fr
15:18:52 Listing url is not the same: /fr/Fatigue-c99/Clef-des-champs-b26/Kyolic-b115/b.Url vs /fr/Fatigue-c99/Clef-des-champs-b26/Kyolic-b115. Lang:fr
15:18:59 Listing url is not the same: /fr/Fatigue-c99/New-roots-b74/Salus-b126/urlBilingual vs /fr/Fatigue-c99/New-roots-b74/Salus-b126. Lang:fr
15:19:04 Listing url is not the same: /fr/Homeopathie-c12/A-Vogel-b54/Clef-des-champs-b26/Leo-Desilet-b66/subcat.Url vs /fr/Homeopathie-c12/A-Vogel-b54/Clef-des-champs-b26/Leo-Desilet-b66. Lang:fr
15:19:08 Listing url is not the same: /fr/Homeopathie-c12/Boiron-b61/Clef-des-champs-b26/Leo-Desilet-b66/subcat.Url vs /fr/Homeopathie-c12/Boiron-b61/Clef-des-champs-b26/Leo-Desilet-b66. Lang:fr
15:19:12 Listing url is not the same: /fr/Inflammation-c98/A-Vogel-b54/Bach-b137/Druide-b63/addressLink vs /fr/Inflammation-c98/A-Vogel-b54/Bach-b137/Druide-b63. Lang:fr
15:19:19 Listing url is not the same: /fr/Rhume-grippe-voie-respiratoire-c57/Clef-des-champs-b26/Meditrina-b68/Nature-Clean-b72/New-roots-b74/b.Url vs /fr/Rhume-grippe-voie-respiratoire-c57/Clef-des-champs-b26/Meditrina-b68/Nature-Clean-b72/New-roots-b74. Lang:fr
15:19:21 Listing url is not the same: /fr/Sante-des-enfants-c108/Boiron-b61/Kyolic-b115/brand.Url vs /fr/Sante-des-enfants-c108/Boiron-b61/Kyolic-b115. Lang:fr
15:19:25 Listing url is not the same: /fr/Stress-c97/Anokian-b58/New-roots-b74/b.Url vs /fr/Stress-c97/Anokian-b58/New-roots-b74. Lang:fr
15:19:30 Listing url is not the same: /fr/Stress-c97/Anokian-b58/New-roots-b74/cat.Url vs /fr/Stress-c97/Anokian-b58/New-roots-b74. Lang:fr
15:23:00 Listing url is not the same: /fr/Fatigue-c99/A-Vogel-b54/Clef-des-champs-b26/Merveilles-d-Abeilles-b69/New-roots-b74/cat.Url vs /fr/Fatigue-c99/A-Vogel-b54/Clef-des-champs-b26/Merveilles-d-Abeilles-b69/New-roots-b74. Lang:fr
15:23:06 Listing url is not the same: /fr/Sommeil-c88/Organic-traditions-b127/urlBilingual vs /fr/Sommeil-c88/Organic-traditions-b127. Lang:fr
16:14:31 Listing url is not the same: /fr/Sante-des-femmes-c100/A-Vogel-b54/Boiron-b61/Druide-b63/Natural-Factors-b71/urlBilingual vs /fr/Sante-des-femmes-c100/A-Vogel-b54/Boiron-b61/Druide-b63/Natural-Factors-b71. Lang:fr
16:16:26 Listing url is not the same: /fr/Antioxydants-c62/Kyolic-b115/urlBilingual vs /fr/Antioxydants-c62/Kyolic-b115. Lang:fr
16:16:33 Listing url is not the same: /fr/Concentration-memoire-migraine-c56/Leo-Desilet-b66/brand.Url vs /fr/Concentration-memoire-migraine-c56/Leo-Desilet-b66. Lang:fr
16:16:36 Listing url is not the same: /fr/Inflammation-c98/Clef-des-champs-b26/Numi-tea-b124/promotion.Url vs /fr/Inflammation-c98/Clef-des-champs-b26/Numi-tea-b124. Lang:fr
17:07:05 Listing url is not the same: /fr/Concentration-memoire-migraine-c56/b.Url vs /fr/Concentration-memoire-migraine-c56. Lang:fr
17:13:25 Listing url is not the same: /fr/Antioxydants-c62/Flora-b123/Le-Tournesol-ANB-b64/brand.Url vs /fr/Antioxydants-c62/Flora-b123/Le-Tournesol-ANB-b64. Lang:fr
17:13:30 Listing url is not the same: /fr/Coeur-et-sante-generale-c106/Boiron-b61/Merveilles-d-Abeilles-b69/Natural-Factors-b71/urlBilingual vs /fr/Coeur-et-sante-generale-c106/Boiron-b61/Merveilles-d-Abeilles-b69/Natural-Factors-b71. Lang:fr
17:13:39 Listing url is not the same: /fr/Detox-Digestion-c87/A-Vogel-b54/Natural-Factors-b71/Nature-Clean-b72/New-roots-b74/subcat.Url vs /fr/Detox-Digestion-c87/A-Vogel-b54/Natural-Factors-b71/Nature-Clean-b72/New-roots-b74. Lang:fr
17:13:43 Listing url is not the same: /fr/Detox-Digestion-c87/Clef-des-champs-b26/Salus-b126/b.Url vs /fr/Detox-Digestion-c87/Clef-des-champs-b26/Salus-b126. Lang:fr
17:13:46 Listing url is not the same: /fr/Fatigue-c99/Leo-Desilet-b66/Natural-Factors-b71/cat.Url vs /fr/Fatigue-c99/Leo-Desilet-b66/Natural-Factors-b71. Lang:fr
17:13:49 Listing url is not the same: /fr/Fatigue-c99/Natural-Factors-b71/Salus-b126/p.UrlBrand vs /fr/Fatigue-c99/Natural-Factors-b71/Salus-b126. Lang:fr
17:13:51 Listing url is not the same: /fr/Rhume-grippe-voie-respiratoire-c57/A-Vogel-b54/Le-Tournesol-ANB-b64/New-roots-b74/cat.Url vs /fr/Rhume-grippe-voie-respiratoire-c57/A-Vogel-b54/Le-Tournesol-ANB-b64/New-roots-b74. Lang:fr
17:13:59 Listing url is not the same: /fr/Stress-c97/A-Vogel-b54/Clef-des-champs-b26/Leo-Desilet-b66/b.Url vs /fr/Stress-c97/A-Vogel-b54/Clef-des-champs-b26/Leo-Desilet-b66. Lang:fr
17:14:01 Listing url is not the same: /fr/Stress-c97/Leo-Desilet-b66/Natural-Factors-b71/subcat.Url vs /fr/Stress-c97/Leo-Desilet-b66/Natural-Factors-b71. Lang:fr
17:14:03 Listing url is not the same: /fr/Systeme-immunitaire-c93/Clef-des-champs-b26/Druide-b63/Nature-Clean-b72/New-roots-b74/promotion.Url vs /fr/Systeme-immunitaire-c93/Clef-des-champs-b26/Druide-b63/Nature-Clean-b72/New-roots-b74. Lang:fr
17:16:40 Listing url is not the same: /fr/Detox-Digestion-c87/A-Vogel-b54/Meditrina-b68/Natural-Factors-b71/New-roots-b74/subcat.Url vs /fr/Detox-Digestion-c87/A-Vogel-b54/Meditrina-b68/Natural-Factors-b71/New-roots-b74. Lang:fr
18:09:34 Listing url is not the same: /fr/Allergies-c55/A-Vogel-b54/Clef-des-champs-b26/Leo-Desilet-b66/promotion.Url vs /fr/Allergies-c55/A-Vogel-b54/Clef-des-champs-b26/Leo-Desilet-b66. Lang:fr
18:10:04 Listing url is not the same: /fr/Inflammation-c98/A-Vogel-b54/Le-Tournesol-ANB-b64/New-roots-b74/cat.Url vs /fr/Inflammation-c98/A-Vogel-b54/Le-Tournesol-ANB-b64/New-roots-b74. Lang:fr
18:10:10 Listing url is not the same: /fr/Inflammation-c98/Anokian-b58/Natural-Factors-b71/New-roots-b74/p.UrlBrand vs /fr/Inflammation-c98/Anokian-b58/Natural-Factors-b71/New-roots-b74. Lang:fr
18:10:18 Listing url is not the same: /fr/Systeme-immunitaire-c93/A-Vogel-b54/Clef-des-champs-b26/Nature-Clean-b72/New-roots-b74/promotion.Url vs /fr/Systeme-immunitaire-c93/A-Vogel-b54/Clef-des-champs-b26/Nature-Clean-b72/New-roots-b74. Lang:fr
19:04:11 Listing url is not the same: /fr/Antioxydants-c62/Bach-b137/Druide-b63/p.Url vs /fr/Antioxydants-c62/Bach-b137/Druide-b63. Lang:fr
19:04:14 Listing url is not the same: /fr/Cosmetique-parfum-et-deodorant-c60/A-Vogel-b54/Druide-b63/Flora-b123/urlBilingual vs /fr/Cosmetique-parfum-et-deodorant-c60/A-Vogel-b54/Druide-b63/Flora-b123. Lang:fr
19:04:17 Listing url is not the same: /fr/Cosmetique-parfum-et-deodorant-c60/Boiron-b61/Druide-b63/Natural-Factors-b71/New-roots-b74/p.Url vs /fr/Cosmetique-parfum-et-deodorant-c60/Boiron-b61/Druide-b63/Natural-Factors-b71/New-roots-b74. Lang:fr
19:04:19 Listing url is not the same: /fr/Fatigue-c99/A-Vogel-b54/Clef-des-champs-b26/Druide-b63/Meditrina-b68/New-roots-b74/brand.Url vs /fr/Fatigue-c99/A-Vogel-b54/Clef-des-champs-b26/Druide-b63/Meditrina-b68/New-roots-b74. Lang:fr
19:04:21 Listing url is not the same: /fr/Inflammation-c98/A-Vogel-b54/Boiron-b61/Clef-des-champs-b26/Meditrina-b68/Nature-Clean-b72/p.UrlBrand vs /fr/Inflammation-c98/A-Vogel-b54/Boiron-b61/Clef-des-champs-b26/Meditrina-b68/Nature-Clean-b72. Lang:fr
19:58:22 Listing url is not the same: /fr/Coeur-et-sante-generale-c106/Healthology-b116/Kyolic-b115/p.Url vs /fr/Coeur-et-sante-generale-c106/Healthology-b116/Kyolic-b115. Lang:fr
20:00:48 Listing url is not the same: /fr/Allergies-c55/A-Vogel-b54/Clef-des-champs-b26/Flora-b123/brand.Url vs /fr/Allergies-c55/A-Vogel-b54/Clef-des-champs-b26/Flora-b123. Lang:fr
20:00:51 Listing url is not the same: /fr/Concentration-memoire-migraine-c56/Clef-des-champs-b26/Meditrina-b68/Natural-Factors-b71/New-roots-b74/brand.Url vs /fr/Concentration-memoire-migraine-c56/Clef-des-champs-b26/Meditrina-b68/Natural-Factors-b71/New-roots-b74. Lang:fr
20:00:56 Listing url is not the same: /fr/Cosmetique-parfum-et-deodorant-c60/A-Vogel-b54/Bach-b137/Druide-b63/b.Url vs /fr/Cosmetique-parfum-et-deodorant-c60/A-Vogel-b54/Bach-b137/Druide-b63. Lang:fr
20:00:58 Listing url is not the same: /fr/Fatigue-c99/New-roots-b74/Salus-b126/p.UrlBrand vs /fr/Fatigue-c99/New-roots-b74/Salus-b126. Lang:fr
20:49:30 Listing url is not the same: /fr/Antioxydants-c62/subcat.Url vs /fr/Antioxydants-c62. Lang:fr
20:55:21 Listing url is not the same: /fr/Antioxydants-c62/A-Vogel-b54/Druide-b63/Nature-Clean-b72/New-roots-b74/cat.Url vs /fr/Antioxydants-c62/A-Vogel-b54/Druide-b63/Nature-Clean-b72/New-roots-b74. Lang:fr
20:55:28 Listing url is not the same: /fr/Detox-Digestion-c87/A-Vogel-b54/Boiron-b61/Clef-des-champs-b26/Meditrina-b68/Nature-Clean-b72/p.UrlBrand vs /fr/Detox-Digestion-c87/A-Vogel-b54/Boiron-b61/Clef-des-champs-b26/Meditrina-b68/Nature-Clean-b72. Lang:fr
21:51:53 Listing url is not the same: /fr/Inflammation-c98/A-Vogel-b54/Bach-b137/Boiron-b61/Clef-des-champs-b26/brand.Url vs /fr/Inflammation-c98/A-Vogel-b54/Bach-b137/Boiron-b61/Clef-des-champs-b26. Lang:fr
21:51:56 Listing url is not the same: /fr/Sommeil-c88/A-Vogel-b54/Clef-des-champs-b26/Natural-Factors-b71/New-roots-b74/p.Url vs /fr/Sommeil-c88/A-Vogel-b54/Clef-des-champs-b26/Natural-Factors-b71/New-roots-b74. Lang:fr
22:48:34 Listing url is not the same: /fr/Concentration-memoire-migraine-c56/subcat.Url vs /fr/Concentration-memoire-migraine-c56. Lang:fr
