00:59:24 Listing url is not the same: /fr/Rhume-grippe-voie-respiratoire-c57/addressLink vs /fr/Rhume-grippe-voie-respiratoire-c57. Lang:fr
03:06:39 Listing url is not the same: /fr/Rhume-grippe-voie-respiratoire-c57/A-Vogel-b54/p.Url vs /fr/Rhume-grippe-voie-respiratoire-c57/A-Vogel-b54. Lang:fr
05:07:24 Listing url is not the same: /fr/Rhume-grippe-voie-respiratoire-c57/subcat.Url vs /fr/Rhume-grippe-voie-respiratoire-c57. Lang:fr
07:04:51 Listing url is not the same: /fr/Rhume-grippe-voie-respiratoire-c57/A-Vogel-b54/urlBilingual vs /fr/Rhume-grippe-voie-respiratoire-c57/A-Vogel-b54. Lang:fr
09:58:06 Listing url is not the same: /fr/Allergies-c55/A-Vogel-b54/b.Url vs /fr/Allergies-c55/A-Vogel-b54. Lang:fr
10:49:29 Listing url is not the same: /fr/Allergies-c55/A-Vogel-b54/cat.Url vs /fr/Allergies-c55/A-Vogel-b54. Lang:fr
11:50:30 Listing url is not the same: /fr/Rhume-grippe-voie-respiratoire-c57/urlBilingual vs /fr/Rhume-grippe-voie-respiratoire-c57. Lang:fr
14:11:20 Listing url is not the same: /fr/Antioxydants-c62/p.UrlBrand vs /fr/Antioxydants-c62. Lang:fr
15:15:40 Listing url is not the same: /fr/Allergies-c55/cat.Url vs /fr/Allergies-c55. Lang:fr
16:51:03 Listing url is not the same: /fr/Cosmetique-parfum-et-deodorant-c60/Druide-b63/addressLink vs /fr/Cosmetique-parfum-et-deodorant-c60/Druide-b63. Lang:fr
20:35:25 Listing url is not the same: /fr/Inflammation-c98/A-Vogel-b54/Clef-des-champs-b26/Le-Tournesol-ANB-b64/Nature-Clean-b72/brand.Url vs /fr/Inflammation-c98/A-Vogel-b54/Clef-des-champs-b26/Le-Tournesol-ANB-b64/Nature-Clean-b72. Lang:fr
20:35:29 Listing url is not the same: /fr/Sante-des-enfants-c108/A-Vogel-b54/Clef-des-champs-b26/Le-Tournesol-ANB-b64/Nature-Clean-b72/b.Url vs /fr/Sante-des-enfants-c108/A-Vogel-b54/Clef-des-champs-b26/Le-Tournesol-ANB-b64/Nature-Clean-b72. Lang:fr
20:35:32 Listing url is not the same: /fr/Tisane-c24/Bach-b137/b.Url vs /fr/Tisane-c24/Bach-b137. Lang:fr
20:38:03 Listing url is not the same: /fr/Rhume-grippe-voie-respiratoire-c57/A-Vogel-b54/Druide-b63/Meditrina-b68/New-roots-b74/promotion.Url vs /fr/Rhume-grippe-voie-respiratoire-c57/A-Vogel-b54/Druide-b63/Meditrina-b68/New-roots-b74. Lang:fr
20:38:04 Listing url is not the same: /fr/soin-du-corps-c86/Boiron-b61/Clef-des-champs-b26/Merveilles-d-Abeilles-b69/New-roots-b74/urlBilingual vs /fr/Soin-du-corps-c86/Boiron-b61/Clef-des-champs-b26/Merveilles-d-Abeilles-b69/New-roots-b74. Lang:fr
21:40:59 Listing url is not the same: /fr/Fatigue-c99/Healthology-b116/cat.Url vs /fr/Fatigue-c99/Healthology-b116. Lang:fr
22:31:08 Listing url is not the same: /fr/Antioxydants-c62/Healthology-b116/p.Url vs /fr/Antioxydants-c62/Healthology-b116. Lang:fr
22:31:10 Listing url is not the same: /fr/Fatigue-c99/A-Vogel-b54/Boiron-b61/Natural-Factors-b71/Nature-Clean-b72/p.UrlBrand vs /fr/Fatigue-c99/A-Vogel-b54/Boiron-b61/Natural-Factors-b71/Nature-Clean-b72. Lang:fr
22:31:12 Listing url is not the same: /fr/Fatigue-c99/A-Vogel-b54/Boiron-b61/Natural-Factors-b71/New-roots-b74/subcat.Url vs /fr/Fatigue-c99/A-Vogel-b54/Boiron-b61/Natural-Factors-b71/New-roots-b74. Lang:fr
23:28:26 Listing url is not the same: /fr/Inflammation-c98/A-Vogel-b54/Boiron-b61/Natural-Factors-b71/Nature-Clean-b72/p.Url vs /fr/Inflammation-c98/A-Vogel-b54/Boiron-b61/Natural-Factors-b71/Nature-Clean-b72. Lang:fr
