00:33:49 Listing url is not the same: /fr/Antioxydants-c62/Medelys-b128/Natural-Factors-b71/p.UrlBrand vs /fr/Antioxydants-c62/Medelys-b128/Natural-Factors-b71. Lang:fr
00:33:52 Listing url is not the same: /fr/Coeur-et-sante-generale-c106/Druide-b63/Meditrina-b68/New-roots-b74/cat.Url vs /fr/Coeur-et-sante-generale-c106/Druide-b63/Meditrina-b68/New-roots-b74. Lang:fr
00:33:56 Listing url is not the same: /fr/Detox-Digestion-c87/A-Vogel-b54/Clef-des-champs-b26/Merveilles-d-Abeilles-b69/New-roots-b74/subcat.Url vs /fr/Detox-Digestion-c87/A-Vogel-b54/Clef-des-champs-b26/Merveilles-d-Abeilles-b69/New-roots-b74. Lang:fr
00:34:00 Listing url is not the same: /fr/Sommeil-c88/A-Vogel-b54/Boiron-b61/Nature-Clean-b72/subcat.Url vs /fr/Sommeil-c88/A-Vogel-b54/Boiron-b61/Nature-Clean-b72. Lang:fr
01:24:35 Listing url is not the same: /fr/Coeur-et-sante-generale-c106/A-Vogel-b54/Merveilles-d-Abeilles-b69/Natural-Factors-b71/subcat.Url vs /fr/Coeur-et-sante-generale-c106/A-Vogel-b54/Merveilles-d-Abeilles-b69/Natural-Factors-b71. Lang:fr
01:24:39 Listing url is not the same: /fr/Rhume-grippe-voie-respiratoire-c57/A-Vogel-b54/Bach-b137/Boiron-b61/addressLink vs /fr/Rhume-grippe-voie-respiratoire-c57/A-Vogel-b54/Bach-b137/Boiron-b61. Lang:fr
01:25:56 Listing url is not the same: /fr/Detox-Digestion-c87/A-Vogel-b54/Clef-des-champs-b26/Merveilles-d-Abeilles-b69/New-roots-b74/p.Url vs /fr/Detox-Digestion-c87/A-Vogel-b54/Clef-des-champs-b26/Merveilles-d-Abeilles-b69/New-roots-b74. Lang:fr
02:09:17 Listing url is not the same: /fr/Sante-des-femmes-c100/Druide-b63/Natural-Factors-b71/New-roots-b74/urlBilingual vs /fr/Sante-des-femmes-c100/Druide-b63/Natural-Factors-b71/New-roots-b74. Lang:fr
02:12:07 Listing url is not the same: /fr/Sante-des-femmes-c100/A-Vogel-b54/Le-Tournesol-ANB-b64/Natural-Factors-b71/brand.Url vs /fr/Sante-des-femmes-c100/A-Vogel-b54/Le-Tournesol-ANB-b64/Natural-Factors-b71. Lang:fr
02:57:03 Listing url is not the same: /fr/Sante-des-femmes-c100/Boiron-b61/Natural-Factors-b71/Nature-Clean-b72/p.UrlBrand vs /fr/Sante-des-femmes-c100/Boiron-b61/Natural-Factors-b71/Nature-Clean-b72. Lang:fr
02:58:04 Listing url is not the same: /fr/Sante-des-enfants-c108/Bach-b137/Druide-b63/cat.Url vs /fr/Sante-des-enfants-c108/Bach-b137/Druide-b63. Lang:fr
02:59:49 Listing url is not the same: /fr/Homeopathie-c12/A-Vogel-b54/Le-Tournesol-ANB-b64/Natural-Factors-b71/addressLink vs /fr/Homeopathie-c12/A-Vogel-b54/Le-Tournesol-ANB-b64/Natural-Factors-b71. Lang:fr
02:59:58 Listing url is not the same: /fr/Inflammation-c98/Clef-des-champs-b26/Healthology-b116/p.Url vs /fr/Inflammation-c98/Clef-des-champs-b26/Healthology-b116. Lang:fr
03:00:27 Listing url is not the same: /fr/Systeme-immunitaire-c93/Clef-des-champs-b26/Healthology-b116/addressLink vs /fr/Systeme-immunitaire-c93/Clef-des-champs-b26/Healthology-b116. Lang:fr
03:02:10 Listing url is not the same: /fr/Concentration-memoire-migraine-c56/Clef-des-champs-b26/Druide-b63/Meditrina-b68/New-roots-b74/addressLink vs /fr/Concentration-memoire-migraine-c56/Clef-des-champs-b26/Druide-b63/Meditrina-b68/New-roots-b74. Lang:fr
03:02:24 Listing url is not the same: /fr/Detox-Digestion-c87/Clef-des-champs-b26/Merveilles-d-Abeilles-b69/Natural-Factors-b71/New-roots-b74/p.UrlBrand vs /fr/Detox-Digestion-c87/Clef-des-champs-b26/Merveilles-d-Abeilles-b69/Natural-Factors-b71/New-roots-b74. Lang:fr
03:50:24 Listing url is not the same: /fr/Detox-Digestion-c87/Medelys-b128/urlBilingual vs /fr/Detox-Digestion-c87/Medelys-b128. Lang:fr
04:37:50 Listing url is not the same: /fr/Sante-des-enfants-c108/A-Vogel-b54/Boiron-b61/Natural-Factors-b71/New-roots-b74/promotion.Url vs /fr/Sante-des-enfants-c108/A-Vogel-b54/Boiron-b61/Natural-Factors-b71/New-roots-b74. Lang:fr
05:26:35 Listing url is not the same: /fr/Inflammation-c98/A-Vogel-b54/Merveilles-d-Abeilles-b69/Natural-Factors-b71/promotion.Url vs /fr/Inflammation-c98/A-Vogel-b54/Merveilles-d-Abeilles-b69/Natural-Factors-b71. Lang:fr
05:28:08 Listing url is not the same: /fr/Rhume-grippe-voie-respiratoire-c57/Clef-des-champs-b26/Druide-b63/Natural-Factors-b71/New-roots-b74/cat.Url vs /fr/Rhume-grippe-voie-respiratoire-c57/Clef-des-champs-b26/Druide-b63/Natural-Factors-b71/New-roots-b74. Lang:fr
06:35:13 Listing url is not the same: /fr/Systeme-immunitaire-c93/A-Vogel-b54/Bach-b137/Boiron-b61/promotion.Url vs /fr/Systeme-immunitaire-c93/A-Vogel-b54/Bach-b137/Boiron-b61. Lang:fr
06:36:47 Listing url is not the same: /fr/Concentration-memoire-migraine-c56/A-Vogel-b54/Nature-Clean-b72/New-roots-b74/p.UrlBrand vs /fr/Concentration-memoire-migraine-c56/A-Vogel-b54/Nature-Clean-b72/New-roots-b74. Lang:fr
06:38:40 Listing url is not the same: /fr/Cosmetique-parfum-et-deodorant-c60/Clef-des-champs-b26/Druide-b63/Meditrina-b68/New-roots-b74/p.Url vs /fr/Cosmetique-parfum-et-deodorant-c60/Clef-des-champs-b26/Druide-b63/Meditrina-b68/New-roots-b74. Lang:fr
06:38:42 Listing url is not the same: /fr/Inflammation-c98/Clef-des-champs-b26/Druide-b63/Natural-Factors-b71/New-roots-b74/urlBilingual vs /fr/Inflammation-c98/Clef-des-champs-b26/Druide-b63/Natural-Factors-b71/New-roots-b74. Lang:fr
07:32:04 Listing url is not the same: /fr/Coeur-et-sante-generale-c106/A-Vogel-b54/Clef-des-champs-b26/Meditrina-b68/New-roots-b74/cat.Url vs /fr/Coeur-et-sante-generale-c106/A-Vogel-b54/Clef-des-champs-b26/Meditrina-b68/New-roots-b74. Lang:fr
08:23:50 Listing url is not the same: /fr/Inflammation-c98/Clef-des-champs-b26/Healthology-b116/subcat.Url vs /fr/Inflammation-c98/Clef-des-champs-b26/Healthology-b116. Lang:fr
08:25:20 Listing url is not the same: /fr/Coeur-et-sante-generale-c106/A-Vogel-b54/Clef-des-champs-b26/Meditrina-b68/New-roots-b74/addressLink vs /fr/Coeur-et-sante-generale-c106/A-Vogel-b54/Clef-des-champs-b26/Meditrina-b68/New-roots-b74. Lang:fr
08:25:23 Listing url is not the same: /fr/Detox-Digestion-c87/Clef-des-champs-b26/Druide-b63/Natural-Factors-b71/New-roots-b74/subcat.Url vs /fr/Detox-Digestion-c87/Clef-des-champs-b26/Druide-b63/Natural-Factors-b71/New-roots-b74. Lang:fr
09:11:46 Listing url is not the same: /fr/Inflammation-c98/A-Vogel-b54/Nature-Clean-b72/New-roots-b74/b.Url vs /fr/Inflammation-c98/A-Vogel-b54/Nature-Clean-b72/New-roots-b74. Lang:fr
09:15:35 Listing url is not the same: /fr/Detox-Digestion-c87/Clef-des-champs-b26/Druide-b63/Meditrina-b68/New-roots-b74/urlBilingual vs /fr/Detox-Digestion-c87/Clef-des-champs-b26/Druide-b63/Meditrina-b68/New-roots-b74. Lang:fr
09:16:06 Listing url is not the same: /fr/Rhume-grippe-voie-respiratoire-c57/A-Vogel-b54/Anokian-b58/Boiron-b61/Clef-des-champs-b26/cat.Url vs /fr/Rhume-grippe-voie-respiratoire-c57/A-Vogel-b54/Anokian-b58/Boiron-b61/Clef-des-champs-b26. Lang:fr
10:03:24 Listing url is not the same: /fr/Concentration-memoire-migraine-c56/Clef-des-champs-b26/Healthology-b116/p.UrlBrand vs /fr/Concentration-memoire-migraine-c56/Clef-des-champs-b26/Healthology-b116. Lang:fr
10:04:36 Listing url is not the same: /fr/Concentration-memoire-migraine-c56/A-Vogel-b54/Anokian-b58/Boiron-b61/Clef-des-champs-b26/p.UrlBrand vs /fr/Concentration-memoire-migraine-c56/A-Vogel-b54/Anokian-b58/Boiron-b61/Clef-des-champs-b26. Lang:fr
11:00:48 Listing url is not the same: /fr/Detox-Digestion-c87/Clef-des-champs-b26/Merveilles-d-Abeilles-b69/Natural-Factors-b71/New-roots-b74/p.Url vs /fr/Detox-Digestion-c87/Clef-des-champs-b26/Merveilles-d-Abeilles-b69/Natural-Factors-b71/New-roots-b74. Lang:fr
11:00:53 Listing url is not the same: /fr/Sante-des-femmes-c100/A-Vogel-b54/Anokian-b58/Boiron-b61/Clef-des-champs-b26/p.Url vs /fr/Sante-des-femmes-c100/A-Vogel-b54/Anokian-b58/Boiron-b61/Clef-des-champs-b26. Lang:fr
11:43:41 Listing url is not the same: /fr/Concentration-memoire-migraine-c56/Druide-b63/Meditrina-b68/New-roots-b74/p.Url vs /fr/Concentration-memoire-migraine-c56/Druide-b63/Meditrina-b68/New-roots-b74. Lang:fr
11:43:59 Listing url is not the same: /fr/Rhume-grippe-voie-respiratoire-c57/Clef-des-champs-b26/Druide-b63/Natural-Factors-b71/New-roots-b74/b.Url vs /fr/Rhume-grippe-voie-respiratoire-c57/Clef-des-champs-b26/Druide-b63/Natural-Factors-b71/New-roots-b74. Lang:fr
11:44:10 Listing url is not the same: /fr/Sante-des-enfants-c108/A-Vogel-b54/Bach-b137/Boiron-b61/Clef-des-champs-b26/urlBilingual vs /fr/Sante-des-enfants-c108/A-Vogel-b54/Bach-b137/Boiron-b61/Clef-des-champs-b26. Lang:fr
11:44:22 Listing url is not the same: /fr/Sommeil-c88/Clef-des-champs-b26/Numi-tea-b124/b.Url vs /fr/Sommeil-c88/Clef-des-champs-b26/Numi-tea-b124. Lang:fr
11:46:47 Listing url is not the same: /fr/Antioxydants-c62/Clef-des-champs-b26/Meditrina-b68/Nature-Clean-b72/New-roots-b74/p.UrlBrand vs /fr/Antioxydants-c62/Clef-des-champs-b26/Meditrina-b68/Nature-Clean-b72/New-roots-b74. Lang:fr
12:55:55 Listing url is not the same: /fr/Inflammation-c98/A-Vogel-b54/Nature-Clean-b72/New-roots-b74/p.UrlBrand vs /fr/Inflammation-c98/A-Vogel-b54/Nature-Clean-b72/New-roots-b74. Lang:fr
12:56:00 Listing url is not the same: /fr/Systeme-immunitaire-c93/A-Vogel-b54/Bach-b137/Boiron-b61/brand.Url vs /fr/Systeme-immunitaire-c93/A-Vogel-b54/Bach-b137/Boiron-b61. Lang:fr
12:59:25 Listing url is not the same: /fr/Allergies-c55/Boiron-b61/Le-Tournesol-ANB-b64/New-roots-b74/promotion.Url vs /fr/Allergies-c55/Boiron-b61/Le-Tournesol-ANB-b64/New-roots-b74. Lang:fr
13:50:50 Listing url is not the same: /fr/Sante-des-enfants-c108/Bach-b137/Druide-b63/subcat.Url vs /fr/Sante-des-enfants-c108/Bach-b137/Druide-b63. Lang:fr
13:53:14 Listing url is not the same: /fr/Sante-des-enfants-c108/Clef-des-champs-b26/Healthology-b116/b.Url vs /fr/Sante-des-enfants-c108/Clef-des-champs-b26/Healthology-b116. Lang:fr
13:54:59 Listing url is not the same: /fr/Coeur-et-sante-generale-c106/Druide-b63/Meditrina-b68/New-roots-b74/addressLink vs /fr/Coeur-et-sante-generale-c106/Druide-b63/Meditrina-b68/New-roots-b74. Lang:fr
13:55:26 Listing url is not the same: /fr/Detox-Digestion-c87/A-Vogel-b54/Clef-des-champs-b26/Merveilles-d-Abeilles-b69/New-roots-b74/addressLink vs /fr/Detox-Digestion-c87/A-Vogel-b54/Clef-des-champs-b26/Merveilles-d-Abeilles-b69/New-roots-b74. Lang:fr
13:55:53 Listing url is not the same: /fr/Rhume-grippe-voie-respiratoire-c57/A-Vogel-b54/Anokian-b58/Boiron-b61/Clef-des-champs-b26/subcat.Url vs /fr/Rhume-grippe-voie-respiratoire-c57/A-Vogel-b54/Anokian-b58/Boiron-b61/Clef-des-champs-b26. Lang:fr
13:58:45 Listing url is not the same: /fr/Allergies-c55/Boiron-b61/Nature-Clean-b72/New-roots-b74/b.Url vs /fr/Allergies-c55/Boiron-b61/Nature-Clean-b72/New-roots-b74. Lang:fr
13:59:09 Listing url is not the same: /fr/Inflammation-c98/A-Vogel-b54/Bach-b137/Druide-b63/subcat.Url vs /fr/Inflammation-c98/A-Vogel-b54/Bach-b137/Druide-b63. Lang:fr
13:59:31 Listing url is not the same: /fr/Sante-des-femmes-c100/A-Vogel-b54/Bach-b137/Boiron-b61/Clef-des-champs-b26/addressLink vs /fr/Sante-des-femmes-c100/A-Vogel-b54/Bach-b137/Boiron-b61/Clef-des-champs-b26. Lang:fr
14:40:20 Listing url is not the same: /fr/Systeme-immunitaire-c93/A-Vogel-b54/Bach-b137/Boiron-b61/b.Url vs /fr/Systeme-immunitaire-c93/A-Vogel-b54/Bach-b137/Boiron-b61. Lang:fr
14:45:01 Listing url is not the same: /fr/Antioxydants-c62/Medelys-b128/Natural-Factors-b71/p.Url vs /fr/Antioxydants-c62/Medelys-b128/Natural-Factors-b71. Lang:fr
14:45:32 Listing url is not the same: /fr/Sante-des-enfants-c108/A-Vogel-b54/Bach-b137/Boiron-b61/Clef-des-champs-b26/p.Url vs /fr/Sante-des-enfants-c108/A-Vogel-b54/Bach-b137/Boiron-b61/Clef-des-champs-b26. Lang:fr
14:48:54 Listing url is not the same: /fr/Detox-Digestion-c87/A-Vogel-b54/Clef-des-champs-b26/Nature-Clean-b72/New-roots-b74/cat.Url vs /fr/Detox-Digestion-c87/A-Vogel-b54/Clef-des-champs-b26/Nature-Clean-b72/New-roots-b74. Lang:fr
15:33:08 Listing url is not the same: /fr/Detox-Digestion-c87/Clef-des-champs-b26/Druide-b63/Meditrina-b68/New-roots-b74/p.Url vs /fr/Detox-Digestion-c87/Clef-des-champs-b26/Druide-b63/Meditrina-b68/New-roots-b74. Lang:fr
15:33:37 Listing url is not the same: /fr/Detox-Digestion-c87/Clef-des-champs-b26/Merveilles-d-Abeilles-b69/Natural-Factors-b71/New-roots-b74/subcat.Url vs /fr/Detox-Digestion-c87/Clef-des-champs-b26/Merveilles-d-Abeilles-b69/Natural-Factors-b71/New-roots-b74. Lang:fr
15:35:04 Listing url is not the same: /fr/Sante-des-enfants-c108/A-Vogel-b54/Boiron-b61/Natural-Factors-b71/New-roots-b74/b.Url vs /fr/Sante-des-enfants-c108/A-Vogel-b54/Boiron-b61/Natural-Factors-b71/New-roots-b74. Lang:fr
15:35:28 Listing url is not the same: /fr/Sante-des-femmes-c100/A-Vogel-b54/Anokian-b58/Boiron-b61/Clef-des-champs-b26/b.Url vs /fr/Sante-des-femmes-c100/A-Vogel-b54/Anokian-b58/Boiron-b61/Clef-des-champs-b26. Lang:fr
15:35:51 Listing url is not the same: /fr/Sante-des-femmes-c100/A-Vogel-b54/Anokian-b58/Boiron-b61/Clef-des-champs-b26/urlBilingual vs /fr/Sante-des-femmes-c100/A-Vogel-b54/Anokian-b58/Boiron-b61/Clef-des-champs-b26. Lang:fr
15:37:03 Listing url is not the same: /fr/Homeopathie-c12/Clef-des-champs-b26/Druide-b63/Meditrina-b68/New-roots-b74/b.Url vs /fr/Homeopathie-c12/Clef-des-champs-b26/Druide-b63/Meditrina-b68/New-roots-b74. Lang:fr
16:15:58 Listing url is not the same: /fr/Nettoyage-c73/A-Vogel-b54/Nature-Clean-b72/New-roots-b74/brand.Url vs /fr/Nettoyage-c73/A-Vogel-b54/Nature-Clean-b72/New-roots-b74. Lang:fr
16:18:16 Listing url is not the same: /fr/Sante-des-enfants-c108/Clef-des-champs-b26/Healthology-b116/p.Url vs /fr/Sante-des-enfants-c108/Clef-des-champs-b26/Healthology-b116. Lang:fr
16:21:30 Listing url is not the same: /fr/Antioxydants-c62/Clef-des-champs-b26/Leo-Desilet-b66/subcat.Url vs /fr/Antioxydants-c62/Clef-des-champs-b26/Leo-Desilet-b66. Lang:fr
16:21:35 Listing url is not the same: /fr/Detox-Digestion-c87/Clef-des-champs-b26/Druide-b63/Meditrina-b68/New-roots-b74/p.UrlBrand vs /fr/Detox-Digestion-c87/Clef-des-champs-b26/Druide-b63/Meditrina-b68/New-roots-b74. Lang:fr
16:21:38 Listing url is not the same: /fr/Inflammation-c98/A-Vogel-b54/Boiron-b61/Nature-Clean-b72/p.Url vs /fr/Inflammation-c98/A-Vogel-b54/Boiron-b61/Nature-Clean-b72. Lang:fr
16:21:43 Listing url is not the same: /fr/Inflammation-c98/A-Vogel-b54/Boiron-b61/Nature-Clean-b72/p.UrlBrand vs /fr/Inflammation-c98/A-Vogel-b54/Boiron-b61/Nature-Clean-b72. Lang:fr
16:21:50 Listing url is not the same: /fr/Inflammation-c98/A-Vogel-b54/Boiron-b61/Nature-Clean-b72/urlBilingual vs /fr/Inflammation-c98/A-Vogel-b54/Boiron-b61/Nature-Clean-b72. Lang:fr
16:22:06 Listing url is not the same: /fr/Sante-des-enfants-c108/A-Vogel-b54/Boiron-b61/Natural-Factors-b71/New-roots-b74/cat.Url vs /fr/Sante-des-enfants-c108/A-Vogel-b54/Boiron-b61/Natural-Factors-b71/New-roots-b74. Lang:fr
16:22:11 Listing url is not the same: /fr/Sommeil-c88/Clef-des-champs-b26/Numi-tea-b124/p.UrlBrand vs /fr/Sommeil-c88/Clef-des-champs-b26/Numi-tea-b124. Lang:fr
20:02:26 Listing url is not the same: /fr/Homeopathie-c12/Druide-b63/Natural-Factors-b71/New-roots-b74/subcat.Url vs /fr/Homeopathie-c12/Druide-b63/Natural-Factors-b71/New-roots-b74. Lang:fr
