00:19:45 Listing url is not the same: /fr/Sante-des-enfants-c108/subcat.Url vs /fr/Sante-des-enfants-c108. Lang:fr
00:28:12 Listing url is not the same: /fr/Detox-Digestion-c87/Clef-des-champs-b26/Merveilles-d-Abeilles-b69/addressLink vs /fr/Detox-Digestion-c87/Clef-des-champs-b26/Merveilles-d-Abeilles-b69. Lang:fr
00:28:14 Listing url is not the same: /fr/Fatigue-c99/Druide-b63/promotion.Url vs /fr/Fatigue-c99/Druide-b63. Lang:fr
00:28:15 Listing url is not the same: /fr/Inflammation-c98/Anokian-b58/promotion.Url vs /fr/Inflammation-c98/Anokian-b58. Lang:fr
00:29:28 Listing url is not the same: /fr/Stress-c97/Clef-des-champs-b26/Le-Tournesol-ANB-b64/brand.Url vs /fr/Stress-c97/Clef-des-champs-b26/Le-Tournesol-ANB-b64. Lang:fr
00:31:52 Listing url is not the same: /fr/Sommeil-c88/A-Vogel-b54/b.Url vs /fr/Sommeil-c88/A-Vogel-b54. Lang:fr
00:32:28 Listing url is not the same: /fr/Antioxydants-c62/Anokian-b58/Meditrina-b68/brand.Url vs /fr/Antioxydants-c62/Anokian-b58/Meditrina-b68. Lang:fr
00:32:29 Listing url is not the same: /fr/Detox-Digestion-c87/Anokian-b58/subcat.Url vs /fr/Detox-Digestion-c87/Anokian-b58. Lang:fr
00:32:31 Listing url is not the same: /fr/Fatigue-c99/Meditrina-b68/Merveilles-d-Abeilles-b69/p.UrlBrand vs /fr/Fatigue-c99/Meditrina-b68/Merveilles-d-Abeilles-b69. Lang:fr
00:32:32 Listing url is not the same: /fr/Inflammation-c98/Boiron-b61/Meditrina-b68/cat.Url vs /fr/Inflammation-c98/Boiron-b61/Meditrina-b68. Lang:fr
00:32:34 Listing url is not the same: /fr/Sante-des-femmes-c100/Druide-b63/Meditrina-b68/urlBilingual vs /fr/Sante-des-femmes-c100/Druide-b63/Meditrina-b68. Lang:fr
00:32:36 Listing url is not the same: /fr/Systeme-immunitaire-c93/Anokian-b58/promotion.Url vs /fr/Systeme-immunitaire-c93/Anokian-b58. Lang:fr
00:33:03 Listing url is not the same: /fr/Sante-des-enfants-c108/Clef-des-champs-b26/Natural-Factors-b71/addressLink vs /fr/Sante-des-enfants-c108/Clef-des-champs-b26/Natural-Factors-b71. Lang:fr
00:33:08 Listing url is not the same: /fr/Sante-des-femmes-c100/Natural-Factors-b71/addressLink vs /fr/Sante-des-femmes-c100/Natural-Factors-b71. Lang:fr
00:33:10 Listing url is not the same: /fr/Systeme-immunitaire-c93/Boiron-b61/Le-Tournesol-ANB-b64/brand.Url vs /fr/Systeme-immunitaire-c93/Boiron-b61/Le-Tournesol-ANB-b64. Lang:fr
00:33:44 Listing url is not the same: /fr/Inflammation-c98/Clef-des-champs-b26/Le-Tournesol-ANB-b64/Merveilles-d-Abeilles-b69/brand.Url vs /fr/Inflammation-c98/Clef-des-champs-b26/Le-Tournesol-ANB-b64/Merveilles-d-Abeilles-b69. Lang:fr
00:35:43 Listing url is not the same: /fr/Fatigue-c99/Clef-des-champs-b26/Le-Tournesol-ANB-b64/Natural-Factors-b71/b.Url vs /fr/Fatigue-c99/Clef-des-champs-b26/Le-Tournesol-ANB-b64/Natural-Factors-b71. Lang:fr
00:35:48 Listing url is not the same: /fr/Nettoyage-c73/Anokian-b58/Natural-Factors-b71/b.Url vs /fr/Nettoyage-c73/Anokian-b58/Natural-Factors-b71. Lang:fr
00:35:49 Listing url is not the same: /fr/Sante-des-enfants-c108/Clef-des-champs-b26/Meditrina-b68/Natural-Factors-b71/urlBilingual vs /fr/Sante-des-enfants-c108/Clef-des-champs-b26/Meditrina-b68/Natural-Factors-b71. Lang:fr
00:35:51 Listing url is not the same: /fr/Sante-des-femmes-c100/Boiron-b61/Clef-des-champs-b26/Merveilles-d-Abeilles-b69/addressLink vs /fr/Sante-des-femmes-c100/Boiron-b61/Clef-des-champs-b26/Merveilles-d-Abeilles-b69. Lang:fr
00:35:52 Listing url is not the same: /fr/Stress-c97/A-Vogel-b54/Druide-b63/promotion.Url vs /fr/Stress-c97/A-Vogel-b54/Druide-b63. Lang:fr
01:25:24 Listing url is not the same: /fr/Sante-des-femmes-c100/Druide-b63/addressLink vs /fr/Sante-des-femmes-c100/Druide-b63. Lang:fr
01:29:42 Listing url is not the same: /fr/Fatigue-c99/Druide-b63/Meditrina-b68/urlBilingual vs /fr/Fatigue-c99/Druide-b63/Meditrina-b68. Lang:fr
01:29:50 Listing url is not the same: /fr/Systeme-immunitaire-c93/Boiron-b61/Meditrina-b68/p.UrlBrand vs /fr/Systeme-immunitaire-c93/Boiron-b61/Meditrina-b68. Lang:fr
01:30:53 Listing url is not the same: /fr/Sante-des-femmes-c100/Clef-des-champs-b26/Le-Tournesol-ANB-b64/p.UrlBrand vs /fr/Sante-des-femmes-c100/Clef-des-champs-b26/Le-Tournesol-ANB-b64. Lang:fr
01:32:15 Listing url is not the same: /fr/Systeme-immunitaire-c93/A-Vogel-b54/Boiron-b61/Clef-des-champs-b26/urlBilingual vs /fr/Systeme-immunitaire-c93/A-Vogel-b54/Boiron-b61/Clef-des-champs-b26. Lang:fr
01:32:54 Listing url is not the same: /fr/Homeopathie-c12/A-Vogel-b54/addressLink vs /fr/Homeopathie-c12/A-Vogel-b54. Lang:fr
01:32:56 Listing url is not the same: /fr/Inflammation-c98/A-Vogel-b54/Anokian-b58/cat.Url vs /fr/Inflammation-c98/A-Vogel-b54/Anokian-b58. Lang:fr
01:32:57 Listing url is not the same: /fr/Sante-des-femmes-c100/A-Vogel-b54/Boiron-b61/p.Url vs /fr/Sante-des-femmes-c100/A-Vogel-b54/Boiron-b61. Lang:fr
01:33:01 Listing url is not the same: /fr/Stress-c97/A-Vogel-b54/Meditrina-b68/subcat.Url vs /fr/Stress-c97/A-Vogel-b54/Meditrina-b68. Lang:fr
01:33:02 Listing url is not the same: /fr/Systeme-immunitaire-c93/Boiron-b61/Le-Tournesol-ANB-b64/p.Url vs /fr/Systeme-immunitaire-c93/Boiron-b61/Le-Tournesol-ANB-b64. Lang:fr
01:33:39 Listing url is not the same: /fr/Detox-Digestion-c87/A-Vogel-b54/Clef-des-champs-b26/Meditrina-b68/b.Url vs /fr/Detox-Digestion-c87/A-Vogel-b54/Clef-des-champs-b26/Meditrina-b68. Lang:fr
01:33:40 Listing url is not the same: /fr/Sommeil-c88/Boiron-b61/Clef-des-champs-b26/Meditrina-b68/addressLink vs /fr/Sommeil-c88/Boiron-b61/Clef-des-champs-b26/Meditrina-b68. Lang:fr
01:34:13 Listing url is not the same: /fr/Inflammation-c98/Clef-des-champs-b26/Le-Tournesol-ANB-b64/Merveilles-d-Abeilles-b69/subcat.Url vs /fr/Inflammation-c98/Clef-des-champs-b26/Le-Tournesol-ANB-b64/Merveilles-d-Abeilles-b69. Lang:fr
01:35:47 Listing url is not the same: /fr/Coeur-et-sante-generale-c106/Boiron-b61/Meditrina-b68/b.Url vs /fr/Coeur-et-sante-generale-c106/Boiron-b61/Meditrina-b68. Lang:fr
01:35:49 Listing url is not the same: /fr/Coeur-et-sante-generale-c106/Druide-b63/Meditrina-b68/b.Url vs /fr/Coeur-et-sante-generale-c106/Druide-b63/Meditrina-b68. Lang:fr
01:35:53 Listing url is not the same: /fr/Detox-Digestion-c87/A-Vogel-b54/Natural-Factors-b71/b.Url vs /fr/Detox-Digestion-c87/A-Vogel-b54/Natural-Factors-b71. Lang:fr
01:35:55 Listing url is not the same: /fr/Detox-Digestion-c87/Anokian-b58/Clef-des-champs-b26/p.UrlBrand vs /fr/Detox-Digestion-c87/Anokian-b58/Clef-des-champs-b26. Lang:fr
01:35:58 Listing url is not the same: /fr/Homeopathie-c12/A-Vogel-b54/Anokian-b58/p.Url vs /fr/Homeopathie-c12/A-Vogel-b54/Anokian-b58. Lang:fr
01:35:59 Listing url is not the same: /fr/Homeopathie-c12/A-Vogel-b54/Clef-des-champs-b26/addressLink vs /fr/Homeopathie-c12/A-Vogel-b54/Clef-des-champs-b26. Lang:fr
01:36:00 Listing url is not the same: /fr/Inflammation-c98/Clef-des-champs-b26/Druide-b63/Le-Tournesol-ANB-b64/p.Url vs /fr/Inflammation-c98/Clef-des-champs-b26/Druide-b63/Le-Tournesol-ANB-b64. Lang:fr
01:36:01 Listing url is not the same: /fr/Inflammation-c98/Clef-des-champs-b26/Druide-b63/Le-Tournesol-ANB-b64/p.UrlBrand vs /fr/Inflammation-c98/Clef-des-champs-b26/Druide-b63/Le-Tournesol-ANB-b64. Lang:fr
01:36:02 Listing url is not the same: /fr/Stress-c97/A-Vogel-b54/Natural-Factors-b71/promotion.Url vs /fr/Stress-c97/A-Vogel-b54/Natural-Factors-b71. Lang:fr
01:36:06 Listing url is not the same: /fr/Systeme-immunitaire-c93/Anokian-b58/Clef-des-champs-b26/b.Url vs /fr/Systeme-immunitaire-c93/Anokian-b58/Clef-des-champs-b26. Lang:fr
01:36:39 Listing url is not the same: /fr/Coeur-et-sante-generale-c106/Druide-b63/Meditrina-b68/urlBilingual vs /fr/Coeur-et-sante-generale-c106/Druide-b63/Meditrina-b68. Lang:fr
01:36:40 Listing url is not the same: /fr/Systeme-immunitaire-c93/Druide-b63/Natural-Factors-b71/addressLink vs /fr/Systeme-immunitaire-c93/Druide-b63/Natural-Factors-b71. Lang:fr
02:24:30 Listing url is not the same: /fr/Sante-des-enfants-c108/Meditrina-b68/p.UrlBrand vs /fr/Sante-des-enfants-c108/Meditrina-b68. Lang:fr
02:27:34 Listing url is not the same: /fr/Detox-Digestion-c87/Boiron-b61/Meditrina-b68/addressLink vs /fr/Detox-Digestion-c87/Boiron-b61/Meditrina-b68. Lang:fr
02:27:35 Listing url is not the same: /fr/Detox-Digestion-c87/Boiron-b61/Meditrina-b68/urlBilingual vs /fr/Detox-Digestion-c87/Boiron-b61/Meditrina-b68. Lang:fr
02:29:03 Listing url is not the same: /fr/Sante-des-femmes-c100/Clef-des-champs-b26/Le-Tournesol-ANB-b64/cat.Url vs /fr/Sante-des-femmes-c100/Clef-des-champs-b26/Le-Tournesol-ANB-b64. Lang:fr
02:31:12 Listing url is not the same: /fr/Inflammation-c98/Boiron-b61/Meditrina-b68/addressLink vs /fr/Inflammation-c98/Boiron-b61/Meditrina-b68. Lang:fr
02:31:13 Listing url is not the same: /fr/Stress-c97/Natural-Factors-b71/urlBilingual vs /fr/Stress-c97/Natural-Factors-b71. Lang:fr
02:32:14 Listing url is not the same: /fr/Coeur-et-sante-generale-c106/Meditrina-b68/p.UrlBrand vs /fr/Coeur-et-sante-generale-c106/Meditrina-b68. Lang:fr
02:34:51 Listing url is not the same: /fr/Inflammation-c98/A-Vogel-b54/Clef-des-champs-b26/Le-Tournesol-ANB-b64/cat.Url vs /fr/Inflammation-c98/A-Vogel-b54/Clef-des-champs-b26/Le-Tournesol-ANB-b64. Lang:fr
02:34:52 Listing url is not the same: /fr/Inflammation-c98/A-Vogel-b54/Le-Tournesol-ANB-b64/brand.Url vs /fr/Inflammation-c98/A-Vogel-b54/Le-Tournesol-ANB-b64. Lang:fr
02:34:53 Listing url is not the same: /fr/Inflammation-c98/Clef-des-champs-b26/Nature-Clean-b72/brand.Url vs /fr/Inflammation-c98/Clef-des-champs-b26/Nature-Clean-b72. Lang:fr
02:34:54 Listing url is not the same: /fr/Sante-des-femmes-c100/A-Vogel-b54/Meditrina-b68/b.Url vs /fr/Sante-des-femmes-c100/A-Vogel-b54/Meditrina-b68. Lang:fr
02:34:55 Listing url is not the same: /fr/Sante-des-femmes-c100/Clef-des-champs-b26/Meditrina-b68/Natural-Factors-b71/addressLink vs /fr/Sante-des-femmes-c100/Clef-des-champs-b26/Meditrina-b68/Natural-Factors-b71. Lang:fr
02:34:56 Listing url is not the same: /fr/Sommeil-c88/Clef-des-champs-b26/Merveilles-d-Abeilles-b69/b.Url vs /fr/Sommeil-c88/Clef-des-champs-b26/Merveilles-d-Abeilles-b69. Lang:fr
02:34:58 Listing url is not the same: /fr/Stress-c97/Clef-des-champs-b26/Le-Tournesol-ANB-b64/Merveilles-d-Abeilles-b69/promotion.Url vs /fr/Stress-c97/Clef-des-champs-b26/Le-Tournesol-ANB-b64/Merveilles-d-Abeilles-b69. Lang:fr
02:34:59 Listing url is not the same: /fr/Systeme-immunitaire-c93/A-Vogel-b54/Meditrina-b68/brand.Url vs /fr/Systeme-immunitaire-c93/A-Vogel-b54/Meditrina-b68. Lang:fr
02:35:00 Listing url is not the same: /fr/Systeme-immunitaire-c93/Boiron-b61/Nature-Clean-b72/cat.Url vs /fr/Systeme-immunitaire-c93/Boiron-b61/Nature-Clean-b72. Lang:fr
02:35:01 Listing url is not the same: /fr/Systeme-immunitaire-c93/Clef-des-champs-b26/Le-Tournesol-ANB-b64/Natural-Factors-b71/p.UrlBrand vs /fr/Systeme-immunitaire-c93/Clef-des-champs-b26/Le-Tournesol-ANB-b64/Natural-Factors-b71. Lang:fr
03:19:48 Listing url is not the same: /fr/Systeme-immunitaire-c93/Meditrina-b68/addressLink vs /fr/Systeme-immunitaire-c93/Meditrina-b68. Lang:fr
03:20:14 Listing url is not the same: /fr/Stress-c97/A-Vogel-b54/subcat.Url vs /fr/Stress-c97/A-Vogel-b54. Lang:fr
03:20:46 Listing url is not the same: /fr/Detox-Digestion-c87/A-Vogel-b54/Druide-b63/cat.Url vs /fr/Detox-Digestion-c87/A-Vogel-b54/Druide-b63. Lang:fr
03:22:54 Listing url is not the same: /fr/Antioxydants-c62/A-Vogel-b54/Anokian-b58/promotion.Url vs /fr/Antioxydants-c62/A-Vogel-b54/Anokian-b58. Lang:fr
03:22:56 Listing url is not the same: /fr/Sante-des-femmes-c100/Boiron-b61/Meditrina-b68/p.Url vs /fr/Sante-des-femmes-c100/Boiron-b61/Meditrina-b68. Lang:fr
03:22:59 Listing url is not the same: /fr/Sommeil-c88/Boiron-b61/Clef-des-champs-b26/subcat.Url vs /fr/Sommeil-c88/Boiron-b61/Clef-des-champs-b26. Lang:fr
03:23:35 Listing url is not the same: /fr/Fatigue-c99/Boiron-b61/Clef-des-champs-b26/Meditrina-b68/b.Url vs /fr/Fatigue-c99/Boiron-b61/Clef-des-champs-b26/Meditrina-b68. Lang:fr
03:23:36 Listing url is not the same: /fr/Fatigue-c99/Clef-des-champs-b26/Merveilles-d-Abeilles-b69/brand.Url vs /fr/Fatigue-c99/Clef-des-champs-b26/Merveilles-d-Abeilles-b69. Lang:fr
03:24:22 Listing url is not the same: /fr/Detox-Digestion-c87/A-Vogel-b54/Boiron-b61/Clef-des-champs-b26/cat.Url vs /fr/Detox-Digestion-c87/A-Vogel-b54/Boiron-b61/Clef-des-champs-b26. Lang:fr
03:25:53 Listing url is not the same: /fr/Fatigue-c99/Meditrina-b68/cat.Url vs /fr/Fatigue-c99/Meditrina-b68. Lang:fr
03:25:56 Listing url is not the same: /fr/Sante-des-femmes-c100/A-Vogel-b54/Boiron-b61/p.UrlBrand vs /fr/Sante-des-femmes-c100/A-Vogel-b54/Boiron-b61. Lang:fr
03:26:02 Listing url is not the same: /fr/Systeme-immunitaire-c93/A-Vogel-b54/Anokian-b58/addressLink vs /fr/Systeme-immunitaire-c93/A-Vogel-b54/Anokian-b58. Lang:fr
03:26:04 Listing url is not the same: /fr/Systeme-immunitaire-c93/Nature-Clean-b72/cat.Url vs /fr/Systeme-immunitaire-c93/Nature-Clean-b72. Lang:fr
03:27:12 Listing url is not the same: /fr/Coeur-et-sante-generale-c106/Anokian-b58/urlBilingual vs /fr/Coeur-et-sante-generale-c106/Anokian-b58. Lang:fr
03:27:13 Listing url is not the same: /fr/Coeur-et-sante-generale-c106/Natural-Factors-b71/urlBilingual vs /fr/Coeur-et-sante-generale-c106/Natural-Factors-b71. Lang:fr
03:27:17 Listing url is not the same: /fr/Sante-des-enfants-c108/Clef-des-champs-b26/Le-Tournesol-ANB-b64/Meditrina-b68/p.UrlBrand vs /fr/Sante-des-enfants-c108/Clef-des-champs-b26/Le-Tournesol-ANB-b64/Meditrina-b68. Lang:fr
03:30:54 Listing url is not the same: /fr/Antioxydants-c62/Anokian-b58/Clef-des-champs-b26/urlBilingual vs /fr/Antioxydants-c62/Anokian-b58/Clef-des-champs-b26. Lang:fr
03:31:06 Listing url is not the same: /fr/Sante-des-femmes-c100/A-Vogel-b54/Clef-des-champs-b26/Le-Tournesol-ANB-b64/p.UrlBrand vs /fr/Sante-des-femmes-c100/A-Vogel-b54/Clef-des-champs-b26/Le-Tournesol-ANB-b64. Lang:fr
03:31:09 Listing url is not the same: /fr/Stress-c97/A-Vogel-b54/Nature-Clean-b72/promotion.Url vs /fr/Stress-c97/A-Vogel-b54/Nature-Clean-b72. Lang:fr
03:31:10 Listing url is not the same: /fr/Stress-c97/Meditrina-b68/Natural-Factors-b71/subcat.Url vs /fr/Stress-c97/Meditrina-b68/Natural-Factors-b71. Lang:fr
03:31:11 Listing url is not the same: /fr/Stress-c97/Meditrina-b68/Nature-Clean-b72/addressLink vs /fr/Stress-c97/Meditrina-b68/Nature-Clean-b72. Lang:fr
03:32:36 Listing url is not the same: /fr/Sante-des-femmes-c100/Merveilles-d-Abeilles-b69/Natural-Factors-b71/subcat.Url vs /fr/Sante-des-femmes-c100/Merveilles-d-Abeilles-b69/Natural-Factors-b71. Lang:fr
04:19:57 Listing url is not the same: /fr/Stress-c97/Clef-des-champs-b26/promotion.Url vs /fr/Stress-c97/Clef-des-champs-b26. Lang:fr
04:21:01 Listing url is not the same: /fr/Fatigue-c99/Druide-b63/subcat.Url vs /fr/Fatigue-c99/Druide-b63. Lang:fr
04:21:21 Listing url is not the same: /fr/Detox-Digestion-c87/Le-Tournesol-ANB-b64/p.UrlBrand vs /fr/Detox-Digestion-c87/Le-Tournesol-ANB-b64. Lang:fr
04:21:26 Listing url is not the same: /fr/Inflammation-c98/Anokian-b58/brand.Url vs /fr/Inflammation-c98/Anokian-b58. Lang:fr
04:21:31 Listing url is not the same: /fr/Sante-des-enfants-c108/Clef-des-champs-b26/Le-Tournesol-ANB-b64/urlBilingual vs /fr/Sante-des-enfants-c108/Clef-des-champs-b26/Le-Tournesol-ANB-b64. Lang:fr
04:21:37 Listing url is not the same: /fr/Sommeil-c88/Clef-des-champs-b26/brand.Url vs /fr/Sommeil-c88/Clef-des-champs-b26. Lang:fr
04:21:49 Listing url is not the same: /fr/Sante-des-enfants-c108/A-Vogel-b54/Boiron-b61/Clef-des-champs-b26/urlBilingual vs /fr/Sante-des-enfants-c108/A-Vogel-b54/Boiron-b61/Clef-des-champs-b26. Lang:fr
04:23:58 Listing url is not the same: /fr/Sante-des-femmes-c100/A-Vogel-b54/Boiron-b61/subcat.Url vs /fr/Sante-des-femmes-c100/A-Vogel-b54/Boiron-b61. Lang:fr
04:24:00 Listing url is not the same: /fr/Stress-c97/A-Vogel-b54/Clef-des-champs-b26/subcat.Url vs /fr/Stress-c97/A-Vogel-b54/Clef-des-champs-b26. Lang:fr
04:24:01 Listing url is not the same: /fr/Systeme-immunitaire-c93/A-Vogel-b54/Anokian-b58/subcat.Url vs /fr/Systeme-immunitaire-c93/A-Vogel-b54/Anokian-b58. Lang:fr
04:24:02 Listing url is not the same: /fr/Systeme-immunitaire-c93/Le-Tournesol-ANB-b64/b.Url vs /fr/Systeme-immunitaire-c93/Le-Tournesol-ANB-b64. Lang:fr
04:24:43 Listing url is not the same: /fr/Coeur-et-sante-generale-c106/Natural-Factors-b71/p.UrlBrand vs /fr/Coeur-et-sante-generale-c106/Natural-Factors-b71. Lang:fr
04:24:44 Listing url is not the same: /fr/Sante-des-femmes-c100/Le-Tournesol-ANB-b64/Meditrina-b68/p.UrlBrand vs /fr/Sante-des-femmes-c100/Le-Tournesol-ANB-b64/Meditrina-b68. Lang:fr
04:24:47 Listing url is not the same: /fr/Stress-c97/Boiron-b61/Clef-des-champs-b26/Meditrina-b68/brand.Url vs /fr/Stress-c97/Boiron-b61/Clef-des-champs-b26/Meditrina-b68. Lang:fr
04:24:48 Listing url is not the same: /fr/Systeme-immunitaire-c93/Meditrina-b68/Merveilles-d-Abeilles-b69/p.Url vs /fr/Systeme-immunitaire-c93/Meditrina-b68/Merveilles-d-Abeilles-b69. Lang:fr
04:28:02 Listing url is not the same: /fr/Sommeil-c88/A-Vogel-b54/Boiron-b61/Clef-des-champs-b26/b.Url vs /fr/Sommeil-c88/A-Vogel-b54/Boiron-b61/Clef-des-champs-b26. Lang:fr
04:28:03 Listing url is not the same: /fr/Stress-c97/Boiron-b61/Clef-des-champs-b26/Druide-b63/brand.Url vs /fr/Stress-c97/Boiron-b61/Clef-des-champs-b26/Druide-b63. Lang:fr
04:30:08 Listing url is not the same: /fr/Antioxydants-c62/Anokian-b58/Natural-Factors-b71/urlBilingual vs /fr/Antioxydants-c62/Anokian-b58/Natural-Factors-b71. Lang:fr
04:30:09 Listing url is not the same: /fr/Chandelles-c70/A-Vogel-b54/Druide-b63/Meditrina-b68/Merveilles-d-Abeilles-b69/p.UrlBrand vs /fr/Chandelles-c70/A-Vogel-b54/Druide-b63/Meditrina-b68/Merveilles-d-Abeilles-b69. Lang:fr
04:30:11 Listing url is not the same: /fr/Detox-Digestion-c87/Clef-des-champs-b26/Meditrina-b68/Natural-Factors-b71/subcat.Url vs /fr/Detox-Digestion-c87/Clef-des-champs-b26/Meditrina-b68/Natural-Factors-b71. Lang:fr
04:30:12 Listing url is not the same: /fr/Detox-Digestion-c87/Flora-b123/Le-Tournesol-ANB-b64/b.Url vs /fr/Detox-Digestion-c87/Flora-b123/Le-Tournesol-ANB-b64. Lang:fr
04:30:14 Listing url is not the same: /fr/Fatigue-c99/Clef-des-champs-b26/Le-Tournesol-ANB-b64/Natural-Factors-b71/cat.Url vs /fr/Fatigue-c99/Clef-des-champs-b26/Le-Tournesol-ANB-b64/Natural-Factors-b71. Lang:fr
04:30:16 Listing url is not the same: /fr/Homeopathie-c12/Boiron-b61/Meditrina-b68/subcat.Url vs /fr/Homeopathie-c12/Boiron-b61/Meditrina-b68. Lang:fr
04:30:17 Listing url is not the same: /fr/Inflammation-c98/Druide-b63/Nature-Clean-b72/urlBilingual vs /fr/Inflammation-c98/Druide-b63/Nature-Clean-b72. Lang:fr
04:30:17 Listing url is not the same: /fr/Nettoyage-c73/Anokian-b58/Meditrina-b68/promotion.Url vs /fr/Nettoyage-c73/Anokian-b58/Meditrina-b68. Lang:fr
04:30:26 Listing url is not the same: /fr/Stress-c97/A-Vogel-b54/Anokian-b58/promotion.Url vs /fr/Stress-c97/A-Vogel-b54/Anokian-b58. Lang:fr
04:30:27 Listing url is not the same: /fr/Stress-c97/Boiron-b61/Clef-des-champs-b26/Druide-b63/urlBilingual vs /fr/Stress-c97/Boiron-b61/Clef-des-champs-b26/Druide-b63. Lang:fr
04:30:28 Listing url is not the same: /fr/Systeme-immunitaire-c93/A-Vogel-b54/Clef-des-champs-b26/Le-Tournesol-ANB-b64/b.Url vs /fr/Systeme-immunitaire-c93/A-Vogel-b54/Clef-des-champs-b26/Le-Tournesol-ANB-b64. Lang:fr
05:19:32 Listing url is not the same: /fr/Fatigue-c99/Clef-des-champs-b26/Le-Tournesol-ANB-b64/p.Url vs /fr/Fatigue-c99/Clef-des-champs-b26/Le-Tournesol-ANB-b64. Lang:fr
05:20:35 Listing url is not the same: /fr/Fatigue-c99/Druide-b63/p.UrlBrand vs /fr/Fatigue-c99/Druide-b63. Lang:fr
05:21:06 Listing url is not the same: /fr/Fatigue-c99/Boiron-b61/Druide-b63/p.Url vs /fr/Fatigue-c99/Boiron-b61/Druide-b63. Lang:fr
05:21:48 Listing url is not the same: /fr/Fatigue-c99/Druide-b63/Meditrina-b68/b.Url vs /fr/Fatigue-c99/Druide-b63/Meditrina-b68. Lang:fr
05:21:49 Listing url is not the same: /fr/Stress-c97/Clef-des-champs-b26/Meditrina-b68/b.Url vs /fr/Stress-c97/Clef-des-champs-b26/Meditrina-b68. Lang:fr
05:23:40 Listing url is not the same: /fr/Antioxydants-c62/Anokian-b58/addressLink vs /fr/Antioxydants-c62/Anokian-b58. Lang:fr
05:23:41 Listing url is not the same: /fr/Fatigue-c99/Le-Tournesol-ANB-b64/urlBilingual vs /fr/Fatigue-c99/Le-Tournesol-ANB-b64. Lang:fr
05:23:46 Listing url is not the same: /fr/Inflammation-c98/Medelys-b128/addressLink vs /fr/Inflammation-c98/Medelys-b128. Lang:fr
05:23:53 Listing url is not the same: /fr/Inflammation-c98/Medelys-b128/p.UrlBrand vs /fr/Inflammation-c98/Medelys-b128. Lang:fr
05:23:59 Listing url is not the same: /fr/Sante-des-femmes-c100/A-Vogel-b54/Druide-b63/addressLink vs /fr/Sante-des-femmes-c100/A-Vogel-b54/Druide-b63. Lang:fr
05:24:04 Listing url is not the same: /fr/Sante-des-femmes-c100/Anokian-b58/brand.Url vs /fr/Sante-des-femmes-c100/Anokian-b58. Lang:fr
05:24:12 Listing url is not the same: /fr/Sante-des-femmes-c100/Nature-Clean-b72/promotion.Url vs /fr/Sante-des-femmes-c100/Nature-Clean-b72. Lang:fr
05:24:18 Listing url is not the same: /fr/Sommeil-c88/Clef-des-champs-b26/Meditrina-b68/brand.Url vs /fr/Sommeil-c88/Clef-des-champs-b26/Meditrina-b68. Lang:fr
05:24:21 Listing url is not the same: /fr/Sommeil-c88/Clef-des-champs-b26/Meditrina-b68/promotion.Url vs /fr/Sommeil-c88/Clef-des-champs-b26/Meditrina-b68. Lang:fr
05:24:23 Listing url is not the same: /fr/Stress-c97/Druide-b63/Meditrina-b68/p.UrlBrand vs /fr/Stress-c97/Druide-b63/Meditrina-b68. Lang:fr
05:24:24 Listing url is not the same: /fr/Stress-c97/Le-Tournesol-ANB-b64/addressLink vs /fr/Stress-c97/Le-Tournesol-ANB-b64. Lang:fr
05:24:26 Listing url is not the same: /fr/Stress-c97/Natural-Factors-b71/promotion.Url vs /fr/Stress-c97/Natural-Factors-b71. Lang:fr
05:24:36 Listing url is not the same: /fr/Sante-des-femmes-c100/Clef-des-champs-b26/Le-Tournesol-ANB-b64/Meditrina-b68/addressLink vs /fr/Sante-des-femmes-c100/Clef-des-champs-b26/Le-Tournesol-ANB-b64/Meditrina-b68. Lang:fr
05:24:37 Listing url is not the same: /fr/Stress-c97/A-Vogel-b54/Clef-des-champs-b26/Druide-b63/promotion.Url vs /fr/Stress-c97/A-Vogel-b54/Clef-des-champs-b26/Druide-b63. Lang:fr
05:24:38 Listing url is not the same: /fr/Systeme-immunitaire-c93/Le-Tournesol-ANB-b64/promotion.Url vs /fr/Systeme-immunitaire-c93/Le-Tournesol-ANB-b64. Lang:fr
05:27:12 Listing url is not the same: /fr/Sommeil-c88/Clef-des-champs-b26/Druide-b63/Meditrina-b68/p.Url vs /fr/Sommeil-c88/Clef-des-champs-b26/Druide-b63/Meditrina-b68. Lang:fr
05:28:37 Listing url is not the same: /fr/Detox-Digestion-c87/Anokian-b58/Clef-des-champs-b26/subcat.Url vs /fr/Detox-Digestion-c87/Anokian-b58/Clef-des-champs-b26. Lang:fr
05:28:37 Listing url is not the same: /fr/Detox-Digestion-c87/Clef-des-champs-b26/Le-Tournesol-ANB-b64/Natural-Factors-b71/brand.Url vs /fr/Detox-Digestion-c87/Clef-des-champs-b26/Le-Tournesol-ANB-b64/Natural-Factors-b71. Lang:fr
05:28:38 Listing url is not the same: /fr/Detox-Digestion-c87/Clef-des-champs-b26/Nature-Clean-b72/p.Url vs /fr/Detox-Digestion-c87/Clef-des-champs-b26/Nature-Clean-b72. Lang:fr
05:28:43 Listing url is not the same: /fr/Sante-des-enfants-c108/Druide-b63/Meditrina-b68/brand.Url vs /fr/Sante-des-enfants-c108/Druide-b63/Meditrina-b68. Lang:fr
05:28:45 Listing url is not the same: /fr/Stress-c97/Clef-des-champs-b26/Nature-Clean-b72/urlBilingual vs /fr/Stress-c97/Clef-des-champs-b26/Nature-Clean-b72. Lang:fr
05:28:46 Listing url is not the same: /fr/Stress-c97/Le-Tournesol-ANB-b64/Nature-Clean-b72/subcat.Url vs /fr/Stress-c97/Le-Tournesol-ANB-b64/Nature-Clean-b72. Lang:fr
05:28:47 Listing url is not the same: /fr/Systeme-immunitaire-c93/A-Vogel-b54/Meditrina-b68/cat.Url vs /fr/Systeme-immunitaire-c93/A-Vogel-b54/Meditrina-b68. Lang:fr
05:28:48 Listing url is not the same: /fr/Systeme-immunitaire-c93/Boiron-b61/Nature-Clean-b72/addressLink vs /fr/Systeme-immunitaire-c93/Boiron-b61/Nature-Clean-b72. Lang:fr
06:17:38 Listing url is not the same: /fr/Stress-c97/A-Vogel-b54/Boiron-b61/addressLink vs /fr/Stress-c97/A-Vogel-b54/Boiron-b61. Lang:fr
06:18:48 Listing url is not the same: /fr/Detox-Digestion-c87/Natural-Factors-b71/urlBilingual vs /fr/Detox-Digestion-c87/Natural-Factors-b71. Lang:fr
06:18:58 Listing url is not the same: /fr/Systeme-immunitaire-c93/Clef-des-champs-b26/Le-Tournesol-ANB-b64/addressLink vs /fr/Systeme-immunitaire-c93/Clef-des-champs-b26/Le-Tournesol-ANB-b64. Lang:fr
06:19:29 Listing url is not the same: /fr/Sante-des-enfants-c108/A-Vogel-b54/Druide-b63/b.Url vs /fr/Sante-des-enfants-c108/A-Vogel-b54/Druide-b63. Lang:fr
06:21:30 Listing url is not the same: /fr/Fatigue-c99/Anokian-b58/promotion.Url vs /fr/Fatigue-c99/Anokian-b58. Lang:fr
06:21:33 Listing url is not the same: /fr/Fatigue-c99/Le-Tournesol-ANB-b64/b.Url vs /fr/Fatigue-c99/Le-Tournesol-ANB-b64. Lang:fr
06:21:38 Listing url is not the same: /fr/Inflammation-c98/Medelys-b128/brand.Url vs /fr/Inflammation-c98/Medelys-b128. Lang:fr
06:21:40 Listing url is not the same: /fr/Nettoyage-c73/A-Vogel-b54/Anokian-b58/brand.Url vs /fr/Nettoyage-c73/A-Vogel-b54/Anokian-b58. Lang:fr
06:21:42 Listing url is not the same: /fr/Sante-des-enfants-c108/Anokian-b58/b.Url vs /fr/Sante-des-enfants-c108/Anokian-b58. Lang:fr
06:21:43 Listing url is not the same: /fr/Sante-des-enfants-c108/Boiron-b61/Druide-b63/p.UrlBrand vs /fr/Sante-des-enfants-c108/Boiron-b61/Druide-b63. Lang:fr
06:21:45 Listing url is not the same: /fr/Sante-des-enfants-c108/Druide-b63/promotion.Url vs /fr/Sante-des-enfants-c108/Druide-b63. Lang:fr
06:21:46 Listing url is not the same: /fr/Stress-c97/Boiron-b61/Le-Tournesol-ANB-b64/brand.Url vs /fr/Stress-c97/Boiron-b61/Le-Tournesol-ANB-b64. Lang:fr
06:26:50 Listing url is not the same: /fr/Antioxydants-c62/Anokian-b58/Boiron-b61/p.Url vs /fr/Antioxydants-c62/Anokian-b58/Boiron-b61. Lang:fr
06:26:52 Listing url is not the same: /fr/Antioxydants-c62/Anokian-b58/Clef-des-champs-b26/addressLink vs /fr/Antioxydants-c62/Anokian-b58/Clef-des-champs-b26. Lang:fr
06:26:56 Listing url is not the same: /fr/Detox-Digestion-c87/Boiron-b61/Clef-des-champs-b26/Merveilles-d-Abeilles-b69/p.Url vs /fr/Detox-Digestion-c87/Boiron-b61/Clef-des-champs-b26/Merveilles-d-Abeilles-b69. Lang:fr
06:27:03 Listing url is not the same: /fr/Inflammation-c98/A-Vogel-b54/Clef-des-champs-b26/Le-Tournesol-ANB-b64/p.UrlBrand vs /fr/Inflammation-c98/A-Vogel-b54/Clef-des-champs-b26/Le-Tournesol-ANB-b64. Lang:fr
06:27:06 Listing url is not the same: /fr/Nettoyage-c73/Anokian-b58/Natural-Factors-b71/subcat.Url vs /fr/Nettoyage-c73/Anokian-b58/Natural-Factors-b71. Lang:fr
06:27:08 Listing url is not the same: /fr/Sante-des-femmes-c100/A-Vogel-b54/Clef-des-champs-b26/Le-Tournesol-ANB-b64/cat.Url vs /fr/Sante-des-femmes-c100/A-Vogel-b54/Clef-des-champs-b26/Le-Tournesol-ANB-b64. Lang:fr
06:27:12 Listing url is not the same: /fr/Stress-c97/A-Vogel-b54/Natural-Factors-b71/p.Url vs /fr/Stress-c97/A-Vogel-b54/Natural-Factors-b71. Lang:fr
06:27:14 Listing url is not the same: /fr/Stress-c97/A-Vogel-b54/Nature-Clean-b72/subcat.Url vs /fr/Stress-c97/A-Vogel-b54/Nature-Clean-b72. Lang:fr
06:27:15 Listing url is not the same: /fr/Stress-c97/Boiron-b61/Nature-Clean-b72/urlBilingual vs /fr/Stress-c97/Boiron-b61/Nature-Clean-b72. Lang:fr
07:11:37 Listing url is not the same: /fr/Sante-des-femmes-c100/cat.Url vs /fr/Sante-des-femmes-c100. Lang:fr
07:11:50 Listing url is not the same: /fr/Sante-des-femmes-c100/urlBilingual vs /fr/Sante-des-femmes-c100. Lang:fr
07:18:11 Listing url is not the same: /fr/Stress-c97/Clef-des-champs-b26/b.Url vs /fr/Stress-c97/Clef-des-champs-b26. Lang:fr
07:20:29 Listing url is not the same: /fr/Sante-des-enfants-c108/Clef-des-champs-b26/Le-Tournesol-ANB-b64/b.Url vs /fr/Sante-des-enfants-c108/Clef-des-champs-b26/Le-Tournesol-ANB-b64. Lang:fr
07:21:07 Listing url is not the same: /fr/Detox-Digestion-c87/Le-Tournesol-ANB-b64/p.Url vs /fr/Detox-Digestion-c87/Le-Tournesol-ANB-b64. Lang:fr
07:21:24 Listing url is not the same: /fr/Fatigue-c99/Nature-Clean-b72/subcat.Url vs /fr/Fatigue-c99/Nature-Clean-b72. Lang:fr
07:21:41 Listing url is not the same: /fr/Detox-Digestion-c87/Boiron-b61/Meditrina-b68/b.Url vs /fr/Detox-Digestion-c87/Boiron-b61/Meditrina-b68. Lang:fr
07:22:10 Listing url is not the same: /fr/Sommeil-c88/Boiron-b61/Clef-des-champs-b26/promotion.Url vs /fr/Sommeil-c88/Boiron-b61/Clef-des-champs-b26. Lang:fr
07:22:24 Listing url is not the same: /fr/Systeme-immunitaire-c93/A-Vogel-b54/Clef-des-champs-b26/Druide-b63/p.UrlBrand vs /fr/Systeme-immunitaire-c93/A-Vogel-b54/Clef-des-champs-b26/Druide-b63. Lang:fr
07:23:01 Listing url is not the same: /fr/Inflammation-c98/Le-Tournesol-ANB-b64/Meditrina-b68/subcat.Url vs /fr/Inflammation-c98/Le-Tournesol-ANB-b64/Meditrina-b68. Lang:fr
07:23:12 Listing url is not the same: /fr/Sante-des-femmes-c100/A-Vogel-b54/Druide-b63/b.Url vs /fr/Sante-des-femmes-c100/A-Vogel-b54/Druide-b63. Lang:fr
07:23:22 Listing url is not the same: /fr/Sante-des-femmes-c100/Natural-Factors-b71/cat.Url vs /fr/Sante-des-femmes-c100/Natural-Factors-b71. Lang:fr
07:23:40 Listing url is not the same: /fr/Stress-c97/A-Vogel-b54/Clef-des-champs-b26/Druide-b63/p.Url vs /fr/Stress-c97/A-Vogel-b54/Clef-des-champs-b26/Druide-b63. Lang:fr
07:23:48 Listing url is not the same: /fr/Stress-c97/Boiron-b61/Le-Tournesol-ANB-b64/b.Url vs /fr/Stress-c97/Boiron-b61/Le-Tournesol-ANB-b64. Lang:fr
07:24:11 Listing url is not the same: /fr/Systeme-immunitaire-c93/Clef-des-champs-b26/Le-Tournesol-ANB-b64/Merveilles-d-Abeilles-b69/b.Url vs /fr/Systeme-immunitaire-c93/Clef-des-champs-b26/Le-Tournesol-ANB-b64/Merveilles-d-Abeilles-b69. Lang:fr
07:24:33 Listing url is not the same: /fr/Sommeil-c88/Boiron-b61/Clef-des-champs-b26/Druide-b63/cat.Url vs /fr/Sommeil-c88/Boiron-b61/Clef-des-champs-b26/Druide-b63. Lang:fr
07:25:51 Listing url is not the same: /fr/Detox-Digestion-c87/Druide-b63/Meditrina-b68/brand.Url vs /fr/Detox-Digestion-c87/Druide-b63/Meditrina-b68. Lang:fr
07:25:53 Listing url is not the same: /fr/Detox-Digestion-c87/Druide-b63/Meditrina-b68/p.UrlBrand vs /fr/Detox-Digestion-c87/Druide-b63/Meditrina-b68. Lang:fr
07:25:58 Listing url is not the same: /fr/Sante-des-femmes-c100/Boiron-b61/Leo-Desilet-b66/urlBilingual vs /fr/Sante-des-femmes-c100/Boiron-b61/Leo-Desilet-b66. Lang:fr
07:25:59 Listing url is not the same: /fr/Sante-des-femmes-c100/Clef-des-champs-b26/Druide-b63/Le-Tournesol-ANB-b64/cat.Url vs /fr/Sante-des-femmes-c100/Clef-des-champs-b26/Druide-b63/Le-Tournesol-ANB-b64. Lang:fr
07:26:01 Listing url is not the same: /fr/Systeme-immunitaire-c93/Clef-des-champs-b26/Meditrina-b68/Natural-Factors-b71/p.UrlBrand vs /fr/Systeme-immunitaire-c93/Clef-des-champs-b26/Meditrina-b68/Natural-Factors-b71. Lang:fr
08:15:26 Listing url is not the same: /fr/Inflammation-c98/Druide-b63/p.Url vs /fr/Inflammation-c98/Druide-b63. Lang:fr
08:15:57 Listing url is not the same: /fr/Systeme-immunitaire-c93/Druide-b63/p.UrlBrand vs /fr/Systeme-immunitaire-c93/Druide-b63. Lang:fr
08:17:32 Listing url is not the same: /fr/Detox-Digestion-c87/Clef-des-champs-b26/Merveilles-d-Abeilles-b69/b.Url vs /fr/Detox-Digestion-c87/Clef-des-champs-b26/Merveilles-d-Abeilles-b69. Lang:fr
08:18:09 Listing url is not the same: /fr/Sante-des-femmes-c100/A-Vogel-b54/Clef-des-champs-b26/Druide-b63/urlBilingual vs /fr/Sante-des-femmes-c100/A-Vogel-b54/Clef-des-champs-b26/Druide-b63. Lang:fr
08:18:59 Listing url is not the same: /fr/Sante-des-enfants-c108/Clef-des-champs-b26/Merveilles-d-Abeilles-b69/brand.Url vs /fr/Sante-des-enfants-c108/Clef-des-champs-b26/Merveilles-d-Abeilles-b69. Lang:fr
08:19:46 Listing url is not the same: /fr/Sante-des-femmes-c100/A-Vogel-b54/Boiron-b61/Clef-des-champs-b26/subcat.Url vs /fr/Sante-des-femmes-c100/A-Vogel-b54/Boiron-b61/Clef-des-champs-b26. Lang:fr
08:20:32 Listing url is not the same: /fr/Detox-Digestion-c87/Flora-b123/promotion.Url vs /fr/Detox-Digestion-c87/Flora-b123. Lang:fr
08:20:40 Listing url is not the same: /fr/Stress-c97/A-Vogel-b54/Clef-des-champs-b26/promotion.Url vs /fr/Stress-c97/A-Vogel-b54/Clef-des-champs-b26. Lang:fr
08:20:41 Listing url is not the same: /fr/Stress-c97/A-Vogel-b54/Le-Tournesol-ANB-b64/b.Url vs /fr/Stress-c97/A-Vogel-b54/Le-Tournesol-ANB-b64. Lang:fr
08:20:43 Listing url is not the same: /fr/Stress-c97/A-Vogel-b54/Meditrina-b68/promotion.Url vs /fr/Stress-c97/A-Vogel-b54/Meditrina-b68. Lang:fr
08:20:45 Listing url is not the same: /fr/Systeme-immunitaire-c93/A-Vogel-b54/Boiron-b61/cat.Url vs /fr/Systeme-immunitaire-c93/A-Vogel-b54/Boiron-b61. Lang:fr
08:22:30 Listing url is not the same: /fr/Coeur-et-sante-generale-c106/Natural-Factors-b71/p.Url vs /fr/Coeur-et-sante-generale-c106/Natural-Factors-b71. Lang:fr
09:14:38 Listing url is not the same: /fr/Stress-c97/Clef-des-champs-b26/cat.Url vs /fr/Stress-c97/Clef-des-champs-b26. Lang:fr
09:16:39 Listing url is not the same: /fr/Fatigue-c99/Boiron-b61/Druide-b63/cat.Url vs /fr/Fatigue-c99/Boiron-b61/Druide-b63. Lang:fr
09:16:40 Listing url is not the same: /fr/Systeme-immunitaire-c93/A-Vogel-b54/Clef-des-champs-b26/Druide-b63/brand.Url vs /fr/Systeme-immunitaire-c93/A-Vogel-b54/Clef-des-champs-b26/Druide-b63. Lang:fr
09:16:41 Listing url is not the same: /fr/Systeme-immunitaire-c93/Boiron-b61/Meditrina-b68/b.Url vs /fr/Systeme-immunitaire-c93/Boiron-b61/Meditrina-b68. Lang:fr
09:17:54 Listing url is not the same: /fr/Sante-des-enfants-c108/A-Vogel-b54/Clef-des-champs-b26/Druide-b63/b.Url vs /fr/Sante-des-enfants-c108/A-Vogel-b54/Clef-des-champs-b26/Druide-b63. Lang:fr
09:17:56 Listing url is not the same: /fr/Sante-des-femmes-c100/Boiron-b61/Clef-des-champs-b26/Meditrina-b68/b.Url vs /fr/Sante-des-femmes-c100/Boiron-b61/Clef-des-champs-b26/Meditrina-b68. Lang:fr
09:18:44 Listing url is not the same: /fr/Inflammation-c98/A-Vogel-b54/Meditrina-b68/promotion.Url vs /fr/Inflammation-c98/A-Vogel-b54/Meditrina-b68. Lang:fr
09:18:45 Listing url is not the same: /fr/Inflammation-c98/Druide-b63/Meditrina-b68/addressLink vs /fr/Inflammation-c98/Druide-b63/Meditrina-b68. Lang:fr
09:18:47 Listing url is not the same: /fr/Inflammation-c98/Le-Tournesol-ANB-b64/cat.Url vs /fr/Inflammation-c98/Le-Tournesol-ANB-b64. Lang:fr
09:18:51 Listing url is not the same: /fr/Systeme-immunitaire-c93/Anokian-b58/brand.Url vs /fr/Systeme-immunitaire-c93/Anokian-b58. Lang:fr
09:19:46 Listing url is not the same: /fr/Sante-des-femmes-c100/Clef-des-champs-b26/Merveilles-d-Abeilles-b69/p.Url vs /fr/Sante-des-femmes-c100/Clef-des-champs-b26/Merveilles-d-Abeilles-b69. Lang:fr
10:10:38 Listing url is not the same: /fr/Fatigue-c99/Clef-des-champs-b26/Le-Tournesol-ANB-b64/addressLink vs /fr/Fatigue-c99/Clef-des-champs-b26/Le-Tournesol-ANB-b64. Lang:fr
10:12:06 Listing url is not the same: /fr/Detox-Digestion-c87/Natural-Factors-b71/b.Url vs /fr/Detox-Digestion-c87/Natural-Factors-b71. Lang:fr
10:12:09 Listing url is not the same: /fr/Sante-des-enfants-c108/Clef-des-champs-b26/Le-Tournesol-ANB-b64/brand.Url vs /fr/Sante-des-enfants-c108/Clef-des-champs-b26/Le-Tournesol-ANB-b64. Lang:fr
10:12:39 Listing url is not the same: /fr/Antioxydants-c62/A-Vogel-b54/Anokian-b58/cat.Url vs /fr/Antioxydants-c62/A-Vogel-b54/Anokian-b58. Lang:fr
10:12:40 Listing url is not the same: /fr/Stress-c97/Boiron-b61/Clef-des-champs-b26/p.UrlBrand vs /fr/Stress-c97/Boiron-b61/Clef-des-champs-b26. Lang:fr
10:12:41 Listing url is not the same: /fr/Stress-c97/Clef-des-champs-b26/Le-Tournesol-ANB-b64/subcat.Url vs /fr/Stress-c97/Clef-des-champs-b26/Le-Tournesol-ANB-b64. Lang:fr
10:13:52 Listing url is not the same: /fr/Fatigue-c99/A-Vogel-b54/Boiron-b61/b.Url vs /fr/Fatigue-c99/A-Vogel-b54/Boiron-b61. Lang:fr
10:13:54 Listing url is not the same: /fr/Fatigue-c99/A-Vogel-b54/Clef-des-champs-b26/Meditrina-b68/promotion.Url vs /fr/Fatigue-c99/A-Vogel-b54/Clef-des-champs-b26/Meditrina-b68. Lang:fr
10:13:55 Listing url is not the same: /fr/Sante-des-enfants-c108/A-Vogel-b54/Clef-des-champs-b26/Druide-b63/promotion.Url vs /fr/Sante-des-enfants-c108/A-Vogel-b54/Clef-des-champs-b26/Druide-b63. Lang:fr
10:14:35 Listing url is not the same: /fr/Fatigue-c99/A-Vogel-b54/Boiron-b61/Clef-des-champs-b26/p.Url vs /fr/Fatigue-c99/A-Vogel-b54/Boiron-b61/Clef-des-champs-b26. Lang:fr
10:14:36 Listing url is not the same: /fr/Homeopathie-c12/Boiron-b61/brand.Url vs /fr/Homeopathie-c12/Boiron-b61. Lang:fr
10:15:19 Listing url is not the same: /fr/Concentration-memoire-migraine-c56/Anokian-b58/cat.Url vs /fr/Concentration-memoire-migraine-c56/Anokian-b58. Lang:fr
10:15:20 Listing url is not the same: /fr/Concentration-memoire-migraine-c56/Anokian-b58/promotion.Url vs /fr/Concentration-memoire-migraine-c56/Anokian-b58. Lang:fr
10:15:21 Listing url is not the same: /fr/Detox-Digestion-c87/Clef-des-champs-b26/Meditrina-b68/Merveilles-d-Abeilles-b69/cat.Url vs /fr/Detox-Digestion-c87/Clef-des-champs-b26/Meditrina-b68/Merveilles-d-Abeilles-b69. Lang:fr
10:15:23 Listing url is not the same: /fr/Systeme-immunitaire-c93/A-Vogel-b54/Clef-des-champs-b26/Meditrina-b68/b.Url vs /fr/Systeme-immunitaire-c93/A-Vogel-b54/Clef-des-champs-b26/Meditrina-b68. Lang:fr
10:17:35 Listing url is not the same: /fr/Stress-c97/A-Vogel-b54/Druide-b63/b.Url vs /fr/Stress-c97/A-Vogel-b54/Druide-b63. Lang:fr
10:19:16 Listing url is not the same: /fr/Fatigue-c99/Anokian-b58/Natural-Factors-b71/p.Url vs /fr/Fatigue-c99/Anokian-b58/Natural-Factors-b71. Lang:fr
10:19:18 Listing url is not the same: /fr/Inflammation-c98/A-Vogel-b54/Le-Tournesol-ANB-b64/b.Url vs /fr/Inflammation-c98/A-Vogel-b54/Le-Tournesol-ANB-b64. Lang:fr
10:19:20 Listing url is not the same: /fr/Rhume-grippe-voie-respiratoire-c57/Boiron-b61/Le-Tournesol-ANB-b64/Natural-Factors-b71/p.Url vs /fr/Rhume-grippe-voie-respiratoire-c57/Boiron-b61/Le-Tournesol-ANB-b64/Natural-Factors-b71. Lang:fr
10:19:21 Listing url is not the same: /fr/Sante-des-enfants-c108/A-Vogel-b54/Anokian-b58/subcat.Url vs /fr/Sante-des-enfants-c108/A-Vogel-b54/Anokian-b58. Lang:fr
10:19:22 Listing url is not the same: /fr/Sante-des-femmes-c100/Boiron-b61/Natural-Factors-b71/brand.Url vs /fr/Sante-des-femmes-c100/Boiron-b61/Natural-Factors-b71. Lang:fr
10:19:24 Listing url is not the same: /fr/Sommeil-c88/Clef-des-champs-b26/Le-Tournesol-ANB-b64/subcat.Url vs /fr/Sommeil-c88/Clef-des-champs-b26/Le-Tournesol-ANB-b64. Lang:fr
10:19:26 Listing url is not the same: /fr/Systeme-immunitaire-c93/Clef-des-champs-b26/Meditrina-b68/Natural-Factors-b71/promotion.Url vs /fr/Systeme-immunitaire-c93/Clef-des-champs-b26/Meditrina-b68/Natural-Factors-b71. Lang:fr
10:19:28 Listing url is not the same: /fr/Systeme-immunitaire-c93/Meditrina-b68/Nature-Clean-b72/b.Url vs /fr/Systeme-immunitaire-c93/Meditrina-b68/Nature-Clean-b72. Lang:fr
11:12:04 Listing url is not the same: /fr/Systeme-immunitaire-c93/Boiron-b61/Meditrina-b68/cat.Url vs /fr/Systeme-immunitaire-c93/Boiron-b61/Meditrina-b68. Lang:fr
11:14:00 Listing url is not the same: /fr/Fatigue-c99/Le-Tournesol-ANB-b64/cat.Url vs /fr/Fatigue-c99/Le-Tournesol-ANB-b64. Lang:fr
11:14:01 Listing url is not the same: /fr/Inflammation-c98/Le-Tournesol-ANB-b64/Meditrina-b68/addressLink vs /fr/Inflammation-c98/Le-Tournesol-ANB-b64/Meditrina-b68. Lang:fr
11:14:01 Listing url is not the same: /fr/Sante-des-femmes-c100/A-Vogel-b54/Druide-b63/promotion.Url vs /fr/Sante-des-femmes-c100/A-Vogel-b54/Druide-b63. Lang:fr
11:14:02 Listing url is not the same: /fr/Sante-des-femmes-c100/A-Vogel-b54/Druide-b63/urlBilingual vs /fr/Sante-des-femmes-c100/A-Vogel-b54/Druide-b63. Lang:fr
11:14:03 Listing url is not the same: /fr/Sante-des-femmes-c100/Le-Tournesol-ANB-b64/Meditrina-b68/cat.Url vs /fr/Sante-des-femmes-c100/Le-Tournesol-ANB-b64/Meditrina-b68. Lang:fr
11:14:06 Listing url is not the same: /fr/Stress-c97/Le-Tournesol-ANB-b64/cat.Url vs /fr/Stress-c97/Le-Tournesol-ANB-b64. Lang:fr
11:14:45 Listing url is not the same: /fr/Stress-c97/A-Vogel-b54/Clef-des-champs-b26/Meditrina-b68/urlBilingual vs /fr/Stress-c97/A-Vogel-b54/Clef-des-champs-b26/Meditrina-b68. Lang:fr
11:14:46 Listing url is not the same: /fr/Systeme-immunitaire-c93/Clef-des-champs-b26/Le-Tournesol-ANB-b64/Meditrina-b68/b.Url vs /fr/Systeme-immunitaire-c93/Clef-des-champs-b26/Le-Tournesol-ANB-b64/Meditrina-b68. Lang:fr
11:18:26 Listing url is not the same: /fr/Homeopathie-c12/Clef-des-champs-b26/Meditrina-b68/addressLink vs /fr/Homeopathie-c12/Clef-des-champs-b26/Meditrina-b68. Lang:fr
11:18:30 Listing url is not the same: /fr/Homeopathie-c12/Clef-des-champs-b26/Meditrina-b68/urlBilingual vs /fr/Homeopathie-c12/Clef-des-champs-b26/Meditrina-b68. Lang:fr
11:18:38 Listing url is not the same: /fr/Inflammation-c98/Clef-des-champs-b26/Le-Tournesol-ANB-b64/Natural-Factors-b71/cat.Url vs /fr/Inflammation-c98/Clef-des-champs-b26/Le-Tournesol-ANB-b64/Natural-Factors-b71. Lang:fr
11:18:44 Listing url is not the same: /fr/Inflammation-c98/Clef-des-champs-b26/Nature-Clean-b72/b.Url vs /fr/Inflammation-c98/Clef-des-champs-b26/Nature-Clean-b72. Lang:fr
11:18:49 Listing url is not the same: /fr/Sante-des-enfants-c108/Clef-des-champs-b26/Le-Tournesol-ANB-b64/Natural-Factors-b71/brand.Url vs /fr/Sante-des-enfants-c108/Clef-des-champs-b26/Le-Tournesol-ANB-b64/Natural-Factors-b71. Lang:fr
11:18:59 Listing url is not the same: /fr/Stress-c97/Boiron-b61/Natural-Factors-b71/promotion.Url vs /fr/Stress-c97/Boiron-b61/Natural-Factors-b71. Lang:fr
12:02:55 Listing url is not the same: /fr/Sante-des-femmes-c100/p.UrlBrand vs /fr/Sante-des-femmes-c100. Lang:fr
12:06:29 Listing url is not the same: /fr/Fatigue-c99/Boiron-b61/p.UrlBrand vs /fr/Fatigue-c99/Boiron-b61. Lang:fr
12:06:53 Listing url is not the same: /fr/Systeme-immunitaire-c93/Druide-b63/addressLink vs /fr/Systeme-immunitaire-c93/Druide-b63. Lang:fr
12:07:16 Listing url is not the same: /fr/Stress-c97/A-Vogel-b54/Boiron-b61/p.UrlBrand vs /fr/Stress-c97/A-Vogel-b54/Boiron-b61. Lang:fr
12:08:10 Listing url is not the same: /fr/Sante-des-enfants-c108/Clef-des-champs-b26/Le-Tournesol-ANB-b64/subcat.Url vs /fr/Sante-des-enfants-c108/Clef-des-champs-b26/Le-Tournesol-ANB-b64. Lang:fr
12:08:32 Listing url is not the same: /fr/Detox-Digestion-c87/Boiron-b61/Meditrina-b68/brand.Url vs /fr/Detox-Digestion-c87/Boiron-b61/Meditrina-b68. Lang:fr
12:08:58 Listing url is not the same: /fr/Sante-des-enfants-c108/Clef-des-champs-b26/Merveilles-d-Abeilles-b69/b.Url vs /fr/Sante-des-enfants-c108/Clef-des-champs-b26/Merveilles-d-Abeilles-b69. Lang:fr
12:09:27 Listing url is not the same: /fr/Fatigue-c99/Anokian-b58/p.Url vs /fr/Fatigue-c99/Anokian-b58. Lang:fr
12:09:29 Listing url is not the same: /fr/Stress-c97/Boiron-b61/Druide-b63/p.Url vs /fr/Stress-c97/Boiron-b61/Druide-b63. Lang:fr
12:09:58 Listing url is not the same: /fr/Fatigue-c99/Natural-Factors-b71/addressLink vs /fr/Fatigue-c99/Natural-Factors-b71. Lang:fr
12:09:59 Listing url is not the same: /fr/Homeopathie-c12/A-Vogel-b54/urlBilingual vs /fr/Homeopathie-c12/A-Vogel-b54. Lang:fr
12:10:00 Listing url is not the same: /fr/Homeopathie-c12/Boiron-b61/promotion.Url vs /fr/Homeopathie-c12/Boiron-b61. Lang:fr
12:10:01 Listing url is not the same: /fr/Inflammation-c98/A-Vogel-b54/Anokian-b58/promotion.Url vs /fr/Inflammation-c98/A-Vogel-b54/Anokian-b58. Lang:fr
12:10:01 Listing url is not the same: /fr/Inflammation-c98/A-Vogel-b54/Meditrina-b68/subcat.Url vs /fr/Inflammation-c98/A-Vogel-b54/Meditrina-b68. Lang:fr
12:10:02 Listing url is not the same: /fr/Inflammation-c98/Druide-b63/Meditrina-b68/subcat.Url vs /fr/Inflammation-c98/Druide-b63/Meditrina-b68. Lang:fr
12:10:03 Listing url is not the same: /fr/Sante-des-enfants-c108/Boiron-b61/Meditrina-b68/addressLink vs /fr/Sante-des-enfants-c108/Boiron-b61/Meditrina-b68. Lang:fr
12:10:09 Listing url is not the same: /fr/Stress-c97/A-Vogel-b54/Le-Tournesol-ANB-b64/p.UrlBrand vs /fr/Stress-c97/A-Vogel-b54/Le-Tournesol-ANB-b64. Lang:fr
12:10:11 Listing url is not the same: /fr/Stress-c97/Natural-Factors-b71/addressLink vs /fr/Stress-c97/Natural-Factors-b71. Lang:fr
12:10:13 Listing url is not the same: /fr/Stress-c97/Natural-Factors-b71/p.Url vs /fr/Stress-c97/Natural-Factors-b71. Lang:fr
12:10:14 Listing url is not the same: /fr/Stress-c97/Nature-Clean-b72/p.Url vs /fr/Stress-c97/Nature-Clean-b72. Lang:fr
12:10:41 Listing url is not the same: /fr/Inflammation-c98/Clef-des-champs-b26/Merveilles-d-Abeilles-b69/b.Url vs /fr/Inflammation-c98/Clef-des-champs-b26/Merveilles-d-Abeilles-b69. Lang:fr
12:10:44 Listing url is not the same: /fr/Sante-des-femmes-c100/Clef-des-champs-b26/Le-Tournesol-ANB-b64/Meditrina-b68/p.Url vs /fr/Sante-des-femmes-c100/Clef-des-champs-b26/Le-Tournesol-ANB-b64/Meditrina-b68. Lang:fr
12:10:45 Listing url is not the same: /fr/Systeme-immunitaire-c93/Clef-des-champs-b26/Druide-b63/Meditrina-b68/p.Url vs /fr/Systeme-immunitaire-c93/Clef-des-champs-b26/Druide-b63/Meditrina-b68. Lang:fr
12:11:36 Listing url is not the same: /fr/Inflammation-c98/Clef-des-champs-b26/Le-Tournesol-ANB-b64/Merveilles-d-Abeilles-b69/urlBilingual vs /fr/Inflammation-c98/Clef-des-champs-b26/Le-Tournesol-ANB-b64/Merveilles-d-Abeilles-b69. Lang:fr
12:15:00 Listing url is not the same: /fr/Detox-Digestion-c87/A-Vogel-b54/Natural-Factors-b71/brand.Url vs /fr/Detox-Digestion-c87/A-Vogel-b54/Natural-Factors-b71. Lang:fr
12:15:10 Listing url is not the same: /fr/Homeopathie-c12/Boiron-b61/Le-Tournesol-ANB-b64/p.UrlBrand vs /fr/Homeopathie-c12/Boiron-b61/Le-Tournesol-ANB-b64. Lang:fr
12:15:23 Listing url is not the same: /fr/Stress-c97/Meditrina-b68/Natural-Factors-b71/addressLink vs /fr/Stress-c97/Meditrina-b68/Natural-Factors-b71. Lang:fr
13:06:00 Listing url is not the same: /fr/Stress-c97/Boiron-b61/urlBilingual vs /fr/Stress-c97/Boiron-b61. Lang:fr
13:07:00 Listing url is not the same: /fr/Cosmetique-parfum-et-deodorant-c60/Anokian-b58/Boiron-b61/brand.Url vs /fr/Cosmetique-parfum-et-deodorant-c60/Anokian-b58/Boiron-b61. Lang:fr
13:07:02 Listing url is not the same: /fr/Inflammation-c98/A-Vogel-b54/Boiron-b61/cat.Url vs /fr/Inflammation-c98/A-Vogel-b54/Boiron-b61. Lang:fr
13:07:53 Listing url is not the same: /fr/Sante-des-femmes-c100/Boiron-b61/Meditrina-b68/subcat.Url vs /fr/Sante-des-femmes-c100/Boiron-b61/Meditrina-b68. Lang:fr
13:08:55 Listing url is not the same: /fr/Fatigue-c99/A-Vogel-b54/Boiron-b61/p.Url vs /fr/Fatigue-c99/A-Vogel-b54/Boiron-b61. Lang:fr
13:08:58 Listing url is not the same: /fr/Sante-des-enfants-c108/A-Vogel-b54/Clef-des-champs-b26/Druide-b63/cat.Url vs /fr/Sante-des-enfants-c108/A-Vogel-b54/Clef-des-champs-b26/Druide-b63. Lang:fr
13:09:00 Listing url is not the same: /fr/Systeme-immunitaire-c93/A-Vogel-b54/Boiron-b61/Clef-des-champs-b26/b.Url vs /fr/Systeme-immunitaire-c93/A-Vogel-b54/Boiron-b61/Clef-des-champs-b26. Lang:fr
13:09:25 Listing url is not the same: /fr/Cosmetique-parfum-et-deodorant-c60/Anokian-b58/Druide-b63/b.Url vs /fr/Cosmetique-parfum-et-deodorant-c60/Anokian-b58/Druide-b63. Lang:fr
13:09:29 Listing url is not the same: /fr/Sante-des-enfants-c108/Anokian-b58/subcat.Url vs /fr/Sante-des-enfants-c108/Anokian-b58. Lang:fr
13:09:32 Listing url is not the same: /fr/Sante-des-femmes-c100/A-Vogel-b54/Druide-b63/p.UrlBrand vs /fr/Sante-des-femmes-c100/A-Vogel-b54/Druide-b63. Lang:fr
13:09:32 Listing url is not the same: /fr/Sante-des-femmes-c100/Druide-b63/Meditrina-b68/brand.Url vs /fr/Sante-des-femmes-c100/Druide-b63/Meditrina-b68. Lang:fr
13:09:33 Listing url is not the same: /fr/Sommeil-c88/A-Vogel-b54/addressLink vs /fr/Sommeil-c88/A-Vogel-b54. Lang:fr
13:09:34 Listing url is not the same: /fr/Stress-c97/Nature-Clean-b72/addressLink vs /fr/Stress-c97/Nature-Clean-b72. Lang:fr
13:10:23 Listing url is not the same: /fr/Coeur-et-sante-generale-c106/Meditrina-b68/subcat.Url vs /fr/Coeur-et-sante-generale-c106/Meditrina-b68. Lang:fr
13:10:29 Listing url is not the same: /fr/Inflammation-c98/Merveilles-d-Abeilles-b69/promotion.Url vs /fr/Inflammation-c98/Merveilles-d-Abeilles-b69. Lang:fr
13:10:38 Listing url is not the same: /fr/Stress-c97/Clef-des-champs-b26/Meditrina-b68/Merveilles-d-Abeilles-b69/b.Url vs /fr/Stress-c97/Clef-des-champs-b26/Meditrina-b68/Merveilles-d-Abeilles-b69. Lang:fr
13:12:50 Listing url is not the same: /fr/Stress-c97/A-Vogel-b54/Boiron-b61/Clef-des-champs-b26/brand.Url vs /fr/Stress-c97/A-Vogel-b54/Boiron-b61/Clef-des-champs-b26. Lang:fr
13:15:27 Listing url is not the same: /fr/Homeopathie-c12/Boiron-b61/Meditrina-b68/b.Url vs /fr/Homeopathie-c12/Boiron-b61/Meditrina-b68. Lang:fr
13:15:31 Listing url is not the same: /fr/Sante-des-femmes-c100/Clef-des-champs-b26/Meditrina-b68/Natural-Factors-b71/subcat.Url vs /fr/Sante-des-femmes-c100/Clef-des-champs-b26/Meditrina-b68/Natural-Factors-b71. Lang:fr
13:15:33 Listing url is not the same: /fr/Sante-des-femmes-c100/Druide-b63/Nature-Clean-b72/promotion.Url vs /fr/Sante-des-femmes-c100/Druide-b63/Nature-Clean-b72. Lang:fr
13:15:37 Listing url is not the same: /fr/Stress-c97/Clef-des-champs-b26/Le-Tournesol-ANB-b64/Merveilles-d-Abeilles-b69/b.Url vs /fr/Stress-c97/Clef-des-champs-b26/Le-Tournesol-ANB-b64/Merveilles-d-Abeilles-b69. Lang:fr
13:15:38 Listing url is not the same: /fr/Stress-c97/Clef-des-champs-b26/Le-Tournesol-ANB-b64/Natural-Factors-b71/promotion.Url vs /fr/Stress-c97/Clef-des-champs-b26/Le-Tournesol-ANB-b64/Natural-Factors-b71. Lang:fr
13:15:39 Listing url is not the same: /fr/Stress-c97/Clef-des-champs-b26/Nature-Clean-b72/brand.Url vs /fr/Stress-c97/Clef-des-champs-b26/Nature-Clean-b72. Lang:fr
13:15:40 Listing url is not the same: /fr/Stress-c97/Meditrina-b68/Nature-Clean-b72/b.Url vs /fr/Stress-c97/Meditrina-b68/Nature-Clean-b72. Lang:fr
13:15:41 Listing url is not the same: /fr/Systeme-immunitaire-c93/Boiron-b61/Nature-Clean-b72/b.Url vs /fr/Systeme-immunitaire-c93/Boiron-b61/Nature-Clean-b72. Lang:fr
14:05:53 Listing url is not the same: /fr/Detox-Digestion-c87/A-Vogel-b54/Druide-b63/brand.Url vs /fr/Detox-Digestion-c87/A-Vogel-b54/Druide-b63. Lang:fr
14:06:03 Listing url is not the same: /fr/Sante-des-femmes-c100/Druide-b63/urlBilingual vs /fr/Sante-des-femmes-c100/Druide-b63. Lang:fr
14:07:13 Listing url is not the same: /fr/Fatigue-c99/Druide-b63/urlBilingual vs /fr/Fatigue-c99/Druide-b63. Lang:fr
14:07:44 Listing url is not the same: /fr/Sante-des-enfants-c108/A-Vogel-b54/Druide-b63/urlBilingual vs /fr/Sante-des-enfants-c108/A-Vogel-b54/Druide-b63. Lang:fr
14:08:53 Listing url is not the same: /fr/Sante-des-femmes-c100/Boiron-b61/Clef-des-champs-b26/Meditrina-b68/promotion.Url vs /fr/Sante-des-femmes-c100/Boiron-b61/Clef-des-champs-b26/Meditrina-b68. Lang:fr
14:09:52 Listing url is not the same: /fr/Coeur-et-sante-generale-c106/Anokian-b58/b.Url vs /fr/Coeur-et-sante-generale-c106/Anokian-b58. Lang:fr
14:09:57 Listing url is not the same: /fr/Fatigue-c99/Le-Tournesol-ANB-b64/subcat.Url vs /fr/Fatigue-c99/Le-Tournesol-ANB-b64. Lang:fr
14:10:01 Listing url is not the same: /fr/Inflammation-c98/Boiron-b61/Druide-b63/p.Url vs /fr/Inflammation-c98/Boiron-b61/Druide-b63. Lang:fr
14:10:05 Listing url is not the same: /fr/Inflammation-c98/Boiron-b61/Meditrina-b68/subcat.Url vs /fr/Inflammation-c98/Boiron-b61/Meditrina-b68. Lang:fr
14:10:08 Listing url is not the same: /fr/Sante-des-enfants-c108/Druide-b63/urlBilingual vs /fr/Sante-des-enfants-c108/Druide-b63. Lang:fr
14:11:15 Listing url is not the same: /fr/Inflammation-c98/Clef-des-champs-b26/Merveilles-d-Abeilles-b69/cat.Url vs /fr/Inflammation-c98/Clef-des-champs-b26/Merveilles-d-Abeilles-b69. Lang:fr
14:16:29 Listing url is not the same: /fr/Fatigue-c99/A-Vogel-b54/Meditrina-b68/cat.Url vs /fr/Fatigue-c99/A-Vogel-b54/Meditrina-b68. Lang:fr
14:16:31 Listing url is not the same: /fr/Fatigue-c99/Natural-Factors-b71/New-roots-b74/urlBilingual vs /fr/Fatigue-c99/Natural-Factors-b71/New-roots-b74. Lang:fr
14:16:33 Listing url is not the same: /fr/Sante-des-femmes-c100/Clef-des-champs-b26/Meditrina-b68/Natural-Factors-b71/b.Url vs /fr/Sante-des-femmes-c100/Clef-des-champs-b26/Meditrina-b68/Natural-Factors-b71. Lang:fr
14:16:34 Listing url is not the same: /fr/Sommeil-c88/Clef-des-champs-b26/Natural-Factors-b71/addressLink vs /fr/Sommeil-c88/Clef-des-champs-b26/Natural-Factors-b71. Lang:fr
15:09:38 Listing url is not the same: /fr/Fatigue-c99/Boiron-b61/brand.Url vs /fr/Fatigue-c99/Boiron-b61. Lang:fr
15:12:05 Listing url is not the same: /fr/Fatigue-c99/Nature-Clean-b72/promotion.Url vs /fr/Fatigue-c99/Nature-Clean-b72. Lang:fr
15:12:08 Listing url is not the same: /fr/Sommeil-c88/Clef-des-champs-b26/p.Url vs /fr/Sommeil-c88/Clef-des-champs-b26. Lang:fr
15:12:11 Listing url is not the same: /fr/Sommeil-c88/Clef-des-champs-b26/promotion.Url vs /fr/Sommeil-c88/Clef-des-champs-b26. Lang:fr
15:12:36 Listing url is not the same: /fr/Allergies-c55/A-Vogel-b54/Anokian-b58/promotion.Url vs /fr/Allergies-c55/A-Vogel-b54/Anokian-b58. Lang:fr
15:12:40 Listing url is not the same: /fr/Sommeil-c88/Boiron-b61/Clef-des-champs-b26/p.Url vs /fr/Sommeil-c88/Boiron-b61/Clef-des-champs-b26. Lang:fr
15:12:41 Listing url is not the same: /fr/Systeme-immunitaire-c93/Boiron-b61/Meditrina-b68/p.Url vs /fr/Systeme-immunitaire-c93/Boiron-b61/Meditrina-b68. Lang:fr
15:13:18 Listing url is not the same: /fr/Fatigue-c99/Boiron-b61/Clef-des-champs-b26/Meditrina-b68/brand.Url vs /fr/Fatigue-c99/Boiron-b61/Clef-des-champs-b26/Meditrina-b68. Lang:fr
15:14:00 Listing url is not the same: /fr/Fatigue-c99/A-Vogel-b54/Clef-des-champs-b26/Meditrina-b68/addressLink vs /fr/Fatigue-c99/A-Vogel-b54/Clef-des-champs-b26/Meditrina-b68. Lang:fr
15:14:01 Listing url is not the same: /fr/Inflammation-c98/A-Vogel-b54/Clef-des-champs-b26/Druide-b63/p.UrlBrand vs /fr/Inflammation-c98/A-Vogel-b54/Clef-des-champs-b26/Druide-b63. Lang:fr
15:14:47 Listing url is not the same: /fr/Homeopathie-c12/Boiron-b61/Druide-b63/addressLink vs /fr/Homeopathie-c12/Boiron-b61/Druide-b63. Lang:fr
15:14:48 Listing url is not the same: /fr/Sante-des-enfants-c108/Anokian-b58/urlBilingual vs /fr/Sante-des-enfants-c108/Anokian-b58. Lang:fr
15:14:49 Listing url is not the same: /fr/Sante-des-femmes-c100/Druide-b63/Meditrina-b68/p.Url vs /fr/Sante-des-femmes-c100/Druide-b63/Meditrina-b68. Lang:fr
15:14:50 Listing url is not the same: /fr/Sante-des-femmes-c100/Druide-b63/Meditrina-b68/subcat.Url vs /fr/Sante-des-femmes-c100/Druide-b63/Meditrina-b68. Lang:fr
15:14:51 Listing url is not the same: /fr/Stress-c97/A-Vogel-b54/Meditrina-b68/urlBilingual vs /fr/Stress-c97/A-Vogel-b54/Meditrina-b68. Lang:fr
15:14:52 Listing url is not the same: /fr/Systeme-immunitaire-c93/Boiron-b61/Le-Tournesol-ANB-b64/b.Url vs /fr/Systeme-immunitaire-c93/Boiron-b61/Le-Tournesol-ANB-b64. Lang:fr
15:16:35 Listing url is not the same: /fr/Systeme-immunitaire-c93/Clef-des-champs-b26/Druide-b63/Meditrina-b68/promotion.Url vs /fr/Systeme-immunitaire-c93/Clef-des-champs-b26/Druide-b63/Meditrina-b68. Lang:fr
15:16:36 Listing url is not the same: /fr/Systeme-immunitaire-c93/Le-Tournesol-ANB-b64/brand.Url vs /fr/Systeme-immunitaire-c93/Le-Tournesol-ANB-b64. Lang:fr
15:16:37 Listing url is not the same: /fr/Systeme-immunitaire-c93/Meditrina-b68/Merveilles-d-Abeilles-b69/cat.Url vs /fr/Systeme-immunitaire-c93/Meditrina-b68/Merveilles-d-Abeilles-b69. Lang:fr
15:20:52 Listing url is not the same: /fr/Stress-c97/Clef-des-champs-b26/Le-Tournesol-ANB-b64/Merveilles-d-Abeilles-b69/urlBilingual vs /fr/Stress-c97/Clef-des-champs-b26/Le-Tournesol-ANB-b64/Merveilles-d-Abeilles-b69. Lang:fr
16:05:18 Listing url is not the same: /fr/Cosmetique-parfum-et-deodorant-c60/Anokian-b58/promotion.Url vs /fr/Cosmetique-parfum-et-deodorant-c60/Anokian-b58. Lang:fr
16:07:54 Listing url is not the same: /fr/Fatigue-c99/Boiron-b61/b.Url vs /fr/Fatigue-c99/Boiron-b61. Lang:fr
16:07:57 Listing url is not the same: /fr/Sante-des-enfants-c108/Boiron-b61/Clef-des-champs-b26/b.Url vs /fr/Sante-des-enfants-c108/Boiron-b61/Clef-des-champs-b26. Lang:fr
16:11:14 Listing url is not the same: /fr/Antioxydants-c62/A-Vogel-b54/Anokian-b58/urlBilingual vs /fr/Antioxydants-c62/A-Vogel-b54/Anokian-b58. Lang:fr
16:11:16 Listing url is not the same: /fr/Detox-Digestion-c87/Boiron-b61/Meditrina-b68/promotion.Url vs /fr/Detox-Digestion-c87/Boiron-b61/Meditrina-b68. Lang:fr
16:11:18 Listing url is not the same: /fr/Sante-des-femmes-c100/Boiron-b61/Meditrina-b68/addressLink vs /fr/Sante-des-femmes-c100/Boiron-b61/Meditrina-b68. Lang:fr
16:12:01 Listing url is not the same: /fr/Inflammation-c98/Clef-des-champs-b26/Le-Tournesol-ANB-b64/promotion.Url vs /fr/Inflammation-c98/Clef-des-champs-b26/Le-Tournesol-ANB-b64. Lang:fr
16:15:04 Listing url is not the same: /fr/Coeur-et-sante-generale-c106/Anokian-b58/p.Url vs /fr/Coeur-et-sante-generale-c106/Anokian-b58. Lang:fr
16:15:05 Listing url is not the same: /fr/Detox-Digestion-c87/A-Vogel-b54/Anokian-b58/promotion.Url vs /fr/Detox-Digestion-c87/A-Vogel-b54/Anokian-b58. Lang:fr
16:15:07 Listing url is not the same: /fr/Fatigue-c99/A-Vogel-b54/Boiron-b61/promotion.Url vs /fr/Fatigue-c99/A-Vogel-b54/Boiron-b61. Lang:fr
16:15:08 Listing url is not the same: /fr/Fatigue-c99/Anokian-b58/urlBilingual vs /fr/Fatigue-c99/Anokian-b58. Lang:fr
16:15:09 Listing url is not the same: /fr/Sante-des-enfants-c108/Anokian-b58/addressLink vs /fr/Sante-des-enfants-c108/Anokian-b58. Lang:fr
16:15:09 Listing url is not the same: /fr/Sante-des-enfants-c108/Boiron-b61/Meditrina-b68/promotion.Url vs /fr/Sante-des-enfants-c108/Boiron-b61/Meditrina-b68. Lang:fr
16:15:10 Listing url is not the same: /fr/Stress-c97/Nature-Clean-b72/p.UrlBrand vs /fr/Stress-c97/Nature-Clean-b72. Lang:fr
16:15:11 Listing url is not the same: /fr/Systeme-immunitaire-c93/A-Vogel-b54/Boiron-b61/promotion.Url vs /fr/Systeme-immunitaire-c93/A-Vogel-b54/Boiron-b61. Lang:fr
16:15:13 Listing url is not the same: /fr/Systeme-immunitaire-c93/A-Vogel-b54/Druide-b63/p.Url vs /fr/Systeme-immunitaire-c93/A-Vogel-b54/Druide-b63. Lang:fr
16:15:15 Listing url is not the same: /fr/Systeme-immunitaire-c93/Boiron-b61/Druide-b63/subcat.Url vs /fr/Systeme-immunitaire-c93/Boiron-b61/Druide-b63. Lang:fr
16:15:17 Listing url is not the same: /fr/Systeme-immunitaire-c93/Le-Tournesol-ANB-b64/p.Url vs /fr/Systeme-immunitaire-c93/Le-Tournesol-ANB-b64. Lang:fr
16:16:20 Listing url is not the same: /fr/Concentration-memoire-migraine-c56/Anokian-b58/addressLink vs /fr/Concentration-memoire-migraine-c56/Anokian-b58. Lang:fr
16:16:21 Listing url is not the same: /fr/Detox-Digestion-c87/A-Vogel-b54/Clef-des-champs-b26/Meditrina-b68/promotion.Url vs /fr/Detox-Digestion-c87/A-Vogel-b54/Clef-des-champs-b26/Meditrina-b68. Lang:fr
16:16:22 Listing url is not the same: /fr/Inflammation-c98/Clef-des-champs-b26/Le-Tournesol-ANB-b64/Meditrina-b68/cat.Url vs /fr/Inflammation-c98/Clef-des-champs-b26/Le-Tournesol-ANB-b64/Meditrina-b68. Lang:fr
16:16:24 Listing url is not the same: /fr/Sante-des-femmes-c100/Clef-des-champs-b26/Le-Tournesol-ANB-b64/Meditrina-b68/subcat.Url vs /fr/Sante-des-femmes-c100/Clef-des-champs-b26/Le-Tournesol-ANB-b64/Meditrina-b68. Lang:fr
16:16:24 Listing url is not the same: /fr/Sommeil-c88/Boiron-b61/Clef-des-champs-b26/Meditrina-b68/subcat.Url vs /fr/Sommeil-c88/Boiron-b61/Clef-des-champs-b26/Meditrina-b68. Lang:fr
17:02:29 Listing url is not the same: /fr/Stress-c97/b.Url vs /fr/Stress-c97. Lang:fr
17:06:31 Listing url is not the same: /fr/Fatigue-c99/Clef-des-champs-b26/Le-Tournesol-ANB-b64/urlBilingual vs /fr/Fatigue-c99/Clef-des-champs-b26/Le-Tournesol-ANB-b64. Lang:fr
17:06:35 Listing url is not the same: /fr/Sante-des-enfants-c108/A-Vogel-b54/b.Url vs /fr/Sante-des-enfants-c108/A-Vogel-b54. Lang:fr
17:06:43 Listing url is not the same: /fr/Stress-c97/Clef-des-champs-b26/addressLink vs /fr/Stress-c97/Clef-des-champs-b26. Lang:fr
17:07:36 Listing url is not the same: /fr/Cosmetique-parfum-et-deodorant-c60/Anokian-b58/Boiron-b61/p.UrlBrand vs /fr/Cosmetique-parfum-et-deodorant-c60/Anokian-b58/Boiron-b61. Lang:fr
17:07:43 Listing url is not the same: /fr/Inflammation-c98/A-Vogel-b54/Boiron-b61/urlBilingual vs /fr/Inflammation-c98/A-Vogel-b54/Boiron-b61. Lang:fr
17:08:16 Listing url is not the same: /fr/Sante-des-enfants-c108/Clef-des-champs-b26/Le-Tournesol-ANB-b64/p.UrlBrand vs /fr/Sante-des-enfants-c108/Clef-des-champs-b26/Le-Tournesol-ANB-b64. Lang:fr
17:08:20 Listing url is not the same: /fr/Sommeil-c88/Clef-des-champs-b26/cat.Url vs /fr/Sommeil-c88/Clef-des-champs-b26. Lang:fr
17:08:52 Listing url is not the same: /fr/Homeopathie-c12/Boiron-b61/Clef-des-champs-b26/b.Url vs /fr/Homeopathie-c12/Boiron-b61/Clef-des-champs-b26. Lang:fr
17:09:00 Listing url is not the same: /fr/Homeopathie-c12/Boiron-b61/Clef-des-champs-b26/brand.Url vs /fr/Homeopathie-c12/Boiron-b61/Clef-des-champs-b26. Lang:fr
17:09:31 Listing url is not the same: /fr/Inflammation-c98/Boiron-b61/Clef-des-champs-b26/Meditrina-b68/p.Url vs /fr/Inflammation-c98/Boiron-b61/Clef-des-champs-b26/Meditrina-b68. Lang:fr
17:10:12 Listing url is not the same: /fr/Detox-Digestion-c87/A-Vogel-b54/Boiron-b61/Clef-des-champs-b26/subcat.Url vs /fr/Detox-Digestion-c87/A-Vogel-b54/Boiron-b61/Clef-des-champs-b26. Lang:fr
17:11:09 Listing url is not the same: /fr/Homeopathie-c12/Boiron-b61/Druide-b63/p.UrlBrand vs /fr/Homeopathie-c12/Boiron-b61/Druide-b63. Lang:fr
17:11:11 Listing url is not the same: /fr/Inflammation-c98/Boiron-b61/Druide-b63/promotion.Url vs /fr/Inflammation-c98/Boiron-b61/Druide-b63. Lang:fr
17:11:14 Listing url is not the same: /fr/Sante-des-femmes-c100/Anokian-b58/addressLink vs /fr/Sante-des-femmes-c100/Anokian-b58. Lang:fr
17:11:16 Listing url is not the same: /fr/Sante-des-femmes-c100/Natural-Factors-b71/p.UrlBrand vs /fr/Sante-des-femmes-c100/Natural-Factors-b71. Lang:fr
17:11:18 Listing url is not the same: /fr/Stress-c97/Boiron-b61/Le-Tournesol-ANB-b64/p.Url vs /fr/Stress-c97/Boiron-b61/Le-Tournesol-ANB-b64. Lang:fr
17:12:45 Listing url is not the same: /fr/Detox-Digestion-c87/A-Vogel-b54/Clef-des-champs-b26/Meditrina-b68/p.UrlBrand vs /fr/Detox-Digestion-c87/A-Vogel-b54/Clef-des-champs-b26/Meditrina-b68. Lang:fr
17:12:48 Listing url is not the same: /fr/Inflammation-c98/A-Vogel-b54/Clef-des-champs-b26/Meditrina-b68/p.UrlBrand vs /fr/Inflammation-c98/A-Vogel-b54/Clef-des-champs-b26/Meditrina-b68. Lang:fr
17:15:29 Listing url is not the same: /fr/Antioxydants-c62/A-Vogel-b54/Boiron-b61/Clef-des-champs-b26/Druide-b63/Le-Tournesol-ANB-b64/promotion.Url vs /fr/Antioxydants-c62/A-Vogel-b54/Boiron-b61/Clef-des-champs-b26/Druide-b63/Le-Tournesol-ANB-b64. Lang:fr
17:15:30 Listing url is not the same: /fr/Sommeil-c88/Boiron-b61/Clef-des-champs-b26/Druide-b63/p.Url vs /fr/Sommeil-c88/Boiron-b61/Clef-des-champs-b26/Druide-b63. Lang:fr
18:03:49 Listing url is not the same: /fr/Sante-des-femmes-c100/Boiron-b61/Meditrina-b68/b.Url vs /fr/Sante-des-femmes-c100/Boiron-b61/Meditrina-b68. Lang:fr
18:03:53 Listing url is not the same: /fr/Stress-c97/Clef-des-champs-b26/Druide-b63/b.Url vs /fr/Stress-c97/Clef-des-champs-b26/Druide-b63. Lang:fr
18:05:43 Listing url is not the same: /fr/Homeopathie-c12/Boiron-b61/Druide-b63/brand.Url vs /fr/Homeopathie-c12/Boiron-b61/Druide-b63. Lang:fr
18:05:46 Listing url is not the same: /fr/Homeopathie-c12/Boiron-b61/urlBilingual vs /fr/Homeopathie-c12/Boiron-b61. Lang:fr
18:05:47 Listing url is not the same: /fr/Stress-c97/Boiron-b61/Meditrina-b68/subcat.Url vs /fr/Stress-c97/Boiron-b61/Meditrina-b68. Lang:fr
18:05:49 Listing url is not the same: /fr/Systeme-immunitaire-c93/A-Vogel-b54/Le-Tournesol-ANB-b64/cat.Url vs /fr/Systeme-immunitaire-c93/A-Vogel-b54/Le-Tournesol-ANB-b64. Lang:fr
18:10:25 Listing url is not the same: /fr/Coeur-et-sante-generale-c106/Boiron-b61/Druide-b63/p.UrlBrand vs /fr/Coeur-et-sante-generale-c106/Boiron-b61/Druide-b63. Lang:fr
18:10:27 Listing url is not the same: /fr/Fatigue-c99/Natural-Factors-b71/New-roots-b74/subcat.Url vs /fr/Fatigue-c99/Natural-Factors-b71/New-roots-b74. Lang:fr
18:10:29 Listing url is not the same: /fr/Homeopathie-c12/A-Vogel-b54/Druide-b63/addressLink vs /fr/Homeopathie-c12/A-Vogel-b54/Druide-b63. Lang:fr
18:10:30 Listing url is not the same: /fr/Nettoyage-c73/Anokian-b58/Le-Tournesol-ANB-b64/urlBilingual vs /fr/Nettoyage-c73/Anokian-b58/Le-Tournesol-ANB-b64. Lang:fr
18:10:31 Listing url is not the same: /fr/Stress-c97/Meditrina-b68/Nature-Clean-b72/subcat.Url vs /fr/Stress-c97/Meditrina-b68/Nature-Clean-b72. Lang:fr
19:00:34 Listing url is not the same: /fr/Homeopathie-c12/p.Url vs /fr/Homeopathie-c12. Lang:fr
19:01:15 Listing url is not the same: /fr/Homeopathie-c12/brand.Url vs /fr/Homeopathie-c12. Lang:fr
19:01:18 Listing url is not the same: /fr/Inflammation-c98/Anokian-b58/b.Url vs /fr/Inflammation-c98/Anokian-b58. Lang:fr
19:02:37 Listing url is not the same: /fr/Sante-des-femmes-c100/Boiron-b61/Meditrina-b68/cat.Url vs /fr/Sante-des-femmes-c100/Boiron-b61/Meditrina-b68. Lang:fr
19:05:01 Listing url is not the same: /fr/Nettoyage-c73/Anokian-b58/b.Url vs /fr/Nettoyage-c73/Anokian-b58. Lang:fr
19:05:31 Listing url is not the same: /fr/Antioxydants-c62/Anokian-b58/p.Url vs /fr/Antioxydants-c62/Anokian-b58. Lang:fr
19:05:51 Listing url is not the same: /fr/Systeme-immunitaire-c93/A-Vogel-b54/Druide-b63/urlBilingual vs /fr/Systeme-immunitaire-c93/A-Vogel-b54/Druide-b63. Lang:fr
19:06:14 Listing url is not the same: /fr/Detox-Digestion-c87/Le-Tournesol-ANB-b64/Merveilles-d-Abeilles-b69/urlBilingual vs /fr/Detox-Digestion-c87/Le-Tournesol-ANB-b64/Merveilles-d-Abeilles-b69. Lang:fr
19:06:18 Listing url is not the same: /fr/Detox-Digestion-c87/Merveilles-d-Abeilles-b69/urlBilingual vs /fr/Detox-Digestion-c87/Merveilles-d-Abeilles-b69. Lang:fr
19:09:00 Listing url is not the same: /fr/Sante-des-enfants-c108/Anokian-b58/Clef-des-champs-b26/p.Url vs /fr/Sante-des-enfants-c108/Anokian-b58/Clef-des-champs-b26. Lang:fr
19:09:04 Listing url is not the same: /fr/Stress-c97/Boiron-b61/Natural-Factors-b71/brand.Url vs /fr/Stress-c97/Boiron-b61/Natural-Factors-b71. Lang:fr
19:58:08 Listing url is not the same: /fr/Rhume-grippe-voie-respiratoire-c57/A-Vogel-b54/Anokian-b58/b.Url vs /fr/Rhume-grippe-voie-respiratoire-c57/A-Vogel-b54/Anokian-b58. Lang:fr
20:00:06 Listing url is not the same: /fr/Detox-Digestion-c87/Flora-b123/brand.Url vs /fr/Detox-Digestion-c87/Flora-b123. Lang:fr
20:00:08 Listing url is not the same: /fr/Inflammation-c98/Merveilles-d-Abeilles-b69/cat.Url vs /fr/Inflammation-c98/Merveilles-d-Abeilles-b69. Lang:fr
20:00:11 Listing url is not the same: /fr/Sante-des-femmes-c100/A-Vogel-b54/Druide-b63/cat.Url vs /fr/Sante-des-femmes-c100/A-Vogel-b54/Druide-b63. Lang:fr
20:00:18 Listing url is not the same: /fr/Systeme-immunitaire-c93/Nature-Clean-b72/p.UrlBrand vs /fr/Systeme-immunitaire-c93/Nature-Clean-b72. Lang:fr
20:00:38 Listing url is not the same: /fr/Detox-Digestion-c87/Le-Tournesol-ANB-b64/Merveilles-d-Abeilles-b69/b.Url vs /fr/Detox-Digestion-c87/Le-Tournesol-ANB-b64/Merveilles-d-Abeilles-b69. Lang:fr
20:00:39 Listing url is not the same: /fr/Systeme-immunitaire-c93/Boiron-b61/Le-Tournesol-ANB-b64/subcat.Url vs /fr/Systeme-immunitaire-c93/Boiron-b61/Le-Tournesol-ANB-b64. Lang:fr
20:00:41 Listing url is not the same: /fr/Systeme-immunitaire-c93/Clef-des-champs-b26/Le-Tournesol-ANB-b64/Meditrina-b68/brand.Url vs /fr/Systeme-immunitaire-c93/Clef-des-champs-b26/Le-Tournesol-ANB-b64/Meditrina-b68. Lang:fr
20:01:12 Listing url is not the same: /fr/Systeme-immunitaire-c93/Clef-des-champs-b26/Le-Tournesol-ANB-b64/Meditrina-b68/promotion.Url vs /fr/Systeme-immunitaire-c93/Clef-des-champs-b26/Le-Tournesol-ANB-b64/Meditrina-b68. Lang:fr
20:01:13 Listing url is not the same: /fr/Systeme-immunitaire-c93/Clef-des-champs-b26/Le-Tournesol-ANB-b64/Merveilles-d-Abeilles-b69/p.UrlBrand vs /fr/Systeme-immunitaire-c93/Clef-des-champs-b26/Le-Tournesol-ANB-b64/Merveilles-d-Abeilles-b69. Lang:fr
20:03:23 Listing url is not the same: /fr/Fatigue-c99/Anokian-b58/Natural-Factors-b71/promotion.Url vs /fr/Fatigue-c99/Anokian-b58/Natural-Factors-b71. Lang:fr
20:03:24 Listing url is not the same: /fr/Nettoyage-c73/Anokian-b58/Le-Tournesol-ANB-b64/addressLink vs /fr/Nettoyage-c73/Anokian-b58/Le-Tournesol-ANB-b64. Lang:fr
20:03:26 Listing url is not the same: /fr/Sante-des-enfants-c108/Clef-des-champs-b26/Meditrina-b68/Natural-Factors-b71/addressLink vs /fr/Sante-des-enfants-c108/Clef-des-champs-b26/Meditrina-b68/Natural-Factors-b71. Lang:fr
20:03:28 Listing url is not the same: /fr/Sante-des-enfants-c108/Clef-des-champs-b26/Meditrina-b68/Natural-Factors-b71/subcat.Url vs /fr/Sante-des-enfants-c108/Clef-des-champs-b26/Meditrina-b68/Natural-Factors-b71. Lang:fr
20:03:29 Listing url is not the same: /fr/Stress-c97/Druide-b63/Nature-Clean-b72/b.Url vs /fr/Stress-c97/Druide-b63/Nature-Clean-b72. Lang:fr
20:40:28 Listing url is not the same: /fr/Sante-des-enfants-c108/Meditrina-b68/p.Url vs /fr/Sante-des-enfants-c108/Meditrina-b68. Lang:fr
20:40:43 Listing url is not the same: /fr/Sante-des-enfants-c108/Clef-des-champs-b26/Le-Tournesol-ANB-b64/p.Url vs /fr/Sante-des-enfants-c108/Clef-des-champs-b26/Le-Tournesol-ANB-b64. Lang:fr
20:42:22 Listing url is not the same: /fr/Coeur-et-sante-generale-c106/Anokian-b58/cat.Url vs /fr/Coeur-et-sante-generale-c106/Anokian-b58. Lang:fr
20:42:25 Listing url is not the same: /fr/Fatigue-c99/Boiron-b61/Meditrina-b68/urlBilingual vs /fr/Fatigue-c99/Boiron-b61/Meditrina-b68. Lang:fr
20:42:28 Listing url is not the same: /fr/Inflammation-c98/Le-Tournesol-ANB-b64/b.Url vs /fr/Inflammation-c98/Le-Tournesol-ANB-b64. Lang:fr
20:42:33 Listing url is not the same: /fr/Stress-c97/Le-Tournesol-ANB-b64/subcat.Url vs /fr/Stress-c97/Le-Tournesol-ANB-b64. Lang:fr
20:43:08 Listing url is not the same: /fr/Detox-Digestion-c87/A-Vogel-b54/Clef-des-champs-b26/Meditrina-b68/cat.Url vs /fr/Detox-Digestion-c87/A-Vogel-b54/Clef-des-champs-b26/Meditrina-b68. Lang:fr
20:43:09 Listing url is not the same: /fr/Detox-Digestion-c87/A-Vogel-b54/Clef-des-champs-b26/Meditrina-b68/urlBilingual vs /fr/Detox-Digestion-c87/A-Vogel-b54/Clef-des-champs-b26/Meditrina-b68. Lang:fr
20:43:10 Listing url is not the same: /fr/Stress-c97/Boiron-b61/Clef-des-champs-b26/Meditrina-b68/urlBilingual vs /fr/Stress-c97/Boiron-b61/Clef-des-champs-b26/Meditrina-b68. Lang:fr
20:47:18 Listing url is not the same: /fr/Detox-Digestion-c87/A-Vogel-b54/Natural-Factors-b71/cat.Url vs /fr/Detox-Digestion-c87/A-Vogel-b54/Natural-Factors-b71. Lang:fr
20:47:19 Listing url is not the same: /fr/Fatigue-c99/Clef-des-champs-b26/Meditrina-b68/Natural-Factors-b71/brand.Url vs /fr/Fatigue-c99/Clef-des-champs-b26/Meditrina-b68/Natural-Factors-b71. Lang:fr
20:47:20 Listing url is not the same: /fr/Inflammation-c98/Clef-des-champs-b26/Meditrina-b68/Natural-Factors-b71/b.Url vs /fr/Inflammation-c98/Clef-des-champs-b26/Meditrina-b68/Natural-Factors-b71. Lang:fr
20:47:21 Listing url is not the same: /fr/Inflammation-c98/Druide-b63/Nature-Clean-b72/p.Url vs /fr/Inflammation-c98/Druide-b63/Nature-Clean-b72. Lang:fr
20:47:28 Listing url is not the same: /fr/Sante-des-femmes-c100/Boiron-b61/Clef-des-champs-b26/Merveilles-d-Abeilles-b69/brand.Url vs /fr/Sante-des-femmes-c100/Boiron-b61/Clef-des-champs-b26/Merveilles-d-Abeilles-b69. Lang:fr
20:47:31 Listing url is not the same: /fr/Sante-des-femmes-c100/Clef-des-champs-b26/Druide-b63/Le-Tournesol-ANB-b64/addressLink vs /fr/Sante-des-femmes-c100/Clef-des-champs-b26/Druide-b63/Le-Tournesol-ANB-b64. Lang:fr
20:47:33 Listing url is not the same: /fr/Sante-des-femmes-c100/Clef-des-champs-b26/Le-Tournesol-ANB-b64/Merveilles-d-Abeilles-b69/b.Url vs /fr/Sante-des-femmes-c100/Clef-des-champs-b26/Le-Tournesol-ANB-b64/Merveilles-d-Abeilles-b69. Lang:fr
20:47:35 Listing url is not the same: /fr/Sante-des-femmes-c100/Clef-des-champs-b26/Le-Tournesol-ANB-b64/Natural-Factors-b71/cat.Url vs /fr/Sante-des-femmes-c100/Clef-des-champs-b26/Le-Tournesol-ANB-b64/Natural-Factors-b71. Lang:fr
20:47:37 Listing url is not the same: /fr/Sante-des-femmes-c100/Clef-des-champs-b26/Le-Tournesol-ANB-b64/Natural-Factors-b71/p.UrlBrand vs /fr/Sante-des-femmes-c100/Clef-des-champs-b26/Le-Tournesol-ANB-b64/Natural-Factors-b71. Lang:fr
20:47:39 Listing url is not the same: /fr/Sommeil-c88/A-Vogel-b54/Clef-des-champs-b26/b.Url vs /fr/Sommeil-c88/A-Vogel-b54/Clef-des-champs-b26. Lang:fr
20:50:33 Listing url is not the same: /fr/Sante-des-enfants-c108/Clef-des-champs-b26/Nature-Clean-b72/promotion.Url vs /fr/Sante-des-enfants-c108/Clef-des-champs-b26/Nature-Clean-b72. Lang:fr
20:50:47 Listing url is not the same: /fr/Sante-des-femmes-c100/Clef-des-champs-b26/Nature-Clean-b72/addressLink vs /fr/Sante-des-femmes-c100/Clef-des-champs-b26/Nature-Clean-b72. Lang:fr
21:36:52 Listing url is not the same: /fr/Fatigue-c99/Nature-Clean-b72/brand.Url vs /fr/Fatigue-c99/Nature-Clean-b72. Lang:fr
21:37:01 Listing url is not the same: /fr/Stress-c97/Clef-des-champs-b26/Druide-b63/brand.Url vs /fr/Stress-c97/Clef-des-champs-b26/Druide-b63. Lang:fr
21:37:03 Listing url is not the same: /fr/Stress-c97/Clef-des-champs-b26/Le-Tournesol-ANB-b64/p.Url vs /fr/Stress-c97/Clef-des-champs-b26/Le-Tournesol-ANB-b64. Lang:fr
21:37:53 Listing url is not the same: /fr/Fatigue-c99/Anokian-b58/subcat.Url vs /fr/Fatigue-c99/Anokian-b58. Lang:fr
21:38:01 Listing url is not the same: /fr/Inflammation-c98/Le-Tournesol-ANB-b64/promotion.Url vs /fr/Inflammation-c98/Le-Tournesol-ANB-b64. Lang:fr
21:38:03 Listing url is not the same: /fr/Stress-c97/Druide-b63/Meditrina-b68/urlBilingual vs /fr/Stress-c97/Druide-b63/Meditrina-b68. Lang:fr
21:38:25 Listing url is not the same: /fr/Detox-Digestion-c87/Merveilles-d-Abeilles-b69/addressLink vs /fr/Detox-Digestion-c87/Merveilles-d-Abeilles-b69. Lang:fr
21:38:27 Listing url is not the same: /fr/Stress-c97/Boiron-b61/Clef-des-champs-b26/Meditrina-b68/p.UrlBrand vs /fr/Stress-c97/Boiron-b61/Clef-des-champs-b26/Meditrina-b68. Lang:fr
21:38:28 Listing url is not the same: /fr/Stress-c97/Clef-des-champs-b26/Meditrina-b68/Merveilles-d-Abeilles-b69/cat.Url vs /fr/Stress-c97/Clef-des-champs-b26/Meditrina-b68/Merveilles-d-Abeilles-b69. Lang:fr
21:43:32 Listing url is not the same: /fr/Chandelles-c70/Anokian-b58/Boiron-b61/cat.Url vs /fr/Chandelles-c70/Anokian-b58/Boiron-b61. Lang:fr
21:43:34 Listing url is not the same: /fr/Detox-Digestion-c87/Clef-des-champs-b26/Le-Tournesol-ANB-b64/Merveilles-d-Abeilles-b69/cat.Url vs /fr/Detox-Digestion-c87/Clef-des-champs-b26/Le-Tournesol-ANB-b64/Merveilles-d-Abeilles-b69. Lang:fr
21:43:41 Listing url is not the same: /fr/Homeopathie-c12/A-Vogel-b54/Anokian-b58/urlBilingual vs /fr/Homeopathie-c12/A-Vogel-b54/Anokian-b58. Lang:fr
21:43:48 Listing url is not the same: /fr/Homeopathie-c12/A-Vogel-b54/Nature-Clean-b72/p.UrlBrand vs /fr/Homeopathie-c12/A-Vogel-b54/Nature-Clean-b72. Lang:fr
21:44:00 Listing url is not the same: /fr/Sante-des-enfants-c108/Druide-b63/Meditrina-b68/promotion.Url vs /fr/Sante-des-enfants-c108/Druide-b63/Meditrina-b68. Lang:fr
21:44:08 Listing url is not the same: /fr/Stress-c97/A-Vogel-b54/Anokian-b58/cat.Url vs /fr/Stress-c97/A-Vogel-b54/Anokian-b58. Lang:fr
21:44:15 Listing url is not the same: /fr/Stress-c97/Meditrina-b68/Nature-Clean-b72/cat.Url vs /fr/Stress-c97/Meditrina-b68/Nature-Clean-b72. Lang:fr
21:44:18 Listing url is not the same: /fr/Systeme-immunitaire-c93/Boiron-b61/Nature-Clean-b72/brand.Url vs /fr/Systeme-immunitaire-c93/Boiron-b61/Nature-Clean-b72. Lang:fr
21:47:47 Listing url is not the same: /fr/Huiles-magiques-de-wicca-c65/A-Vogel-b54/Clef-des-champs-b26/Druide-b63/Le-Tournesol-ANB-b64/Meditrina-b68/cat.Url vs /fr/Huiles-magiques-de-wicca-c65/A-Vogel-b54/Clef-des-champs-b26/Druide-b63/Le-Tournesol-ANB-b64/Meditrina-b68. Lang:fr
22:33:41 Listing url is not the same: /fr/Detox-Digestion-c87/Clef-des-champs-b26/Merveilles-d-Abeilles-b69/p.Url vs /fr/Detox-Digestion-c87/Clef-des-champs-b26/Merveilles-d-Abeilles-b69. Lang:fr
22:33:49 Listing url is not the same: /fr/Sante-des-enfants-c108/Clef-des-champs-b26/Le-Tournesol-ANB-b64/addressLink vs /fr/Sante-des-enfants-c108/Clef-des-champs-b26/Le-Tournesol-ANB-b64. Lang:fr
22:33:54 Listing url is not the same: /fr/Stress-c97/Clef-des-champs-b26/Druide-b63/p.Url vs /fr/Stress-c97/Clef-des-champs-b26/Druide-b63. Lang:fr
22:34:27 Listing url is not the same: /fr/Sante-des-enfants-c108/A-Vogel-b54/Clef-des-champs-b26/Meditrina-b68/addressLink vs /fr/Sante-des-enfants-c108/A-Vogel-b54/Clef-des-champs-b26/Meditrina-b68. Lang:fr
22:34:50 Listing url is not the same: /fr/Fatigue-c99/Anokian-b58/p.UrlBrand vs /fr/Fatigue-c99/Anokian-b58. Lang:fr
22:35:20 Listing url is not the same: /fr/Homeopathie-c12/Boiron-b61/subcat.Url vs /fr/Homeopathie-c12/Boiron-b61. Lang:fr
22:36:22 Listing url is not the same: /fr/Stress-c97/A-Vogel-b54/Clef-des-champs-b26/Druide-b63/addressLink vs /fr/Stress-c97/A-Vogel-b54/Clef-des-champs-b26/Druide-b63. Lang:fr
22:36:29 Listing url is not the same: /fr/Stress-c97/A-Vogel-b54/Clef-des-champs-b26/Druide-b63/urlBilingual vs /fr/Stress-c97/A-Vogel-b54/Clef-des-champs-b26/Druide-b63. Lang:fr
22:39:25 Listing url is not the same: /fr/Antioxydants-c62/Anokian-b58/Natural-Factors-b71/brand.Url vs /fr/Antioxydants-c62/Anokian-b58/Natural-Factors-b71. Lang:fr
22:39:29 Listing url is not the same: /fr/Detox-Digestion-c87/A-Vogel-b54/Clef-des-champs-b26/Le-Tournesol-ANB-b64/addressLink vs /fr/Detox-Digestion-c87/A-Vogel-b54/Clef-des-champs-b26/Le-Tournesol-ANB-b64. Lang:fr
22:39:39 Listing url is not the same: /fr/Homeopathie-c12/A-Vogel-b54/Anokian-b58/brand.Url vs /fr/Homeopathie-c12/A-Vogel-b54/Anokian-b58. Lang:fr
22:39:42 Listing url is not the same: /fr/Huiles-magiques-de-wicca-c65/Anokian-b58/Boiron-b61/addressLink vs /fr/Huiles-magiques-de-wicca-c65/Anokian-b58/Boiron-b61. Lang:fr
22:39:47 Listing url is not the same: /fr/Inflammation-c98/Clef-des-champs-b26/Nature-Clean-b72/p.Url vs /fr/Inflammation-c98/Clef-des-champs-b26/Nature-Clean-b72. Lang:fr
22:39:51 Listing url is not the same: /fr/Sante-des-femmes-c100/A-Vogel-b54/Clef-des-champs-b26/Le-Tournesol-ANB-b64/p.Url vs /fr/Sante-des-femmes-c100/A-Vogel-b54/Clef-des-champs-b26/Le-Tournesol-ANB-b64. Lang:fr
22:39:56 Listing url is not the same: /fr/Sante-des-femmes-c100/Clef-des-champs-b26/Le-Tournesol-ANB-b64/Natural-Factors-b71/p.Url vs /fr/Sante-des-femmes-c100/Clef-des-champs-b26/Le-Tournesol-ANB-b64/Natural-Factors-b71. Lang:fr
22:39:58 Listing url is not the same: /fr/Sommeil-c88/Clef-des-champs-b26/Natural-Factors-b71/cat.Url vs /fr/Sommeil-c88/Clef-des-champs-b26/Natural-Factors-b71. Lang:fr
22:40:01 Listing url is not the same: /fr/Stress-c97/Clef-des-champs-b26/Le-Tournesol-ANB-b64/Merveilles-d-Abeilles-b69/p.Url vs /fr/Stress-c97/Clef-des-champs-b26/Le-Tournesol-ANB-b64/Merveilles-d-Abeilles-b69. Lang:fr
22:40:05 Listing url is not the same: /fr/Systeme-immunitaire-c93/Meditrina-b68/Nature-Clean-b72/p.Url vs /fr/Systeme-immunitaire-c93/Meditrina-b68/Nature-Clean-b72. Lang:fr
22:42:52 Listing url is not the same: /fr/Cosmetique-parfum-et-deodorant-c60/Anokian-b58/Merveilles-d-Abeilles-b69/cat.Url vs /fr/Cosmetique-parfum-et-deodorant-c60/Anokian-b58/Merveilles-d-Abeilles-b69. Lang:fr
22:42:54 Listing url is not the same: /fr/Detox-Digestion-c87/Druide-b63/Merveilles-d-Abeilles-b69/addressLink vs /fr/Detox-Digestion-c87/Druide-b63/Merveilles-d-Abeilles-b69. Lang:fr
22:42:56 Listing url is not the same: /fr/Sante-des-enfants-c108/Clef-des-champs-b26/Nature-Clean-b72/p.UrlBrand vs /fr/Sante-des-enfants-c108/Clef-des-champs-b26/Nature-Clean-b72. Lang:fr
22:42:58 Listing url is not the same: /fr/Sante-des-femmes-c100/Boiron-b61/Natural-Factors-b71/addressLink vs /fr/Sante-des-femmes-c100/Boiron-b61/Natural-Factors-b71. Lang:fr
23:28:57 Listing url is not the same: /fr/Inflammation-c98/A-Vogel-b54/Boiron-b61/b.Url vs /fr/Inflammation-c98/A-Vogel-b54/Boiron-b61. Lang:fr
23:29:14 Listing url is not the same: /fr/Detox-Digestion-c87/Clef-des-champs-b26/Merveilles-d-Abeilles-b69/p.UrlBrand vs /fr/Detox-Digestion-c87/Clef-des-champs-b26/Merveilles-d-Abeilles-b69. Lang:fr
23:29:29 Listing url is not the same: /fr/Sommeil-c88/Clef-des-champs-b26/Druide-b63/p.Url vs /fr/Sommeil-c88/Clef-des-champs-b26/Druide-b63. Lang:fr
23:30:41 Listing url is not the same: /fr/Fatigue-c99/Boiron-b61/Meditrina-b68/promotion.Url vs /fr/Fatigue-c99/Boiron-b61/Meditrina-b68. Lang:fr
23:30:44 Listing url is not the same: /fr/Inflammation-c98/Le-Tournesol-ANB-b64/Meditrina-b68/p.Url vs /fr/Inflammation-c98/Le-Tournesol-ANB-b64/Meditrina-b68. Lang:fr
23:30:46 Listing url is not the same: /fr/Nettoyage-c73/Anokian-b58/brand.Url vs /fr/Nettoyage-c73/Anokian-b58. Lang:fr
23:30:48 Listing url is not the same: /fr/Sante-des-femmes-c100/A-Vogel-b54/Druide-b63/brand.Url vs /fr/Sante-des-femmes-c100/A-Vogel-b54/Druide-b63. Lang:fr
23:31:11 Listing url is not the same: /fr/Stress-c97/Clef-des-champs-b26/Meditrina-b68/Merveilles-d-Abeilles-b69/subcat.Url vs /fr/Stress-c97/Clef-des-champs-b26/Meditrina-b68/Merveilles-d-Abeilles-b69. Lang:fr
23:33:20 Listing url is not the same: /fr/Stress-c97/A-Vogel-b54/Boiron-b61/Clef-des-champs-b26/b.Url vs /fr/Stress-c97/A-Vogel-b54/Boiron-b61/Clef-des-champs-b26. Lang:fr
23:35:49 Listing url is not the same: /fr/Detox-Digestion-c87/A-Vogel-b54/Clef-des-champs-b26/Le-Tournesol-ANB-b64/promotion.Url vs /fr/Detox-Digestion-c87/A-Vogel-b54/Clef-des-champs-b26/Le-Tournesol-ANB-b64. Lang:fr
23:35:55 Listing url is not the same: /fr/Fatigue-c99/Boiron-b61/Nature-Clean-b72/addressLink vs /fr/Fatigue-c99/Boiron-b61/Nature-Clean-b72. Lang:fr
23:36:00 Listing url is not the same: /fr/Homeopathie-c12/Anokian-b58/Boiron-b61/addressLink vs /fr/Homeopathie-c12/Anokian-b58/Boiron-b61. Lang:fr
23:36:04 Listing url is not the same: /fr/Inflammation-c98/A-Vogel-b54/Clef-des-champs-b26/Le-Tournesol-ANB-b64/p.Url vs /fr/Inflammation-c98/A-Vogel-b54/Clef-des-champs-b26/Le-Tournesol-ANB-b64. Lang:fr
23:36:09 Listing url is not the same: /fr/Stress-c97/A-Vogel-b54/Nature-Clean-b72/brand.Url vs /fr/Stress-c97/A-Vogel-b54/Nature-Clean-b72. Lang:fr
23:36:11 Listing url is not the same: /fr/Stress-c97/Clef-des-champs-b26/Nature-Clean-b72/promotion.Url vs /fr/Stress-c97/Clef-des-champs-b26/Nature-Clean-b72. Lang:fr
23:36:12 Listing url is not the same: /fr/Stress-c97/Le-Tournesol-ANB-b64/Nature-Clean-b72/addressLink vs /fr/Stress-c97/Le-Tournesol-ANB-b64/Nature-Clean-b72. Lang:fr
23:36:13 Listing url is not the same: /fr/Systeme-immunitaire-c93/A-Vogel-b54/Clef-des-champs-b26/Le-Tournesol-ANB-b64/addressLink vs /fr/Systeme-immunitaire-c93/A-Vogel-b54/Clef-des-champs-b26/Le-Tournesol-ANB-b64. Lang:fr
23:36:14 Listing url is not the same: /fr/Systeme-immunitaire-c93/Anokian-b58/Clef-des-champs-b26/p.Url vs /fr/Systeme-immunitaire-c93/Anokian-b58/Clef-des-champs-b26. Lang:fr
23:36:15 Listing url is not the same: /fr/Systeme-immunitaire-c93/Clef-des-champs-b26/Meditrina-b68/Natural-Factors-b71/b.Url vs /fr/Systeme-immunitaire-c93/Clef-des-champs-b26/Meditrina-b68/Natural-Factors-b71. Lang:fr
23:39:44 Listing url is not the same: /fr/Concentration-memoire-migraine-c56/Anokian-b58/Clef-des-champs-b26/brand.Url vs /fr/Concentration-memoire-migraine-c56/Anokian-b58/Clef-des-champs-b26. Lang:fr
