00:37:06 Listing url is not the same: /fr/Systeme-immunitaire-c93/brand.Url vs /fr/Systeme-immunitaire-c93. Lang:fr
00:42:35 Listing url is not the same: /fr/Systeme-immunitaire-c93/Druide-b63/promotion.Url vs /fr/Systeme-immunitaire-c93/Druide-b63. Lang:fr
00:45:14 Listing url is not the same: /fr/Fatigue-c99/Natural-Factors-b71/cat.Url vs /fr/Fatigue-c99/Natural-Factors-b71. Lang:fr
00:45:16 Listing url is not the same: /fr/Sante-des-enfants-c108/Boiron-b61/p.UrlBrand vs /fr/Sante-des-enfants-c108/Boiron-b61. Lang:fr
00:46:15 Listing url is not the same: /fr/Detox-Digestion-c87/Boiron-b61/Clef-des-champs-b26/Meditrina-b68/b.Url vs /fr/Detox-Digestion-c87/Boiron-b61/Clef-des-champs-b26/Meditrina-b68. Lang:fr
00:46:16 Listing url is not the same: /fr/Fatigue-c99/Boiron-b61/Clef-des-champs-b26/Druide-b63/promotion.Url vs /fr/Fatigue-c99/Boiron-b61/Clef-des-champs-b26/Druide-b63. Lang:fr
00:46:17 Listing url is not the same: /fr/Sante-des-femmes-c100/A-Vogel-b54/Clef-des-champs-b26/Druide-b63/brand.Url vs /fr/Sante-des-femmes-c100/A-Vogel-b54/Clef-des-champs-b26/Druide-b63. Lang:fr
00:46:18 Listing url is not the same: /fr/Sante-des-femmes-c100/Meditrina-b68/Merveilles-d-Abeilles-b69/p.Url vs /fr/Sante-des-femmes-c100/Meditrina-b68/Merveilles-d-Abeilles-b69. Lang:fr
00:46:19 Listing url is not the same: /fr/Systeme-immunitaire-c93/A-Vogel-b54/Boiron-b61/Clef-des-champs-b26/p.Url vs /fr/Systeme-immunitaire-c93/A-Vogel-b54/Boiron-b61/Clef-des-champs-b26. Lang:fr
00:46:20 Listing url is not the same: /fr/Systeme-immunitaire-c93/Clef-des-champs-b26/Druide-b63/subcat.Url vs /fr/Systeme-immunitaire-c93/Clef-des-champs-b26/Druide-b63. Lang:fr
00:46:21 Listing url is not the same: /fr/Systeme-immunitaire-c93/Clef-des-champs-b26/Le-Tournesol-ANB-b64/p.UrlBrand vs /fr/Systeme-immunitaire-c93/Clef-des-champs-b26/Le-Tournesol-ANB-b64. Lang:fr
00:47:18 Listing url is not the same: /fr/Huiles-magiques-de-wicca-c65/Boiron-b61/Clef-des-champs-b26/Meditrina-b68/brand.Url vs /fr/Huiles-magiques-de-wicca-c65/Boiron-b61/Clef-des-champs-b26/Meditrina-b68. Lang:fr
00:47:19 Listing url is not the same: /fr/Inflammation-c98/Clef-des-champs-b26/Le-Tournesol-ANB-b64/Meditrina-b68/brand.Url vs /fr/Inflammation-c98/Clef-des-champs-b26/Le-Tournesol-ANB-b64/Meditrina-b68. Lang:fr
00:49:13 Listing url is not the same: /fr/Stress-c97/Boiron-b61/Nature-Clean-b72/p.Url vs /fr/Stress-c97/Boiron-b61/Nature-Clean-b72. Lang:fr
00:50:23 Listing url is not the same: /fr/Cosmetique-parfum-et-deodorant-c60/Anokian-b58/Clef-des-champs-b26/subcat.Url vs /fr/Cosmetique-parfum-et-deodorant-c60/Anokian-b58/Clef-des-champs-b26. Lang:fr
00:50:36 Listing url is not the same: /fr/Detox-Digestion-c87/Clef-des-champs-b26/Meditrina-b68/Natural-Factors-b71/promotion.Url vs /fr/Detox-Digestion-c87/Clef-des-champs-b26/Meditrina-b68/Natural-Factors-b71. Lang:fr
00:51:03 Listing url is not the same: /fr/Sante-des-femmes-c100/Clef-des-champs-b26/Natural-Factors-b71/subcat.Url vs /fr/Sante-des-femmes-c100/Clef-des-champs-b26/Natural-Factors-b71. Lang:fr
00:51:06 Listing url is not the same: /fr/Stress-c97/Boiron-b61/Clef-des-champs-b26/urlBilingual vs /fr/Stress-c97/Boiron-b61/Clef-des-champs-b26. Lang:fr
00:51:09 Listing url is not the same: /fr/Systeme-immunitaire-c93/A-Vogel-b54/Boiron-b61/brand.Url vs /fr/Systeme-immunitaire-c93/A-Vogel-b54/Boiron-b61. Lang:fr
01:38:49 Listing url is not the same: /fr/Sante-des-enfants-c108/p.Url vs /fr/Sante-des-enfants-c108. Lang:fr
01:39:15 Listing url is not the same: /fr/Fatigue-c99/Clef-des-champs-b26/p.UrlBrand vs /fr/Fatigue-c99/Clef-des-champs-b26. Lang:fr
01:43:00 Listing url is not the same: /fr/Systeme-immunitaire-c93/Druide-b63/urlBilingual vs /fr/Systeme-immunitaire-c93/Druide-b63. Lang:fr
01:43:16 Listing url is not the same: /fr/Detox-Digestion-c87/Le-Tournesol-ANB-b64/brand.Url vs /fr/Detox-Digestion-c87/Le-Tournesol-ANB-b64. Lang:fr
01:44:04 Listing url is not the same: /fr/Fatigue-c99/Clef-des-champs-b26/Meditrina-b68/subcat.Url vs /fr/Fatigue-c99/Clef-des-champs-b26/Meditrina-b68. Lang:fr
01:45:25 Listing url is not the same: /fr/Inflammation-c98/Druide-b63/Meditrina-b68/b.Url vs /fr/Inflammation-c98/Druide-b63/Meditrina-b68. Lang:fr
01:50:46 Listing url is not the same: /fr/Antioxydants-c62/Anokian-b58/Clef-des-champs-b26/cat.Url vs /fr/Antioxydants-c62/Anokian-b58/Clef-des-champs-b26. Lang:fr
01:50:47 Listing url is not the same: /fr/Detox-Digestion-c87/Le-Tournesol-ANB-b64/Meditrina-b68/subcat.Url vs /fr/Detox-Digestion-c87/Le-Tournesol-ANB-b64/Meditrina-b68. Lang:fr
01:50:49 Listing url is not the same: /fr/Systeme-immunitaire-c93/Clef-des-champs-b26/Le-Tournesol-ANB-b64/Natural-Factors-b71/promotion.Url vs /fr/Systeme-immunitaire-c93/Clef-des-champs-b26/Le-Tournesol-ANB-b64/Natural-Factors-b71. Lang:fr
02:35:21 Listing url is not the same: /fr/Sante-des-femmes-c100/b.Url vs /fr/Sante-des-femmes-c100. Lang:fr
02:38:01 Listing url is not the same: /fr/Sante-des-femmes-c100/Boiron-b61/p.Url vs /fr/Sante-des-femmes-c100/Boiron-b61. Lang:fr
02:40:48 Listing url is not the same: /fr/Systeme-immunitaire-c93/A-Vogel-b54/b.Url vs /fr/Systeme-immunitaire-c93/A-Vogel-b54. Lang:fr
02:41:24 Listing url is not the same: /fr/Cosmetique-parfum-et-deodorant-c60/Anokian-b58/p.Url vs /fr/Cosmetique-parfum-et-deodorant-c60/Anokian-b58. Lang:fr
02:43:14 Listing url is not the same: /fr/Fatigue-c99/Natural-Factors-b71/promotion.Url vs /fr/Fatigue-c99/Natural-Factors-b71. Lang:fr
02:43:18 Listing url is not the same: /fr/Inflammation-c98/Druide-b63/subcat.Url vs /fr/Inflammation-c98/Druide-b63. Lang:fr
02:43:22 Listing url is not the same: /fr/Inflammation-c98/Meditrina-b68/brand.Url vs /fr/Inflammation-c98/Meditrina-b68. Lang:fr
02:43:25 Listing url is not the same: /fr/Stress-c97/Le-Tournesol-ANB-b64/Meditrina-b68/cat.Url vs /fr/Stress-c97/Le-Tournesol-ANB-b64/Meditrina-b68. Lang:fr
02:44:04 Listing url is not the same: /fr/Huiles-magiques-de-wicca-c65/Boiron-b61/Clef-des-champs-b26/Meditrina-b68/p.Url vs /fr/Huiles-magiques-de-wicca-c65/Boiron-b61/Clef-des-champs-b26/Meditrina-b68. Lang:fr
02:44:10 Listing url is not the same: /fr/Sante-des-femmes-c100/Clef-des-champs-b26/Druide-b63/brand.Url vs /fr/Sante-des-femmes-c100/Clef-des-champs-b26/Druide-b63. Lang:fr
02:44:12 Listing url is not the same: /fr/Sante-des-femmes-c100/Meditrina-b68/p.UrlBrand vs /fr/Sante-des-femmes-c100/Meditrina-b68. Lang:fr
02:44:15 Listing url is not the same: /fr/Systeme-immunitaire-c93/Druide-b63/Meditrina-b68/p.UrlBrand vs /fr/Systeme-immunitaire-c93/Druide-b63/Meditrina-b68. Lang:fr
02:48:11 Listing url is not the same: /fr/Fatigue-c99/A-Vogel-b54/Boiron-b61/brand.Url vs /fr/Fatigue-c99/A-Vogel-b54/Boiron-b61. Lang:fr
02:48:13 Listing url is not the same: /fr/Inflammation-c98/A-Vogel-b54/Anokian-b58/b.Url vs /fr/Inflammation-c98/A-Vogel-b54/Anokian-b58. Lang:fr
02:48:14 Listing url is not the same: /fr/Nettoyage-c73/A-Vogel-b54/Clef-des-champs-b26/Meditrina-b68/brand.Url vs /fr/Nettoyage-c73/A-Vogel-b54/Clef-des-champs-b26/Meditrina-b68. Lang:fr
02:48:15 Listing url is not the same: /fr/Sante-des-femmes-c100/Boiron-b61/Clef-des-champs-b26/Druide-b63/b.Url vs /fr/Sante-des-femmes-c100/Boiron-b61/Clef-des-champs-b26/Druide-b63. Lang:fr
02:48:16 Listing url is not the same: /fr/Sante-des-femmes-c100/Clef-des-champs-b26/Druide-b63/Meditrina-b68/subcat.Url vs /fr/Sante-des-femmes-c100/Clef-des-champs-b26/Druide-b63/Meditrina-b68. Lang:fr
02:48:17 Listing url is not the same: /fr/Systeme-immunitaire-c93/Clef-des-champs-b26/Druide-b63/Meditrina-b68/addressLink vs /fr/Systeme-immunitaire-c93/Clef-des-champs-b26/Druide-b63/Meditrina-b68. Lang:fr
03:36:12 Listing url is not the same: /fr/Sante-des-enfants-c108/Clef-des-champs-b26/p.UrlBrand vs /fr/Sante-des-enfants-c108/Clef-des-champs-b26. Lang:fr
03:38:44 Listing url is not the same: /fr/Sante-des-enfants-c108/A-Vogel-b54/addressLink vs /fr/Sante-des-enfants-c108/A-Vogel-b54. Lang:fr
03:38:49 Listing url is not the same: /fr/Sante-des-enfants-c108/A-Vogel-b54/subcat.Url vs /fr/Sante-des-enfants-c108/A-Vogel-b54. Lang:fr
03:39:18 Listing url is not the same: /fr/Detox-Digestion-c87/A-Vogel-b54/Clef-des-champs-b26/Druide-b63/p.Url vs /fr/Detox-Digestion-c87/A-Vogel-b54/Clef-des-champs-b26/Druide-b63. Lang:fr
03:39:54 Listing url is not the same: /fr/Fatigue-c99/Clef-des-champs-b26/Le-Tournesol-ANB-b64/p.UrlBrand vs /fr/Fatigue-c99/Clef-des-champs-b26/Le-Tournesol-ANB-b64. Lang:fr
03:41:16 Listing url is not the same: /fr/Fatigue-c99/Meditrina-b68/p.Url vs /fr/Fatigue-c99/Meditrina-b68. Lang:fr
03:42:04 Listing url is not the same: /fr/Cosmetique-parfum-et-deodorant-c60/Anokian-b58/Meditrina-b68/urlBilingual vs /fr/Cosmetique-parfum-et-deodorant-c60/Anokian-b58/Meditrina-b68. Lang:fr
03:42:19 Listing url is not the same: /fr/Huiles-magiques-de-wicca-c65/A-Vogel-b54/Boiron-b61/Meditrina-b68/b.Url vs /fr/Huiles-magiques-de-wicca-c65/A-Vogel-b54/Boiron-b61/Meditrina-b68. Lang:fr
03:42:44 Listing url is not the same: /fr/Fatigue-c99/Clef-des-champs-b26/Meditrina-b68/Merveilles-d-Abeilles-b69/urlBilingual vs /fr/Fatigue-c99/Clef-des-champs-b26/Meditrina-b68/Merveilles-d-Abeilles-b69. Lang:fr
03:44:53 Listing url is not the same: /fr/Chandelles-c70/Clef-des-champs-b26/Druide-b63/Le-Tournesol-ANB-b64/subcat.Url vs /fr/Chandelles-c70/Clef-des-champs-b26/Druide-b63/Le-Tournesol-ANB-b64. Lang:fr
03:45:03 Listing url is not the same: /fr/Fatigue-c99/Clef-des-champs-b26/Druide-b63/Meditrina-b68/cat.Url vs /fr/Fatigue-c99/Clef-des-champs-b26/Druide-b63/Meditrina-b68. Lang:fr
03:45:10 Listing url is not the same: /fr/Systeme-immunitaire-c93/Clef-des-champs-b26/Druide-b63/Meditrina-b68/brand.Url vs /fr/Systeme-immunitaire-c93/Clef-des-champs-b26/Druide-b63/Meditrina-b68. Lang:fr
04:36:34 Listing url is not the same: /fr/Cosmetique-parfum-et-deodorant-c60/Anokian-b58/addressLink vs /fr/Cosmetique-parfum-et-deodorant-c60/Anokian-b58. Lang:fr
04:36:37 Listing url is not the same: /fr/Cosmetique-parfum-et-deodorant-c60/Anokian-b58/subcat.Url vs /fr/Cosmetique-parfum-et-deodorant-c60/Anokian-b58. Lang:fr
04:38:19 Listing url is not the same: /fr/Fatigue-c99/Natural-Factors-b71/p.Url vs /fr/Fatigue-c99/Natural-Factors-b71. Lang:fr
04:38:51 Listing url is not the same: /fr/Stress-c97/Le-Tournesol-ANB-b64/Meditrina-b68/p.Url vs /fr/Stress-c97/Le-Tournesol-ANB-b64/Meditrina-b68. Lang:fr
04:39:10 Listing url is not the same: /fr/Inflammation-c98/Clef-des-champs-b26/Druide-b63/p.UrlBrand vs /fr/Inflammation-c98/Clef-des-champs-b26/Druide-b63. Lang:fr
04:39:17 Listing url is not the same: /fr/Sante-des-enfants-c108/Boiron-b61/urlBilingual vs /fr/Sante-des-enfants-c108/Boiron-b61. Lang:fr
04:39:53 Listing url is not the same: /fr/Concentration-memoire-migraine-c56/Boiron-b61/Meditrina-b68/Merveilles-d-Abeilles-b69/p.UrlBrand vs /fr/Concentration-memoire-migraine-c56/Boiron-b61/Meditrina-b68/Merveilles-d-Abeilles-b69. Lang:fr
05:27:37 Listing url is not the same: /fr/Fatigue-c99/cat.Url vs /fr/Fatigue-c99. Lang:fr
05:33:09 Listing url is not the same: /fr/Inflammation-c98/Boiron-b61/Clef-des-champs-b26/Meditrina-b68/promotion.Url vs /fr/Inflammation-c98/Boiron-b61/Clef-des-champs-b26/Meditrina-b68. Lang:fr
05:33:45 Listing url is not the same: /fr/Cosmetique-parfum-et-deodorant-c60/A-Vogel-b54/Clef-des-champs-b26/Le-Tournesol-ANB-b64/subcat.Url vs /fr/Cosmetique-parfum-et-deodorant-c60/A-Vogel-b54/Clef-des-champs-b26/Le-Tournesol-ANB-b64. Lang:fr
05:35:24 Listing url is not the same: /fr/Inflammation-c98/Clef-des-champs-b26/Meditrina-b68/Merveilles-d-Abeilles-b69/urlBilingual vs /fr/Inflammation-c98/Clef-des-champs-b26/Meditrina-b68/Merveilles-d-Abeilles-b69. Lang:fr
06:29:08 Listing url is not the same: /fr/Detox-Digestion-c87/Le-Tournesol-ANB-b64/promotion.Url vs /fr/Detox-Digestion-c87/Le-Tournesol-ANB-b64. Lang:fr
06:29:13 Listing url is not the same: /fr/Fatigue-c99/Clef-des-champs-b26/Meditrina-b68/b.Url vs /fr/Fatigue-c99/Clef-des-champs-b26/Meditrina-b68. Lang:fr
06:30:15 Listing url is not the same: /fr/Sante-des-enfants-c108/A-Vogel-b54/Clef-des-champs-b26/Druide-b63/urlBilingual vs /fr/Sante-des-enfants-c108/A-Vogel-b54/Clef-des-champs-b26/Druide-b63. Lang:fr
06:31:36 Listing url is not the same: /fr/Cosmetique-parfum-et-deodorant-c60/A-Vogel-b54/Boiron-b61/Meditrina-b68/b.Url vs /fr/Cosmetique-parfum-et-deodorant-c60/A-Vogel-b54/Boiron-b61/Meditrina-b68. Lang:fr
06:31:43 Listing url is not the same: /fr/Inflammation-c98/Clef-des-champs-b26/Le-Tournesol-ANB-b64/subcat.Url vs /fr/Inflammation-c98/Clef-des-champs-b26/Le-Tournesol-ANB-b64. Lang:fr
06:31:49 Listing url is not the same: /fr/Sante-des-enfants-c108/Boiron-b61/Clef-des-champs-b26/Druide-b63/promotion.Url vs /fr/Sante-des-enfants-c108/Boiron-b61/Clef-des-champs-b26/Druide-b63. Lang:fr
06:31:54 Listing url is not the same: /fr/Sante-des-femmes-c100/Meditrina-b68/Merveilles-d-Abeilles-b69/addressLink vs /fr/Sante-des-femmes-c100/Meditrina-b68/Merveilles-d-Abeilles-b69. Lang:fr
07:25:27 Listing url is not the same: /fr/Sante-des-femmes-c100/Boiron-b61/promotion.Url vs /fr/Sante-des-femmes-c100/Boiron-b61. Lang:fr
07:28:53 Listing url is not the same: /fr/Sante-des-enfants-c108/Clef-des-champs-b26/Meditrina-b68/cat.Url vs /fr/Sante-des-enfants-c108/Clef-des-champs-b26/Meditrina-b68. Lang:fr
07:29:47 Listing url is not the same: /fr/Detox-Digestion-c87/Boiron-b61/Meditrina-b68/p.UrlBrand vs /fr/Detox-Digestion-c87/Boiron-b61/Meditrina-b68. Lang:fr
07:29:54 Listing url is not the same: /fr/Fatigue-c99/Boiron-b61/Druide-b63/b.Url vs /fr/Fatigue-c99/Boiron-b61/Druide-b63. Lang:fr
07:29:56 Listing url is not the same: /fr/Fatigue-c99/Boiron-b61/Druide-b63/urlBilingual vs /fr/Fatigue-c99/Boiron-b61/Druide-b63. Lang:fr
07:30:29 Listing url is not the same: /fr/Sante-des-enfants-c108/Boiron-b61/Clef-des-champs-b26/addressLink vs /fr/Sante-des-enfants-c108/Boiron-b61/Clef-des-champs-b26. Lang:fr
07:30:31 Listing url is not the same: /fr/Sante-des-femmes-c100/Clef-des-champs-b26/Merveilles-d-Abeilles-b69/urlBilingual vs /fr/Sante-des-femmes-c100/Clef-des-champs-b26/Merveilles-d-Abeilles-b69. Lang:fr
07:31:06 Listing url is not the same: /fr/Concentration-memoire-migraine-c56/Boiron-b61/Meditrina-b68/Merveilles-d-Abeilles-b69/p.Url vs /fr/Concentration-memoire-migraine-c56/Boiron-b61/Meditrina-b68/Merveilles-d-Abeilles-b69. Lang:fr
07:31:19 Listing url is not the same: /fr/Fatigue-c99/Clef-des-champs-b26/Meditrina-b68/Merveilles-d-Abeilles-b69/brand.Url vs /fr/Fatigue-c99/Clef-des-champs-b26/Meditrina-b68/Merveilles-d-Abeilles-b69. Lang:fr
07:31:25 Listing url is not the same: /fr/Inflammation-c98/Clef-des-champs-b26/Meditrina-b68/Merveilles-d-Abeilles-b69/p.Url vs /fr/Inflammation-c98/Clef-des-champs-b26/Meditrina-b68/Merveilles-d-Abeilles-b69. Lang:fr
07:31:34 Listing url is not the same: /fr/Systeme-immunitaire-c93/Clef-des-champs-b26/Meditrina-b68/Merveilles-d-Abeilles-b69/cat.Url vs /fr/Systeme-immunitaire-c93/Clef-des-champs-b26/Meditrina-b68/Merveilles-d-Abeilles-b69. Lang:fr
08:21:23 Listing url is not the same: /fr/Sante-des-enfants-c108/Clef-des-champs-b26/brand.Url vs /fr/Sante-des-enfants-c108/Clef-des-champs-b26. Lang:fr
08:21:28 Listing url is not the same: /fr/Sante-des-femmes-c100/Boiron-b61/p.UrlBrand vs /fr/Sante-des-femmes-c100/Boiron-b61. Lang:fr
08:24:28 Listing url is not the same: /fr/Fatigue-c99/A-Vogel-b54/Clef-des-champs-b26/Druide-b63/promotion.Url vs /fr/Fatigue-c99/A-Vogel-b54/Clef-des-champs-b26/Druide-b63. Lang:fr
08:24:37 Listing url is not the same: /fr/Fatigue-c99/Boiron-b61/Clef-des-champs-b26/Meditrina-b68/p.UrlBrand vs /fr/Fatigue-c99/Boiron-b61/Clef-des-champs-b26/Meditrina-b68. Lang:fr
08:24:59 Listing url is not the same: /fr/Fatigue-c99/Druide-b63/addressLink vs /fr/Fatigue-c99/Druide-b63. Lang:fr
08:25:38 Listing url is not the same: /fr/Inflammation-c98/A-Vogel-b54/Boiron-b61/Clef-des-champs-b26/promotion.Url vs /fr/Inflammation-c98/A-Vogel-b54/Boiron-b61/Clef-des-champs-b26. Lang:fr
08:25:45 Listing url is not the same: /fr/Inflammation-c98/A-Vogel-b54/Clef-des-champs-b26/Meditrina-b68/promotion.Url vs /fr/Inflammation-c98/A-Vogel-b54/Clef-des-champs-b26/Meditrina-b68. Lang:fr
08:25:51 Listing url is not the same: /fr/Inflammation-c98/Boiron-b61/Clef-des-champs-b26/Druide-b63/p.UrlBrand vs /fr/Inflammation-c98/Boiron-b61/Clef-des-champs-b26/Druide-b63. Lang:fr
08:26:24 Listing url is not the same: /fr/Inflammation-c98/Clef-des-champs-b26/Meditrina-b68/Merveilles-d-Abeilles-b69/subcat.Url vs /fr/Inflammation-c98/Clef-des-champs-b26/Meditrina-b68/Merveilles-d-Abeilles-b69. Lang:fr
08:29:03 Listing url is not the same: /fr/A-Vogel-b54/Boiron-b61/Clef-des-champs-b26/Natural-Factors-b71/Nature-Clean-b72/subcat.Url vs /fr/A-Vogel-b54/Boiron-b61/Clef-des-champs-b26/Natural-Factors-b71/Nature-Clean-b72. Lang:fr
08:29:08 Listing url is not the same: /fr/Nettoyage-c73/Druide-b63/Le-Tournesol-ANB-b64/Meditrina-b68/subcat.Url vs /fr/Nettoyage-c73/Druide-b63/Le-Tournesol-ANB-b64/Meditrina-b68. Lang:fr
08:30:41 Listing url is not the same: /fr/Nettoyage-c73/Le-Tournesol-ANB-b64/Meditrina-b68/Merveilles-d-Abeilles-b69/promotion.Url vs /fr/Nettoyage-c73/Le-Tournesol-ANB-b64/Meditrina-b68/Merveilles-d-Abeilles-b69. Lang:fr
09:18:23 Listing url is not the same: /fr/Sante-des-enfants-c108/brand.Url vs /fr/Sante-des-enfants-c108. Lang:fr
09:20:02 Listing url is not the same: /fr/Inflammation-c98/A-Vogel-b54/subcat.Url vs /fr/Inflammation-c98/A-Vogel-b54. Lang:fr
09:21:15 Listing url is not the same: /fr/Systeme-immunitaire-c93/A-Vogel-b54/p.UrlBrand vs /fr/Systeme-immunitaire-c93/A-Vogel-b54. Lang:fr
09:21:22 Listing url is not the same: /fr/Systeme-immunitaire-c93/Druide-b63/p.Url vs /fr/Systeme-immunitaire-c93/Druide-b63. Lang:fr
09:21:43 Listing url is not the same: /fr/Stress-c97/A-Vogel-b54/Boiron-b61/b.Url vs /fr/Stress-c97/A-Vogel-b54/Boiron-b61. Lang:fr
09:21:45 Listing url is not the same: /fr/Systeme-immunitaire-c93/Meditrina-b68/promotion.Url vs /fr/Systeme-immunitaire-c93/Meditrina-b68. Lang:fr
09:23:09 Listing url is not the same: /fr/Detox-Digestion-c87/A-Vogel-b54/Druide-b63/promotion.Url vs /fr/Detox-Digestion-c87/A-Vogel-b54/Druide-b63. Lang:fr
09:23:13 Listing url is not the same: /fr/Stress-c97/Le-Tournesol-ANB-b64/Meditrina-b68/subcat.Url vs /fr/Stress-c97/Le-Tournesol-ANB-b64/Meditrina-b68. Lang:fr
09:23:44 Listing url is not the same: /fr/Detox-Digestion-c87/Boiron-b61/Clef-des-champs-b26/Meditrina-b68/brand.Url vs /fr/Detox-Digestion-c87/Boiron-b61/Clef-des-champs-b26/Meditrina-b68. Lang:fr
09:23:45 Listing url is not the same: /fr/Detox-Digestion-c87/Clef-des-champs-b26/Le-Tournesol-ANB-b64/promotion.Url vs /fr/Detox-Digestion-c87/Clef-des-champs-b26/Le-Tournesol-ANB-b64. Lang:fr
09:23:49 Listing url is not the same: /fr/Sante-des-femmes-c100/Clef-des-champs-b26/Merveilles-d-Abeilles-b69/p.UrlBrand vs /fr/Sante-des-femmes-c100/Clef-des-champs-b26/Merveilles-d-Abeilles-b69. Lang:fr
09:25:59 Listing url is not the same: /fr/Concentration-memoire-migraine-c56/Boiron-b61/Druide-b63/Natural-Factors-b71/p.Url vs /fr/Concentration-memoire-migraine-c56/Boiron-b61/Druide-b63/Natural-Factors-b71. Lang:fr
09:26:03 Listing url is not the same: /fr/Nettoyage-c73/Le-Tournesol-ANB-b64/Meditrina-b68/Merveilles-d-Abeilles-b69/p.Url vs /fr/Nettoyage-c73/Le-Tournesol-ANB-b64/Meditrina-b68/Merveilles-d-Abeilles-b69. Lang:fr
09:26:05 Listing url is not the same: /fr/Systeme-immunitaire-c93/A-Vogel-b54/Clef-des-champs-b26/Meditrina-b68/p.UrlBrand vs /fr/Systeme-immunitaire-c93/A-Vogel-b54/Clef-des-champs-b26/Meditrina-b68. Lang:fr
09:27:03 Listing url is not the same: /fr/Detox-Digestion-c87/Meditrina-b68/Merveilles-d-Abeilles-b69/promotion.Url vs /fr/Detox-Digestion-c87/Meditrina-b68/Merveilles-d-Abeilles-b69. Lang:fr
09:27:08 Listing url is not the same: /fr/Fatigue-c99/Clef-des-champs-b26/Natural-Factors-b71/p.Url vs /fr/Fatigue-c99/Clef-des-champs-b26/Natural-Factors-b71. Lang:fr
09:27:10 Listing url is not the same: /fr/Sante-des-enfants-c108/Clef-des-champs-b26/Le-Tournesol-ANB-b64/Natural-Factors-b71/promotion.Url vs /fr/Sante-des-enfants-c108/Clef-des-champs-b26/Le-Tournesol-ANB-b64/Natural-Factors-b71. Lang:fr
09:27:11 Listing url is not the same: /fr/Systeme-immunitaire-c93/Meditrina-b68/Merveilles-d-Abeilles-b69/p.UrlBrand vs /fr/Systeme-immunitaire-c93/Meditrina-b68/Merveilles-d-Abeilles-b69. Lang:fr
09:27:12 Listing url is not the same: /fr/Systeme-immunitaire-c93/Meditrina-b68/Merveilles-d-Abeilles-b69/promotion.Url vs /fr/Systeme-immunitaire-c93/Meditrina-b68/Merveilles-d-Abeilles-b69. Lang:fr
10:22:16 Listing url is not the same: /fr/Fatigue-c99/A-Vogel-b54/brand.Url vs /fr/Fatigue-c99/A-Vogel-b54. Lang:fr
10:22:20 Listing url is not the same: /fr/Systeme-immunitaire-c93/A-Vogel-b54/brand.Url vs /fr/Systeme-immunitaire-c93/A-Vogel-b54. Lang:fr
10:22:48 Listing url is not the same: /fr/Cosmetique-parfum-et-deodorant-c60/Anokian-b58/brand.Url vs /fr/Cosmetique-parfum-et-deodorant-c60/Anokian-b58. Lang:fr
10:24:34 Listing url is not the same: /fr/Inflammation-c98/Meditrina-b68/subcat.Url vs /fr/Inflammation-c98/Meditrina-b68. Lang:fr
10:24:36 Listing url is not the same: /fr/Stress-c97/Natural-Factors-b71/cat.Url vs /fr/Stress-c97/Natural-Factors-b71. Lang:fr
10:25:18 Listing url is not the same: /fr/Sante-des-enfants-c108/Clef-des-champs-b26/Druide-b63/cat.Url vs /fr/Sante-des-enfants-c108/Clef-des-champs-b26/Druide-b63. Lang:fr
10:25:19 Listing url is not the same: /fr/Sante-des-femmes-c100/Clef-des-champs-b26/Merveilles-d-Abeilles-b69/subcat.Url vs /fr/Sante-des-femmes-c100/Clef-des-champs-b26/Merveilles-d-Abeilles-b69. Lang:fr
10:25:20 Listing url is not the same: /fr/Systeme-immunitaire-c93/Clef-des-champs-b26/Le-Tournesol-ANB-b64/cat.Url vs /fr/Systeme-immunitaire-c93/Clef-des-champs-b26/Le-Tournesol-ANB-b64. Lang:fr
10:28:02 Listing url is not the same: /fr/Allergies-c55/Clef-des-champs-b26/Meditrina-b68/Natural-Factors-b71/addressLink vs /fr/Allergies-c55/Clef-des-champs-b26/Meditrina-b68/Natural-Factors-b71. Lang:fr
10:28:03 Listing url is not the same: /fr/Sante-des-femmes-c100/Boiron-b61/Druide-b63/b.Url vs /fr/Sante-des-femmes-c100/Boiron-b61/Druide-b63. Lang:fr
10:28:04 Listing url is not the same: /fr/Stress-c97/Boiron-b61/Le-Tournesol-ANB-b64/subcat.Url vs /fr/Stress-c97/Boiron-b61/Le-Tournesol-ANB-b64. Lang:fr
10:28:06 Listing url is not the same: /fr/Stress-c97/Meditrina-b68/Natural-Factors-b71/b.Url vs /fr/Stress-c97/Meditrina-b68/Natural-Factors-b71. Lang:fr
11:22:57 Listing url is not the same: /fr/Fatigue-c99/Druide-b63/brand.Url vs /fr/Fatigue-c99/Druide-b63. Lang:fr
11:23:11 Listing url is not the same: /fr/Fatigue-c99/Clef-des-champs-b26/Le-Tournesol-ANB-b64/Meditrina-b68/p.UrlBrand vs /fr/Fatigue-c99/Clef-des-champs-b26/Le-Tournesol-ANB-b64/Meditrina-b68. Lang:fr
11:23:22 Listing url is not the same: /fr/Sante-des-enfants-c108/Clef-des-champs-b26/Druide-b63/p.UrlBrand vs /fr/Sante-des-enfants-c108/Clef-des-champs-b26/Druide-b63. Lang:fr
11:25:55 Listing url is not the same: /fr/Detox-Digestion-c87/A-Vogel-b54/Anokian-b58/p.Url vs /fr/Detox-Digestion-c87/A-Vogel-b54/Anokian-b58. Lang:fr
11:25:57 Listing url is not the same: /fr/Detox-Digestion-c87/Boiron-b61/Druide-b63/cat.Url vs /fr/Detox-Digestion-c87/Boiron-b61/Druide-b63. Lang:fr
11:25:59 Listing url is not the same: /fr/Fatigue-c99/Clef-des-champs-b26/Druide-b63/Meditrina-b68/p.UrlBrand vs /fr/Fatigue-c99/Clef-des-champs-b26/Druide-b63/Meditrina-b68. Lang:fr
11:27:06 Listing url is not the same: /fr/Detox-Digestion-c87/Meditrina-b68/Merveilles-d-Abeilles-b69/addressLink vs /fr/Detox-Digestion-c87/Meditrina-b68/Merveilles-d-Abeilles-b69. Lang:fr
12:14:15 Listing url is not the same: /fr/Inflammation-c98/cat.Url vs /fr/Inflammation-c98. Lang:fr
12:20:33 Listing url is not the same: /fr/Sante-des-enfants-c108/Clef-des-champs-b26/Meditrina-b68/addressLink vs /fr/Sante-des-enfants-c108/Clef-des-champs-b26/Meditrina-b68. Lang:fr
12:21:21 Listing url is not the same: /fr/Sante-des-enfants-c108/A-Vogel-b54/Clef-des-champs-b26/Druide-b63/p.UrlBrand vs /fr/Sante-des-enfants-c108/A-Vogel-b54/Clef-des-champs-b26/Druide-b63. Lang:fr
12:21:45 Listing url is not the same: /fr/Detox-Digestion-c87/A-Vogel-b54/Druide-b63/addressLink vs /fr/Detox-Digestion-c87/A-Vogel-b54/Druide-b63. Lang:fr
12:25:03 Listing url is not the same: /fr/Inflammation-c98/Clef-des-champs-b26/Druide-b63/Le-Tournesol-ANB-b64/brand.Url vs /fr/Inflammation-c98/Clef-des-champs-b26/Druide-b63/Le-Tournesol-ANB-b64. Lang:fr
12:25:09 Listing url is not the same: /fr/Sante-des-enfants-c108/Clef-des-champs-b26/Druide-b63/Meditrina-b68/urlBilingual vs /fr/Sante-des-enfants-c108/Clef-des-champs-b26/Druide-b63/Meditrina-b68. Lang:fr
12:25:16 Listing url is not the same: /fr/Sante-des-femmes-c100/A-Vogel-b54/Anokian-b58/b.Url vs /fr/Sante-des-femmes-c100/A-Vogel-b54/Anokian-b58. Lang:fr
12:26:01 Listing url is not the same: /fr/Systeme-immunitaire-c93/Le-Tournesol-ANB-b64/Natural-Factors-b71/brand.Url vs /fr/Systeme-immunitaire-c93/Le-Tournesol-ANB-b64/Natural-Factors-b71. Lang:fr
12:26:06 Listing url is not the same: /fr/Systeme-immunitaire-c93/Le-Tournesol-ANB-b64/Natural-Factors-b71/promotion.Url vs /fr/Systeme-immunitaire-c93/Le-Tournesol-ANB-b64/Natural-Factors-b71. Lang:fr
13:18:32 Listing url is not the same: /fr/Fatigue-c99/A-Vogel-b54/Clef-des-champs-b26/Druide-b63/cat.Url vs /fr/Fatigue-c99/A-Vogel-b54/Clef-des-champs-b26/Druide-b63. Lang:fr
13:18:36 Listing url is not the same: /fr/Fatigue-c99/A-Vogel-b54/Clef-des-champs-b26/Druide-b63/p.UrlBrand vs /fr/Fatigue-c99/A-Vogel-b54/Clef-des-champs-b26/Druide-b63. Lang:fr
13:19:18 Listing url is not the same: /fr/Inflammation-c98/Druide-b63/Meditrina-b68/cat.Url vs /fr/Inflammation-c98/Druide-b63/Meditrina-b68. Lang:fr
13:19:19 Listing url is not the same: /fr/Inflammation-c98/Druide-b63/addressLink vs /fr/Inflammation-c98/Druide-b63. Lang:fr
13:20:02 Listing url is not the same: /fr/Cosmetique-parfum-et-deodorant-c60/Anokian-b58/Meditrina-b68/subcat.Url vs /fr/Cosmetique-parfum-et-deodorant-c60/Anokian-b58/Meditrina-b68. Lang:fr
13:20:04 Listing url is not the same: /fr/Inflammation-c98/Clef-des-champs-b26/Meditrina-b68/addressLink vs /fr/Inflammation-c98/Clef-des-champs-b26/Meditrina-b68. Lang:fr
13:20:55 Listing url is not the same: /fr/Huiles-magiques-de-wicca-c65/Boiron-b61/Clef-des-champs-b26/Meditrina-b68/urlBilingual vs /fr/Huiles-magiques-de-wicca-c65/Boiron-b61/Clef-des-champs-b26/Meditrina-b68. Lang:fr
14:11:41 Listing url is not the same: /fr/Systeme-immunitaire-c93/Meditrina-b68/p.Url vs /fr/Systeme-immunitaire-c93/Meditrina-b68. Lang:fr
14:13:34 Listing url is not the same: /fr/Inflammation-c98/A-Vogel-b54/Clef-des-champs-b26/Druide-b63/brand.Url vs /fr/Inflammation-c98/A-Vogel-b54/Clef-des-champs-b26/Druide-b63. Lang:fr
14:14:16 Listing url is not the same: /fr/Fatigue-c99/Boiron-b61/Druide-b63/promotion.Url vs /fr/Fatigue-c99/Boiron-b61/Druide-b63. Lang:fr
14:14:25 Listing url is not the same: /fr/Stress-c97/Le-Tournesol-ANB-b64/Meditrina-b68/brand.Url vs /fr/Stress-c97/Le-Tournesol-ANB-b64/Meditrina-b68. Lang:fr
14:15:06 Listing url is not the same: /fr/Sante-des-enfants-c108/Boiron-b61/Clef-des-champs-b26/p.Url vs /fr/Sante-des-enfants-c108/Boiron-b61/Clef-des-champs-b26. Lang:fr
14:17:46 Listing url is not the same: /fr/Fatigue-c99/Clef-des-champs-b26/Druide-b63/Meditrina-b68/subcat.Url vs /fr/Fatigue-c99/Clef-des-champs-b26/Druide-b63/Meditrina-b68. Lang:fr
14:17:57 Listing url is not the same: /fr/Sante-des-femmes-c100/Boiron-b61/Druide-b63/brand.Url vs /fr/Sante-des-femmes-c100/Boiron-b61/Druide-b63. Lang:fr
14:18:56 Listing url is not the same: /fr/Allergies-c55/A-Vogel-b54/Boiron-b61/Clef-des-champs-b26/Le-Tournesol-ANB-b64/Meditrina-b68/p.UrlBrand vs /fr/Allergies-c55/A-Vogel-b54/Boiron-b61/Clef-des-champs-b26/Le-Tournesol-ANB-b64/Meditrina-b68. Lang:fr
14:18:59 Listing url is not the same: /fr/Antioxydants-c62/Anokian-b58/Meditrina-b68/addressLink vs /fr/Antioxydants-c62/Anokian-b58/Meditrina-b68. Lang:fr
14:19:11 Listing url is not the same: /fr/Systeme-immunitaire-c93/Meditrina-b68/Merveilles-d-Abeilles-b69/brand.Url vs /fr/Systeme-immunitaire-c93/Meditrina-b68/Merveilles-d-Abeilles-b69. Lang:fr
15:08:33 Listing url is not the same: /fr/Fatigue-c99/Clef-des-champs-b26/Le-Tournesol-ANB-b64/cat.Url vs /fr/Fatigue-c99/Clef-des-champs-b26/Le-Tournesol-ANB-b64. Lang:fr
15:09:42 Listing url is not the same: /fr/Inflammation-c98/Druide-b63/p.UrlBrand vs /fr/Inflammation-c98/Druide-b63. Lang:fr
15:10:27 Listing url is not the same: /fr/Fatigue-c99/Clef-des-champs-b26/Meditrina-b68/Merveilles-d-Abeilles-b69/b.Url vs /fr/Fatigue-c99/Clef-des-champs-b26/Meditrina-b68/Merveilles-d-Abeilles-b69. Lang:fr
15:10:40 Listing url is not the same: /fr/Inflammation-c98/A-Vogel-b54/Clef-des-champs-b26/Meditrina-b68/urlBilingual vs /fr/Inflammation-c98/A-Vogel-b54/Clef-des-champs-b26/Meditrina-b68. Lang:fr
15:10:45 Listing url is not the same: /fr/Sante-des-enfants-c108/Boiron-b61/Clef-des-champs-b26/urlBilingual vs /fr/Sante-des-enfants-c108/Boiron-b61/Clef-des-champs-b26. Lang:fr
15:10:54 Listing url is not the same: /fr/Sante-des-femmes-c100/Clef-des-champs-b26/Druide-b63/urlBilingual vs /fr/Sante-des-femmes-c100/Clef-des-champs-b26/Druide-b63. Lang:fr
15:10:57 Listing url is not the same: /fr/Sante-des-femmes-c100/Meditrina-b68/promotion.Url vs /fr/Sante-des-femmes-c100/Meditrina-b68. Lang:fr
15:13:41 Listing url is not the same: /fr/Fatigue-c99/A-Vogel-b54/Druide-b63/b.Url vs /fr/Fatigue-c99/A-Vogel-b54/Druide-b63. Lang:fr
15:13:48 Listing url is not the same: /fr/Sante-des-femmes-c100/Druide-b63/Meditrina-b68/b.Url vs /fr/Sante-des-femmes-c100/Druide-b63/Meditrina-b68. Lang:fr
15:14:53 Listing url is not the same: /fr/Detox-Digestion-c87/Le-Tournesol-ANB-b64/Meditrina-b68/p.UrlBrand vs /fr/Detox-Digestion-c87/Le-Tournesol-ANB-b64/Meditrina-b68. Lang:fr
15:14:58 Listing url is not the same: /fr/Rhume-grippe-voie-respiratoire-c57/Le-Tournesol-ANB-b64/Merveilles-d-Abeilles-b69/Natural-Factors-b71/brand.Url vs /fr/Rhume-grippe-voie-respiratoire-c57/Le-Tournesol-ANB-b64/Merveilles-d-Abeilles-b69/Natural-Factors-b71. Lang:fr
15:15:02 Listing url is not the same: /fr/Sante-des-femmes-c100/Druide-b63/Meditrina-b68/addressLink vs /fr/Sante-des-femmes-c100/Druide-b63/Meditrina-b68. Lang:fr
16:04:31 Listing url is not the same: /fr/Sante-des-femmes-c100/A-Vogel-b54/brand.Url vs /fr/Sante-des-femmes-c100/A-Vogel-b54. Lang:fr
16:04:39 Listing url is not the same: /fr/Sante-des-femmes-c100/A-Vogel-b54/promotion.Url vs /fr/Sante-des-femmes-c100/A-Vogel-b54. Lang:fr
16:04:46 Listing url is not the same: /fr/Systeme-immunitaire-c93/Druide-b63/cat.Url vs /fr/Systeme-immunitaire-c93/Druide-b63. Lang:fr
16:07:09 Listing url is not the same: /fr/Sante-des-enfants-c108/Boiron-b61/Clef-des-champs-b26/subcat.Url vs /fr/Sante-des-enfants-c108/Boiron-b61/Clef-des-champs-b26. Lang:fr
16:07:12 Listing url is not the same: /fr/Sante-des-femmes-c100/Boiron-b61/Clef-des-champs-b26/Meditrina-b68/addressLink vs /fr/Sante-des-femmes-c100/Boiron-b61/Clef-des-champs-b26/Meditrina-b68. Lang:fr
16:08:32 Listing url is not the same: /fr/Detox-Digestion-c87/Clef-des-champs-b26/Meditrina-b68/Merveilles-d-Abeilles-b69/p.UrlBrand vs /fr/Detox-Digestion-c87/Clef-des-champs-b26/Meditrina-b68/Merveilles-d-Abeilles-b69. Lang:fr
16:09:30 Listing url is not the same: /fr/Allergies-c55/A-Vogel-b54/Boiron-b61/Clef-des-champs-b26/Druide-b63/Le-Tournesol-ANB-b64/subcat.Url vs /fr/Allergies-c55/A-Vogel-b54/Boiron-b61/Clef-des-champs-b26/Druide-b63/Le-Tournesol-ANB-b64. Lang:fr
16:10:36 Listing url is not the same: /fr/Antioxydants-c62/A-Vogel-b54/Anokian-b58/addressLink vs /fr/Antioxydants-c62/A-Vogel-b54/Anokian-b58. Lang:fr
16:11:02 Listing url is not the same: /fr/Detox-Digestion-c87/Clef-des-champs-b26/Druide-b63/Meditrina-b68/promotion.Url vs /fr/Detox-Digestion-c87/Clef-des-champs-b26/Druide-b63/Meditrina-b68. Lang:fr
16:11:27 Listing url is not the same: /fr/Detox-Digestion-c87/Clef-des-champs-b26/Le-Tournesol-ANB-b64/Meditrina-b68/cat.Url vs /fr/Detox-Digestion-c87/Clef-des-champs-b26/Le-Tournesol-ANB-b64/Meditrina-b68. Lang:fr
16:12:15 Listing url is not the same: /fr/Nettoyage-c73/A-Vogel-b54/Boiron-b61/Natural-Factors-b71/p.UrlBrand vs /fr/Nettoyage-c73/A-Vogel-b54/Boiron-b61/Natural-Factors-b71. Lang:fr
16:13:02 Listing url is not the same: /fr/Sante-des-femmes-c100/A-Vogel-b54/Anokian-b58/cat.Url vs /fr/Sante-des-femmes-c100/A-Vogel-b54/Anokian-b58. Lang:fr
16:13:22 Listing url is not the same: /fr/Concentration-memoire-migraine-c56/A-Vogel-b54/Clef-des-champs-b26/Druide-b63/Le-Tournesol-ANB-b64/subcat.Url vs /fr/Concentration-memoire-migraine-c56/A-Vogel-b54/Clef-des-champs-b26/Druide-b63/Le-Tournesol-ANB-b64. Lang:fr
16:14:00 Listing url is not the same: /fr/Cosmetique-parfum-et-deodorant-c60/Anokian-b58/Natural-Factors-b71/urlBilingual vs /fr/Cosmetique-parfum-et-deodorant-c60/Anokian-b58/Natural-Factors-b71. Lang:fr
16:14:18 Listing url is not the same: /fr/Detox-Digestion-c87/Le-Tournesol-ANB-b64/Meditrina-b68/addressLink vs /fr/Detox-Digestion-c87/Le-Tournesol-ANB-b64/Meditrina-b68. Lang:fr
16:15:04 Listing url is not the same: /fr/Fatigue-c99/Meditrina-b68/Merveilles-d-Abeilles-b69/p.Url vs /fr/Fatigue-c99/Meditrina-b68/Merveilles-d-Abeilles-b69. Lang:fr
16:15:30 Listing url is not the same: /fr/Huiles-magiques-de-wicca-c65/Clef-des-champs-b26/Le-Tournesol-ANB-b64/Meditrina-b68/Merveilles-d-Abeilles-b69/promotion.Url vs /fr/Huiles-magiques-de-wicca-c65/Clef-des-champs-b26/Le-Tournesol-ANB-b64/Meditrina-b68/Merveilles-d-Abeilles-b69. Lang:fr
16:16:17 Listing url is not the same: /fr/Systeme-immunitaire-c93/A-Vogel-b54/Nature-Clean-b72/p.Url vs /fr/Systeme-immunitaire-c93/A-Vogel-b54/Nature-Clean-b72. Lang:fr
17:06:02 Listing url is not the same: /fr/Systeme-immunitaire-c93/Meditrina-b68/urlBilingual vs /fr/Systeme-immunitaire-c93/Meditrina-b68. Lang:fr
17:07:37 Listing url is not the same: /fr/Detox-Digestion-c87/Druide-b63/addressLink vs /fr/Detox-Digestion-c87/Druide-b63. Lang:fr
17:08:12 Listing url is not the same: /fr/Fatigue-c99/Boiron-b61/Clef-des-champs-b26/Druide-b63/p.Url vs /fr/Fatigue-c99/Boiron-b61/Clef-des-champs-b26/Druide-b63. Lang:fr
17:08:14 Listing url is not the same: /fr/Inflammation-c98/Clef-des-champs-b26/Le-Tournesol-ANB-b64/brand.Url vs /fr/Inflammation-c98/Clef-des-champs-b26/Le-Tournesol-ANB-b64. Lang:fr
17:08:16 Listing url is not the same: /fr/Sante-des-enfants-c108/Boiron-b61/Clef-des-champs-b26/Druide-b63/urlBilingual vs /fr/Sante-des-enfants-c108/Boiron-b61/Clef-des-champs-b26/Druide-b63. Lang:fr
17:08:20 Listing url is not the same: /fr/Sante-des-femmes-c100/Clef-des-champs-b26/Druide-b63/addressLink vs /fr/Sante-des-femmes-c100/Clef-des-champs-b26/Druide-b63. Lang:fr
17:08:21 Listing url is not the same: /fr/Sante-des-femmes-c100/Meditrina-b68/Merveilles-d-Abeilles-b69/brand.Url vs /fr/Sante-des-femmes-c100/Meditrina-b68/Merveilles-d-Abeilles-b69. Lang:fr
17:08:22 Listing url is not the same: /fr/Systeme-immunitaire-c93/A-Vogel-b54/Boiron-b61/Clef-des-champs-b26/p.UrlBrand vs /fr/Systeme-immunitaire-c93/A-Vogel-b54/Boiron-b61/Clef-des-champs-b26. Lang:fr
17:08:57 Listing url is not the same: /fr/Detox-Digestion-c87/Clef-des-champs-b26/Meditrina-b68/Merveilles-d-Abeilles-b69/brand.Url vs /fr/Detox-Digestion-c87/Clef-des-champs-b26/Meditrina-b68/Merveilles-d-Abeilles-b69. Lang:fr
17:08:58 Listing url is not the same: /fr/Inflammation-c98/Clef-des-champs-b26/Le-Tournesol-ANB-b64/Meditrina-b68/urlBilingual vs /fr/Inflammation-c98/Clef-des-champs-b26/Le-Tournesol-ANB-b64/Meditrina-b68. Lang:fr
17:11:08 Listing url is not the same: /fr/Allergies-c55/Clef-des-champs-b26/Le-Tournesol-ANB-b64/Natural-Factors-b71/b.Url vs /fr/Allergies-c55/Clef-des-champs-b26/Le-Tournesol-ANB-b64/Natural-Factors-b71. Lang:fr
17:11:12 Listing url is not the same: /fr/Allergies-c55/Clef-des-champs-b26/Meditrina-b68/Natural-Factors-b71/urlBilingual vs /fr/Allergies-c55/Clef-des-champs-b26/Meditrina-b68/Natural-Factors-b71. Lang:fr
17:11:31 Listing url is not the same: /fr/Detox-Digestion-c87/Boiron-b61/Druide-b63/p.Url vs /fr/Detox-Digestion-c87/Boiron-b61/Druide-b63. Lang:fr
17:11:39 Listing url is not the same: /fr/Sante-des-enfants-c108/Clef-des-champs-b26/Druide-b63/Meditrina-b68/p.UrlBrand vs /fr/Sante-des-enfants-c108/Clef-des-champs-b26/Druide-b63/Meditrina-b68. Lang:fr
17:12:52 Listing url is not the same: /fr/Stress-c97/Boiron-b61/Nature-Clean-b72/promotion.Url vs /fr/Stress-c97/Boiron-b61/Nature-Clean-b72. Lang:fr
17:13:50 Listing url is not the same: /fr/Concentration-memoire-migraine-c56/A-Vogel-b54/Clef-des-champs-b26/Druide-b63/Meditrina-b68/promotion.Url vs /fr/Concentration-memoire-migraine-c56/A-Vogel-b54/Clef-des-champs-b26/Druide-b63/Meditrina-b68. Lang:fr
17:14:16 Listing url is not the same: /fr/Concentration-memoire-migraine-c56/Clef-des-champs-b26/Meditrina-b68/Natural-Factors-b71/p.Url vs /fr/Concentration-memoire-migraine-c56/Clef-des-champs-b26/Meditrina-b68/Natural-Factors-b71. Lang:fr
17:15:30 Listing url is not the same: /fr/Sante-des-femmes-c100/Boiron-b61/Druide-b63/urlBilingual vs /fr/Sante-des-femmes-c100/Boiron-b61/Druide-b63. Lang:fr
18:16:33 Listing url is not the same: /fr/Sante-des-enfants-c108/Boiron-b61/b.Url vs /fr/Sante-des-enfants-c108/Boiron-b61. Lang:fr
18:17:45 Listing url is not the same: /fr/Sante-des-enfants-c108/Boiron-b61/Clef-des-champs-b26/Druide-b63/p.UrlBrand vs /fr/Sante-des-enfants-c108/Boiron-b61/Clef-des-champs-b26/Druide-b63. Lang:fr
18:17:53 Listing url is not the same: /fr/Sante-des-enfants-c108/Boiron-b61/promotion.Url vs /fr/Sante-des-enfants-c108/Boiron-b61. Lang:fr
18:18:00 Listing url is not the same: /fr/Sante-des-femmes-c100/A-Vogel-b54/Clef-des-champs-b26/Druide-b63/subcat.Url vs /fr/Sante-des-femmes-c100/A-Vogel-b54/Clef-des-champs-b26/Druide-b63. Lang:fr
18:18:07 Listing url is not the same: /fr/Sante-des-femmes-c100/Clef-des-champs-b26/Druide-b63/b.Url vs /fr/Sante-des-femmes-c100/Clef-des-champs-b26/Druide-b63. Lang:fr
19:04:54 Listing url is not the same: /fr/Sante-des-femmes-c100/Boiron-b61/cat.Url vs /fr/Sante-des-femmes-c100/Boiron-b61. Lang:fr
19:10:09 Listing url is not the same: /fr/Sante-des-enfants-c108/A-Vogel-b54/cat.Url vs /fr/Sante-des-enfants-c108/A-Vogel-b54. Lang:fr
19:10:14 Listing url is not the same: /fr/Systeme-immunitaire-c93/Boiron-b61/addressLink vs /fr/Systeme-immunitaire-c93/Boiron-b61. Lang:fr
19:12:45 Listing url is not the same: /fr/Cosmetique-parfum-et-deodorant-c60/A-Vogel-b54/Anokian-b58/promotion.Url vs /fr/Cosmetique-parfum-et-deodorant-c60/A-Vogel-b54/Anokian-b58. Lang:fr
19:14:25 Listing url is not the same: /fr/Inflammation-c98/Boiron-b61/Clef-des-champs-b26/Meditrina-b68/urlBilingual vs /fr/Inflammation-c98/Boiron-b61/Clef-des-champs-b26/Meditrina-b68. Lang:fr
19:15:41 Listing url is not the same: /fr/Fatigue-c99/Natural-Factors-b71/brand.Url vs /fr/Fatigue-c99/Natural-Factors-b71. Lang:fr
19:54:31 Listing url is not the same: /fr/Sante-des-enfants-c108/A-Vogel-b54/urlBilingual vs /fr/Sante-des-enfants-c108/A-Vogel-b54. Lang:fr
19:55:25 Listing url is not the same: /fr/Cosmetique-parfum-et-deodorant-c60/Anokian-b58/Boiron-b61/addressLink vs /fr/Cosmetique-parfum-et-deodorant-c60/Anokian-b58/Boiron-b61. Lang:fr
20:01:01 Listing url is not the same: /fr/Allergies-c55/A-Vogel-b54/Anokian-b58/urlBilingual vs /fr/Allergies-c55/A-Vogel-b54/Anokian-b58. Lang:fr
20:01:07 Listing url is not the same: /fr/Detox-Digestion-c87/A-Vogel-b54/Boiron-b61/Clef-des-champs-b26/promotion.Url vs /fr/Detox-Digestion-c87/A-Vogel-b54/Boiron-b61/Clef-des-champs-b26. Lang:fr
20:01:10 Listing url is not the same: /fr/Inflammation-c98/Boiron-b61/Meditrina-b68/brand.Url vs /fr/Inflammation-c98/Boiron-b61/Meditrina-b68. Lang:fr
20:03:52 Listing url is not the same: /fr/Allergies-c55/A-Vogel-b54/Boiron-b61/Clef-des-champs-b26/Le-Tournesol-ANB-b64/Meditrina-b68/urlBilingual vs /fr/Allergies-c55/A-Vogel-b54/Boiron-b61/Clef-des-champs-b26/Le-Tournesol-ANB-b64/Meditrina-b68. Lang:fr
20:03:57 Listing url is not the same: /fr/Huiles-magiques-de-wicca-c65/A-Vogel-b54/Druide-b63/Merveilles-d-Abeilles-b69/urlBilingual vs /fr/Huiles-magiques-de-wicca-c65/A-Vogel-b54/Druide-b63/Merveilles-d-Abeilles-b69. Lang:fr
20:44:20 Listing url is not the same: /fr/Sante-des-enfants-c108/A-Vogel-b54/brand.Url vs /fr/Sante-des-enfants-c108/A-Vogel-b54. Lang:fr
20:45:10 Listing url is not the same: /fr/Fatigue-c99/Boiron-b61/Druide-b63/addressLink vs /fr/Fatigue-c99/Boiron-b61/Druide-b63. Lang:fr
20:48:22 Listing url is not the same: /fr/Detox-Digestion-c87/Clef-des-champs-b26/Druide-b63/Meditrina-b68/urlBilingual vs /fr/Detox-Digestion-c87/Clef-des-champs-b26/Druide-b63/Meditrina-b68. Lang:fr
20:48:33 Listing url is not the same: /fr/Sante-des-enfants-c108/Clef-des-champs-b26/Druide-b63/Meditrina-b68/addressLink vs /fr/Sante-des-enfants-c108/Clef-des-champs-b26/Druide-b63/Meditrina-b68. Lang:fr
20:48:38 Listing url is not the same: /fr/Systeme-immunitaire-c93/A-Vogel-b54/Clef-des-champs-b26/Meditrina-b68/cat.Url vs /fr/Systeme-immunitaire-c93/A-Vogel-b54/Clef-des-champs-b26/Meditrina-b68. Lang:fr
20:50:59 Listing url is not the same: /fr/Chandelles-c70/Clef-des-champs-b26/Druide-b63/Meditrina-b68/Merveilles-d-Abeilles-b69/cat.Url vs /fr/Chandelles-c70/Clef-des-champs-b26/Druide-b63/Meditrina-b68/Merveilles-d-Abeilles-b69. Lang:fr
20:51:03 Listing url is not the same: /fr/Inflammation-c98/Clef-des-champs-b26/Natural-Factors-b71/promotion.Url vs /fr/Inflammation-c98/Clef-des-champs-b26/Natural-Factors-b71. Lang:fr
20:51:06 Listing url is not the same: /fr/Systeme-immunitaire-c93/Clef-des-champs-b26/Natural-Factors-b71/cat.Url vs /fr/Systeme-immunitaire-c93/Clef-des-champs-b26/Natural-Factors-b71. Lang:fr
20:51:07 Listing url is not the same: /fr/Systeme-immunitaire-c93/Clef-des-champs-b26/Natural-Factors-b71/urlBilingual vs /fr/Systeme-immunitaire-c93/Clef-des-champs-b26/Natural-Factors-b71. Lang:fr
20:58:55 Listing url is not the same: /fr/Allergies-c55/A-Vogel-b54/Druide-b63/Meditrina-b68/Natural-Factors-b71/b.Url vs /fr/Allergies-c55/A-Vogel-b54/Druide-b63/Meditrina-b68/Natural-Factors-b71. Lang:fr
21:42:06 Listing url is not the same: /fr/Systeme-immunitaire-c93/Meditrina-b68/b.Url vs /fr/Systeme-immunitaire-c93/Meditrina-b68. Lang:fr
21:43:06 Listing url is not the same: /fr/Fatigue-c99/Boiron-b61/Clef-des-champs-b26/Meditrina-b68/cat.Url vs /fr/Fatigue-c99/Boiron-b61/Clef-des-champs-b26/Meditrina-b68. Lang:fr
21:43:33 Listing url is not the same: /fr/Detox-Digestion-c87/Boiron-b61/Meditrina-b68/cat.Url vs /fr/Detox-Digestion-c87/Boiron-b61/Meditrina-b68. Lang:fr
21:44:00 Listing url is not the same: /fr/Inflammation-c98/Druide-b63/Meditrina-b68/p.Url vs /fr/Inflammation-c98/Druide-b63/Meditrina-b68. Lang:fr
21:45:40 Listing url is not the same: /fr/Sante-des-enfants-c108/Boiron-b61/Clef-des-champs-b26/Druide-b63/b.Url vs /fr/Sante-des-enfants-c108/Boiron-b61/Clef-des-champs-b26/Druide-b63. Lang:fr
21:46:02 Listing url is not the same: /fr/Sante-des-enfants-c108/Boiron-b61/Clef-des-champs-b26/p.UrlBrand vs /fr/Sante-des-enfants-c108/Boiron-b61/Clef-des-champs-b26. Lang:fr
21:46:22 Listing url is not the same: /fr/Systeme-immunitaire-c93/Clef-des-champs-b26/Le-Tournesol-ANB-b64/urlBilingual vs /fr/Systeme-immunitaire-c93/Clef-des-champs-b26/Le-Tournesol-ANB-b64. Lang:fr
21:47:00 Listing url is not the same: /fr/Detox-Digestion-c87/Boiron-b61/Druide-b63/p.UrlBrand vs /fr/Detox-Digestion-c87/Boiron-b61/Druide-b63. Lang:fr
21:47:18 Listing url is not the same: /fr/Fatigue-c99/A-Vogel-b54/Druide-b63/cat.Url vs /fr/Fatigue-c99/A-Vogel-b54/Druide-b63. Lang:fr
21:47:34 Listing url is not the same: /fr/Inflammation-c98/A-Vogel-b54/Druide-b63/p.Url vs /fr/Inflammation-c98/A-Vogel-b54/Druide-b63. Lang:fr
21:47:50 Listing url is not the same: /fr/Inflammation-c98/A-Vogel-b54/Druide-b63/p.UrlBrand vs /fr/Inflammation-c98/A-Vogel-b54/Druide-b63. Lang:fr
21:48:04 Listing url is not the same: /fr/Rhume-grippe-voie-respiratoire-c57/A-Vogel-b54/Boiron-b61/Clef-des-champs-b26/Druide-b63/Le-Tournesol-ANB-b64/urlBilingual vs /fr/Rhume-grippe-voie-respiratoire-c57/A-Vogel-b54/Boiron-b61/Clef-des-champs-b26/Druide-b63/Le-Tournesol-ANB-b64. Lang:fr
21:48:54 Listing url is not the same: /fr/Rhume-grippe-voie-respiratoire-c57/Le-Tournesol-ANB-b64/Merveilles-d-Abeilles-b69/Natural-Factors-b71/promotion.Url vs /fr/Rhume-grippe-voie-respiratoire-c57/Le-Tournesol-ANB-b64/Merveilles-d-Abeilles-b69/Natural-Factors-b71. Lang:fr
21:55:12 Listing url is not the same: /fr/Allergies-c55/A-Vogel-b54/Meditrina-b68/Merveilles-d-Abeilles-b69/Natural-Factors-b71/p.Url vs /fr/Allergies-c55/A-Vogel-b54/Meditrina-b68/Merveilles-d-Abeilles-b69/Natural-Factors-b71. Lang:fr
21:55:20 Listing url is not the same: /fr/Antioxydants-c62/A-Vogel-b54/Druide-b63/Merveilles-d-Abeilles-b69/Natural-Factors-b71/addressLink vs /fr/Antioxydants-c62/A-Vogel-b54/Druide-b63/Merveilles-d-Abeilles-b69/Natural-Factors-b71. Lang:fr
21:55:32 Listing url is not the same: /fr/Fatigue-c99/Clef-des-champs-b26/Druide-b63/Meditrina-b68/Merveilles-d-Abeilles-b69/subcat.Url vs /fr/Fatigue-c99/Clef-des-champs-b26/Druide-b63/Meditrina-b68/Merveilles-d-Abeilles-b69. Lang:fr
22:38:17 Listing url is not the same: /fr/Fatigue-c99/Boiron-b61/subcat.Url vs /fr/Fatigue-c99/Boiron-b61. Lang:fr
22:38:30 Listing url is not the same: /fr/Fatigue-c99/Clef-des-champs-b26/Meditrina-b68/brand.Url vs /fr/Fatigue-c99/Clef-des-champs-b26/Meditrina-b68. Lang:fr
22:38:41 Listing url is not the same: /fr/Cosmetique-parfum-et-deodorant-c60/Anokian-b58/Boiron-b61/b.Url vs /fr/Cosmetique-parfum-et-deodorant-c60/Anokian-b58/Boiron-b61. Lang:fr
22:38:53 Listing url is not the same: /fr/Inflammation-c98/Boiron-b61/Clef-des-champs-b26/Meditrina-b68/addressLink vs /fr/Inflammation-c98/Boiron-b61/Clef-des-champs-b26/Meditrina-b68. Lang:fr
22:39:13 Listing url is not the same: /fr/Fatigue-c99/Meditrina-b68/subcat.Url vs /fr/Fatigue-c99/Meditrina-b68. Lang:fr
22:40:12 Listing url is not the same: /fr/Inflammation-c98/Clef-des-champs-b26/Le-Tournesol-ANB-b64/p.UrlBrand vs /fr/Inflammation-c98/Clef-des-champs-b26/Le-Tournesol-ANB-b64. Lang:fr
22:40:36 Listing url is not the same: /fr/Sante-des-enfants-c108/Clef-des-champs-b26/Druide-b63/brand.Url vs /fr/Sante-des-enfants-c108/Clef-des-champs-b26/Druide-b63. Lang:fr
22:40:48 Listing url is not the same: /fr/Concentration-memoire-migraine-c56/Boiron-b61/Clef-des-champs-b26/Le-Tournesol-ANB-b64/promotion.Url vs /fr/Concentration-memoire-migraine-c56/Boiron-b61/Clef-des-champs-b26/Le-Tournesol-ANB-b64. Lang:fr
22:45:17 Listing url is not the same: /fr/Allergies-c55/A-Vogel-b54/Druide-b63/Meditrina-b68/Merveilles-d-Abeilles-b69/cat.Url vs /fr/Allergies-c55/A-Vogel-b54/Druide-b63/Meditrina-b68/Merveilles-d-Abeilles-b69. Lang:fr
22:45:25 Listing url is not the same: /fr/Chandelles-c70/Clef-des-champs-b26/Druide-b63/Meditrina-b68/Merveilles-d-Abeilles-b69/b.Url vs /fr/Chandelles-c70/Clef-des-champs-b26/Druide-b63/Meditrina-b68/Merveilles-d-Abeilles-b69. Lang:fr
22:45:31 Listing url is not the same: /fr/Detox-Digestion-c87/A-Vogel-b54/Boiron-b61/Clef-des-champs-b26/addressLink vs /fr/Detox-Digestion-c87/A-Vogel-b54/Boiron-b61/Clef-des-champs-b26. Lang:fr
22:45:42 Listing url is not the same: /fr/Detox-Digestion-c87/Clef-des-champs-b26/Le-Tournesol-ANB-b64/Meditrina-b68/b.Url vs /fr/Detox-Digestion-c87/Clef-des-champs-b26/Le-Tournesol-ANB-b64/Meditrina-b68. Lang:fr
22:45:46 Listing url is not the same: /fr/Nettoyage-c73/A-Vogel-b54/Clef-des-champs-b26/Meditrina-b68/subcat.Url vs /fr/Nettoyage-c73/A-Vogel-b54/Clef-des-champs-b26/Meditrina-b68. Lang:fr
22:45:50 Listing url is not the same: /fr/Nettoyage-c73/A-Vogel-b54/Clef-des-champs-b26/Merveilles-d-Abeilles-b69/b.Url vs /fr/Nettoyage-c73/A-Vogel-b54/Clef-des-champs-b26/Merveilles-d-Abeilles-b69. Lang:fr
22:49:01 Listing url is not the same: /fr/A-Vogel-b54/Boiron-b61/Clef-des-champs-b26/Natural-Factors-b71/Nature-Clean-b72/urlBilingual vs /fr/A-Vogel-b54/Boiron-b61/Clef-des-champs-b26/Natural-Factors-b71/Nature-Clean-b72. Lang:fr
22:49:04 Listing url is not the same: /fr/Antioxydants-c62/A-Vogel-b54/Boiron-b61/Clef-des-champs-b26/Druide-b63/Le-Tournesol-ANB-b64/b.Url vs /fr/Antioxydants-c62/A-Vogel-b54/Boiron-b61/Clef-des-champs-b26/Druide-b63/Le-Tournesol-ANB-b64. Lang:fr
22:49:08 Listing url is not the same: /fr/Chandelles-c70/Clef-des-champs-b26/Druide-b63/Meditrina-b68/Merveilles-d-Abeilles-b69/subcat.Url vs /fr/Chandelles-c70/Clef-des-champs-b26/Druide-b63/Meditrina-b68/Merveilles-d-Abeilles-b69. Lang:fr
22:49:11 Listing url is not the same: /fr/Concentration-memoire-migraine-c56/Druide-b63/Merveilles-d-Abeilles-b69/Natural-Factors-b71/cat.Url vs /fr/Concentration-memoire-migraine-c56/Druide-b63/Merveilles-d-Abeilles-b69/Natural-Factors-b71. Lang:fr
22:49:12 Listing url is not the same: /fr/Cosmetique-parfum-et-deodorant-c60/Anokian-b58/Natural-Factors-b71/addressLink vs /fr/Cosmetique-parfum-et-deodorant-c60/Anokian-b58/Natural-Factors-b71. Lang:fr
22:49:13 Listing url is not the same: /fr/Cosmetique-parfum-et-deodorant-c60/Boiron-b61/Clef-des-champs-b26/Meditrina-b68/brand.Url vs /fr/Cosmetique-parfum-et-deodorant-c60/Boiron-b61/Clef-des-champs-b26/Meditrina-b68. Lang:fr
22:49:17 Listing url is not the same: /fr/Huiles-magiques-de-wicca-c65/Clef-des-champs-b26/Le-Tournesol-ANB-b64/Meditrina-b68/Merveilles-d-Abeilles-b69/p.UrlBrand vs /fr/Huiles-magiques-de-wicca-c65/Clef-des-champs-b26/Le-Tournesol-ANB-b64/Meditrina-b68/Merveilles-d-Abeilles-b69. Lang:fr
22:49:18 Listing url is not the same: /fr/Inflammation-c98/Clef-des-champs-b26/Natural-Factors-b71/urlBilingual vs /fr/Inflammation-c98/Clef-des-champs-b26/Natural-Factors-b71. Lang:fr
22:49:19 Listing url is not the same: /fr/Nettoyage-c73/Anokian-b58/Natural-Factors-b71/addressLink vs /fr/Nettoyage-c73/Anokian-b58/Natural-Factors-b71. Lang:fr
22:49:21 Listing url is not the same: /fr/Sante-des-femmes-c100/Druide-b63/Meditrina-b68/cat.Url vs /fr/Sante-des-femmes-c100/Druide-b63/Meditrina-b68. Lang:fr
22:49:22 Listing url is not the same: /fr/Sante-des-femmes-c100/Druide-b63/Meditrina-b68/promotion.Url vs /fr/Sante-des-femmes-c100/Druide-b63/Meditrina-b68. Lang:fr
22:49:26 Listing url is not the same: /fr/Stress-c97/Boiron-b61/Le-Tournesol-ANB-b64/addressLink vs /fr/Stress-c97/Boiron-b61/Le-Tournesol-ANB-b64. Lang:fr
22:49:27 Listing url is not the same: /fr/Stress-c97/Boiron-b61/Le-Tournesol-ANB-b64/urlBilingual vs /fr/Stress-c97/Boiron-b61/Le-Tournesol-ANB-b64. Lang:fr
22:49:29 Listing url is not the same: /fr/Systeme-immunitaire-c93/Clef-des-champs-b26/Le-Tournesol-ANB-b64/Natural-Factors-b71/urlBilingual vs /fr/Systeme-immunitaire-c93/Clef-des-champs-b26/Le-Tournesol-ANB-b64/Natural-Factors-b71. Lang:fr
23:46:25 Listing url is not the same: /fr/Rhume-grippe-voie-respiratoire-c57/A-Vogel-b54/Boiron-b61/Clef-des-champs-b26/Druide-b63/Le-Tournesol-ANB-b64/cat.Url vs /fr/Rhume-grippe-voie-respiratoire-c57/A-Vogel-b54/Boiron-b61/Clef-des-champs-b26/Druide-b63/Le-Tournesol-ANB-b64. Lang:fr
23:46:58 Listing url is not the same: /fr/Allergies-c55/Druide-b63/Le-Tournesol-ANB-b64/Natural-Factors-b71/p.Url vs /fr/Allergies-c55/Druide-b63/Le-Tournesol-ANB-b64/Natural-Factors-b71. Lang:fr
23:48:48 Listing url is not the same: /fr/Nettoyage-c73/A-Vogel-b54/Meditrina-b68/Merveilles-d-Abeilles-b69/brand.Url vs /fr/Nettoyage-c73/A-Vogel-b54/Meditrina-b68/Merveilles-d-Abeilles-b69. Lang:fr
23:49:17 Listing url is not the same: /fr/Nettoyage-c73/Le-Tournesol-ANB-b64/Meditrina-b68/Merveilles-d-Abeilles-b69/cat.Url vs /fr/Nettoyage-c73/Le-Tournesol-ANB-b64/Meditrina-b68/Merveilles-d-Abeilles-b69. Lang:fr
23:51:05 Listing url is not the same: /fr/Concentration-memoire-migraine-c56/Clef-des-champs-b26/Druide-b63/Meditrina-b68/Merveilles-d-Abeilles-b69/p.Url vs /fr/Concentration-memoire-migraine-c56/Clef-des-champs-b26/Druide-b63/Meditrina-b68/Merveilles-d-Abeilles-b69. Lang:fr
23:51:30 Listing url is not the same: /fr/Concentration-memoire-migraine-c56/Clef-des-champs-b26/Meditrina-b68/Natural-Factors-b71/addressLink vs /fr/Concentration-memoire-migraine-c56/Clef-des-champs-b26/Meditrina-b68/Natural-Factors-b71. Lang:fr
23:51:53 Listing url is not the same: /fr/Cosmetique-parfum-et-deodorant-c60/Boiron-b61/Clef-des-champs-b26/Le-Tournesol-ANB-b64/addressLink vs /fr/Cosmetique-parfum-et-deodorant-c60/Boiron-b61/Clef-des-champs-b26/Le-Tournesol-ANB-b64. Lang:fr
23:52:15 Listing url is not the same: /fr/Huiles-magiques-de-wicca-c65/A-Vogel-b54/Druide-b63/Merveilles-d-Abeilles-b69/addressLink vs /fr/Huiles-magiques-de-wicca-c65/A-Vogel-b54/Druide-b63/Merveilles-d-Abeilles-b69. Lang:fr
23:52:36 Listing url is not the same: /fr/Rhume-grippe-voie-respiratoire-c57/A-Vogel-b54/Boiron-b61/Meditrina-b68/Merveilles-d-Abeilles-b69/p.UrlBrand vs /fr/Rhume-grippe-voie-respiratoire-c57/A-Vogel-b54/Boiron-b61/Meditrina-b68/Merveilles-d-Abeilles-b69. Lang:fr
23:52:57 Listing url is not the same: /fr/Rhume-grippe-voie-respiratoire-c57/Le-Tournesol-ANB-b64/Merveilles-d-Abeilles-b69/Natural-Factors-b71/p.Url vs /fr/Rhume-grippe-voie-respiratoire-c57/Le-Tournesol-ANB-b64/Merveilles-d-Abeilles-b69/Natural-Factors-b71. Lang:fr
23:53:52 Listing url is not the same: /fr/Sante-des-enfants-c108/Clef-des-champs-b26/Natural-Factors-b71/subcat.Url vs /fr/Sante-des-enfants-c108/Clef-des-champs-b26/Natural-Factors-b71. Lang:fr
