07:32:56 Listing url is not the same: /fr/Concentration-memoire-migraine-c56/Clef-des-champs-b26/cat.Url vs /fr/Concentration-memoire-migraine-c56/Clef-des-champs-b26. Lang:fr
07:35:09 Listing url is not the same: /fr/Concentration-memoire-migraine-c56/Clef-des-champs-b26/Druide-b63/brand.Url vs /fr/Concentration-memoire-migraine-c56/Clef-des-champs-b26/Druide-b63. Lang:fr
07:35:12 Listing url is not the same: /fr/Huiles-magiques-de-wicca-c65/Le-Tournesol-ANB-b64/p.UrlBrand vs /fr/Huiles-magiques-de-wicca-c65/Le-Tournesol-ANB-b64. Lang:fr
08:25:42 Listing url is not the same: /fr/Allergies-c55/Boiron-b61/Clef-des-champs-b26/brand.Url vs /fr/Allergies-c55/Boiron-b61/Clef-des-champs-b26. Lang:fr
08:27:21 Listing url is not the same: /fr/Allergies-c55/A-Vogel-b54/Boiron-b61/Clef-des-champs-b26/b.Url vs /fr/Allergies-c55/A-Vogel-b54/Boiron-b61/Clef-des-champs-b26. Lang:fr
08:27:26 Listing url is not the same: /fr/Rhume-grippe-voie-respiratoire-c57/A-Vogel-b54/Druide-b63/promotion.Url vs /fr/Rhume-grippe-voie-respiratoire-c57/A-Vogel-b54/Druide-b63. Lang:fr
09:18:28 Listing url is not the same: /fr/Antioxydants-c62/Boiron-b61/addressLink vs /fr/Antioxydants-c62/Boiron-b61. Lang:fr
09:19:57 Listing url is not the same: /fr/Antioxydants-c62/A-Vogel-b54/Clef-des-champs-b26/p.UrlBrand vs /fr/Antioxydants-c62/A-Vogel-b54/Clef-des-champs-b26. Lang:fr
09:21:08 Listing url is not the same: /fr/Cosmetique-parfum-et-deodorant-c60/A-Vogel-b54/Druide-b63/cat.Url vs /fr/Cosmetique-parfum-et-deodorant-c60/A-Vogel-b54/Druide-b63. Lang:fr
09:21:12 Listing url is not the same: /fr/Huiles-magiques-de-wicca-c65/Le-Tournesol-ANB-b64/addressLink vs /fr/Huiles-magiques-de-wicca-c65/Le-Tournesol-ANB-b64. Lang:fr
09:21:13 Listing url is not the same: /fr/Huiles-magiques-de-wicca-c65/Le-Tournesol-ANB-b64/promotion.Url vs /fr/Huiles-magiques-de-wicca-c65/Le-Tournesol-ANB-b64. Lang:fr
10:14:08 Listing url is not the same: /fr/Cosmetique-parfum-et-deodorant-c60/brand.Url vs /fr/Cosmetique-parfum-et-deodorant-c60. Lang:fr
10:15:18 Listing url is not the same: /fr/Rhume-grippe-voie-respiratoire-c57/A-Vogel-b54/Boiron-b61/brand.Url vs /fr/Rhume-grippe-voie-respiratoire-c57/A-Vogel-b54/Boiron-b61. Lang:fr
11:16:08 Listing url is not the same: /fr/Rhume-grippe-voie-respiratoire-c57/Boiron-b61/Clef-des-champs-b26/promotion.Url vs /fr/Rhume-grippe-voie-respiratoire-c57/Boiron-b61/Clef-des-champs-b26. Lang:fr
12:57:05 Listing url is not the same: /fr/Chandelles-c70/addressLink vs /fr/Chandelles-c70. Lang:fr
12:59:11 Listing url is not the same: /fr/Allergies-c55/A-Vogel-b54/Clef-des-champs-b26/cat.Url vs /fr/Allergies-c55/A-Vogel-b54/Clef-des-champs-b26. Lang:fr
13:44:47 Listing url is not the same: /fr/Chandelles-c70/cat.Url vs /fr/Chandelles-c70. Lang:fr
13:45:22 Listing url is not the same: /fr/Concentration-memoire-migraine-c56/Clef-des-champs-b26/brand.Url vs /fr/Concentration-memoire-migraine-c56/Clef-des-champs-b26. Lang:fr
13:45:27 Listing url is not the same: /fr/Concentration-memoire-migraine-c56/Clef-des-champs-b26/promotion.Url vs /fr/Concentration-memoire-migraine-c56/Clef-des-champs-b26. Lang:fr
13:45:55 Listing url is not the same: /fr/Concentration-memoire-migraine-c56/A-Vogel-b54/Clef-des-champs-b26/cat.Url vs /fr/Concentration-memoire-migraine-c56/A-Vogel-b54/Clef-des-champs-b26. Lang:fr
13:49:23 Listing url is not the same: /fr/Sante-des-enfants-c108/Boiron-b61/Clef-des-champs-b26/Flora-b123/cat.Url vs /fr/Sante-des-enfants-c108/Boiron-b61/Clef-des-champs-b26/Flora-b123. Lang:fr
14:37:35 Listing url is not the same: /fr/Antioxydants-c62/Boiron-b61/b.Url vs /fr/Antioxydants-c62/Boiron-b61. Lang:fr
14:37:37 Listing url is not the same: /fr/Antioxydants-c62/Boiron-b61/cat.Url vs /fr/Antioxydants-c62/Boiron-b61. Lang:fr
14:37:38 Listing url is not the same: /fr/Antioxydants-c62/Clef-des-champs-b26/promotion.Url vs /fr/Antioxydants-c62/Clef-des-champs-b26. Lang:fr
14:39:38 Listing url is not the same: /fr/Concentration-memoire-migraine-c56/Clef-des-champs-b26/Druide-b63/addressLink vs /fr/Concentration-memoire-migraine-c56/Clef-des-champs-b26/Druide-b63. Lang:fr
14:42:29 Listing url is not the same: /fr/Rhume-grippe-voie-respiratoire-c57/Clef-des-champs-b26/Le-Tournesol-ANB-b64/p.UrlBrand vs /fr/Rhume-grippe-voie-respiratoire-c57/Clef-des-champs-b26/Le-Tournesol-ANB-b64. Lang:fr
14:42:32 Listing url is not the same: /fr/Systeme-immunitaire-c93/Boiron-b61/Clef-des-champs-b26/Flora-b123/brand.Url vs /fr/Systeme-immunitaire-c93/Boiron-b61/Clef-des-champs-b26/Flora-b123. Lang:fr
15:46:53 Listing url is not the same: /fr/Concentration-memoire-migraine-c56/A-Vogel-b54/Clef-des-champs-b26/promotion.Url vs /fr/Concentration-memoire-migraine-c56/A-Vogel-b54/Clef-des-champs-b26. Lang:fr
15:47:00 Listing url is not the same: /fr/Rhume-grippe-voie-respiratoire-c57/A-Vogel-b54/Clef-des-champs-b26/addressLink vs /fr/Rhume-grippe-voie-respiratoire-c57/A-Vogel-b54/Clef-des-champs-b26. Lang:fr
16:28:15 Listing url is not the same: /fr/Concentration-memoire-migraine-c56/A-Vogel-b54/b.Url vs /fr/Concentration-memoire-migraine-c56/A-Vogel-b54. Lang:fr
16:28:21 Listing url is not the same: /fr/Cosmetique-parfum-et-deodorant-c60/Boiron-b61/Druide-b63/promotion.Url vs /fr/Cosmetique-parfum-et-deodorant-c60/Boiron-b61/Druide-b63. Lang:fr
16:28:31 Listing url is not the same: /fr/Huiles-magiques-de-wicca-c65/Le-Tournesol-ANB-b64/b.Url vs /fr/Huiles-magiques-de-wicca-c65/Le-Tournesol-ANB-b64. Lang:fr
16:35:16 Listing url is not the same: /fr/Soin-du-corps-c86/New-roots-b74/addressLink vs /fr/Soin-du-corps-c86/New-roots-b74. Lang:fr
16:36:42 Listing url is not the same: /fr/Concentration-memoire-migraine-c56/Natural-Factors-b71/urlBilingual vs /fr/Concentration-memoire-migraine-c56/Natural-Factors-b71. Lang:fr
17:20:05 Listing url is not the same: /fr/Huiles-magiques-de-wicca-c65/Clef-des-champs-b26/Le-Tournesol-ANB-b64/addressLink vs /fr/Huiles-magiques-de-wicca-c65/Clef-des-champs-b26/Le-Tournesol-ANB-b64. Lang:fr
17:25:34 Listing url is not the same: /fr/Detox-Digestion-c87/Anokian-b58/Natural-Factors-b71/New-roots-b74/urlBilingual vs /fr/Detox-Digestion-c87/Anokian-b58/Natural-Factors-b71/New-roots-b74. Lang:fr
18:10:24 Listing url is not the same: /fr/Cosmetique-parfum-et-deodorant-c60/Druide-b63/Le-Tournesol-ANB-b64/addressLink vs /fr/Cosmetique-parfum-et-deodorant-c60/Druide-b63/Le-Tournesol-ANB-b64. Lang:fr
18:15:51 Listing url is not the same: /fr/Rhume-grippe-voie-respiratoire-c57/A-Vogel-b54/Boiron-b61/Natural-Factors-b71/Nature-Clean-b72/p.Url vs /fr/Rhume-grippe-voie-respiratoire-c57/A-Vogel-b54/Boiron-b61/Natural-Factors-b71/Nature-Clean-b72. Lang:fr
18:15:55 Listing url is not the same: /fr/Rhume-grippe-voie-respiratoire-c57/Boiron-b61/Clef-des-champs-b26/Merveilles-d-Abeilles-b69/Nature-Clean-b72/subcat.Url vs /fr/Rhume-grippe-voie-respiratoire-c57/Boiron-b61/Clef-des-champs-b26/Merveilles-d-Abeilles-b69/Nature-Clean-b72. Lang:fr
19:02:00 Listing url is not the same: /fr/Cosmetique-parfum-et-deodorant-c60/Druide-b63/Le-Tournesol-ANB-b64/subcat.Url vs /fr/Cosmetique-parfum-et-deodorant-c60/Druide-b63/Le-Tournesol-ANB-b64. Lang:fr
19:08:07 Listing url is not the same: /fr/Allergies-c55/Anokian-b58/Natural-Factors-b71/New-roots-b74/urlBilingual vs /fr/Allergies-c55/Anokian-b58/Natural-Factors-b71/New-roots-b74. Lang:fr
19:08:20 Listing url is not the same: /fr/Coeur-et-sante-generale-c106/A-Vogel-b54/Clef-des-champs-b26/Natural-Factors-b71/New-roots-b74/addressLink vs /fr/Coeur-et-sante-generale-c106/A-Vogel-b54/Clef-des-champs-b26/Natural-Factors-b71/New-roots-b74. Lang:fr
19:08:28 Listing url is not the same: /fr/Detox-Digestion-c87/Clef-des-champs-b26/Le-Tournesol-ANB-b64/Medelys-b128/promotion.Url vs /fr/Detox-Digestion-c87/Clef-des-champs-b26/Le-Tournesol-ANB-b64/Medelys-b128. Lang:fr
19:08:34 Listing url is not the same: /fr/Fatigue-c99/Clef-des-champs-b26/Flora-b123/Natural-Factors-b71/cat.Url vs /fr/Fatigue-c99/Clef-des-champs-b26/Flora-b123/Natural-Factors-b71. Lang:fr
19:08:40 Listing url is not the same: /fr/Homeopathie-c12/Boiron-b61/Le-Tournesol-ANB-b64/Merveilles-d-Abeilles-b69/b.Url vs /fr/Homeopathie-c12/Boiron-b61/Le-Tournesol-ANB-b64/Merveilles-d-Abeilles-b69. Lang:fr
19:08:44 Listing url is not the same: /fr/Inflammation-c98/Clef-des-champs-b26/Le-Tournesol-ANB-b64/Merveilles-d-Abeilles-b69/Natural-Factors-b71/p.Url vs /fr/Inflammation-c98/Clef-des-champs-b26/Le-Tournesol-ANB-b64/Merveilles-d-Abeilles-b69/Natural-Factors-b71. Lang:fr
19:58:14 Listing url is not the same: /fr/Homeopathie-c12/A-Vogel-b54/Boiron-b61/Natural-Factors-b71/Nature-Clean-b72/p.UrlBrand vs /fr/Homeopathie-c12/A-Vogel-b54/Boiron-b61/Natural-Factors-b71/Nature-Clean-b72. Lang:fr
19:58:18 Listing url is not the same: /fr/Nettoyage-c73/A-Vogel-b54/Boiron-b61/Natural-Factors-b71/Nature-Clean-b72/cat.Url vs /fr/Nettoyage-c73/A-Vogel-b54/Boiron-b61/Natural-Factors-b71/Nature-Clean-b72. Lang:fr
19:58:28 Listing url is not the same: /fr/Sommeil-c88/A-Vogel-b54/Clef-des-champs-b26/Nature-Clean-b72/New-roots-b74/urlBilingual vs /fr/Sommeil-c88/A-Vogel-b54/Clef-des-champs-b26/Nature-Clean-b72/New-roots-b74. Lang:fr
20:01:48 Listing url is not the same: /fr/Stress-c97/A-Vogel-b54/Clef-des-champs-b26/Leo-Desilet-b66/urlBilingual vs /fr/Stress-c97/A-Vogel-b54/Clef-des-champs-b26/Leo-Desilet-b66. Lang:fr
20:51:02 Listing url is not the same: /fr/Antioxydants-c62/Bach-b137/Druide-b63/urlBilingual vs /fr/Antioxydants-c62/Bach-b137/Druide-b63. Lang:fr
20:51:04 Listing url is not the same: /fr/Coeur-et-sante-generale-c106/Clef-des-champs-b26/Meditrina-b68/Natural-Factors-b71/New-roots-b74/brand.Url vs /fr/Coeur-et-sante-generale-c106/Clef-des-champs-b26/Meditrina-b68/Natural-Factors-b71/New-roots-b74. Lang:fr
20:51:07 Listing url is not the same: /fr/Fatigue-c99/New-roots-b74/Numi-tea-b124/b.Url vs /fr/Fatigue-c99/New-roots-b74/Numi-tea-b124. Lang:fr
20:51:09 Listing url is not the same: /fr/Fatigue-c99/New-roots-b74/Salus-b126/subcat.Url vs /fr/Fatigue-c99/New-roots-b74/Salus-b126. Lang:fr
20:51:11 Listing url is not the same: /fr/Homeopathie-c12/A-Vogel-b54/Clef-des-champs-b26/Leo-Desilet-b66/p.Url vs /fr/Homeopathie-c12/A-Vogel-b54/Clef-des-champs-b26/Leo-Desilet-b66. Lang:fr
20:51:12 Listing url is not the same: /fr/Rhume-grippe-voie-respiratoire-c57/A-Vogel-b54/Bach-b137/Druide-b63/subcat.Url vs /fr/Rhume-grippe-voie-respiratoire-c57/A-Vogel-b54/Bach-b137/Druide-b63. Lang:fr
20:51:14 Listing url is not the same: /fr/Rhume-grippe-voie-respiratoire-c57/A-Vogel-b54/Clef-des-champs-b26/Natural-Factors-b71/New-roots-b74/cat.Url vs /fr/Rhume-grippe-voie-respiratoire-c57/A-Vogel-b54/Clef-des-champs-b26/Natural-Factors-b71/New-roots-b74. Lang:fr
20:51:16 Listing url is not the same: /fr/Stress-c97/Leo-Desilet-b66/Natural-Factors-b71/b.Url vs /fr/Stress-c97/Leo-Desilet-b66/Natural-Factors-b71. Lang:fr
21:39:29 Listing url is not the same: /fr/Huiles-magiques-de-wicca-c65/Clef-des-champs-b26/Le-Tournesol-ANB-b64/p.Url vs /fr/Huiles-magiques-de-wicca-c65/Clef-des-champs-b26/Le-Tournesol-ANB-b64. Lang:fr
21:42:33 Listing url is not the same: /fr/Inflammation-c98/A-Vogel-b54/Boiron-b61/Natural-Factors-b71/Nature-Clean-b72/b.Url vs /fr/Inflammation-c98/A-Vogel-b54/Boiron-b61/Natural-Factors-b71/Nature-Clean-b72. Lang:fr
21:42:40 Listing url is not the same: /fr/Nettoyage-c73/Nature-Clean-b72/b.Url vs /fr/Nettoyage-c73/Nature-Clean-b72. Lang:fr
22:34:56 Listing url is not the same: /fr/Allergies-c55/Bach-b137/Natural-Factors-b71/addressLink vs /fr/Allergies-c55/Bach-b137/Natural-Factors-b71. Lang:fr
22:35:11 Listing url is not the same: /fr/Homeopathie-c12/Boiron-b61/Clef-des-champs-b26/Leo-Desilet-b66/promotion.Url vs /fr/Homeopathie-c12/Boiron-b61/Clef-des-champs-b26/Leo-Desilet-b66. Lang:fr
22:35:24 Listing url is not the same: /fr/Sommeil-c88/Clef-des-champs-b26/Salus-b126/subcat.Url vs /fr/Sommeil-c88/Clef-des-champs-b26/Salus-b126. Lang:fr
23:21:16 Listing url is not the same: /fr/Antioxydants-c62/Meditrina-b68/urlBilingual vs /fr/Antioxydants-c62/Meditrina-b68. Lang:fr
23:26:49 Listing url is not the same: /fr/Allergies-c55/A-Vogel-b54/Le-Tournesol-ANB-b64/New-roots-b74/promotion.Url vs /fr/Allergies-c55/A-Vogel-b54/Le-Tournesol-ANB-b64/New-roots-b74. Lang:fr
23:27:15 Listing url is not the same: /fr/Rhume-grippe-voie-respiratoire-c57/Clef-des-champs-b26/Meditrina-b68/Nature-Clean-b72/New-roots-b74/p.UrlBrand vs /fr/Rhume-grippe-voie-respiratoire-c57/Clef-des-champs-b26/Meditrina-b68/Nature-Clean-b72/New-roots-b74. Lang:fr
23:27:39 Listing url is not the same: /fr/Sante-des-femmes-c100/A-Vogel-b54/Clef-des-champs-b26/Flora-b123/b.Url vs /fr/Sante-des-femmes-c100/A-Vogel-b54/Clef-des-champs-b26/Flora-b123. Lang:fr
