00:27:28 Listing url is not the same: /fr/Allergies-c55/A-Vogel-b54/Boiron-b61/Druide-b63/brand.Url vs /fr/Allergies-c55/A-Vogel-b54/Boiron-b61/Druide-b63. Lang:fr
00:27:33 Listing url is not the same: /fr/Systeme-immunitaire-c93/Boiron-b61/Clef-des-champs-b26/Flora-b123/addressLink vs /fr/Systeme-immunitaire-c93/Boiron-b61/Clef-des-champs-b26/Flora-b123. Lang:fr
00:33:11 Listing url is not the same: /fr/Fatigue-c99/A-Vogel-b54/Clef-des-champs-b26/Flora-b123/urlBilingual vs /fr/Fatigue-c99/A-Vogel-b54/Clef-des-champs-b26/Flora-b123. Lang:fr
00:33:18 Listing url is not the same: /fr/Huiles-magiques-de-wicca-c65/Le-Tournesol-ANB-b64/Meditrina-b68/brand.Url vs /fr/Huiles-magiques-de-wicca-c65/Le-Tournesol-ANB-b64/Meditrina-b68. Lang:fr
00:33:23 Listing url is not the same: /fr/Nettoyage-c73/A-Vogel-b54/brand.Url vs /fr/Nettoyage-c73/A-Vogel-b54. Lang:fr
00:33:32 Listing url is not the same: /fr/Sante-des-enfants-c108/A-Vogel-b54/Clef-des-champs-b26/Flora-b123/p.Url vs /fr/Sante-des-enfants-c108/A-Vogel-b54/Clef-des-champs-b26/Flora-b123. Lang:fr
00:33:35 Listing url is not the same: /fr/Sommeil-c88/Clef-des-champs-b26/Salus-b126/brand.Url vs /fr/Sommeil-c88/Clef-des-champs-b26/Salus-b126. Lang:fr
00:33:41 Listing url is not the same: /fr/Stress-c97/Leo-Desilet-b66/Natural-Factors-b71/p.Url vs /fr/Stress-c97/Leo-Desilet-b66/Natural-Factors-b71. Lang:fr
01:18:47 Listing url is not the same: /fr/Rhume-grippe-voie-respiratoire-c57/Boiron-b61/Clef-des-champs-b26/b.Url vs /fr/Rhume-grippe-voie-respiratoire-c57/Boiron-b61/Clef-des-champs-b26. Lang:fr
01:28:31 Listing url is not the same: /fr/Rhume-grippe-voie-respiratoire-c57/A-Vogel-b54/Bach-b137/Druide-b63/promotion.Url vs /fr/Rhume-grippe-voie-respiratoire-c57/A-Vogel-b54/Bach-b137/Druide-b63. Lang:fr
01:28:37 Listing url is not the same: /fr/Stress-c97/Anokian-b58/Natural-Factors-b71/New-roots-b74/addressLink vs /fr/Stress-c97/Anokian-b58/Natural-Factors-b71/New-roots-b74. Lang:fr
02:11:41 Listing url is not the same: /fr/Rhume-grippe-voie-respiratoire-c57/A-Vogel-b54/Clef-des-champs-b26/subcat.Url vs /fr/Rhume-grippe-voie-respiratoire-c57/A-Vogel-b54/Clef-des-champs-b26. Lang:fr
02:14:02 Listing url is not the same: /fr/Rhume-grippe-voie-respiratoire-c57/A-Vogel-b54/Boiron-b61/Clef-des-champs-b26/urlBilingual vs /fr/Rhume-grippe-voie-respiratoire-c57/A-Vogel-b54/Boiron-b61/Clef-des-champs-b26. Lang:fr
02:15:40 Listing url is not the same: /fr/Allergies-c55/A-Vogel-b54/Boiron-b61/Druide-b63/addressLink vs /fr/Allergies-c55/A-Vogel-b54/Boiron-b61/Druide-b63. Lang:fr
02:21:14 Listing url is not the same: /fr/Antioxydants-c62/Bach-b137/Natural-Factors-b71/p.Url vs /fr/Antioxydants-c62/Bach-b137/Natural-Factors-b71. Lang:fr
02:21:16 Listing url is not the same: /fr/Rhume-grippe-voie-respiratoire-c57/A-Vogel-b54/Clef-des-champs-b26/Flora-b123/subcat.Url vs /fr/Rhume-grippe-voie-respiratoire-c57/A-Vogel-b54/Clef-des-champs-b26/Flora-b123. Lang:fr
02:21:17 Listing url is not the same: /fr/Rhume-grippe-voie-respiratoire-c57/Clef-des-champs-b26/Meditrina-b68/Natural-Factors-b71/New-roots-b74/cat.Url vs /fr/Rhume-grippe-voie-respiratoire-c57/Clef-des-champs-b26/Meditrina-b68/Natural-Factors-b71/New-roots-b74. Lang:fr
02:21:19 Listing url is not the same: /fr/Stress-c97/Clef-des-champs-b26/Merveilles-d-Abeilles-b69/Natural-Factors-b71/New-roots-b74/brand.Url vs /fr/Stress-c97/Clef-des-champs-b26/Merveilles-d-Abeilles-b69/Natural-Factors-b71/New-roots-b74. Lang:fr
03:03:48 Listing url is not the same: /fr/Rhume-grippe-voie-respiratoire-c57/A-Vogel-b54/Clef-des-champs-b26/p.Url vs /fr/Rhume-grippe-voie-respiratoire-c57/A-Vogel-b54/Clef-des-champs-b26. Lang:fr
03:05:27 Listing url is not the same: /fr/Concentration-memoire-migraine-c56/A-Vogel-b54/addressLink vs /fr/Concentration-memoire-migraine-c56/A-Vogel-b54. Lang:fr
03:07:43 Listing url is not the same: /fr/Allergies-c55/A-Vogel-b54/Le-Tournesol-ANB-b64/cat.Url vs /fr/Allergies-c55/A-Vogel-b54/Le-Tournesol-ANB-b64. Lang:fr
03:10:33 Listing url is not the same: /fr/Allergies-c55/Boiron-b61/Le-Tournesol-ANB-b64/p.UrlBrand vs /fr/Allergies-c55/Boiron-b61/Le-Tournesol-ANB-b64. Lang:fr
03:10:36 Listing url is not the same: /fr/Allergies-c55/Boiron-b61/Le-Tournesol-ANB-b64/subcat.Url vs /fr/Allergies-c55/Boiron-b61/Le-Tournesol-ANB-b64. Lang:fr
03:10:37 Listing url is not the same: /fr/Homeopathie-c12/Boiron-b61/Clef-des-champs-b26/Flora-b123/brand.Url vs /fr/Homeopathie-c12/Boiron-b61/Clef-des-champs-b26/Flora-b123. Lang:fr
03:10:39 Listing url is not the same: /fr/Homeopathie-c12/Boiron-b61/Merveilles-d-Abeilles-b69/Natural-Factors-b71/cat.Url vs /fr/Homeopathie-c12/Boiron-b61/Merveilles-d-Abeilles-b69/Natural-Factors-b71. Lang:fr
03:10:40 Listing url is not the same: /fr/Huiles-magiques-de-wicca-c65/Clef-des-champs-b26/Le-Tournesol-ANB-b64/cat.Url vs /fr/Huiles-magiques-de-wicca-c65/Clef-des-champs-b26/Le-Tournesol-ANB-b64. Lang:fr
03:10:42 Listing url is not the same: /fr/Systeme-immunitaire-c93/A-Vogel-b54/Bach-b137/Boiron-b61/Clef-des-champs-b26/addressLink vs /fr/Systeme-immunitaire-c93/A-Vogel-b54/Bach-b137/Boiron-b61/Clef-des-champs-b26. Lang:fr
04:01:24 Listing url is not the same: /fr/Cosmetique-parfum-et-deodorant-c60/Boiron-b61/Druide-b63/Natural-Factors-b71/New-roots-b74/addressLink vs /fr/Cosmetique-parfum-et-deodorant-c60/Boiron-b61/Druide-b63/Natural-Factors-b71/New-roots-b74. Lang:fr
04:01:30 Listing url is not the same: /fr/Fatigue-c99/Bach-b137/Natural-Factors-b71/subcat.Url vs /fr/Fatigue-c99/Bach-b137/Natural-Factors-b71. Lang:fr
04:01:35 Listing url is not the same: /fr/Nettoyage-c73/Clef-des-champs-b26/Druide-b63/Nature-Clean-b72/promotion.Url vs /fr/Nettoyage-c73/Clef-des-champs-b26/Druide-b63/Nature-Clean-b72. Lang:fr
04:01:43 Listing url is not the same: /fr/Sante-des-femmes-c100/New-roots-b74/Salus-b126/b.Url vs /fr/Sante-des-femmes-c100/New-roots-b74/Salus-b126. Lang:fr
04:01:49 Listing url is not the same: /fr/Sommeil-c88/A-Vogel-b54/Healthology-b116/subcat.Url vs /fr/Sommeil-c88/A-Vogel-b54/Healthology-b116. Lang:fr
04:01:54 Listing url is not the same: /fr/Stress-c97/A-Vogel-b54/Le-Tournesol-ANB-b64/New-roots-b74/cat.Url vs /fr/Stress-c97/A-Vogel-b54/Le-Tournesol-ANB-b64/New-roots-b74. Lang:fr
04:02:00 Listing url is not the same: /fr/Stress-c97/Anokian-b58/Le-Tournesol-ANB-b64/Natural-Factors-b71/p.Url vs /fr/Stress-c97/Anokian-b58/Le-Tournesol-ANB-b64/Natural-Factors-b71. Lang:fr
04:02:04 Listing url is not the same: /fr/Stress-c97/Clef-des-champs-b26/Merveilles-d-Abeilles-b69/Natural-Factors-b71/New-roots-b74/subcat.Url vs /fr/Stress-c97/Clef-des-champs-b26/Merveilles-d-Abeilles-b69/Natural-Factors-b71/New-roots-b74. Lang:fr
04:02:10 Listing url is not the same: /fr/Systeme-immunitaire-c93/Bach-b137/Clef-des-champs-b26/Merveilles-d-Abeilles-b69/b.Url vs /fr/Systeme-immunitaire-c93/Bach-b137/Clef-des-champs-b26/Merveilles-d-Abeilles-b69. Lang:fr
04:48:25 Listing url is not the same: /fr/A-Vogel-b54/p.Url vs /fr/A-Vogel-b54. Lang:fr
04:50:19 Listing url is not the same: /fr/Rhume-grippe-voie-respiratoire-c57/A-Vogel-b54/Boiron-b61/Druide-b63/p.UrlBrand vs /fr/Rhume-grippe-voie-respiratoire-c57/A-Vogel-b54/Boiron-b61/Druide-b63. Lang:fr
04:53:45 Listing url is not the same: /fr/Antioxydants-c62/A-Vogel-b54/Healthology-b116/b.Url vs /fr/Antioxydants-c62/A-Vogel-b54/Healthology-b116. Lang:fr
04:54:19 Listing url is not the same: /fr/Chandelles-c70/Le-Tournesol-ANB-b64/Merveilles-d-Abeilles-b69/New-roots-b74/p.Url vs /fr/Chandelles-c70/Le-Tournesol-ANB-b64/Merveilles-d-Abeilles-b69/New-roots-b74. Lang:fr
04:55:20 Listing url is not the same: /fr/Concentration-memoire-migraine-c56/Clef-des-champs-b26/Druide-b63/Numi-tea-b124/cat.Url vs /fr/Concentration-memoire-migraine-c56/Clef-des-champs-b26/Druide-b63/Numi-tea-b124. Lang:fr
04:55:47 Listing url is not the same: /fr/Homeopathie-c12/Boiron-b61/Medelys-b128/cat.Url vs /fr/Homeopathie-c12/Boiron-b61/Medelys-b128. Lang:fr
04:56:12 Listing url is not the same: /fr/Inflammation-c98/A-Vogel-b54/Clef-des-champs-b26/Flora-b123/subcat.Url vs /fr/Inflammation-c98/A-Vogel-b54/Clef-des-champs-b26/Flora-b123. Lang:fr
04:56:39 Listing url is not the same: /fr/Inflammation-c98/Clef-des-champs-b26/Salus-b126/b.Url vs /fr/Inflammation-c98/Clef-des-champs-b26/Salus-b126. Lang:fr
04:57:03 Listing url is not the same: /fr/Nettoyage-c73/A-Vogel-b54/Boiron-b61/Clef-des-champs-b26/Meditrina-b68/Nature-Clean-b72/p.Url vs /fr/Nettoyage-c73/A-Vogel-b54/Boiron-b61/Clef-des-champs-b26/Meditrina-b68/Nature-Clean-b72. Lang:fr
04:57:47 Listing url is not the same: /fr/Sommeil-c88/Clef-des-champs-b26/Salus-b126/addressLink vs /fr/Sommeil-c88/Clef-des-champs-b26/Salus-b126. Lang:fr
04:58:27 Listing url is not the same: /fr/Stress-c97/A-Vogel-b54/Healthology-b116/cat.Url vs /fr/Stress-c97/A-Vogel-b54/Healthology-b116. Lang:fr
04:58:45 Listing url is not the same: /fr/Stress-c97/Clef-des-champs-b26/Le-Tournesol-ANB-b64/Merveilles-d-Abeilles-b69/Nature-Clean-b72/b.Url vs /fr/Stress-c97/Clef-des-champs-b26/Le-Tournesol-ANB-b64/Merveilles-d-Abeilles-b69/Nature-Clean-b72. Lang:fr
04:59:03 Listing url is not the same: /fr/Systeme-immunitaire-c93/A-Vogel-b54/Bach-b137/Druide-b63/p.UrlBrand vs /fr/Systeme-immunitaire-c93/A-Vogel-b54/Bach-b137/Druide-b63. Lang:fr
04:59:19 Listing url is not the same: /fr/Systeme-immunitaire-c93/Druide-b63/Le-Tournesol-ANB-b64/Meditrina-b68/Natural-Factors-b71/cat.Url vs /fr/Systeme-immunitaire-c93/Druide-b63/Le-Tournesol-ANB-b64/Meditrina-b68/Natural-Factors-b71. Lang:fr
04:59:35 Listing url is not the same: /fr/Tisane-c24/A-Vogel-b54/Clef-des-champs-b26/p.UrlBrand vs /fr/Tisane-c24/A-Vogel-b54/Clef-des-champs-b26. Lang:fr
05:37:16 Listing url is not the same: /fr/Allergies-c55/Boiron-b61/Clef-des-champs-b26/Druide-b63/addressLink vs /fr/Allergies-c55/Boiron-b61/Clef-des-champs-b26/Druide-b63. Lang:fr
05:39:10 Listing url is not the same: /fr/Concentration-memoire-migraine-c56/Clef-des-champs-b26/Le-Tournesol-ANB-b64/cat.Url vs /fr/Concentration-memoire-migraine-c56/Clef-des-champs-b26/Le-Tournesol-ANB-b64. Lang:fr
05:39:40 Listing url is not the same: /fr/Rhume-grippe-voie-respiratoire-c57/A-Vogel-b54/Le-Tournesol-ANB-b64/cat.Url vs /fr/Rhume-grippe-voie-respiratoire-c57/A-Vogel-b54/Le-Tournesol-ANB-b64. Lang:fr
05:41:50 Listing url is not the same: /fr/A-Vogel-b54/addressLink vs /fr/A-Vogel-b54. Lang:fr
05:41:58 Listing url is not the same: /fr/Antioxydants-c62/Druide-b63/Meditrina-b68/p.Url vs /fr/Antioxydants-c62/Druide-b63/Meditrina-b68. Lang:fr
05:42:09 Listing url is not the same: /fr/Sommeil-c88/A-Vogel-b54/Clef-des-champs-b26/Nature-Clean-b72/New-roots-b74/p.UrlBrand vs /fr/Sommeil-c88/A-Vogel-b54/Clef-des-champs-b26/Nature-Clean-b72/New-roots-b74. Lang:fr
05:45:13 Listing url is not the same: /fr/Chandelles-c70/Clef-des-champs-b26/Merveilles-d-Abeilles-b69/subcat.Url vs /fr/Chandelles-c70/Clef-des-champs-b26/Merveilles-d-Abeilles-b69. Lang:fr
05:46:15 Listing url is not the same: /fr/Concentration-memoire-migraine-c56/A-Vogel-b54/Boiron-b61/Natural-Factors-b71/Nature-Clean-b72/b.Url vs /fr/Concentration-memoire-migraine-c56/A-Vogel-b54/Boiron-b61/Natural-Factors-b71/Nature-Clean-b72. Lang:fr
05:47:11 Listing url is not the same: /fr/Rhume-grippe-voie-respiratoire-c57/A-Vogel-b54/Clef-des-champs-b26/Le-Tournesol-ANB-b64/cat.Url vs /fr/Rhume-grippe-voie-respiratoire-c57/A-Vogel-b54/Clef-des-champs-b26/Le-Tournesol-ANB-b64. Lang:fr
05:47:37 Listing url is not the same: /fr/Sante-des-enfants-c108/A-Vogel-b54/Kyolic-b115/cat.Url vs /fr/Sante-des-enfants-c108/A-Vogel-b54/Kyolic-b115. Lang:fr
06:42:27 Listing url is not the same: /fr/Allergies-c55/A-Vogel-b54/Druide-b63/p.Url vs /fr/Allergies-c55/A-Vogel-b54/Druide-b63. Lang:fr
06:43:14 Listing url is not the same: /fr/Allergies-c55/Boiron-b61/Druide-b63/p.Url vs /fr/Allergies-c55/Boiron-b61/Druide-b63. Lang:fr
06:43:26 Listing url is not the same: /fr/Cosmetique-parfum-et-deodorant-c60/Clef-des-champs-b26/Druide-b63/cat.Url vs /fr/Cosmetique-parfum-et-deodorant-c60/Clef-des-champs-b26/Druide-b63. Lang:fr
06:43:48 Listing url is not the same: /fr/Rhume-grippe-voie-respiratoire-c57/Clef-des-champs-b26/Druide-b63/cat.Url vs /fr/Rhume-grippe-voie-respiratoire-c57/Clef-des-champs-b26/Druide-b63. Lang:fr
06:44:18 Listing url is not the same: /fr/Antioxydants-c62/A-Vogel-b54/Meditrina-b68/brand.Url vs /fr/Antioxydants-c62/A-Vogel-b54/Meditrina-b68. Lang:fr
06:44:29 Listing url is not the same: /fr/Antioxydants-c62/Le-Tournesol-ANB-b64/Meditrina-b68/p.UrlBrand vs /fr/Antioxydants-c62/Le-Tournesol-ANB-b64/Meditrina-b68. Lang:fr
06:44:36 Listing url is not the same: /fr/Concentration-memoire-migraine-c56/Boiron-b61/subcat.Url vs /fr/Concentration-memoire-migraine-c56/Boiron-b61. Lang:fr
06:44:42 Listing url is not the same: /fr/Cosmetique-parfum-et-deodorant-c60/Boiron-b61/Clef-des-champs-b26/Druide-b63/addressLink vs /fr/Cosmetique-parfum-et-deodorant-c60/Boiron-b61/Clef-des-champs-b26/Druide-b63. Lang:fr
07:24:28 Listing url is not the same: /fr/Rhume-grippe-voie-respiratoire-c57/A-Vogel-b54/Boiron-b61/cat.Url vs /fr/Rhume-grippe-voie-respiratoire-c57/A-Vogel-b54/Boiron-b61. Lang:fr
07:26:36 Listing url is not the same: /fr/Antioxydants-c62/A-Vogel-b54/Boiron-b61/Clef-des-champs-b26/brand.Url vs /fr/Antioxydants-c62/A-Vogel-b54/Boiron-b61/Clef-des-champs-b26. Lang:fr
07:29:52 Listing url is not the same: /fr/Allergies-c55/Le-Tournesol-ANB-b64/urlBilingual vs /fr/Allergies-c55/Le-Tournesol-ANB-b64. Lang:fr
08:15:52 Listing url is not the same: /fr/Allergies-c55/Clef-des-champs-b26/urlBilingual vs /fr/Allergies-c55/Clef-des-champs-b26. Lang:fr
08:16:04 Listing url is not the same: /fr/Concentration-memoire-migraine-c56/Clef-des-champs-b26/urlBilingual vs /fr/Concentration-memoire-migraine-c56/Clef-des-champs-b26. Lang:fr
08:19:19 Listing url is not the same: /fr/Allergies-c55/Meditrina-b68/p.UrlBrand vs /fr/Allergies-c55/Meditrina-b68. Lang:fr
08:20:39 Listing url is not the same: /fr/Rhume-grippe-voie-respiratoire-c57/Clef-des-champs-b26/Meditrina-b68/urlBilingual vs /fr/Rhume-grippe-voie-respiratoire-c57/Clef-des-champs-b26/Meditrina-b68. Lang:fr
09:04:05 Listing url is not the same: /fr/Antioxydants-c62/A-Vogel-b54/p.UrlBrand vs /fr/Antioxydants-c62/A-Vogel-b54. Lang:fr
09:06:41 Listing url is not the same: /fr/Rhume-grippe-voie-respiratoire-c57/A-Vogel-b54/Clef-des-champs-b26/promotion.Url vs /fr/Rhume-grippe-voie-respiratoire-c57/A-Vogel-b54/Clef-des-champs-b26. Lang:fr
09:07:22 Listing url is not the same: /fr/Rhume-grippe-voie-respiratoire-c57/A-Vogel-b54/Druide-b63/b.Url vs /fr/Rhume-grippe-voie-respiratoire-c57/A-Vogel-b54/Druide-b63. Lang:fr
09:07:35 Listing url is not the same: /fr/Allergies-c55/A-Vogel-b54/Clef-des-champs-b26/Druide-b63/cat.Url vs /fr/Allergies-c55/A-Vogel-b54/Clef-des-champs-b26/Druide-b63. Lang:fr
09:08:35 Listing url is not the same: /fr/Antioxydants-c62/Druide-b63/Meditrina-b68/brand.Url vs /fr/Antioxydants-c62/Druide-b63/Meditrina-b68. Lang:fr
09:08:40 Listing url is not the same: /fr/Rhume-grippe-voie-respiratoire-c57/A-Vogel-b54/Meditrina-b68/b.Url vs /fr/Rhume-grippe-voie-respiratoire-c57/A-Vogel-b54/Meditrina-b68. Lang:fr
10:00:36 Listing url is not the same: /fr/Concentration-memoire-migraine-c56/Boiron-b61/Clef-des-champs-b26/urlBilingual vs /fr/Concentration-memoire-migraine-c56/Boiron-b61/Clef-des-champs-b26. Lang:fr
10:01:47 Listing url is not the same: /fr/Concentration-memoire-migraine-c56/Clef-des-champs-b26/Druide-b63/promotion.Url vs /fr/Concentration-memoire-migraine-c56/Clef-des-champs-b26/Druide-b63. Lang:fr
10:03:26 Listing url is not the same: /fr/Antioxydants-c62/A-Vogel-b54/Druide-b63/brand.Url vs /fr/Antioxydants-c62/A-Vogel-b54/Druide-b63. Lang:fr
10:03:43 Listing url is not the same: /fr/Antioxydants-c62/A-Vogel-b54/Druide-b63/urlBilingual vs /fr/Antioxydants-c62/A-Vogel-b54/Druide-b63. Lang:fr
10:03:59 Listing url is not the same: /fr/Antioxydants-c62/A-Vogel-b54/Meditrina-b68/urlBilingual vs /fr/Antioxydants-c62/A-Vogel-b54/Meditrina-b68. Lang:fr
10:04:13 Listing url is not the same: /fr/Antioxydants-c62/Le-Tournesol-ANB-b64/Meditrina-b68/p.Url vs /fr/Antioxydants-c62/Le-Tournesol-ANB-b64/Meditrina-b68. Lang:fr
10:57:00 Listing url is not the same: /fr/Allergies-c55/A-Vogel-b54/Boiron-b61/cat.Url vs /fr/Allergies-c55/A-Vogel-b54/Boiron-b61. Lang:fr
10:59:30 Listing url is not the same: /fr/Allergies-c55/A-Vogel-b54/Boiron-b61/Clef-des-champs-b26/cat.Url vs /fr/Allergies-c55/A-Vogel-b54/Boiron-b61/Clef-des-champs-b26. Lang:fr
11:00:25 Listing url is not the same: /fr/Concentration-memoire-migraine-c56/A-Vogel-b54/Clef-des-champs-b26/Druide-b63/subcat.Url vs /fr/Concentration-memoire-migraine-c56/A-Vogel-b54/Clef-des-champs-b26/Druide-b63. Lang:fr
11:02:00 Listing url is not the same: /fr/Allergies-c55/Le-Tournesol-ANB-b64/b.Url vs /fr/Allergies-c55/Le-Tournesol-ANB-b64. Lang:fr
11:02:22 Listing url is not the same: /fr/Antioxydants-c62/A-Vogel-b54/Clef-des-champs-b26/Druide-b63/Nature-Clean-b72/New-roots-b74/p.UrlBrand vs /fr/Antioxydants-c62/A-Vogel-b54/Clef-des-champs-b26/Druide-b63/Nature-Clean-b72/New-roots-b74. Lang:fr
11:39:40 Listing url is not the same: /fr/Allergies-c55/A-Vogel-b54/Boiron-b61/p.UrlBrand vs /fr/Allergies-c55/A-Vogel-b54/Boiron-b61. Lang:fr
11:41:17 Listing url is not the same: /fr/Antioxydants-c62/Druide-b63/promotion.Url vs /fr/Antioxydants-c62/Druide-b63. Lang:fr
11:43:16 Listing url is not the same: /fr/Allergies-c55/A-Vogel-b54/Clef-des-champs-b26/Druide-b63/b.Url vs /fr/Allergies-c55/A-Vogel-b54/Clef-des-champs-b26/Druide-b63. Lang:fr
11:43:41 Listing url is not the same: /fr/Allergies-c55/Boiron-b61/Clef-des-champs-b26/Druide-b63/p.Url vs /fr/Allergies-c55/Boiron-b61/Clef-des-champs-b26/Druide-b63. Lang:fr
12:34:19 Listing url is not the same: /fr/Allergies-c55/Boiron-b61/Druide-b63/brand.Url vs /fr/Allergies-c55/Boiron-b61/Druide-b63. Lang:fr
12:36:28 Listing url is not the same: /fr/Antioxydants-c62/A-Vogel-b54/Clef-des-champs-b26/Druide-b63/brand.Url vs /fr/Antioxydants-c62/A-Vogel-b54/Clef-des-champs-b26/Druide-b63. Lang:fr
12:37:05 Listing url is not the same: /fr/Allergies-c55/Boiron-b61/Meditrina-b68/b.Url vs /fr/Allergies-c55/Boiron-b61/Meditrina-b68. Lang:fr
13:17:34 Listing url is not the same: /fr/Antioxydants-c62/A-Vogel-b54/Boiron-b61/Clef-des-champs-b26/promotion.Url vs /fr/Antioxydants-c62/A-Vogel-b54/Boiron-b61/Clef-des-champs-b26. Lang:fr
13:18:11 Listing url is not the same: /fr/Cosmetique-parfum-et-deodorant-c60/A-Vogel-b54/Clef-des-champs-b26/Druide-b63/p.UrlBrand vs /fr/Cosmetique-parfum-et-deodorant-c60/A-Vogel-b54/Clef-des-champs-b26/Druide-b63. Lang:fr
13:18:50 Listing url is not the same: /fr/Antioxydants-c62/Clef-des-champs-b26/Le-Tournesol-ANB-b64/promotion.Url vs /fr/Antioxydants-c62/Clef-des-champs-b26/Le-Tournesol-ANB-b64. Lang:fr
13:20:13 Listing url is not the same: /fr/Antioxydants-c62/Clef-des-champs-b26/Meditrina-b68/promotion.Url vs /fr/Antioxydants-c62/Clef-des-champs-b26/Meditrina-b68. Lang:fr
14:08:09 Listing url is not the same: /fr/Allergies-c55/A-Vogel-b54/Druide-b63/p.UrlBrand vs /fr/Allergies-c55/A-Vogel-b54/Druide-b63. Lang:fr
14:09:03 Listing url is not the same: /fr/Antioxydants-c62/Clef-des-champs-b26/Druide-b63/subcat.Url vs /fr/Antioxydants-c62/Clef-des-champs-b26/Druide-b63. Lang:fr
14:09:38 Listing url is not the same: /fr/A-Vogel-b54/Clef-des-champs-b26/Natural-Factors-b71/Nature-Clean-b72/cat.Url vs /fr/A-Vogel-b54/Clef-des-champs-b26/Natural-Factors-b71/Nature-Clean-b72. Lang:fr
14:09:47 Listing url is not the same: /fr/Antioxydants-c62/Boiron-b61/Clef-des-champs-b26/Druide-b63/b.Url vs /fr/Antioxydants-c62/Boiron-b61/Clef-des-champs-b26/Druide-b63. Lang:fr
14:09:59 Listing url is not the same: /fr/Huiles-magiques-de-wicca-c65/Druide-b63/Le-Tournesol-ANB-b64/urlBilingual vs /fr/Huiles-magiques-de-wicca-c65/Druide-b63/Le-Tournesol-ANB-b64. Lang:fr
14:10:17 Listing url is not the same: /fr/Rhume-grippe-voie-respiratoire-c57/Clef-des-champs-b26/Le-Tournesol-ANB-b64/b.Url vs /fr/Rhume-grippe-voie-respiratoire-c57/Clef-des-champs-b26/Le-Tournesol-ANB-b64. Lang:fr
14:11:43 Listing url is not the same: /fr/Cosmetique-Bain-c59/Druide-b63/urlBilingual vs /fr/Cosmetique-Bain-c59/Druide-b63. Lang:fr
14:12:37 Listing url is not the same: /fr/Huiles-magiques-de-wicca-c65/Boiron-b61/Le-Tournesol-ANB-b64/b.Url vs /fr/Huiles-magiques-de-wicca-c65/Boiron-b61/Le-Tournesol-ANB-b64. Lang:fr
14:13:03 Listing url is not the same: /fr/Cosmetique-parfum-et-deodorant-c60/Clef-des-champs-b26/Druide-b63/Le-Tournesol-ANB-b64/b.Url vs /fr/Cosmetique-parfum-et-deodorant-c60/Clef-des-champs-b26/Druide-b63/Le-Tournesol-ANB-b64. Lang:fr
15:06:47 Listing url is not the same: /fr/Allergies-c55/Clef-des-champs-b26/addressLink vs /fr/Allergies-c55/Clef-des-champs-b26. Lang:fr
15:06:54 Listing url is not the same: /fr/Rhume-grippe-voie-respiratoire-c57/Clef-des-champs-b26/cat.Url vs /fr/Rhume-grippe-voie-respiratoire-c57/Clef-des-champs-b26. Lang:fr
15:07:21 Listing url is not the same: /fr/Rhume-grippe-voie-respiratoire-c57/A-Vogel-b54/Clef-des-champs-b26/p.UrlBrand vs /fr/Rhume-grippe-voie-respiratoire-c57/A-Vogel-b54/Clef-des-champs-b26. Lang:fr
15:07:34 Listing url is not the same: /fr/Rhume-grippe-voie-respiratoire-c57/A-Vogel-b54/Druide-b63/p.UrlBrand vs /fr/Rhume-grippe-voie-respiratoire-c57/A-Vogel-b54/Druide-b63. Lang:fr
15:08:35 Listing url is not the same: /fr/Allergies-c55/A-Vogel-b54/Boiron-b61/Druide-b63/p.UrlBrand vs /fr/Allergies-c55/A-Vogel-b54/Boiron-b61/Druide-b63. Lang:fr
15:49:47 Listing url is not the same: /fr/Allergies-c55/A-Vogel-b54/Clef-des-champs-b26/p.UrlBrand vs /fr/Allergies-c55/A-Vogel-b54/Clef-des-champs-b26. Lang:fr
15:49:48 Listing url is not the same: /fr/Allergies-c55/A-Vogel-b54/Clef-des-champs-b26/promotion.Url vs /fr/Allergies-c55/A-Vogel-b54/Clef-des-champs-b26. Lang:fr
15:53:44 Listing url is not the same: /fr/Allergies-c55/Boiron-b61/Clef-des-champs-b26/Druide-b63/b.Url vs /fr/Allergies-c55/Boiron-b61/Clef-des-champs-b26/Druide-b63. Lang:fr
15:54:21 Listing url is not the same: /fr/Allergies-c55/Le-Tournesol-ANB-b64/cat.Url vs /fr/Allergies-c55/Le-Tournesol-ANB-b64. Lang:fr
15:55:23 Listing url is not the same: /fr/Cosmetique-parfum-et-deodorant-c60/A-Vogel-b54/Boiron-b61/Druide-b63/subcat.Url vs /fr/Cosmetique-parfum-et-deodorant-c60/A-Vogel-b54/Boiron-b61/Druide-b63. Lang:fr
15:55:59 Listing url is not the same: /fr/Rhume-grippe-voie-respiratoire-c57/A-Vogel-b54/Meditrina-b68/p.Url vs /fr/Rhume-grippe-voie-respiratoire-c57/A-Vogel-b54/Meditrina-b68. Lang:fr
16:37:15 Listing url is not the same: /fr/Cosmetique-parfum-et-deodorant-c60/addressLink vs /fr/Cosmetique-parfum-et-deodorant-c60. Lang:fr
16:38:03 Listing url is not the same: /fr/Rhume-grippe-voie-respiratoire-c57/A-Vogel-b54/Boiron-b61/b.Url vs /fr/Rhume-grippe-voie-respiratoire-c57/A-Vogel-b54/Boiron-b61. Lang:fr
16:38:33 Listing url is not the same: /fr/Concentration-memoire-migraine-c56/Boiron-b61/Clef-des-champs-b26/addressLink vs /fr/Concentration-memoire-migraine-c56/Boiron-b61/Clef-des-champs-b26. Lang:fr
16:41:52 Listing url is not the same: /fr/Chandelles-c70/Merveilles-d-Abeilles-b69/b.Url vs /fr/Chandelles-c70/Merveilles-d-Abeilles-b69. Lang:fr
16:41:59 Listing url is not the same: /fr/Huiles-magiques-de-wicca-c65/Boiron-b61/Le-Tournesol-ANB-b64/brand.Url vs /fr/Huiles-magiques-de-wicca-c65/Boiron-b61/Le-Tournesol-ANB-b64. Lang:fr
17:24:59 Listing url is not the same: /fr/Antioxydants-c62/A-Vogel-b54/promotion.Url vs /fr/Antioxydants-c62/A-Vogel-b54. Lang:fr
17:26:37 Listing url is not the same: /fr/Allergies-c55/A-Vogel-b54/Druide-b63/addressLink vs /fr/Allergies-c55/A-Vogel-b54/Druide-b63. Lang:fr
17:27:07 Listing url is not the same: /fr/Antioxydants-c62/Druide-b63/p.UrlBrand vs /fr/Antioxydants-c62/Druide-b63. Lang:fr
17:27:35 Listing url is not the same: /fr/Concentration-memoire-migraine-c56/Boiron-b61/Clef-des-champs-b26/p.Url vs /fr/Concentration-memoire-migraine-c56/Boiron-b61/Clef-des-champs-b26. Lang:fr
17:29:51 Listing url is not the same: /fr/Rhume-grippe-voie-respiratoire-c57/A-Vogel-b54/Boiron-b61/Clef-des-champs-b26/p.UrlBrand vs /fr/Rhume-grippe-voie-respiratoire-c57/A-Vogel-b54/Boiron-b61/Clef-des-champs-b26. Lang:fr
17:30:13 Listing url is not the same: /fr/A-Vogel-b54/Clef-des-champs-b26/Natural-Factors-b71/Nature-Clean-b72/p.UrlBrand vs /fr/A-Vogel-b54/Clef-des-champs-b26/Natural-Factors-b71/Nature-Clean-b72. Lang:fr
17:30:35 Listing url is not the same: /fr/Huiles-magiques-de-wicca-c65/A-Vogel-b54/Le-Tournesol-ANB-b64/cat.Url vs /fr/Huiles-magiques-de-wicca-c65/A-Vogel-b54/Le-Tournesol-ANB-b64. Lang:fr
17:31:15 Listing url is not the same: /fr/Huiles-magiques-de-wicca-c65/Druide-b63/Le-Tournesol-ANB-b64/brand.Url vs /fr/Huiles-magiques-de-wicca-c65/Druide-b63/Le-Tournesol-ANB-b64. Lang:fr
17:31:33 Listing url is not the same: /fr/Huiles-magiques-de-wicca-c65/Druide-b63/Le-Tournesol-ANB-b64/p.Url vs /fr/Huiles-magiques-de-wicca-c65/Druide-b63/Le-Tournesol-ANB-b64. Lang:fr
17:31:53 Listing url is not the same: /fr/Cosmetique-parfum-et-deodorant-c60/A-Vogel-b54/Boiron-b61/Druide-b63/p.Url vs /fr/Cosmetique-parfum-et-deodorant-c60/A-Vogel-b54/Boiron-b61/Druide-b63. Lang:fr
18:19:23 Listing url is not the same: /fr/Allergies-c55/Clef-des-champs-b26/p.Url vs /fr/Allergies-c55/Clef-des-champs-b26. Lang:fr
18:19:50 Listing url is not the same: /fr/Allergies-c55/A-Vogel-b54/Druide-b63/subcat.Url vs /fr/Allergies-c55/A-Vogel-b54/Druide-b63. Lang:fr
18:22:52 Listing url is not the same: /fr/Antioxydants-c62/Clef-des-champs-b26/Druide-b63/Le-Tournesol-ANB-b64/brand.Url vs /fr/Antioxydants-c62/Clef-des-champs-b26/Druide-b63/Le-Tournesol-ANB-b64. Lang:fr
18:22:54 Listing url is not the same: /fr/Antioxydants-c62/Clef-des-champs-b26/Merveilles-d-Abeilles-b69/b.Url vs /fr/Antioxydants-c62/Clef-des-champs-b26/Merveilles-d-Abeilles-b69. Lang:fr
18:22:58 Listing url is not the same: /fr/Rhume-grippe-voie-respiratoire-c57/A-Vogel-b54/Clef-des-champs-b26/Le-Tournesol-ANB-b64/subcat.Url vs /fr/Rhume-grippe-voie-respiratoire-c57/A-Vogel-b54/Clef-des-champs-b26/Le-Tournesol-ANB-b64. Lang:fr
18:23:10 Listing url is not the same: /fr/Sommeil-c88/Anokian-b58/New-roots-b74/p.Url vs /fr/Sommeil-c88/Anokian-b58/New-roots-b74. Lang:fr
19:09:51 Listing url is not the same: /fr/Allergies-c55/Boiron-b61/Druide-b63/b.Url vs /fr/Allergies-c55/Boiron-b61/Druide-b63. Lang:fr
19:10:51 Listing url is not the same: /fr/Allergies-c55/A-Vogel-b54/Le-Tournesol-ANB-b64/p.UrlBrand vs /fr/Allergies-c55/A-Vogel-b54/Le-Tournesol-ANB-b64. Lang:fr
19:11:03 Listing url is not the same: /fr/Rhume-grippe-voie-respiratoire-c57/A-Vogel-b54/Boiron-b61/Clef-des-champs-b26/addressLink vs /fr/Rhume-grippe-voie-respiratoire-c57/A-Vogel-b54/Boiron-b61/Clef-des-champs-b26. Lang:fr
19:11:23 Listing url is not the same: /fr/Allergies-c55/Boiron-b61/Le-Tournesol-ANB-b64/cat.Url vs /fr/Allergies-c55/Boiron-b61/Le-Tournesol-ANB-b64. Lang:fr
19:11:43 Listing url is not the same: /fr/Huiles-magiques-de-wicca-c65/Druide-b63/Le-Tournesol-ANB-b64/p.UrlBrand vs /fr/Huiles-magiques-de-wicca-c65/Druide-b63/Le-Tournesol-ANB-b64. Lang:fr
19:11:53 Listing url is not the same: /fr/Allergies-c55/Boiron-b61/Meditrina-b68/subcat.Url vs /fr/Allergies-c55/Boiron-b61/Meditrina-b68. Lang:fr
19:12:00 Listing url is not the same: /fr/Chandelles-c70/Merveilles-d-Abeilles-b69/cat.Url vs /fr/Chandelles-c70/Merveilles-d-Abeilles-b69. Lang:fr
19:12:07 Listing url is not the same: /fr/Concentration-memoire-migraine-c56/Boiron-b61/b.Url vs /fr/Concentration-memoire-migraine-c56/Boiron-b61. Lang:fr
19:12:12 Listing url is not the same: /fr/Cosmetique-parfum-et-deodorant-c60/Boiron-b61/Clef-des-champs-b26/Druide-b63/p.Url vs /fr/Cosmetique-parfum-et-deodorant-c60/Boiron-b61/Clef-des-champs-b26/Druide-b63. Lang:fr
20:14:00 Listing url is not the same: /fr/Rhume-grippe-voie-respiratoire-c57/Clef-des-champs-b26/subcat.Url vs /fr/Rhume-grippe-voie-respiratoire-c57/Clef-des-champs-b26. Lang:fr
20:14:35 Listing url is not the same: /fr/Cosmetique-parfum-et-deodorant-c60/A-Vogel-b54/Druide-b63/promotion.Url vs /fr/Cosmetique-parfum-et-deodorant-c60/A-Vogel-b54/Druide-b63. Lang:fr
20:59:02 Listing url is not the same: /fr/Antioxydants-c62/Boiron-b61/brand.Url vs /fr/Antioxydants-c62/Boiron-b61. Lang:fr
21:51:37 Listing url is not the same: /fr/Antioxydants-c62/A-Vogel-b54/Boiron-b61/Clef-des-champs-b26/p.UrlBrand vs /fr/Antioxydants-c62/A-Vogel-b54/Boiron-b61/Clef-des-champs-b26. Lang:fr
21:51:41 Listing url is not the same: /fr/Antioxydants-c62/Clef-des-champs-b26/Druide-b63/brand.Url vs /fr/Antioxydants-c62/Clef-des-champs-b26/Druide-b63. Lang:fr
21:51:44 Listing url is not the same: /fr/Cosmetique-parfum-et-deodorant-c60/A-Vogel-b54/Druide-b63/urlBilingual vs /fr/Cosmetique-parfum-et-deodorant-c60/A-Vogel-b54/Druide-b63. Lang:fr
