02:32:21 Listing url is not the same: /fr/Concentration-memoire-migraine-c56/Clef-des-champs-b26/Healthology-b116/promotion.Url vs /fr/Concentration-memoire-migraine-c56/Clef-des-champs-b26/Healthology-b116. Lang:fr
02:33:32 Listing url is not the same: /fr/Cosmetique-parfum-et-deodorant-c60/Clef-des-champs-b26/Druide-b63/Meditrina-b68/New-roots-b74/brand.Url vs /fr/Cosmetique-parfum-et-deodorant-c60/Clef-des-champs-b26/Druide-b63/Meditrina-b68/New-roots-b74. Lang:fr
02:33:34 Listing url is not the same: /fr/Rhume-grippe-voie-respiratoire-c57/Clef-des-champs-b26/Druide-b63/Meditrina-b68/New-roots-b74/promotion.Url vs /fr/Rhume-grippe-voie-respiratoire-c57/Clef-des-champs-b26/Druide-b63/Meditrina-b68/New-roots-b74. Lang:fr
03:24:50 Listing url is not the same: /fr/Rhume-grippe-voie-respiratoire-c57/Clef-des-champs-b26/Druide-b63/Natural-Factors-b71/New-roots-b74/brand.Url vs /fr/Rhume-grippe-voie-respiratoire-c57/Clef-des-champs-b26/Druide-b63/Natural-Factors-b71/New-roots-b74. Lang:fr
19:44:26 Listing url is not the same: /fr/Homeopathie-c12/Clef-des-champs-b26/Le-Tournesol-ANB-b64/New-roots-b74/addressLink vs /fr/Homeopathie-c12/Clef-des-champs-b26/Le-Tournesol-ANB-b64/New-roots-b74. Lang:fr
19:44:49 Listing url is not the same: /fr/Rhume-grippe-voie-respiratoire-c57/A-Vogel-b54/Clef-des-champs-b26/Meditrina-b68/New-roots-b74/brand.Url vs /fr/Rhume-grippe-voie-respiratoire-c57/A-Vogel-b54/Clef-des-champs-b26/Meditrina-b68/New-roots-b74. Lang:fr
19:46:30 Listing url is not the same: /fr/Antioxydants-c62/A-Vogel-b54/Druide-b63/Nature-Clean-b72/New-roots-b74/b.Url vs /fr/Antioxydants-c62/A-Vogel-b54/Druide-b63/Nature-Clean-b72/New-roots-b74. Lang:fr
19:46:44 Listing url is not the same: /fr/Systeme-immunitaire-c93/A-Vogel-b54/Boiron-b61/Natural-Factors-b71/New-roots-b74/p.UrlBrand vs /fr/Systeme-immunitaire-c93/A-Vogel-b54/Boiron-b61/Natural-Factors-b71/New-roots-b74. Lang:fr
19:49:46 Listing url is not the same: /fr/Allergies-c55/Bach-b137/Natural-Factors-b71/promotion.Url vs /fr/Allergies-c55/Bach-b137/Natural-Factors-b71. Lang:fr
19:49:49 Listing url is not the same: /fr/Antioxydants-c62/A-Vogel-b54/Le-Tournesol-ANB-b64/New-roots-b74/b.Url vs /fr/Antioxydants-c62/A-Vogel-b54/Le-Tournesol-ANB-b64/New-roots-b74. Lang:fr
19:49:55 Listing url is not the same: /fr/Antioxydants-c62/Clef-des-champs-b26/Sisu-b118/promotion.Url vs /fr/Antioxydants-c62/Clef-des-champs-b26/Sisu-b118. Lang:fr
19:49:59 Listing url is not the same: /fr/Coeur-et-sante-generale-c106/A-Vogel-b54/Clef-des-champs-b26/Natural-Factors-b71/New-roots-b74/p.Url vs /fr/Coeur-et-sante-generale-c106/A-Vogel-b54/Clef-des-champs-b26/Natural-Factors-b71/New-roots-b74. Lang:fr
19:50:06 Listing url is not the same: /fr/Concentration-memoire-migraine-c56/Bach-b137/Clef-des-champs-b26/Le-Tournesol-ANB-b64/addressLink vs /fr/Concentration-memoire-migraine-c56/Bach-b137/Clef-des-champs-b26/Le-Tournesol-ANB-b64. Lang:fr
19:50:12 Listing url is not the same: /fr/Detox-Digestion-c87/Clef-des-champs-b26/Kyolic-b115/b.Url vs /fr/Detox-Digestion-c87/Clef-des-champs-b26/Kyolic-b115. Lang:fr
19:50:18 Listing url is not the same: /fr/Inflammation-c98/Anokian-b58/Natural-Factors-b71/New-roots-b74/b.Url vs /fr/Inflammation-c98/Anokian-b58/Natural-Factors-b71/New-roots-b74. Lang:fr
19:50:22 Listing url is not the same: /fr/Inflammation-c98/Bach-b137/Natural-Factors-b71/b.Url vs /fr/Inflammation-c98/Bach-b137/Natural-Factors-b71. Lang:fr
19:50:26 Listing url is not the same: /fr/Sante-des-enfants-c108/A-Vogel-b54/Clef-des-champs-b26/Druide-b63/Meditrina-b68/New-roots-b74/brand.Url vs /fr/Sante-des-enfants-c108/A-Vogel-b54/Clef-des-champs-b26/Druide-b63/Meditrina-b68/New-roots-b74. Lang:fr
19:50:30 Listing url is not the same: /fr/Stress-c97/A-Vogel-b54/Bach-b137/Boiron-b61/Druide-b63/brand.Url vs /fr/Stress-c97/A-Vogel-b54/Bach-b137/Boiron-b61/Druide-b63. Lang:fr
19:50:32 Listing url is not the same: /fr/Tisane-c24/Clef-des-champs-b26/Meditrina-b68/b.Url vs /fr/Tisane-c24/Clef-des-champs-b26/Meditrina-b68. Lang:fr
19:53:22 Listing url is not the same: /fr/Allergies-c55/Clef-des-champs-b26/Meditrina-b68/Merveilles-d-Abeilles-b69/Natural-Factors-b71/Nature-Clean-b72/subcat.Url vs /fr/Allergies-c55/Clef-des-champs-b26/Meditrina-b68/Merveilles-d-Abeilles-b69/Natural-Factors-b71/Nature-Clean-b72. Lang:fr
19:53:24 Listing url is not the same: /fr/Stress-c97/Clef-des-champs-b26/Le-Tournesol-ANB-b64/Merveilles-d-Abeilles-b69/New-roots-b74/brand.Url vs /fr/Stress-c97/Clef-des-champs-b26/Le-Tournesol-ANB-b64/Merveilles-d-Abeilles-b69/New-roots-b74. Lang:fr
20:40:21 Listing url is not the same: /fr/Sante-des-femmes-c100/Clef-des-champs-b26/Healthology-b116/cat.Url vs /fr/Sante-des-femmes-c100/Clef-des-champs-b26/Healthology-b116. Lang:fr
20:41:19 Listing url is not the same: /fr/Concentration-memoire-migraine-c56/A-Vogel-b54/Anokian-b58/Boiron-b61/Clef-des-champs-b26/cat.Url vs /fr/Concentration-memoire-migraine-c56/A-Vogel-b54/Anokian-b58/Boiron-b61/Clef-des-champs-b26. Lang:fr
20:47:53 Listing url is not the same: /fr/Concentration-memoire-migraine-c56/Anokian-b58/Natural-Factors-b71/New-roots-b74/p.Url vs /fr/Concentration-memoire-migraine-c56/Anokian-b58/Natural-Factors-b71/New-roots-b74. Lang:fr
20:47:55 Listing url is not the same: /fr/Concentration-memoire-migraine-c56/Clef-des-champs-b26/Meditrina-b68/Natural-Factors-b71/New-roots-b74/promotion.Url vs /fr/Concentration-memoire-migraine-c56/Clef-des-champs-b26/Meditrina-b68/Natural-Factors-b71/New-roots-b74. Lang:fr
20:47:57 Listing url is not the same: /fr/Fatigue-c99/A-Vogel-b54/Leo-Desilet-b66/urlBilingual vs /fr/Fatigue-c99/A-Vogel-b54/Leo-Desilet-b66. Lang:fr
20:47:58 Listing url is not the same: /fr/Inflammation-c98/Clef-des-champs-b26/Kyolic-b115/subcat.Url vs /fr/Inflammation-c98/Clef-des-champs-b26/Kyolic-b115. Lang:fr
20:48:00 Listing url is not the same: /fr/Rhume-grippe-voie-respiratoire-c57/A-Vogel-b54/Clef-des-champs-b26/Natural-Factors-b71/New-roots-b74/b.Url vs /fr/Rhume-grippe-voie-respiratoire-c57/A-Vogel-b54/Clef-des-champs-b26/Natural-Factors-b71/New-roots-b74. Lang:fr
20:48:02 Listing url is not the same: /fr/Rhume-grippe-voie-respiratoire-c57/Boiron-b61/Clef-des-champs-b26/Flora-b123/p.Url vs /fr/Rhume-grippe-voie-respiratoire-c57/Boiron-b61/Clef-des-champs-b26/Flora-b123. Lang:fr
20:48:05 Listing url is not the same: /fr/Sante-des-enfants-c108/Medelys-b128/Natural-Factors-b71/b.Url vs /fr/Sante-des-enfants-c108/Medelys-b128/Natural-Factors-b71. Lang:fr
20:48:22 Listing url is not the same: /fr/Sommeil-c88/Boiron-b61/Clef-des-champs-b26/Leo-Desilet-b66/addressLink vs /fr/Sommeil-c88/Boiron-b61/Clef-des-champs-b26/Leo-Desilet-b66. Lang:fr
20:48:34 Listing url is not the same: /fr/Stress-c97/Boiron-b61/Kyolic-b115/cat.Url vs /fr/Stress-c97/Boiron-b61/Kyolic-b115. Lang:fr
20:48:45 Listing url is not the same: /fr/Systeme-immunitaire-c93/Clef-des-champs-b26/Merveilles-d-Abeilles-b69/Natural-Factors-b71/New-roots-b74/urlBilingual vs /fr/Systeme-immunitaire-c93/Clef-des-champs-b26/Merveilles-d-Abeilles-b69/Natural-Factors-b71/New-roots-b74. Lang:fr
20:51:49 Listing url is not the same: /fr/Antioxydants-c62/A-Vogel-b54/Clef-des-champs-b26/Nature-Clean-b72/New-roots-b74/p.Url vs /fr/Antioxydants-c62/A-Vogel-b54/Clef-des-champs-b26/Nature-Clean-b72/New-roots-b74. Lang:fr
20:52:04 Listing url is not the same: /fr/Detox-Digestion-c87/Medelys-b128/Natural-Factors-b71/urlBilingual vs /fr/Detox-Digestion-c87/Medelys-b128/Natural-Factors-b71. Lang:fr
20:52:11 Listing url is not the same: /fr/Sommeil-c88/A-Vogel-b54/Boiron-b61/Le-Tournesol-ANB-b64/Meditrina-b68/subcat.Url vs /fr/Sommeil-c88/A-Vogel-b54/Boiron-b61/Le-Tournesol-ANB-b64/Meditrina-b68. Lang:fr
21:32:23 Listing url is not the same: /fr/Coeur-et-sante-generale-c106/Clef-des-champs-b26/Druide-b63/Natural-Factors-b71/New-roots-b74/p.UrlBrand vs /fr/Coeur-et-sante-generale-c106/Clef-des-champs-b26/Druide-b63/Natural-Factors-b71/New-roots-b74. Lang:fr
21:33:15 Listing url is not the same: /fr/Inflammation-c98/Clef-des-champs-b26/Le-Tournesol-ANB-b64/New-roots-b74/b.Url vs /fr/Inflammation-c98/Clef-des-champs-b26/Le-Tournesol-ANB-b64/New-roots-b74. Lang:fr
21:33:25 Listing url is not the same: /fr/Sante-des-enfants-c108/Anokian-b58/New-roots-b74/p.UrlBrand vs /fr/Sante-des-enfants-c108/Anokian-b58/New-roots-b74. Lang:fr
21:35:08 Listing url is not the same: /fr/Detox-Digestion-c87/A-Vogel-b54/Clef-des-champs-b26/Nature-Clean-b72/New-roots-b74/p.Url vs /fr/Detox-Digestion-c87/A-Vogel-b54/Clef-des-champs-b26/Nature-Clean-b72/New-roots-b74. Lang:fr
21:35:19 Listing url is not the same: /fr/Inflammation-c98/Boiron-b61/Druide-b63/Natural-Factors-b71/New-roots-b74/b.Url vs /fr/Inflammation-c98/Boiron-b61/Druide-b63/Natural-Factors-b71/New-roots-b74. Lang:fr
21:35:52 Listing url is not the same: /fr/Systeme-immunitaire-c93/A-Vogel-b54/Clef-des-champs-b26/Nature-Clean-b72/New-roots-b74/cat.Url vs /fr/Systeme-immunitaire-c93/A-Vogel-b54/Clef-des-champs-b26/Nature-Clean-b72/New-roots-b74. Lang:fr
21:39:01 Listing url is not the same: /fr/Allergies-c55/A-Vogel-b54/Clef-des-champs-b26/Leo-Desilet-b66/p.Url vs /fr/Allergies-c55/A-Vogel-b54/Clef-des-champs-b26/Leo-Desilet-b66. Lang:fr
21:39:07 Listing url is not the same: /fr/Antioxydants-c62/A-Vogel-b54/Le-Tournesol-ANB-b64/New-roots-b74/urlBilingual vs /fr/Antioxydants-c62/A-Vogel-b54/Le-Tournesol-ANB-b64/New-roots-b74. Lang:fr
21:39:11 Listing url is not the same: /fr/Cosmetique-parfum-et-deodorant-c60/Anokian-b58/Natural-Factors-b71/New-roots-b74/cat.Url vs /fr/Cosmetique-parfum-et-deodorant-c60/Anokian-b58/Natural-Factors-b71/New-roots-b74. Lang:fr
21:39:28 Listing url is not the same: /fr/Systeme-immunitaire-c93/A-Vogel-b54/Clef-des-champs-b26/Leo-Desilet-b66/urlBilingual vs /fr/Systeme-immunitaire-c93/A-Vogel-b54/Clef-des-champs-b26/Leo-Desilet-b66. Lang:fr
21:39:30 Listing url is not the same: /fr/Systeme-immunitaire-c93/A-Vogel-b54/Clef-des-champs-b26/Merveilles-d-Abeilles-b69/New-roots-b74/b.Url vs /fr/Systeme-immunitaire-c93/A-Vogel-b54/Clef-des-champs-b26/Merveilles-d-Abeilles-b69/New-roots-b74. Lang:fr
21:39:32 Listing url is not the same: /fr/Systeme-immunitaire-c93/A-Vogel-b54/Clef-des-champs-b26/Merveilles-d-Abeilles-b69/New-roots-b74/promotion.Url vs /fr/Systeme-immunitaire-c93/A-Vogel-b54/Clef-des-champs-b26/Merveilles-d-Abeilles-b69/New-roots-b74. Lang:fr
21:39:36 Listing url is not the same: /fr/Systeme-immunitaire-c93/Natural-Factors-b71/Salus-b126/b.Url vs /fr/Systeme-immunitaire-c93/Natural-Factors-b71/Salus-b126. Lang:fr
22:38:58 Listing url is not the same: /fr/Rhume-grippe-voie-respiratoire-c57/A-Vogel-b54/Bach-b137/Boiron-b61/promotion.Url vs /fr/Rhume-grippe-voie-respiratoire-c57/A-Vogel-b54/Bach-b137/Boiron-b61. Lang:fr
22:42:59 Listing url is not the same: /fr/Concentration-memoire-migraine-c56/Clef-des-champs-b26/Numi-tea-b124/subcat.Url vs /fr/Concentration-memoire-migraine-c56/Clef-des-champs-b26/Numi-tea-b124. Lang:fr
22:43:01 Listing url is not the same: /fr/Homeopathie-c12/Clef-des-champs-b26/Meditrina-b68/Natural-Factors-b71/New-roots-b74/subcat.Url vs /fr/Homeopathie-c12/Clef-des-champs-b26/Meditrina-b68/Natural-Factors-b71/New-roots-b74. Lang:fr
22:46:49 Listing url is not the same: /fr/Concentration-memoire-migraine-c56/Meditrina-b68/Nature-Clean-b72/New-roots-b74/promotion.Url vs /fr/Concentration-memoire-migraine-c56/Meditrina-b68/Nature-Clean-b72/New-roots-b74. Lang:fr
22:46:51 Listing url is not the same: /fr/Fatigue-c99/Bach-b137/Druide-b63/promotion.Url vs /fr/Fatigue-c99/Bach-b137/Druide-b63. Lang:fr
22:46:52 Listing url is not the same: /fr/Sante-des-enfants-c108/Boiron-b61/Clef-des-champs-b26/Flora-b123/promotion.Url vs /fr/Sante-des-enfants-c108/Boiron-b61/Clef-des-champs-b26/Flora-b123. Lang:fr
22:46:53 Listing url is not the same: /fr/Sante-des-enfants-c108/New-roots-b74/Salus-b126/addressLink vs /fr/Sante-des-enfants-c108/New-roots-b74/Salus-b126. Lang:fr
22:46:54 Listing url is not the same: /fr/Sommeil-c88/Boiron-b61/Clef-des-champs-b26/Leo-Desilet-b66/p.Url vs /fr/Sommeil-c88/Boiron-b61/Clef-des-champs-b26/Leo-Desilet-b66. Lang:fr
22:46:55 Listing url is not the same: /fr/Sommeil-c88/Leo-Desilet-b66/Natural-Factors-b71/subcat.Url vs /fr/Sommeil-c88/Leo-Desilet-b66/Natural-Factors-b71. Lang:fr
23:43:10 Listing url is not the same: /fr/Rhume-grippe-voie-respiratoire-c57/A-Vogel-b54/Bach-b137/Boiron-b61/subcat.Url vs /fr/Rhume-grippe-voie-respiratoire-c57/A-Vogel-b54/Bach-b137/Boiron-b61. Lang:fr
23:44:16 Listing url is not the same: /fr/Antioxydants-c62/Medelys-b128/Natural-Factors-b71/brand.Url vs /fr/Antioxydants-c62/Medelys-b128/Natural-Factors-b71. Lang:fr
23:44:20 Listing url is not the same: /fr/Concentration-memoire-migraine-c56/A-Vogel-b54/Anokian-b58/Boiron-b61/Clef-des-champs-b26/b.Url vs /fr/Concentration-memoire-migraine-c56/A-Vogel-b54/Anokian-b58/Boiron-b61/Clef-des-champs-b26. Lang:fr
23:46:47 Listing url is not the same: /fr/Rhume-grippe-voie-respiratoire-c57/Clef-des-champs-b26/Le-Tournesol-ANB-b64/New-roots-b74/p.UrlBrand vs /fr/Rhume-grippe-voie-respiratoire-c57/Clef-des-champs-b26/Le-Tournesol-ANB-b64/New-roots-b74. Lang:fr
23:46:51 Listing url is not the same: /fr/Sante-des-femmes-c100/Boiron-b61/Druide-b63/Meditrina-b68/Natural-Factors-b71/addressLink vs /fr/Sante-des-femmes-c100/Boiron-b61/Druide-b63/Meditrina-b68/Natural-Factors-b71. Lang:fr
23:50:52 Listing url is not the same: /fr/Coeur-et-sante-generale-c106/A-Vogel-b54/Le-Tournesol-ANB-b64/New-roots-b74/brand.Url vs /fr/Coeur-et-sante-generale-c106/A-Vogel-b54/Le-Tournesol-ANB-b64/New-roots-b74. Lang:fr
23:50:58 Listing url is not the same: /fr/Homeopathie-c12/A-Vogel-b54/Clef-des-champs-b26/Leo-Desilet-b66/p.UrlBrand vs /fr/Homeopathie-c12/A-Vogel-b54/Clef-des-champs-b26/Leo-Desilet-b66. Lang:fr
23:51:01 Listing url is not the same: /fr/Inflammation-c98/Clef-des-champs-b26/Kyolic-b115/brand.Url vs /fr/Inflammation-c98/Clef-des-champs-b26/Kyolic-b115. Lang:fr
23:51:17 Listing url is not the same: /fr/Rhume-grippe-voie-respiratoire-c57/A-Vogel-b54/Le-Tournesol-ANB-b64/New-roots-b74/p.Url vs /fr/Rhume-grippe-voie-respiratoire-c57/A-Vogel-b54/Le-Tournesol-ANB-b64/New-roots-b74. Lang:fr
