04:17:11 Listing url is not the same: /fr/Sante-des-femmes-c100/A-Vogel-b54/Boiron-b61/Natural-Factors-b71/Nature-Clean-b72/b.Url vs /fr/Sante-des-femmes-c100/A-Vogel-b54/Boiron-b61/Natural-Factors-b71/Nature-Clean-b72. Lang:fr
05:14:07 Listing url is not the same: /fr/A-Vogel-b54/p.UrlBrand vs /fr/A-Vogel-b54. Lang:fr
07:53:58 Listing url is not the same: /fr/Antioxydants-c62/brand.Url vs /fr/Antioxydants-c62. Lang:fr
09:44:03 Listing url is not the same: /fr/Concentration-memoire-migraine-c56/addressLink vs /fr/Concentration-memoire-migraine-c56. Lang:fr
12:15:09 Listing url is not the same: /fr/Rhume-grippe-voie-respiratoire-c57/A-Vogel-b54/b.Url vs /fr/Rhume-grippe-voie-respiratoire-c57/A-Vogel-b54. Lang:fr
13:14:59 Listing url is not the same: /fr/Inflammation-c98/A-Vogel-b54/Boiron-b61/Natural-Factors-b71/Nature-Clean-b72/addressLink vs /fr/Inflammation-c98/A-Vogel-b54/Boiron-b61/Natural-Factors-b71/Nature-Clean-b72. Lang:fr
13:15:02 Listing url is not the same: /fr/Stress-c97/Clef-des-champs-b26/Meditrina-b68/Nature-Clean-b72/New-roots-b74/p.UrlBrand vs /fr/Stress-c97/Clef-des-champs-b26/Meditrina-b68/Nature-Clean-b72/New-roots-b74. Lang:fr
14:06:45 Listing url is not the same: /fr/Rhume-grippe-voie-respiratoire-c57/p.UrlBrand vs /fr/Rhume-grippe-voie-respiratoire-c57. Lang:fr
14:09:19 Listing url is not the same: /fr/Huiles-magiques-de-wicca-c65/p.Url vs /fr/Huiles-magiques-de-wicca-c65. Lang:fr
15:02:04 Listing url is not the same: /fr/Allergies-c55/A-Vogel-b54/Clef-des-champs-b26/Leo-Desilet-b66/cat.Url vs /fr/Allergies-c55/A-Vogel-b54/Clef-des-champs-b26/Leo-Desilet-b66. Lang:fr
15:02:07 Listing url is not the same: /fr/Boiron-b61/promotion.Url vs /fr/Boiron-b61. Lang:fr
15:02:09 Listing url is not the same: /fr/Concentration-memoire-migraine-c56/Anokian-b58/Natural-Factors-b71/New-roots-b74/brand.Url vs /fr/Concentration-memoire-migraine-c56/Anokian-b58/Natural-Factors-b71/New-roots-b74. Lang:fr
15:02:14 Listing url is not the same: /fr/Detox-Digestion-c87/Clef-des-champs-b26/Salus-b126/p.Url vs /fr/Detox-Digestion-c87/Clef-des-champs-b26/Salus-b126. Lang:fr
15:02:22 Listing url is not the same: /fr/Fatigue-c99/Clef-des-champs-b26/Flora-b123/Natural-Factors-b71/promotion.Url vs /fr/Fatigue-c99/Clef-des-champs-b26/Flora-b123/Natural-Factors-b71. Lang:fr
15:02:28 Listing url is not the same: /fr/Homeopathie-c12/A-Vogel-b54/Healthology-b116/p.UrlBrand vs /fr/Homeopathie-c12/A-Vogel-b54/Healthology-b116. Lang:fr
15:02:34 Listing url is not the same: /fr/Homeopathie-c12/Anokian-b58/Natural-Factors-b71/New-roots-b74/p.UrlBrand vs /fr/Homeopathie-c12/Anokian-b58/Natural-Factors-b71/New-roots-b74. Lang:fr
15:02:38 Listing url is not the same: /fr/Rhume-grippe-voie-respiratoire-c57/A-Vogel-b54/Bach-b137/Druide-b63/urlBilingual vs /fr/Rhume-grippe-voie-respiratoire-c57/A-Vogel-b54/Bach-b137/Druide-b63. Lang:fr
15:02:46 Listing url is not the same: /fr/Sante-des-femmes-c100/New-roots-b74/Salus-b126/p.UrlBrand vs /fr/Sante-des-femmes-c100/New-roots-b74/Salus-b126. Lang:fr
15:53:40 Listing url is not the same: /fr/Antioxydants-c62/Natural-Factors-b71/addressLink vs /fr/Antioxydants-c62/Natural-Factors-b71. Lang:fr
15:56:06 Listing url is not the same: /fr/Allergies-c55/A-Vogel-b54/Clef-des-champs-b26/Leo-Desilet-b66/addressLink vs /fr/Allergies-c55/A-Vogel-b54/Clef-des-champs-b26/Leo-Desilet-b66. Lang:fr
15:56:13 Listing url is not the same: /fr/Stress-c97/Anokian-b58/New-roots-b74/subcat.Url vs /fr/Stress-c97/Anokian-b58/New-roots-b74. Lang:fr
16:41:57 Listing url is not the same: /fr/Allergies-c55/p.UrlBrand vs /fr/Allergies-c55. Lang:fr
16:44:09 Listing url is not the same: /fr/Cosmetique-parfum-et-deodorant-c60/Druide-b63/subcat.Url vs /fr/Cosmetique-parfum-et-deodorant-c60/Druide-b63. Lang:fr
16:45:44 Listing url is not the same: /fr/Huiles-magiques-de-wicca-c65/subcat.Url vs /fr/Huiles-magiques-de-wicca-c65. Lang:fr
16:51:57 Listing url is not the same: /fr/Sante-des-enfants-c108/Leo-Desilet-b66/Natural-Factors-b71/p.Url vs /fr/Sante-des-enfants-c108/Leo-Desilet-b66/Natural-Factors-b71. Lang:fr
17:57:05 Listing url is not the same: /fr/Allergies-c55/urlBilingual vs /fr/Allergies-c55. Lang:fr
17:57:50 Listing url is not the same: /fr/Concentration-memoire-migraine-c56/p.Url vs /fr/Concentration-memoire-migraine-c56. Lang:fr
21:34:33 Listing url is not the same: /fr/Rhume-grippe-voie-respiratoire-c57/b.Url vs /fr/Rhume-grippe-voie-respiratoire-c57. Lang:fr
21:36:03 Listing url is not the same: /fr/Nettoyage-c73/urlBilingual vs /fr/Nettoyage-c73. Lang:fr
22:26:18 Listing url is not the same: /fr/Allergies-c55/A-Vogel-b54/promotion.Url vs /fr/Allergies-c55/A-Vogel-b54. Lang:fr
23:22:44 Listing url is not the same: /fr/Allergies-c55/Boiron-b61/addressLink vs /fr/Allergies-c55/Boiron-b61. Lang:fr
23:27:01 Listing url is not the same: /fr/Antioxydants-c62/Meditrina-b68/p.UrlBrand vs /fr/Antioxydants-c62/Meditrina-b68. Lang:fr
