01:42:12 Listing url is not the same: /fr/Nettoyage-c73/Clef-des-champs-b26/Meditrina-b68/Nature-Clean-b72/New-roots-b74/addressLink vs /fr/Nettoyage-c73/Clef-des-champs-b26/Meditrina-b68/Nature-Clean-b72/New-roots-b74. Lang:fr
02:18:17 Listing url is not the same: /fr/Coeur-et-sante-generale-c106/Clef-des-champs-b26/Le-Tournesol-ANB-b64/New-roots-b74/addressLink vs /fr/Coeur-et-sante-generale-c106/Clef-des-champs-b26/Le-Tournesol-ANB-b64/New-roots-b74. Lang:fr
02:18:21 Listing url is not the same: /fr/Systeme-immunitaire-c93/A-Vogel-b54/Bach-b137/Boiron-b61/Clef-des-champs-b26/p.Url vs /fr/Systeme-immunitaire-c93/A-Vogel-b54/Bach-b137/Boiron-b61/Clef-des-champs-b26. Lang:fr
02:22:06 Listing url is not the same: /fr/Fatigue-c99/Clef-des-champs-b26/Kyolic-b115/addressLink vs /fr/Fatigue-c99/Clef-des-champs-b26/Kyolic-b115. Lang:fr
02:22:07 Listing url is not the same: /fr/Rhume-grippe-voie-respiratoire-c57/Boiron-b61/Clef-des-champs-b26/Flora-b123/addressLink vs /fr/Rhume-grippe-voie-respiratoire-c57/Boiron-b61/Clef-des-champs-b26/Flora-b123. Lang:fr
02:22:08 Listing url is not the same: /fr/Sante-des-enfants-c108/A-Vogel-b54/Merveilles-d-Abeilles-b69/New-roots-b74/subcat.Url vs /fr/Sante-des-enfants-c108/A-Vogel-b54/Merveilles-d-Abeilles-b69/New-roots-b74. Lang:fr
02:22:10 Listing url is not the same: /fr/Sante-des-enfants-c108/Bach-b137/Clef-des-champs-b26/Le-Tournesol-ANB-b64/subcat.Url vs /fr/Sante-des-enfants-c108/Bach-b137/Clef-des-champs-b26/Le-Tournesol-ANB-b64. Lang:fr
02:22:11 Listing url is not the same: /fr/Sante-des-enfants-c108/Clef-des-champs-b26/Druide-b63/Numi-tea-b124/p.UrlBrand vs /fr/Sante-des-enfants-c108/Clef-des-champs-b26/Druide-b63/Numi-tea-b124. Lang:fr
02:22:12 Listing url is not the same: /fr/Sante-des-femmes-c100/New-roots-b74/Salus-b126/urlBilingual vs /fr/Sante-des-femmes-c100/New-roots-b74/Salus-b126. Lang:fr
02:22:14 Listing url is not the same: /fr/Sommeil-c88/Medelys-b128/Natural-Factors-b71/addressLink vs /fr/Sommeil-c88/Medelys-b128/Natural-Factors-b71. Lang:fr
02:22:15 Listing url is not the same: /fr/Stress-c97/A-Vogel-b54/Druide-b63/Meditrina-b68/New-roots-b74/p.Url vs /fr/Stress-c97/A-Vogel-b54/Druide-b63/Meditrina-b68/New-roots-b74. Lang:fr
02:22:16 Listing url is not the same: /fr/Stress-c97/A-Vogel-b54/Healthology-b116/subcat.Url vs /fr/Stress-c97/A-Vogel-b54/Healthology-b116. Lang:fr
04:15:39 Listing url is not the same: /fr/Allergies-c55/Boiron-b61/Kyolic-b115/p.Url vs /fr/Allergies-c55/Boiron-b61/Kyolic-b115. Lang:fr
04:19:27 Listing url is not the same: /fr/Tout-c1/Clef-des-champs-b26/Listing.aspx vs /fr/Tout-c1/Clef-des-champs-b26. Lang:fr
05:03:23 Listing url is not the same: /fr/Homeopathie-c12/A-Vogel-b54/Bach-b137/Boiron-b61/Clef-des-champs-b26/brand.Url vs /fr/Homeopathie-c12/A-Vogel-b54/Bach-b137/Boiron-b61/Clef-des-champs-b26. Lang:fr
05:50:06 Listing url is not the same: /fr/Antioxydants-c62/Healthology-b116/b.Url vs /fr/Antioxydants-c62/Healthology-b116. Lang:fr
05:52:25 Listing url is not the same: /fr/Antioxydants-c62/Healthology-b116/addressLink vs /fr/Antioxydants-c62/Healthology-b116. Lang:fr
06:46:00 Listing url is not the same: /fr/Homeopathie-c12/Boiron-b61/Kyolic-b115/brand.Url vs /fr/Homeopathie-c12/Boiron-b61/Kyolic-b115. Lang:fr
09:22:20 Listing url is not the same: /fr/Antioxydants-c62/Healthology-b116/promotion.Url vs /fr/Antioxydants-c62/Healthology-b116. Lang:fr
09:22:36 Listing url is not the same: /fr/Inflammation-c98/A-Vogel-b54/Boiron-b61/Natural-Factors-b71/Nature-Clean-b72/p.UrlBrand vs /fr/Inflammation-c98/A-Vogel-b54/Boiron-b61/Natural-Factors-b71/Nature-Clean-b72. Lang:fr
10:11:49 Listing url is not the same: /fr/Antioxydants-c62/Healthology-b116/urlBilingual vs /fr/Antioxydants-c62/Healthology-b116. Lang:fr
11:05:56 Listing url is not the same: /fr/Homeopathie-c12/A-Vogel-b54/Bach-b137/Boiron-b61/Clef-des-champs-b26/p.Url vs /fr/Homeopathie-c12/A-Vogel-b54/Bach-b137/Boiron-b61/Clef-des-champs-b26. Lang:fr
11:06:00 Listing url is not the same: /fr/Homeopathie-c12/Clef-des-champs-b26/Meditrina-b68/Nature-Clean-b72/New-roots-b74/subcat.Url vs /fr/Homeopathie-c12/Clef-des-champs-b26/Meditrina-b68/Nature-Clean-b72/New-roots-b74. Lang:fr
11:06:02 Listing url is not the same: /fr/Stress-c97/Clef-des-champs-b26/Meditrina-b68/Nature-Clean-b72/New-roots-b74/promotion.Url vs /fr/Stress-c97/Clef-des-champs-b26/Meditrina-b68/Nature-Clean-b72/New-roots-b74. Lang:fr
11:07:28 Listing url is not the same: /fr/Homeopathie-c12/Boiron-b61/Kyolic-b115/urlBilingual vs /fr/Homeopathie-c12/Boiron-b61/Kyolic-b115. Lang:fr
12:02:27 Listing url is not the same: /fr/Homeopathie-c12/A-Vogel-b54/Bach-b137/Boiron-b61/Clef-des-champs-b26/p.UrlBrand vs /fr/Homeopathie-c12/A-Vogel-b54/Bach-b137/Boiron-b61/Clef-des-champs-b26. Lang:fr
15:45:12 Listing url is not the same: /fr/Nouveautes/p.UrlBrand vs /fr/Nouveautes. Lang:fr
