00:14:29 https://letournesolboutiquesante.com:443/.well-known/traffic-advice  Chrome Privacy Preserving Prefetch Proxy
00:55:24 https://letournesolboutiquesante.com:443/favicon.ico https://letournesolboutiquesante.com/fr/ Mozilla/5.0 (Windows NT 10.0; Win64; x64) AppleWebKit/537.36 (KHTML, like Gecko) Chrome/125.0.0.0 Safari/537.36 Edg/125.0.0.0
3:19:19 AM https://letournesolboutiquesante.com:443/favicon.ico https://letournesolboutiquesante.com/en/ Mozilla/5.0 (X11; Linux x86_64) AppleWebKit/537.36 (KHTML, like Gecko) Chrome/121.0.6167.85 Safari/537.36
03:19:30 https://letournesolboutiquesante.com:443/en/sitemap.xml  python-requests/2.28.1
03:19:30 https://letournesolboutiquesante.com:443/en/sitemap_index.xml  python-requests/2.28.1
03:19:32 https://letournesolboutiquesante.com:443/en/sitemap  python-requests/2.28.1
03:19:33 https://letournesolboutiquesante.com:443/en/robots.txt  python-requests/2.28.1
07:21:10 https://letournesolboutiquesante.com:443/.DS_Store  Go-http-client/2.0
11:14:16 https://letournesolboutiquesante.com:443/wp-login.php http://letournesolboutiquesante.com/wp-login.php Mozilla/5.0 (X11; Fedora; Linux x86_64; rv:94.0) Gecko/20100101 Firefox/95.0
11:37:26 https://letournesolboutiquesante.com:443/favicon.ico https://letournesolboutiquesante.com/fr/ Mozilla/5.0 (Windows NT 10.0; Win64; x64) AppleWebKit/537.36 (KHTML, like Gecko) Chrome/125.0.0.0 Safari/537.36
12:19:56 https://letournesolboutiquesante.com:443/.git/config  Go-http-client/2.0
13:54:10 https://letournesolboutiquesante.com:443/favicon.ico https://letournesolboutiquesante.com/fr/ Mozilla/5.0 (iPhone; CPU iPhone OS 17_5_1 like Mac OS X) AppleWebKit/605.1.15 (KHTML, like Gecko) Version/17.5 Mobile/15E148 Safari/604.1
14:30:01 https://letournesolboutiquesante.com:443/favicon.ico https://letournesolboutiquesante.com/fr/ Mozilla/5.0 (Linux; Android 10; K) AppleWebKit/537.36 (KHTML, like Gecko) Chrome/125.0.0.0 Mobile Safari/537.36
14:32:13 https://letournesolboutiquesante.com:443/favicon.ico https://letournesolboutiquesante.com/fr/ Mozilla/5.0 (Macintosh; Intel Mac OS X 10.13; rv:109.0) Gecko/20100101 Firefox/115.0
14:32:22 https://letournesolboutiquesante.com:443/favicon.ico https://letournesolboutiquesante.com/fr/genestra-q Mozilla/5.0 (Macintosh; Intel Mac OS X 10.13; rv:109.0) Gecko/20100101 Firefox/115.0
14:32:45 https://letournesolboutiquesante.com:443/favicon.ico https://letournesolboutiquesante.com/fr/Fatigue-c99 Mozilla/5.0 (Macintosh; Intel Mac OS X 10.13; rv:109.0) Gecko/20100101 Firefox/115.0
14:33:04 https://letournesolboutiquesante.com:443/favicon.ico https://letournesolboutiquesante.com/fr/Produit-2180-New-roots-Multivitamines Mozilla/5.0 (Macintosh; Intel Mac OS X 10.13; rv:109.0) Gecko/20100101 Firefox/115.0
14:33:25 https://letournesolboutiquesante.com:443/favicon.ico https://letournesolboutiquesante.com/fr/Fatigue-c99 Mozilla/5.0 (Macintosh; Intel Mac OS X 10.13; rv:109.0) Gecko/20100101 Firefox/115.0
14:57:33 https://letournesolboutiquesante.com:443/.git/config  Go-http-client/2.0
15:21:14 https://letournesolboutiquesante.com:443/fr/contact  Mozilla/5.0 (Windows NT 10.0; Win64; x64) AppleWebKit/537.36 (KHTML, like Gecko) Chrome/93.0.4577.63 Safari/537.36
15:31:33 https://letournesolboutiquesante.com:443/favicon.ico  Go-http-client/1.1
15:52:14 https://letournesolboutiquesante.com:443/fr/rabais  Mozilla/5.0 AppleWebKit/537.36 (KHTML, like Gecko; compatible; bingbot/2.0; +http://www.bing.com/bingbot.htm) Chrome/116.0.1938.76 Safari/537.36
5:22:27 PM https://letournesolboutiquesante.com:443/favicon.ico https://letournesolboutiquesante.com/en/ Mozilla/5.0 (X11; Linux x86_64) AppleWebKit/537.36 (KHTML, like Gecko) HeadlessChrome/125.0.0.0 Safari/537.36
6:36:15 PM https://letournesolboutiquesante.com:443/favicon.ico https://letournesolboutiquesante.com/admin/login.aspx?ReturnUrl=/admin/config/?id=ajustement&&id=ajustement& Mozilla/5.0 (Windows NT 10.0; Win64; x64) AppleWebKit/537.36 (KHTML, like Gecko) Chrome/125.0.0.0 Safari/537.36
19:43:50 https://letournesolboutiquesante.com:443/favicon.ico  Googlebot-Image/1.0
20:02:27 https://letournesolboutiquesante.com:443/wp-cron.php  IonCrawl (https://www.ionos.de/terms-gtc/faq-crawler-en/)
20:54:51 https://letournesolboutiquesante.com:443/wp-content/plugins/wp-photo-album-plus/wppa-admin-styles.css  Mozilla/5.0 (Linux; Android 7.1.2; Redmi 4X) AppleWebKit/537.36 (KHTML, like Gecko) Chrome/83.0.4103.106 Mobile Safari/537.36
23:47:18 https://letournesolboutiquesante.com:443/en/sitemap.xml  python-requests/2.31.0
23:47:20 https://letournesolboutiquesante.com:443/en/sitemap_index.xml  python-requests/2.31.0
23:47:22 https://letournesolboutiquesante.com:443/en/sitemap  python-requests/2.31.0
23:47:22 https://letournesolboutiquesante.com:443/en/robots.txt  python-requests/2.31.0
