4:44:44 AM https://letournesolboutiquesante.com:443/favicon.ico https://letournesolboutiquesante.com/en/ Mozilla/5.0 (X11; Linux x86_64) AppleWebKit/537.36 (KHTML, like Gecko) Chrome/121.0.6167.85 Safari/537.36
04:44:53 https://letournesolboutiquesante.com:443/en/sitemap.xml  python-requests/2.28.1
04:44:55 https://letournesolboutiquesante.com:443/en/sitemap_index.xml  python-requests/2.28.1
04:44:56 https://letournesolboutiquesante.com:443/en/sitemap  python-requests/2.28.1
04:44:57 https://letournesolboutiquesante.com:443/en/robots.txt  python-requests/2.28.1
04:55:48 https://letournesolboutiquesante.com:443/fr/addressLink  Mozilla/5.0 (compatible; DotBot/1.2; +https://opensiteexplorer.org/dotbot; help@moz.com)
6:32:40 AM https://letournesolboutiquesante.com:443/xmlrpc.php  Mozilla/5.0 (Windows NT 6.1; WOW64; rv:45.0) Gecko/20100101 Firefox/45.0
07:02:40 https://letournesolboutiquesante.com:443/fr/js/Product2.js  Mozilla/5.0 (compatible; AhrefsBot/7.0; +http://ahrefs.com/robot/)
09:31:44 https://letournesolboutiquesante.com:443/.well-known/traffic-advice  Chrome Privacy Preserving Prefetch Proxy
10:46:23 https://letournesolboutiquesante.com:443/wp-content/plugins/startklar-elmentor-forms-extwidgets/assets/dropzone/basic.css  Mozilla/5.0 (iPhone; CPU iPhone OS 14_3 like Mac OS X) AppleWebKit/605.1.15 (KHTML, like Gecko) Version/14.0.2 Mobile/15E148 Safari/604.1
12:31:11 https://letournesolboutiquesante.com:443/.git/config  Mozilla/2.0 (compatible; Ask Jeeves/Teoma)
12:53:10 https://letournesolboutiquesante.com:443/favicon.ico https://letournesolboutiquesante.com/fr/ Mozilla/5.0 (Macintosh; Intel Mac OS X 10_15_7) AppleWebKit/537.36 (KHTML, like Gecko) Chrome/124.0.0.0 Safari/537.36
2:10:43 PM https://letournesolboutiquesante.com:443/favicon.ico  Mozilla/5.0 (Macintosh; Intel Mac OS X 10_7_0) AppleWebKit/535.11 (KHTML, like Gecko) Chrome/17.0.963.56 Safari/535.11
2:10:43 PM https://letournesolboutiquesante.com:443/favicon.ico  Mozilla/5.0 (Macintosh; Intel Mac OS X 10_7_0) AppleWebKit/535.11 (KHTML, like Gecko) Chrome/17.0.963.56 Safari/535.11
15:25:53 https://letournesolboutiquesante.com:443/favicon.ico https://letournesolboutiquesante.com/fr/ Mozilla/5.0 (Macintosh; Intel Mac OS X 10_15_7) AppleWebKit/605.1.15 (KHTML, like Gecko) Version/17.5 Safari/605.1.15
15:36:53 https://letournesolboutiquesante.com:443/favicon.ico https://letournesolboutiquesante.com/fr/ Mozilla/5.0 (Windows NT 10.0; Win64; x64; rv:126.0) Gecko/20100101 Firefox/126.0
16:19:51 https://letournesolboutiquesante.com:443/favicon.ico  Go-http-client/1.1
16:19:52 https://letournesolboutiquesante.com:443/fr/sitemap.xml  Go-http-client/1.1
16:19:52 https://letournesolboutiquesante.com:443/fr/robots.txt  Go-http-client/1.1
16:19:56 https://letournesolboutiquesante.com:443/favicon.ico  Go-http-client/1.1
16:20:00 https://letournesolboutiquesante.com:443/fr/robots.txt  Go-http-client/1.1
16:20:00 https://letournesolboutiquesante.com:443/fr/sitemap.xml  Go-http-client/1.1
16:20:07 https://letournesolboutiquesante.com:443/favicon.ico  Go-http-client/1.1
18:03:33 https://letournesolboutiquesante.com:443/mysql/sqlmanager/index.php?lang=en  Mozilla/5.0 (Macintosh; Intel Mac OS X 10_15_7) AppleWebKit/605.1.15 (KHTML, like Gecko) Version/15.6.1 Safari/605.1.15
18:03:34 https://letournesolboutiquesante.com:443/phpMyAdmin-5.1.2/index.php?lang=en  Mozilla/5.0 (Macintosh; Intel Mac OS X 10_15_7) AppleWebKit/605.1.15 (KHTML, like Gecko) Version/15.6.1 Safari/605.1.15
18:03:34 https://letournesolboutiquesante.com:443/phpMyAdmin-5.2.0/index.php?lang=en  Mozilla/5.0 (Macintosh; Intel Mac OS X 10_15_7) AppleWebKit/605.1.15 (KHTML, like Gecko) Version/15.6.1 Safari/605.1.15
18:03:35 https://letournesolboutiquesante.com:443/mysql-admin/index.php?lang=en  Mozilla/5.0 (Macintosh; Intel Mac OS X 10_15_7) AppleWebKit/605.1.15 (KHTML, like Gecko) Version/15.6.1 Safari/605.1.15
18:03:35 https://letournesolboutiquesante.com:443/phpmyadmin2017/index.php?lang=en  Mozilla/5.0 (Macintosh; Intel Mac OS X 10_15_7) AppleWebKit/605.1.15 (KHTML, like Gecko) Version/15.6.1 Safari/605.1.15
18:03:36 https://letournesolboutiquesante.com:443/phpMyAdmin2/index.php?lang=en  Mozilla/5.0 (Macintosh; Intel Mac OS X 10_15_7) AppleWebKit/605.1.15 (KHTML, like Gecko) Version/15.6.1 Safari/605.1.15
18:03:36 https://letournesolboutiquesante.com:443/PMA/index.php?lang=en  Mozilla/5.0 (Macintosh; Intel Mac OS X 10_15_7) AppleWebKit/605.1.15 (KHTML, like Gecko) Version/15.6.1 Safari/605.1.15
18:03:36 https://letournesolboutiquesante.com:443/phpMyAdmin-5.2.1-english/index.php?lang=en  Mozilla/5.0 (Macintosh; Intel Mac OS X 10_15_7) AppleWebKit/605.1.15 (KHTML, like Gecko) Version/15.6.1 Safari/605.1.15
18:03:37 https://letournesolboutiquesante.com:443/db/db-admin/index.php?lang=en  Mozilla/5.0 (Macintosh; Intel Mac OS X 10_15_7) AppleWebKit/605.1.15 (KHTML, like Gecko) Version/15.6.1 Safari/605.1.15
18:03:37 https://letournesolboutiquesante.com:443/phpMyAdmin6/index.php?lang=en  Mozilla/5.0 (Macintosh; Intel Mac OS X 10_15_7) AppleWebKit/605.1.15 (KHTML, like Gecko) Version/15.6.1 Safari/605.1.15
18:03:37 https://letournesolboutiquesante.com:443/db/phpmyadmin5/index.php?lang=en  Mozilla/5.0 (Macintosh; Intel Mac OS X 10_15_7) AppleWebKit/605.1.15 (KHTML, like Gecko) Version/15.6.1 Safari/605.1.15
18:03:38 https://letournesolboutiquesante.com:443/phpMyAdmin-5.1.1/index.php?lang=en  Mozilla/5.0 (Macintosh; Intel Mac OS X 10_15_7) AppleWebKit/605.1.15 (KHTML, like Gecko) Version/15.6.1 Safari/605.1.15
18:03:38 https://letournesolboutiquesante.com:443/sql/sqladmin/index.php?lang=en  Mozilla/5.0 (Macintosh; Intel Mac OS X 10_15_7) AppleWebKit/605.1.15 (KHTML, like Gecko) Version/15.6.1 Safari/605.1.15
18:03:39 https://letournesolboutiquesante.com:443/mysql/dbadmin/index.php?lang=en  Mozilla/5.0 (Macintosh; Intel Mac OS X 10_15_7) AppleWebKit/605.1.15 (KHTML, like Gecko) Version/15.6.1 Safari/605.1.15
18:03:39 https://letournesolboutiquesante.com:443/phpmyadmin_/index.php?lang=en  Mozilla/5.0 (Macintosh; Intel Mac OS X 10_15_7) AppleWebKit/605.1.15 (KHTML, like Gecko) Version/15.6.1 Safari/605.1.15
18:03:39 https://letournesolboutiquesante.com:443/administrator/db/index.php?lang=en  Mozilla/5.0 (Macintosh; Intel Mac OS X 10_15_7) AppleWebKit/605.1.15 (KHTML, like Gecko) Version/15.6.1 Safari/605.1.15
18:03:40 https://letournesolboutiquesante.com:443/db/websql/index.php?lang=en  Mozilla/5.0 (Macintosh; Intel Mac OS X 10_15_7) AppleWebKit/605.1.15 (KHTML, like Gecko) Version/15.6.1 Safari/605.1.15
18:03:41 https://letournesolboutiquesante.com:443/__phpmyadmin/index.php?lang=en  Mozilla/5.0 (Macintosh; Intel Mac OS X 10_15_7) AppleWebKit/605.1.15 (KHTML, like Gecko) Version/15.6.1 Safari/605.1.15
18:03:42 https://letournesolboutiquesante.com:443/_phpmyadmin_/index.php?lang=en  Mozilla/5.0 (Macintosh; Intel Mac OS X 10_15_7) AppleWebKit/605.1.15 (KHTML, like Gecko) Version/15.6.1 Safari/605.1.15
18:03:42 https://letournesolboutiquesante.com:443/php-myadmin/index.php?lang=en  Mozilla/5.0 (Macintosh; Intel Mac OS X 10_15_7) AppleWebKit/605.1.15 (KHTML, like Gecko) Version/15.6.1 Safari/605.1.15
18:03:42 https://letournesolboutiquesante.com:443/db/phpMyAdmin3/index.php?lang=en  Mozilla/5.0 (Macintosh; Intel Mac OS X 10_15_7) AppleWebKit/605.1.15 (KHTML, like Gecko) Version/15.6.1 Safari/605.1.15
18:03:43 https://letournesolboutiquesante.com:443/db/webdb/index.php?lang=en  Mozilla/5.0 (Macintosh; Intel Mac OS X 10_15_7) AppleWebKit/605.1.15 (KHTML, like Gecko) Version/15.6.1 Safari/605.1.15
18:03:43 https://letournesolboutiquesante.com:443/phpMyadmin/index.php?lang=en  Mozilla/5.0 (Macintosh; Intel Mac OS X 10_15_7) AppleWebKit/605.1.15 (KHTML, like Gecko) Version/15.6.1 Safari/605.1.15
18:03:43 https://letournesolboutiquesante.com:443/phpMyAdmin-4.9.10-all-languages/index.php?lang=en  Mozilla/5.0 (Macintosh; Intel Mac OS X 10_15_7) AppleWebKit/605.1.15 (KHTML, like Gecko) Version/15.6.1 Safari/605.1.15
18:03:44 https://letournesolboutiquesante.com:443/phpmyadmin5/index.php?lang=en  Mozilla/5.0 (Macintosh; Intel Mac OS X 10_15_7) AppleWebKit/605.1.15 (KHTML, like Gecko) Version/15.6.1 Safari/605.1.15
18:03:44 https://letournesolboutiquesante.com:443/sql/sql-admin/index.php?lang=en  Mozilla/5.0 (Macintosh; Intel Mac OS X 10_15_7) AppleWebKit/605.1.15 (KHTML, like Gecko) Version/15.6.1 Safari/605.1.15
18:03:45 https://letournesolboutiquesante.com:443/phpmyadmin3/index.php?lang=en  Mozilla/5.0 (Macintosh; Intel Mac OS X 10_15_7) AppleWebKit/605.1.15 (KHTML, like Gecko) Version/15.6.1 Safari/605.1.15
18:03:45 https://letournesolboutiquesante.com:443/mysqladmin/index.php?lang=en  Mozilla/5.0 (Macintosh; Intel Mac OS X 10_15_7) AppleWebKit/605.1.15 (KHTML, like Gecko) Version/15.6.1 Safari/605.1.15
18:03:45 https://letournesolboutiquesante.com:443/sql/webadmin/index.php?lang=en  Mozilla/5.0 (Macintosh; Intel Mac OS X 10_15_7) AppleWebKit/605.1.15 (KHTML, like Gecko) Version/15.6.1 Safari/605.1.15
18:03:46 https://letournesolboutiquesante.com:443/phpMyAdmin-5/index.php?lang=en  Mozilla/5.0 (Macintosh; Intel Mac OS X 10_15_7) AppleWebKit/605.1.15 (KHTML, like Gecko) Version/15.6.1 Safari/605.1.15
18:03:46 https://letournesolboutiquesante.com:443/shopdb/index.php?lang=en  Mozilla/5.0 (Macintosh; Intel Mac OS X 10_15_7) AppleWebKit/605.1.15 (KHTML, like Gecko) Version/15.6.1 Safari/605.1.15
18:03:47 https://letournesolboutiquesante.com:443/sql/phpMyAdmin2/index.php?lang=en  Mozilla/5.0 (Macintosh; Intel Mac OS X 10_15_7) AppleWebKit/605.1.15 (KHTML, like Gecko) Version/15.6.1 Safari/605.1.15
18:03:47 https://letournesolboutiquesante.com:443/phpMyAdmin5.1/index.php?lang=en  Mozilla/5.0 (Macintosh; Intel Mac OS X 10_15_7) AppleWebKit/605.1.15 (KHTML, like Gecko) Version/15.6.1 Safari/605.1.15
18:03:47 https://letournesolboutiquesante.com:443/phpMyAdmin5.2/index.php?lang=en  Mozilla/5.0 (Macintosh; Intel Mac OS X 10_15_7) AppleWebKit/605.1.15 (KHTML, like Gecko) Version/15.6.1 Safari/605.1.15
18:03:48 https://letournesolboutiquesante.com:443/db/phpMyAdmin-4/index.php?lang=en  Mozilla/5.0 (Macintosh; Intel Mac OS X 10_15_7) AppleWebKit/605.1.15 (KHTML, like Gecko) Version/15.6.1 Safari/605.1.15
18:03:48 https://letournesolboutiquesante.com:443/mysql/mysqlmanager/index.php?lang=en  Mozilla/5.0 (Macintosh; Intel Mac OS X 10_15_7) AppleWebKit/605.1.15 (KHTML, like Gecko) Version/15.6.1 Safari/605.1.15
18:03:49 https://letournesolboutiquesante.com:443/administrator/PMA/index.php?lang=en  Mozilla/5.0 (Macintosh; Intel Mac OS X 10_15_7) AppleWebKit/605.1.15 (KHTML, like Gecko) Version/15.6.1 Safari/605.1.15
18:03:49 https://letournesolboutiquesante.com:443/mysqlmanager/index.php?lang=en  Mozilla/5.0 (Macintosh; Intel Mac OS X 10_15_7) AppleWebKit/605.1.15 (KHTML, like Gecko) Version/15.6.1 Safari/605.1.15
18:03:49 https://letournesolboutiquesante.com:443/db/myadmin/index.php?lang=en  Mozilla/5.0 (Macintosh; Intel Mac OS X 10_15_7) AppleWebKit/605.1.15 (KHTML, like Gecko) Version/15.6.1 Safari/605.1.15
18:03:50 https://letournesolboutiquesante.com:443/db/phpmyadmin/index.php?lang=en  Mozilla/5.0 (Macintosh; Intel Mac OS X 10_15_7) AppleWebKit/605.1.15 (KHTML, like Gecko) Version/15.6.1 Safari/605.1.15
18:03:51 https://letournesolboutiquesante.com:443/db/dbadmin/index.php?lang=en  Mozilla/5.0 (Macintosh; Intel Mac OS X 10_15_7) AppleWebKit/605.1.15 (KHTML, like Gecko) Version/15.6.1 Safari/605.1.15
18:03:51 https://letournesolboutiquesante.com:443/administrator/phpMyAdmin/index.php?lang=en  Mozilla/5.0 (Macintosh; Intel Mac OS X 10_15_7) AppleWebKit/605.1.15 (KHTML, like Gecko) Version/15.6.1 Safari/605.1.15
18:03:51 https://letournesolboutiquesante.com:443/sql/php-myadmin/index.php?lang=en  Mozilla/5.0 (Macintosh; Intel Mac OS X 10_15_7) AppleWebKit/605.1.15 (KHTML, like Gecko) Version/15.6.1 Safari/605.1.15
18:03:52 https://letournesolboutiquesante.com:443/phpMyAdmin-5.2.0-all-languages/index.php?lang=en  Mozilla/5.0 (Macintosh; Intel Mac OS X 10_15_7) AppleWebKit/605.1.15 (KHTML, like Gecko) Version/15.6.1 Safari/605.1.15
18:03:52 https://letournesolboutiquesante.com:443/administrator/web/index.php?lang=en  Mozilla/5.0 (Macintosh; Intel Mac OS X 10_15_7) AppleWebKit/605.1.15 (KHTML, like Gecko) Version/15.6.1 Safari/605.1.15
18:03:53 https://letournesolboutiquesante.com:443/index.php?lang=en  Mozilla/5.0 (Macintosh; Intel Mac OS X 10_15_7) AppleWebKit/605.1.15 (KHTML, like Gecko) Version/15.6.1 Safari/605.1.15
18:03:53 https://letournesolboutiquesante.com:443/sql/phpmyadmin3/index.php?lang=en  Mozilla/5.0 (Macintosh; Intel Mac OS X 10_15_7) AppleWebKit/605.1.15 (KHTML, like Gecko) Version/15.6.1 Safari/605.1.15
18:03:53 https://letournesolboutiquesante.com:443/db/webadmin/index.php?lang=en  Mozilla/5.0 (Macintosh; Intel Mac OS X 10_15_7) AppleWebKit/605.1.15 (KHTML, like Gecko) Version/15.6.1 Safari/605.1.15
18:03:54 https://letournesolboutiquesante.com:443/phpmyadmin6/index.php?lang=en  Mozilla/5.0 (Macintosh; Intel Mac OS X 10_15_7) AppleWebKit/605.1.15 (KHTML, like Gecko) Version/15.6.1 Safari/605.1.15
18:03:54 https://letournesolboutiquesante.com:443/phpMyAdmin5/index.php?lang=en  Mozilla/5.0 (Macintosh; Intel Mac OS X 10_15_7) AppleWebKit/605.1.15 (KHTML, like Gecko) Version/15.6.1 Safari/605.1.15
18:03:54 https://letournesolboutiquesante.com:443/phpMyAdmin-4.9.7/index.php?lang=en  Mozilla/5.0 (Macintosh; Intel Mac OS X 10_15_7) AppleWebKit/605.1.15 (KHTML, like Gecko) Version/15.6.1 Safari/605.1.15
18:03:55 https://letournesolboutiquesante.com:443/phpMyAdmin-5.2.1-all-languages/index.php?lang=en  Mozilla/5.0 (Macintosh; Intel Mac OS X 10_15_7) AppleWebKit/605.1.15 (KHTML, like Gecko) Version/15.6.1 Safari/605.1.15
18:03:55 https://letournesolboutiquesante.com:443/phpmyadmin2019/index.php?lang=en  Mozilla/5.0 (Macintosh; Intel Mac OS X 10_15_7) AppleWebKit/605.1.15 (KHTML, like Gecko) Version/15.6.1 Safari/605.1.15
18:03:56 https://letournesolboutiquesante.com:443/sql/myadmin/index.php?lang=en  Mozilla/5.0 (Macintosh; Intel Mac OS X 10_15_7) AppleWebKit/605.1.15 (KHTML, like Gecko) Version/15.6.1 Safari/605.1.15
18:03:56 https://letournesolboutiquesante.com:443/administrator/phpmyadmin/index.php?lang=en  Mozilla/5.0 (Macintosh; Intel Mac OS X 10_15_7) AppleWebKit/605.1.15 (KHTML, like Gecko) Version/15.6.1 Safari/605.1.15
18:03:57 https://letournesolboutiquesante.com:443/_phpMyAdmin/index.php?lang=en  Mozilla/5.0 (Macintosh; Intel Mac OS X 10_15_7) AppleWebKit/605.1.15 (KHTML, like Gecko) Version/15.6.1 Safari/605.1.15
18:03:58 https://letournesolboutiquesante.com:443/mysql/pma/index.php?lang=en  Mozilla/5.0 (Macintosh; Intel Mac OS X 10_15_7) AppleWebKit/605.1.15 (KHTML, like Gecko) Version/15.6.1 Safari/605.1.15
18:03:58 https://letournesolboutiquesante.com:443/phpMyAdmin6.0/index.php?lang=en  Mozilla/5.0 (Macintosh; Intel Mac OS X 10_15_7) AppleWebKit/605.1.15 (KHTML, like Gecko) Version/15.6.1 Safari/605.1.15
18:03:59 https://letournesolboutiquesante.com:443/sql/sql/index.php?lang=en  Mozilla/5.0 (Macintosh; Intel Mac OS X 10_15_7) AppleWebKit/605.1.15 (KHTML, like Gecko) Version/15.6.1 Safari/605.1.15
18:03:59 https://letournesolboutiquesante.com:443/phpmyadmin2021/index.php?lang=en  Mozilla/5.0 (Macintosh; Intel Mac OS X 10_15_7) AppleWebKit/605.1.15 (KHTML, like Gecko) Version/15.6.1 Safari/605.1.15
18:03:59 https://letournesolboutiquesante.com:443/phpMyAdmin-5.2/index.php?lang=en  Mozilla/5.0 (Macintosh; Intel Mac OS X 10_15_7) AppleWebKit/605.1.15 (KHTML, like Gecko) Version/15.6.1 Safari/605.1.15
18:04:00 https://letournesolboutiquesante.com:443/pma/index.php?lang=en  Mozilla/5.0 (Macintosh; Intel Mac OS X 10_15_7) AppleWebKit/605.1.15 (KHTML, like Gecko) Version/15.6.1 Safari/605.1.15
18:04:00 https://letournesolboutiquesante.com:443/administrator/admin/index.php?lang=en  Mozilla/5.0 (Macintosh; Intel Mac OS X 10_15_7) AppleWebKit/605.1.15 (KHTML, like Gecko) Version/15.6.1 Safari/605.1.15
18:04:00 https://letournesolboutiquesante.com:443/db/phpMyAdmin-3/index.php?lang=en  Mozilla/5.0 (Macintosh; Intel Mac OS X 10_15_7) AppleWebKit/605.1.15 (KHTML, like Gecko) Version/15.6.1 Safari/605.1.15
18:04:01 https://letournesolboutiquesante.com:443/mysql/db/index.php?lang=en  Mozilla/5.0 (Macintosh; Intel Mac OS X 10_15_7) AppleWebKit/605.1.15 (KHTML, like Gecko) Version/15.6.1 Safari/605.1.15
18:04:01 https://letournesolboutiquesante.com:443/db/phpMyAdmin/index.php?lang=en  Mozilla/5.0 (Macintosh; Intel Mac OS X 10_15_7) AppleWebKit/605.1.15 (KHTML, like Gecko) Version/15.6.1 Safari/605.1.15
18:04:02 https://letournesolboutiquesante.com:443/phppma/index.php?lang=en  Mozilla/5.0 (Macintosh; Intel Mac OS X 10_15_7) AppleWebKit/605.1.15 (KHTML, like Gecko) Version/15.6.1 Safari/605.1.15
18:04:02 https://letournesolboutiquesante.com:443/mysql/web/index.php?lang=en  Mozilla/5.0 (Macintosh; Intel Mac OS X 10_15_7) AppleWebKit/605.1.15 (KHTML, like Gecko) Version/15.6.1 Safari/605.1.15
18:04:02 https://letournesolboutiquesante.com:443/1phpmyadmin/index.php?lang=en  Mozilla/5.0 (Macintosh; Intel Mac OS X 10_15_7) AppleWebKit/605.1.15 (KHTML, like Gecko) Version/15.6.1 Safari/605.1.15
18:04:03 https://letournesolboutiquesante.com:443/myadmin/index.php?lang=en  Mozilla/5.0 (Macintosh; Intel Mac OS X 10_15_7) AppleWebKit/605.1.15 (KHTML, like Gecko) Version/15.6.1 Safari/605.1.15
18:04:03 https://letournesolboutiquesante.com:443/phpMyAdmin-latest-english/index.php?lang=en  Mozilla/5.0 (Macintosh; Intel Mac OS X 10_15_7) AppleWebKit/605.1.15 (KHTML, like Gecko) Version/15.6.1 Safari/605.1.15
18:04:04 https://letournesolboutiquesante.com:443/phpmyadmin2018/index.php?lang=en  Mozilla/5.0 (Macintosh; Intel Mac OS X 10_15_7) AppleWebKit/605.1.15 (KHTML, like Gecko) Version/15.6.1 Safari/605.1.15
18:04:04 https://letournesolboutiquesante.com:443/sql/phpmanager/index.php?lang=en  Mozilla/5.0 (Macintosh; Intel Mac OS X 10_15_7) AppleWebKit/605.1.15 (KHTML, like Gecko) Version/15.6.1 Safari/605.1.15
18:04:04 https://letournesolboutiquesante.com:443/phpMyAdmin-latest/index.php?lang=en  Mozilla/5.0 (Macintosh; Intel Mac OS X 10_15_7) AppleWebKit/605.1.15 (KHTML, like Gecko) Version/15.6.1 Safari/605.1.15
18:04:05 https://letournesolboutiquesante.com:443/db/index.php?lang=en  Mozilla/5.0 (Macintosh; Intel Mac OS X 10_15_7) AppleWebKit/605.1.15 (KHTML, like Gecko) Version/15.6.1 Safari/605.1.15
18:04:05 https://letournesolboutiquesante.com:443/phpMyAdmin-3/index.php?lang=en  Mozilla/5.0 (Macintosh; Intel Mac OS X 10_15_7) AppleWebKit/605.1.15 (KHTML, like Gecko) Version/15.6.1 Safari/605.1.15
18:04:05 https://letournesolboutiquesante.com:443/_phpmyadmin/index.php?lang=en  Mozilla/5.0 (Macintosh; Intel Mac OS X 10_15_7) AppleWebKit/605.1.15 (KHTML, like Gecko) Version/15.6.1 Safari/605.1.15
18:04:06 https://letournesolboutiquesante.com:443/sql/sqlweb/index.php?lang=en  Mozilla/5.0 (Macintosh; Intel Mac OS X 10_15_7) AppleWebKit/605.1.15 (KHTML, like Gecko) Version/15.6.1 Safari/605.1.15
18:04:06 https://letournesolboutiquesante.com:443/php-my-admin/index.php?lang=en  Mozilla/5.0 (Macintosh; Intel Mac OS X 10_15_7) AppleWebKit/605.1.15 (KHTML, like Gecko) Version/15.6.1 Safari/605.1.15
18:04:07 https://letournesolboutiquesante.com:443/phpMyAdmin-5.1.0/index.php?lang=en  Mozilla/5.0 (Macintosh; Intel Mac OS X 10_15_7) AppleWebKit/605.1.15 (KHTML, like Gecko) Version/15.6.1 Safari/605.1.15
18:04:07 https://letournesolboutiquesante.com:443/phpMyAdmin-latest-all-languages/index.php?lang=en  Mozilla/5.0 (Macintosh; Intel Mac OS X 10_15_7) AppleWebKit/605.1.15 (KHTML, like Gecko) Version/15.6.1 Safari/605.1.15
18:04:07 https://letournesolboutiquesante.com:443/phpmyadmin2022/index.php?lang=en  Mozilla/5.0 (Macintosh; Intel Mac OS X 10_15_7) AppleWebKit/605.1.15 (KHTML, like Gecko) Version/15.6.1 Safari/605.1.15
18:04:08 https://letournesolboutiquesante.com:443/wp-content/plugins/portable-phpmyadmin/wp-pma-mod/index.php?lang=en  Mozilla/5.0 (Macintosh; Intel Mac OS X 10_15_7) AppleWebKit/605.1.15 (KHTML, like Gecko) Version/15.6.1 Safari/605.1.15
18:04:08 https://letournesolboutiquesante.com:443/phpMyAdmin_/index.php?lang=en  Mozilla/5.0 (Macintosh; Intel Mac OS X 10_15_7) AppleWebKit/605.1.15 (KHTML, like Gecko) Version/15.6.1 Safari/605.1.15
18:04:09 https://letournesolboutiquesante.com:443/mysql/index.php?lang=en  Mozilla/5.0 (Macintosh; Intel Mac OS X 10_15_7) AppleWebKit/605.1.15 (KHTML, like Gecko) Version/15.6.1 Safari/605.1.15
18:04:09 https://letournesolboutiquesante.com:443/mysql/pMA/index.php?lang=en  Mozilla/5.0 (Macintosh; Intel Mac OS X 10_15_7) AppleWebKit/605.1.15 (KHTML, like Gecko) Version/15.6.1 Safari/605.1.15
18:04:09 https://letournesolboutiquesante.com:443/phpmy/index.php?lang=en  Mozilla/5.0 (Macintosh; Intel Mac OS X 10_15_7) AppleWebKit/605.1.15 (KHTML, like Gecko) Version/15.6.1 Safari/605.1.15
18:04:10 https://letournesolboutiquesante.com:443/sqlmanager/index.php?lang=en  Mozilla/5.0 (Macintosh; Intel Mac OS X 10_15_7) AppleWebKit/605.1.15 (KHTML, like Gecko) Version/15.6.1 Safari/605.1.15
18:04:10 https://letournesolboutiquesante.com:443/phpmyadmin1/index.php?lang=en  Mozilla/5.0 (Macintosh; Intel Mac OS X 10_15_7) AppleWebKit/605.1.15 (KHTML, like Gecko) Version/15.6.1 Safari/605.1.15
18:04:10 https://letournesolboutiquesante.com:443/phpmy-admin/index.php?lang=en  Mozilla/5.0 (Macintosh; Intel Mac OS X 10_15_7) AppleWebKit/605.1.15 (KHTML, like Gecko) Version/15.6.1 Safari/605.1.15
18:04:11 https://letournesolboutiquesante.com:443/2phpmyadmin/index.php?lang=en  Mozilla/5.0 (Macintosh; Intel Mac OS X 10_15_7) AppleWebKit/605.1.15 (KHTML, like Gecko) Version/15.6.1 Safari/605.1.15
18:04:11 https://letournesolboutiquesante.com:443/phpmyadmin2/index.php?lang=en  Mozilla/5.0 (Macintosh; Intel Mac OS X 10_15_7) AppleWebKit/605.1.15 (KHTML, like Gecko) Version/15.6.1 Safari/605.1.15
18:04:12 https://letournesolboutiquesante.com:443/sql/phpMyAdmin/index.php?lang=en  Mozilla/5.0 (Macintosh; Intel Mac OS X 10_15_7) AppleWebKit/605.1.15 (KHTML, like Gecko) Version/15.6.1 Safari/605.1.15
18:04:12 https://letournesolboutiquesante.com:443/db/dbweb/index.php?lang=en  Mozilla/5.0 (Macintosh; Intel Mac OS X 10_15_7) AppleWebKit/605.1.15 (KHTML, like Gecko) Version/15.6.1 Safari/605.1.15
18:04:12 https://letournesolboutiquesante.com:443/phpmyAdmin/index.php?lang=en  Mozilla/5.0 (Macintosh; Intel Mac OS X 10_15_7) AppleWebKit/605.1.15 (KHTML, like Gecko) Version/15.6.1 Safari/605.1.15
18:04:13 https://letournesolboutiquesante.com:443/phpMyAdmin3/index.php?lang=en  Mozilla/5.0 (Macintosh; Intel Mac OS X 10_15_7) AppleWebKit/605.1.15 (KHTML, like Gecko) Version/15.6.1 Safari/605.1.15
18:04:13 https://letournesolboutiquesante.com:443/db/phpMyAdmin-5/index.php?lang=en  Mozilla/5.0 (Macintosh; Intel Mac OS X 10_15_7) AppleWebKit/605.1.15 (KHTML, like Gecko) Version/15.6.1 Safari/605.1.15
18:04:14 https://letournesolboutiquesante.com:443/administrator/pma/index.php?lang=en  Mozilla/5.0 (Macintosh; Intel Mac OS X 10_15_7) AppleWebKit/605.1.15 (KHTML, like Gecko) Version/15.6.1 Safari/605.1.15
18:04:14 https://letournesolboutiquesante.com:443/database/index.php?lang=en  Mozilla/5.0 (Macintosh; Intel Mac OS X 10_15_7) AppleWebKit/605.1.15 (KHTML, like Gecko) Version/15.6.1 Safari/605.1.15
18:04:15 https://letournesolboutiquesante.com:443/db/phpmyadmin4/index.php?lang=en  Mozilla/5.0 (Macintosh; Intel Mac OS X 10_15_7) AppleWebKit/605.1.15 (KHTML, like Gecko) Version/15.6.1 Safari/605.1.15
18:04:15 https://letournesolboutiquesante.com:443/mysql/admin/index.php?lang=en  Mozilla/5.0 (Macintosh; Intel Mac OS X 10_15_7) AppleWebKit/605.1.15 (KHTML, like Gecko) Version/15.6.1 Safari/605.1.15
18:04:16 https://letournesolboutiquesante.com:443/sql/webdb/index.php?lang=en  Mozilla/5.0 (Macintosh; Intel Mac OS X 10_15_7) AppleWebKit/605.1.15 (KHTML, like Gecko) Version/15.6.1 Safari/605.1.15
18:04:16 https://letournesolboutiquesante.com:443/sql/phpmyadmin4/index.php?lang=en  Mozilla/5.0 (Macintosh; Intel Mac OS X 10_15_7) AppleWebKit/605.1.15 (KHTML, like Gecko) Version/15.6.1 Safari/605.1.15
18:04:16 https://letournesolboutiquesante.com:443/phpMyAdmin4/index.php?lang=en  Mozilla/5.0 (Macintosh; Intel Mac OS X 10_15_7) AppleWebKit/605.1.15 (KHTML, like Gecko) Version/15.6.1 Safari/605.1.15
18:04:17 https://letournesolboutiquesante.com:443/phpmyadmin2020/index.php?lang=en  Mozilla/5.0 (Macintosh; Intel Mac OS X 10_15_7) AppleWebKit/605.1.15 (KHTML, like Gecko) Version/15.6.1 Safari/605.1.15
18:04:17 https://letournesolboutiquesante.com:443/phpmyadmin4/index.php?lang=en  Mozilla/5.0 (Macintosh; Intel Mac OS X 10_15_7) AppleWebKit/605.1.15 (KHTML, like Gecko) Version/15.6.1 Safari/605.1.15
18:04:18 https://letournesolboutiquesante.com:443/sql/websql/index.php?lang=en  Mozilla/5.0 (Macintosh; Intel Mac OS X 10_15_7) AppleWebKit/605.1.15 (KHTML, like Gecko) Version/15.6.1 Safari/605.1.15
18:04:18 https://letournesolboutiquesante.com:443/db/phpmyadmin3/index.php?lang=en  Mozilla/5.0 (Macintosh; Intel Mac OS X 10_15_7) AppleWebKit/605.1.15 (KHTML, like Gecko) Version/15.6.1 Safari/605.1.15
18:04:18 https://letournesolboutiquesante.com:443/phpMyAdmin-5.1.3/index.php?lang=en  Mozilla/5.0 (Macintosh; Intel Mac OS X 10_15_7) AppleWebKit/605.1.15 (KHTML, like Gecko) Version/15.6.1 Safari/605.1.15
18:04:19 https://letournesolboutiquesante.com:443/phpMyAdmin/index.php?lang=en  Mozilla/5.0 (Macintosh; Intel Mac OS X 10_15_7) AppleWebKit/605.1.15 (KHTML, like Gecko) Version/15.6.1 Safari/605.1.15
18:04:19 https://letournesolboutiquesante.com:443/program/index.php?lang=en  Mozilla/5.0 (Macintosh; Intel Mac OS X 10_15_7) AppleWebKit/605.1.15 (KHTML, like Gecko) Version/15.6.1 Safari/605.1.15
18:04:20 https://letournesolboutiquesante.com:443/phpMyAdmin-4/index.php?lang=en  Mozilla/5.0 (Macintosh; Intel Mac OS X 10_15_7) AppleWebKit/605.1.15 (KHTML, like Gecko) Version/15.6.1 Safari/605.1.15
18:04:20 https://letournesolboutiquesante.com:443/sql/phpmy-admin/index.php?lang=en  Mozilla/5.0 (Macintosh; Intel Mac OS X 10_15_7) AppleWebKit/605.1.15 (KHTML, like Gecko) Version/15.6.1 Safari/605.1.15
18:04:21 https://letournesolboutiquesante.com:443/dbadmin/index.php?lang=en  Mozilla/5.0 (Macintosh; Intel Mac OS X 10_15_7) AppleWebKit/605.1.15 (KHTML, like Gecko) Version/15.6.1 Safari/605.1.15
18:04:21 https://letournesolboutiquesante.com:443/MyAdmin/index.php?lang=en  Mozilla/5.0 (Macintosh; Intel Mac OS X 10_15_7) AppleWebKit/605.1.15 (KHTML, like Gecko) Version/15.6.1 Safari/605.1.15
18:04:22 https://letournesolboutiquesante.com:443/phpMyAdmin1/index.php?lang=en  Mozilla/5.0 (Macintosh; Intel Mac OS X 10_15_7) AppleWebKit/605.1.15 (KHTML, like Gecko) Version/15.6.1 Safari/605.1.15
18:04:22 https://letournesolboutiquesante.com:443/sql/phpmyadmin5/index.php?lang=en  Mozilla/5.0 (Macintosh; Intel Mac OS X 10_15_7) AppleWebKit/605.1.15 (KHTML, like Gecko) Version/15.6.1 Safari/605.1.15
18:04:22 https://letournesolboutiquesante.com:443/phpmyadmin/index.php?lang=en  Mozilla/5.0 (Macintosh; Intel Mac OS X 10_15_7) AppleWebKit/605.1.15 (KHTML, like Gecko) Version/15.6.1 Safari/605.1.15
18:04:23 https://letournesolboutiquesante.com:443/phpMyAdmin-5.2.1/index.php?lang=en  Mozilla/5.0 (Macintosh; Intel Mac OS X 10_15_7) AppleWebKit/605.1.15 (KHTML, like Gecko) Version/15.6.1 Safari/605.1.15
18:39:26 https://tournesolalimentsnaturelsetbiologiques.comelin.com:443/wp-login.php https://tournesolalimentsnaturelsetbiologiques.comelin.com/wp-login.php Mozilla/5.0 (X11; Fedora; Linux x86_64; rv:94.0) Gecko/20100101 Firefox/95.0
7:03:41 PM https://letournesolboutiquesante.com:443/wp-includes/ID3/license.txt  Mozilla/5.0 (Windows NT 10.0; Win64; x64) AppleWebKit/537.36 (KHTML, like Gecko) Chrome/95.0.4638.69 Safari/537.36
7:03:50 PM https://letournesolboutiquesante.com:443/feed/  Mozilla/5.0 (Windows NT 10.0; Win64; x64) AppleWebKit/537.36 (KHTML, like Gecko) Chrome/95.0.4638.69 Safari/537.36
7:03:50 PM https://letournesolboutiquesante.com:443/xmlrpc.php?rsd  Mozilla/5.0 (Windows NT 10.0; Win64; x64) AppleWebKit/537.36 (KHTML, like Gecko) Chrome/95.0.4638.69 Safari/537.36
7:03:50 PM https://letournesolboutiquesante.com:443/blog/wp-includes/wlwmanifest.xml  Mozilla/5.0 (Windows NT 10.0; Win64; x64) AppleWebKit/537.36 (KHTML, like Gecko) Chrome/95.0.4638.69 Safari/537.36
7:03:51 PM https://letournesolboutiquesante.com:443/web/wp-includes/wlwmanifest.xml  Mozilla/5.0 (Windows NT 10.0; Win64; x64) AppleWebKit/537.36 (KHTML, like Gecko) Chrome/95.0.4638.69 Safari/537.36
7:03:51 PM https://letournesolboutiquesante.com:443/wordpress/wp-includes/wlwmanifest.xml  Mozilla/5.0 (Windows NT 10.0; Win64; x64) AppleWebKit/537.36 (KHTML, like Gecko) Chrome/95.0.4638.69 Safari/537.36
7:03:52 PM https://letournesolboutiquesante.com:443/wp/wp-includes/wlwmanifest.xml  Mozilla/5.0 (Windows NT 10.0; Win64; x64) AppleWebKit/537.36 (KHTML, like Gecko) Chrome/95.0.4638.69 Safari/537.36
7:03:52 PM https://letournesolboutiquesante.com:443/2020/wp-includes/wlwmanifest.xml  Mozilla/5.0 (Windows NT 10.0; Win64; x64) AppleWebKit/537.36 (KHTML, like Gecko) Chrome/95.0.4638.69 Safari/537.36
7:03:52 PM https://letournesolboutiquesante.com:443/2019/wp-includes/wlwmanifest.xml  Mozilla/5.0 (Windows NT 10.0; Win64; x64) AppleWebKit/537.36 (KHTML, like Gecko) Chrome/95.0.4638.69 Safari/537.36
7:03:59 PM https://letournesolboutiquesante.com:443/2021/wp-includes/wlwmanifest.xml  Mozilla/5.0 (Windows NT 10.0; Win64; x64) AppleWebKit/537.36 (KHTML, like Gecko) Chrome/95.0.4638.69 Safari/537.36
7:04:45 PM https://letournesolboutiquesante.com:443/shop/wp-includes/wlwmanifest.xml  Mozilla/5.0 (Windows NT 10.0; Win64; x64) AppleWebKit/537.36 (KHTML, like Gecko) Chrome/95.0.4638.69 Safari/537.36
7:04:45 PM https://letournesolboutiquesante.com:443/wp1/wp-includes/wlwmanifest.xml  Mozilla/5.0 (Windows NT 10.0; Win64; x64) AppleWebKit/537.36 (KHTML, like Gecko) Chrome/95.0.4638.69 Safari/537.36
7:04:46 PM https://letournesolboutiquesante.com:443/test/wp-includes/wlwmanifest.xml  Mozilla/5.0 (Windows NT 10.0; Win64; x64) AppleWebKit/537.36 (KHTML, like Gecko) Chrome/95.0.4638.69 Safari/537.36
7:04:48 PM https://letournesolboutiquesante.com:443/site/wp-includes/wlwmanifest.xml  Mozilla/5.0 (Windows NT 10.0; Win64; x64) AppleWebKit/537.36 (KHTML, like Gecko) Chrome/95.0.4638.69 Safari/537.36
7:04:49 PM https://letournesolboutiquesante.com:443/cms/wp-includes/wlwmanifest.xml  Mozilla/5.0 (Windows NT 10.0; Win64; x64) AppleWebKit/537.36 (KHTML, like Gecko) Chrome/95.0.4638.69 Safari/537.36
9:31:10 PM https://letournesolboutiquesante.com:443/wp-json/litespeed/v1/cdn_status  Mozilla/5.0 (Macintosh; Intel Mac OS X 10_15) AppleWebKit/605.1.15 (KHTML, like Gecko) Version/17.0 DuckDuckGo/7 Safari/605.1.15
11:07:16 PM https://letournesolboutiquesante.com:443/wp-json/litespeed/v1/cdn_status  Mozilla/5.0 (iPhone; CPU iPhone OS 17_0 like Mac OS X) AppleWebKit/605.1.15 (KHTML, like Gecko) Version/17.0 Mobile/15E148 Safari/604.1
23:50:26 https://letournesolboutiquesante.com:443/meta.json  facebookexternalhit/1.1 (+http://www.facebook.com/externalhit_uatext.php)
