00:47:57 https://letournesolboutiquesante.com:443/favicon.ico https://letournesolboutiquesante.com/fr/ Mozilla/5.0 (iPhone; CPU iPhone OS 16_3_1 like Mac OS X) AppleWebKit/605.1.15 (KHTML, like Gecko) Version/16.3 Mobile/15E148 Safari/604.1
00:49:32 https://letournesolboutiquesante.com:443/favicon.ico  Mozilla/5.0 (Windows NT 10.0; Win64; x64) AppleWebKit/537.36 (KHTML, like Gecko) Chrome/115.0.0.0 Safari/537.36 Edg/115.0.1901.188
01:23:40 https://letournesolboutiquesante.com:443/.git/config  Go-http-client/2.0
1:34:02 AM https://letournesolboutiquesante.com:443/favicon.ico https://letournesolboutiquesante.com/en/ Mozilla/5.0 (X11; Linux x86_64) AppleWebKit/537.36 (KHTML, like Gecko) Chrome/121.0.6167.85 Safari/537.36
01:34:11 https://letournesolboutiquesante.com:443/en/sitemap.xml  python-requests/2.28.1
01:34:12 https://letournesolboutiquesante.com:443/en/sitemap_index.xml  python-requests/2.28.1
01:34:13 https://letournesolboutiquesante.com:443/en/sitemap  python-requests/2.28.1
01:34:14 https://letournesolboutiquesante.com:443/en/robots.txt  python-requests/2.28.1
02:14:14 https://letournesolboutiquesante.com:443/enhancecp  Mozilla/5.0 (compatible; wpbot/1.1; +https://forms.gle/ajBaxygz9jSR8p8G9)
7:26:11 AM https://letournesolboutiquesante.com:443/favicon.ico https://letournesolboutiquesante.com/en/ Mozilla/5.0 (compatible; ev-crawler/1.0; +https://headline.com/legal/crawler)
07:45:49 https://letournesolboutiquesante.com:443/wp-content/themes/xstore/js/portfolio.min.js  
11:24:17 https://letournesolboutiquesante.com:443/favicon.ico https://letournesolboutiquesante.com/fr/ Mozilla/5.0 (Macintosh; Intel Mac OS X 10_15_7) AppleWebKit/537.36 (KHTML, like Gecko) Chrome/125.0.0.0 Safari/537.36
12:30:05 PM https://letournesolboutiquesante.com:443/apple-touch-icon-120x120-precomposed.png  MobileSafari/8616.2.9.10.13 CFNetwork/1485 Darwin/23.1.0
12:30:05 PM https://letournesolboutiquesante.com:443/apple-touch-icon-120x120.png  MobileSafari/8616.2.9.10.13 CFNetwork/1485 Darwin/23.1.0
12:30:05 PM https://letournesolboutiquesante.com:443/apple-touch-icon-precomposed.png  MobileSafari/8616.2.9.10.13 CFNetwork/1485 Darwin/23.1.0
12:30:05 PM https://letournesolboutiquesante.com:443/apple-touch-icon.png  MobileSafari/8616.2.9.10.13 CFNetwork/1485 Darwin/23.1.0
12:30:05 PM https://letournesolboutiquesante.com:443/favicon.ico  MobileSafari/8616.2.9.10.13 CFNetwork/1485 Darwin/23.1.0
12:30:05 PM https://letournesolboutiquesante.com:443/apple-touch-icon-120x120-precomposed.png  MobileSafari/8616.2.9.10.13 CFNetwork/1485 Darwin/23.1.0
12:30:05 PM https://letournesolboutiquesante.com:443/apple-touch-icon-120x120.png  MobileSafari/8616.2.9.10.13 CFNetwork/1485 Darwin/23.1.0
12:30:05 PM https://letournesolboutiquesante.com:443/apple-touch-icon-precomposed.png  MobileSafari/8616.2.9.10.13 CFNetwork/1485 Darwin/23.1.0
12:30:05 PM https://letournesolboutiquesante.com:443/apple-touch-icon.png  MobileSafari/8616.2.9.10.13 CFNetwork/1485 Darwin/23.1.0
12:30:05 PM https://letournesolboutiquesante.com:443/favicon.ico  MobileSafari/8616.2.9.10.13 CFNetwork/1485 Darwin/23.1.0
12:39:42 https://letournesolboutiquesante.com:443/favicon.ico https://letournesolboutiquesante.com/fr/ Mozilla/5.0 (iPhone; CPU iPhone OS 17_4_1 like Mac OS X) AppleWebKit/605.1.15 (KHTML, like Gecko) Version/17.4.1 Mobile/15E148 Safari/604.1
12:47:37 https://letournesolboutiquesante.com:443/favicon.ico https://letournesolboutiquesante.com/fr/ Mozilla/5.0 (Macintosh; Intel Mac OS X 10_15_7) AppleWebKit/537.36 (KHTML, like Gecko) Chrome/124.0.0.0 Safari/537.36
15:27:05 https://letournesolboutiquesante.com:443/contact https://bankboutique.com/ Mozilla/5.0 (Windows NT 10.0; Win64; x64) AppleWebKit/537.36 (KHTML, like Gecko) Chrome/100.0.4896.127 Safari/537.36
18:27:17 https://letournesolboutiquesante.com:443/favicon.ico https://letournesolboutiquesante.com/fr/ Mozilla/5.0 (Windows NT 10.0; Win64; x64) AppleWebKit/537.36 (KHTML, like Gecko) Chrome/125.0.0.0 Safari/537.36
9:24:14 PM https://letournesolboutiquesante.com:443/favicon.ico https://letournesolboutiquesante.com/en/ Mozilla/5.0 (X11; Linux x86_64) AppleWebKit/537.36 (KHTML, like Gecko) Chrome/121.0.6167.85 Safari/537.36
21:24:25 https://letournesolboutiquesante.com:443/en/sitemap.xml  python-requests/2.28.1
21:24:26 https://letournesolboutiquesante.com:443/en/sitemap_index.xml  python-requests/2.28.1
21:24:28 https://letournesolboutiquesante.com:443/en/sitemap  python-requests/2.28.1
21:24:29 https://letournesolboutiquesante.com:443/en/robots.txt  python-requests/2.28.1
