1:13:10 AM https://letournesolboutiquesante.com:443/favicon.ico https://letournesolboutiquesante.com/en/ Mozilla/5.0 (X11; Linux x86_64) AppleWebKit/537.36 (KHTML, like Gecko) Chrome/121.0.6167.85 Safari/537.36
02:18:48 https://letournesolboutiquesante.com:443/.env  Mozilla/5.0 (X11; Linux x86_64) AppleWebKit/537.36 (KHTML, like Gecko) Chrome/81.0.4044.129 Safari/537.36
02:33:17 https://letournesolboutiquesante.com:443/favicon.ico https://letournesolboutiquesante.com/fr/ Mozilla/5.0 (Windows NT 10.0; Win64; x64) AppleWebKit/537.36 (KHTML, like Gecko) Chrome/124.0.0.0 Safari/537.36
03:21:47 https://letournesolboutiquesante.com:443/phpMyAdmin-5.2.0/index.php?lang=en  Mozilla/5.0 (Windows NT 10.0; Win64; x64) AppleWebKit/537.36 (KHTML, like Gecko) obsidian/1.4.13 Chrome/114.0.5735.289 Electron/25.8.1 Safari/537.36
03:21:49 https://letournesolboutiquesante.com:443/administrator/db/index.php?lang=en  Mozilla/5.0 (Windows NT 10.0; Win64; x64) AppleWebKit/537.36 (KHTML, like Gecko) obsidian/1.4.13 Chrome/114.0.5735.289 Electron/25.8.1 Safari/537.36
03:21:50 https://letournesolboutiquesante.com:443/sql/phpmyadmin3/index.php?lang=en  Mozilla/5.0 (Windows NT 10.0; Win64; x64) AppleWebKit/537.36 (KHTML, like Gecko) obsidian/1.4.13 Chrome/114.0.5735.289 Electron/25.8.1 Safari/537.36
03:21:51 https://letournesolboutiquesante.com:443/sql/phpmanager/index.php?lang=en  Mozilla/5.0 (Windows NT 10.0; Win64; x64) AppleWebKit/537.36 (KHTML, like Gecko) obsidian/1.4.13 Chrome/114.0.5735.289 Electron/25.8.1 Safari/537.36
03:21:53 https://letournesolboutiquesante.com:443/phpMyAdmin1/index.php?lang=en  Mozilla/5.0 (Windows NT 10.0; Win64; x64) AppleWebKit/537.36 (KHTML, like Gecko) obsidian/1.4.13 Chrome/114.0.5735.289 Electron/25.8.1 Safari/537.36
03:21:54 https://letournesolboutiquesante.com:443/db/index.php?lang=en  Mozilla/5.0 (Windows NT 10.0; Win64; x64) AppleWebKit/537.36 (KHTML, like Gecko) obsidian/1.4.13 Chrome/114.0.5735.289 Electron/25.8.1 Safari/537.36
03:21:55 https://letournesolboutiquesante.com:443/phpmyadmin2/index.php?lang=en  Mozilla/5.0 (Windows NT 10.0; Win64; x64) AppleWebKit/537.36 (KHTML, like Gecko) obsidian/1.4.13 Chrome/114.0.5735.289 Electron/25.8.1 Safari/537.36
03:21:57 https://letournesolboutiquesante.com:443/phpmyadmin_/index.php?lang=en  Mozilla/5.0 (Windows NT 10.0; Win64; x64) AppleWebKit/537.36 (KHTML, like Gecko) obsidian/1.4.13 Chrome/114.0.5735.289 Electron/25.8.1 Safari/537.36
03:21:58 https://letournesolboutiquesante.com:443/phpMyAdmin-4.9.10-all-languages/index.php?lang=en  Mozilla/5.0 (Windows NT 10.0; Win64; x64) AppleWebKit/537.36 (KHTML, like Gecko) obsidian/1.4.13 Chrome/114.0.5735.289 Electron/25.8.1 Safari/537.36
03:21:59 https://letournesolboutiquesante.com:443/mysql/mysqlmanager/index.php?lang=en  Mozilla/5.0 (Windows NT 10.0; Win64; x64) AppleWebKit/537.36 (KHTML, like Gecko) obsidian/1.4.13 Chrome/114.0.5735.289 Electron/25.8.1 Safari/537.36
03:22:01 https://letournesolboutiquesante.com:443/phpMyAdmin-5.2.1/index.php?lang=en  Mozilla/5.0 (Windows NT 10.0; Win64; x64) AppleWebKit/537.36 (KHTML, like Gecko) obsidian/1.4.13 Chrome/114.0.5735.289 Electron/25.8.1 Safari/537.36
03:22:02 https://letournesolboutiquesante.com:443/2phpmyadmin/index.php?lang=en  Mozilla/5.0 (Windows NT 10.0; Win64; x64) AppleWebKit/537.36 (KHTML, like Gecko) obsidian/1.4.13 Chrome/114.0.5735.289 Electron/25.8.1 Safari/537.36
03:22:03 https://letournesolboutiquesante.com:443/administrator/PMA/index.php?lang=en  Mozilla/5.0 (Windows NT 10.0; Win64; x64) AppleWebKit/537.36 (KHTML, like Gecko) obsidian/1.4.13 Chrome/114.0.5735.289 Electron/25.8.1 Safari/537.36
03:22:05 https://letournesolboutiquesante.com:443/phpmyAdmin/index.php?lang=en  Mozilla/5.0 (Windows NT 10.0; Win64; x64) AppleWebKit/537.36 (KHTML, like Gecko) obsidian/1.4.13 Chrome/114.0.5735.289 Electron/25.8.1 Safari/537.36
03:22:06 https://letournesolboutiquesante.com:443/phpMyAdmin-4/index.php?lang=en  Mozilla/5.0 (Windows NT 10.0; Win64; x64) AppleWebKit/537.36 (KHTML, like Gecko) obsidian/1.4.13 Chrome/114.0.5735.289 Electron/25.8.1 Safari/537.36
03:22:07 https://letournesolboutiquesante.com:443/wp-content/plugins/portable-phpmyadmin/wp-pma-mod/index.php?lang=en  Mozilla/5.0 (Windows NT 10.0; Win64; x64) AppleWebKit/537.36 (KHTML, like Gecko) obsidian/1.4.13 Chrome/114.0.5735.289 Electron/25.8.1 Safari/537.36
03:22:09 https://letournesolboutiquesante.com:443/db/phpmyadmin3/index.php?lang=en  Mozilla/5.0 (Windows NT 10.0; Win64; x64) AppleWebKit/537.36 (KHTML, like Gecko) obsidian/1.4.13 Chrome/114.0.5735.289 Electron/25.8.1 Safari/537.36
03:22:12 https://letournesolboutiquesante.com:443/sql/sql/index.php?lang=en  Mozilla/5.0 (Windows NT 10.0; Win64; x64) AppleWebKit/537.36 (KHTML, like Gecko) obsidian/1.4.13 Chrome/114.0.5735.289 Electron/25.8.1 Safari/537.36
03:22:13 https://letournesolboutiquesante.com:443/PMA/index.php?lang=en  Mozilla/5.0 (Windows NT 10.0; Win64; x64) AppleWebKit/537.36 (KHTML, like Gecko) obsidian/1.4.13 Chrome/114.0.5735.289 Electron/25.8.1 Safari/537.36
03:22:14 https://letournesolboutiquesante.com:443/mysqlmanager/index.php?lang=en  Mozilla/5.0 (Windows NT 10.0; Win64; x64) AppleWebKit/537.36 (KHTML, like Gecko) obsidian/1.4.13 Chrome/114.0.5735.289 Electron/25.8.1 Safari/537.36
03:22:16 https://letournesolboutiquesante.com:443/db/phpmyadmin5/index.php?lang=en  Mozilla/5.0 (Windows NT 10.0; Win64; x64) AppleWebKit/537.36 (KHTML, like Gecko) obsidian/1.4.13 Chrome/114.0.5735.289 Electron/25.8.1 Safari/537.36
03:22:17 https://letournesolboutiquesante.com:443/db/dbweb/index.php?lang=en  Mozilla/5.0 (Windows NT 10.0; Win64; x64) AppleWebKit/537.36 (KHTML, like Gecko) obsidian/1.4.13 Chrome/114.0.5735.289 Electron/25.8.1 Safari/537.36
03:22:18 https://letournesolboutiquesante.com:443/sql/sqladmin/index.php?lang=en  Mozilla/5.0 (Windows NT 10.0; Win64; x64) AppleWebKit/537.36 (KHTML, like Gecko) obsidian/1.4.13 Chrome/114.0.5735.289 Electron/25.8.1 Safari/537.36
03:22:20 https://letournesolboutiquesante.com:443/php-myadmin/index.php?lang=en  Mozilla/5.0 (Windows NT 10.0; Win64; x64) AppleWebKit/537.36 (KHTML, like Gecko) obsidian/1.4.13 Chrome/114.0.5735.289 Electron/25.8.1 Safari/537.36
03:22:21 https://letournesolboutiquesante.com:443/db/phpMyAdmin3/index.php?lang=en  Mozilla/5.0 (Windows NT 10.0; Win64; x64) AppleWebKit/537.36 (KHTML, like Gecko) obsidian/1.4.13 Chrome/114.0.5735.289 Electron/25.8.1 Safari/537.36
03:22:22 https://letournesolboutiquesante.com:443/mysql-admin/index.php?lang=en  Mozilla/5.0 (Windows NT 10.0; Win64; x64) AppleWebKit/537.36 (KHTML, like Gecko) obsidian/1.4.13 Chrome/114.0.5735.289 Electron/25.8.1 Safari/537.36
03:22:24 https://letournesolboutiquesante.com:443/_phpMyAdmin/index.php?lang=en  Mozilla/5.0 (Windows NT 10.0; Win64; x64) AppleWebKit/537.36 (KHTML, like Gecko) obsidian/1.4.13 Chrome/114.0.5735.289 Electron/25.8.1 Safari/537.36
03:22:25 https://letournesolboutiquesante.com:443/phppma/index.php?lang=en  Mozilla/5.0 (Windows NT 10.0; Win64; x64) AppleWebKit/537.36 (KHTML, like Gecko) obsidian/1.4.13 Chrome/114.0.5735.289 Electron/25.8.1 Safari/537.36
03:22:26 https://letournesolboutiquesante.com:443/__phpmyadmin/index.php?lang=en  Mozilla/5.0 (Windows NT 10.0; Win64; x64) AppleWebKit/537.36 (KHTML, like Gecko) obsidian/1.4.13 Chrome/114.0.5735.289 Electron/25.8.1 Safari/537.36
03:22:28 https://letournesolboutiquesante.com:443/phpMyAdmin4/index.php?lang=en  Mozilla/5.0 (Windows NT 10.0; Win64; x64) AppleWebKit/537.36 (KHTML, like Gecko) obsidian/1.4.13 Chrome/114.0.5735.289 Electron/25.8.1 Safari/537.36
03:22:29 https://letournesolboutiquesante.com:443/phpMyAdmin-5.1.1/index.php?lang=en  Mozilla/5.0 (Windows NT 10.0; Win64; x64) AppleWebKit/537.36 (KHTML, like Gecko) obsidian/1.4.13 Chrome/114.0.5735.289 Electron/25.8.1 Safari/537.36
03:22:32 https://letournesolboutiquesante.com:443/sql/phpMyAdmin2/index.php?lang=en  Mozilla/5.0 (Windows NT 10.0; Win64; x64) AppleWebKit/537.36 (KHTML, like Gecko) obsidian/1.4.13 Chrome/114.0.5735.289 Electron/25.8.1 Safari/537.36
03:22:33 https://letournesolboutiquesante.com:443/db/phpMyAdmin-5/index.php?lang=en  Mozilla/5.0 (Windows NT 10.0; Win64; x64) AppleWebKit/537.36 (KHTML, like Gecko) obsidian/1.4.13 Chrome/114.0.5735.289 Electron/25.8.1 Safari/537.36
03:22:35 https://letournesolboutiquesante.com:443/phpMyAdmin-5.2.1-all-languages/index.php?lang=en  Mozilla/5.0 (Windows NT 10.0; Win64; x64) AppleWebKit/537.36 (KHTML, like Gecko) obsidian/1.4.13 Chrome/114.0.5735.289 Electron/25.8.1 Safari/537.36
03:22:36 https://letournesolboutiquesante.com:443/program/index.php?lang=en  Mozilla/5.0 (Windows NT 10.0; Win64; x64) AppleWebKit/537.36 (KHTML, like Gecko) obsidian/1.4.13 Chrome/114.0.5735.289 Electron/25.8.1 Safari/537.36
03:22:37 https://letournesolboutiquesante.com:443/mysql/pma/index.php?lang=en  Mozilla/5.0 (Windows NT 10.0; Win64; x64) AppleWebKit/537.36 (KHTML, like Gecko) obsidian/1.4.13 Chrome/114.0.5735.289 Electron/25.8.1 Safari/537.36
03:22:39 https://letournesolboutiquesante.com:443/index.php?lang=en  Mozilla/5.0 (Windows NT 10.0; Win64; x64) AppleWebKit/537.36 (KHTML, like Gecko) obsidian/1.4.13 Chrome/114.0.5735.289 Electron/25.8.1 Safari/537.36
03:22:40 https://letournesolboutiquesante.com:443/phpMyAdmin-3/index.php?lang=en  Mozilla/5.0 (Windows NT 10.0; Win64; x64) AppleWebKit/537.36 (KHTML, like Gecko) obsidian/1.4.13 Chrome/114.0.5735.289 Electron/25.8.1 Safari/537.36
03:22:41 https://letournesolboutiquesante.com:443/phpMyAdmin5.2/index.php?lang=en  Mozilla/5.0 (Windows NT 10.0; Win64; x64) AppleWebKit/537.36 (KHTML, like Gecko) obsidian/1.4.13 Chrome/114.0.5735.289 Electron/25.8.1 Safari/537.36
03:22:43 https://letournesolboutiquesante.com:443/phpmyadmin2022/index.php?lang=en  Mozilla/5.0 (Windows NT 10.0; Win64; x64) AppleWebKit/537.36 (KHTML, like Gecko) obsidian/1.4.13 Chrome/114.0.5735.289 Electron/25.8.1 Safari/537.36
03:22:44 https://letournesolboutiquesante.com:443/phpmyadmin2018/index.php?lang=en  Mozilla/5.0 (Windows NT 10.0; Win64; x64) AppleWebKit/537.36 (KHTML, like Gecko) obsidian/1.4.13 Chrome/114.0.5735.289 Electron/25.8.1 Safari/537.36
03:22:45 https://letournesolboutiquesante.com:443/phpMyAdmin_/index.php?lang=en  Mozilla/5.0 (Windows NT 10.0; Win64; x64) AppleWebKit/537.36 (KHTML, like Gecko) obsidian/1.4.13 Chrome/114.0.5735.289 Electron/25.8.1 Safari/537.36
03:22:47 https://letournesolboutiquesante.com:443/db/myadmin/index.php?lang=en  Mozilla/5.0 (Windows NT 10.0; Win64; x64) AppleWebKit/537.36 (KHTML, like Gecko) obsidian/1.4.13 Chrome/114.0.5735.289 Electron/25.8.1 Safari/537.36
03:22:48 https://letournesolboutiquesante.com:443/mysql/dbadmin/index.php?lang=en  Mozilla/5.0 (Windows NT 10.0; Win64; x64) AppleWebKit/537.36 (KHTML, like Gecko) obsidian/1.4.13 Chrome/114.0.5735.289 Electron/25.8.1 Safari/537.36
03:22:49 https://letournesolboutiquesante.com:443/phpMyadmin/index.php?lang=en  Mozilla/5.0 (Windows NT 10.0; Win64; x64) AppleWebKit/537.36 (KHTML, like Gecko) obsidian/1.4.13 Chrome/114.0.5735.289 Electron/25.8.1 Safari/537.36
03:22:51 https://letournesolboutiquesante.com:443/phpmyadmin2021/index.php?lang=en  Mozilla/5.0 (Windows NT 10.0; Win64; x64) AppleWebKit/537.36 (KHTML, like Gecko) obsidian/1.4.13 Chrome/114.0.5735.289 Electron/25.8.1 Safari/537.36
03:22:52 https://letournesolboutiquesante.com:443/phpmyadmin/index.php?lang=en  Mozilla/5.0 (Windows NT 10.0; Win64; x64) AppleWebKit/537.36 (KHTML, like Gecko) obsidian/1.4.13 Chrome/114.0.5735.289 Electron/25.8.1 Safari/537.36
03:22:53 https://letournesolboutiquesante.com:443/phpMyAdmin-latest-english/index.php?lang=en  Mozilla/5.0 (Windows NT 10.0; Win64; x64) AppleWebKit/537.36 (KHTML, like Gecko) obsidian/1.4.13 Chrome/114.0.5735.289 Electron/25.8.1 Safari/537.36
03:22:55 https://letournesolboutiquesante.com:443/db/webadmin/index.php?lang=en  Mozilla/5.0 (Windows NT 10.0; Win64; x64) AppleWebKit/537.36 (KHTML, like Gecko) obsidian/1.4.13 Chrome/114.0.5735.289 Electron/25.8.1 Safari/537.36
03:22:56 https://letournesolboutiquesante.com:443/sqlmanager/index.php?lang=en  Mozilla/5.0 (Windows NT 10.0; Win64; x64) AppleWebKit/537.36 (KHTML, like Gecko) obsidian/1.4.13 Chrome/114.0.5735.289 Electron/25.8.1 Safari/537.36
03:22:57 https://letournesolboutiquesante.com:443/db/db-admin/index.php?lang=en  Mozilla/5.0 (Windows NT 10.0; Win64; x64) AppleWebKit/537.36 (KHTML, like Gecko) obsidian/1.4.13 Chrome/114.0.5735.289 Electron/25.8.1 Safari/537.36
03:22:59 https://letournesolboutiquesante.com:443/administrator/web/index.php?lang=en  Mozilla/5.0 (Windows NT 10.0; Win64; x64) AppleWebKit/537.36 (KHTML, like Gecko) obsidian/1.4.13 Chrome/114.0.5735.289 Electron/25.8.1 Safari/537.36
03:23:00 https://letournesolboutiquesante.com:443/mysql/web/index.php?lang=en  Mozilla/5.0 (Windows NT 10.0; Win64; x64) AppleWebKit/537.36 (KHTML, like Gecko) obsidian/1.4.13 Chrome/114.0.5735.289 Electron/25.8.1 Safari/537.36
03:23:01 https://letournesolboutiquesante.com:443/db/websql/index.php?lang=en  Mozilla/5.0 (Windows NT 10.0; Win64; x64) AppleWebKit/537.36 (KHTML, like Gecko) obsidian/1.4.13 Chrome/114.0.5735.289 Electron/25.8.1 Safari/537.36
03:23:03 https://letournesolboutiquesante.com:443/sql/sqlweb/index.php?lang=en  Mozilla/5.0 (Windows NT 10.0; Win64; x64) AppleWebKit/537.36 (KHTML, like Gecko) obsidian/1.4.13 Chrome/114.0.5735.289 Electron/25.8.1 Safari/537.36
03:23:04 https://letournesolboutiquesante.com:443/db/phpMyAdmin-3/index.php?lang=en  Mozilla/5.0 (Windows NT 10.0; Win64; x64) AppleWebKit/537.36 (KHTML, like Gecko) obsidian/1.4.13 Chrome/114.0.5735.289 Electron/25.8.1 Safari/537.36
03:23:05 https://letournesolboutiquesante.com:443/phpMyAdmin-latest-all-languages/index.php?lang=en  Mozilla/5.0 (Windows NT 10.0; Win64; x64) AppleWebKit/537.36 (KHTML, like Gecko) obsidian/1.4.13 Chrome/114.0.5735.289 Electron/25.8.1 Safari/537.36
03:23:07 https://letournesolboutiquesante.com:443/mysql/admin/index.php?lang=en  Mozilla/5.0 (Windows NT 10.0; Win64; x64) AppleWebKit/537.36 (KHTML, like Gecko) obsidian/1.4.13 Chrome/114.0.5735.289 Electron/25.8.1 Safari/537.36
03:23:08 https://letournesolboutiquesante.com:443/sql/websql/index.php?lang=en  Mozilla/5.0 (Windows NT 10.0; Win64; x64) AppleWebKit/537.36 (KHTML, like Gecko) obsidian/1.4.13 Chrome/114.0.5735.289 Electron/25.8.1 Safari/537.36
03:23:09 https://letournesolboutiquesante.com:443/MyAdmin/index.php?lang=en  Mozilla/5.0 (Windows NT 10.0; Win64; x64) AppleWebKit/537.36 (KHTML, like Gecko) obsidian/1.4.13 Chrome/114.0.5735.289 Electron/25.8.1 Safari/537.36
03:23:11 https://letournesolboutiquesante.com:443/sql/phpmy-admin/index.php?lang=en  Mozilla/5.0 (Windows NT 10.0; Win64; x64) AppleWebKit/537.36 (KHTML, like Gecko) obsidian/1.4.13 Chrome/114.0.5735.289 Electron/25.8.1 Safari/537.36
03:23:12 https://letournesolboutiquesante.com:443/phpMyAdmin-4.9.7/index.php?lang=en  Mozilla/5.0 (Windows NT 10.0; Win64; x64) AppleWebKit/537.36 (KHTML, like Gecko) obsidian/1.4.13 Chrome/114.0.5735.289 Electron/25.8.1 Safari/537.36
03:23:13 https://letournesolboutiquesante.com:443/1phpmyadmin/index.php?lang=en  Mozilla/5.0 (Windows NT 10.0; Win64; x64) AppleWebKit/537.36 (KHTML, like Gecko) obsidian/1.4.13 Chrome/114.0.5735.289 Electron/25.8.1 Safari/537.36
03:23:15 https://letournesolboutiquesante.com:443/mysql/index.php?lang=en  Mozilla/5.0 (Windows NT 10.0; Win64; x64) AppleWebKit/537.36 (KHTML, like Gecko) obsidian/1.4.13 Chrome/114.0.5735.289 Electron/25.8.1 Safari/537.36
03:23:16 https://letournesolboutiquesante.com:443/phpMyAdmin-5/index.php?lang=en  Mozilla/5.0 (Windows NT 10.0; Win64; x64) AppleWebKit/537.36 (KHTML, like Gecko) obsidian/1.4.13 Chrome/114.0.5735.289 Electron/25.8.1 Safari/537.36
03:23:17 https://letournesolboutiquesante.com:443/phpMyAdmin-5.2/index.php?lang=en  Mozilla/5.0 (Windows NT 10.0; Win64; x64) AppleWebKit/537.36 (KHTML, like Gecko) obsidian/1.4.13 Chrome/114.0.5735.289 Electron/25.8.1 Safari/537.36
03:23:19 https://letournesolboutiquesante.com:443/phpMyAdmin5/index.php?lang=en  Mozilla/5.0 (Windows NT 10.0; Win64; x64) AppleWebKit/537.36 (KHTML, like Gecko) obsidian/1.4.13 Chrome/114.0.5735.289 Electron/25.8.1 Safari/537.36
03:23:20 https://letournesolboutiquesante.com:443/administrator/phpMyAdmin/index.php?lang=en  Mozilla/5.0 (Windows NT 10.0; Win64; x64) AppleWebKit/537.36 (KHTML, like Gecko) obsidian/1.4.13 Chrome/114.0.5735.289 Electron/25.8.1 Safari/537.36
03:23:21 https://letournesolboutiquesante.com:443/phpmyadmin4/index.php?lang=en  Mozilla/5.0 (Windows NT 10.0; Win64; x64) AppleWebKit/537.36 (KHTML, like Gecko) obsidian/1.4.13 Chrome/114.0.5735.289 Electron/25.8.1 Safari/537.36
03:23:23 https://letournesolboutiquesante.com:443/phpMyAdmin-5.1.3/index.php?lang=en  Mozilla/5.0 (Windows NT 10.0; Win64; x64) AppleWebKit/537.36 (KHTML, like Gecko) obsidian/1.4.13 Chrome/114.0.5735.289 Electron/25.8.1 Safari/537.36
03:23:24 https://letournesolboutiquesante.com:443/mysql/sqlmanager/index.php?lang=en  Mozilla/5.0 (Windows NT 10.0; Win64; x64) AppleWebKit/537.36 (KHTML, like Gecko) obsidian/1.4.13 Chrome/114.0.5735.289 Electron/25.8.1 Safari/537.36
03:23:25 https://letournesolboutiquesante.com:443/database/index.php?lang=en  Mozilla/5.0 (Windows NT 10.0; Win64; x64) AppleWebKit/537.36 (KHTML, like Gecko) obsidian/1.4.13 Chrome/114.0.5735.289 Electron/25.8.1 Safari/537.36
03:23:27 https://letournesolboutiquesante.com:443/phpMyAdmin6.0/index.php?lang=en  Mozilla/5.0 (Windows NT 10.0; Win64; x64) AppleWebKit/537.36 (KHTML, like Gecko) obsidian/1.4.13 Chrome/114.0.5735.289 Electron/25.8.1 Safari/537.36
03:23:28 https://letournesolboutiquesante.com:443/phpMyAdmin5.1/index.php?lang=en  Mozilla/5.0 (Windows NT 10.0; Win64; x64) AppleWebKit/537.36 (KHTML, like Gecko) obsidian/1.4.13 Chrome/114.0.5735.289 Electron/25.8.1 Safari/537.36
03:23:29 https://letournesolboutiquesante.com:443/phpmyadmin3/index.php?lang=en  Mozilla/5.0 (Windows NT 10.0; Win64; x64) AppleWebKit/537.36 (KHTML, like Gecko) obsidian/1.4.13 Chrome/114.0.5735.289 Electron/25.8.1 Safari/537.36
03:23:31 https://letournesolboutiquesante.com:443/phpmyadmin1/index.php?lang=en  Mozilla/5.0 (Windows NT 10.0; Win64; x64) AppleWebKit/537.36 (KHTML, like Gecko) obsidian/1.4.13 Chrome/114.0.5735.289 Electron/25.8.1 Safari/537.36
03:23:32 https://letournesolboutiquesante.com:443/phpMyAdmin-5.1.0/index.php?lang=en  Mozilla/5.0 (Windows NT 10.0; Win64; x64) AppleWebKit/537.36 (KHTML, like Gecko) obsidian/1.4.13 Chrome/114.0.5735.289 Electron/25.8.1 Safari/537.36
03:23:33 https://letournesolboutiquesante.com:443/phpMyAdmin6/index.php?lang=en  Mozilla/5.0 (Windows NT 10.0; Win64; x64) AppleWebKit/537.36 (KHTML, like Gecko) obsidian/1.4.13 Chrome/114.0.5735.289 Electron/25.8.1 Safari/537.36
03:23:35 https://letournesolboutiquesante.com:443/mysql/pMA/index.php?lang=en  Mozilla/5.0 (Windows NT 10.0; Win64; x64) AppleWebKit/537.36 (KHTML, like Gecko) obsidian/1.4.13 Chrome/114.0.5735.289 Electron/25.8.1 Safari/537.36
03:23:36 https://letournesolboutiquesante.com:443/phpMyAdmin3/index.php?lang=en  Mozilla/5.0 (Windows NT 10.0; Win64; x64) AppleWebKit/537.36 (KHTML, like Gecko) obsidian/1.4.13 Chrome/114.0.5735.289 Electron/25.8.1 Safari/537.36
03:23:37 https://letournesolboutiquesante.com:443/mysqladmin/index.php?lang=en  Mozilla/5.0 (Windows NT 10.0; Win64; x64) AppleWebKit/537.36 (KHTML, like Gecko) obsidian/1.4.13 Chrome/114.0.5735.289 Electron/25.8.1 Safari/537.36
03:23:39 https://letournesolboutiquesante.com:443/db/phpmyadmin4/index.php?lang=en  Mozilla/5.0 (Windows NT 10.0; Win64; x64) AppleWebKit/537.36 (KHTML, like Gecko) obsidian/1.4.13 Chrome/114.0.5735.289 Electron/25.8.1 Safari/537.36
03:23:40 https://letournesolboutiquesante.com:443/phpmyadmin2020/index.php?lang=en  Mozilla/5.0 (Windows NT 10.0; Win64; x64) AppleWebKit/537.36 (KHTML, like Gecko) obsidian/1.4.13 Chrome/114.0.5735.289 Electron/25.8.1 Safari/537.36
03:23:41 https://letournesolboutiquesante.com:443/db/dbadmin/index.php?lang=en  Mozilla/5.0 (Windows NT 10.0; Win64; x64) AppleWebKit/537.36 (KHTML, like Gecko) obsidian/1.4.13 Chrome/114.0.5735.289 Electron/25.8.1 Safari/537.36
03:23:43 https://letournesolboutiquesante.com:443/mysql/db/index.php?lang=en  Mozilla/5.0 (Windows NT 10.0; Win64; x64) AppleWebKit/537.36 (KHTML, like Gecko) obsidian/1.4.13 Chrome/114.0.5735.289 Electron/25.8.1 Safari/537.36
03:23:46 https://letournesolboutiquesante.com:443/phpmy/index.php?lang=en  Mozilla/5.0 (Windows NT 10.0; Win64; x64) AppleWebKit/537.36 (KHTML, like Gecko) obsidian/1.4.13 Chrome/114.0.5735.289 Electron/25.8.1 Safari/537.36
03:23:47 https://letournesolboutiquesante.com:443/_phpmyadmin/index.php?lang=en  Mozilla/5.0 (Windows NT 10.0; Win64; x64) AppleWebKit/537.36 (KHTML, like Gecko) obsidian/1.4.13 Chrome/114.0.5735.289 Electron/25.8.1 Safari/537.36
03:23:48 https://letournesolboutiquesante.com:443/phpMyAdmin2/index.php?lang=en  Mozilla/5.0 (Windows NT 10.0; Win64; x64) AppleWebKit/537.36 (KHTML, like Gecko) obsidian/1.4.13 Chrome/114.0.5735.289 Electron/25.8.1 Safari/537.36
03:23:50 https://letournesolboutiquesante.com:443/sql/myadmin/index.php?lang=en  Mozilla/5.0 (Windows NT 10.0; Win64; x64) AppleWebKit/537.36 (KHTML, like Gecko) obsidian/1.4.13 Chrome/114.0.5735.289 Electron/25.8.1 Safari/537.36
03:23:51 https://letournesolboutiquesante.com:443/administrator/admin/index.php?lang=en  Mozilla/5.0 (Windows NT 10.0; Win64; x64) AppleWebKit/537.36 (KHTML, like Gecko) obsidian/1.4.13 Chrome/114.0.5735.289 Electron/25.8.1 Safari/537.36
03:23:52 https://letournesolboutiquesante.com:443/sql/webadmin/index.php?lang=en  Mozilla/5.0 (Windows NT 10.0; Win64; x64) AppleWebKit/537.36 (KHTML, like Gecko) obsidian/1.4.13 Chrome/114.0.5735.289 Electron/25.8.1 Safari/537.36
03:23:55 https://letournesolboutiquesante.com:443/myadmin/index.php?lang=en  Mozilla/5.0 (Windows NT 10.0; Win64; x64) AppleWebKit/537.36 (KHTML, like Gecko) obsidian/1.4.13 Chrome/114.0.5735.289 Electron/25.8.1 Safari/537.36
03:23:56 https://letournesolboutiquesante.com:443/sql/phpmyadmin4/index.php?lang=en  Mozilla/5.0 (Windows NT 10.0; Win64; x64) AppleWebKit/537.36 (KHTML, like Gecko) obsidian/1.4.13 Chrome/114.0.5735.289 Electron/25.8.1 Safari/537.36
03:23:59 https://letournesolboutiquesante.com:443/php-my-admin/index.php?lang=en  Mozilla/5.0 (Windows NT 10.0; Win64; x64) AppleWebKit/537.36 (KHTML, like Gecko) obsidian/1.4.13 Chrome/114.0.5735.289 Electron/25.8.1 Safari/537.36
03:24:01 https://letournesolboutiquesante.com:443/db/webdb/index.php?lang=en  Mozilla/5.0 (Windows NT 10.0; Win64; x64) AppleWebKit/537.36 (KHTML, like Gecko) obsidian/1.4.13 Chrome/114.0.5735.289 Electron/25.8.1 Safari/537.36
03:24:02 https://letournesolboutiquesante.com:443/phpMyAdmin/index.php?lang=en  Mozilla/5.0 (Windows NT 10.0; Win64; x64) AppleWebKit/537.36 (KHTML, like Gecko) obsidian/1.4.13 Chrome/114.0.5735.289 Electron/25.8.1 Safari/537.36
03:24:03 https://letournesolboutiquesante.com:443/sql/phpMyAdmin/index.php?lang=en  Mozilla/5.0 (Windows NT 10.0; Win64; x64) AppleWebKit/537.36 (KHTML, like Gecko) obsidian/1.4.13 Chrome/114.0.5735.289 Electron/25.8.1 Safari/537.36
03:24:05 https://letournesolboutiquesante.com:443/phpMyAdmin-5.2.1-english/index.php?lang=en  Mozilla/5.0 (Windows NT 10.0; Win64; x64) AppleWebKit/537.36 (KHTML, like Gecko) obsidian/1.4.13 Chrome/114.0.5735.289 Electron/25.8.1 Safari/537.36
03:24:06 https://letournesolboutiquesante.com:443/administrator/pma/index.php?lang=en  Mozilla/5.0 (Windows NT 10.0; Win64; x64) AppleWebKit/537.36 (KHTML, like Gecko) obsidian/1.4.13 Chrome/114.0.5735.289 Electron/25.8.1 Safari/537.36
03:24:07 https://letournesolboutiquesante.com:443/sql/webdb/index.php?lang=en  Mozilla/5.0 (Windows NT 10.0; Win64; x64) AppleWebKit/537.36 (KHTML, like Gecko) obsidian/1.4.13 Chrome/114.0.5735.289 Electron/25.8.1 Safari/537.36
03:24:09 https://letournesolboutiquesante.com:443/db/phpmyadmin/index.php?lang=en  Mozilla/5.0 (Windows NT 10.0; Win64; x64) AppleWebKit/537.36 (KHTML, like Gecko) obsidian/1.4.13 Chrome/114.0.5735.289 Electron/25.8.1 Safari/537.36
03:24:10 https://letournesolboutiquesante.com:443/_phpmyadmin_/index.php?lang=en  Mozilla/5.0 (Windows NT 10.0; Win64; x64) AppleWebKit/537.36 (KHTML, like Gecko) obsidian/1.4.13 Chrome/114.0.5735.289 Electron/25.8.1 Safari/537.36
03:24:11 https://letournesolboutiquesante.com:443/db/phpMyAdmin/index.php?lang=en  Mozilla/5.0 (Windows NT 10.0; Win64; x64) AppleWebKit/537.36 (KHTML, like Gecko) obsidian/1.4.13 Chrome/114.0.5735.289 Electron/25.8.1 Safari/537.36
03:24:13 https://letournesolboutiquesante.com:443/administrator/phpmyadmin/index.php?lang=en  Mozilla/5.0 (Windows NT 10.0; Win64; x64) AppleWebKit/537.36 (KHTML, like Gecko) obsidian/1.4.13 Chrome/114.0.5735.289 Electron/25.8.1 Safari/537.36
03:24:14 https://letournesolboutiquesante.com:443/phpMyAdmin-5.2.0-all-languages/index.php?lang=en  Mozilla/5.0 (Windows NT 10.0; Win64; x64) AppleWebKit/537.36 (KHTML, like Gecko) obsidian/1.4.13 Chrome/114.0.5735.289 Electron/25.8.1 Safari/537.36
03:24:15 https://letournesolboutiquesante.com:443/dbadmin/index.php?lang=en  Mozilla/5.0 (Windows NT 10.0; Win64; x64) AppleWebKit/537.36 (KHTML, like Gecko) obsidian/1.4.13 Chrome/114.0.5735.289 Electron/25.8.1 Safari/537.36
03:24:17 https://letournesolboutiquesante.com:443/shopdb/index.php?lang=en  Mozilla/5.0 (Windows NT 10.0; Win64; x64) AppleWebKit/537.36 (KHTML, like Gecko) obsidian/1.4.13 Chrome/114.0.5735.289 Electron/25.8.1 Safari/537.36
03:24:18 https://letournesolboutiquesante.com:443/phpmyadmin5/index.php?lang=en  Mozilla/5.0 (Windows NT 10.0; Win64; x64) AppleWebKit/537.36 (KHTML, like Gecko) obsidian/1.4.13 Chrome/114.0.5735.289 Electron/25.8.1 Safari/537.36
03:24:24 https://letournesolboutiquesante.com:443/db/phpMyAdmin-4/index.php?lang=en  Mozilla/5.0 (Windows NT 10.0; Win64; x64) AppleWebKit/537.36 (KHTML, like Gecko) obsidian/1.4.13 Chrome/114.0.5735.289 Electron/25.8.1 Safari/537.36
03:24:26 https://letournesolboutiquesante.com:443/phpmy-admin/index.php?lang=en  Mozilla/5.0 (Windows NT 10.0; Win64; x64) AppleWebKit/537.36 (KHTML, like Gecko) obsidian/1.4.13 Chrome/114.0.5735.289 Electron/25.8.1 Safari/537.36
03:24:27 https://letournesolboutiquesante.com:443/phpmyadmin6/index.php?lang=en  Mozilla/5.0 (Windows NT 10.0; Win64; x64) AppleWebKit/537.36 (KHTML, like Gecko) obsidian/1.4.13 Chrome/114.0.5735.289 Electron/25.8.1 Safari/537.36
03:24:28 https://letournesolboutiquesante.com:443/phpmyadmin2019/index.php?lang=en  Mozilla/5.0 (Windows NT 10.0; Win64; x64) AppleWebKit/537.36 (KHTML, like Gecko) obsidian/1.4.13 Chrome/114.0.5735.289 Electron/25.8.1 Safari/537.36
03:24:30 https://letournesolboutiquesante.com:443/sql/phpmyadmin5/index.php?lang=en  Mozilla/5.0 (Windows NT 10.0; Win64; x64) AppleWebKit/537.36 (KHTML, like Gecko) obsidian/1.4.13 Chrome/114.0.5735.289 Electron/25.8.1 Safari/537.36
03:24:31 https://letournesolboutiquesante.com:443/phpMyAdmin-5.1.2/index.php?lang=en  Mozilla/5.0 (Windows NT 10.0; Win64; x64) AppleWebKit/537.36 (KHTML, like Gecko) obsidian/1.4.13 Chrome/114.0.5735.289 Electron/25.8.1 Safari/537.36
03:24:32 https://letournesolboutiquesante.com:443/sql/php-myadmin/index.php?lang=en  Mozilla/5.0 (Windows NT 10.0; Win64; x64) AppleWebKit/537.36 (KHTML, like Gecko) obsidian/1.4.13 Chrome/114.0.5735.289 Electron/25.8.1 Safari/537.36
03:24:34 https://letournesolboutiquesante.com:443/pma/index.php?lang=en  Mozilla/5.0 (Windows NT 10.0; Win64; x64) AppleWebKit/537.36 (KHTML, like Gecko) obsidian/1.4.13 Chrome/114.0.5735.289 Electron/25.8.1 Safari/537.36
03:24:35 https://letournesolboutiquesante.com:443/phpMyAdmin-latest/index.php?lang=en  Mozilla/5.0 (Windows NT 10.0; Win64; x64) AppleWebKit/537.36 (KHTML, like Gecko) obsidian/1.4.13 Chrome/114.0.5735.289 Electron/25.8.1 Safari/537.36
03:24:36 https://letournesolboutiquesante.com:443/sql/sql-admin/index.php?lang=en  Mozilla/5.0 (Windows NT 10.0; Win64; x64) AppleWebKit/537.36 (KHTML, like Gecko) obsidian/1.4.13 Chrome/114.0.5735.289 Electron/25.8.1 Safari/537.36
03:24:38 https://letournesolboutiquesante.com:443/phpmyadmin2017/index.php?lang=en  Mozilla/5.0 (Windows NT 10.0; Win64; x64) AppleWebKit/537.36 (KHTML, like Gecko) obsidian/1.4.13 Chrome/114.0.5735.289 Electron/25.8.1 Safari/537.36
6:07:30 AM https://letournesolboutiquesante.com:443/favicon.ico  Mozilla/5.0 (Windows NT 10.0; Win64; x64) AppleWebKit/537.36 (KHTML, like Gecko) Chrome/105.0.0.0 Safari/537.36
6:18:39 AM https://letournesolboutiquesante.com:443/favicon.ico  Mozilla/5.0 (Macintosh; Intel Mac OS X 10_15_7) AppleWebKit/537.36 (KHTML, like Gecko) Chrome/96.0.4664.110 Safari/537.36
11:08:37 AM https://letournesolboutiquesante.com:443/favicon.ico https://letournesolboutiquesante.com/en/ Mozilla/5.0 (X11; Linux x86_64) AppleWebKit/537.36 (KHTML, like Gecko) Chrome/121.0.6167.85 Safari/537.36
11:26:27 https://letournesolboutiquesante.com:443/favicon.ico https://letournesolboutiquesante.com/fr/ Mozilla/5.0 (Macintosh; Intel Mac OS X 10_15_7) AppleWebKit/537.36 (KHTML, like Gecko) Chrome/124.0.0.0 Safari/537.36
12:38:06 https://letournesolboutiquesante.com:443/favicon.ico https://letournesolboutiquesante.com/fr/ Mozilla/5.0 (Macintosh; Intel Mac OS X 10_15_7) AppleWebKit/605.1.15 (KHTML, like Gecko) Version/16.6 Safari/605.1.15
4:28:08 PM https://letournesolboutiquesante.com:443/favicon.ico https://letournesolboutiquesante.com/en/ Mozilla/5.0 (Macintosh; Intel Mac OS X 10_15_7) AppleWebKit/537.36 (KHTML, like Gecko) Chrome/123.0.0.0 Safari/537.36
4:43:06 PM https://letournesolboutiquesante.com:443/favicon.ico https://letournesolboutiquesante.com/en/ Mozilla/5.0 (X11; Linux x86_64) AppleWebKit/537.36 (KHTML, like Gecko) Chrome/121.0.6167.85 Safari/537.36
16:43:13 https://letournesolboutiquesante.com:443/en/sitemap.xml  python-requests/2.28.1
16:43:14 https://letournesolboutiquesante.com:443/en/sitemap_index.xml  python-requests/2.28.1
16:43:16 https://letournesolboutiquesante.com:443/en/sitemap  python-requests/2.28.1
16:43:17 https://letournesolboutiquesante.com:443/en/robots.txt  python-requests/2.28.1
17:36:57 https://letournesolboutiquesante.com:443/favicon.ico https://letournesolboutiquesante.com/fr/Produit-3439-L-espace-public-BIERE-de-mad-dog-355-ml Mozilla/5.0 (iPhone; CPU iPhone OS 17_4_1 like Mac OS X) AppleWebKit/605.1.15 (KHTML, like Gecko) Version/17.4.1 Mobile/15E148 Safari/604.1
18:22:07 https://letournesolboutiquesante.com:443/fr/readme.html  Mozilla/5.0 (Windows NT 10.0; Win64; x64; rv:99.0.1) Gecko/20220601 Firefox/99.0.1
18:22:07 https://letournesolboutiquesante.com:443/fr/wp-includes/js/tinymce/wp-tinymce.js.gz  Mozilla/5.0 (Windows NT 10.0; Win64; x64; rv:99.0.1) Gecko/20220601 Firefox/99.0.1
18:22:07 https://letournesolboutiquesante.com:443/fr/wp-admin/js/customize-controls.min.js  Mozilla/5.0 (Windows NT 10.0; Win64; x64; rv:99.0.1) Gecko/20220601 Firefox/99.0.1
18:22:07 https://letournesolboutiquesante.com:443/fr/wp-includes/js/media-views.min.js  Mozilla/5.0 (Windows NT 10.0; Win64; x64; rv:99.0.1) Gecko/20220601 Firefox/99.0.1
18:22:07 https://letournesolboutiquesante.com:443/fr/wp-includes/css/media-views-rtl.min.css  Mozilla/5.0 (Windows NT 10.0; Win64; x64; rv:99.0.1) Gecko/20220601 Firefox/99.0.1
18:22:07 https://letournesolboutiquesante.com:443/fr/wp-includes/js/wplink.min.js  Mozilla/5.0 (Windows NT 10.0; Win64; x64; rv:99.0.1) Gecko/20220601 Firefox/99.0.1
18:22:07 https://letournesolboutiquesante.com:443/fr/wp-includes/css/media-views.min.css  Mozilla/5.0 (Windows NT 10.0; Win64; x64; rv:99.0.1) Gecko/20220601 Firefox/99.0.1
18:22:07 https://letournesolboutiquesante.com:443/fr/wp-admin/js/common.min.js  Mozilla/5.0 (Windows NT 10.0; Win64; x64; rv:99.0.1) Gecko/20220601 Firefox/99.0.1
18:22:07 https://letournesolboutiquesante.com:443/fr/wp-admin/css/common-rtl.css  Mozilla/5.0 (Windows NT 10.0; Win64; x64; rv:99.0.1) Gecko/20220601 Firefox/99.0.1
18:22:07 https://letournesolboutiquesante.com:443/fr/wp-admin/js/theme.min.js  Mozilla/5.0 (Windows NT 10.0; Win64; x64; rv:99.0.1) Gecko/20220601 Firefox/99.0.1
18:22:07 https://letournesolboutiquesante.com:443/fr/wp-admin/css/customize-controls-rtl.min.css  Mozilla/5.0 (Windows NT 10.0; Win64; x64; rv:99.0.1) Gecko/20220601 Firefox/99.0.1
18:22:07 https://letournesolboutiquesante.com:443/fr/wp-admin/js/updates.min.js  Mozilla/5.0 (Windows NT 10.0; Win64; x64; rv:99.0.1) Gecko/20220601 Firefox/99.0.1
18:22:07 https://letournesolboutiquesante.com:443/fr/wp-admin/css/customize-controls.min.css  Mozilla/5.0 (Windows NT 10.0; Win64; x64; rv:99.0.1) Gecko/20220601 Firefox/99.0.1
18:22:07 https://letournesolboutiquesante.com:443/fr/wp-admin/js/customize-controls.js  Mozilla/5.0 (Windows NT 10.0; Win64; x64; rv:99.0.1) Gecko/20220601 Firefox/99.0.1
18:22:07 https://letournesolboutiquesante.com:443/fr/wp-includes/js/media-views.js  Mozilla/5.0 (Windows NT 10.0; Win64; x64; rv:99.0.1) Gecko/20220601 Firefox/99.0.1
18:22:07 https://letournesolboutiquesante.com:443/fr/wp-admin/js/post.min.js  Mozilla/5.0 (Windows NT 10.0; Win64; x64; rv:99.0.1) Gecko/20220601 Firefox/99.0.1
18:22:07 https://letournesolboutiquesante.com:443/fr/wp-admin/js/nav-menu.min.js  Mozilla/5.0 (Windows NT 10.0; Win64; x64; rv:99.0.1) Gecko/20220601 Firefox/99.0.1
18:22:07 https://letournesolboutiquesante.com:443/fr/wp-admin/js/user-profile.min.js  Mozilla/5.0 (Windows NT 10.0; Win64; x64; rv:99.0.1) Gecko/20220601 Firefox/99.0.1
18:22:07 https://letournesolboutiquesante.com:443/fr/wp-includes/css/editor.min.css  Mozilla/5.0 (Windows NT 10.0; Win64; x64; rv:99.0.1) Gecko/20220601 Firefox/99.0.1
18:22:07 https://letournesolboutiquesante.com:443/fr/wp-admin/js/common.js  Mozilla/5.0 (Windows NT 10.0; Win64; x64; rv:99.0.1) Gecko/20220601 Firefox/99.0.1
18:22:07 https://letournesolboutiquesante.com:443/fr/wp-includes/js/tinymce/plugins/wordpress/plugin.min.js  Mozilla/5.0 (Windows NT 10.0; Win64; x64; rv:99.0.1) Gecko/20220601 Firefox/99.0.1
18:22:07 https://letournesolboutiquesante.com:443/fr/wp-admin/js/edit-comments.min.js  Mozilla/5.0 (Windows NT 10.0; Win64; x64; rv:99.0.1) Gecko/20220601 Firefox/99.0.1
18:22:07 https://letournesolboutiquesante.com:443/fr/wp-includes/js/mce-view.min.js  Mozilla/5.0 (Windows NT 10.0; Win64; x64; rv:99.0.1) Gecko/20220601 Firefox/99.0.1
18:22:07 https://letournesolboutiquesante.com:443/fr/wp-includes/css/admin-bar.min.css  Mozilla/5.0 (Windows NT 10.0; Win64; x64; rv:99.0.1) Gecko/20220601 Firefox/99.0.1
18:22:07 https://letournesolboutiquesante.com:443/fr/wp-admin/js/editor.min.js  Mozilla/5.0 (Windows NT 10.0; Win64; x64; rv:99.0.1) Gecko/20220601 Firefox/99.0.1
18:22:07 https://letournesolboutiquesante.com:443/fr/wp-admin/js/widgets.min.js  Mozilla/5.0 (Windows NT 10.0; Win64; x64; rv:99.0.1) Gecko/20220601 Firefox/99.0.1
18:22:07 https://letournesolboutiquesante.com:443/fr/wp-includes/css/admin-bar-rtl.min.css  Mozilla/5.0 (Windows NT 10.0; Win64; x64; rv:99.0.1) Gecko/20220601 Firefox/99.0.1
18:22:08 https://letournesolboutiquesante.com:443/fr/wp-admin/css/common-rtl.min.css  Mozilla/5.0 (Windows NT 10.0; Win64; x64; rv:99.0.1) Gecko/20220601 Firefox/99.0.1
18:22:08 https://letournesolboutiquesante.com:443/fr/wp-admin/css/login.min.css  Mozilla/5.0 (Windows NT 10.0; Win64; x64; rv:99.0.1) Gecko/20220601 Firefox/99.0.1
18:22:08 https://letournesolboutiquesante.com:443/fr/wp-admin/css/login-rtl.min.css  Mozilla/5.0 (Windows NT 10.0; Win64; x64; rv:99.0.1) Gecko/20220601 Firefox/99.0.1
18:22:08 https://letournesolboutiquesante.com:443/fr/wp-includes/js/media-models.min.js  Mozilla/5.0 (Windows NT 10.0; Win64; x64; rv:99.0.1) Gecko/20220601 Firefox/99.0.1
18:22:08 https://letournesolboutiquesante.com:443/fr/wp-admin/css/colors/sunrise/colors.css  Mozilla/5.0 (Windows NT 10.0; Win64; x64; rv:99.0.1) Gecko/20220601 Firefox/99.0.1
18:22:08 https://letournesolboutiquesante.com:443/fr/wp-admin/css/colors/ocean/colors-rtl.css  Mozilla/5.0 (Windows NT 10.0; Win64; x64; rv:99.0.1) Gecko/20220601 Firefox/99.0.1
18:22:08 https://letournesolboutiquesante.com:443/fr/wp-includes/css/editor-rtl.min.css  Mozilla/5.0 (Windows NT 10.0; Win64; x64; rv:99.0.1) Gecko/20220601 Firefox/99.0.1
18:22:08 https://letournesolboutiquesante.com:443/fr/wp-admin/css/colors/coffee/colors.css  Mozilla/5.0 (Windows NT 10.0; Win64; x64; rv:99.0.1) Gecko/20220601 Firefox/99.0.1
18:22:08 https://letournesolboutiquesante.com:443/fr/wp-admin/js/post.js  Mozilla/5.0 (Windows NT 10.0; Win64; x64; rv:99.0.1) Gecko/20220601 Firefox/99.0.1
18:22:08 https://letournesolboutiquesante.com:443/fr/wp-admin/css/colors/blue/colors.css  Mozilla/5.0 (Windows NT 10.0; Win64; x64; rv:99.0.1) Gecko/20220601 Firefox/99.0.1
18:22:08 https://letournesolboutiquesante.com:443/fr/wp-admin/css/media.css  Mozilla/5.0 (Windows NT 10.0; Win64; x64; rv:99.0.1) Gecko/20220601 Firefox/99.0.1
18:22:08 https://letournesolboutiquesante.com:443/fr/wp-admin/css/colors/midnight/colors.css  Mozilla/5.0 (Windows NT 10.0; Win64; x64; rv:99.0.1) Gecko/20220601 Firefox/99.0.1
18:22:08 https://letournesolboutiquesante.com:443/fr/wp-admin/css/colors/ocean/colors.css  Mozilla/5.0 (Windows NT 10.0; Win64; x64; rv:99.0.1) Gecko/20220601 Firefox/99.0.1
18:22:08 https://letournesolboutiquesante.com:443/fr/wp-admin/css/colors/ectoplasm/colors.css  Mozilla/5.0 (Windows NT 10.0; Win64; x64; rv:99.0.1) Gecko/20220601 Firefox/99.0.1
18:22:08 https://letournesolboutiquesante.com:443/fr/wp-admin/css/colors/coffee/colors-rtl.css  Mozilla/5.0 (Windows NT 10.0; Win64; x64; rv:99.0.1) Gecko/20220601 Firefox/99.0.1
18:22:08 https://letournesolboutiquesante.com:443/fr/wp-admin/css/colors/midnight/colors-rtl.css  Mozilla/5.0 (Windows NT 10.0; Win64; x64; rv:99.0.1) Gecko/20220601 Firefox/99.0.1
18:22:08 https://letournesolboutiquesante.com:443/fr/wp-admin/css/colors/blue/colors-rtl.css  Mozilla/5.0 (Windows NT 10.0; Win64; x64; rv:99.0.1) Gecko/20220601 Firefox/99.0.1
18:22:08 https://letournesolboutiquesante.com:443/fr/wp-admin/css/colors/sunrise/colors-rtl.css  Mozilla/5.0 (Windows NT 10.0; Win64; x64; rv:99.0.1) Gecko/20220601 Firefox/99.0.1
18:22:08 https://letournesolboutiquesante.com:443/fr/wp-admin/js/customize-widgets.min.js  Mozilla/5.0 (Windows NT 10.0; Win64; x64; rv:99.0.1) Gecko/20220601 Firefox/99.0.1
18:22:08 https://letournesolboutiquesante.com:443/fr/wp-includes/js/media-grid.min.js  Mozilla/5.0 (Windows NT 10.0; Win64; x64; rv:99.0.1) Gecko/20220601 Firefox/99.0.1
18:22:08 https://letournesolboutiquesante.com:443/fr/wp-admin/css/colors/ectoplasm/colors-rtl.css  Mozilla/5.0 (Windows NT 10.0; Win64; x64; rv:99.0.1) Gecko/20220601 Firefox/99.0.1
18:22:08 https://letournesolboutiquesante.com:443/fr/wp-admin/js/image-edit.min.js  Mozilla/5.0 (Windows NT 10.0; Win64; x64; rv:99.0.1) Gecko/20220601 Firefox/99.0.1
18:22:08 https://letournesolboutiquesante.com:443/fr/wp-admin/css/colors/light/colors.css  Mozilla/5.0 (Windows NT 10.0; Win64; x64; rv:99.0.1) Gecko/20220601 Firefox/99.0.1
18:22:08 https://letournesolboutiquesante.com:443/fr/wp-admin/js/customize-nav-menus.min.js  Mozilla/5.0 (Windows NT 10.0; Win64; x64; rv:99.0.1) Gecko/20220601 Firefox/99.0.1
18:22:08 https://letournesolboutiquesante.com:443/fr/wp-admin/css/colors/light/colors-rtl.css  Mozilla/5.0 (Windows NT 10.0; Win64; x64; rv:99.0.1) Gecko/20220601 Firefox/99.0.1
18:22:08 https://letournesolboutiquesante.com:443/fr/wp-admin/js/inline-edit-post.min.js  Mozilla/5.0 (Windows NT 10.0; Win64; x64; rv:99.0.1) Gecko/20220601 Firefox/99.0.1
18:22:08 https://letournesolboutiquesante.com:443/fr/wp-includes/js/wp-emoji-release.min.js  Mozilla/5.0 (Windows NT 10.0; Win64; x64; rv:99.0.1) Gecko/20220601 Firefox/99.0.1
18:22:08 https://letournesolboutiquesante.com:443/fr/wp-includes/css/media-views-rtl.css  Mozilla/5.0 (Windows NT 10.0; Win64; x64; rv:99.0.1) Gecko/20220601 Firefox/99.0.1
18:22:08 https://letournesolboutiquesante.com:443/fr/wp-includes/js/dist/block-library.min.js  Mozilla/5.0 (Windows NT 10.0; Win64; x64; rv:99.0.1) Gecko/20220601 Firefox/99.0.1
18:22:08 https://letournesolboutiquesante.com:443/fr/wp-admin/js/dashboard.min.js  Mozilla/5.0 (Windows NT 10.0; Win64; x64; rv:99.0.1) Gecko/20220601 Firefox/99.0.1
18:22:08 https://letournesolboutiquesante.com:443/fr/wp-admin/js/editor.js  Mozilla/5.0 (Windows NT 10.0; Win64; x64; rv:99.0.1) Gecko/20220601 Firefox/99.0.1
18:22:08 https://letournesolboutiquesante.com:443/fr/wp-includes/js/tinymce/plugins/wpeditimage/plugin.min.js  Mozilla/5.0 (Windows NT 10.0; Win64; x64; rv:99.0.1) Gecko/20220601 Firefox/99.0.1
18:22:08 https://letournesolboutiquesante.com:443/fr/wp-includes/js/tinymce/plugins/wplink/plugin.min.js  Mozilla/5.0 (Windows NT 10.0; Win64; x64; rv:99.0.1) Gecko/20220601 Firefox/99.0.1
18:22:08 https://letournesolboutiquesante.com:443/fr/wp-includes/js/wplink.js  Mozilla/5.0 (Windows NT 10.0; Win64; x64; rv:99.0.1) Gecko/20220601 Firefox/99.0.1
18:22:08 https://letournesolboutiquesante.com:443/fr/wp-includes/js/dist/block-library.js  Mozilla/5.0 (Windows NT 10.0; Win64; x64; rv:99.0.1) Gecko/20220601 Firefox/99.0.1
18:22:08 https://letournesolboutiquesante.com:443/fr/wp-admin/css/media-rtl.css  Mozilla/5.0 (Windows NT 10.0; Win64; x64; rv:99.0.1) Gecko/20220601 Firefox/99.0.1
18:22:08 https://letournesolboutiquesante.com:443/fr/wp-admin/css/colors/blue/colors-rtl.min.css  Mozilla/5.0 (Windows NT 10.0; Win64; x64; rv:99.0.1) Gecko/20220601 Firefox/99.0.1
18:22:09 https://letournesolboutiquesante.com:443/fr/wp-content/themes/twentyeleven/style.css  Mozilla/5.0 (Windows NT 10.0; Win64; x64; rv:99.0.1) Gecko/20220601 Firefox/99.0.1
18:22:09 https://letournesolboutiquesante.com:443/fr/wp-admin/css/install.css  Mozilla/5.0 (Windows NT 10.0; Win64; x64; rv:99.0.1) Gecko/20220601 Firefox/99.0.1
18:22:09 https://letournesolboutiquesante.com:443/fr/wp-admin/css/colors/light/colors-rtl.min.css  Mozilla/5.0 (Windows NT 10.0; Win64; x64; rv:99.0.1) Gecko/20220601 Firefox/99.0.1
18:22:09 https://letournesolboutiquesante.com:443/fr/wp-admin/css/install.min.css  Mozilla/5.0 (Windows NT 10.0; Win64; x64; rv:99.0.1) Gecko/20220601 Firefox/99.0.1
18:22:09 https://letournesolboutiquesante.com:443/fr/wp-admin/css/colors/light/colors.min.css  Mozilla/5.0 (Windows NT 10.0; Win64; x64; rv:99.0.1) Gecko/20220601 Firefox/99.0.1
18:22:09 https://letournesolboutiquesante.com:443/fr/wp-admin/css/colors/blue/colors.min.css  Mozilla/5.0 (Windows NT 10.0; Win64; x64; rv:99.0.1) Gecko/20220601 Firefox/99.0.1
18:22:09 https://letournesolboutiquesante.com:443/fr/wp-admin/js/plugin-install.min.js  Mozilla/5.0 (Windows NT 10.0; Win64; x64; rv:99.0.1) Gecko/20220601 Firefox/99.0.1
18:22:09 https://letournesolboutiquesante.com:443/fr/wp-admin/css/colors/sunrise/colors.min.css  Mozilla/5.0 (Windows NT 10.0; Win64; x64; rv:99.0.1) Gecko/20220601 Firefox/99.0.1
18:22:09 https://letournesolboutiquesante.com:443/fr/wp-admin/css/dashboard.css  Mozilla/5.0 (Windows NT 10.0; Win64; x64; rv:99.0.1) Gecko/20220601 Firefox/99.0.1
18:22:09 https://letournesolboutiquesante.com:443/fr/wp-admin/css/colors/midnight/colors-rtl.min.css  Mozilla/5.0 (Windows NT 10.0; Win64; x64; rv:99.0.1) Gecko/20220601 Firefox/99.0.1
18:22:09 https://letournesolboutiquesante.com:443/fr/wp-admin/css/colors/sunrise/colors-rtl.min.css  Mozilla/5.0 (Windows NT 10.0; Win64; x64; rv:99.0.1) Gecko/20220601 Firefox/99.0.1
18:22:09 https://letournesolboutiquesante.com:443/fr/wp-admin/css/colors/ocean/colors-rtl.min.css  Mozilla/5.0 (Windows NT 10.0; Win64; x64; rv:99.0.1) Gecko/20220601 Firefox/99.0.1
18:22:09 https://letournesolboutiquesante.com:443/fr/wp-admin/css/common.css  Mozilla/5.0 (Windows NT 10.0; Win64; x64; rv:99.0.1) Gecko/20220601 Firefox/99.0.1
18:22:09 https://letournesolboutiquesante.com:443/fr/wp-admin/css/colors/midnight/colors.min.css  Mozilla/5.0 (Windows NT 10.0; Win64; x64; rv:99.0.1) Gecko/20220601 Firefox/99.0.1
18:22:09 https://letournesolboutiquesante.com:443/fr/wp-admin/css/colors/ocean/colors.min.css  Mozilla/5.0 (Windows NT 10.0; Win64; x64; rv:99.0.1) Gecko/20220601 Firefox/99.0.1
18:22:09 https://letournesolboutiquesante.com:443/fr/wp-includes/js/twemoji.min.js  Mozilla/5.0 (Windows NT 10.0; Win64; x64; rv:99.0.1) Gecko/20220601 Firefox/99.0.1
18:22:09 https://letournesolboutiquesante.com:443/fr/wp-admin/css/customize-controls-rtl.css  Mozilla/5.0 (Windows NT 10.0; Win64; x64; rv:99.0.1) Gecko/20220601 Firefox/99.0.1
18:22:09 https://letournesolboutiquesante.com:443/fr/wp-admin/css/colors/coffee/colors-rtl.min.css  Mozilla/5.0 (Windows NT 10.0; Win64; x64; rv:99.0.1) Gecko/20220601 Firefox/99.0.1
18:22:09 https://letournesolboutiquesante.com:443/fr/wp-includes/js/autosave.min.js  Mozilla/5.0 (Windows NT 10.0; Win64; x64; rv:99.0.1) Gecko/20220601 Firefox/99.0.1
18:22:09 https://letournesolboutiquesante.com:443/fr/wp-includes/css/editor.css  Mozilla/5.0 (Windows NT 10.0; Win64; x64; rv:99.0.1) Gecko/20220601 Firefox/99.0.1
18:22:09 https://letournesolboutiquesante.com:443/fr/wp-admin/css/forms.min.css  Mozilla/5.0 (Windows NT 10.0; Win64; x64; rv:99.0.1) Gecko/20220601 Firefox/99.0.1
18:22:09 https://letournesolboutiquesante.com:443/fr/wp-includes/js/dist/components.js  Mozilla/5.0 (Windows NT 10.0; Win64; x64; rv:99.0.1) Gecko/20220601 Firefox/99.0.1
18:22:09 https://letournesolboutiquesante.com:443/fr/wp-admin/css/dashboard-rtl.css  Mozilla/5.0 (Windows NT 10.0; Win64; x64; rv:99.0.1) Gecko/20220601 Firefox/99.0.1
18:22:09 https://letournesolboutiquesante.com:443/fr/wp-admin/css/forms-rtl.css  Mozilla/5.0 (Windows NT 10.0; Win64; x64; rv:99.0.1) Gecko/20220601 Firefox/99.0.1
18:22:09 https://letournesolboutiquesante.com:443/fr/wp-admin/css/colors/ectoplasm/colors.min.css  Mozilla/5.0 (Windows NT 10.0; Win64; x64; rv:99.0.1) Gecko/20220601 Firefox/99.0.1
18:22:09 https://letournesolboutiquesante.com:443/fr/wp-admin/css/forms-rtl.min.css  Mozilla/5.0 (Windows NT 10.0; Win64; x64; rv:99.0.1) Gecko/20220601 Firefox/99.0.1
18:22:09 https://letournesolboutiquesante.com:443/fr/wp-admin/css/edit-rtl.css  Mozilla/5.0 (Windows NT 10.0; Win64; x64; rv:99.0.1) Gecko/20220601 Firefox/99.0.1
18:22:09 https://letournesolboutiquesante.com:443/fr/wp-admin/css/colors/ectoplasm/colors-rtl.min.css  Mozilla/5.0 (Windows NT 10.0; Win64; x64; rv:99.0.1) Gecko/20220601 Firefox/99.0.1
18:22:09 https://letournesolboutiquesante.com:443/fr/wp-includes/js/dist/components.min.js  Mozilla/5.0 (Windows NT 10.0; Win64; x64; rv:99.0.1) Gecko/20220601 Firefox/99.0.1
18:22:09 https://letournesolboutiquesante.com:443/fr/wp-includes/js/dist/editor.js  Mozilla/5.0 (Windows NT 10.0; Win64; x64; rv:99.0.1) Gecko/20220601 Firefox/99.0.1
18:22:09 https://letournesolboutiquesante.com:443/fr/wp-admin/css/colors/coffee/colors.min.css  Mozilla/5.0 (Windows NT 10.0; Win64; x64; rv:99.0.1) Gecko/20220601 Firefox/99.0.1
18:22:09 https://letournesolboutiquesante.com:443/fr/wp-includes/js/wp-emoji-loader.min.js  Mozilla/5.0 (Windows NT 10.0; Win64; x64; rv:99.0.1) Gecko/20220601 Firefox/99.0.1
18:22:09 https://letournesolboutiquesante.com:443/fr/wp-admin/js/edit-comments.js  Mozilla/5.0 (Windows NT 10.0; Win64; x64; rv:99.0.1) Gecko/20220601 Firefox/99.0.1
18:22:09 https://letournesolboutiquesante.com:443/fr/wp-admin/js/inline-edit-tax.min.js  Mozilla/5.0 (Windows NT 10.0; Win64; x64; rv:99.0.1) Gecko/20220601 Firefox/99.0.1
18:22:09 https://letournesolboutiquesante.com:443/fr/wp-includes/js/autosave.js  Mozilla/5.0 (Windows NT 10.0; Win64; x64; rv:99.0.1) Gecko/20220601 Firefox/99.0.1
18:22:09 https://letournesolboutiquesante.com:443/fr/wp-includes/js/dist/editor.min.js  Mozilla/5.0 (Windows NT 10.0; Win64; x64; rv:99.0.1) Gecko/20220601 Firefox/99.0.1
18:22:09 https://letournesolboutiquesante.com:443/fr/wp-admin/css/forms.css  Mozilla/5.0 (Windows NT 10.0; Win64; x64; rv:99.0.1) Gecko/20220601 Firefox/99.0.1
18:22:09 https://letournesolboutiquesante.com:443/fr/wp-admin/css/common.min.css  Mozilla/5.0 (Windows NT 10.0; Win64; x64; rv:99.0.1) Gecko/20220601 Firefox/99.0.1
18:22:10 https://letournesolboutiquesante.com:443/fr/wp-content/themes/twentytwelve/style.css  Mozilla/5.0 (Windows NT 10.0; Win64; x64; rv:99.0.1) Gecko/20220601 Firefox/99.0.1
18:22:10 https://letournesolboutiquesante.com:443/fr/wp-admin/js/widgets.js  Mozilla/5.0 (Windows NT 10.0; Win64; x64; rv:99.0.1) Gecko/20220601 Firefox/99.0.1
18:22:10 https://letournesolboutiquesante.com:443/fr/wp-includes/css/media-views.css  Mozilla/5.0 (Windows NT 10.0; Win64; x64; rv:99.0.1) Gecko/20220601 Firefox/99.0.1
18:22:10 https://letournesolboutiquesante.com:443/fr/wp-admin/css/about.min.css  Mozilla/5.0 (Windows NT 10.0; Win64; x64; rv:99.0.1) Gecko/20220601 Firefox/99.0.1
18:22:10 https://letournesolboutiquesante.com:443/fr/wp-admin/css/about-rtl.min.css  Mozilla/5.0 (Windows NT 10.0; Win64; x64; rv:99.0.1) Gecko/20220601 Firefox/99.0.1
18:22:10 https://letournesolboutiquesante.com:443/fr/wp-admin/js/updates.js  Mozilla/5.0 (Windows NT 10.0; Win64; x64; rv:99.0.1) Gecko/20220601 Firefox/99.0.1
18:22:10 https://letournesolboutiquesante.com:443/fr/wp-admin/css/widgets-rtl.css  Mozilla/5.0 (Windows NT 10.0; Win64; x64; rv:99.0.1) Gecko/20220601 Firefox/99.0.1
18:22:10 https://letournesolboutiquesante.com:443/fr/wp-includes/js/customize-base.min.js  Mozilla/5.0 (Windows NT 10.0; Win64; x64; rv:99.0.1) Gecko/20220601 Firefox/99.0.1
18:22:10 https://letournesolboutiquesante.com:443/fr/wp-admin/css/install-rtl.min.css  Mozilla/5.0 (Windows NT 10.0; Win64; x64; rv:99.0.1) Gecko/20220601 Firefox/99.0.1
18:22:10 https://letournesolboutiquesante.com:443/fr/wp-admin/css/color-picker.min.css  Mozilla/5.0 (Windows NT 10.0; Win64; x64; rv:99.0.1) Gecko/20220601 Firefox/99.0.1
18:22:10 https://letournesolboutiquesante.com:443/fr/wp-includes/js/tinymce/plugins/wpview/plugin.min.js  Mozilla/5.0 (Windows NT 10.0; Win64; x64; rv:99.0.1) Gecko/20220601 Firefox/99.0.1
18:22:10 https://letournesolboutiquesante.com:443/fr/wp-includes/js/customize-preview.min.js  Mozilla/5.0 (Windows NT 10.0; Win64; x64; rv:99.0.1) Gecko/20220601 Firefox/99.0.1
18:22:10 https://letournesolboutiquesante.com:443/fr/wp-admin/css/widgets.css  Mozilla/5.0 (Windows NT 10.0; Win64; x64; rv:99.0.1) Gecko/20220601 Firefox/99.0.1
18:22:10 https://letournesolboutiquesante.com:443/fr/wp-admin/css/login.css  Mozilla/5.0 (Windows NT 10.0; Win64; x64; rv:99.0.1) Gecko/20220601 Firefox/99.0.1
18:22:10 https://letournesolboutiquesante.com:443/fr/wp-content/themes/twentyten/languages/twentyten.pot  Mozilla/5.0 (Windows NT 10.0; Win64; x64; rv:99.0.1) Gecko/20220601 Firefox/99.0.1
18:22:10 https://letournesolboutiquesante.com:443/fr/wp-includes/js/dist/core-data.min.js  Mozilla/5.0 (Windows NT 10.0; Win64; x64; rv:99.0.1) Gecko/20220601 Firefox/99.0.1
18:22:10 https://letournesolboutiquesante.com:443/fr/wp-includes/js/dist/core-data.js  Mozilla/5.0 (Windows NT 10.0; Win64; x64; rv:99.0.1) Gecko/20220601 Firefox/99.0.1
18:22:10 https://letournesolboutiquesante.com:443/fr/wp-includes/css/buttons.min.css  Mozilla/5.0 (Windows NT 10.0; Win64; x64; rv:99.0.1) Gecko/20220601 Firefox/99.0.1
18:22:10 https://letournesolboutiquesante.com:443/fr/wp-includes/js/quicktags.min.js  Mozilla/5.0 (Windows NT 10.0; Win64; x64; rv:99.0.1) Gecko/20220601 Firefox/99.0.1
18:22:10 https://letournesolboutiquesante.com:443/fr/wp-includes/js/dist/blocks.min.js  Mozilla/5.0 (Windows NT 10.0; Win64; x64; rv:99.0.1) Gecko/20220601 Firefox/99.0.1
18:22:10 https://letournesolboutiquesante.com:443/fr/wp-admin/css/color-picker-rtl.min.css  Mozilla/5.0 (Windows NT 10.0; Win64; x64; rv:99.0.1) Gecko/20220601 Firefox/99.0.1
18:22:10 https://letournesolboutiquesante.com:443/fr/wp-includes/js/media-editor.min.js  Mozilla/5.0 (Windows NT 10.0; Win64; x64; rv:99.0.1) Gecko/20220601 Firefox/99.0.1
18:22:10 https://letournesolboutiquesante.com:443/fr/wp-includes/css/admin-bar.css  Mozilla/5.0 (Windows NT 10.0; Win64; x64; rv:99.0.1) Gecko/20220601 Firefox/99.0.1
18:22:10 https://letournesolboutiquesante.com:443/fr/wp-admin/css/ie.css  Mozilla/5.0 (Windows NT 10.0; Win64; x64; rv:99.0.1) Gecko/20220601 Firefox/99.0.1
18:22:10 https://letournesolboutiquesante.com:443/fr/wp-includes/js/dist/edit-post.min.js  Mozilla/5.0 (Windows NT 10.0; Win64; x64; rv:99.0.1) Gecko/20220601 Firefox/99.0.1
18:22:10 https://letournesolboutiquesante.com:443/fr/wp-includes/js/dist/data.js  Mozilla/5.0 (Windows NT 10.0; Win64; x64; rv:99.0.1) Gecko/20220601 Firefox/99.0.1
18:22:10 https://letournesolboutiquesante.com:443/fr/wp-content/themes/twentyeleven/languages/twentyeleven.pot  Mozilla/5.0 (Windows NT 10.0; Win64; x64; rv:99.0.1) Gecko/20220601 Firefox/99.0.1
18:22:10 https://letournesolboutiquesante.com:443/fr/wp-admin/js/inline-edit-post.js  Mozilla/5.0 (Windows NT 10.0; Win64; x64; rv:99.0.1) Gecko/20220601 Firefox/99.0.1
18:22:10 https://letournesolboutiquesante.com:443/fr/wp-admin/css/edit.css  Mozilla/5.0 (Windows NT 10.0; Win64; x64; rv:99.0.1) Gecko/20220601 Firefox/99.0.1
18:22:10 https://letournesolboutiquesante.com:443/fr/wp-includes/js/dist/dom.min.js  Mozilla/5.0 (Windows NT 10.0; Win64; x64; rv:99.0.1) Gecko/20220601 Firefox/99.0.1
18:22:10 https://letournesolboutiquesante.com:443/fr/wp-includes/js/dist/edit-post.js  Mozilla/5.0 (Windows NT 10.0; Win64; x64; rv:99.0.1) Gecko/20220601 Firefox/99.0.1
18:22:10 https://letournesolboutiquesante.com:443/fr/wp-includes/js/dist/dom.js  Mozilla/5.0 (Windows NT 10.0; Win64; x64; rv:99.0.1) Gecko/20220601 Firefox/99.0.1
18:22:11 https://letournesolboutiquesante.com:443/fr/wp-includes/js/dist/blocks.js  Mozilla/5.0 (Windows NT 10.0; Win64; x64; rv:99.0.1) Gecko/20220601 Firefox/99.0.1
18:22:11 https://letournesolboutiquesante.com:443/fr/wp-content/themes/twentyten/style.css  Mozilla/5.0 (Windows NT 10.0; Win64; x64; rv:99.0.1) Gecko/20220601 Firefox/99.0.1
18:22:11 https://letournesolboutiquesante.com:443/fr/wp-includes/css/jquery-ui-dialog.min.css  Mozilla/5.0 (Windows NT 10.0; Win64; x64; rv:99.0.1) Gecko/20220601 Firefox/99.0.1
18:22:11 https://letournesolboutiquesante.com:443/fr/wp-admin/js/user-profile.js  Mozilla/5.0 (Windows NT 10.0; Win64; x64; rv:99.0.1) Gecko/20220601 Firefox/99.0.1
18:22:11 https://letournesolboutiquesante.com:443/fr/wp-admin/css/install-rtl.css  Mozilla/5.0 (Windows NT 10.0; Win64; x64; rv:99.0.1) Gecko/20220601 Firefox/99.0.1
18:22:11 https://letournesolboutiquesante.com:443/fr/wp-admin/css/media.min.css  Mozilla/5.0 (Windows NT 10.0; Win64; x64; rv:99.0.1) Gecko/20220601 Firefox/99.0.1
18:22:11 https://letournesolboutiquesante.com:443/fr/wp-admin/css/customize-controls.css  Mozilla/5.0 (Windows NT 10.0; Win64; x64; rv:99.0.1) Gecko/20220601 Firefox/99.0.1
18:22:11 https://letournesolboutiquesante.com:443/fr/wp-content/themes/twentythirteen/style.css  Mozilla/5.0 (Windows NT 10.0; Win64; x64; rv:99.0.1) Gecko/20220601 Firefox/99.0.1
18:22:11 https://letournesolboutiquesante.com:443/fr/wp-includes/css/admin-bar-rtl.css  Mozilla/5.0 (Windows NT 10.0; Win64; x64; rv:99.0.1) Gecko/20220601 Firefox/99.0.1
18:22:11 https://letournesolboutiquesante.com:443/fr/wp-includes/css/editor-rtl.css  Mozilla/5.0 (Windows NT 10.0; Win64; x64; rv:99.0.1) Gecko/20220601 Firefox/99.0.1
18:22:11 https://letournesolboutiquesante.com:443/fr/wp-includes/js/media-audiovideo.min.js  Mozilla/5.0 (Windows NT 10.0; Win64; x64; rv:99.0.1) Gecko/20220601 Firefox/99.0.1
18:22:11 https://letournesolboutiquesante.com:443/fr/wp-includes/js/dist/data.min.js  Mozilla/5.0 (Windows NT 10.0; Win64; x64; rv:99.0.1) Gecko/20220601 Firefox/99.0.1
18:22:11 https://letournesolboutiquesante.com:443/fr/wp-includes/js/mce-view.js  Mozilla/5.0 (Windows NT 10.0; Win64; x64; rv:99.0.1) Gecko/20220601 Firefox/99.0.1
18:22:11 https://letournesolboutiquesante.com:443/fr/wp-admin/css/wp-admin.min.css  Mozilla/5.0 (Windows NT 10.0; Win64; x64; rv:99.0.1) Gecko/20220601 Firefox/99.0.1
18:22:11 https://letournesolboutiquesante.com:443/fr/wp-admin/js/nav-menu.js  Mozilla/5.0 (Windows NT 10.0; Win64; x64; rv:99.0.1) Gecko/20220601 Firefox/99.0.1
18:22:11 https://letournesolboutiquesante.com:443/fr/wp-includes/js/dist/element.js  Mozilla/5.0 (Windows NT 10.0; Win64; x64; rv:99.0.1) Gecko/20220601 Firefox/99.0.1
18:22:11 https://letournesolboutiquesante.com:443/fr/wp-admin/js/theme.js  Mozilla/5.0 (Windows NT 10.0; Win64; x64; rv:99.0.1) Gecko/20220601 Firefox/99.0.1
18:22:11 https://letournesolboutiquesante.com:443/fr/wp-includes/js/dist/block-editor.js  Mozilla/5.0 (Windows NT 10.0; Win64; x64; rv:99.0.1) Gecko/20220601 Firefox/99.0.1
18:22:11 https://letournesolboutiquesante.com:443/fr/wp-includes/js/tinymce/plugins/wordpress/plugin.js  Mozilla/5.0 (Windows NT 10.0; Win64; x64; rv:99.0.1) Gecko/20220601 Firefox/99.0.1
18:22:11 https://letournesolboutiquesante.com:443/fr/wp-includes/js/dist/element.min.js  Mozilla/5.0 (Windows NT 10.0; Win64; x64; rv:99.0.1) Gecko/20220601 Firefox/99.0.1
18:22:11 https://letournesolboutiquesante.com:443/fr/wp-includes/js/dist/block-editor.min.js  Mozilla/5.0 (Windows NT 10.0; Win64; x64; rv:99.0.1) Gecko/20220601 Firefox/99.0.1
18:22:11 https://letournesolboutiquesante.com:443/fr/wp-admin/css/media-rtl.min.css  Mozilla/5.0 (Windows NT 10.0; Win64; x64; rv:99.0.1) Gecko/20220601 Firefox/99.0.1
18:22:11 https://letournesolboutiquesante.com:443/fr/wp-includes/js/dist/format-library.js  Mozilla/5.0 (Windows NT 10.0; Win64; x64; rv:99.0.1) Gecko/20220601 Firefox/99.0.1
18:22:11 https://letournesolboutiquesante.com:443/fr/wp-includes/css/wp-auth-check.min.css  Mozilla/5.0 (Windows NT 10.0; Win64; x64; rv:99.0.1) Gecko/20220601 Firefox/99.0.1
18:22:11 https://letournesolboutiquesante.com:443/fr/wp-includes/js/dist/rich-text.js  Mozilla/5.0 (Windows NT 10.0; Win64; x64; rv:99.0.1) Gecko/20220601 Firefox/99.0.1
18:22:11 https://letournesolboutiquesante.com:443/fr/wp-admin/css/login-rtl.css  Mozilla/5.0 (Windows NT 10.0; Win64; x64; rv:99.0.1) Gecko/20220601 Firefox/99.0.1
18:22:11 https://letournesolboutiquesante.com:443/fr/wp-includes/css/buttons-rtl.min.css  Mozilla/5.0 (Windows NT 10.0; Win64; x64; rv:99.0.1) Gecko/20220601 Firefox/99.0.1
18:22:11 https://letournesolboutiquesante.com:443/fr/wp-admin/js/dashboard.js  Mozilla/5.0 (Windows NT 10.0; Win64; x64; rv:99.0.1) Gecko/20220601 Firefox/99.0.1
18:22:11 https://letournesolboutiquesante.com:443/fr/wp-includes/js/dist/rich-text.min.js  Mozilla/5.0 (Windows NT 10.0; Win64; x64; rv:99.0.1) Gecko/20220601 Firefox/99.0.1
18:22:11 https://letournesolboutiquesante.com:443/fr/wp-includes/css/wp-pointer.min.css  Mozilla/5.0 (Windows NT 10.0; Win64; x64; rv:99.0.1) Gecko/20220601 Firefox/99.0.1
18:22:11 https://letournesolboutiquesante.com:443/fr/wp-includes/js/media-grid.js  Mozilla/5.0 (Windows NT 10.0; Win64; x64; rv:99.0.1) Gecko/20220601 Firefox/99.0.1
18:22:11 https://letournesolboutiquesante.com:443/fr/wp-includes/js/dist/list-reusable-blocks.js  Mozilla/5.0 (Windows NT 10.0; Win64; x64; rv:99.0.1) Gecko/20220601 Firefox/99.0.1
18:22:11 https://letournesolboutiquesante.com:443/fr/wp-includes/js/dist/list-reusable-blocks.min.js  Mozilla/5.0 (Windows NT 10.0; Win64; x64; rv:99.0.1) Gecko/20220601 Firefox/99.0.1
18:22:12 https://letournesolboutiquesante.com:443/fr/wp-includes/js/dist/nux.min.js  Mozilla/5.0 (Windows NT 10.0; Win64; x64; rv:99.0.1) Gecko/20220601 Firefox/99.0.1
18:22:12 https://letournesolboutiquesante.com:443/fr/wp-admin/js/color-picker.min.js  Mozilla/5.0 (Windows NT 10.0; Win64; x64; rv:99.0.1) Gecko/20220601 Firefox/99.0.1
18:22:12 https://letournesolboutiquesante.com:443/fr/wp-includes/js/plupload/handlers.min.js  Mozilla/5.0 (Windows NT 10.0; Win64; x64; rv:99.0.1) Gecko/20220601 Firefox/99.0.1
18:22:12 https://letournesolboutiquesante.com:443/fr/wp-admin/css/list-tables-rtl.css  Mozilla/5.0 (Windows NT 10.0; Win64; x64; rv:99.0.1) Gecko/20220601 Firefox/99.0.1
18:22:12 https://letournesolboutiquesante.com:443/fr/wp-includes/js/wp-ajax-response.min.js  Mozilla/5.0 (Windows NT 10.0; Win64; x64; rv:99.0.1) Gecko/20220601 Firefox/99.0.1
18:22:12 https://letournesolboutiquesante.com:443/fr/wp-admin/css/ie-rtl.css  Mozilla/5.0 (Windows NT 10.0; Win64; x64; rv:99.0.1) Gecko/20220601 Firefox/99.0.1
18:22:12 https://letournesolboutiquesante.com:443/fr/wp-includes/js/dist/i18n.js  Mozilla/5.0 (Windows NT 10.0; Win64; x64; rv:99.0.1) Gecko/20220601 Firefox/99.0.1
18:22:12 https://letournesolboutiquesante.com:443/fr/wp-includes/js/dist/annotations.js  Mozilla/5.0 (Windows NT 10.0; Win64; x64; rv:99.0.1) Gecko/20220601 Firefox/99.0.1
18:22:12 https://letournesolboutiquesante.com:443/fr/wp-includes/js/dist/annotations.min.js  Mozilla/5.0 (Windows NT 10.0; Win64; x64; rv:99.0.1) Gecko/20220601 Firefox/99.0.1
18:22:12 https://letournesolboutiquesante.com:443/fr/wp-includes/js/media-models.js  Mozilla/5.0 (Windows NT 10.0; Win64; x64; rv:99.0.1) Gecko/20220601 Firefox/99.0.1
18:22:12 https://letournesolboutiquesante.com:443/fr/wp-content/themes/twentyfourteen/style.css  Mozilla/5.0 (Windows NT 10.0; Win64; x64; rv:99.0.1) Gecko/20220601 Firefox/99.0.1
18:22:12 https://letournesolboutiquesante.com:443/fr/wp-admin/css/edit.min.css  Mozilla/5.0 (Windows NT 10.0; Win64; x64; rv:99.0.1) Gecko/20220601 Firefox/99.0.1
18:22:12 https://letournesolboutiquesante.com:443/fr/wp-includes/js/dist/i18n.min.js  Mozilla/5.0 (Windows NT 10.0; Win64; x64; rv:99.0.1) Gecko/20220601 Firefox/99.0.1
18:22:12 https://letournesolboutiquesante.com:443/fr/wp-includes/js/dist/format-library.min.js  Mozilla/5.0 (Windows NT 10.0; Win64; x64; rv:99.0.1) Gecko/20220601 Firefox/99.0.1
18:22:12 https://letournesolboutiquesante.com:443/fr/wp-includes/js/dist/nux.js  Mozilla/5.0 (Windows NT 10.0; Win64; x64; rv:99.0.1) Gecko/20220601 Firefox/99.0.1
18:22:12 https://letournesolboutiquesante.com:443/fr/wp-admin/css/edit-rtl.min.css  Mozilla/5.0 (Windows NT 10.0; Win64; x64; rv:99.0.1) Gecko/20220601 Firefox/99.0.1
18:22:12 https://letournesolboutiquesante.com:443/fr/wp-admin/css/wp-admin-rtl.min.css  Mozilla/5.0 (Windows NT 10.0; Win64; x64; rv:99.0.1) Gecko/20220601 Firefox/99.0.1
18:22:12 https://letournesolboutiquesante.com:443/fr/wp-includes/js/dist/keycodes.min.js  Mozilla/5.0 (Windows NT 10.0; Win64; x64; rv:99.0.1) Gecko/20220601 Firefox/99.0.1
18:22:12 https://letournesolboutiquesante.com:443/fr/wp-includes/js/dist/notices.min.js  Mozilla/5.0 (Windows NT 10.0; Win64; x64; rv:99.0.1) Gecko/20220601 Firefox/99.0.1
18:22:12 https://letournesolboutiquesante.com:443/fr/wp-admin/css/customize-widgets-rtl.min.css  Mozilla/5.0 (Windows NT 10.0; Win64; x64; rv:99.0.1) Gecko/20220601 Firefox/99.0.1
18:22:12 https://letournesolboutiquesante.com:443/fr/wp-includes/js/dist/date.min.js  Mozilla/5.0 (Windows NT 10.0; Win64; x64; rv:99.0.1) Gecko/20220601 Firefox/99.0.1
18:22:12 https://letournesolboutiquesante.com:443/fr/wp-admin/js/tags-box.min.js  Mozilla/5.0 (Windows NT 10.0; Win64; x64; rv:99.0.1) Gecko/20220601 Firefox/99.0.1
18:22:12 https://letournesolboutiquesante.com:443/fr/wp-includes/css/wp-auth-check-rtl.min.css  Mozilla/5.0 (Windows NT 10.0; Win64; x64; rv:99.0.1) Gecko/20220601 Firefox/99.0.1
18:22:12 https://letournesolboutiquesante.com:443/fr/wp-includes/js/jquery/jquery.js  Mozilla/5.0 (Windows NT 10.0; Win64; x64; rv:99.0.1) Gecko/20220601 Firefox/99.0.1
18:22:12 https://letournesolboutiquesante.com:443/fr/wp-admin/css/about-rtl.css  Mozilla/5.0 (Windows NT 10.0; Win64; x64; rv:99.0.1) Gecko/20220601 Firefox/99.0.1
18:22:12 https://letournesolboutiquesante.com:443/fr/wp-admin/js/postbox.min.js  Mozilla/5.0 (Windows NT 10.0; Win64; x64; rv:99.0.1) Gecko/20220601 Firefox/99.0.1
18:22:13 https://letournesolboutiquesante.com:443/fr/wp-includes/js/dist/hooks.js  Mozilla/5.0 (Windows NT 10.0; Win64; x64; rv:99.0.1) Gecko/20220601 Firefox/99.0.1
18:22:13 https://letournesolboutiquesante.com:443/fr/wp-includes/js/dist/keycodes.js  Mozilla/5.0 (Windows NT 10.0; Win64; x64; rv:99.0.1) Gecko/20220601 Firefox/99.0.1
18:22:13 https://letournesolboutiquesante.com:443/fr/wp-includes/css/buttons-rtl.css  Mozilla/5.0 (Windows NT 10.0; Win64; x64; rv:99.0.1) Gecko/20220601 Firefox/99.0.1
18:22:13 https://letournesolboutiquesante.com:443/fr/wp-admin/css/about.css  Mozilla/5.0 (Windows NT 10.0; Win64; x64; rv:99.0.1) Gecko/20220601 Firefox/99.0.1
18:22:13 https://letournesolboutiquesante.com:443/fr/wp-admin/css/customize-widgets.min.css  Mozilla/5.0 (Windows NT 10.0; Win64; x64; rv:99.0.1) Gecko/20220601 Firefox/99.0.1
18:22:13 https://letournesolboutiquesante.com:443/fr/wp-admin/css/ie.min.css  Mozilla/5.0 (Windows NT 10.0; Win64; x64; rv:99.0.1) Gecko/20220601 Firefox/99.0.1
18:22:14 https://letournesolboutiquesante.com:443/fr/wp-admin/css/themes.css  Mozilla/5.0 (Windows NT 10.0; Win64; x64; rv:99.0.1) Gecko/20220601 Firefox/99.0.1
18:22:14 https://letournesolboutiquesante.com:443/fr/wp-includes/js/dist/plugins.js  Mozilla/5.0 (Windows NT 10.0; Win64; x64; rv:99.0.1) Gecko/20220601 Firefox/99.0.1
20:56:51 https://letournesolboutiquesante.com:443/sitemap.txt  Mozilla/5.0 AppleWebKit/537.36 (KHTML, like Gecko; compatible; bingbot/2.0; +http://www.bing.com/bingbot.htm) Chrome/116.0.1938.76 Safari/537.36
23:37:02 https://letournesolboutiquesante.com:443/.well-known/traffic-advice  Chrome Privacy Preserving Prefetch Proxy
