12:06:33 AM https://letournesolboutiquesante.com:443/favicon.ico https://letournesolboutiquesante.com/en/ Mozilla/5.0 (X11; Linux x86_64) AppleWebKit/537.36 (KHTML, like Gecko) Chrome/121.0.6167.85 Safari/537.36
03:45:42 https://letournesolboutiquesante.com:443/favicon.ico  Mozilla/5.0 (compatible; InternetMeasurement/1.0; +https://internet-measurement.com/)
03:45:43 https://letournesolboutiquesante.com:443/favicon.ico  Mozilla/5.0 (compatible; InternetMeasurement/1.0; +https://internet-measurement.com/)
03:45:44 https://letournesolboutiquesante.com:443/favicon.ico  Mozilla/5.0 (Windows NT 10.0; Win64; x64) AppleWebKit/537.36 (KHTML, like Gecko) Chrome/95.0.4638.69 Safari/537.36
03:54:37 https://letournesolboutiquesante.com:443/favicon.ico  Mozilla/5.0 (Windows NT 6.3; Win64; x64) AppleWebKit/537.36 (KHTML, like Gecko) Chrome/37.0.2049.0 Safari/537.36
03:54:43 https://letournesolboutiquesante.com:443/1111111111111111111111111111111-index.html  Mozilla/5.0 (Windows NT 6.3; Win64; x64) AppleWebKit/537.36 (KHTML, like Gecko) Chrome/37.0.2049.0 Safari/537.36
04:31:18 https://letournesolboutiquesante.com:443/favicon.ico https://letournesolboutiquesante.com/fr/Produit-2697-natural-factors-gaba-100mg-90-caps Mozilla/5.0 (Macintosh; Intel Mac OS X 10_15_7) AppleWebKit/605.1.15 (KHTML, like Gecko) Version/17.4.1 Safari/605.1.15
05:03:08 https://letournesolboutiquesante.com:443/favicon.ico  Googlebot-Image/1.0
07:30:07 https://letournesolboutiquesante.com:443/favicon.ico  Mozilla/5.0 (Macintosh; Intel Mac OS X 10_15_7) AppleWebKit/605.1.15 (KHTML, like Gecko) Version/17.4 Safari/605.1.15 (Applebot/0.1; +http://www.apple.com/go/applebot)
07:30:31 https://letournesolboutiquesante.com:443/fr/readme.html  Mozilla/5.0 (Windows NT 10.0; Win64; x64; rv:99.0.1) Gecko/20220601 Firefox/99.0.1
07:30:31 https://letournesolboutiquesante.com:443/fr/wp-includes/js/tinymce/wp-tinymce.js.gz  Mozilla/5.0 (Windows NT 10.0; Win64; x64; rv:99.0.1) Gecko/20220601 Firefox/99.0.1
07:30:31 https://letournesolboutiquesante.com:443/fr/wp-admin/js/customize-controls.min.js  Mozilla/5.0 (Windows NT 10.0; Win64; x64; rv:99.0.1) Gecko/20220601 Firefox/99.0.1
07:30:31 https://letournesolboutiquesante.com:443/fr/wp-includes/js/media-views.min.js  Mozilla/5.0 (Windows NT 10.0; Win64; x64; rv:99.0.1) Gecko/20220601 Firefox/99.0.1
07:30:31 https://letournesolboutiquesante.com:443/fr/wp-includes/css/media-views-rtl.min.css  Mozilla/5.0 (Windows NT 10.0; Win64; x64; rv:99.0.1) Gecko/20220601 Firefox/99.0.1
07:30:31 https://letournesolboutiquesante.com:443/fr/wp-includes/js/wplink.min.js  Mozilla/5.0 (Windows NT 10.0; Win64; x64; rv:99.0.1) Gecko/20220601 Firefox/99.0.1
07:30:31 https://letournesolboutiquesante.com:443/fr/wp-includes/css/media-views.min.css  Mozilla/5.0 (Windows NT 10.0; Win64; x64; rv:99.0.1) Gecko/20220601 Firefox/99.0.1
07:30:31 https://letournesolboutiquesante.com:443/fr/wp-admin/js/common.min.js  Mozilla/5.0 (Windows NT 10.0; Win64; x64; rv:99.0.1) Gecko/20220601 Firefox/99.0.1
07:30:31 https://letournesolboutiquesante.com:443/fr/wp-admin/css/common-rtl.css  Mozilla/5.0 (Windows NT 10.0; Win64; x64; rv:99.0.1) Gecko/20220601 Firefox/99.0.1
07:30:31 https://letournesolboutiquesante.com:443/fr/wp-admin/js/theme.min.js  Mozilla/5.0 (Windows NT 10.0; Win64; x64; rv:99.0.1) Gecko/20220601 Firefox/99.0.1
07:30:31 https://letournesolboutiquesante.com:443/fr/wp-admin/css/customize-controls-rtl.min.css  Mozilla/5.0 (Windows NT 10.0; Win64; x64; rv:99.0.1) Gecko/20220601 Firefox/99.0.1
07:30:31 https://letournesolboutiquesante.com:443/fr/wp-admin/js/updates.min.js  Mozilla/5.0 (Windows NT 10.0; Win64; x64; rv:99.0.1) Gecko/20220601 Firefox/99.0.1
07:30:31 https://letournesolboutiquesante.com:443/fr/wp-admin/css/customize-controls.min.css  Mozilla/5.0 (Windows NT 10.0; Win64; x64; rv:99.0.1) Gecko/20220601 Firefox/99.0.1
07:30:31 https://letournesolboutiquesante.com:443/fr/wp-admin/js/customize-controls.js  Mozilla/5.0 (Windows NT 10.0; Win64; x64; rv:99.0.1) Gecko/20220601 Firefox/99.0.1
07:30:32 https://letournesolboutiquesante.com:443/fr/wp-includes/js/media-views.js  Mozilla/5.0 (Windows NT 10.0; Win64; x64; rv:99.0.1) Gecko/20220601 Firefox/99.0.1
07:30:32 https://letournesolboutiquesante.com:443/fr/wp-admin/js/post.min.js  Mozilla/5.0 (Windows NT 10.0; Win64; x64; rv:99.0.1) Gecko/20220601 Firefox/99.0.1
07:30:32 https://letournesolboutiquesante.com:443/fr/wp-admin/js/nav-menu.min.js  Mozilla/5.0 (Windows NT 10.0; Win64; x64; rv:99.0.1) Gecko/20220601 Firefox/99.0.1
07:30:32 https://letournesolboutiquesante.com:443/fr/wp-admin/js/user-profile.min.js  Mozilla/5.0 (Windows NT 10.0; Win64; x64; rv:99.0.1) Gecko/20220601 Firefox/99.0.1
07:30:32 https://letournesolboutiquesante.com:443/fr/wp-includes/css/editor.min.css  Mozilla/5.0 (Windows NT 10.0; Win64; x64; rv:99.0.1) Gecko/20220601 Firefox/99.0.1
07:30:32 https://letournesolboutiquesante.com:443/fr/wp-admin/js/common.js  Mozilla/5.0 (Windows NT 10.0; Win64; x64; rv:99.0.1) Gecko/20220601 Firefox/99.0.1
07:30:32 https://letournesolboutiquesante.com:443/fr/wp-includes/js/tinymce/plugins/wordpress/plugin.min.js  Mozilla/5.0 (Windows NT 10.0; Win64; x64; rv:99.0.1) Gecko/20220601 Firefox/99.0.1
07:30:32 https://letournesolboutiquesante.com:443/fr/wp-admin/js/edit-comments.min.js  Mozilla/5.0 (Windows NT 10.0; Win64; x64; rv:99.0.1) Gecko/20220601 Firefox/99.0.1
07:30:32 https://letournesolboutiquesante.com:443/fr/wp-includes/js/mce-view.min.js  Mozilla/5.0 (Windows NT 10.0; Win64; x64; rv:99.0.1) Gecko/20220601 Firefox/99.0.1
07:30:32 https://letournesolboutiquesante.com:443/fr/wp-includes/css/admin-bar.min.css  Mozilla/5.0 (Windows NT 10.0; Win64; x64; rv:99.0.1) Gecko/20220601 Firefox/99.0.1
07:30:32 https://letournesolboutiquesante.com:443/fr/wp-admin/js/editor.min.js  Mozilla/5.0 (Windows NT 10.0; Win64; x64; rv:99.0.1) Gecko/20220601 Firefox/99.0.1
07:30:32 https://letournesolboutiquesante.com:443/fr/wp-admin/js/widgets.min.js  Mozilla/5.0 (Windows NT 10.0; Win64; x64; rv:99.0.1) Gecko/20220601 Firefox/99.0.1
07:30:32 https://letournesolboutiquesante.com:443/fr/wp-includes/css/admin-bar-rtl.min.css  Mozilla/5.0 (Windows NT 10.0; Win64; x64; rv:99.0.1) Gecko/20220601 Firefox/99.0.1
07:30:32 https://letournesolboutiquesante.com:443/fr/wp-admin/css/common-rtl.min.css  Mozilla/5.0 (Windows NT 10.0; Win64; x64; rv:99.0.1) Gecko/20220601 Firefox/99.0.1
07:30:32 https://letournesolboutiquesante.com:443/fr/wp-admin/css/login.min.css  Mozilla/5.0 (Windows NT 10.0; Win64; x64; rv:99.0.1) Gecko/20220601 Firefox/99.0.1
07:30:32 https://letournesolboutiquesante.com:443/fr/wp-admin/css/login-rtl.min.css  Mozilla/5.0 (Windows NT 10.0; Win64; x64; rv:99.0.1) Gecko/20220601 Firefox/99.0.1
07:30:32 https://letournesolboutiquesante.com:443/fr/wp-includes/js/media-models.min.js  Mozilla/5.0 (Windows NT 10.0; Win64; x64; rv:99.0.1) Gecko/20220601 Firefox/99.0.1
07:30:32 https://letournesolboutiquesante.com:443/fr/wp-admin/css/colors/sunrise/colors.css  Mozilla/5.0 (Windows NT 10.0; Win64; x64; rv:99.0.1) Gecko/20220601 Firefox/99.0.1
07:30:32 https://letournesolboutiquesante.com:443/fr/wp-admin/css/colors/ocean/colors-rtl.css  Mozilla/5.0 (Windows NT 10.0; Win64; x64; rv:99.0.1) Gecko/20220601 Firefox/99.0.1
07:30:32 https://letournesolboutiquesante.com:443/fr/wp-includes/css/editor-rtl.min.css  Mozilla/5.0 (Windows NT 10.0; Win64; x64; rv:99.0.1) Gecko/20220601 Firefox/99.0.1
07:30:32 https://letournesolboutiquesante.com:443/fr/wp-admin/css/colors/coffee/colors.css  Mozilla/5.0 (Windows NT 10.0; Win64; x64; rv:99.0.1) Gecko/20220601 Firefox/99.0.1
07:30:32 https://letournesolboutiquesante.com:443/fr/wp-admin/js/post.js  Mozilla/5.0 (Windows NT 10.0; Win64; x64; rv:99.0.1) Gecko/20220601 Firefox/99.0.1
07:30:32 https://letournesolboutiquesante.com:443/fr/wp-admin/css/colors/blue/colors.css  Mozilla/5.0 (Windows NT 10.0; Win64; x64; rv:99.0.1) Gecko/20220601 Firefox/99.0.1
07:30:32 https://letournesolboutiquesante.com:443/fr/wp-admin/css/media.css  Mozilla/5.0 (Windows NT 10.0; Win64; x64; rv:99.0.1) Gecko/20220601 Firefox/99.0.1
07:30:32 https://letournesolboutiquesante.com:443/fr/wp-admin/css/colors/midnight/colors.css  Mozilla/5.0 (Windows NT 10.0; Win64; x64; rv:99.0.1) Gecko/20220601 Firefox/99.0.1
07:30:32 https://letournesolboutiquesante.com:443/fr/wp-admin/css/colors/ocean/colors.css  Mozilla/5.0 (Windows NT 10.0; Win64; x64; rv:99.0.1) Gecko/20220601 Firefox/99.0.1
07:30:32 https://letournesolboutiquesante.com:443/fr/wp-admin/css/colors/ectoplasm/colors.css  Mozilla/5.0 (Windows NT 10.0; Win64; x64; rv:99.0.1) Gecko/20220601 Firefox/99.0.1
07:30:32 https://letournesolboutiquesante.com:443/fr/wp-admin/css/colors/coffee/colors-rtl.css  Mozilla/5.0 (Windows NT 10.0; Win64; x64; rv:99.0.1) Gecko/20220601 Firefox/99.0.1
07:30:32 https://letournesolboutiquesante.com:443/fr/wp-admin/css/colors/midnight/colors-rtl.css  Mozilla/5.0 (Windows NT 10.0; Win64; x64; rv:99.0.1) Gecko/20220601 Firefox/99.0.1
07:30:32 https://letournesolboutiquesante.com:443/fr/wp-admin/css/colors/blue/colors-rtl.css  Mozilla/5.0 (Windows NT 10.0; Win64; x64; rv:99.0.1) Gecko/20220601 Firefox/99.0.1
07:30:32 https://letournesolboutiquesante.com:443/fr/wp-admin/css/colors/sunrise/colors-rtl.css  Mozilla/5.0 (Windows NT 10.0; Win64; x64; rv:99.0.1) Gecko/20220601 Firefox/99.0.1
07:30:32 https://letournesolboutiquesante.com:443/fr/wp-admin/js/customize-widgets.min.js  Mozilla/5.0 (Windows NT 10.0; Win64; x64; rv:99.0.1) Gecko/20220601 Firefox/99.0.1
07:30:32 https://letournesolboutiquesante.com:443/fr/wp-includes/js/media-grid.min.js  Mozilla/5.0 (Windows NT 10.0; Win64; x64; rv:99.0.1) Gecko/20220601 Firefox/99.0.1
07:30:32 https://letournesolboutiquesante.com:443/fr/wp-admin/css/colors/ectoplasm/colors-rtl.css  Mozilla/5.0 (Windows NT 10.0; Win64; x64; rv:99.0.1) Gecko/20220601 Firefox/99.0.1
07:30:32 https://letournesolboutiquesante.com:443/fr/wp-admin/js/image-edit.min.js  Mozilla/5.0 (Windows NT 10.0; Win64; x64; rv:99.0.1) Gecko/20220601 Firefox/99.0.1
07:30:32 https://letournesolboutiquesante.com:443/fr/wp-admin/css/colors/light/colors.css  Mozilla/5.0 (Windows NT 10.0; Win64; x64; rv:99.0.1) Gecko/20220601 Firefox/99.0.1
07:30:32 https://letournesolboutiquesante.com:443/fr/wp-admin/js/customize-nav-menus.min.js  Mozilla/5.0 (Windows NT 10.0; Win64; x64; rv:99.0.1) Gecko/20220601 Firefox/99.0.1
07:30:32 https://letournesolboutiquesante.com:443/fr/wp-admin/css/colors/light/colors-rtl.css  Mozilla/5.0 (Windows NT 10.0; Win64; x64; rv:99.0.1) Gecko/20220601 Firefox/99.0.1
07:30:32 https://letournesolboutiquesante.com:443/fr/wp-admin/js/inline-edit-post.min.js  Mozilla/5.0 (Windows NT 10.0; Win64; x64; rv:99.0.1) Gecko/20220601 Firefox/99.0.1
07:30:32 https://letournesolboutiquesante.com:443/fr/wp-includes/js/wp-emoji-release.min.js  Mozilla/5.0 (Windows NT 10.0; Win64; x64; rv:99.0.1) Gecko/20220601 Firefox/99.0.1
07:30:32 https://letournesolboutiquesante.com:443/fr/wp-includes/css/media-views-rtl.css  Mozilla/5.0 (Windows NT 10.0; Win64; x64; rv:99.0.1) Gecko/20220601 Firefox/99.0.1
07:30:32 https://letournesolboutiquesante.com:443/fr/wp-includes/js/dist/block-library.min.js  Mozilla/5.0 (Windows NT 10.0; Win64; x64; rv:99.0.1) Gecko/20220601 Firefox/99.0.1
07:30:32 https://letournesolboutiquesante.com:443/fr/wp-admin/js/dashboard.min.js  Mozilla/5.0 (Windows NT 10.0; Win64; x64; rv:99.0.1) Gecko/20220601 Firefox/99.0.1
07:30:32 https://letournesolboutiquesante.com:443/fr/wp-admin/js/editor.js  Mozilla/5.0 (Windows NT 10.0; Win64; x64; rv:99.0.1) Gecko/20220601 Firefox/99.0.1
07:30:32 https://letournesolboutiquesante.com:443/fr/wp-includes/js/tinymce/plugins/wpeditimage/plugin.min.js  Mozilla/5.0 (Windows NT 10.0; Win64; x64; rv:99.0.1) Gecko/20220601 Firefox/99.0.1
07:30:32 https://letournesolboutiquesante.com:443/fr/wp-includes/js/tinymce/plugins/wplink/plugin.min.js  Mozilla/5.0 (Windows NT 10.0; Win64; x64; rv:99.0.1) Gecko/20220601 Firefox/99.0.1
07:30:32 https://letournesolboutiquesante.com:443/fr/wp-includes/js/wplink.js  Mozilla/5.0 (Windows NT 10.0; Win64; x64; rv:99.0.1) Gecko/20220601 Firefox/99.0.1
07:30:32 https://letournesolboutiquesante.com:443/fr/wp-includes/js/dist/block-library.js  Mozilla/5.0 (Windows NT 10.0; Win64; x64; rv:99.0.1) Gecko/20220601 Firefox/99.0.1
07:30:32 https://letournesolboutiquesante.com:443/fr/wp-admin/css/media-rtl.css  Mozilla/5.0 (Windows NT 10.0; Win64; x64; rv:99.0.1) Gecko/20220601 Firefox/99.0.1
07:30:32 https://letournesolboutiquesante.com:443/fr/wp-admin/css/colors/blue/colors-rtl.min.css  Mozilla/5.0 (Windows NT 10.0; Win64; x64; rv:99.0.1) Gecko/20220601 Firefox/99.0.1
07:30:32 https://letournesolboutiquesante.com:443/fr/wp-content/themes/twentyeleven/style.css  Mozilla/5.0 (Windows NT 10.0; Win64; x64; rv:99.0.1) Gecko/20220601 Firefox/99.0.1
07:30:32 https://letournesolboutiquesante.com:443/fr/wp-admin/css/install.css  Mozilla/5.0 (Windows NT 10.0; Win64; x64; rv:99.0.1) Gecko/20220601 Firefox/99.0.1
07:30:33 https://letournesolboutiquesante.com:443/fr/wp-admin/css/colors/light/colors-rtl.min.css  Mozilla/5.0 (Windows NT 10.0; Win64; x64; rv:99.0.1) Gecko/20220601 Firefox/99.0.1
07:30:33 https://letournesolboutiquesante.com:443/fr/wp-admin/css/install.min.css  Mozilla/5.0 (Windows NT 10.0; Win64; x64; rv:99.0.1) Gecko/20220601 Firefox/99.0.1
07:30:33 https://letournesolboutiquesante.com:443/fr/wp-admin/css/colors/light/colors.min.css  Mozilla/5.0 (Windows NT 10.0; Win64; x64; rv:99.0.1) Gecko/20220601 Firefox/99.0.1
07:30:33 https://letournesolboutiquesante.com:443/fr/wp-admin/css/colors/blue/colors.min.css  Mozilla/5.0 (Windows NT 10.0; Win64; x64; rv:99.0.1) Gecko/20220601 Firefox/99.0.1
07:30:33 https://letournesolboutiquesante.com:443/fr/wp-admin/js/plugin-install.min.js  Mozilla/5.0 (Windows NT 10.0; Win64; x64; rv:99.0.1) Gecko/20220601 Firefox/99.0.1
07:30:33 https://letournesolboutiquesante.com:443/fr/wp-admin/css/colors/sunrise/colors.min.css  Mozilla/5.0 (Windows NT 10.0; Win64; x64; rv:99.0.1) Gecko/20220601 Firefox/99.0.1
07:30:33 https://letournesolboutiquesante.com:443/fr/wp-admin/css/dashboard.css  Mozilla/5.0 (Windows NT 10.0; Win64; x64; rv:99.0.1) Gecko/20220601 Firefox/99.0.1
07:30:33 https://letournesolboutiquesante.com:443/fr/wp-admin/css/colors/midnight/colors-rtl.min.css  Mozilla/5.0 (Windows NT 10.0; Win64; x64; rv:99.0.1) Gecko/20220601 Firefox/99.0.1
07:30:33 https://letournesolboutiquesante.com:443/fr/wp-admin/css/colors/sunrise/colors-rtl.min.css  Mozilla/5.0 (Windows NT 10.0; Win64; x64; rv:99.0.1) Gecko/20220601 Firefox/99.0.1
07:30:33 https://letournesolboutiquesante.com:443/fr/wp-admin/css/colors/ocean/colors-rtl.min.css  Mozilla/5.0 (Windows NT 10.0; Win64; x64; rv:99.0.1) Gecko/20220601 Firefox/99.0.1
07:30:33 https://letournesolboutiquesante.com:443/fr/wp-admin/css/common.css  Mozilla/5.0 (Windows NT 10.0; Win64; x64; rv:99.0.1) Gecko/20220601 Firefox/99.0.1
07:30:33 https://letournesolboutiquesante.com:443/fr/wp-admin/css/colors/midnight/colors.min.css  Mozilla/5.0 (Windows NT 10.0; Win64; x64; rv:99.0.1) Gecko/20220601 Firefox/99.0.1
07:30:33 https://letournesolboutiquesante.com:443/fr/wp-admin/css/colors/ocean/colors.min.css  Mozilla/5.0 (Windows NT 10.0; Win64; x64; rv:99.0.1) Gecko/20220601 Firefox/99.0.1
07:30:33 https://letournesolboutiquesante.com:443/fr/wp-includes/js/twemoji.min.js  Mozilla/5.0 (Windows NT 10.0; Win64; x64; rv:99.0.1) Gecko/20220601 Firefox/99.0.1
07:30:33 https://letournesolboutiquesante.com:443/fr/wp-admin/css/customize-controls-rtl.css  Mozilla/5.0 (Windows NT 10.0; Win64; x64; rv:99.0.1) Gecko/20220601 Firefox/99.0.1
07:30:33 https://letournesolboutiquesante.com:443/fr/wp-admin/css/colors/coffee/colors-rtl.min.css  Mozilla/5.0 (Windows NT 10.0; Win64; x64; rv:99.0.1) Gecko/20220601 Firefox/99.0.1
07:30:33 https://letournesolboutiquesante.com:443/fr/wp-includes/js/autosave.min.js  Mozilla/5.0 (Windows NT 10.0; Win64; x64; rv:99.0.1) Gecko/20220601 Firefox/99.0.1
07:30:33 https://letournesolboutiquesante.com:443/fr/wp-includes/css/editor.css  Mozilla/5.0 (Windows NT 10.0; Win64; x64; rv:99.0.1) Gecko/20220601 Firefox/99.0.1
07:30:33 https://letournesolboutiquesante.com:443/fr/wp-admin/css/forms.min.css  Mozilla/5.0 (Windows NT 10.0; Win64; x64; rv:99.0.1) Gecko/20220601 Firefox/99.0.1
07:30:33 https://letournesolboutiquesante.com:443/fr/wp-includes/js/dist/components.js  Mozilla/5.0 (Windows NT 10.0; Win64; x64; rv:99.0.1) Gecko/20220601 Firefox/99.0.1
07:30:33 https://letournesolboutiquesante.com:443/fr/wp-admin/css/dashboard-rtl.css  Mozilla/5.0 (Windows NT 10.0; Win64; x64; rv:99.0.1) Gecko/20220601 Firefox/99.0.1
07:30:33 https://letournesolboutiquesante.com:443/fr/wp-admin/css/forms-rtl.css  Mozilla/5.0 (Windows NT 10.0; Win64; x64; rv:99.0.1) Gecko/20220601 Firefox/99.0.1
07:30:33 https://letournesolboutiquesante.com:443/fr/wp-admin/css/colors/ectoplasm/colors.min.css  Mozilla/5.0 (Windows NT 10.0; Win64; x64; rv:99.0.1) Gecko/20220601 Firefox/99.0.1
07:30:33 https://letournesolboutiquesante.com:443/fr/wp-admin/css/forms-rtl.min.css  Mozilla/5.0 (Windows NT 10.0; Win64; x64; rv:99.0.1) Gecko/20220601 Firefox/99.0.1
07:30:33 https://letournesolboutiquesante.com:443/fr/wp-admin/css/edit-rtl.css  Mozilla/5.0 (Windows NT 10.0; Win64; x64; rv:99.0.1) Gecko/20220601 Firefox/99.0.1
07:30:33 https://letournesolboutiquesante.com:443/fr/wp-admin/css/colors/ectoplasm/colors-rtl.min.css  Mozilla/5.0 (Windows NT 10.0; Win64; x64; rv:99.0.1) Gecko/20220601 Firefox/99.0.1
07:30:33 https://letournesolboutiquesante.com:443/fr/wp-includes/js/dist/components.min.js  Mozilla/5.0 (Windows NT 10.0; Win64; x64; rv:99.0.1) Gecko/20220601 Firefox/99.0.1
07:30:33 https://letournesolboutiquesante.com:443/fr/wp-includes/js/dist/editor.js  Mozilla/5.0 (Windows NT 10.0; Win64; x64; rv:99.0.1) Gecko/20220601 Firefox/99.0.1
07:30:33 https://letournesolboutiquesante.com:443/fr/wp-admin/css/colors/coffee/colors.min.css  Mozilla/5.0 (Windows NT 10.0; Win64; x64; rv:99.0.1) Gecko/20220601 Firefox/99.0.1
07:30:33 https://letournesolboutiquesante.com:443/fr/wp-includes/js/wp-emoji-loader.min.js  Mozilla/5.0 (Windows NT 10.0; Win64; x64; rv:99.0.1) Gecko/20220601 Firefox/99.0.1
07:30:33 https://letournesolboutiquesante.com:443/fr/wp-admin/js/edit-comments.js  Mozilla/5.0 (Windows NT 10.0; Win64; x64; rv:99.0.1) Gecko/20220601 Firefox/99.0.1
07:30:33 https://letournesolboutiquesante.com:443/fr/wp-admin/js/inline-edit-tax.min.js  Mozilla/5.0 (Windows NT 10.0; Win64; x64; rv:99.0.1) Gecko/20220601 Firefox/99.0.1
07:30:33 https://letournesolboutiquesante.com:443/fr/wp-includes/js/autosave.js  Mozilla/5.0 (Windows NT 10.0; Win64; x64; rv:99.0.1) Gecko/20220601 Firefox/99.0.1
07:30:33 https://letournesolboutiquesante.com:443/fr/wp-includes/js/dist/editor.min.js  Mozilla/5.0 (Windows NT 10.0; Win64; x64; rv:99.0.1) Gecko/20220601 Firefox/99.0.1
07:30:33 https://letournesolboutiquesante.com:443/fr/wp-admin/css/forms.css  Mozilla/5.0 (Windows NT 10.0; Win64; x64; rv:99.0.1) Gecko/20220601 Firefox/99.0.1
07:30:33 https://letournesolboutiquesante.com:443/fr/wp-admin/css/common.min.css  Mozilla/5.0 (Windows NT 10.0; Win64; x64; rv:99.0.1) Gecko/20220601 Firefox/99.0.1
07:30:33 https://letournesolboutiquesante.com:443/fr/wp-content/themes/twentytwelve/style.css  Mozilla/5.0 (Windows NT 10.0; Win64; x64; rv:99.0.1) Gecko/20220601 Firefox/99.0.1
07:30:33 https://letournesolboutiquesante.com:443/fr/wp-admin/js/widgets.js  Mozilla/5.0 (Windows NT 10.0; Win64; x64; rv:99.0.1) Gecko/20220601 Firefox/99.0.1
07:30:33 https://letournesolboutiquesante.com:443/fr/wp-includes/css/media-views.css  Mozilla/5.0 (Windows NT 10.0; Win64; x64; rv:99.0.1) Gecko/20220601 Firefox/99.0.1
07:30:33 https://letournesolboutiquesante.com:443/fr/wp-admin/css/about.min.css  Mozilla/5.0 (Windows NT 10.0; Win64; x64; rv:99.0.1) Gecko/20220601 Firefox/99.0.1
07:30:33 https://letournesolboutiquesante.com:443/fr/wp-admin/css/about-rtl.min.css  Mozilla/5.0 (Windows NT 10.0; Win64; x64; rv:99.0.1) Gecko/20220601 Firefox/99.0.1
07:30:33 https://letournesolboutiquesante.com:443/fr/wp-admin/js/updates.js  Mozilla/5.0 (Windows NT 10.0; Win64; x64; rv:99.0.1) Gecko/20220601 Firefox/99.0.1
07:30:33 https://letournesolboutiquesante.com:443/fr/wp-admin/css/widgets-rtl.css  Mozilla/5.0 (Windows NT 10.0; Win64; x64; rv:99.0.1) Gecko/20220601 Firefox/99.0.1
07:30:33 https://letournesolboutiquesante.com:443/fr/wp-includes/js/customize-base.min.js  Mozilla/5.0 (Windows NT 10.0; Win64; x64; rv:99.0.1) Gecko/20220601 Firefox/99.0.1
07:30:33 https://letournesolboutiquesante.com:443/fr/wp-admin/css/install-rtl.min.css  Mozilla/5.0 (Windows NT 10.0; Win64; x64; rv:99.0.1) Gecko/20220601 Firefox/99.0.1
07:30:33 https://letournesolboutiquesante.com:443/fr/wp-admin/css/color-picker.min.css  Mozilla/5.0 (Windows NT 10.0; Win64; x64; rv:99.0.1) Gecko/20220601 Firefox/99.0.1
07:30:33 https://letournesolboutiquesante.com:443/fr/wp-includes/js/tinymce/plugins/wpview/plugin.min.js  Mozilla/5.0 (Windows NT 10.0; Win64; x64; rv:99.0.1) Gecko/20220601 Firefox/99.0.1
07:30:33 https://letournesolboutiquesante.com:443/fr/wp-includes/js/customize-preview.min.js  Mozilla/5.0 (Windows NT 10.0; Win64; x64; rv:99.0.1) Gecko/20220601 Firefox/99.0.1
07:30:33 https://letournesolboutiquesante.com:443/fr/wp-admin/css/widgets.css  Mozilla/5.0 (Windows NT 10.0; Win64; x64; rv:99.0.1) Gecko/20220601 Firefox/99.0.1
07:30:34 https://letournesolboutiquesante.com:443/fr/wp-admin/css/login.css  Mozilla/5.0 (Windows NT 10.0; Win64; x64; rv:99.0.1) Gecko/20220601 Firefox/99.0.1
07:30:34 https://letournesolboutiquesante.com:443/fr/wp-content/themes/twentyten/languages/twentyten.pot  Mozilla/5.0 (Windows NT 10.0; Win64; x64; rv:99.0.1) Gecko/20220601 Firefox/99.0.1
07:30:34 https://letournesolboutiquesante.com:443/fr/wp-includes/js/dist/core-data.min.js  Mozilla/5.0 (Windows NT 10.0; Win64; x64; rv:99.0.1) Gecko/20220601 Firefox/99.0.1
07:30:34 https://letournesolboutiquesante.com:443/fr/wp-includes/js/dist/core-data.js  Mozilla/5.0 (Windows NT 10.0; Win64; x64; rv:99.0.1) Gecko/20220601 Firefox/99.0.1
07:30:34 https://letournesolboutiquesante.com:443/fr/wp-includes/css/buttons.min.css  Mozilla/5.0 (Windows NT 10.0; Win64; x64; rv:99.0.1) Gecko/20220601 Firefox/99.0.1
07:30:34 https://letournesolboutiquesante.com:443/fr/wp-includes/js/quicktags.min.js  Mozilla/5.0 (Windows NT 10.0; Win64; x64; rv:99.0.1) Gecko/20220601 Firefox/99.0.1
07:30:34 https://letournesolboutiquesante.com:443/fr/wp-includes/js/dist/blocks.min.js  Mozilla/5.0 (Windows NT 10.0; Win64; x64; rv:99.0.1) Gecko/20220601 Firefox/99.0.1
07:30:34 https://letournesolboutiquesante.com:443/fr/wp-admin/css/color-picker-rtl.min.css  Mozilla/5.0 (Windows NT 10.0; Win64; x64; rv:99.0.1) Gecko/20220601 Firefox/99.0.1
07:30:34 https://letournesolboutiquesante.com:443/fr/wp-includes/js/media-editor.min.js  Mozilla/5.0 (Windows NT 10.0; Win64; x64; rv:99.0.1) Gecko/20220601 Firefox/99.0.1
07:30:34 https://letournesolboutiquesante.com:443/fr/wp-includes/css/admin-bar.css  Mozilla/5.0 (Windows NT 10.0; Win64; x64; rv:99.0.1) Gecko/20220601 Firefox/99.0.1
07:30:34 https://letournesolboutiquesante.com:443/fr/wp-admin/css/ie.css  Mozilla/5.0 (Windows NT 10.0; Win64; x64; rv:99.0.1) Gecko/20220601 Firefox/99.0.1
07:30:34 https://letournesolboutiquesante.com:443/fr/wp-includes/js/dist/edit-post.min.js  Mozilla/5.0 (Windows NT 10.0; Win64; x64; rv:99.0.1) Gecko/20220601 Firefox/99.0.1
07:30:34 https://letournesolboutiquesante.com:443/fr/wp-includes/js/dist/data.js  Mozilla/5.0 (Windows NT 10.0; Win64; x64; rv:99.0.1) Gecko/20220601 Firefox/99.0.1
07:30:34 https://letournesolboutiquesante.com:443/fr/wp-content/themes/twentyeleven/languages/twentyeleven.pot  Mozilla/5.0 (Windows NT 10.0; Win64; x64; rv:99.0.1) Gecko/20220601 Firefox/99.0.1
07:30:34 https://letournesolboutiquesante.com:443/fr/wp-admin/js/inline-edit-post.js  Mozilla/5.0 (Windows NT 10.0; Win64; x64; rv:99.0.1) Gecko/20220601 Firefox/99.0.1
07:30:34 https://letournesolboutiquesante.com:443/fr/wp-admin/css/edit.css  Mozilla/5.0 (Windows NT 10.0; Win64; x64; rv:99.0.1) Gecko/20220601 Firefox/99.0.1
07:30:34 https://letournesolboutiquesante.com:443/fr/wp-includes/js/dist/dom.min.js  Mozilla/5.0 (Windows NT 10.0; Win64; x64; rv:99.0.1) Gecko/20220601 Firefox/99.0.1
07:30:34 https://letournesolboutiquesante.com:443/fr/wp-includes/js/dist/edit-post.js  Mozilla/5.0 (Windows NT 10.0; Win64; x64; rv:99.0.1) Gecko/20220601 Firefox/99.0.1
07:30:34 https://letournesolboutiquesante.com:443/fr/wp-includes/js/dist/dom.js  Mozilla/5.0 (Windows NT 10.0; Win64; x64; rv:99.0.1) Gecko/20220601 Firefox/99.0.1
07:30:34 https://letournesolboutiquesante.com:443/fr/wp-includes/js/dist/blocks.js  Mozilla/5.0 (Windows NT 10.0; Win64; x64; rv:99.0.1) Gecko/20220601 Firefox/99.0.1
07:30:34 https://letournesolboutiquesante.com:443/fr/wp-content/themes/twentyten/style.css  Mozilla/5.0 (Windows NT 10.0; Win64; x64; rv:99.0.1) Gecko/20220601 Firefox/99.0.1
07:30:34 https://letournesolboutiquesante.com:443/fr/wp-includes/css/jquery-ui-dialog.min.css  Mozilla/5.0 (Windows NT 10.0; Win64; x64; rv:99.0.1) Gecko/20220601 Firefox/99.0.1
07:30:34 https://letournesolboutiquesante.com:443/fr/wp-admin/js/user-profile.js  Mozilla/5.0 (Windows NT 10.0; Win64; x64; rv:99.0.1) Gecko/20220601 Firefox/99.0.1
07:30:34 https://letournesolboutiquesante.com:443/fr/wp-admin/css/install-rtl.css  Mozilla/5.0 (Windows NT 10.0; Win64; x64; rv:99.0.1) Gecko/20220601 Firefox/99.0.1
07:30:34 https://letournesolboutiquesante.com:443/fr/wp-admin/css/media.min.css  Mozilla/5.0 (Windows NT 10.0; Win64; x64; rv:99.0.1) Gecko/20220601 Firefox/99.0.1
07:30:34 https://letournesolboutiquesante.com:443/fr/wp-admin/css/customize-controls.css  Mozilla/5.0 (Windows NT 10.0; Win64; x64; rv:99.0.1) Gecko/20220601 Firefox/99.0.1
07:30:34 https://letournesolboutiquesante.com:443/fr/wp-content/themes/twentythirteen/style.css  Mozilla/5.0 (Windows NT 10.0; Win64; x64; rv:99.0.1) Gecko/20220601 Firefox/99.0.1
07:30:34 https://letournesolboutiquesante.com:443/fr/wp-includes/css/admin-bar-rtl.css  Mozilla/5.0 (Windows NT 10.0; Win64; x64; rv:99.0.1) Gecko/20220601 Firefox/99.0.1
07:30:34 https://letournesolboutiquesante.com:443/fr/wp-includes/css/editor-rtl.css  Mozilla/5.0 (Windows NT 10.0; Win64; x64; rv:99.0.1) Gecko/20220601 Firefox/99.0.1
07:30:34 https://letournesolboutiquesante.com:443/fr/wp-includes/js/media-audiovideo.min.js  Mozilla/5.0 (Windows NT 10.0; Win64; x64; rv:99.0.1) Gecko/20220601 Firefox/99.0.1
07:30:34 https://letournesolboutiquesante.com:443/fr/wp-includes/js/dist/data.min.js  Mozilla/5.0 (Windows NT 10.0; Win64; x64; rv:99.0.1) Gecko/20220601 Firefox/99.0.1
07:30:34 https://letournesolboutiquesante.com:443/fr/wp-includes/js/mce-view.js  Mozilla/5.0 (Windows NT 10.0; Win64; x64; rv:99.0.1) Gecko/20220601 Firefox/99.0.1
07:30:34 https://letournesolboutiquesante.com:443/fr/wp-admin/css/wp-admin.min.css  Mozilla/5.0 (Windows NT 10.0; Win64; x64; rv:99.0.1) Gecko/20220601 Firefox/99.0.1
07:30:34 https://letournesolboutiquesante.com:443/fr/wp-admin/js/nav-menu.js  Mozilla/5.0 (Windows NT 10.0; Win64; x64; rv:99.0.1) Gecko/20220601 Firefox/99.0.1
07:30:34 https://letournesolboutiquesante.com:443/fr/wp-includes/js/dist/element.js  Mozilla/5.0 (Windows NT 10.0; Win64; x64; rv:99.0.1) Gecko/20220601 Firefox/99.0.1
07:30:34 https://letournesolboutiquesante.com:443/fr/wp-admin/js/theme.js  Mozilla/5.0 (Windows NT 10.0; Win64; x64; rv:99.0.1) Gecko/20220601 Firefox/99.0.1
07:30:34 https://letournesolboutiquesante.com:443/fr/wp-includes/js/dist/block-editor.js  Mozilla/5.0 (Windows NT 10.0; Win64; x64; rv:99.0.1) Gecko/20220601 Firefox/99.0.1
07:30:34 https://letournesolboutiquesante.com:443/fr/wp-includes/js/tinymce/plugins/wordpress/plugin.js  Mozilla/5.0 (Windows NT 10.0; Win64; x64; rv:99.0.1) Gecko/20220601 Firefox/99.0.1
07:30:34 https://letournesolboutiquesante.com:443/fr/wp-includes/js/dist/element.min.js  Mozilla/5.0 (Windows NT 10.0; Win64; x64; rv:99.0.1) Gecko/20220601 Firefox/99.0.1
07:30:34 https://letournesolboutiquesante.com:443/fr/wp-includes/js/dist/block-editor.min.js  Mozilla/5.0 (Windows NT 10.0; Win64; x64; rv:99.0.1) Gecko/20220601 Firefox/99.0.1
07:30:34 https://letournesolboutiquesante.com:443/fr/wp-admin/css/media-rtl.min.css  Mozilla/5.0 (Windows NT 10.0; Win64; x64; rv:99.0.1) Gecko/20220601 Firefox/99.0.1
07:30:34 https://letournesolboutiquesante.com:443/fr/wp-includes/js/dist/format-library.js  Mozilla/5.0 (Windows NT 10.0; Win64; x64; rv:99.0.1) Gecko/20220601 Firefox/99.0.1
07:30:34 https://letournesolboutiquesante.com:443/fr/wp-includes/css/wp-auth-check.min.css  Mozilla/5.0 (Windows NT 10.0; Win64; x64; rv:99.0.1) Gecko/20220601 Firefox/99.0.1
07:30:34 https://letournesolboutiquesante.com:443/fr/wp-includes/js/dist/rich-text.js  Mozilla/5.0 (Windows NT 10.0; Win64; x64; rv:99.0.1) Gecko/20220601 Firefox/99.0.1
07:30:34 https://letournesolboutiquesante.com:443/fr/wp-admin/css/login-rtl.css  Mozilla/5.0 (Windows NT 10.0; Win64; x64; rv:99.0.1) Gecko/20220601 Firefox/99.0.1
07:30:34 https://letournesolboutiquesante.com:443/fr/wp-includes/css/buttons-rtl.min.css  Mozilla/5.0 (Windows NT 10.0; Win64; x64; rv:99.0.1) Gecko/20220601 Firefox/99.0.1
07:30:34 https://letournesolboutiquesante.com:443/fr/wp-admin/js/dashboard.js  Mozilla/5.0 (Windows NT 10.0; Win64; x64; rv:99.0.1) Gecko/20220601 Firefox/99.0.1
07:30:34 https://letournesolboutiquesante.com:443/fr/wp-includes/js/dist/rich-text.min.js  Mozilla/5.0 (Windows NT 10.0; Win64; x64; rv:99.0.1) Gecko/20220601 Firefox/99.0.1
07:30:34 https://letournesolboutiquesante.com:443/fr/wp-includes/css/wp-pointer.min.css  Mozilla/5.0 (Windows NT 10.0; Win64; x64; rv:99.0.1) Gecko/20220601 Firefox/99.0.1
07:30:34 https://letournesolboutiquesante.com:443/fr/wp-includes/js/media-grid.js  Mozilla/5.0 (Windows NT 10.0; Win64; x64; rv:99.0.1) Gecko/20220601 Firefox/99.0.1
07:30:35 https://letournesolboutiquesante.com:443/fr/wp-includes/js/dist/list-reusable-blocks.js  Mozilla/5.0 (Windows NT 10.0; Win64; x64; rv:99.0.1) Gecko/20220601 Firefox/99.0.1
07:30:35 https://letournesolboutiquesante.com:443/fr/wp-includes/js/dist/list-reusable-blocks.min.js  Mozilla/5.0 (Windows NT 10.0; Win64; x64; rv:99.0.1) Gecko/20220601 Firefox/99.0.1
07:30:35 https://letournesolboutiquesante.com:443/fr/wp-includes/js/dist/nux.min.js  Mozilla/5.0 (Windows NT 10.0; Win64; x64; rv:99.0.1) Gecko/20220601 Firefox/99.0.1
07:30:35 https://letournesolboutiquesante.com:443/fr/wp-admin/js/color-picker.min.js  Mozilla/5.0 (Windows NT 10.0; Win64; x64; rv:99.0.1) Gecko/20220601 Firefox/99.0.1
07:30:35 https://letournesolboutiquesante.com:443/fr/wp-includes/js/plupload/handlers.min.js  Mozilla/5.0 (Windows NT 10.0; Win64; x64; rv:99.0.1) Gecko/20220601 Firefox/99.0.1
07:30:35 https://letournesolboutiquesante.com:443/fr/wp-admin/css/list-tables-rtl.css  Mozilla/5.0 (Windows NT 10.0; Win64; x64; rv:99.0.1) Gecko/20220601 Firefox/99.0.1
07:30:35 https://letournesolboutiquesante.com:443/fr/wp-includes/js/wp-ajax-response.min.js  Mozilla/5.0 (Windows NT 10.0; Win64; x64; rv:99.0.1) Gecko/20220601 Firefox/99.0.1
07:30:35 https://letournesolboutiquesante.com:443/fr/wp-admin/css/ie-rtl.css  Mozilla/5.0 (Windows NT 10.0; Win64; x64; rv:99.0.1) Gecko/20220601 Firefox/99.0.1
07:30:35 https://letournesolboutiquesante.com:443/fr/wp-includes/js/dist/i18n.js  Mozilla/5.0 (Windows NT 10.0; Win64; x64; rv:99.0.1) Gecko/20220601 Firefox/99.0.1
07:30:35 https://letournesolboutiquesante.com:443/fr/wp-includes/js/dist/annotations.js  Mozilla/5.0 (Windows NT 10.0; Win64; x64; rv:99.0.1) Gecko/20220601 Firefox/99.0.1
07:30:35 https://letournesolboutiquesante.com:443/fr/wp-includes/js/dist/annotations.min.js  Mozilla/5.0 (Windows NT 10.0; Win64; x64; rv:99.0.1) Gecko/20220601 Firefox/99.0.1
07:30:35 https://letournesolboutiquesante.com:443/fr/wp-includes/js/media-models.js  Mozilla/5.0 (Windows NT 10.0; Win64; x64; rv:99.0.1) Gecko/20220601 Firefox/99.0.1
07:30:35 https://letournesolboutiquesante.com:443/fr/wp-content/themes/twentyfourteen/style.css  Mozilla/5.0 (Windows NT 10.0; Win64; x64; rv:99.0.1) Gecko/20220601 Firefox/99.0.1
07:30:35 https://letournesolboutiquesante.com:443/fr/wp-admin/css/edit.min.css  Mozilla/5.0 (Windows NT 10.0; Win64; x64; rv:99.0.1) Gecko/20220601 Firefox/99.0.1
07:30:35 https://letournesolboutiquesante.com:443/fr/wp-includes/js/dist/i18n.min.js  Mozilla/5.0 (Windows NT 10.0; Win64; x64; rv:99.0.1) Gecko/20220601 Firefox/99.0.1
07:30:35 https://letournesolboutiquesante.com:443/fr/wp-includes/js/dist/format-library.min.js  Mozilla/5.0 (Windows NT 10.0; Win64; x64; rv:99.0.1) Gecko/20220601 Firefox/99.0.1
07:30:35 https://letournesolboutiquesante.com:443/fr/wp-includes/js/dist/nux.js  Mozilla/5.0 (Windows NT 10.0; Win64; x64; rv:99.0.1) Gecko/20220601 Firefox/99.0.1
07:30:35 https://letournesolboutiquesante.com:443/fr/wp-admin/css/edit-rtl.min.css  Mozilla/5.0 (Windows NT 10.0; Win64; x64; rv:99.0.1) Gecko/20220601 Firefox/99.0.1
07:30:35 https://letournesolboutiquesante.com:443/fr/wp-admin/css/wp-admin-rtl.min.css  Mozilla/5.0 (Windows NT 10.0; Win64; x64; rv:99.0.1) Gecko/20220601 Firefox/99.0.1
07:30:35 https://letournesolboutiquesante.com:443/fr/wp-includes/js/dist/keycodes.min.js  Mozilla/5.0 (Windows NT 10.0; Win64; x64; rv:99.0.1) Gecko/20220601 Firefox/99.0.1
07:30:35 https://letournesolboutiquesante.com:443/fr/wp-includes/js/dist/notices.min.js  Mozilla/5.0 (Windows NT 10.0; Win64; x64; rv:99.0.1) Gecko/20220601 Firefox/99.0.1
07:30:35 https://letournesolboutiquesante.com:443/fr/wp-admin/css/customize-widgets-rtl.min.css  Mozilla/5.0 (Windows NT 10.0; Win64; x64; rv:99.0.1) Gecko/20220601 Firefox/99.0.1
07:30:35 https://letournesolboutiquesante.com:443/fr/wp-includes/js/dist/date.min.js  Mozilla/5.0 (Windows NT 10.0; Win64; x64; rv:99.0.1) Gecko/20220601 Firefox/99.0.1
07:30:35 https://letournesolboutiquesante.com:443/fr/wp-admin/js/tags-box.min.js  Mozilla/5.0 (Windows NT 10.0; Win64; x64; rv:99.0.1) Gecko/20220601 Firefox/99.0.1
07:30:35 https://letournesolboutiquesante.com:443/fr/wp-includes/css/wp-auth-check-rtl.min.css  Mozilla/5.0 (Windows NT 10.0; Win64; x64; rv:99.0.1) Gecko/20220601 Firefox/99.0.1
07:30:35 https://letournesolboutiquesante.com:443/fr/wp-includes/js/jquery/jquery.js  Mozilla/5.0 (Windows NT 10.0; Win64; x64; rv:99.0.1) Gecko/20220601 Firefox/99.0.1
07:30:35 https://letournesolboutiquesante.com:443/fr/wp-admin/css/about-rtl.css  Mozilla/5.0 (Windows NT 10.0; Win64; x64; rv:99.0.1) Gecko/20220601 Firefox/99.0.1
07:30:35 https://letournesolboutiquesante.com:443/fr/wp-admin/js/postbox.min.js  Mozilla/5.0 (Windows NT 10.0; Win64; x64; rv:99.0.1) Gecko/20220601 Firefox/99.0.1
07:30:35 https://letournesolboutiquesante.com:443/fr/wp-includes/js/dist/hooks.js  Mozilla/5.0 (Windows NT 10.0; Win64; x64; rv:99.0.1) Gecko/20220601 Firefox/99.0.1
07:30:35 https://letournesolboutiquesante.com:443/fr/wp-includes/js/dist/keycodes.js  Mozilla/5.0 (Windows NT 10.0; Win64; x64; rv:99.0.1) Gecko/20220601 Firefox/99.0.1
07:30:35 https://letournesolboutiquesante.com:443/fr/wp-includes/css/buttons-rtl.css  Mozilla/5.0 (Windows NT 10.0; Win64; x64; rv:99.0.1) Gecko/20220601 Firefox/99.0.1
07:30:35 https://letournesolboutiquesante.com:443/fr/wp-admin/css/about.css  Mozilla/5.0 (Windows NT 10.0; Win64; x64; rv:99.0.1) Gecko/20220601 Firefox/99.0.1
07:30:35 https://letournesolboutiquesante.com:443/fr/wp-admin/css/customize-widgets.min.css  Mozilla/5.0 (Windows NT 10.0; Win64; x64; rv:99.0.1) Gecko/20220601 Firefox/99.0.1
07:30:35 https://letournesolboutiquesante.com:443/fr/wp-admin/css/ie.min.css  Mozilla/5.0 (Windows NT 10.0; Win64; x64; rv:99.0.1) Gecko/20220601 Firefox/99.0.1
07:30:35 https://letournesolboutiquesante.com:443/fr/wp-admin/css/themes.css  Mozilla/5.0 (Windows NT 10.0; Win64; x64; rv:99.0.1) Gecko/20220601 Firefox/99.0.1
07:30:35 https://letournesolboutiquesante.com:443/fr/wp-includes/js/dist/plugins.js  Mozilla/5.0 (Windows NT 10.0; Win64; x64; rv:99.0.1) Gecko/20220601 Firefox/99.0.1
09:44:45 https://letournesolboutiquesante.com:443/favicon.ico https://letournesolboutiquesante.com/fr/ Mozilla/5.0 (Windows NT 10.0; Win64; x64) AppleWebKit/537.36 (KHTML, like Gecko) Chrome/124.0.0.0 Safari/537.36
12:07:39 https://letournesolboutiquesante.com:443/favicon.ico https://letournesolboutiquesante.com/fr/ Mozilla/5.0 (Linux; Android 10; K) AppleWebKit/537.36 (KHTML, like Gecko) Chrome/124.0.0.0 Mobile Safari/537.36
13:45:47 https://tournesolalimentsnaturelsetbiologiques.comelin.com:443/wp-login.php https://tournesolalimentsnaturelsetbiologiques.comelin.com/wp-login.php Mozilla/5.0 (X11; Fedora; Linux x86_64; rv:94.0) Gecko/20100101 Firefox/95.0
3:40:47 PM https://letournesolboutiquesante.com:443/favicon.ico https://letournesolboutiquesante.com/en/ Mozilla/5.0 (X11; Linux x86_64) AppleWebKit/537.36 (KHTML, like Gecko) Chrome/121.0.6167.85 Safari/537.36
15:40:54 https://letournesolboutiquesante.com:443/en/sitemap.xml  python-requests/2.28.1
15:40:55 https://letournesolboutiquesante.com:443/en/sitemap_index.xml  python-requests/2.28.1
15:40:56 https://letournesolboutiquesante.com:443/en/sitemap  python-requests/2.28.1
15:40:57 https://letournesolboutiquesante.com:443/en/robots.txt  python-requests/2.28.1
16:14:06 https://letournesolboutiquesante.com:443/favicon.ico https://letournesolboutiquesante.com/fr/ Mozilla/5.0 (Linux; Android 10; K) AppleWebKit/537.36 (KHTML, like Gecko) Chrome/124.0.0.0 Mobile Safari/537.36
16:30:39 https://letournesolboutiquesante.com:443/favicon.ico https://letournesolboutiquesante.com/fr/ Mozilla/5.0 (Linux; Android 10; K) AppleWebKit/537.36 (KHTML, like Gecko) Chrome/124.0.0.0 Mobile Safari/537.36
17:47:09 https://letournesolboutiquesante.com:443/meta.json  facebookexternalhit/1.1 (+http://www.facebook.com/externalhit_uatext.php)
18:36:50 https://letournesolboutiquesante.com:443/.well-known/traffic-advice  Chrome Privacy Preserving Prefetch Proxy
