12:36:58 AM https://letournesolboutiquesante.com:443/favicon.ico https://letournesolboutiquesante.com/en/ Mozilla/5.0 (Linux; Android 10; K) AppleWebKit/537.36 (KHTML, like Gecko) SamsungBrowser/25.0 Chrome/121.0.0.0 Mobile Safari/537.36
06:44:43 https://letournesolboutiquesante.com:443/.env  Mozilla/5.0 (X11; Linux x86_64) AppleWebKit/537.36 (KHTML, like Gecko) Chrome/81.0.4044.129 Safari/537.36
09:55:36 https://letournesolboutiquesante.com:443/favicon.ico  Go-http-client/1.1
09:58:32 https://letournesolboutiquesante.com:443/favicon.ico  Go-http-client/1.1
09:58:33 https://letournesolboutiquesante.com:443/fr/robots.txt  Go-http-client/1.1
09:58:33 https://letournesolboutiquesante.com:443/fr/sitemap.xml  Go-http-client/1.1
10:00:25 https://letournesolboutiquesante.com:443/favicon.ico  Go-http-client/1.1
10:00:31 https://letournesolboutiquesante.com:443/fr/robots.txt  Go-http-client/1.1
10:00:31 https://letournesolboutiquesante.com:443/fr/sitemap.xml  Go-http-client/1.1
12:38:07 https://letournesolboutiquesante.com:443/wp-login.php http://letournesolboutiquesante.com/wp-login.php Mozilla/5.0 (X11; Fedora; Linux x86_64; rv:94.0) Gecko/20100101 Firefox/95.0
13:07:05 https://letournesolboutiquesante.com:443/favicon.ico https://letournesolboutiquesante.com/fr/ Mozilla/5.0 (Windows NT 10.0; Win64; x64; rv:127.0) Gecko/20100101 Firefox/127.0
13:10:19 https://letournesolboutiquesante.com:443/favicon.ico https://letournesolboutiquesante.com/fr/ Mozilla/5.0 (Macintosh; Intel Mac OS X 10_15_7) AppleWebKit/537.36 (KHTML, like Gecko) Chrome/124.0.0.0 Safari/537.36
13:29:14 https://letournesolboutiquesante.com:443/wp-admin/setup-config.php?step=1&language=en_GB  Mozilla/5.0 (Windows NT 10.0; Win64; x64; rv:108.0) Gecko/20100101 Firefox/108.0
13:29:15 https://letournesolboutiquesante.com:443/wp-admin/install.php?step=1&language=en_GB  Mozilla/5.0 (Windows NT 10.0; Win64; x64; rv:108.0) Gecko/20100101 Firefox/108.0
13:41:10 https://letournesolboutiquesante.com:443/.DS_Store  Go-http-client/2.0
2:23:22 PM https://letournesolboutiquesante.com:443/apple-touch-icon.png  Mozilla/5.0 (X11; Ubuntu; Linux i686; rv:109.0) Gecko/20100101 Firefox/121.0
2:23:22 PM https://letournesolboutiquesante.com:443/favicon.ico  Mozilla/5.0 (Windows NT 10.0; Win64; x64) AppleWebKit/537.36 (KHTML, like Gecko) Chrome/120.0.0.0 Safari/537.36
14:25:25 https://letournesolboutiquesante.com:443/en/sitemap.xml  python-requests/2.31.0
14:25:26 https://letournesolboutiquesante.com:443/en/sitemap_index.xml  python-requests/2.31.0
14:25:28 https://letournesolboutiquesante.com:443/en/sitemap  python-requests/2.31.0
14:25:29 https://letournesolboutiquesante.com:443/en/robots.txt  python-requests/2.31.0
14:25:34 https://letournesolboutiquesante.com:443/wp-admin/setup-config.php?step=1&language=en_GB  Mozilla/5.0 (Windows NT 10.0; Win64; x64; rv:108.0) Gecko/20100101 Firefox/108.0
14:25:35 https://letournesolboutiquesante.com:443/wp-admin/install.php?step=1&language=en_GB  Mozilla/5.0 (Windows NT 10.0; Win64; x64; rv:108.0) Gecko/20100101 Firefox/108.0
18:04:46 https://letournesolboutiquesante.com:443/.well-known/traffic-advice  Chrome Privacy Preserving Prefetch Proxy
18:19:20 https://letournesolboutiquesante.com:443/favicon.ico  Mozilla/5.0 (compatible; CensysInspect/1.1; +https://about.censys.io/)
18:23:54 https://letournesolboutiquesante.com:443/.git/config  Go-http-client/2.0
6:49:49 PM https://letournesolboutiquesante.com:443/favicon.ico https://letournesolboutiquesante.com/en/ Mozilla/5.0 (Macintosh; Intel Mac OS X 10_15_7) AppleWebKit/605.1.15 (KHTML, like Gecko) Version/17.5 Safari/605.1.15
19:17:43 https://letournesolboutiquesante.com:443/favicon.ico  Mozilla/5.0 (compatible; CensysInspect/1.1; +https://about.censys.io/)
