06:11:16 https://letournesolboutiquesante.com:443/favicon.ico https://letournesolboutiquesante.com/fr/Homeopathie-c12 Mozilla/5.0 (iPhone; CPU iPhone OS 17_4_1 like Mac OS X) AppleWebKit/605.1.15 (KHTML, like Gecko) Version/17.4.1 Mobile/15E148 Safari/604.1
06:38:13 https://letournesolboutiquesante.com:443/wp-login.php http://www.google.com.hk/ Mozilla/5.0 (Windows NT 6.1; WOW64) AppleWebKit/537.36 (KHTML, like Gecko) Chrome/42.0.2311.90 Safari/537.36
07:14:44 https://letournesolboutiquesante.com:443/sellers.json  Mozilla/5.0 (Windows NT 10.0; WOW64; rv:40.0) Gecko/20100101 Firefox/40.0
07:14:44 https://letournesolboutiquesante.com:443/ads.txt  Mozilla/5.0 (Windows NT 10.0; WOW64; rv:40.0) Gecko/20100101 Firefox/40.0
07:14:44 https://letournesolboutiquesante.com:443/app-ads.txt  Mozilla/5.0 (Windows NT 10.0; WOW64; rv:40.0) Gecko/20100101 Firefox/40.0
07:24:38 https://letournesolboutiquesante.com:443/favicon.ico  Googlebot-Image/1.0
8:33:05 AM https://letournesolboutiquesante.com:443/favicon.ico https://letournesolboutiquesante.com/favicon.ico DuckDuckBot/1.1; (+http://duckduckgo.com/duckduckbot.html)
8:33:05 AM https://letournesolboutiquesante.com:443/favicon.ico https://letournesolboutiquesante.com/favicon.ico DuckDuckBot/1.1; (+http://duckduckgo.com/duckduckbot.html)
08:33:11 https://letournesolboutiquesante.com:443/apple-touch-icon-precomposed.png  NetworkingExtension/8618.1.15.10.15 CFNetwork/1494.0.7 Darwin/23.4.0
08:33:11 https://letournesolboutiquesante.com:443/apple-touch-icon.png  NetworkingExtension/8618.1.15.10.15 CFNetwork/1494.0.7 Darwin/23.4.0
08:33:11 https://letournesolboutiquesante.com:443/favicon.ico  NetworkingExtension/8618.1.15.10.15 CFNetwork/1494.0.7 Darwin/23.4.0
08:33:11 https://letournesolboutiquesante.com:443/apple-touch-icon.png  Mozilla/5.0 (iPhone; CPU iPhone OS 17_4_1 like Mac OS X) AppleWebKit/605.1.15 (KHTML, like Gecko) Version/17.4 Mobile/15E148 Safari/604.1 Ddg/17.4
08:33:11 https://letournesolboutiquesante.com:443/favicon.ico  Mozilla/5.0 (iPhone; CPU iPhone OS 17_4_1 like Mac OS X) AppleWebKit/605.1.15 (KHTML, like Gecko) Version/17.4 Mobile/15E148 Safari/604.1 Ddg/17.4
08:33:12 https://letournesolboutiquesante.com:443/favicon.ico  Mozilla/5.0 (iPhone; CPU iPhone OS 17_4_1 like Mac OS X) AppleWebKit/605.1.15 (KHTML, like Gecko) Version/17.4 Mobile/15E148 Safari/604.1 Ddg/17.4
08:33:46 https://letournesolboutiquesante.com:443/favicon.ico  NetworkingExtension/8618.1.15.10.15 CFNetwork/1494.0.7 Darwin/23.4.0
08:33:46 https://letournesolboutiquesante.com:443/apple-touch-icon-precomposed.png  NetworkingExtension/8618.1.15.10.15 CFNetwork/1494.0.7 Darwin/23.4.0
08:33:46 https://letournesolboutiquesante.com:443/apple-touch-icon.png  NetworkingExtension/8618.1.15.10.15 CFNetwork/1494.0.7 Darwin/23.4.0
08:33:47 https://letournesolboutiquesante.com:443/apple-touch-icon.png  Mozilla/5.0 (iPhone; CPU iPhone OS 17_4_1 like Mac OS X) AppleWebKit/605.1.15 (KHTML, like Gecko) Version/17.4 Mobile/15E148 Safari/604.1 Ddg/17.4
08:33:47 https://letournesolboutiquesante.com:443/favicon.ico  Mozilla/5.0 (iPhone; CPU iPhone OS 17_4_1 like Mac OS X) AppleWebKit/605.1.15 (KHTML, like Gecko) Version/17.4 Mobile/15E148 Safari/604.1 Ddg/17.4
08:33:47 https://letournesolboutiquesante.com:443/favicon.ico  Mozilla/5.0 (iPhone; CPU iPhone OS 17_4_1 like Mac OS X) AppleWebKit/605.1.15 (KHTML, like Gecko) Version/17.4 Mobile/15E148 Safari/604.1 Ddg/17.4
08:34:14 https://letournesolboutiquesante.com:443/apple-touch-icon.png  NetworkingExtension/8618.1.15.10.15 CFNetwork/1494.0.7 Darwin/23.4.0
08:34:14 https://letournesolboutiquesante.com:443/apple-touch-icon-precomposed.png  NetworkingExtension/8618.1.15.10.15 CFNetwork/1494.0.7 Darwin/23.4.0
08:34:14 https://letournesolboutiquesante.com:443/favicon.ico  NetworkingExtension/8618.1.15.10.15 CFNetwork/1494.0.7 Darwin/23.4.0
08:34:15 https://letournesolboutiquesante.com:443/apple-touch-icon.png  Mozilla/5.0 (iPhone; CPU iPhone OS 17_4_1 like Mac OS X) AppleWebKit/605.1.15 (KHTML, like Gecko) Version/17.4 Mobile/15E148 Safari/604.1 Ddg/17.4
08:34:15 https://letournesolboutiquesante.com:443/favicon.ico  Mozilla/5.0 (iPhone; CPU iPhone OS 17_4_1 like Mac OS X) AppleWebKit/605.1.15 (KHTML, like Gecko) Version/17.4 Mobile/15E148 Safari/604.1 Ddg/17.4
08:34:15 https://letournesolboutiquesante.com:443/favicon.ico  Mozilla/5.0 (iPhone; CPU iPhone OS 17_4_1 like Mac OS X) AppleWebKit/605.1.15 (KHTML, like Gecko) Version/17.4 Mobile/15E148 Safari/604.1 Ddg/17.4
08:34:19 https://letournesolboutiquesante.com:443/apple-touch-icon.png  NetworkingExtension/8618.1.15.10.15 CFNetwork/1494.0.7 Darwin/23.4.0
08:34:19 https://letournesolboutiquesante.com:443/favicon.ico  NetworkingExtension/8618.1.15.10.15 CFNetwork/1494.0.7 Darwin/23.4.0
08:34:19 https://letournesolboutiquesante.com:443/apple-touch-icon-precomposed.png  NetworkingExtension/8618.1.15.10.15 CFNetwork/1494.0.7 Darwin/23.4.0
08:34:19 https://letournesolboutiquesante.com:443/apple-touch-icon.png  Mozilla/5.0 (iPhone; CPU iPhone OS 17_4_1 like Mac OS X) AppleWebKit/605.1.15 (KHTML, like Gecko) Version/17.4 Mobile/15E148 Safari/604.1 Ddg/17.4
08:34:19 https://letournesolboutiquesante.com:443/favicon.ico  Mozilla/5.0 (iPhone; CPU iPhone OS 17_4_1 like Mac OS X) AppleWebKit/605.1.15 (KHTML, like Gecko) Version/17.4 Mobile/15E148 Safari/604.1 Ddg/17.4
08:34:19 https://letournesolboutiquesante.com:443/favicon.ico  Mozilla/5.0 (iPhone; CPU iPhone OS 17_4_1 like Mac OS X) AppleWebKit/605.1.15 (KHTML, like Gecko) Version/17.4 Mobile/15E148 Safari/604.1 Ddg/17.4
08:36:01 https://letournesolboutiquesante.com:443/favicon.ico  NetworkingExtension/8618.1.15.10.15 CFNetwork/1494.0.7 Darwin/23.4.0
08:36:01 https://letournesolboutiquesante.com:443/apple-touch-icon.png  NetworkingExtension/8618.1.15.10.15 CFNetwork/1494.0.7 Darwin/23.4.0
08:36:01 https://letournesolboutiquesante.com:443/apple-touch-icon-precomposed.png  NetworkingExtension/8618.1.15.10.15 CFNetwork/1494.0.7 Darwin/23.4.0
08:36:01 https://letournesolboutiquesante.com:443/apple-touch-icon.png  Mozilla/5.0 (iPhone; CPU iPhone OS 17_4_1 like Mac OS X) AppleWebKit/605.1.15 (KHTML, like Gecko) Version/17.4 Mobile/15E148 Safari/604.1 Ddg/17.4
08:36:01 https://letournesolboutiquesante.com:443/favicon.ico  Mozilla/5.0 (iPhone; CPU iPhone OS 17_4_1 like Mac OS X) AppleWebKit/605.1.15 (KHTML, like Gecko) Version/17.4 Mobile/15E148 Safari/604.1 Ddg/17.4
08:36:02 https://letournesolboutiquesante.com:443/favicon.ico  Mozilla/5.0 (iPhone; CPU iPhone OS 17_4_1 like Mac OS X) AppleWebKit/605.1.15 (KHTML, like Gecko) Version/17.4 Mobile/15E148 Safari/604.1 Ddg/17.4
08:36:31 https://letournesolboutiquesante.com:443/apple-touch-icon.png  NetworkingExtension/8618.1.15.10.15 CFNetwork/1494.0.7 Darwin/23.4.0
08:36:31 https://letournesolboutiquesante.com:443/favicon.ico  NetworkingExtension/8618.1.15.10.15 CFNetwork/1494.0.7 Darwin/23.4.0
08:36:31 https://letournesolboutiquesante.com:443/apple-touch-icon-precomposed.png  NetworkingExtension/8618.1.15.10.15 CFNetwork/1494.0.7 Darwin/23.4.0
08:36:31 https://letournesolboutiquesante.com:443/apple-touch-icon.png  Mozilla/5.0 (iPhone; CPU iPhone OS 17_4_1 like Mac OS X) AppleWebKit/605.1.15 (KHTML, like Gecko) Version/17.4 Mobile/15E148 Safari/604.1 Ddg/17.4
08:36:31 https://letournesolboutiquesante.com:443/favicon.ico  Mozilla/5.0 (iPhone; CPU iPhone OS 17_4_1 like Mac OS X) AppleWebKit/605.1.15 (KHTML, like Gecko) Version/17.4 Mobile/15E148 Safari/604.1 Ddg/17.4
08:36:31 https://letournesolboutiquesante.com:443/favicon.ico  Mozilla/5.0 (iPhone; CPU iPhone OS 17_4_1 like Mac OS X) AppleWebKit/605.1.15 (KHTML, like Gecko) Version/17.4 Mobile/15E148 Safari/604.1 Ddg/17.4
08:45:57 https://letournesolboutiquesante.com:443/.well-known/traffic-advice  Chrome Privacy Preserving Prefetch Proxy
09:30:04 https://letournesolboutiquesante.com:443/wp-cron.php  IonCrawl (https://www.ionos.de/terms-gtc/faq-crawler-en/)
09:50:41 https://letournesolboutiquesante.com:443/wp-content/plugins/woocommerce-products-filter/js/plainoverlay/plainoverlay.jquery.json  Mozilla/5.0 (Windows NT 10.0; Win64; x64) AppleWebKit/537.36 (KHTML, like Gecko) Chrome/91.0.4472.124 Safari/537.36
09:51:06 https://letournesolboutiquesante.com:443/wp-cron.php  IonCrawl (https://www.ionos.de/terms-gtc/faq-crawler-en/)
11:35:12 https://letournesolboutiquesante.com:443/favicon.ico https://letournesolboutiquesante.com/fr/ Mozilla/5.0 (Windows NT 10.0; Win64; x64) AppleWebKit/537.36 (KHTML, like Gecko) Chrome/124.0.0.0 Safari/537.36
13:07:45 https://letournesolboutiquesante.com:443/wordpress http://letournesolboutiquesante.com/wordpress Mozilla/5.0 (Windows NT 10.0; Win64; x64) AppleWebKit/537.36 (KHTML, like Gecko) Chrome/74.0.3729.169 Safari/537.36
13:07:45 https://letournesolboutiquesante.com:443/Wordpress http://letournesolboutiquesante.com/Wordpress Mozilla/5.0 (Windows NT 10.0; Win64; x64) AppleWebKit/537.36 (KHTML, like Gecko) Chrome/74.0.3729.169 Safari/537.36
13:07:45 https://letournesolboutiquesante.com:443/WORDPRESS http://letournesolboutiquesante.com/WORDPRESS Mozilla/5.0 (Windows NT 10.0; Win64; x64) AppleWebKit/537.36 (KHTML, like Gecko) Chrome/74.0.3729.169 Safari/537.36
13:07:45 https://letournesolboutiquesante.com:443/WordPress http://letournesolboutiquesante.com/WordPress Mozilla/5.0 (Windows NT 10.0; Win64; x64) AppleWebKit/537.36 (KHTML, like Gecko) Chrome/74.0.3729.169 Safari/537.36
13:07:46 https://letournesolboutiquesante.com:443/wp http://letournesolboutiquesante.com/wp Mozilla/5.0 (Windows NT 10.0; Win64; x64) AppleWebKit/537.36 (KHTML, like Gecko) Chrome/74.0.3729.169 Safari/537.36
13:07:46 https://letournesolboutiquesante.com:443/Wp http://letournesolboutiquesante.com/Wp Mozilla/5.0 (Windows NT 10.0; Win64; x64) AppleWebKit/537.36 (KHTML, like Gecko) Chrome/74.0.3729.169 Safari/537.36
13:07:46 https://letournesolboutiquesante.com:443/WP http://letournesolboutiquesante.com/WP Mozilla/5.0 (Windows NT 10.0; Win64; x64) AppleWebKit/537.36 (KHTML, like Gecko) Chrome/74.0.3729.169 Safari/537.36
13:07:46 https://letournesolboutiquesante.com:443/old http://letournesolboutiquesante.com/old Mozilla/5.0 (Windows NT 10.0; Win64; x64) AppleWebKit/537.36 (KHTML, like Gecko) Chrome/74.0.3729.169 Safari/537.36
13:07:46 https://letournesolboutiquesante.com:443/Old http://letournesolboutiquesante.com/Old Mozilla/5.0 (Windows NT 10.0; Win64; x64) AppleWebKit/537.36 (KHTML, like Gecko) Chrome/74.0.3729.169 Safari/537.36
13:07:46 https://letournesolboutiquesante.com:443/OLD http://letournesolboutiquesante.com/OLD Mozilla/5.0 (Windows NT 10.0; Win64; x64) AppleWebKit/537.36 (KHTML, like Gecko) Chrome/74.0.3729.169 Safari/537.36
13:07:46 https://letournesolboutiquesante.com:443/oldsite http://letournesolboutiquesante.com/oldsite Mozilla/5.0 (Windows NT 10.0; Win64; x64) AppleWebKit/537.36 (KHTML, like Gecko) Chrome/74.0.3729.169 Safari/537.36
13:07:46 https://letournesolboutiquesante.com:443/new http://letournesolboutiquesante.com/new Mozilla/5.0 (Windows NT 10.0; Win64; x64) AppleWebKit/537.36 (KHTML, like Gecko) Chrome/74.0.3729.169 Safari/537.36
13:07:46 https://letournesolboutiquesante.com:443/New http://letournesolboutiquesante.com/New Mozilla/5.0 (Windows NT 10.0; Win64; x64) AppleWebKit/537.36 (KHTML, like Gecko) Chrome/74.0.3729.169 Safari/537.36
13:07:46 https://letournesolboutiquesante.com:443/NEW http://letournesolboutiquesante.com/NEW Mozilla/5.0 (Windows NT 10.0; Win64; x64) AppleWebKit/537.36 (KHTML, like Gecko) Chrome/74.0.3729.169 Safari/537.36
13:07:46 https://letournesolboutiquesante.com:443/wp-old http://letournesolboutiquesante.com/wp-old Mozilla/5.0 (Windows NT 10.0; Win64; x64) AppleWebKit/537.36 (KHTML, like Gecko) Chrome/74.0.3729.169 Safari/537.36
13:07:46 https://letournesolboutiquesante.com:443/2022 http://letournesolboutiquesante.com/2022 Mozilla/5.0 (Windows NT 10.0; Win64; x64) AppleWebKit/537.36 (KHTML, like Gecko) Chrome/74.0.3729.169 Safari/537.36
13:07:46 https://letournesolboutiquesante.com:443/2020 http://letournesolboutiquesante.com/2020 Mozilla/5.0 (Windows NT 10.0; Win64; x64) AppleWebKit/537.36 (KHTML, like Gecko) Chrome/74.0.3729.169 Safari/537.36
13:07:47 https://letournesolboutiquesante.com:443/2019 http://letournesolboutiquesante.com/2019 Mozilla/5.0 (Windows NT 10.0; Win64; x64) AppleWebKit/537.36 (KHTML, like Gecko) Chrome/74.0.3729.169 Safari/537.36
13:07:47 https://letournesolboutiquesante.com:443/2018 http://letournesolboutiquesante.com/2018 Mozilla/5.0 (Windows NT 10.0; Win64; x64) AppleWebKit/537.36 (KHTML, like Gecko) Chrome/74.0.3729.169 Safari/537.36
13:07:47 https://letournesolboutiquesante.com:443/backup http://letournesolboutiquesante.com/backup Mozilla/5.0 (Windows NT 10.0; Win64; x64) AppleWebKit/537.36 (KHTML, like Gecko) Chrome/74.0.3729.169 Safari/537.36
13:07:47 https://letournesolboutiquesante.com:443/test http://letournesolboutiquesante.com/test Mozilla/5.0 (Windows NT 10.0; Win64; x64) AppleWebKit/537.36 (KHTML, like Gecko) Chrome/74.0.3729.169 Safari/537.36
13:07:47 https://letournesolboutiquesante.com:443/Test http://letournesolboutiquesante.com/Test Mozilla/5.0 (Windows NT 10.0; Win64; x64) AppleWebKit/537.36 (KHTML, like Gecko) Chrome/74.0.3729.169 Safari/537.36
13:07:47 https://letournesolboutiquesante.com:443/TEST http://letournesolboutiquesante.com/TEST Mozilla/5.0 (Windows NT 10.0; Win64; x64) AppleWebKit/537.36 (KHTML, like Gecko) Chrome/74.0.3729.169 Safari/537.36
13:07:47 https://letournesolboutiquesante.com:443/demo http://letournesolboutiquesante.com/demo Mozilla/5.0 (Windows NT 10.0; Win64; x64) AppleWebKit/537.36 (KHTML, like Gecko) Chrome/74.0.3729.169 Safari/537.36
13:07:47 https://letournesolboutiquesante.com:443/bc http://letournesolboutiquesante.com/bc Mozilla/5.0 (Windows NT 10.0; Win64; x64) AppleWebKit/537.36 (KHTML, like Gecko) Chrome/74.0.3729.169 Safari/537.36
13:07:47 https://letournesolboutiquesante.com:443/www http://letournesolboutiquesante.com/www Mozilla/5.0 (Windows NT 10.0; Win64; x64) AppleWebKit/537.36 (KHTML, like Gecko) Chrome/74.0.3729.169 Safari/537.36
13:07:47 https://letournesolboutiquesante.com:443/WWW http://letournesolboutiquesante.com/WWW Mozilla/5.0 (Windows NT 10.0; Win64; x64) AppleWebKit/537.36 (KHTML, like Gecko) Chrome/74.0.3729.169 Safari/537.36
13:07:47 https://letournesolboutiquesante.com:443/Www http://letournesolboutiquesante.com/Www Mozilla/5.0 (Windows NT 10.0; Win64; x64) AppleWebKit/537.36 (KHTML, like Gecko) Chrome/74.0.3729.169 Safari/537.36
13:07:47 https://letournesolboutiquesante.com:443/2021 http://letournesolboutiquesante.com/2021 Mozilla/5.0 (Windows NT 10.0; Win64; x64) AppleWebKit/537.36 (KHTML, like Gecko) Chrome/74.0.3729.169 Safari/537.36
13:07:47 https://letournesolboutiquesante.com:443/main http://letournesolboutiquesante.com/main Mozilla/5.0 (Windows NT 10.0; Win64; x64) AppleWebKit/537.36 (KHTML, like Gecko) Chrome/74.0.3729.169 Safari/537.36
13:07:47 https://letournesolboutiquesante.com:443/old-site http://letournesolboutiquesante.com/old-site Mozilla/5.0 (Windows NT 10.0; Win64; x64) AppleWebKit/537.36 (KHTML, like Gecko) Chrome/74.0.3729.169 Safari/537.36
13:07:48 https://letournesolboutiquesante.com:443/bk http://letournesolboutiquesante.com/bk Mozilla/5.0 (Windows NT 10.0; Win64; x64) AppleWebKit/537.36 (KHTML, like Gecko) Chrome/74.0.3729.169 Safari/537.36
13:07:48 https://letournesolboutiquesante.com:443/Backup http://letournesolboutiquesante.com/Backup Mozilla/5.0 (Windows NT 10.0; Win64; x64) AppleWebKit/537.36 (KHTML, like Gecko) Chrome/74.0.3729.169 Safari/537.36
13:07:48 https://letournesolboutiquesante.com:443/BACKUP http://letournesolboutiquesante.com/BACKUP Mozilla/5.0 (Windows NT 10.0; Win64; x64) AppleWebKit/537.36 (KHTML, like Gecko) Chrome/74.0.3729.169 Safari/537.36
13:07:48 https://letournesolboutiquesante.com:443/SHOP http://letournesolboutiquesante.com/SHOP Mozilla/5.0 (Windows NT 10.0; Win64; x64) AppleWebKit/537.36 (KHTML, like Gecko) Chrome/74.0.3729.169 Safari/537.36
13:07:48 https://letournesolboutiquesante.com:443/Shop http://letournesolboutiquesante.com/Shop Mozilla/5.0 (Windows NT 10.0; Win64; x64) AppleWebKit/537.36 (KHTML, like Gecko) Chrome/74.0.3729.169 Safari/537.36
13:07:48 https://letournesolboutiquesante.com:443/shop http://letournesolboutiquesante.com/shop Mozilla/5.0 (Windows NT 10.0; Win64; x64) AppleWebKit/537.36 (KHTML, like Gecko) Chrome/74.0.3729.169 Safari/537.36
13:07:48 https://letournesolboutiquesante.com:443/bak http://letournesolboutiquesante.com/bak Mozilla/5.0 (Windows NT 10.0; Win64; x64) AppleWebKit/537.36 (KHTML, like Gecko) Chrome/74.0.3729.169 Safari/537.36
13:07:48 https://letournesolboutiquesante.com:443/sitio http://letournesolboutiquesante.com/sitio Mozilla/5.0 (Windows NT 10.0; Win64; x64) AppleWebKit/537.36 (KHTML, like Gecko) Chrome/74.0.3729.169 Safari/537.36
13:07:48 https://letournesolboutiquesante.com:443/bac http://letournesolboutiquesante.com/bac Mozilla/5.0 (Windows NT 10.0; Win64; x64) AppleWebKit/537.36 (KHTML, like Gecko) Chrome/74.0.3729.169 Safari/537.36
13:07:48 https://letournesolboutiquesante.com:443/sito http://letournesolboutiquesante.com/sito Mozilla/5.0 (Windows NT 10.0; Win64; x64) AppleWebKit/537.36 (KHTML, like Gecko) Chrome/74.0.3729.169 Safari/537.36
13:07:48 https://letournesolboutiquesante.com:443/site http://letournesolboutiquesante.com/site Mozilla/5.0 (Windows NT 10.0; Win64; x64) AppleWebKit/537.36 (KHTML, like Gecko) Chrome/74.0.3729.169 Safari/537.36
13:07:48 https://letournesolboutiquesante.com:443/Site http://letournesolboutiquesante.com/Site Mozilla/5.0 (Windows NT 10.0; Win64; x64) AppleWebKit/537.36 (KHTML, like Gecko) Chrome/74.0.3729.169 Safari/537.36
13:07:48 https://letournesolboutiquesante.com:443/SITE http://letournesolboutiquesante.com/SITE Mozilla/5.0 (Windows NT 10.0; Win64; x64) AppleWebKit/537.36 (KHTML, like Gecko) Chrome/74.0.3729.169 Safari/537.36
13:07:48 https://letournesolboutiquesante.com:443/blog http://letournesolboutiquesante.com/blog Mozilla/5.0 (Windows NT 10.0; Win64; x64) AppleWebKit/537.36 (KHTML, like Gecko) Chrome/74.0.3729.169 Safari/537.36
13:07:49 https://letournesolboutiquesante.com:443/BLOG http://letournesolboutiquesante.com/BLOG Mozilla/5.0 (Windows NT 10.0; Win64; x64) AppleWebKit/537.36 (KHTML, like Gecko) Chrome/74.0.3729.169 Safari/537.36
13:07:49 https://letournesolboutiquesante.com:443/Blog http://letournesolboutiquesante.com/Blog Mozilla/5.0 (Windows NT 10.0; Win64; x64) AppleWebKit/537.36 (KHTML, like Gecko) Chrome/74.0.3729.169 Safari/537.36
14:47:17 https://letournesolboutiquesante.com:443/favicon.ico  Mozilla/5.0 (Macintosh; Intel Mac OS X 10_15_7) AppleWebKit/537.36 (KHTML, like Gecko) Chrome/112.0.0.0 Safari/537.36
15:50:45 https://letournesolboutiquesante.com:443/favicon.ico https://letournesolboutiquesante.com/fr/ Mozilla/5.0 (Windows NT 10.0; Win64; x64) AppleWebKit/537.36 (KHTML, like Gecko) Chrome/124.0.0.0 Safari/537.36
15:56:08 https://letournesolboutiquesante.com:443/favicon.ico https://letournesolboutiquesante.com/fr/ Mozilla/5.0 (Linux; Android 10; K) AppleWebKit/537.36 (KHTML, like Gecko) Chrome/124.0.0.0 Mobile Safari/537.36
15:57:23 https://letournesolboutiquesante.com:443/favicon.ico https://letournesolboutiquesante.com/fr/ Mozilla/5.0 (Windows NT 10.0; Win64; x64) AppleWebKit/537.36 (KHTML, like Gecko) Chrome/124.0.0.0 Safari/537.36 Edg/124.0.0.0
17:55:09 https://letournesolboutiquesante.com:443/wp-content/plugins/gotmls/readme.txt  Mozilla/5.0 (Linux; Android 10; HRY-LX1) AppleWebKit/537.36 (KHTML, like Gecko) Chrome/84.0.4147.125 Mobile Safari/537.36
9:38:19 PM https://letournesolboutiquesante.com:443/favicon.ico https://letournesolboutiquesante.com/en/ Mozilla/5.0 (X11; Linux x86_64) AppleWebKit/537.36 (KHTML, like Gecko) Chrome/121.0.6167.85 Safari/537.36
21:38:26 https://letournesolboutiquesante.com:443/en/sitemap.xml  python-requests/2.28.1
21:38:28 https://letournesolboutiquesante.com:443/en/sitemap_index.xml  python-requests/2.28.1
21:38:29 https://letournesolboutiquesante.com:443/en/sitemap  python-requests/2.28.1
21:38:30 https://letournesolboutiquesante.com:443/en/robots.txt  python-requests/2.28.1
