00:54:06 https://letournesolboutiquesante.com:443/Telerik.Web.UI.WebResource.axd?type=rau  python-requests/2.32.3
01:52:03 https://letournesolboutiquesante.com:443/favicon.ico https://letournesolboutiquesante.com/fr/Detox-Digestion-c87 Mozilla/5.0 (Linux; Android 10; K) AppleWebKit/537.36 (KHTML, like Gecko) Chrome/125.0.0.0 Mobile Safari/537.36
04:42:20 https://letournesolboutiquesante.com:443/favicon.ico  Googlebot-Image/1.0
08:08:26 https://letournesolboutiquesante.com:443/favicon.ico https://www.ecosia.org/ Mozilla/5.0 (Windows NT 10.0; Win64; x64) AppleWebKit/537.36 (KHTML, like Gecko) Chrome/126.0.0.0 Safari/537.36 Edg/126.0.0.0
8:39:29 AM https://letournesolboutiquesante.com:443/favicon.ico https://letournesolboutiquesante.com/en/ Mozilla/5.0 (Macintosh; Intel Mac OS X 10_15_7) AppleWebKit/605.1.15 (KHTML, like Gecko) Version/16.1 Safari/605.1.15
09:21:12 https://letournesolboutiquesante.com:443/favicon.ico  Mozilla/5.0 (Macintosh; Intel Mac OS X 10_15_7) AppleWebKit/605.1.15 (KHTML, like Gecko) Version/17.4 Safari/605.1.15 (Applebot/0.1; +http://www.apple.com/go/applebot)
11:06:21 https://letournesolboutiquesante.com:443/.well-known/traffic-advice  Chrome Privacy Preserving Prefetch Proxy
11:13:14 https://letournesolboutiquesante.com:443/favicon.ico https://letournesolboutiquesante.com/fr/ Mozilla/5.0 (iPhone; CPU iPhone OS 17_5_1 like Mac OS X) AppleWebKit/605.1.15 (KHTML, like Gecko) Version/17.5 Mobile/15E148 Safari/604.1
12:32:38 https://letournesolboutiquesante.com:443/.well-known/traffic-advice  Chrome Privacy Preserving Prefetch Proxy
12:45:30 PM https://letournesolboutiquesante.com:443/favicon.ico https://letournesolboutiquesante.com/en/Product-1768-Lto3-Junior-90-Caps Mozilla/5.0 (Linux; Android 10; K) AppleWebKit/537.36 (KHTML, like Gecko) Chrome/125.0.0.0 Mobile Safari/537.36
12:54:22 https://letournesolboutiquesante.com:443/favicon.ico https://letournesolboutiquesante.com/fr/Produit-3349-Traditional-Medicinals-Pissenlit-et-Hibiscus-24g Mozilla/5.0 (Linux; Android 10; K) AppleWebKit/537.36 (KHTML, like Gecko) Chrome/125.0.0.0 Mobile Safari/537.36
15:05:29 https://letournesolboutiquesante.com:443/.well-known/traffic-advice  Chrome Privacy Preserving Prefetch Proxy
15:05:30 https://letournesolboutiquesante.com:443/favicon.ico https://letournesolboutiquesante.com/fr/ Mozilla/5.0 (Linux; Android 10; K) AppleWebKit/537.36 (KHTML, like Gecko) Chrome/125.0.0.0 Mobile Safari/537.36
15:50:02 https://letournesolboutiquesante.com:443/apple-touch-icon-precomposed.png  Safari/15613.3.9.1.16 CFNetwork/1128.1 Darwin/19.6.0 (x86_64)
15:50:02 https://letournesolboutiquesante.com:443/apple-touch-icon.png  Safari/15613.3.9.1.16 CFNetwork/1128.1 Darwin/19.6.0 (x86_64)
15:50:02 https://letournesolboutiquesante.com:443/favicon.ico  Safari/15613.3.9.1.16 CFNetwork/1128.1 Darwin/19.6.0 (x86_64)
15:50:02 https://letournesolboutiquesante.com:443/apple-touch-icon-precomposed.png  Safari/15613.3.9.1.16 CFNetwork/1128.1 Darwin/19.6.0 (x86_64)
15:50:02 https://letournesolboutiquesante.com:443/apple-touch-icon.png  Safari/15613.3.9.1.16 CFNetwork/1128.1 Darwin/19.6.0 (x86_64)
15:50:03 https://letournesolboutiquesante.com:443/favicon.ico  Safari/15613.3.9.1.16 CFNetwork/1128.1 Darwin/19.6.0 (x86_64)
15:50:04 https://letournesolboutiquesante.com:443/apple-touch-icon-precomposed.png  Safari/15613.3.9.1.16 CFNetwork/1128.1 Darwin/19.6.0 (x86_64)
15:50:04 https://letournesolboutiquesante.com:443/apple-touch-icon.png  Safari/15613.3.9.1.16 CFNetwork/1128.1 Darwin/19.6.0 (x86_64)
15:50:04 https://letournesolboutiquesante.com:443/favicon.ico  Safari/15613.3.9.1.16 CFNetwork/1128.1 Darwin/19.6.0 (x86_64)
15:50:04 https://letournesolboutiquesante.com:443/apple-touch-icon-precomposed.png  Safari/15613.3.9.1.16 CFNetwork/1128.1 Darwin/19.6.0 (x86_64)
15:50:04 https://letournesolboutiquesante.com:443/apple-touch-icon.png  Safari/15613.3.9.1.16 CFNetwork/1128.1 Darwin/19.6.0 (x86_64)
15:50:05 https://letournesolboutiquesante.com:443/favicon.ico  Safari/15613.3.9.1.16 CFNetwork/1128.1 Darwin/19.6.0 (x86_64)
16:10:16 https://letournesolboutiquesante.com:443/favicon.ico https://letournesolboutiquesante.com/fr/ Mozilla/5.0 (iPhone; CPU iPhone OS 17_1_1 like Mac OS X) AppleWebKit/605.1.15 (KHTML, like Gecko) Version/17.1.1 Mobile/15E148 Safari/604.1
17:53:58 https://letournesolboutiquesante.com:443/en/sitemap.xml  python-requests/2.31.0
17:54:00 https://letournesolboutiquesante.com:443/en/sitemap_index.xml  python-requests/2.31.0
17:54:01 https://letournesolboutiquesante.com:443/en/sitemap  python-requests/2.31.0
17:54:02 https://letournesolboutiquesante.com:443/en/robots.txt  python-requests/2.31.0
21:20:53 https://letournesolboutiquesante.com:443/favicon.ico  Googlebot-Image/1.0
21:23:25 https://letournesolboutiquesante.com:443/wp-cron.php  IonCrawl (https://www.ionos.de/terms-gtc/faq-crawler-en/)
