12:06:30 AM https://letournesolboutiquesante.com:443/en/urlWithLang(  Mozilla/5.0 (compatible; Dataprovider.com)
12:06:31 AM https://letournesolboutiquesante.com:443/en/urlBilingual  Mozilla/5.0 (compatible; Dataprovider.com)
12:06:32 AM https://letournesolboutiquesante.com:443/en/cat.Url  Mozilla/5.0 (compatible; Dataprovider.com)
12:06:33 AM https://letournesolboutiquesante.com:443/en/subcat.Url  Mozilla/5.0 (compatible; Dataprovider.com)
12:06:34 AM https://letournesolboutiquesante.com:443/en/brand.Url  Mozilla/5.0 (compatible; Dataprovider.com)
12:06:35 AM https://letournesolboutiquesante.com:443/en/b.Url  Mozilla/5.0 (compatible; Dataprovider.com)
12:06:36 AM https://letournesolboutiquesante.com:443/en/p.Url  Mozilla/5.0 (compatible; Dataprovider.com)
12:06:37 AM https://letournesolboutiquesante.com:443/en/addressLink  Mozilla/5.0 (compatible; Dataprovider.com)
12:06:38 AM https://www.letournesolboutiquesante.com:443/security.txt https://www.letournesolboutiquesante.com/security.txt Mozilla/5.0 (compatible; Dataprovider.com)
12:06:38 AM https://www.letournesolboutiquesante.com:443/.well-known/security.txt https://www.letournesolboutiquesante.com/.well-known/security.txt Mozilla/5.0 (compatible; Dataprovider.com)
12:06:38 AM https://www.letournesolboutiquesante.com:443/ads.txt https://www.letournesolboutiquesante.com/ads.txt Mozilla/5.0 (compatible; Dataprovider.com)
12:06:38 AM https://www.letournesolboutiquesante.com:443/humans.txt https://www.letournesolboutiquesante.com/humans.txt Mozilla/5.0 (compatible; Dataprovider.com)
2:45:50 AM https://letournesolboutiquesante.com:443/favicon.ico  Mozilla/4.074482891 Mozilla/4.0 (compatible; MSIE 8.0; Windows NT 6.1; Trident/4.0
2:45:52 AM https://letournesolboutiquesante.com:443/favicon.ico?v=2.0  Mozilla/4.054101423 Mozilla/4.0 (compatible; MSIE 9.0; Windows NT 6.1)
03:50:34 https://letournesolboutiquesante.com:443/.git/config  Mozilla/5.0 (Windows NT 6.1; WOW64; rv:8.0) Gecko/20100101 Firefox/8.0
06:59:38 https://letournesolboutiquesante.com:443/favicon.ico https://letournesolboutiquesante.com/fr/ Mozilla/5.0 (Windows NT 10.0; Win64; x64) AppleWebKit/537.36 (KHTML, like Gecko) Chrome/125.0.0.0 Safari/537.36
06:59:39 https://letournesolboutiquesante.com:443/favicon.ico https://letournesolboutiquesante.com/fr/ Mozilla/5.0 (Windows NT 10.0; Win64; x64) AppleWebKit/537.36 (KHTML, like Gecko) Chrome/125.0.0.0 Safari/537.36
06:59:39 https://letournesolboutiquesante.com:443/favicon.ico  WinHTTP Example/1.0
06:59:59 https://letournesolboutiquesante.com:443/favicon.ico https://letournesolboutiquesante.com/fr/Vernis-a-ongle-c141 Mozilla/5.0 (Windows NT 10.0; Win64; x64) AppleWebKit/537.36 (KHTML, like Gecko) Chrome/125.0.0.0 Safari/537.36
07:00:01 https://letournesolboutiquesante.com:443/favicon.ico  WinHTTP Example/1.0
07:00:34 https://letournesolboutiquesante.com:443/favicon.ico https://letournesolboutiquesante.com/fr/Produit-230-Sampson-All-in-One-Vernis-a-Ongles-Sans-9-10ml Mozilla/5.0 (Windows NT 10.0; Win64; x64) AppleWebKit/537.36 (KHTML, like Gecko) Chrome/125.0.0.0 Safari/537.36
07:00:35 https://letournesolboutiquesante.com:443/favicon.ico  WinHTTP Example/1.0
07:01:17 https://letournesolboutiquesante.com:443/favicon.ico https://letournesolboutiquesante.com/fr/Vernis-a-ongle-c141 Mozilla/5.0 (Windows NT 10.0; Win64; x64) AppleWebKit/537.36 (KHTML, like Gecko) Chrome/125.0.0.0 Safari/537.36
07:01:18 https://letournesolboutiquesante.com:443/favicon.ico  WinHTTP Example/1.0
07:01:27 https://letournesolboutiquesante.com:443/favicon.ico https://letournesolboutiquesante.com/fr/Tisane-c24 Mozilla/5.0 (Windows NT 10.0; Win64; x64) AppleWebKit/537.36 (KHTML, like Gecko) Chrome/125.0.0.0 Safari/537.36
07:01:29 https://letournesolboutiquesante.com:443/favicon.ico  WinHTTP Example/1.0
07:02:00 https://letournesolboutiquesante.com:443/favicon.ico https://letournesolboutiquesante.com/fr/Detox-Digestion-c87 Mozilla/5.0 (Windows NT 10.0; Win64; x64) AppleWebKit/537.36 (KHTML, like Gecko) Chrome/125.0.0.0 Safari/537.36
07:02:02 https://letournesolboutiquesante.com:443/favicon.ico  WinHTTP Example/1.0
07:03:19 https://letournesolboutiquesante.com:443/favicon.ico https://letournesolboutiquesante.com/fr/Detox-Digestion-c87 Mozilla/5.0 (Windows NT 10.0; Win64; x64) AppleWebKit/537.36 (KHTML, like Gecko) Chrome/125.0.0.0 Safari/537.36
07:03:20 https://letournesolboutiquesante.com:443/favicon.ico  WinHTTP Example/1.0
07:03:27 https://letournesolboutiquesante.com:443/favicon.ico https://letournesolboutiquesante.com/fr/p-q Mozilla/5.0 (Windows NT 10.0; Win64; x64) AppleWebKit/537.36 (KHTML, like Gecko) Chrome/125.0.0.0 Safari/537.36
07:03:28 https://letournesolboutiquesante.com:443/favicon.ico  WinHTTP Example/1.0
07:03:43 https://letournesolboutiquesante.com:443/favicon.ico https://letournesolboutiquesante.com/fr/phytovie-q Mozilla/5.0 (Windows NT 10.0; Win64; x64) AppleWebKit/537.36 (KHTML, like Gecko) Chrome/125.0.0.0 Safari/537.36
07:03:44 https://letournesolboutiquesante.com:443/favicon.ico  WinHTTP Example/1.0
07:03:59 https://letournesolboutiquesante.com:443/favicon.ico https://letournesolboutiquesante.com/fr/p-q Mozilla/5.0 (Windows NT 10.0; Win64; x64) AppleWebKit/537.36 (KHTML, like Gecko) Chrome/125.0.0.0 Safari/537.36
07:04:00 https://letournesolboutiquesante.com:443/favicon.ico  WinHTTP Example/1.0
07:04:01 https://letournesolboutiquesante.com:443/favicon.ico https://letournesolboutiquesante.com/fr/Tisane-c24 Mozilla/5.0 (Windows NT 10.0; Win64; x64) AppleWebKit/537.36 (KHTML, like Gecko) Chrome/125.0.0.0 Safari/537.36
07:04:01 https://letournesolboutiquesante.com:443/favicon.ico https://letournesolboutiquesante.com/fr/Tisane-c24 Mozilla/5.0 (Windows NT 10.0; Win64; x64) AppleWebKit/537.36 (KHTML, like Gecko) Chrome/125.0.0.0 Safari/537.36
07:04:03 https://letournesolboutiquesante.com:443/favicon.ico  WinHTTP Example/1.0
07:04:03 https://letournesolboutiquesante.com:443/favicon.ico  WinHTTP Example/1.0
07:38:32 https://letournesolboutiquesante.com:443/favicon.ico  Googlebot-Image/1.0
8:03:46 AM https://letournesolboutiquesante.com:443/favicon.ico https://letournesolboutiquesante.com/en/ Mozilla/5.0 (X11; Linux x86_64) AppleWebKit/537.36 (KHTML, like Gecko) Chrome/121.0.6167.85 Safari/537.36
08:03:56 https://letournesolboutiquesante.com:443/en/sitemap.xml  python-requests/2.28.1
08:03:57 https://letournesolboutiquesante.com:443/en/sitemap_index.xml  python-requests/2.28.1
08:03:59 https://letournesolboutiquesante.com:443/en/sitemap  python-requests/2.28.1
08:04:00 https://letournesolboutiquesante.com:443/en/robots.txt  python-requests/2.28.1
09:09:56 https://letournesolboutiquesante.com:443/favicon.ico https://letournesolboutiquesante.com/fr/ Mozilla/5.0 (Macintosh; Intel Mac OS X 10_15_7) AppleWebKit/537.36 (KHTML, like Gecko) Chrome/125.0.0.0 Safari/537.36
9:34:31 AM https://letournesolboutiquesante.com:443/wp-includes/wlwmanifest.xml  Mozilla/5.0 (Windows NT 10.0; Win64; x64) AppleWebKit/537.36 (KHTML, like Gecko) Chrome/78.0.3904.108 Safari/537.36
9:34:31 AM https://letournesolboutiquesante.com:443/xmlrpc.php?rsd  Mozilla/5.0 (Windows NT 10.0; Win64; x64) AppleWebKit/537.36 (KHTML, like Gecko) Chrome/78.0.3904.108 Safari/537.36
9:34:32 AM https://letournesolboutiquesante.com:443/blog/wp-includes/wlwmanifest.xml  Mozilla/5.0 (Windows NT 10.0; Win64; x64) AppleWebKit/537.36 (KHTML, like Gecko) Chrome/78.0.3904.108 Safari/537.36
9:34:32 AM https://letournesolboutiquesante.com:443/web/wp-includes/wlwmanifest.xml  Mozilla/5.0 (Windows NT 10.0; Win64; x64) AppleWebKit/537.36 (KHTML, like Gecko) Chrome/78.0.3904.108 Safari/537.36
9:34:32 AM https://letournesolboutiquesante.com:443/wordpress/wp-includes/wlwmanifest.xml  Mozilla/5.0 (Windows NT 10.0; Win64; x64) AppleWebKit/537.36 (KHTML, like Gecko) Chrome/78.0.3904.108 Safari/537.36
9:34:32 AM https://letournesolboutiquesante.com:443/website/wp-includes/wlwmanifest.xml  Mozilla/5.0 (Windows NT 10.0; Win64; x64) AppleWebKit/537.36 (KHTML, like Gecko) Chrome/78.0.3904.108 Safari/537.36
9:34:32 AM https://letournesolboutiquesante.com:443/wp/wp-includes/wlwmanifest.xml  Mozilla/5.0 (Windows NT 10.0; Win64; x64) AppleWebKit/537.36 (KHTML, like Gecko) Chrome/78.0.3904.108 Safari/537.36
9:34:32 AM https://letournesolboutiquesante.com:443/news/wp-includes/wlwmanifest.xml  Mozilla/5.0 (Windows NT 10.0; Win64; x64) AppleWebKit/537.36 (KHTML, like Gecko) Chrome/78.0.3904.108 Safari/537.36
9:34:32 AM https://letournesolboutiquesante.com:443/2018/wp-includes/wlwmanifest.xml  Mozilla/5.0 (Windows NT 10.0; Win64; x64) AppleWebKit/537.36 (KHTML, like Gecko) Chrome/78.0.3904.108 Safari/537.36
9:34:32 AM https://letournesolboutiquesante.com:443/2019/wp-includes/wlwmanifest.xml  Mozilla/5.0 (Windows NT 10.0; Win64; x64) AppleWebKit/537.36 (KHTML, like Gecko) Chrome/78.0.3904.108 Safari/537.36
9:34:33 AM https://letournesolboutiquesante.com:443/shop/wp-includes/wlwmanifest.xml  Mozilla/5.0 (Windows NT 10.0; Win64; x64) AppleWebKit/537.36 (KHTML, like Gecko) Chrome/78.0.3904.108 Safari/537.36
9:34:33 AM https://letournesolboutiquesante.com:443/wp1/wp-includes/wlwmanifest.xml  Mozilla/5.0 (Windows NT 10.0; Win64; x64) AppleWebKit/537.36 (KHTML, like Gecko) Chrome/78.0.3904.108 Safari/537.36
9:34:33 AM https://letournesolboutiquesante.com:443/test/wp-includes/wlwmanifest.xml  Mozilla/5.0 (Windows NT 10.0; Win64; x64) AppleWebKit/537.36 (KHTML, like Gecko) Chrome/78.0.3904.108 Safari/537.36
9:34:33 AM https://letournesolboutiquesante.com:443/media/wp-includes/wlwmanifest.xml  Mozilla/5.0 (Windows NT 10.0; Win64; x64) AppleWebKit/537.36 (KHTML, like Gecko) Chrome/78.0.3904.108 Safari/537.36
9:34:33 AM https://letournesolboutiquesante.com:443/wp2/wp-includes/wlwmanifest.xml  Mozilla/5.0 (Windows NT 10.0; Win64; x64) AppleWebKit/537.36 (KHTML, like Gecko) Chrome/78.0.3904.108 Safari/537.36
9:34:33 AM https://letournesolboutiquesante.com:443/site/wp-includes/wlwmanifest.xml  Mozilla/5.0 (Windows NT 10.0; Win64; x64) AppleWebKit/537.36 (KHTML, like Gecko) Chrome/78.0.3904.108 Safari/537.36
9:34:33 AM https://letournesolboutiquesante.com:443/cms/wp-includes/wlwmanifest.xml  Mozilla/5.0 (Windows NT 10.0; Win64; x64) AppleWebKit/537.36 (KHTML, like Gecko) Chrome/78.0.3904.108 Safari/537.36
9:34:34 AM https://letournesolboutiquesante.com:443/sito/wp-includes/wlwmanifest.xml  Mozilla/5.0 (Windows NT 10.0; Win64; x64) AppleWebKit/537.36 (KHTML, like Gecko) Chrome/78.0.3904.108 Safari/537.36
09:41:03 https://letournesolboutiquesante.com:443/favicon.ico https://letournesolboutiquesante.com/fr/ Mozilla/5.0 (Linux; Android 10; K) AppleWebKit/537.36 (KHTML, like Gecko) Chrome/114.0.0.0 Mobile Safari/537.36
09:41:39 https://www.letournesolboutiquesante.com:443/wp-login.php https://www.letournesolboutiquesante.com/wp-login.php Mozilla/5.0 (X11; Fedora; Linux x86_64; rv:94.0) Gecko/20100101 Firefox/95.0
9:48:27 AM https://letournesolboutiquesante.com:443/ads.txt http://letournesolboutiquesante.com/ads.txt Mozilla/5.0 (Windows NT 10.0; Win64; x64; rv:125.0) Gecko/20100101 Firefox/125.0
10:22:26 AM https://letournesolboutiquesante.com:443/wp-includes/wlwmanifest.xml  Mozilla/5.0 (Windows NT 10.0; Win64; x64) AppleWebKit/537.36 (KHTML, like Gecko) Chrome/78.0.3904.108 Safari/537.36
10:22:26 AM https://letournesolboutiquesante.com:443/xmlrpc.php?rsd  Mozilla/5.0 (Windows NT 10.0; Win64; x64) AppleWebKit/537.36 (KHTML, like Gecko) Chrome/78.0.3904.108 Safari/537.36
10:22:26 AM https://letournesolboutiquesante.com:443/blog/wp-includes/wlwmanifest.xml  Mozilla/5.0 (Windows NT 10.0; Win64; x64) AppleWebKit/537.36 (KHTML, like Gecko) Chrome/78.0.3904.108 Safari/537.36
10:22:27 AM https://letournesolboutiquesante.com:443/web/wp-includes/wlwmanifest.xml  Mozilla/5.0 (Windows NT 10.0; Win64; x64) AppleWebKit/537.36 (KHTML, like Gecko) Chrome/78.0.3904.108 Safari/537.36
10:22:27 AM https://letournesolboutiquesante.com:443/wordpress/wp-includes/wlwmanifest.xml  Mozilla/5.0 (Windows NT 10.0; Win64; x64) AppleWebKit/537.36 (KHTML, like Gecko) Chrome/78.0.3904.108 Safari/537.36
10:22:27 AM https://letournesolboutiquesante.com:443/website/wp-includes/wlwmanifest.xml  Mozilla/5.0 (Windows NT 10.0; Win64; x64) AppleWebKit/537.36 (KHTML, like Gecko) Chrome/78.0.3904.108 Safari/537.36
10:22:27 AM https://letournesolboutiquesante.com:443/wp/wp-includes/wlwmanifest.xml  Mozilla/5.0 (Windows NT 10.0; Win64; x64) AppleWebKit/537.36 (KHTML, like Gecko) Chrome/78.0.3904.108 Safari/537.36
10:22:27 AM https://letournesolboutiquesante.com:443/news/wp-includes/wlwmanifest.xml  Mozilla/5.0 (Windows NT 10.0; Win64; x64) AppleWebKit/537.36 (KHTML, like Gecko) Chrome/78.0.3904.108 Safari/537.36
10:22:27 AM https://letournesolboutiquesante.com:443/2018/wp-includes/wlwmanifest.xml  Mozilla/5.0 (Windows NT 10.0; Win64; x64) AppleWebKit/537.36 (KHTML, like Gecko) Chrome/78.0.3904.108 Safari/537.36
10:22:27 AM https://letournesolboutiquesante.com:443/2019/wp-includes/wlwmanifest.xml  Mozilla/5.0 (Windows NT 10.0; Win64; x64) AppleWebKit/537.36 (KHTML, like Gecko) Chrome/78.0.3904.108 Safari/537.36
10:22:27 AM https://letournesolboutiquesante.com:443/shop/wp-includes/wlwmanifest.xml  Mozilla/5.0 (Windows NT 10.0; Win64; x64) AppleWebKit/537.36 (KHTML, like Gecko) Chrome/78.0.3904.108 Safari/537.36
10:22:27 AM https://letournesolboutiquesante.com:443/wp1/wp-includes/wlwmanifest.xml  Mozilla/5.0 (Windows NT 10.0; Win64; x64) AppleWebKit/537.36 (KHTML, like Gecko) Chrome/78.0.3904.108 Safari/537.36
10:22:28 AM https://letournesolboutiquesante.com:443/test/wp-includes/wlwmanifest.xml  Mozilla/5.0 (Windows NT 10.0; Win64; x64) AppleWebKit/537.36 (KHTML, like Gecko) Chrome/78.0.3904.108 Safari/537.36
10:22:28 AM https://letournesolboutiquesante.com:443/media/wp-includes/wlwmanifest.xml  Mozilla/5.0 (Windows NT 10.0; Win64; x64) AppleWebKit/537.36 (KHTML, like Gecko) Chrome/78.0.3904.108 Safari/537.36
10:22:28 AM https://letournesolboutiquesante.com:443/wp2/wp-includes/wlwmanifest.xml  Mozilla/5.0 (Windows NT 10.0; Win64; x64) AppleWebKit/537.36 (KHTML, like Gecko) Chrome/78.0.3904.108 Safari/537.36
10:22:28 AM https://letournesolboutiquesante.com:443/site/wp-includes/wlwmanifest.xml  Mozilla/5.0 (Windows NT 10.0; Win64; x64) AppleWebKit/537.36 (KHTML, like Gecko) Chrome/78.0.3904.108 Safari/537.36
10:22:28 AM https://letournesolboutiquesante.com:443/cms/wp-includes/wlwmanifest.xml  Mozilla/5.0 (Windows NT 10.0; Win64; x64) AppleWebKit/537.36 (KHTML, like Gecko) Chrome/78.0.3904.108 Safari/537.36
10:22:28 AM https://letournesolboutiquesante.com:443/sito/wp-includes/wlwmanifest.xml  Mozilla/5.0 (Windows NT 10.0; Win64; x64) AppleWebKit/537.36 (KHTML, like Gecko) Chrome/78.0.3904.108 Safari/537.36
11:59:54 AM https://letournesolboutiquesante.com:443/favicon.ico https://letournesolboutiquesante.com/en/ Links (2.22; Linux X86_64; GNU C; text)
11:59:54 AM https://letournesolboutiquesante.com:443/favicon.ico https://letournesolboutiquesante.com/en/ Links (2.22; Linux X86_64; GNU C; text)
12:40:32 https://letournesolboutiquesante.com:443/favicon.ico  Mozilla/5.0 (Macintosh; Intel Mac OS X 10_15_7) AppleWebKit/605.1.15 (KHTML, like Gecko) Version/17.4 Safari/605.1.15 (Applebot/0.1; +http://www.apple.com/go/applebot)
15:18:22 https://letournesolboutiquesante.com:443/favicon.ico https://letournesolboutiquesante.com/admin/login.aspx?ReturnUrl=/admin Mozilla/5.0 (Windows NT 10.0; Win64; x64) AppleWebKit/537.36 (KHTML, like Gecko) Chrome/125.0.0.0 Safari/537.36 Edg/125.0.0.0
16:29:52 https://letournesolboutiquesante.com:443/favicon.ico https://letournesolboutiquesante.com/fr/ Mozilla/5.0 (iPhone; CPU iPhone OS 17_4_1 like Mac OS X) AppleWebKit/605.1.15 (KHTML, like Gecko) Version/17.4.1 Mobile/15E148 Safari/604.1
17:03:24 https://letournesolboutiquesante.com:443/wp-login.php http://letournesolboutiquesante.com/wp-login.php Mozilla/5.0 (X11; Fedora; Linux x86_64; rv:94.0) Gecko/20100101 Firefox/95.0
17:24:58 https://letournesolboutiquesante.com:443/.well-known/traffic-advice  Chrome Privacy Preserving Prefetch Proxy
