1:15:57 AM https://letournesolboutiquesante.com:443/en/urlWithLang(  Mozilla/5.0 (compatible; Dataprovider.com)
1:15:58 AM https://letournesolboutiquesante.com:443/en/urlBilingual  Mozilla/5.0 (compatible; Dataprovider.com)
1:15:59 AM https://letournesolboutiquesante.com:443/en/cat.Url  Mozilla/5.0 (compatible; Dataprovider.com)
1:16:00 AM https://letournesolboutiquesante.com:443/en/subcat.Url  Mozilla/5.0 (compatible; Dataprovider.com)
1:16:01 AM https://letournesolboutiquesante.com:443/en/brand.Url  Mozilla/5.0 (compatible; Dataprovider.com)
1:16:02 AM https://letournesolboutiquesante.com:443/en/b.Url  Mozilla/5.0 (compatible; Dataprovider.com)
1:16:03 AM https://letournesolboutiquesante.com:443/en/p.Url  Mozilla/5.0 (compatible; Dataprovider.com)
1:16:04 AM https://letournesolboutiquesante.com:443/en/addressLink  Mozilla/5.0 (compatible; Dataprovider.com)
1:16:05 AM https://www.letournesolboutiquesante.com:443/security.txt https://www.letournesolboutiquesante.com/security.txt Mozilla/5.0 (compatible; Dataprovider.com)
1:16:05 AM https://www.letournesolboutiquesante.com:443/.well-known/security.txt https://www.letournesolboutiquesante.com/.well-known/security.txt Mozilla/5.0 (compatible; Dataprovider.com)
1:16:05 AM https://www.letournesolboutiquesante.com:443/ads.txt https://www.letournesolboutiquesante.com/ads.txt Mozilla/5.0 (compatible; Dataprovider.com)
1:16:05 AM https://www.letournesolboutiquesante.com:443/humans.txt https://www.letournesolboutiquesante.com/humans.txt Mozilla/5.0 (compatible; Dataprovider.com)
6:51:37 AM https://letournesolboutiquesante.com:443/en/urlWithLang(  Mozilla/5.0 (compatible; Dataprovider.com)
6:51:38 AM https://letournesolboutiquesante.com:443/en/urlBilingual  Mozilla/5.0 (compatible; Dataprovider.com)
6:51:39 AM https://letournesolboutiquesante.com:443/en/cat.Url  Mozilla/5.0 (compatible; Dataprovider.com)
6:51:40 AM https://letournesolboutiquesante.com:443/en/subcat.Url  Mozilla/5.0 (compatible; Dataprovider.com)
6:51:41 AM https://letournesolboutiquesante.com:443/en/brand.Url  Mozilla/5.0 (compatible; Dataprovider.com)
6:51:42 AM https://letournesolboutiquesante.com:443/en/b.Url  Mozilla/5.0 (compatible; Dataprovider.com)
6:51:43 AM https://letournesolboutiquesante.com:443/en/p.Url  Mozilla/5.0 (compatible; Dataprovider.com)
6:51:44 AM https://letournesolboutiquesante.com:443/en/addressLink  Mozilla/5.0 (compatible; Dataprovider.com)
6:51:45 AM https://www.letournesolboutiquesante.com:443/security.txt https://www.letournesolboutiquesante.com/security.txt Mozilla/5.0 (compatible; Dataprovider.com)
6:51:45 AM https://www.letournesolboutiquesante.com:443/.well-known/security.txt https://www.letournesolboutiquesante.com/.well-known/security.txt Mozilla/5.0 (compatible; Dataprovider.com)
6:51:45 AM https://www.letournesolboutiquesante.com:443/ads.txt https://www.letournesolboutiquesante.com/ads.txt Mozilla/5.0 (compatible; Dataprovider.com)
6:51:45 AM https://www.letournesolboutiquesante.com:443/humans.txt https://www.letournesolboutiquesante.com/humans.txt Mozilla/5.0 (compatible; Dataprovider.com)
7:15:49 AM https://letournesolboutiquesante.com:443/favicon.ico https://letournesolboutiquesante.com/en/ Mozilla/5.0 (X11; Linux x86_64) AppleWebKit/537.36 (KHTML, like Gecko) Chrome/121.0.6167.85 Safari/537.36
07:16:00 https://letournesolboutiquesante.com:443/en/sitemap.xml  python-requests/2.28.1
07:16:01 https://letournesolboutiquesante.com:443/en/sitemap_index.xml  python-requests/2.28.1
07:16:02 https://letournesolboutiquesante.com:443/en/sitemap  python-requests/2.28.1
07:16:03 https://letournesolboutiquesante.com:443/en/robots.txt  python-requests/2.28.1
09:01:14 https://letournesolboutiquesante.com:443/favicon.ico  Mozilla/5.0 (compatible; SeznamBot/4.0; +http://napoveda.seznam.cz/seznambot-intro/)
09:24:36 https://letournesolboutiquesante.com:443/images/bg.jpg  Mozilla/5.0 (Windows NT 5.1; rv:11.0) Gecko Firefox/11.0 (via ggpht.com GoogleImageProxy)
09:24:36 https://letournesolboutiquesante.com:443/images/button.png  Mozilla/5.0 (Windows NT 5.1; rv:11.0) Gecko Firefox/11.0 (via ggpht.com GoogleImageProxy)
09:36:19 https://letournesolboutiquesante.com:443/images/bg.jpg  Mozilla/5.0 (Windows NT 5.1; rv:11.0) Gecko Firefox/11.0 (via ggpht.com GoogleImageProxy)
09:36:19 https://letournesolboutiquesante.com:443/images/button.png  Mozilla/5.0 (Windows NT 5.1; rv:11.0) Gecko Firefox/11.0 (via ggpht.com GoogleImageProxy)
09:37:34 https://letournesolboutiquesante.com:443/images/button.png  Mozilla/5.0 (Windows NT 5.1; rv:11.0) Gecko Firefox/11.0 (via ggpht.com GoogleImageProxy)
09:37:34 https://letournesolboutiquesante.com:443/images/bg.jpg  Mozilla/5.0 (Windows NT 5.1; rv:11.0) Gecko Firefox/11.0 (via ggpht.com GoogleImageProxy)
13:27:46 https://letournesolboutiquesante.com:443/favicon.ico  Mozilla/5.0 (iPhone; CPU iPhone OS 17_4 like Mac OS X) AppleWebKit/605.1.15 (KHTML, like Gecko) CriOS/124.0.6367.88 Mobile/15E148 Safari/604.1
1:37:09 PM https://letournesolboutiquesante.com:443/favicon.ico https://letournesolboutiquesante.com/en/ Mozilla/5.0 (Windows NT 10.0; Win64; x64) AppleWebKit/537.36 (KHTML, like Gecko) Chrome/124.0.0.0 Safari/537.36
14:10:48 https://letournesolboutiquesante.com:443/favicon.ico https://letournesolboutiquesante.com/fr/ Mozilla/5.0 (Macintosh; Intel Mac OS X 10_15_7) AppleWebKit/605.1.15 (KHTML, like Gecko) Version/16.6 Safari/605.1.15
3:17:53 PM https://letournesolboutiquesante.com:443/en/urlWithLang(  Mozilla/5.0 (compatible; Dataprovider.com)
3:17:54 PM https://letournesolboutiquesante.com:443/en/urlBilingual  Mozilla/5.0 (compatible; Dataprovider.com)
3:17:55 PM https://letournesolboutiquesante.com:443/en/cat.Url  Mozilla/5.0 (compatible; Dataprovider.com)
3:17:56 PM https://letournesolboutiquesante.com:443/en/subcat.Url  Mozilla/5.0 (compatible; Dataprovider.com)
3:17:57 PM https://letournesolboutiquesante.com:443/en/brand.Url  Mozilla/5.0 (compatible; Dataprovider.com)
3:17:58 PM https://letournesolboutiquesante.com:443/en/b.Url  Mozilla/5.0 (compatible; Dataprovider.com)
3:17:59 PM https://letournesolboutiquesante.com:443/en/p.Url  Mozilla/5.0 (compatible; Dataprovider.com)
3:18:00 PM https://letournesolboutiquesante.com:443/en/addressLink  Mozilla/5.0 (compatible; Dataprovider.com)
3:18:01 PM https://www.letournesolboutiquesante.com:443/security.txt https://www.letournesolboutiquesante.com/security.txt Mozilla/5.0 (compatible; Dataprovider.com)
3:18:01 PM https://www.letournesolboutiquesante.com:443/.well-known/security.txt https://www.letournesolboutiquesante.com/.well-known/security.txt Mozilla/5.0 (compatible; Dataprovider.com)
3:18:01 PM https://www.letournesolboutiquesante.com:443/ads.txt https://www.letournesolboutiquesante.com/ads.txt Mozilla/5.0 (compatible; Dataprovider.com)
3:18:01 PM https://www.letournesolboutiquesante.com:443/humans.txt https://www.letournesolboutiquesante.com/humans.txt Mozilla/5.0 (compatible; Dataprovider.com)
16:02:42 https://letournesolboutiquesante.com:443/favicon.ico  Googlebot-Image/1.0
5:08:19 PM https://letournesolboutiquesante.com:443/favicon.ico https://letournesolboutiquesante.com/en/ Mozilla/5.0 (Windows NT 10.0; Win64; x64) AppleWebKit/537.36 (KHTML, like Gecko) Chrome/124.0.0.0 Safari/537.36
17:09:42 https://letournesolboutiquesante.com:443/favicon.ico https://letournesolboutiquesante.com/fr/ Mozilla/5.0 (Linux; Android 10; K) AppleWebKit/537.36 (KHTML, like Gecko) Chrome/123.0.0.0 Mobile Safari/537.36
18:23:53 https://letournesolboutiquesante.com:443/favicon.ico https://letournesolboutiquesante.com/fr/ Mozilla/5.0 (Windows NT 10.0; Win64; x64) AppleWebKit/537.36 (KHTML, like Gecko) Chrome/124.0.0.0 Safari/537.36
20:00:48 https://letournesolboutiquesante.com:443/favicon.ico https://letournesolboutiquesante.com/fr/ Mozilla/5.0 (iPhone; CPU iPhone OS 16_3_1 like Mac OS X) AppleWebKit/605.1.15 (KHTML, like Gecko) Version/16.3 Mobile/15E148 Safari/604.1
8:41:35 PM https://letournesolboutiquesante.com:443/en/urlWithLang(  Mozilla/5.0 (compatible; Dataprovider.com)
8:41:36 PM https://letournesolboutiquesante.com:443/en/urlBilingual  Mozilla/5.0 (compatible; Dataprovider.com)
8:41:37 PM https://letournesolboutiquesante.com:443/en/cat.Url  Mozilla/5.0 (compatible; Dataprovider.com)
8:41:38 PM https://letournesolboutiquesante.com:443/en/subcat.Url  Mozilla/5.0 (compatible; Dataprovider.com)
8:41:39 PM https://letournesolboutiquesante.com:443/en/brand.Url  Mozilla/5.0 (compatible; Dataprovider.com)
8:41:40 PM https://letournesolboutiquesante.com:443/en/b.Url  Mozilla/5.0 (compatible; Dataprovider.com)
8:41:41 PM https://letournesolboutiquesante.com:443/en/p.Url  Mozilla/5.0 (compatible; Dataprovider.com)
8:41:42 PM https://letournesolboutiquesante.com:443/en/addressLink  Mozilla/5.0 (compatible; Dataprovider.com)
8:41:43 PM https://www.letournesolboutiquesante.com:443/security.txt https://www.letournesolboutiquesante.com/security.txt Mozilla/5.0 (compatible; Dataprovider.com)
8:41:43 PM https://www.letournesolboutiquesante.com:443/.well-known/security.txt https://www.letournesolboutiquesante.com/.well-known/security.txt Mozilla/5.0 (compatible; Dataprovider.com)
8:41:43 PM https://www.letournesolboutiquesante.com:443/ads.txt https://www.letournesolboutiquesante.com/ads.txt Mozilla/5.0 (compatible; Dataprovider.com)
8:41:43 PM https://www.letournesolboutiquesante.com:443/humans.txt https://www.letournesolboutiquesante.com/humans.txt Mozilla/5.0 (compatible; Dataprovider.com)
10:49:36 PM https://letournesolboutiquesante.com:443/favicon.ico  Mozilla/5.0 (Macintosh; Intel Mac OS X 10_15_7) AppleWebKit/537.36 (KHTML, like Gecko) Chrome/96.0.4664.110 Safari/537.36
22:59:47 https://letournesolboutiquesante.com:443/favicon.ico  Go-http-client/1.1
23:16:02 https://letournesolboutiquesante.com:443/favicon.ico https://letournesolboutiquesante.com/fr/ Mozilla/5.0 (iPhone; CPU iPhone OS 16_7_7 like Mac OS X) AppleWebKit/605.1.15 (KHTML, like Gecko) Version/16.6 Mobile/15E148 Safari/604.1
