01:40:02 https://tournesolalimentsnaturelsetbiologiques.comelin.com:443/wp-login.php https://tournesolalimentsnaturelsetbiologiques.comelin.com/wp-login.php Mozilla/5.0 (X11; Fedora; Linux x86_64; rv:94.0) Gecko/20100101 Firefox/95.0
2:22:46 AM https://letournesolboutiquesante.com:443/favicon.ico https://letournesolboutiquesante.com/en/ Mozilla/5.0 (Windows NT 10.0; Win64; x64) AppleWebKit/537.36 (KHTML, like Gecko) Chrome/124.0.0.0 Safari/537.36
04:34:45 https://letournesolboutiquesante.com:443/favicon.ico  Mozilla/5.0 (Macintosh; Intel Mac OS X 10_15_5) AppleWebKit/605.1.15 (KHTML, like Gecko) Version/13.1.1 Safari/605.1.15 (Applebot/0.1; +http://www.apple.com/go/applebot)
06:33:21 https://letournesolboutiquesante.com:443/favicon.ico  Googlebot-Image/1.0
8:12:03 AM https://letournesolboutiquesante.com:443/favicon.ico  Mozilla/5.0 (Macintosh; Intel Mac OS X 10_7_0) AppleWebKit/535.11 (KHTML, like Gecko) Chrome/17.0.963.56 Safari/535.11
1:46:51 PM https://letournesolboutiquesante.com:443/favicon.ico https://letournesolboutiquesante.com/en/ Mozilla/5.0 (X11; Linux x86_64) AppleWebKit/537.36 (KHTML, like Gecko) Chrome/123.0.0.0 Safari/537.36
1:57:57 PM https://letournesolboutiquesante.com:443/favicon.ico https://letournesolboutiquesante.com/en/ Mozilla/5.0 (X11; Linux x86_64) AppleWebKit/537.36 (KHTML, like Gecko) Chrome/121.0.6167.85 Safari/537.36
13:58:03 https://letournesolboutiquesante.com:443/en/sitemap.xml  python-requests/2.28.1
13:58:04 https://letournesolboutiquesante.com:443/en/sitemap_index.xml  python-requests/2.28.1
13:58:06 https://letournesolboutiquesante.com:443/en/sitemap  python-requests/2.28.1
13:58:07 https://letournesolboutiquesante.com:443/en/robots.txt  python-requests/2.28.1
14:57:45 https://letournesolboutiquesante.com:443/wp-login.php  Mozilla/5.0 (Windows NT 10.0; Win64; x64; rv:83.0) Gecko/20100101 Firefox/83.0
15:20:59 https://letournesolboutiquesante.com:443/favicon.ico  KOCMOHABT (https://kozmonavt.su/) Mozilla/5.0 (Web Explorer)
15:35:11 https://letournesolboutiquesante.com:443/.well-known/traffic-advice  Chrome Privacy Preserving Prefetch Proxy
16:04:56 https://letournesolboutiquesante.com:443/favicon.ico https://letournesolboutiquesante.com/fr/ Mozilla/5.0 (Macintosh; Intel Mac OS X 10_13_6) AppleWebKit/605.1.15 (KHTML, like Gecko) Version/13.1.2 Safari/605.1.15
23:40:27 https://letournesolboutiquesante.com:443/.vscode/sftp.json  
23:40:28 https://letournesolboutiquesante.com:443/sftp-config.json  
23:40:28 https://letournesolboutiquesante.com:443/sftp.json  
23:40:29 https://letournesolboutiquesante.com:443/.well-known/traffic-advice  Chrome Privacy Preserving Prefetch Proxy
23:40:59 https://letournesolboutiquesante.com:443/favicon.ico https://letournesolboutiquesante.com/fr/ Mozilla/5.0 (Linux; Android 10; K) AppleWebKit/537.36 (KHTML, like Gecko) Chrome/124.0.0.0 Mobile Safari/537.36
23:51:03 https://letournesolboutiquesante.com:443/wp-content/plugins/forminator/assets/fonts/wpmudev-plugin-icons.svg  Mozilla/5.0 (Macintosh; Intel Mac OS X 11.1; rv:84.0) Gecko/20100101 Firefox/84.0
