12:44:37 AM https://letournesolboutiquesante.com:443/favicon.ico  Mozilla/5.0 (Windows NT 10.0; Win64; x64) AppleWebKit/537.36 (KHTML, like Gecko) Chrome/105.0.0.0 Safari/537.36
00:45:23 https://letournesolboutiquesante.com:443/.git/config  Mozilla/5.0 (Macintosh; Intel Mac OS X 10_14_6) AppleWebKit/537.36 (KHTML, like Gecko) Chrome/77.0.3844.0 Safari/537.36
01:23:42 https://letournesolboutiquesante.com:443/favicon.ico https://letournesolboutiquesante.com/fr/Produit-1012-Divine-essence-Huile-Essentielle-Cardamome-5-ml Mozilla/5.0 (Linux; Android 10; K) AppleWebKit/537.36 (KHTML, like Gecko) Chrome/124.0.0.0 Mobile Safari/537.36
5:03:15 AM https://letournesolboutiquesante.com:443/favicon.ico https://letournesolboutiquesante.com/en/ Mozilla/5.0 (X11; Linux x86_64) AppleWebKit/537.36 (KHTML, like Gecko) Chrome/121.0.6167.85 Safari/537.36
6:23:02 AM https://letournesolboutiquesante.com:443/favicon.ico https://letournesolboutiquesante.com/en/ Mozilla/5.0 (X11; Linux x86_64) AppleWebKit/537.36 (KHTML, like Gecko) Chrome/121.0.6167.85 Safari/537.36
7:46:03 AM https://letournesolboutiquesante.com:443/favicon.ico https://letournesolboutiquesante.com/en/ Mozilla/5.0 (X11; Linux x86_64) AppleWebKit/537.36 (KHTML, like Gecko) Chrome/121.0.6167.85 Safari/537.36
08:17:18 https://letournesolboutiquesante.com:443/.well-known/traffic-advice  Chrome Privacy Preserving Prefetch Proxy
09:56:32 https://letournesolboutiquesante.com:443/.git/config  Mozilla/4.0 (PDA; PalmOS/sony/model prmr/Revision:1.1.54 (en)) NetFront/3.0
09:57:19 https://letournesolboutiquesante.com:443/server  Go-http-client/1.1
09:57:20 https://letournesolboutiquesante.com:443/AHT/AHT_UI/config.prod.js  Go-http-client/1.1
09:57:20 https://letournesolboutiquesante.com:443/.vscode/sftp.json  Go-http-client/1.1
09:57:20 https://letournesolboutiquesante.com:443/about  Go-http-client/1.1
09:57:20 https://letournesolboutiquesante.com:443/debug/default/view?panel=config  Go-http-client/1.1
09:57:20 https://letournesolboutiquesante.com:443/v2/_catalog  Go-http-client/1.1
09:57:20 https://letournesolboutiquesante.com:443/ecp/Current/exporttool/microsoft.exchange.ediscovery.exporttool.application  Go-http-client/1.1
09:57:20 https://letournesolboutiquesante.com:443/server-status  Go-http-client/1.1
09:57:20 https://letournesolboutiquesante.com:443/login.action  Go-http-client/1.1
09:57:20 https://letournesolboutiquesante.com:443/_all_dbs  Mozilla/5.0 (l9scan/2.0.534313e2135313e2232323e21353; +https://leakix.net)
09:57:20 https://letournesolboutiquesante.com:443/.DS_Store  Go-http-client/1.1
09:57:20 https://letournesolboutiquesante.com:443/.env  Go-http-client/1.1
09:57:20 https://letournesolboutiquesante.com:443/.git/config  Go-http-client/1.1
09:57:20 https://letournesolboutiquesante.com:443/s/534313e2135313e2232323e21353/_/;/META-INF/maven/com.atlassian.jira/jira-webapp-dist/pom.properties  Go-http-client/1.1
09:57:20 https://letournesolboutiquesante.com:443/config.json  Go-http-client/1.1
09:57:20 https://letournesolboutiquesante.com:443/telescope/requests  Go-http-client/1.1
09:57:23 https://letournesolboutiquesante.com:443/.git/config  colly - https://github.com/gocolly/colly/v2
09:57:25 https://tournesolalimentsnaturelsetbiologiques.comelin.com:443/.git/config https://tournesolalimentsnaturelsetbiologiques.comelin.com/.git/config colly - https://github.com/gocolly/colly/v2
09:57:26 https://www.letournesolboutiquesante.com:443/.git/config https://www.letournesolboutiquesante.com/.git/config colly - https://github.com/gocolly/colly/v2
9:57:31 AM https://letournesolboutiquesante.com:443/favicon.ico  Mozilla/5.0 (Windows NT 10.0; Win64; x64) AppleWebKit/537.36 (KHTML, like Gecko) Chrome/110.0.0.0 Safari/537.36
10:48:13 AM https://letournesolboutiquesante.com:443/favicon.ico https://letournesolboutiquesante.com/en/ Mozilla/5.0 (X11; Linux x86_64) AppleWebKit/537.36 (KHTML, like Gecko) Chrome/121.0.6167.85 Safari/537.36
10:48:24 https://letournesolboutiquesante.com:443/en/sitemap.xml  python-requests/2.28.1
10:48:25 https://letournesolboutiquesante.com:443/en/sitemap_index.xml  python-requests/2.28.1
10:48:26 https://letournesolboutiquesante.com:443/en/sitemap  python-requests/2.28.1
10:48:27 https://letournesolboutiquesante.com:443/en/robots.txt  python-requests/2.28.1
11:14:48 https://letournesolboutiquesante.com:443/favicon.ico https://letournesolboutiquesante.com/fr/ Mozilla/5.0 (Windows NT 10.0; Win64; x64) AppleWebKit/537.36 (KHTML, like Gecko) Chrome/124.0.0.0 Safari/537.36 Edg/124.0.0.0
11:17:06 https://letournesolboutiquesante.com:443/favicon.ico https://letournesolboutiquesante.com/fr/ Mozilla/5.0 (Windows NT 10.0; Win64; x64) AppleWebKit/537.36 (KHTML, like Gecko) Chrome/124.0.0.0 Safari/537.36
11:17:40 https://letournesolboutiquesante.com:443/favicon.ico https://letournesolboutiquesante.com/admin/login.aspx?ReturnUrl=/admin/ Mozilla/5.0 (Windows NT 10.0; Win64; x64) AppleWebKit/537.36 (KHTML, like Gecko) Chrome/124.0.0.0 Safari/537.36 Edg/124.0.0.0
1:03:51 PM https://letournesolboutiquesante.com:443/favicon.ico  Mozilla/5.0 (Macintosh; Intel Mac OS X 10_7_0) AppleWebKit/535.11 (KHTML, like Gecko) Chrome/17.0.963.56 Safari/535.11
1:04:02 PM https://letournesolboutiquesante.com:443/favicon.ico  Mozilla/5.0 (Macintosh; Intel Mac OS X 10_7_0) AppleWebKit/535.11 (KHTML, like Gecko) Chrome/17.0.963.56 Safari/535.11
14:18:59 https://letournesolboutiquesante.com:443/favicon.ico https://letournesolboutiquesante.com/fr/Produit-1768-Lto3-Junior-90-Caps Mozilla/5.0 (iPhone; CPU iPhone OS 17_4_1 like Mac OS X) AppleWebKit/605.1.15 (KHTML, like Gecko) Version/17.4.1 Mobile/15E148 Safari/604.1
14:53:48 https://letournesolboutiquesante.com:443/favicon.ico https://letournesolboutiquesante.com/fr/ Mozilla/5.0 (Linux; Android 10; K) AppleWebKit/537.36 (KHTML, like Gecko) Chrome/124.0.0.0 Mobile Safari/537.36
16:43:32 https://letournesolboutiquesante.com:443/favicon.ico https://letournesolboutiquesante.com/fr/ Mozilla/5.0 (Windows NT 10.0; Win64; x64) AppleWebKit/537.36 (KHTML, like Gecko) Chrome/124.0.0.0 Safari/537.36
6:49:09 PM https://letournesolboutiquesante.com:443/xmlrpc.php  Mozilla/5.0 (Windows NT 6.1; WOW64; rv:45.0) Gecko/20100101 Firefox/45.0
19:06:35 https://letournesolboutiquesante.com:443/database.sql  Go-http-client/1.1
19:06:35 https://letournesolboutiquesante.com:443/web.config  Go-http-client/1.1
19:06:35 https://letournesolboutiquesante.com:443/.env.production  Go-http-client/1.1
19:06:35 https://letournesolboutiquesante.com:443/.ssh/id_ecdsa  Go-http-client/1.1
19:06:35 https://letournesolboutiquesante.com:443/.git/HEAD  Go-http-client/1.1
19:06:35 https://letournesolboutiquesante.com:443/etc/shadow  Go-http-client/1.1
19:06:35 https://letournesolboutiquesante.com:443/backup.sql  Go-http-client/1.1
19:06:35 https://letournesolboutiquesante.com:443/config.yml  Go-http-client/1.1
19:06:35 https://letournesolboutiquesante.com:443/dump.sql  Go-http-client/1.1
19:06:35 https://letournesolboutiquesante.com:443/backup.tar.gz  Go-http-client/1.1
19:06:35 https://letournesolboutiquesante.com:443/feed  Go-http-client/1.1
19:06:35 https://letournesolboutiquesante.com:443/phpinfo.php  Go-http-client/1.1
19:06:35 https://letournesolboutiquesante.com:443/docker-compose.yml  Go-http-client/1.1
19:06:35 https://letournesolboutiquesante.com:443/config/database.php  Go-http-client/1.1
19:06:35 https://letournesolboutiquesante.com:443/config.json  Go-http-client/1.1
19:06:35 https://letournesolboutiquesante.com:443/.svn/wc.db  Go-http-client/1.1
19:06:35 https://letournesolboutiquesante.com:443/.aws/credentials  Go-http-client/1.1
19:06:35 https://letournesolboutiquesante.com:443/server.key  Go-http-client/1.1
19:06:35 https://letournesolboutiquesante.com:443/wp-admin/setup-config.php  Go-http-client/1.1
19:06:35 https://letournesolboutiquesante.com:443/backup.zip  Go-http-client/1.1
19:06:35 https://letournesolboutiquesante.com:443/config.php  Go-http-client/1.1
19:06:35 https://letournesolboutiquesante.com:443/config.yaml  Go-http-client/1.1
19:06:35 https://letournesolboutiquesante.com:443/wp-config.php  Go-http-client/1.1
19:06:35 https://letournesolboutiquesante.com:443/config/production.json  Go-http-client/1.1
19:06:35 https://letournesolboutiquesante.com:443/.ssh/id_rsa  Go-http-client/1.1
19:06:35 https://letournesolboutiquesante.com:443/.ssh/id_ed25519  Go-http-client/1.1
19:06:35 https://letournesolboutiquesante.com:443/.env  Go-http-client/1.1
19:06:35 https://letournesolboutiquesante.com:443/server-status  Go-http-client/1.1
19:06:35 https://letournesolboutiquesante.com:443/.kube/config  Go-http-client/1.1
19:06:35 https://letournesolboutiquesante.com:443/secrets.json  Go-http-client/1.1
19:06:35 https://letournesolboutiquesante.com:443/etc/ssl/private/server.key  Go-http-client/1.1
19:06:35 https://letournesolboutiquesante.com:443/config.xml  Go-http-client/1.1
19:19:29 https://letournesolboutiquesante.com:443/.git/config  Mozilla/5.0 (Macintosh; Intel Mac OS X 10.8; rv:16.0) Gecko/20120813 Firefox/16.0
20:05:27 https://letournesolboutiquesante.com:443/favicon.ico  Mozilla/5.0 (Windows NT 10.0; Win64; x64; rv:109.0) Gecko/20100101 Firefox/115.0
20:50:34 https://letournesolboutiquesante.com:443/apple-touch-icon-120x120-precomposed.png  MobileSafari/8618.1.15.10.15 CFNetwork/1494.0.7 Darwin/23.4.0
20:50:34 https://letournesolboutiquesante.com:443/apple-touch-icon-120x120.png  MobileSafari/8618.1.15.10.15 CFNetwork/1494.0.7 Darwin/23.4.0
20:50:34 https://letournesolboutiquesante.com:443/apple-touch-icon-precomposed.png  MobileSafari/8618.1.15.10.15 CFNetwork/1494.0.7 Darwin/23.4.0
20:50:34 https://letournesolboutiquesante.com:443/apple-touch-icon.png  MobileSafari/8618.1.15.10.15 CFNetwork/1494.0.7 Darwin/23.4.0
20:50:34 https://letournesolboutiquesante.com:443/favicon.ico  MobileSafari/8618.1.15.10.15 CFNetwork/1494.0.7 Darwin/23.4.0
20:50:34 https://letournesolboutiquesante.com:443/apple-touch-icon-120x120-precomposed.png  MobileSafari/8618.1.15.10.15 CFNetwork/1494.0.7 Darwin/23.4.0
20:50:34 https://letournesolboutiquesante.com:443/apple-touch-icon-120x120.png  MobileSafari/8618.1.15.10.15 CFNetwork/1494.0.7 Darwin/23.4.0
20:50:34 https://letournesolboutiquesante.com:443/apple-touch-icon-precomposed.png  MobileSafari/8618.1.15.10.15 CFNetwork/1494.0.7 Darwin/23.4.0
20:50:35 https://letournesolboutiquesante.com:443/apple-touch-icon.png  MobileSafari/8618.1.15.10.15 CFNetwork/1494.0.7 Darwin/23.4.0
20:50:35 https://letournesolboutiquesante.com:443/favicon.ico  MobileSafari/8618.1.15.10.15 CFNetwork/1494.0.7 Darwin/23.4.0
23:15:42 https://letournesolboutiquesante.com:443/.well-known/traffic-advice  Chrome Privacy Preserving Prefetch Proxy
23:15:45 https://letournesolboutiquesante.com:443/favicon.ico https://letournesolboutiquesante.com/fr/ Mozilla/5.0 (Linux; Android 10; K) AppleWebKit/537.36 (KHTML, like Gecko) Chrome/124.0.0.0 Mobile Safari/537.36
