12:05:39 AM https://letournesolboutiquesante.com:443/en/urlWithLang(  Mozilla/5.0 (compatible; Dataprovider.com)
12:05:40 AM https://letournesolboutiquesante.com:443/en/urlBilingual  Mozilla/5.0 (compatible; Dataprovider.com)
12:05:41 AM https://letournesolboutiquesante.com:443/en/cat.Url  Mozilla/5.0 (compatible; Dataprovider.com)
12:05:42 AM https://letournesolboutiquesante.com:443/en/subcat.Url  Mozilla/5.0 (compatible; Dataprovider.com)
12:05:43 AM https://letournesolboutiquesante.com:443/en/brand.Url  Mozilla/5.0 (compatible; Dataprovider.com)
12:05:44 AM https://letournesolboutiquesante.com:443/en/b.Url  Mozilla/5.0 (compatible; Dataprovider.com)
12:05:45 AM https://letournesolboutiquesante.com:443/en/p.Url  Mozilla/5.0 (compatible; Dataprovider.com)
12:05:46 AM https://letournesolboutiquesante.com:443/en/addressLink  Mozilla/5.0 (compatible; Dataprovider.com)
12:05:47 AM https://www.letournesolboutiquesante.com:443/security.txt https://www.letournesolboutiquesante.com/security.txt Mozilla/5.0 (compatible; Dataprovider.com)
12:05:47 AM https://www.letournesolboutiquesante.com:443/.well-known/security.txt https://www.letournesolboutiquesante.com/.well-known/security.txt Mozilla/5.0 (compatible; Dataprovider.com)
12:05:47 AM https://www.letournesolboutiquesante.com:443/ads.txt https://www.letournesolboutiquesante.com/ads.txt Mozilla/5.0 (compatible; Dataprovider.com)
12:05:47 AM https://www.letournesolboutiquesante.com:443/humans.txt https://www.letournesolboutiquesante.com/humans.txt Mozilla/5.0 (compatible; Dataprovider.com)
12:27:18 AM https://letournesolboutiquesante.com:443/wp-includes/wlwmanifest.xml  Mozilla/5.0 (Windows NT 10.0; Win64; x64) AppleWebKit/537.36 (KHTML, like Gecko) Chrome/89.0.4389.114 Safari/537.36
12:27:18 AM https://letournesolboutiquesante.com:443/xmlrpc.php?rsd  Mozilla/5.0 (Windows NT 10.0; Win64; x64) AppleWebKit/537.36 (KHTML, like Gecko) Chrome/89.0.4389.114 Safari/537.36
12:27:20 AM https://letournesolboutiquesante.com:443/blog/wp-includes/wlwmanifest.xml  Mozilla/5.0 (Windows NT 10.0; Win64; x64) AppleWebKit/537.36 (KHTML, like Gecko) Chrome/89.0.4389.114 Safari/537.36
12:27:20 AM https://letournesolboutiquesante.com:443/web/wp-includes/wlwmanifest.xml  Mozilla/5.0 (Windows NT 10.0; Win64; x64) AppleWebKit/537.36 (KHTML, like Gecko) Chrome/89.0.4389.114 Safari/537.36
12:27:20 AM https://letournesolboutiquesante.com:443/wordpress/wp-includes/wlwmanifest.xml  Mozilla/5.0 (Windows NT 10.0; Win64; x64) AppleWebKit/537.36 (KHTML, like Gecko) Chrome/89.0.4389.114 Safari/537.36
12:27:21 AM https://letournesolboutiquesante.com:443/website/wp-includes/wlwmanifest.xml  Mozilla/5.0 (Windows NT 10.0; Win64; x64) AppleWebKit/537.36 (KHTML, like Gecko) Chrome/89.0.4389.114 Safari/537.36
12:27:21 AM https://letournesolboutiquesante.com:443/wp/wp-includes/wlwmanifest.xml  Mozilla/5.0 (Windows NT 10.0; Win64; x64) AppleWebKit/537.36 (KHTML, like Gecko) Chrome/89.0.4389.114 Safari/537.36
12:27:23 AM https://letournesolboutiquesante.com:443/news/wp-includes/wlwmanifest.xml  Mozilla/5.0 (Windows NT 10.0; Win64; x64) AppleWebKit/537.36 (KHTML, like Gecko) Chrome/89.0.4389.114 Safari/537.36
12:27:23 AM https://letournesolboutiquesante.com:443/2020/wp-includes/wlwmanifest.xml  Mozilla/5.0 (Windows NT 10.0; Win64; x64) AppleWebKit/537.36 (KHTML, like Gecko) Chrome/89.0.4389.114 Safari/537.36
12:27:24 AM https://letournesolboutiquesante.com:443/2019/wp-includes/wlwmanifest.xml  Mozilla/5.0 (Windows NT 10.0; Win64; x64) AppleWebKit/537.36 (KHTML, like Gecko) Chrome/89.0.4389.114 Safari/537.36
12:27:25 AM https://letournesolboutiquesante.com:443/shop/wp-includes/wlwmanifest.xml  Mozilla/5.0 (Windows NT 10.0; Win64; x64) AppleWebKit/537.36 (KHTML, like Gecko) Chrome/89.0.4389.114 Safari/537.36
12:27:25 AM https://letournesolboutiquesante.com:443/wp1/wp-includes/wlwmanifest.xml  Mozilla/5.0 (Windows NT 10.0; Win64; x64) AppleWebKit/537.36 (KHTML, like Gecko) Chrome/89.0.4389.114 Safari/537.36
12:27:26 AM https://letournesolboutiquesante.com:443/test/wp-includes/wlwmanifest.xml  Mozilla/5.0 (Windows NT 10.0; Win64; x64) AppleWebKit/537.36 (KHTML, like Gecko) Chrome/89.0.4389.114 Safari/537.36
12:27:27 AM https://letournesolboutiquesante.com:443/wp2/wp-includes/wlwmanifest.xml  Mozilla/5.0 (Windows NT 10.0; Win64; x64) AppleWebKit/537.36 (KHTML, like Gecko) Chrome/89.0.4389.114 Safari/537.36
12:27:27 AM https://letournesolboutiquesante.com:443/site/wp-includes/wlwmanifest.xml  Mozilla/5.0 (Windows NT 10.0; Win64; x64) AppleWebKit/537.36 (KHTML, like Gecko) Chrome/89.0.4389.114 Safari/537.36
12:27:28 AM https://letournesolboutiquesante.com:443/cms/wp-includes/wlwmanifest.xml  Mozilla/5.0 (Windows NT 10.0; Win64; x64) AppleWebKit/537.36 (KHTML, like Gecko) Chrome/89.0.4389.114 Safari/537.36
12:27:28 AM https://letournesolboutiquesante.com:443/sito/wp-includes/wlwmanifest.xml  Mozilla/5.0 (Windows NT 10.0; Win64; x64) AppleWebKit/537.36 (KHTML, like Gecko) Chrome/89.0.4389.114 Safari/537.36
1:12:55 AM https://letournesolboutiquesante.com:443/en/urlWithLang(  Mozilla/5.0 (compatible; Dataprovider.com)
1:12:56 AM https://letournesolboutiquesante.com:443/en/urlBilingual  Mozilla/5.0 (compatible; Dataprovider.com)
1:12:57 AM https://letournesolboutiquesante.com:443/en/cat.Url  Mozilla/5.0 (compatible; Dataprovider.com)
1:12:58 AM https://letournesolboutiquesante.com:443/en/subcat.Url  Mozilla/5.0 (compatible; Dataprovider.com)
1:12:59 AM https://letournesolboutiquesante.com:443/en/brand.Url  Mozilla/5.0 (compatible; Dataprovider.com)
1:13:00 AM https://letournesolboutiquesante.com:443/en/b.Url  Mozilla/5.0 (compatible; Dataprovider.com)
1:13:01 AM https://letournesolboutiquesante.com:443/en/p.Url  Mozilla/5.0 (compatible; Dataprovider.com)
1:13:02 AM https://letournesolboutiquesante.com:443/en/addressLink  Mozilla/5.0 (compatible; Dataprovider.com)
1:13:03 AM https://www.letournesolboutiquesante.com:443/security.txt https://www.letournesolboutiquesante.com/security.txt Mozilla/5.0 (compatible; Dataprovider.com)
1:13:03 AM https://www.letournesolboutiquesante.com:443/.well-known/security.txt https://www.letournesolboutiquesante.com/.well-known/security.txt Mozilla/5.0 (compatible; Dataprovider.com)
1:13:03 AM https://www.letournesolboutiquesante.com:443/ads.txt https://www.letournesolboutiquesante.com/ads.txt Mozilla/5.0 (compatible; Dataprovider.com)
1:13:03 AM https://www.letournesolboutiquesante.com:443/humans.txt https://www.letournesolboutiquesante.com/humans.txt Mozilla/5.0 (compatible; Dataprovider.com)
3:55:59 AM https://letournesolboutiquesante.com:443/favicon.ico https://letournesolboutiquesante.com/en/ Mozilla/5.0 (X11; Linux x86_64) AppleWebKit/537.36 (KHTML, like Gecko) Chrome/121.0.6167.85 Safari/537.36
03:56:11 https://letournesolboutiquesante.com:443/en/sitemap.xml  python-requests/2.28.1
03:56:12 https://letournesolboutiquesante.com:443/en/sitemap_index.xml  python-requests/2.28.1
03:56:13 https://letournesolboutiquesante.com:443/en/sitemap  python-requests/2.28.1
03:56:14 https://letournesolboutiquesante.com:443/en/robots.txt  python-requests/2.28.1
04:10:20 https://letournesolboutiquesante.com:443/sitemap_index.xml  Mozilla/5.0 AppleWebKit/537.36 (KHTML, like Gecko; compatible; bingbot/2.0; +http://www.bing.com/bingbot.htm) Chrome/116.0.1938.76 Safari/537.36
04:39:50 https://letournesolboutiquesante.com:443/sitemap_index.xml  Mozilla/5.0 AppleWebKit/537.36 (KHTML, like Gecko; compatible; bingbot/2.0; +http://www.bing.com/bingbot.htm) Chrome/116.0.1938.76 Safari/537.36
7:07:22 AM https://letournesolboutiquesante.com:443/favicon.ico  Mozilla/5.0 (Macintosh; Intel Mac OS X 10_7_0) AppleWebKit/535.11 (KHTML, like Gecko) Chrome/17.0.963.56 Safari/535.11
08:34:45 https://letournesolboutiquesante.com:443/wp-login.php http://letournesolboutiquesante.com/wp-login.php Mozilla/5.0 (Windows NT 10.0; Win64; x64) AppleWebKit/537.36 (KHTML, like Gecko) Chrome/64.0.3282.140 Safari/537.36 Edge/18.17763
09:00:13 https://letournesolboutiquesante.com:443/favicon.ico https://letournesolboutiquesante.com/fr/ Mozilla/5.0 (Windows NT 10.0; Win64; x64) AppleWebKit/537.36 (KHTML, like Gecko) Chrome/124.0.0.0 Safari/537.36
11:07:00 AM https://letournesolboutiquesante.com:443/favicon.ico https://letournesolboutiquesante.com/en/ Mozilla/5.0 (Windows NT 10.0; Win64; x64) AppleWebKit/537.36 (KHTML, like Gecko) Chrome/124.0.0.0 Safari/537.36
12:05:15 https://letournesolboutiquesante.com:443/favicon.ico https://letournesolboutiquesante.com/fr/ Mozilla/5.0 (Macintosh; Intel Mac OS X 10_15_7) AppleWebKit/537.36 (KHTML, like Gecko) Chrome/122.0.0.0 Safari/537.36
12:20:00 https://letournesolboutiquesante.com:443/favicon.ico  Googlebot-Image/1.0
13:26:22 https://letournesolboutiquesante.com:443/favicon.ico https://letournesolboutiquesante.com/fr/Huile essentielle -q/page3 Mozilla/5.0 (iPhone; CPU iPhone OS 16_3_1 like Mac OS X) AppleWebKit/605.1.15 (KHTML, like Gecko) Version/16.3 Mobile/15E148 Safari/604.1
13:32:27 https://letournesolboutiquesante.com:443/favicon.ico https://letournesolboutiquesante.com/fr/ Mozilla/5.0 (Windows NT 10.0; Win64; x64) AppleWebKit/537.36 (KHTML, like Gecko) Chrome/124.0.0.0 Safari/537.36 Edg/124.0.0.0
14:26:00 https://letournesolboutiquesante.com:443/favicon.ico https://letournesolboutiquesante.com/fr/ Mozilla/5.0 (Linux; Android 10; K) AppleWebKit/537.36 (KHTML, like Gecko) Chrome/124.0.0.0 Mobile Safari/537.36
15:28:44 https://letournesolboutiquesante.com:443/favicon.ico https://letournesolboutiquesante.com/fr/ Mozilla/5.0 (Windows NT 10.0; Win64; x64) AppleWebKit/537.36 (KHTML, like Gecko) Chrome/124.0.0.0 Safari/537.36 Edg/124.0.0.0
4:55:59 PM https://letournesolboutiquesante.com:443/favicon.ico  Mozilla/5.0 (Macintosh; Intel Mac OS X 10_7_0) AppleWebKit/535.11 (KHTML, like Gecko) Chrome/17.0.963.56 Safari/535.11
17:08:18 https://letournesolboutiquesante.com:443/favicon.ico https://letournesolboutiquesante.com/fr/ Mozilla/5.0 (Macintosh; Intel Mac OS X 10_15_7) AppleWebKit/537.36 (KHTML, like Gecko) Chrome/124.0.0.0 Safari/537.36
17:33:48 https://letournesolboutiquesante.com:443/favicon.ico https://letournesolboutiquesante.com/fr/ Mozilla/5.0 (iPhone; CPU iPhone OS 17_4_1 like Mac OS X) AppleWebKit/605.1.15 (KHTML, like Gecko) Version/17.4.1 Mobile/15E148 Safari/604.1
8:19:14 PM https://letournesolboutiquesante.com:443/favicon.ico  Mozilla/5.0 (iPhone; CPU iPhone OS 17_4 like Mac OS X) AppleWebKit/605.1.15 (KHTML, like Gecko) CriOS/124.0.6367.88 Mobile/15E148 Safari/604.1
22:10:13 https://letournesolboutiquesante.com:443/favicon.ico  Googlebot-Image/1.0
