00:01:53 https://www.letournesolboutiquesante.com:443/wp-login.php https://www.letournesolboutiquesante.com/wp-login.php Mozilla/5.0 (X11; Fedora; Linux x86_64; rv:94.0) Gecko/20100101 Firefox/95.0
02:23:09 https://letournesolboutiquesante.com:443/.git/config  Go-http-client/2.0
02:44:06 https://letournesolboutiquesante.com:443/.git/config  Go-http-client/2.0
3:59:13 AM https://letournesolboutiquesante.com:443/favicon.ico https://letournesolboutiquesante.com/en/ Mozilla/5.0 (X11; Linux x86_64) AppleWebKit/537.36 (KHTML, like Gecko) Chrome/121.0.6167.85 Safari/537.36
03:59:23 https://letournesolboutiquesante.com:443/en/sitemap.xml  python-requests/2.28.1
03:59:25 https://letournesolboutiquesante.com:443/en/sitemap_index.xml  python-requests/2.28.1
03:59:26 https://letournesolboutiquesante.com:443/en/sitemap  python-requests/2.28.1
03:59:28 https://letournesolboutiquesante.com:443/en/robots.txt  python-requests/2.28.1
4:02:07 AM https://letournesolboutiquesante.com:443/favicon.ico  Mozilla/5.0 (Macintosh; Intel Mac OS X 10_15_7) AppleWebKit/537.36 (KHTML, like Gecko) Chrome/96.0.4664.110 Safari/537.36
05:15:56 https://letournesolboutiquesante.com:443/favicon.ico https://letournesolboutiquesante.com/fr/Alcool-c3 Mozilla/5.0 (Windows NT 10.0; Win64; x64) AppleWebKit/537.36 (KHTML, like Gecko) Chrome/125.0.0.0 Safari/537.36
08:49:41 https://letournesolboutiquesante.com:443/favicon.ico https://letournesolboutiquesante.com/fr/ Mozilla/5.0 (Macintosh; Intel Mac OS X 10_15_7) AppleWebKit/605.1.15 (KHTML, like Gecko) Version/16.2 Safari/605.1.15
12:34:27 https://letournesolboutiquesante.com:443/favicon.ico  Mozilla/5.0 (iPad; CPU OS 17_4 like Mac OS X) AppleWebKit/605.1.15 (KHTML, like Gecko) EdgiOS/124.0.2478.105 Version/17.0 Mobile/15E148 Safari/604.1
1:01:26 PM https://letournesolboutiquesante.com:443/.well-known/security.txt  Mozilla/5.0 (X11; Ubuntu; Linux x86_64; rv:109.0) Gecko/20100101 Firefox/115.0
16:21:09 https://letournesolboutiquesante.com:443/favicon.ico https://letournesolboutiquesante.com/fr/ Mozilla/5.0 (iPhone; CPU iPhone OS 17_4_1 like Mac OS X) AppleWebKit/605.1.15 (KHTML, like Gecko) Version/17.4.1 Mobile/15E148 Safari/604.1
18:26:49 https://letournesolboutiquesante.com:443/enhance  Mozilla/5.0 (compatible; wpbot/1.1; +https://forms.gle/ajBaxygz9jSR8p8G9)
19:31:31 https://letournesolboutiquesante.com:443/favicon.ico  Go-http-client/1.1
20:07:55 https://www.letournesolboutiquesante.com:443/favicon.ico https://www.letournesolboutiquesante.com/ Mozilla/5.0 (Macintosh; Intel Mac OS X 10_15_7) AppleWebKit/537.36 (KHTML, like Gecko) Chrome/121.0.0.0 Safari/537.36
8:20:05 PM https://letournesolboutiquesante.com:443/favicon.ico https://letournesolboutiquesante.com/en/ Mozilla/5.0 (X11; Linux x86_64) AppleWebKit/537.36 (KHTML, like Gecko) Chrome/121.0.6167.85 Safari/537.36
20:20:16 https://letournesolboutiquesante.com:443/en/sitemap.xml  python-requests/2.28.1
20:20:17 https://letournesolboutiquesante.com:443/en/sitemap_index.xml  python-requests/2.28.1
20:20:18 https://letournesolboutiquesante.com:443/en/sitemap  python-requests/2.28.1
20:20:19 https://letournesolboutiquesante.com:443/en/robots.txt  python-requests/2.28.1
22:22:32 https://letournesolboutiquesante.com:443/favicon.ico  Mozilla/5.0 (Macintosh; Intel Mac OS X 10_15_7) AppleWebKit/605.1.15 (KHTML, like Gecko) Version/17.4 Safari/605.1.15 (Applebot/0.1; +http://www.apple.com/go/applebot)
11:56:21 PM https://letournesolboutiquesante.com:443/favicon.ico https://letournesolboutiquesante.com/en/ Mozilla/5.0 (X11; Linux x86_64) AppleWebKit/537.36 (KHTML, like Gecko) Chrome/121.0.6167.85 Safari/537.36
