03:11:51 https://letournesolboutiquesante.com:443/favicon.ico  Mozilla/5.0 (compatible; CensysInspect/1.1; +https://about.censys.io/)
05:06:26 https://letournesolboutiquesante.com:443/favicon.ico https://letournesolboutiquesante.com/fr/Produit-2676-Natural-Factors-Bisglycinate-de-magnesium-pur-200-mg-poudre Mozilla/5.0 (Macintosh; Intel Mac OS X 10_15_7) AppleWebKit/605.1.15 (KHTML, like Gecko) Version/17.5 Safari/605.1.15
07:24:30 https://letournesolboutiquesante.com:443/.git/config  Mozilla/5.0 (Windows NT 6.1; Win64; x64; rv:64.0) Gecko/20100101 Firefox/64.0
9:08:13 AM https://letournesolboutiquesante.com:443/.well-known/security.txt  Mozilla/5.0 (Macintosh; Intel Mac OS X 10_13_5) AppleWebKit/537.36 (KHTML, like Gecko) Chrome/67.0.3396.79 Safari/537.36
9:08:13 AM https://letournesolboutiquesante.com:443/security.txt  Mozilla/5.0 (Macintosh; Intel Mac OS X 10_15_4) AppleWebKit/605.1.15 (KHTML, like Gecko) Version/9.1.2 Safari/605.1.15
09:56:31 https://letournesolboutiquesante.com:443/fr/rabais  Mozilla/5.0 AppleWebKit/537.36 (KHTML, like Gecko; compatible; bingbot/2.0; +http://www.bing.com/bingbot.htm) Chrome/116.0.1938.76 Safari/537.36
10:23:21 https://letournesolboutiquesante.com:443/favicon.ico https://letournesolboutiquesante.com/fr/ Mozilla/5.0 (Windows NT 10.0; Win64; x64) AppleWebKit/537.36 (KHTML, like Gecko) Chrome/124.0.0.0 Safari/537.36
11:31:14 https://letournesolboutiquesante.com:443/wp-login.php http://letournesolboutiquesante.com/wp-login.php Mozilla/5.0 (X11; Fedora; Linux x86_64; rv:94.0) Gecko/20100101 Firefox/95.0
11:58:01 AM https://letournesolboutiquesante.com:443/favicon.ico https://letournesolboutiquesante.com/en/ Mozilla/5.0 (X11; Linux x86_64) AppleWebKit/537.36 (KHTML, like Gecko) Chrome/121.0.6167.85 Safari/537.36
11:58:13 https://letournesolboutiquesante.com:443/en/sitemap.xml  python-requests/2.28.1
11:58:14 https://letournesolboutiquesante.com:443/en/sitemap_index.xml  python-requests/2.28.1
11:58:16 https://letournesolboutiquesante.com:443/en/sitemap  python-requests/2.28.1
11:58:17 https://letournesolboutiquesante.com:443/en/robots.txt  python-requests/2.28.1
13:20:05 https://letournesolboutiquesante.com:443/favicon.ico  Mozilla/5.0 (Macintosh; Intel Mac OS X 10_15_7) AppleWebKit/605.1.15 (KHTML, like Gecko) Version/17.4 Safari/605.1.15 (Applebot/0.1; +http://www.apple.com/go/applebot)
14:25:35 https://letournesolboutiquesante.com:443/favicon.ico  Googlebot-Image/1.0
2:42:34 PM https://letournesolboutiquesante.com:443/favicon.ico https://letournesolboutiquesante.com/en/ Mozilla/5.0 (Windows NT 10.0; Win64; x64) AppleWebKit/537.36 (KHTML, like Gecko) Chrome/121.0.0.0 Safari/537.36
14:49:09 https://letournesolboutiquesante.com:443/wp-content/themes/xstore/js/portfolio.min.js  Mozilla/5.0 (Windows NT 10.0; Win64; x64) AppleWebKit/537.36 (KHTML, like Gecko) Chrome/88.0.4324.150 Safari/537.36
16:46:01 https://letournesolboutiquesante.com:443/favicon.ico https://letournesolboutiquesante.com/fr/Produit-3319-A-Vogel-Vogel-allergy-relief-120-comprimes Mozilla/5.0 (iPhone; CPU iPhone OS 16_3_1 like Mac OS X) AppleWebKit/605.1.15 (KHTML, like Gecko) Version/16.3 Mobile/15E148 Safari/604.1
16:46:28 https://letournesolboutiquesante.com:443/meta.json  facebookexternalhit/1.1 (+http://www.facebook.com/externalhit_uatext.php)
18:18:49 https://letournesolboutiquesante.com:443/meta.json  facebookexternalhit/1.1 (+http://www.facebook.com/externalhit_uatext.php)
19:14:36 https://letournesolboutiquesante.com:443/favicon.ico https://letournesolboutiquesante.com/fr/ Mozilla/5.0 (Windows NT 10.0; Win64; x64) AppleWebKit/537.36 (KHTML, like Gecko) Chrome/124.0.0.0 Safari/537.36
19:44:31 https://letournesolboutiquesante.com:443/favicon.ico https://letournesolboutiquesante.com/fr/ Mozilla/5.0 (Linux; Android 10; K) AppleWebKit/537.36 (KHTML, like Gecko) Chrome/125.0.0.0 Mobile Safari/537.36
10:54:05 PM https://letournesolboutiquesante.com:443/favicon.ico https://letournesolboutiquesante.com/en/ Mozilla/5.0 (Windows NT 10.0; Win64; x64; rv:126.0) Gecko/20100101 Firefox/126.0
23:10:22 https://letournesolboutiquesante.com:443/wp-admin/setup-config.php?step=1&language=en_GB  Mozilla/5.0 (Windows NT 10.0; Win64; x64; rv:108.0) Gecko/20100101 Firefox/108.0
23:10:22 https://letournesolboutiquesante.com:443/wp-admin/install.php?step=1&language=en_GB  Mozilla/5.0 (Windows NT 10.0; Win64; x64; rv:108.0) Gecko/20100101 Firefox/108.0
23:40:52 https://letournesolboutiquesante.com:443/.git/config  Mozilla/5.0 (Linux; Android 9; SM-G973F) AppleWebKit/537.36 (KHTML, like Gecko) Chrome/76.0.3809.111 Mobile Safari/537.36
