03:09:39 https://letournesolboutiquesante.com:443/wp-admin/setup-config.php?step=1&language=en_GB  Mozilla/5.0 (Windows NT 10.0; Win64; x64; rv:108.0) Gecko/20100101 Firefox/108.0
03:09:40 https://letournesolboutiquesante.com:443/wp-admin/install.php?step=1&language=en_GB  Mozilla/5.0 (Windows NT 10.0; Win64; x64; rv:108.0) Gecko/20100101 Firefox/108.0
03:51:41 https://letournesolboutiquesante.com:443/wp-admin/setup-config.php?step=1&language=en_GB  Mozilla/5.0 (Windows NT 10.0; Win64; x64; rv:108.0) Gecko/20100101 Firefox/108.0
03:51:41 https://letournesolboutiquesante.com:443/wp-admin/install.php?step=1&language=en_GB  Mozilla/5.0 (Windows NT 10.0; Win64; x64; rv:108.0) Gecko/20100101 Firefox/108.0
4:37:09 AM https://letournesolboutiquesante.com:443/apple-touch-icon-120x120-precomposed.png  MobileSafari/8616.2.9.10.13 CFNetwork/1485 Darwin/23.1.0
4:37:09 AM https://letournesolboutiquesante.com:443/apple-touch-icon-120x120.png  MobileSafari/8616.2.9.10.13 CFNetwork/1485 Darwin/23.1.0
4:37:09 AM https://letournesolboutiquesante.com:443/apple-touch-icon-precomposed.png  MobileSafari/8616.2.9.10.13 CFNetwork/1485 Darwin/23.1.0
4:37:09 AM https://letournesolboutiquesante.com:443/apple-touch-icon.png  MobileSafari/8616.2.9.10.13 CFNetwork/1485 Darwin/23.1.0
4:37:09 AM https://letournesolboutiquesante.com:443/favicon.ico  MobileSafari/8616.2.9.10.13 CFNetwork/1485 Darwin/23.1.0
4:37:09 AM https://letournesolboutiquesante.com:443/apple-touch-icon-120x120-precomposed.png  MobileSafari/8616.2.9.10.13 CFNetwork/1485 Darwin/23.1.0
4:37:09 AM https://letournesolboutiquesante.com:443/apple-touch-icon-120x120.png  MobileSafari/8616.2.9.10.13 CFNetwork/1485 Darwin/23.1.0
4:37:09 AM https://letournesolboutiquesante.com:443/apple-touch-icon-precomposed.png  MobileSafari/8616.2.9.10.13 CFNetwork/1485 Darwin/23.1.0
4:37:09 AM https://letournesolboutiquesante.com:443/apple-touch-icon.png  MobileSafari/8616.2.9.10.13 CFNetwork/1485 Darwin/23.1.0
4:37:09 AM https://letournesolboutiquesante.com:443/favicon.ico  MobileSafari/8616.2.9.10.13 CFNetwork/1485 Darwin/23.1.0
04:45:11 https://letournesolboutiquesante.com:443/.env  Mozilla/5.0 (X11; Linux x86_64) AppleWebKit/537.36 (KHTML, like Gecko) Chrome/81.0.4044.129 Safari/537.36
04:45:19 https://www.letournesolboutiquesante.com:443/.env  Mozilla/5.0 (X11; Linux x86_64) AppleWebKit/537.36 (KHTML, like Gecko) Chrome/81.0.4044.129 Safari/537.36
06:40:32 https://letournesolboutiquesante.com:443/ads.txt http://letournesolboutiquesante.com/ads.txt Go-http-client/2.0
8:01:59 AM https://letournesolboutiquesante.com:443/favicon.ico https://letournesolboutiquesante.com/favicon.ico DuckDuckBot/1.1; (+http://duckduckgo.com/duckduckbot.html)
8:01:59 AM https://letournesolboutiquesante.com:443/favicon.ico https://letournesolboutiquesante.com/favicon.ico DuckDuckBot/1.1; (+http://duckduckgo.com/duckduckbot.html)
08:02:09 https://letournesolboutiquesante.com:443/favicon.ico https://letournesolboutiquesante.com/fr/Produit-2025-Joy-Of-the-Mountain-Huile-d-origan-15ml Mozilla/5.0 (Macintosh; Intel Mac OS X 10_15_7) AppleWebKit/605.1.15 (KHTML, like Gecko) Version/13.1.3 Safari/605.1.15
09:03:38 https://letournesolboutiquesante.com:443/favicon.ico https://letournesolboutiquesante.com/fr/ Mozilla/5.0 (Linux; Android 10; K) AppleWebKit/537.36 (KHTML, like Gecko) Chrome/125.0.0.0 Mobile Safari/537.36
10:54:51 https://letournesolboutiquesante.com:443/sftp-config.json  Mozilla/5.0 (Macintosh; Intel Mac OS X 10.15; rv:77.0) Gecko/20100101 Firefox/77.0
10:54:53 https://letournesolboutiquesante.com:443/.vscode/sftp.json  Mozilla/5.0 (Macintosh; Intel Mac OS X 10.15; rv:77.0) Gecko/20100101 Firefox/77.0
11:51:27 https://letournesolboutiquesante.com:443/favicon.ico  Googlebot-Image/1.0
12:17:44 https://letournesolboutiquesante.com:443/favicon.ico https://letournesolboutiquesante.com/fr/ Mozilla/5.0 (Windows NT 10.0; Win64; x64) AppleWebKit/537.36 (KHTML, like Gecko) Chrome/125.0.0.0 Safari/537.36
16:14:20 https://letournesolboutiquesante.com:443/favicon.ico https://letournesolboutiquesante.com/fr/ Mozilla/5.0 (iPhone; CPU iPhone OS 17_5_1 like Mac OS X) AppleWebKit/605.1.15 (KHTML, like Gecko) Version/17.5 Mobile/15E148 Safari/604.1
5:20:22 PM https://letournesolboutiquesante.com:443/favicon.ico https://letournesolboutiquesante.com/en/ Mozilla/5.0 (Linux; Android 10; K) AppleWebKit/537.36 (KHTML, like Gecko) Chrome/125.0.0.0 Mobile Safari/537.36
17:34:16 https://www.letournesolboutiquesante.com:443/wp-login.php https://www.letournesolboutiquesante.com/wp-login.php Mozilla/5.0 (X11; Fedora; Linux x86_64; rv:94.0) Gecko/20100101 Firefox/95.0
18:09:43 https://letournesolboutiquesante.com:443/favicon.ico https://letournesolboutiquesante.com/fr/ Mozilla/5.0 (Macintosh; Intel Mac OS X 10_15_7) AppleWebKit/605.1.15 (KHTML, like Gecko) Version/17.5 Safari/605.1.15
19:14:33 https://letournesolboutiquesante.com:443/favicon.ico https://letournesolboutiquesante.com/fr/ Mozilla/5.0 (Linux; Android 10; K) AppleWebKit/537.36 (KHTML, like Gecko) Chrome/125.0.0.0 Mobile Safari/537.36
19:44:44 https://letournesolboutiquesante.com:443/wp-login.php http://letournesolboutiquesante.com/wp-login.php Mozilla/5.0 (X11; Fedora; Linux x86_64; rv:94.0) Gecko/20100101 Firefox/95.0
19:47:10 https://letournesolboutiquesante.com:443/wp-cron.php  IonCrawl (https://www.ionos.de/terms-gtc/faq-crawler-en/)
21:33:58 https://letournesolboutiquesante.com:443/fr/CHANGELOG.txt  Mozilla/5.0 (Windows NT 10.0; Win64; x64; rv:61.0) Gecko/20100101 Firefox/61.0
21:33:58 https://letournesolboutiquesante.com:443/CHANGELOG.txt  Mozilla/5.0 (Windows NT 10.0; Win64; x64; rv:61.0) Gecko/20100101 Firefox/61.0
21:33:59 https://letournesolboutiquesante.com:443/fr/core/CHANGELOG.txt  Mozilla/5.0 (Windows NT 10.0; Win64; x64; rv:61.0) Gecko/20100101 Firefox/61.0
21:33:59 https://letournesolboutiquesante.com:443/core/CHANGELOG.txt  Mozilla/5.0 (Windows NT 10.0; Win64; x64; rv:61.0) Gecko/20100101 Firefox/61.0
21:34:00 https://letournesolboutiquesante.com:443/fr/readme.html  Mozilla/5.0 (Windows NT 10.0; Win64; x64; rv:61.0) Gecko/20100101 Firefox/61.0
21:34:01 https://letournesolboutiquesante.com:443/readme.html  Mozilla/5.0 (Windows NT 10.0; Win64; x64; rv:61.0) Gecko/20100101 Firefox/61.0
21:34:01 https://letournesolboutiquesante.com:443/fr/README.txt  Mozilla/5.0 (Windows NT 10.0; Win64; x64; rv:61.0) Gecko/20100101 Firefox/61.0
21:34:02 https://letournesolboutiquesante.com:443/README.txt  Mozilla/5.0 (Windows NT 10.0; Win64; x64; rv:61.0) Gecko/20100101 Firefox/61.0
21:34:02 https://letournesolboutiquesante.com:443/fr/media/system/js/core.js  Mozilla/5.0 (Windows NT 10.0; Win64; x64; rv:61.0) Gecko/20100101 Firefox/61.0
21:34:03 https://letournesolboutiquesante.com:443/media/system/js/core.js  Mozilla/5.0 (Windows NT 10.0; Win64; x64; rv:61.0) Gecko/20100101 Firefox/61.0
21:34:03 https://letournesolboutiquesante.com:443/fr/stylesheet.css  Mozilla/5.0 (Windows NT 10.0; Win64; x64; rv:61.0) Gecko/20100101 Firefox/61.0
21:34:04 https://letournesolboutiquesante.com:443/stylesheet.css  Mozilla/5.0 (Windows NT 10.0; Win64; x64; rv:61.0) Gecko/20100101 Firefox/61.0
