00:06:43 https://letournesolboutiquesante.com:443/wp-admin/setup-config.php?step=1&language=en_GB  Mozilla/5.0 (Windows NT 10.0; Win64; x64; rv:108.0) Gecko/20100101 Firefox/108.0
00:06:43 https://letournesolboutiquesante.com:443/wp-admin/install.php?step=1&language=en_GB  Mozilla/5.0 (Windows NT 10.0; Win64; x64; rv:108.0) Gecko/20100101 Firefox/108.0
07:20:17 https://letournesolboutiquesante.com:443/favicon.ico https://letournesolboutiquesante.com/fr/ Mozilla/5.0 (Linux; Android 10; K) AppleWebKit/537.36 (KHTML, like Gecko) Chrome/125.0.0.0 Mobile Safari/537.36
7:36:51 AM https://letournesolboutiquesante.com:443/favicon.ico  Mozilla/5.0 (Macintosh; Intel Mac OS X 10_15_7) AppleWebKit/537.36 (KHTML, like Gecko) Chrome/96.0.4664.110 Safari/537.36
7:50:36 AM https://letournesolboutiquesante.com:443/favicon.ico https://letournesolboutiquesante.com/en/ Mozilla/5.0 (X11; Linux x86_64) AppleWebKit/537.36 (KHTML, like Gecko) Chrome/121.0.6167.85 Safari/537.36
07:50:48 https://letournesolboutiquesante.com:443/en/sitemap.xml  python-requests/2.28.1
07:50:49 https://letournesolboutiquesante.com:443/en/sitemap_index.xml  python-requests/2.28.1
07:50:51 https://letournesolboutiquesante.com:443/en/sitemap  python-requests/2.28.1
07:50:52 https://letournesolboutiquesante.com:443/en/robots.txt  python-requests/2.28.1
10:37:07 https://letournesolboutiquesante.com:443/favicon.ico https://letournesolboutiquesante.com/fr/ Mozilla/5.0 (Macintosh; Intel Mac OS X 10.15; rv:125.0) Gecko/20100101 Firefox/125.0
12:01:07 https://letournesolboutiquesante.com:443/.git/config  Mozilla/5.0 (Windows NT 6.1; WOW64) AppleWebKit/537.1 (KHTML like Gecko) Maxthon/4.0.0.2000 Chrome/22.0.1229.79 Safari/537.1
1:54:29 PM https://letournesolboutiquesante.com:443/favicon.ico  Mozilla/5.0 (Windows NT 10.0; Win64; x64) AppleWebKit/537.36 (KHTML, like Gecko) Chrome/124.0.0.0 Safari/537.36 Edg/124.0.0.0
13:57:32 https://letournesolboutiquesante.com:443/favicon.ico https://letournesolboutiquesante.com/fr/Produit-3343-Sugar-Hill-LES-PARAGES-2018-750ml Mozilla/5.0 (Macintosh; Intel Mac OS X 10_15_7) AppleWebKit/605.1.15 (KHTML, like Gecko) Version/17.2.1 Safari/605.1.15
15:02:06 https://letournesolboutiquesante.com:443/favicon.ico https://letournesolboutiquesante.com/fr/?fbclid=IwAR1ObzRKMIeO3v8Yu_PvUp0FvW8jYgomZIOB80xGx7fTGQXkEG_r60o0OrE Mozilla/5.0 (Linux; Android 14; SM-A526W Build/UP1A.231005.007; wv) AppleWebKit/537.36 (KHTML, like Gecko) Version/4.0 Chrome/125.0.6422.64 Mobile Safari/537.36 [FB_IAB/FB4A;FBAV/464.0.0.60.90;]
15:03:40 https://letournesolboutiquesante.com:443/favicon.ico https://letournesolboutiquesante.com/fr/ Mozilla/5.0 (Macintosh; Intel Mac OS X 10_13_6) AppleWebKit/605.1.15 (KHTML, like Gecko) Version/13.1.2 Safari/605.1.15
15:04:08 https://letournesolboutiquesante.com:443/favicon.ico https://letournesolboutiquesante.com/fr/Login.aspx Mozilla/5.0 (Macintosh; Intel Mac OS X 10_13_6) AppleWebKit/605.1.15 (KHTML, like Gecko) Version/13.1.2 Safari/605.1.15
17:11:32 https://letournesolboutiquesante.com:443/favicon.ico https://letournesolboutiquesante.com/fr/Produit-232-Sampson-Platinum-Vernis-a-Ongle-Sans-9-10ml Mozilla/5.0 (iPhone; CPU iPhone OS 17_4_1 like Mac OS X) AppleWebKit/605.1.15 (KHTML, like Gecko) Version/17.4.1 Mobile/15E148 Safari/604.1
17:14:26 https://letournesolboutiquesante.com:443/favicon.ico https://letournesolboutiquesante.com/fr/?fbclid=IwAR0WLh2oMA8poKcbEp7vBRrB6AAMeQDw0u6GDuTtsqNMdN3-zRJClB8MjyE Mozilla/5.0 (Linux; Android 13; SM-G981U1 Build/TP1A.220624.014; wv) AppleWebKit/537.36 (KHTML, like Gecko) Version/4.0 Chrome/125.0.6422.64 Mobile Safari/537.36 [FB_IAB/FB4A;FBAV/464.0.0.60.90;]
18:06:24 https://letournesolboutiquesante.com:443/.env  Mozilla/5.0 (X11; Linux x86_64) AppleWebKit/537.36 (KHTML, like Gecko) Chrome/81.0.4044.129 Safari/537.36
19:08:47 https://letournesolboutiquesante.com:443/favicon.ico https://letournesolboutiquesante.com/fr/?fbclid=IwAR3m7kP865NujfSa5DwcdpQbjOHlo_RfcA_kAgW-a-FVwr5gxgMcpY0KMSY Mozilla/5.0 (Linux; Android 14; SM-G990W2 Build/UP1A.231005.007; wv) AppleWebKit/537.36 (KHTML, like Gecko) Version/4.0 Chrome/125.0.6422.64 Mobile Safari/537.36 [FB_IAB/FB4A;FBAV/464.0.0.60.90;]
11:43:13 PM https://letournesolboutiquesante.com:443/favicon.ico https://letournesolboutiquesante.com/en/ Mozilla/5.0 (X11; Linux x86_64) AppleWebKit/537.36 (KHTML, like Gecko) Chrome/121.0.6167.85 Safari/537.36
