12:47:06 AM https://letournesolboutiquesante.com:443/favicon.ico https://letournesolboutiquesante.com/en/ Mozilla/5.0 (X11; Linux x86_64) AppleWebKit/537.36 (KHTML, like Gecko) Chrome/121.0.6167.85 Safari/537.36
00:47:17 https://letournesolboutiquesante.com:443/en/sitemap.xml  python-requests/2.28.1
00:47:19 https://letournesolboutiquesante.com:443/en/sitemap_index.xml  python-requests/2.28.1
00:47:20 https://letournesolboutiquesante.com:443/en/sitemap  python-requests/2.28.1
00:47:21 https://letournesolboutiquesante.com:443/en/robots.txt  python-requests/2.28.1
7:13:32 AM https://letournesolboutiquesante.com:443/favicon.ico https://letournesolboutiquesante.com/en/ Mozilla/5.0 (compatible; ev-crawler/1.0; +https://headline.com/legal/crawler)
09:10:51 https://letournesolboutiquesante.com:443/favicon.ico https://letournesolboutiquesante.com/fr/ Mozilla/5.0 (Macintosh; Intel Mac OS X 10_15_7) AppleWebKit/605.1.15 (KHTML, like Gecko) Version/17.4.1 Safari/605.1.15
11:12:42 AM https://letournesolboutiquesante.com:443/favicon.ico https://letournesolboutiquesante.com/en/ Mozilla/5.0 (Windows NT 10.0; Win64; x64) AppleWebKit/537.36 (KHTML, like Gecko) Chrome/124.0.0.0 Safari/537.36
11:44:21 AM https://letournesolboutiquesante.com:443/favicon.ico  Mozilla/5.0 (Macintosh; Intel Mac OS X 10_7_0) AppleWebKit/535.11 (KHTML, like Gecko) Chrome/17.0.963.56 Safari/535.11
12:12:20 https://www.letournesolboutiquesante.com:443/wp-login.php https://www.letournesolboutiquesante.com/wp-login.php Mozilla/5.0 (X11; Fedora; Linux x86_64; rv:94.0) Gecko/20100101 Firefox/95.0
12:42:36 PM https://letournesolboutiquesante.com:443/wp-includes/wlwmanifest.xml  Mozilla/5.0 (Windows NT 10.0; Win64; x64) AppleWebKit/537.36 (KHTML, like Gecko) Chrome/88.0.4240.193 Safari/537.36
12:42:36 PM https://letournesolboutiquesante.com:443/xmlrpc.php?rsd  Mozilla/5.0 (Windows NT 10.0; Win64; x64) AppleWebKit/537.36 (KHTML, like Gecko) Chrome/88.0.4240.193 Safari/537.36
12:42:36 PM https://letournesolboutiquesante.com:443/blog/wp-includes/wlwmanifest.xml  Mozilla/5.0 (Windows NT 10.0; Win64; x64) AppleWebKit/537.36 (KHTML, like Gecko) Chrome/88.0.4240.193 Safari/537.36
12:42:36 PM https://letournesolboutiquesante.com:443/web/wp-includes/wlwmanifest.xml  Mozilla/5.0 (Windows NT 10.0; Win64; x64) AppleWebKit/537.36 (KHTML, like Gecko) Chrome/88.0.4240.193 Safari/537.36
12:42:36 PM https://letournesolboutiquesante.com:443/wordpress/wp-includes/wlwmanifest.xml  Mozilla/5.0 (Windows NT 10.0; Win64; x64) AppleWebKit/537.36 (KHTML, like Gecko) Chrome/88.0.4240.193 Safari/537.36
12:42:36 PM https://letournesolboutiquesante.com:443/website/wp-includes/wlwmanifest.xml  Mozilla/5.0 (Windows NT 10.0; Win64; x64) AppleWebKit/537.36 (KHTML, like Gecko) Chrome/88.0.4240.193 Safari/537.36
12:42:36 PM https://letournesolboutiquesante.com:443/wp/wp-includes/wlwmanifest.xml  Mozilla/5.0 (Windows NT 10.0; Win64; x64) AppleWebKit/537.36 (KHTML, like Gecko) Chrome/88.0.4240.193 Safari/537.36
12:42:36 PM https://letournesolboutiquesante.com:443/news/wp-includes/wlwmanifest.xml  Mozilla/5.0 (Windows NT 10.0; Win64; x64) AppleWebKit/537.36 (KHTML, like Gecko) Chrome/88.0.4240.193 Safari/537.36
12:42:36 PM https://letournesolboutiquesante.com:443/2020/wp-includes/wlwmanifest.xml  Mozilla/5.0 (Windows NT 10.0; Win64; x64) AppleWebKit/537.36 (KHTML, like Gecko) Chrome/88.0.4240.193 Safari/537.36
12:42:36 PM https://letournesolboutiquesante.com:443/2019/wp-includes/wlwmanifest.xml  Mozilla/5.0 (Windows NT 10.0; Win64; x64) AppleWebKit/537.36 (KHTML, like Gecko) Chrome/88.0.4240.193 Safari/537.36
12:42:36 PM https://letournesolboutiquesante.com:443/shop/wp-includes/wlwmanifest.xml  Mozilla/5.0 (Windows NT 10.0; Win64; x64) AppleWebKit/537.36 (KHTML, like Gecko) Chrome/88.0.4240.193 Safari/537.36
12:42:36 PM https://letournesolboutiquesante.com:443/wp1/wp-includes/wlwmanifest.xml  Mozilla/5.0 (Windows NT 10.0; Win64; x64) AppleWebKit/537.36 (KHTML, like Gecko) Chrome/88.0.4240.193 Safari/537.36
12:42:36 PM https://letournesolboutiquesante.com:443/test/wp-includes/wlwmanifest.xml  Mozilla/5.0 (Windows NT 10.0; Win64; x64) AppleWebKit/537.36 (KHTML, like Gecko) Chrome/88.0.4240.193 Safari/537.36
12:42:36 PM https://letournesolboutiquesante.com:443/wp2/wp-includes/wlwmanifest.xml  Mozilla/5.0 (Windows NT 10.0; Win64; x64) AppleWebKit/537.36 (KHTML, like Gecko) Chrome/88.0.4240.193 Safari/537.36
12:42:36 PM https://letournesolboutiquesante.com:443/site/wp-includes/wlwmanifest.xml  Mozilla/5.0 (Windows NT 10.0; Win64; x64) AppleWebKit/537.36 (KHTML, like Gecko) Chrome/88.0.4240.193 Safari/537.36
12:42:36 PM https://letournesolboutiquesante.com:443/cms/wp-includes/wlwmanifest.xml  Mozilla/5.0 (Windows NT 10.0; Win64; x64) AppleWebKit/537.36 (KHTML, like Gecko) Chrome/88.0.4240.193 Safari/537.36
12:42:37 PM https://letournesolboutiquesante.com:443/sito/wp-includes/wlwmanifest.xml  Mozilla/5.0 (Windows NT 10.0; Win64; x64) AppleWebKit/537.36 (KHTML, like Gecko) Chrome/88.0.4240.193 Safari/537.36
1:28:57 PM https://letournesolboutiquesante.com:443/favicon.ico https://letournesolboutiquesante.com/en/ Mozilla/5.0 (Windows NT 10.0; Win64; x64) AppleWebKit/537.36 (KHTML, like Gecko) Chrome/109.0.0.0 Safari/537.36
13:36:41 https://letournesolboutiquesante.com:443/favicon.ico https://letournesolboutiquesante.com/fr/ Mozilla/5.0 (Macintosh; Intel Mac OS X 10_15_7) AppleWebKit/605.1.15 (KHTML, like Gecko) Version/16.6 Safari/605.1.15
14:34:06 https://letournesolboutiquesante.com:443/favicon.ico https://letournesolboutiquesante.com/fr/ Mozilla/5.0 (Macintosh; Intel Mac OS X 10_15_7) AppleWebKit/537.36 (KHTML, like Gecko) Chrome/123.0.0.0 Safari/537.36
4:00:13 PM https://letournesolboutiquesante.com:443/favicon.ico https://letournesolboutiquesante.com/en/ Mozilla/5.0 (X11; Linux x86_64) AppleWebKit/537.36 (KHTML, like Gecko) Chrome/121.0.6167.85 Safari/537.36
16:00:20 https://letournesolboutiquesante.com:443/en/sitemap.xml  python-requests/2.28.1
16:00:21 https://letournesolboutiquesante.com:443/en/sitemap_index.xml  python-requests/2.28.1
16:00:22 https://letournesolboutiquesante.com:443/en/sitemap  python-requests/2.28.1
16:00:23 https://letournesolboutiquesante.com:443/en/robots.txt  python-requests/2.28.1
17:15:02 https://letournesolboutiquesante.com:443/wp-login.php http://letournesolboutiquesante.com/wp-login.php Mozilla/5.0 (X11; Fedora; Linux x86_64; rv:94.0) Gecko/20100101 Firefox/95.0
17:18:17 https://letournesolboutiquesante.com:443/favicon.ico https://letournesolboutiquesante.com/fr/ Mozilla/5.0 (iPhone; CPU iPhone OS 17_4_1 like Mac OS X) AppleWebKit/605.1.15 (KHTML, like Gecko) Version/17.4.1 Mobile/15E148 Safari/604.1
17:46:51 https://letournesolboutiquesante.com:443/.well-known/traffic-advice  Chrome Privacy Preserving Prefetch Proxy
17:47:21 https://letournesolboutiquesante.com:443/favicon.ico  Mozilla/5.0 (iPhone; CPU iPhone OS 17_2 like Mac OS X) AppleWebKit/605.1.15 (KHTML, like Gecko) CriOS/122.0.6261.89 Mobile/15E148 Safari/604.1
5:50:48 PM https://letournesolboutiquesante.com:443/favicon.ico https://letournesolboutiquesante.com/en/Login.aspx Mozilla/5.0 (X11; Linux x86_64) AppleWebKit/537.36 (KHTML, like Gecko) Chrome/121.0.6167.85 Safari/537.36
19:41:00 https://letournesolboutiquesante.com:443/favicon.ico  Mozilla/5.0 (Macintosh; Intel Mac OS X 10_15_5) AppleWebKit/605.1.15 (KHTML, like Gecko) Version/13.1.1 Safari/605.1.15 (Applebot/0.1; +http://www.apple.com/go/applebot)
19:59:22 https://letournesolboutiquesante.com:443/favicon.ico https://letournesolboutiquesante.com/fr/ Mozilla/5.0 (Macintosh; Intel Mac OS X 10.15; rv:126.0) Gecko/20100101 Firefox/126.0
21:10:49 https://letournesolboutiquesante.com:443/favicon.ico https://letournesolboutiquesante.com/fr/ Mozilla/5.0 (Linux; Android 10; K) AppleWebKit/537.36 (KHTML, like Gecko) Chrome/123.0.0.0 Mobile Safari/537.36
21:17:02 https://letournesolboutiquesante.com:443/favicon.ico https://letournesolboutiquesante.com/fr/ Mozilla/5.0 (Linux; Android 10; K) AppleWebKit/537.36 (KHTML, like Gecko) Chrome/124.0.0.0 Mobile Safari/537.36
21:35:37 https://letournesolboutiquesante.com:443/favicon.ico https://letournesolboutiquesante.com/fr/ Mozilla/5.0 (iPhone; CPU iPhone OS 17_4_1 like Mac OS X) AppleWebKit/605.1.15 (KHTML, like Gecko) Version/17.4.1 Mobile/15E148 Safari/604.1
