4:26:50 AM https://letournesolboutiquesante.com:443/favicon.ico https://letournesolboutiquesante.com/en/Product-228-Sampson-Crimson-Moon Mozilla/5.0 (X11; Linux x86_64) AppleWebKit/537.36 (KHTML, like Gecko) Chrome/121.0.6167.85 Safari/537.36
6:50:08 AM https://letournesolboutiquesante.com:443/wp-includes/wlwmanifest.xml  Mozilla/5.0 (Windows NT 10.0; Win64; x64) AppleWebKit/537.36 (KHTML, like Gecko) Chrome/78.0.3904.108 Safari/537.36
6:50:08 AM https://letournesolboutiquesante.com:443/xmlrpc.php?rsd  Mozilla/5.0 (Windows NT 10.0; Win64; x64) AppleWebKit/537.36 (KHTML, like Gecko) Chrome/78.0.3904.108 Safari/537.36
6:50:08 AM https://letournesolboutiquesante.com:443/blog/wp-includes/wlwmanifest.xml  Mozilla/5.0 (Windows NT 10.0; Win64; x64) AppleWebKit/537.36 (KHTML, like Gecko) Chrome/78.0.3904.108 Safari/537.36
6:50:08 AM https://letournesolboutiquesante.com:443/web/wp-includes/wlwmanifest.xml  Mozilla/5.0 (Windows NT 10.0; Win64; x64) AppleWebKit/537.36 (KHTML, like Gecko) Chrome/78.0.3904.108 Safari/537.36
6:50:08 AM https://letournesolboutiquesante.com:443/wordpress/wp-includes/wlwmanifest.xml  Mozilla/5.0 (Windows NT 10.0; Win64; x64) AppleWebKit/537.36 (KHTML, like Gecko) Chrome/78.0.3904.108 Safari/537.36
6:50:08 AM https://letournesolboutiquesante.com:443/website/wp-includes/wlwmanifest.xml  Mozilla/5.0 (Windows NT 10.0; Win64; x64) AppleWebKit/537.36 (KHTML, like Gecko) Chrome/78.0.3904.108 Safari/537.36
6:50:08 AM https://letournesolboutiquesante.com:443/wp/wp-includes/wlwmanifest.xml  Mozilla/5.0 (Windows NT 10.0; Win64; x64) AppleWebKit/537.36 (KHTML, like Gecko) Chrome/78.0.3904.108 Safari/537.36
6:50:08 AM https://letournesolboutiquesante.com:443/news/wp-includes/wlwmanifest.xml  Mozilla/5.0 (Windows NT 10.0; Win64; x64) AppleWebKit/537.36 (KHTML, like Gecko) Chrome/78.0.3904.108 Safari/537.36
6:50:08 AM https://letournesolboutiquesante.com:443/2018/wp-includes/wlwmanifest.xml  Mozilla/5.0 (Windows NT 10.0; Win64; x64) AppleWebKit/537.36 (KHTML, like Gecko) Chrome/78.0.3904.108 Safari/537.36
6:50:08 AM https://letournesolboutiquesante.com:443/2019/wp-includes/wlwmanifest.xml  Mozilla/5.0 (Windows NT 10.0; Win64; x64) AppleWebKit/537.36 (KHTML, like Gecko) Chrome/78.0.3904.108 Safari/537.36
6:50:08 AM https://letournesolboutiquesante.com:443/shop/wp-includes/wlwmanifest.xml  Mozilla/5.0 (Windows NT 10.0; Win64; x64) AppleWebKit/537.36 (KHTML, like Gecko) Chrome/78.0.3904.108 Safari/537.36
6:50:08 AM https://letournesolboutiquesante.com:443/wp1/wp-includes/wlwmanifest.xml  Mozilla/5.0 (Windows NT 10.0; Win64; x64) AppleWebKit/537.36 (KHTML, like Gecko) Chrome/78.0.3904.108 Safari/537.36
6:50:08 AM https://letournesolboutiquesante.com:443/test/wp-includes/wlwmanifest.xml  Mozilla/5.0 (Windows NT 10.0; Win64; x64) AppleWebKit/537.36 (KHTML, like Gecko) Chrome/78.0.3904.108 Safari/537.36
6:50:08 AM https://letournesolboutiquesante.com:443/media/wp-includes/wlwmanifest.xml  Mozilla/5.0 (Windows NT 10.0; Win64; x64) AppleWebKit/537.36 (KHTML, like Gecko) Chrome/78.0.3904.108 Safari/537.36
6:50:08 AM https://letournesolboutiquesante.com:443/wp2/wp-includes/wlwmanifest.xml  Mozilla/5.0 (Windows NT 10.0; Win64; x64) AppleWebKit/537.36 (KHTML, like Gecko) Chrome/78.0.3904.108 Safari/537.36
6:50:08 AM https://letournesolboutiquesante.com:443/site/wp-includes/wlwmanifest.xml  Mozilla/5.0 (Windows NT 10.0; Win64; x64) AppleWebKit/537.36 (KHTML, like Gecko) Chrome/78.0.3904.108 Safari/537.36
6:50:08 AM https://letournesolboutiquesante.com:443/cms/wp-includes/wlwmanifest.xml  Mozilla/5.0 (Windows NT 10.0; Win64; x64) AppleWebKit/537.36 (KHTML, like Gecko) Chrome/78.0.3904.108 Safari/537.36
6:50:08 AM https://letournesolboutiquesante.com:443/sito/wp-includes/wlwmanifest.xml  Mozilla/5.0 (Windows NT 10.0; Win64; x64) AppleWebKit/537.36 (KHTML, like Gecko) Chrome/78.0.3904.108 Safari/537.36
9:08:26 AM https://letournesolboutiquesante.com:443/favicon.ico https://letournesolboutiquesante.com/en/ Mozilla/5.0 (Windows NT 10.0; Win64; x64) AppleWebKit/537.36 (KHTML, like Gecko) Chrome/123.0.0.0 Safari/537.36
10:49:52 https://letournesolboutiquesante.com:443/fr/sitemap.html  
10:49:52 https://letournesolboutiquesante.com:443/fr/sitemap.html  
10:49:53 https://letournesolboutiquesante.com:443/fr/sitemap.html  
11:26:48 https://letournesolboutiquesante.com:443/images/product-header-stodal-miel-fr-1080x850.png  Mozilla/5.0 (compatible; YandexImages/3.0; +http://yandex.com/bots)
12:28:48 PM https://letournesolboutiquesante.com:443/favicon.ico  Mozilla/5.0 (Macintosh; Intel Mac OS X 10_7_0) AppleWebKit/535.11 (KHTML, like Gecko) Chrome/17.0.963.56 Safari/535.11
12:41:37 https://letournesolboutiquesante.com:443/favicon.ico https://letournesolboutiquesante.com/fr/Produit-3343-Sugar-Hill-LES-PARAGES-2018-750ml Mozilla/5.0 (Macintosh; Intel Mac OS X 10_15_7) AppleWebKit/537.36 (KHTML, like Gecko) Chrome/124.0.0.0 Safari/537.36
15:08:17 https://letournesolboutiquesante.com:443/wordpress http://letournesolboutiquesante.com/wordpress Mozilla/5.0 (Windows NT 10.0; Win64; x64) AppleWebKit/537.36 (KHTML, like Gecko) Chrome/74.0.3729.169 Safari/537.36
15:08:17 https://letournesolboutiquesante.com:443/Wordpress http://letournesolboutiquesante.com/Wordpress Mozilla/5.0 (Windows NT 10.0; Win64; x64) AppleWebKit/537.36 (KHTML, like Gecko) Chrome/74.0.3729.169 Safari/537.36
15:08:17 https://letournesolboutiquesante.com:443/WORDPRESS http://letournesolboutiquesante.com/WORDPRESS Mozilla/5.0 (Windows NT 10.0; Win64; x64) AppleWebKit/537.36 (KHTML, like Gecko) Chrome/74.0.3729.169 Safari/537.36
15:08:17 https://letournesolboutiquesante.com:443/WordPress http://letournesolboutiquesante.com/WordPress Mozilla/5.0 (Windows NT 10.0; Win64; x64) AppleWebKit/537.36 (KHTML, like Gecko) Chrome/74.0.3729.169 Safari/537.36
15:08:17 https://letournesolboutiquesante.com:443/wp http://letournesolboutiquesante.com/wp Mozilla/5.0 (Windows NT 10.0; Win64; x64) AppleWebKit/537.36 (KHTML, like Gecko) Chrome/74.0.3729.169 Safari/537.36
15:08:17 https://letournesolboutiquesante.com:443/Wp http://letournesolboutiquesante.com/Wp Mozilla/5.0 (Windows NT 10.0; Win64; x64) AppleWebKit/537.36 (KHTML, like Gecko) Chrome/74.0.3729.169 Safari/537.36
15:08:17 https://letournesolboutiquesante.com:443/WP http://letournesolboutiquesante.com/WP Mozilla/5.0 (Windows NT 10.0; Win64; x64) AppleWebKit/537.36 (KHTML, like Gecko) Chrome/74.0.3729.169 Safari/537.36
15:08:17 https://letournesolboutiquesante.com:443/old http://letournesolboutiquesante.com/old Mozilla/5.0 (Windows NT 10.0; Win64; x64) AppleWebKit/537.36 (KHTML, like Gecko) Chrome/74.0.3729.169 Safari/537.36
15:08:17 https://letournesolboutiquesante.com:443/Old http://letournesolboutiquesante.com/Old Mozilla/5.0 (Windows NT 10.0; Win64; x64) AppleWebKit/537.36 (KHTML, like Gecko) Chrome/74.0.3729.169 Safari/537.36
15:08:17 https://letournesolboutiquesante.com:443/OLD http://letournesolboutiquesante.com/OLD Mozilla/5.0 (Windows NT 10.0; Win64; x64) AppleWebKit/537.36 (KHTML, like Gecko) Chrome/74.0.3729.169 Safari/537.36
15:08:18 https://letournesolboutiquesante.com:443/oldsite http://letournesolboutiquesante.com/oldsite Mozilla/5.0 (Windows NT 10.0; Win64; x64) AppleWebKit/537.36 (KHTML, like Gecko) Chrome/74.0.3729.169 Safari/537.36
15:08:18 https://letournesolboutiquesante.com:443/new http://letournesolboutiquesante.com/new Mozilla/5.0 (Windows NT 10.0; Win64; x64) AppleWebKit/537.36 (KHTML, like Gecko) Chrome/74.0.3729.169 Safari/537.36
15:08:18 https://letournesolboutiquesante.com:443/New http://letournesolboutiquesante.com/New Mozilla/5.0 (Windows NT 10.0; Win64; x64) AppleWebKit/537.36 (KHTML, like Gecko) Chrome/74.0.3729.169 Safari/537.36
15:08:18 https://letournesolboutiquesante.com:443/NEW http://letournesolboutiquesante.com/NEW Mozilla/5.0 (Windows NT 10.0; Win64; x64) AppleWebKit/537.36 (KHTML, like Gecko) Chrome/74.0.3729.169 Safari/537.36
15:08:18 https://letournesolboutiquesante.com:443/wp-old http://letournesolboutiquesante.com/wp-old Mozilla/5.0 (Windows NT 10.0; Win64; x64) AppleWebKit/537.36 (KHTML, like Gecko) Chrome/74.0.3729.169 Safari/537.36
15:08:18 https://letournesolboutiquesante.com:443/2022 http://letournesolboutiquesante.com/2022 Mozilla/5.0 (Windows NT 10.0; Win64; x64) AppleWebKit/537.36 (KHTML, like Gecko) Chrome/74.0.3729.169 Safari/537.36
15:08:18 https://letournesolboutiquesante.com:443/2020 http://letournesolboutiquesante.com/2020 Mozilla/5.0 (Windows NT 10.0; Win64; x64) AppleWebKit/537.36 (KHTML, like Gecko) Chrome/74.0.3729.169 Safari/537.36
15:08:18 https://letournesolboutiquesante.com:443/2019 http://letournesolboutiquesante.com/2019 Mozilla/5.0 (Windows NT 10.0; Win64; x64) AppleWebKit/537.36 (KHTML, like Gecko) Chrome/74.0.3729.169 Safari/537.36
15:08:18 https://letournesolboutiquesante.com:443/2018 http://letournesolboutiquesante.com/2018 Mozilla/5.0 (Windows NT 10.0; Win64; x64) AppleWebKit/537.36 (KHTML, like Gecko) Chrome/74.0.3729.169 Safari/537.36
15:08:18 https://letournesolboutiquesante.com:443/backup http://letournesolboutiquesante.com/backup Mozilla/5.0 (Windows NT 10.0; Win64; x64) AppleWebKit/537.36 (KHTML, like Gecko) Chrome/74.0.3729.169 Safari/537.36
15:08:19 https://letournesolboutiquesante.com:443/test http://letournesolboutiquesante.com/test Mozilla/5.0 (Windows NT 10.0; Win64; x64) AppleWebKit/537.36 (KHTML, like Gecko) Chrome/74.0.3729.169 Safari/537.36
15:08:19 https://letournesolboutiquesante.com:443/Test http://letournesolboutiquesante.com/Test Mozilla/5.0 (Windows NT 10.0; Win64; x64) AppleWebKit/537.36 (KHTML, like Gecko) Chrome/74.0.3729.169 Safari/537.36
15:08:19 https://letournesolboutiquesante.com:443/TEST http://letournesolboutiquesante.com/TEST Mozilla/5.0 (Windows NT 10.0; Win64; x64) AppleWebKit/537.36 (KHTML, like Gecko) Chrome/74.0.3729.169 Safari/537.36
15:08:19 https://letournesolboutiquesante.com:443/demo http://letournesolboutiquesante.com/demo Mozilla/5.0 (Windows NT 10.0; Win64; x64) AppleWebKit/537.36 (KHTML, like Gecko) Chrome/74.0.3729.169 Safari/537.36
15:08:19 https://letournesolboutiquesante.com:443/bc http://letournesolboutiquesante.com/bc Mozilla/5.0 (Windows NT 10.0; Win64; x64) AppleWebKit/537.36 (KHTML, like Gecko) Chrome/74.0.3729.169 Safari/537.36
15:08:19 https://letournesolboutiquesante.com:443/www http://letournesolboutiquesante.com/www Mozilla/5.0 (Windows NT 10.0; Win64; x64) AppleWebKit/537.36 (KHTML, like Gecko) Chrome/74.0.3729.169 Safari/537.36
15:08:19 https://letournesolboutiquesante.com:443/WWW http://letournesolboutiquesante.com/WWW Mozilla/5.0 (Windows NT 10.0; Win64; x64) AppleWebKit/537.36 (KHTML, like Gecko) Chrome/74.0.3729.169 Safari/537.36
15:08:19 https://letournesolboutiquesante.com:443/Www http://letournesolboutiquesante.com/Www Mozilla/5.0 (Windows NT 10.0; Win64; x64) AppleWebKit/537.36 (KHTML, like Gecko) Chrome/74.0.3729.169 Safari/537.36
15:08:19 https://letournesolboutiquesante.com:443/2021 http://letournesolboutiquesante.com/2021 Mozilla/5.0 (Windows NT 10.0; Win64; x64) AppleWebKit/537.36 (KHTML, like Gecko) Chrome/74.0.3729.169 Safari/537.36
15:08:19 https://letournesolboutiquesante.com:443/main http://letournesolboutiquesante.com/main Mozilla/5.0 (Windows NT 10.0; Win64; x64) AppleWebKit/537.36 (KHTML, like Gecko) Chrome/74.0.3729.169 Safari/537.36
15:08:19 https://letournesolboutiquesante.com:443/old-site http://letournesolboutiquesante.com/old-site Mozilla/5.0 (Windows NT 10.0; Win64; x64) AppleWebKit/537.36 (KHTML, like Gecko) Chrome/74.0.3729.169 Safari/537.36
15:08:20 https://letournesolboutiquesante.com:443/bk http://letournesolboutiquesante.com/bk Mozilla/5.0 (Windows NT 10.0; Win64; x64) AppleWebKit/537.36 (KHTML, like Gecko) Chrome/74.0.3729.169 Safari/537.36
15:08:20 https://letournesolboutiquesante.com:443/Backup http://letournesolboutiquesante.com/Backup Mozilla/5.0 (Windows NT 10.0; Win64; x64) AppleWebKit/537.36 (KHTML, like Gecko) Chrome/74.0.3729.169 Safari/537.36
15:08:20 https://letournesolboutiquesante.com:443/BACKUP http://letournesolboutiquesante.com/BACKUP Mozilla/5.0 (Windows NT 10.0; Win64; x64) AppleWebKit/537.36 (KHTML, like Gecko) Chrome/74.0.3729.169 Safari/537.36
15:08:20 https://letournesolboutiquesante.com:443/SHOP http://letournesolboutiquesante.com/SHOP Mozilla/5.0 (Windows NT 10.0; Win64; x64) AppleWebKit/537.36 (KHTML, like Gecko) Chrome/74.0.3729.169 Safari/537.36
15:08:20 https://letournesolboutiquesante.com:443/Shop http://letournesolboutiquesante.com/Shop Mozilla/5.0 (Windows NT 10.0; Win64; x64) AppleWebKit/537.36 (KHTML, like Gecko) Chrome/74.0.3729.169 Safari/537.36
15:08:20 https://letournesolboutiquesante.com:443/shop http://letournesolboutiquesante.com/shop Mozilla/5.0 (Windows NT 10.0; Win64; x64) AppleWebKit/537.36 (KHTML, like Gecko) Chrome/74.0.3729.169 Safari/537.36
15:08:20 https://letournesolboutiquesante.com:443/bak http://letournesolboutiquesante.com/bak Mozilla/5.0 (Windows NT 10.0; Win64; x64) AppleWebKit/537.36 (KHTML, like Gecko) Chrome/74.0.3729.169 Safari/537.36
15:08:20 https://letournesolboutiquesante.com:443/sitio http://letournesolboutiquesante.com/sitio Mozilla/5.0 (Windows NT 10.0; Win64; x64) AppleWebKit/537.36 (KHTML, like Gecko) Chrome/74.0.3729.169 Safari/537.36
15:08:20 https://letournesolboutiquesante.com:443/bac http://letournesolboutiquesante.com/bac Mozilla/5.0 (Windows NT 10.0; Win64; x64) AppleWebKit/537.36 (KHTML, like Gecko) Chrome/74.0.3729.169 Safari/537.36
15:08:20 https://letournesolboutiquesante.com:443/sito http://letournesolboutiquesante.com/sito Mozilla/5.0 (Windows NT 10.0; Win64; x64) AppleWebKit/537.36 (KHTML, like Gecko) Chrome/74.0.3729.169 Safari/537.36
15:08:20 https://letournesolboutiquesante.com:443/site http://letournesolboutiquesante.com/site Mozilla/5.0 (Windows NT 10.0; Win64; x64) AppleWebKit/537.36 (KHTML, like Gecko) Chrome/74.0.3729.169 Safari/537.36
15:08:21 https://letournesolboutiquesante.com:443/Site http://letournesolboutiquesante.com/Site Mozilla/5.0 (Windows NT 10.0; Win64; x64) AppleWebKit/537.36 (KHTML, like Gecko) Chrome/74.0.3729.169 Safari/537.36
15:08:21 https://letournesolboutiquesante.com:443/SITE http://letournesolboutiquesante.com/SITE Mozilla/5.0 (Windows NT 10.0; Win64; x64) AppleWebKit/537.36 (KHTML, like Gecko) Chrome/74.0.3729.169 Safari/537.36
15:08:21 https://letournesolboutiquesante.com:443/blog http://letournesolboutiquesante.com/blog Mozilla/5.0 (Windows NT 10.0; Win64; x64) AppleWebKit/537.36 (KHTML, like Gecko) Chrome/74.0.3729.169 Safari/537.36
15:08:21 https://letournesolboutiquesante.com:443/BLOG http://letournesolboutiquesante.com/BLOG Mozilla/5.0 (Windows NT 10.0; Win64; x64) AppleWebKit/537.36 (KHTML, like Gecko) Chrome/74.0.3729.169 Safari/537.36
15:08:21 https://letournesolboutiquesante.com:443/Blog http://letournesolboutiquesante.com/Blog Mozilla/5.0 (Windows NT 10.0; Win64; x64) AppleWebKit/537.36 (KHTML, like Gecko) Chrome/74.0.3729.169 Safari/537.36
16:21:35 https://letournesolboutiquesante.com:443/favicon.ico https://letournesolboutiquesante.com/fr/Produit-1012-Divine-essence-Huile-Essentielle-Cardamome-5-ml Mozilla/5.0 (Linux; Android 10; K) AppleWebKit/537.36 (KHTML, like Gecko) Chrome/124.0.0.0 Mobile Safari/537.36
16:36:00 https://letournesolboutiquesante.com:443/favicon.ico  Mozilla/5.0 (Macintosh; Intel Mac OS X 10_15_5) AppleWebKit/605.1.15 (KHTML, like Gecko) Version/13.1.1 Safari/605.1.15 (Applebot/0.1; +http://www.apple.com/go/applebot)
4:37:04 PM https://letournesolboutiquesante.com:443/wp-head.php  Mozilla/5.0 (Windows NT 6.0; Win64; x64) AppleWebKit/537.36 (KHTML, like Gecko) Chrome/65.0.3152.119 Safari/537.36
4:37:08 PM https://letournesolboutiquesante.com:443/index.php  Mozilla/5.0 (Windows NT 6.0; Win64; x64) AppleWebKit/537.36 (KHTML, like Gecko) Chrome/65.0.3152.119 Safari/537.36
4:38:46 PM https://letournesolboutiquesante.com:443/wp-checkbex.php  Mozilla/5.0 (Windows NT 6.0; Win64; x64) AppleWebKit/537.36 (KHTML, like Gecko) Chrome/65.0.3152.119 Safari/537.36
17:37:17 https://letournesolboutiquesante.com:443/favicon.ico https://letournesolboutiquesante.com/fr/ Mozilla/5.0 (Linux; Android 10; K) AppleWebKit/537.36 (KHTML, like Gecko) SamsungBrowser/25.0 Chrome/121.0.0.0 Mobile Safari/537.36
6:56:56 PM https://letournesolboutiquesante.com:443/favicon.ico https://letournesolboutiquesante.com/en/ Mozilla/5.0 (X11; Linux x86_64) AppleWebKit/537.36 (KHTML, like Gecko) Chrome/121.0.6167.85 Safari/537.36
18:57:03 https://letournesolboutiquesante.com:443/en/sitemap.xml  python-requests/2.28.1
18:57:04 https://letournesolboutiquesante.com:443/en/sitemap_index.xml  python-requests/2.28.1
18:57:05 https://letournesolboutiquesante.com:443/en/sitemap  python-requests/2.28.1
18:57:05 https://letournesolboutiquesante.com:443/en/robots.txt  python-requests/2.28.1
19:31:59 https://letournesolboutiquesante.com:443/favicon.ico https://letournesolboutiquesante.com/fr/ Mozilla/5.0 (Linux; Android 10; K) AppleWebKit/537.36 (KHTML, like Gecko) Chrome/124.0.0.0 Mobile Safari/537.36
22:21:47 https://letournesolboutiquesante.com:443/.well-known/traffic-advice  Chrome Privacy Preserving Prefetch Proxy
22:21:48 https://letournesolboutiquesante.com:443/favicon.ico https://letournesolboutiquesante.com/fr/ Mozilla/5.0 (Linux; Android 10; K) AppleWebKit/537.36 (KHTML, like Gecko) Chrome/124.0.0.0 Mobile Safari/537.36
