01:57:36 https://letournesolboutiquesante.com:443/license.txt  Mozilla/5.0 (Macintosh; Intel Mac OS X 10_15_7) AppleWebKit/537.36 (KHTML, like Gecko) Chrome/94.0.4606.61 Safari/537.36
01:57:38 https://letournesolboutiquesante.com:443/license.txt  Mozilla/5.0 (Macintosh; Intel Mac OS X 10_15_7) AppleWebKit/537.36 (KHTML, like Gecko) Chrome/94.0.4606.61 Safari/537.36
01:57:40 https://letournesolboutiquesante.com:443/media/system/js/core.js  Mozilla/5.0 (Macintosh; Intel Mac OS X 10_15_7) AppleWebKit/537.36 (KHTML, like Gecko) Chrome/94.0.4606.61 Safari/537.36
01:57:42 https://letournesolboutiquesante.com:443/media/system/js/core.js  Mozilla/5.0 (Macintosh; Intel Mac OS X 10_15_7) AppleWebKit/537.36 (KHTML, like Gecko) Chrome/94.0.4606.61 Safari/537.36
03:50:52 https://letournesolboutiquesante.com:443/sitemap.xml.gz  Mozilla/5.0 AppleWebKit/537.36 (KHTML, like Gecko; compatible; bingbot/2.0; +http://www.bing.com/bingbot.htm) Chrome/116.0.1938.76 Safari/537.36
03:56:25 https://letournesolboutiquesante.com:443/.env  Mozilla/5.0 (X11; Linux x86_64) AppleWebKit/537.36 (KHTML, like Gecko) Chrome/81.0.4044.129 Safari/537.36
03:56:31 https://www.letournesolboutiquesante.com:443/.env  Mozilla/5.0 (X11; Linux x86_64) AppleWebKit/537.36 (KHTML, like Gecko) Chrome/81.0.4044.129 Safari/537.36
09:10:26 https://letournesolboutiquesante.com:443/favicon.ico  Googlebot-Image/1.0
09:12:32 https://letournesolboutiquesante.com:443/favicon.ico  Go-http-client/1.1
09:14:56 https://letournesolboutiquesante.com:443/axis2-admin/  Mozilla/5.0 (Windows NT 10.0; WOW64) AppleWebKit/537.36 (KHTML, like Gecko) Chrome/83.0.4103.116 Safari/537.36
09:14:57 https://letournesolboutiquesante.com:443/axis2/  Mozilla/5.0 (Windows NT 10.0; WOW64) AppleWebKit/537.36 (KHTML, like Gecko) Chrome/83.0.4103.116 Safari/537.36
09:14:59 https://letournesolboutiquesante.com:443/axis2/axis2-admin/  Mozilla/5.0 (Windows NT 10.0; WOW64) AppleWebKit/537.36 (KHTML, like Gecko) Chrome/83.0.4103.116 Safari/537.36
10:10:13 https://letournesolboutiquesante.com:443/favicon.ico https://letournesolboutiquesante.com/fr/Alcool-c3 Mozilla/5.0 (Windows NT 10.0; Win64; x64) AppleWebKit/537.36 (KHTML, like Gecko) Chrome/124.0.0.0 Safari/537.36
11:01:12 https://letournesolboutiquesante.com:443/favicon.ico  Mozilla/5.0 (Macintosh; Intel Mac OS X 10_15_5) AppleWebKit/605.1.15 (KHTML, like Gecko) Version/13.1.1 Safari/605.1.15 (Applebot/0.1; +http://www.apple.com/go/applebot)
11:20:23 AM https://letournesolboutiquesante.com:443/favicon.ico https://letournesolboutiquesante.com/en/ Mozilla/5.0 (X11; Linux x86_64) AppleWebKit/537.36 (KHTML, like Gecko) Chrome/121.0.6167.85 Safari/537.36
11:20:34 https://letournesolboutiquesante.com:443/en/sitemap.xml  python-requests/2.28.1
11:20:35 https://letournesolboutiquesante.com:443/en/sitemap_index.xml  python-requests/2.28.1
11:20:37 https://letournesolboutiquesante.com:443/en/sitemap  python-requests/2.28.1
11:20:37 https://letournesolboutiquesante.com:443/en/robots.txt  python-requests/2.28.1
11:27:27 https://letournesolboutiquesante.com:443/favicon.ico https://letournesolboutiquesante.com/fr/ Mozilla/5.0 (Windows NT 10.0; Win64; x64) AppleWebKit/537.36 (KHTML, like Gecko) Chrome/123.0.0.0 Safari/537.36
11:31:34 AM https://letournesolboutiquesante.com:443/favicon.ico  Mozilla/5.0 (Windows NT 10.0; Win64; x64) AppleWebKit/537.36 (KHTML, like Gecko) Chrome/105.0.0.0 Safari/537.36
13:04:23 https://letournesolboutiquesante.com:443/favicon.ico https://letournesolboutiquesante.com/fr/ Mozilla/5.0 (Windows NT 10.0; Win64; x64) AppleWebKit/537.36 (KHTML, like Gecko) Chrome/109.0.0.0 Safari/537.36
2:19:54 PM https://letournesolboutiquesante.com:443/favicon.ico https://letournesolboutiquesante.com/en/ Mozilla/5.0 (Macintosh; Intel Mac OS X 10_15_7) AppleWebKit/537.36 (KHTML, like Gecko) Chrome/124.0.0.0 Safari/537.36
14:26:56 https://letournesolboutiquesante.com:443/favicon.ico https://letournesolboutiquesante.com/fr/ Mozilla/5.0 (Linux; Android 10; K) AppleWebKit/537.36 (KHTML, like Gecko) SamsungBrowser/24.0 Chrome/117.0.0.0 Mobile Safari/537.36
15:35:57 https://letournesolboutiquesante.com:443/images/bg.jpg  Mozilla/5.0 (Windows NT 5.1; rv:11.0) Gecko Firefox/11.0 (via ggpht.com GoogleImageProxy)
15:35:57 https://letournesolboutiquesante.com:443/images/button.png  Mozilla/5.0 (Windows NT 5.1; rv:11.0) Gecko Firefox/11.0 (via ggpht.com GoogleImageProxy)
15:35:59 https://letournesolboutiquesante.com:443/images/button.png  Mozilla/5.0 (Windows NT 5.1; rv:11.0) Gecko Firefox/11.0 (via ggpht.com GoogleImageProxy)
15:36:00 https://letournesolboutiquesante.com:443/images/bg.jpg  Mozilla/5.0 (Windows NT 5.1; rv:11.0) Gecko Firefox/11.0 (via ggpht.com GoogleImageProxy)
15:36:12 https://letournesolboutiquesante.com:443/images/bg.jpg  Mozilla/5.0 (Windows NT 5.1; rv:11.0) Gecko Firefox/11.0 (via ggpht.com GoogleImageProxy)
15:36:12 https://letournesolboutiquesante.com:443/images/button.png  Mozilla/5.0 (Windows NT 5.1; rv:11.0) Gecko Firefox/11.0 (via ggpht.com GoogleImageProxy)
15:43:15 https://letournesolboutiquesante.com:443/images/button.png  Mozilla/5.0 (Windows NT 5.1; rv:11.0) Gecko Firefox/11.0 (via ggpht.com GoogleImageProxy)
15:43:15 https://letournesolboutiquesante.com:443/images/bg.jpg  Mozilla/5.0 (Windows NT 5.1; rv:11.0) Gecko Firefox/11.0 (via ggpht.com GoogleImageProxy)
16:26:48 https://letournesolboutiquesante.com:443/favicon.ico  Mozilla/5.0 (iPhone; CPU iPhone OS 17_4 like Mac OS X) AppleWebKit/605.1.15 (KHTML, like Gecko) CriOS/124.0.6367.88 Mobile/15E148 Safari/604.1
18:15:47 https://letournesolboutiquesante.com:443/wp-content/plugins/user-registration/assets/js/frontend/ur-login.js  Mozilla/5.0 (Linux; Android 7.1.2; Redmi 4X Build/N2G47H) AppleWebKit/537.36 (KHTML, like Gecko) Chrome/67.0.3396.81 Mobile Safari/537.36
18:15:47 https://letournesolboutiquesante.com:443/wp-content/plugins/user-registration/assets/css/user-registration.css  Mozilla/5.0 (Linux; Android 8.0.0; PRA-TL10) AppleWebKit/537.36 (KHTML, like Gecko) Chrome/79.0.3945.116 Mobile Safari/537.36
7:28:17 PM https://letournesolboutiquesante.com:443/index.php?of=1&a=1 https://letournesolboutiquesante.com/ErrorPages/letournesolboutiquesante.com Mozilla/5.0 (Windows NT 10.0; Win64; x64) AppleWebKit/537.36 (KHTML, like Gecko) Chrome/124.0.0.0 Safari/537.36
