12:52:51 AM https://letournesolboutiquesante.com:443/wp-includes/ID3/license.txt  Mozilla/5.0 (Windows NT 10.0; Win64; x64) AppleWebKit/537.36 (KHTML, like Gecko) Chrome/95.0.4638.69 Safari/537.36
12:52:52 AM https://letournesolboutiquesante.com:443/feed/  Mozilla/5.0 (Windows NT 10.0; Win64; x64) AppleWebKit/537.36 (KHTML, like Gecko) Chrome/95.0.4638.69 Safari/537.36
12:52:52 AM https://letournesolboutiquesante.com:443/xmlrpc.php?rsd  Mozilla/5.0 (Windows NT 10.0; Win64; x64) AppleWebKit/537.36 (KHTML, like Gecko) Chrome/95.0.4638.69 Safari/537.36
12:52:53 AM https://letournesolboutiquesante.com:443/blog/wp-includes/wlwmanifest.xml  Mozilla/5.0 (Windows NT 10.0; Win64; x64) AppleWebKit/537.36 (KHTML, like Gecko) Chrome/95.0.4638.69 Safari/537.36
12:52:53 AM https://letournesolboutiquesante.com:443/web/wp-includes/wlwmanifest.xml  Mozilla/5.0 (Windows NT 10.0; Win64; x64) AppleWebKit/537.36 (KHTML, like Gecko) Chrome/95.0.4638.69 Safari/537.36
12:52:54 AM https://letournesolboutiquesante.com:443/wordpress/wp-includes/wlwmanifest.xml  Mozilla/5.0 (Windows NT 10.0; Win64; x64) AppleWebKit/537.36 (KHTML, like Gecko) Chrome/95.0.4638.69 Safari/537.36
12:52:56 AM https://letournesolboutiquesante.com:443/wp/wp-includes/wlwmanifest.xml  Mozilla/5.0 (Windows NT 10.0; Win64; x64) AppleWebKit/537.36 (KHTML, like Gecko) Chrome/95.0.4638.69 Safari/537.36
12:52:57 AM https://letournesolboutiquesante.com:443/2020/wp-includes/wlwmanifest.xml  Mozilla/5.0 (Windows NT 10.0; Win64; x64) AppleWebKit/537.36 (KHTML, like Gecko) Chrome/95.0.4638.69 Safari/537.36
12:52:57 AM https://letournesolboutiquesante.com:443/2019/wp-includes/wlwmanifest.xml  Mozilla/5.0 (Windows NT 10.0; Win64; x64) AppleWebKit/537.36 (KHTML, like Gecko) Chrome/95.0.4638.69 Safari/537.36
12:52:57 AM https://letournesolboutiquesante.com:443/2021/wp-includes/wlwmanifest.xml  Mozilla/5.0 (Windows NT 10.0; Win64; x64) AppleWebKit/537.36 (KHTML, like Gecko) Chrome/95.0.4638.69 Safari/537.36
12:52:58 AM https://letournesolboutiquesante.com:443/shop/wp-includes/wlwmanifest.xml  Mozilla/5.0 (Windows NT 10.0; Win64; x64) AppleWebKit/537.36 (KHTML, like Gecko) Chrome/95.0.4638.69 Safari/537.36
12:52:58 AM https://letournesolboutiquesante.com:443/wp1/wp-includes/wlwmanifest.xml  Mozilla/5.0 (Windows NT 10.0; Win64; x64) AppleWebKit/537.36 (KHTML, like Gecko) Chrome/95.0.4638.69 Safari/537.36
12:52:59 AM https://letournesolboutiquesante.com:443/test/wp-includes/wlwmanifest.xml  Mozilla/5.0 (Windows NT 10.0; Win64; x64) AppleWebKit/537.36 (KHTML, like Gecko) Chrome/95.0.4638.69 Safari/537.36
12:52:59 AM https://letournesolboutiquesante.com:443/site/wp-includes/wlwmanifest.xml  Mozilla/5.0 (Windows NT 10.0; Win64; x64) AppleWebKit/537.36 (KHTML, like Gecko) Chrome/95.0.4638.69 Safari/537.36
12:52:59 AM https://letournesolboutiquesante.com:443/cms/wp-includes/wlwmanifest.xml  Mozilla/5.0 (Windows NT 10.0; Win64; x64) AppleWebKit/537.36 (KHTML, like Gecko) Chrome/95.0.4638.69 Safari/537.36
01:37:43 https://letournesolboutiquesante.com:443/Public/home/js/check.js  Mozilla/5.0 (Linux; Android 11; M2004J15SC) AppleWebKit/537.36 (KHTML, like Gecko) Chrome/103.0.5060.114 Mobile Safari/537.36
01:37:44 https://letournesolboutiquesante.com:443/static/admin/javascript/hetong.js  Mozilla/5.0 (Linux; Android 11; M2004J15SC) AppleWebKit/537.36 (KHTML, like Gecko) Chrome/103.0.5060.114 Mobile Safari/537.36
01:37:45 https://www.letournesolboutiquesante.com:443/Public/home/js/check.js https://www.letournesolboutiquesante.com/Public/home/js/check.js Mozilla/5.0 (Linux; Android 11; M2004J15SC) AppleWebKit/537.36 (KHTML, like Gecko) Chrome/103.0.5060.114 Mobile Safari/537.36
01:37:46 https://tournesolalimentsnaturelsetbiologiques.comelin.com:443/Public/home/js/check.js https://tournesolalimentsnaturelsetbiologiques.comelin.com/Public/home/js/check.js Mozilla/5.0 (Linux; Android 11; M2004J15SC) AppleWebKit/537.36 (KHTML, like Gecko) Chrome/103.0.5060.114 Mobile Safari/537.36
01:37:48 https://www.letournesolboutiquesante.com:443/static/admin/javascript/hetong.js https://www.letournesolboutiquesante.com/static/admin/javascript/hetong.js Mozilla/5.0 (Linux; Android 11; M2004J15SC) AppleWebKit/537.36 (KHTML, like Gecko) Chrome/103.0.5060.114 Mobile Safari/537.36
01:37:48 https://tournesolalimentsnaturelsetbiologiques.comelin.com:443/static/admin/javascript/hetong.js https://tournesolalimentsnaturelsetbiologiques.comelin.com/static/admin/javascript/hetong.js Mozilla/5.0 (Linux; Android 11; M2004J15SC) AppleWebKit/537.36 (KHTML, like Gecko) Chrome/103.0.5060.114 Mobile Safari/537.36
02:00:59 https://letournesolboutiquesante.com:443/favicon.ico  Mozilla/5.0 (Macintosh; Intel Mac OS X 10_15_7) AppleWebKit/605.1.15 (KHTML, like Gecko) Version/17.4 Safari/605.1.15 (Applebot/0.1; +http://www.apple.com/go/applebot)
03:35:04 https://letournesolboutiquesante.com:443/.env  Mozilla/5.0 (Macintosh; Intel Mac OS X 10.15; rv:77.0) Gecko/20100101 Firefox/77.0
03:35:05 https://letournesolboutiquesante.com:443/wp-content/  Mozilla/5.0 (Macintosh; Intel Mac OS X 10.15; rv:77.0) Gecko/20100101 Firefox/77.0
03:49:26 https://letournesolboutiquesante.com:443/wp-content/plugins/litespeed-cache/readme.txt http://letournesolboutiquesante.com/wp-content/plugins/litespeed-cache/readme.txt Searcherweb
04:07:47 https://letournesolboutiquesante.com:443/favicon.ico  Googlebot-Image/1.0
4:48:24 AM https://letournesolboutiquesante.com:443/wp-admin/setup-config.php?step=1  Apache/2.4.34 (Ubuntu) OpenSSL/1.1.1 (internal dummy connection)
4:48:24 AM https://letournesolboutiquesante.com:443/wordpress/wp-admin/setup-config.php?step=1  Apache/2.4.34 (Ubuntu) OpenSSL/1.1.1 (internal dummy connection)
4:48:25 AM https://letournesolboutiquesante.com:443/wp-admin/install.php?step=1  Apache/2.4.34 (Ubuntu) OpenSSL/1.1.1 (internal dummy connection)
6:09:33 AM https://letournesolboutiquesante.com:443/favicon.ico https://letournesolboutiquesante.com/en/ Mozilla/5.0 (X11; Linux x86_64) AppleWebKit/537.36 (KHTML, like Gecko) Chrome/121.0.6167.85 Safari/537.36
06:09:43 https://letournesolboutiquesante.com:443/en/sitemap.xml  python-requests/2.28.1
06:09:45 https://letournesolboutiquesante.com:443/en/sitemap_index.xml  python-requests/2.28.1
06:09:46 https://letournesolboutiquesante.com:443/en/sitemap  python-requests/2.28.1
06:09:48 https://letournesolboutiquesante.com:443/en/robots.txt  python-requests/2.28.1
7:03:52 AM https://tournesolalimentsnaturelsetbiologiques.comelin.com:443/wp-admin/setup-config.php?step=1  Apache/2.4.34 (Ubuntu) OpenSSL/1.1.1 (internal dummy connection)
7:03:53 AM https://tournesolalimentsnaturelsetbiologiques.comelin.com:443/wordpress/wp-admin/setup-config.php?step=1  Apache/2.4.34 (Ubuntu) OpenSSL/1.1.1 (internal dummy connection)
7:03:54 AM https://tournesolalimentsnaturelsetbiologiques.comelin.com:443/wp-admin/install.php?step=1  Apache/2.4.34 (Ubuntu) OpenSSL/1.1.1 (internal dummy connection)
07:11:07 https://letournesolboutiquesante.com:443/phpMyAdmin3/index.php?lang=en  Mozilla/5.0 (Windows NT 10.0; Win64; x64; rv:123.0) Gecko/20100101 Firefox/123.0
07:11:08 https://letournesolboutiquesante.com:443/administrator/web/index.php?lang=en  Mozilla/5.0 (Windows NT 10.0; Win64; x64; rv:123.0) Gecko/20100101 Firefox/123.0
07:11:08 https://letournesolboutiquesante.com:443/dbadmin/index.php?lang=en  Mozilla/5.0 (Windows NT 10.0; Win64; x64; rv:123.0) Gecko/20100101 Firefox/123.0
07:11:08 https://letournesolboutiquesante.com:443/phpmy-admin/index.php?lang=en  Mozilla/5.0 (Windows NT 10.0; Win64; x64; rv:123.0) Gecko/20100101 Firefox/123.0
07:11:08 https://letournesolboutiquesante.com:443/sql/sqladmin/index.php?lang=en  Mozilla/5.0 (Windows NT 10.0; Win64; x64; rv:123.0) Gecko/20100101 Firefox/123.0
07:11:08 https://letournesolboutiquesante.com:443/administrator/admin/index.php?lang=en  Mozilla/5.0 (Windows NT 10.0; Win64; x64; rv:123.0) Gecko/20100101 Firefox/123.0
07:11:08 https://letournesolboutiquesante.com:443/phpmyadmin/index.php?lang=en  Mozilla/5.0 (Windows NT 10.0; Win64; x64; rv:123.0) Gecko/20100101 Firefox/123.0
07:11:08 https://letournesolboutiquesante.com:443/phpMyAdmin1/index.php?lang=en  Mozilla/5.0 (Windows NT 10.0; Win64; x64; rv:123.0) Gecko/20100101 Firefox/123.0
07:11:08 https://letournesolboutiquesante.com:443/sql/phpMyAdmin/index.php?lang=en  Mozilla/5.0 (Windows NT 10.0; Win64; x64; rv:123.0) Gecko/20100101 Firefox/123.0
07:11:09 https://letournesolboutiquesante.com:443/mysql/pMA/index.php?lang=en  Mozilla/5.0 (Windows NT 10.0; Win64; x64; rv:123.0) Gecko/20100101 Firefox/123.0
07:11:09 https://letournesolboutiquesante.com:443/phpmyadmin1/index.php?lang=en  Mozilla/5.0 (Windows NT 10.0; Win64; x64; rv:123.0) Gecko/20100101 Firefox/123.0
07:11:09 https://letournesolboutiquesante.com:443/db/phpMyAdmin3/index.php?lang=en  Mozilla/5.0 (Windows NT 10.0; Win64; x64; rv:123.0) Gecko/20100101 Firefox/123.0
07:11:09 https://letournesolboutiquesante.com:443/phpMyAdmin-5.1.2/index.php?lang=en  Mozilla/5.0 (Windows NT 10.0; Win64; x64; rv:123.0) Gecko/20100101 Firefox/123.0
07:11:09 https://letournesolboutiquesante.com:443/db/index.php?lang=en  Mozilla/5.0 (Windows NT 10.0; Win64; x64; rv:123.0) Gecko/20100101 Firefox/123.0
07:11:09 https://letournesolboutiquesante.com:443/sql/webdb/index.php?lang=en  Mozilla/5.0 (Windows NT 10.0; Win64; x64; rv:123.0) Gecko/20100101 Firefox/123.0
07:11:09 https://letournesolboutiquesante.com:443/db/db-admin/index.php?lang=en  Mozilla/5.0 (Windows NT 10.0; Win64; x64; rv:123.0) Gecko/20100101 Firefox/123.0
07:11:09 https://letournesolboutiquesante.com:443/administrator/pma/index.php?lang=en  Mozilla/5.0 (Windows NT 10.0; Win64; x64; rv:123.0) Gecko/20100101 Firefox/123.0
07:11:10 https://letournesolboutiquesante.com:443/phpmyadmin2021/index.php?lang=en  Mozilla/5.0 (Windows NT 10.0; Win64; x64; rv:123.0) Gecko/20100101 Firefox/123.0
07:11:10 https://letournesolboutiquesante.com:443/phpMyAdmin/index.php?lang=en  Mozilla/5.0 (Windows NT 10.0; Win64; x64; rv:123.0) Gecko/20100101 Firefox/123.0
07:11:10 https://letournesolboutiquesante.com:443/phpMyAdmin-5.2.0/index.php?lang=en  Mozilla/5.0 (Windows NT 10.0; Win64; x64; rv:123.0) Gecko/20100101 Firefox/123.0
07:11:10 https://letournesolboutiquesante.com:443/phpMyAdmin-5.1.1/index.php?lang=en  Mozilla/5.0 (Windows NT 10.0; Win64; x64; rv:123.0) Gecko/20100101 Firefox/123.0
07:11:10 https://letournesolboutiquesante.com:443/index.php?lang=en  Mozilla/5.0 (Windows NT 10.0; Win64; x64; rv:123.0) Gecko/20100101 Firefox/123.0
07:11:10 https://letournesolboutiquesante.com:443/db/myadmin/index.php?lang=en  Mozilla/5.0 (Windows NT 10.0; Win64; x64; rv:123.0) Gecko/20100101 Firefox/123.0
07:11:10 https://letournesolboutiquesante.com:443/phpmyadmin6/index.php?lang=en  Mozilla/5.0 (Windows NT 10.0; Win64; x64; rv:123.0) Gecko/20100101 Firefox/123.0
07:11:10 https://letournesolboutiquesante.com:443/phpMyadmin/index.php?lang=en  Mozilla/5.0 (Windows NT 10.0; Win64; x64; rv:123.0) Gecko/20100101 Firefox/123.0
07:11:10 https://letournesolboutiquesante.com:443/php-myadmin/index.php?lang=en  Mozilla/5.0 (Windows NT 10.0; Win64; x64; rv:123.0) Gecko/20100101 Firefox/123.0
07:11:11 https://letournesolboutiquesante.com:443/myadmin/index.php?lang=en  Mozilla/5.0 (Windows NT 10.0; Win64; x64; rv:123.0) Gecko/20100101 Firefox/123.0
07:11:11 https://letournesolboutiquesante.com:443/sql/sql-admin/index.php?lang=en  Mozilla/5.0 (Windows NT 10.0; Win64; x64; rv:123.0) Gecko/20100101 Firefox/123.0
07:11:11 https://letournesolboutiquesante.com:443/sql/phpmyadmin5/index.php?lang=en  Mozilla/5.0 (Windows NT 10.0; Win64; x64; rv:123.0) Gecko/20100101 Firefox/123.0
07:11:11 https://letournesolboutiquesante.com:443/db/phpMyAdmin-3/index.php?lang=en  Mozilla/5.0 (Windows NT 10.0; Win64; x64; rv:123.0) Gecko/20100101 Firefox/123.0
07:11:11 https://letournesolboutiquesante.com:443/administrator/phpMyAdmin/index.php?lang=en  Mozilla/5.0 (Windows NT 10.0; Win64; x64; rv:123.0) Gecko/20100101 Firefox/123.0
07:11:11 https://letournesolboutiquesante.com:443/sql/php-myadmin/index.php?lang=en  Mozilla/5.0 (Windows NT 10.0; Win64; x64; rv:123.0) Gecko/20100101 Firefox/123.0
07:11:11 https://letournesolboutiquesante.com:443/phpMyAdmin-5.1.0/index.php?lang=en  Mozilla/5.0 (Windows NT 10.0; Win64; x64; rv:123.0) Gecko/20100101 Firefox/123.0
07:11:11 https://letournesolboutiquesante.com:443/phpmyadmin2017/index.php?lang=en  Mozilla/5.0 (Windows NT 10.0; Win64; x64; rv:123.0) Gecko/20100101 Firefox/123.0
07:11:11 https://letournesolboutiquesante.com:443/sql/phpmy-admin/index.php?lang=en  Mozilla/5.0 (Windows NT 10.0; Win64; x64; rv:123.0) Gecko/20100101 Firefox/123.0
07:11:12 https://letournesolboutiquesante.com:443/db/dbadmin/index.php?lang=en  Mozilla/5.0 (Windows NT 10.0; Win64; x64; rv:123.0) Gecko/20100101 Firefox/123.0
07:11:12 https://letournesolboutiquesante.com:443/sql/webadmin/index.php?lang=en  Mozilla/5.0 (Windows NT 10.0; Win64; x64; rv:123.0) Gecko/20100101 Firefox/123.0
07:11:12 https://letournesolboutiquesante.com:443/mysql/sqlmanager/index.php?lang=en  Mozilla/5.0 (Windows NT 10.0; Win64; x64; rv:123.0) Gecko/20100101 Firefox/123.0
07:11:12 https://letournesolboutiquesante.com:443/phpmyadmin2019/index.php?lang=en  Mozilla/5.0 (Windows NT 10.0; Win64; x64; rv:123.0) Gecko/20100101 Firefox/123.0
07:11:12 https://letournesolboutiquesante.com:443/mysqladmin/index.php?lang=en  Mozilla/5.0 (Windows NT 10.0; Win64; x64; rv:123.0) Gecko/20100101 Firefox/123.0
07:11:12 https://letournesolboutiquesante.com:443/phpMyAdmin-5.2.1/index.php?lang=en  Mozilla/5.0 (Windows NT 10.0; Win64; x64; rv:123.0) Gecko/20100101 Firefox/123.0
07:11:12 https://letournesolboutiquesante.com:443/sql/websql/index.php?lang=en  Mozilla/5.0 (Windows NT 10.0; Win64; x64; rv:123.0) Gecko/20100101 Firefox/123.0
07:11:12 https://letournesolboutiquesante.com:443/db/phpmyadmin4/index.php?lang=en  Mozilla/5.0 (Windows NT 10.0; Win64; x64; rv:123.0) Gecko/20100101 Firefox/123.0
07:11:12 https://letournesolboutiquesante.com:443/db/dbweb/index.php?lang=en  Mozilla/5.0 (Windows NT 10.0; Win64; x64; rv:123.0) Gecko/20100101 Firefox/123.0
07:11:12 https://letournesolboutiquesante.com:443/mysql/pma/index.php?lang=en  Mozilla/5.0 (Windows NT 10.0; Win64; x64; rv:123.0) Gecko/20100101 Firefox/123.0
07:11:12 https://letournesolboutiquesante.com:443/phpMyAdmin-5.2.1-all-languages/index.php?lang=en  Mozilla/5.0 (Windows NT 10.0; Win64; x64; rv:123.0) Gecko/20100101 Firefox/123.0
07:11:13 https://letournesolboutiquesante.com:443/db/webadmin/index.php?lang=en  Mozilla/5.0 (Windows NT 10.0; Win64; x64; rv:123.0) Gecko/20100101 Firefox/123.0
07:11:13 https://letournesolboutiquesante.com:443/phppma/index.php?lang=en  Mozilla/5.0 (Windows NT 10.0; Win64; x64; rv:123.0) Gecko/20100101 Firefox/123.0
07:11:13 https://letournesolboutiquesante.com:443/mysql/mysqlmanager/index.php?lang=en  Mozilla/5.0 (Windows NT 10.0; Win64; x64; rv:123.0) Gecko/20100101 Firefox/123.0
07:11:13 https://letournesolboutiquesante.com:443/db/phpMyAdmin/index.php?lang=en  Mozilla/5.0 (Windows NT 10.0; Win64; x64; rv:123.0) Gecko/20100101 Firefox/123.0
07:11:13 https://letournesolboutiquesante.com:443/sql/phpMyAdmin2/index.php?lang=en  Mozilla/5.0 (Windows NT 10.0; Win64; x64; rv:123.0) Gecko/20100101 Firefox/123.0
07:11:13 https://letournesolboutiquesante.com:443/sqlmanager/index.php?lang=en  Mozilla/5.0 (Windows NT 10.0; Win64; x64; rv:123.0) Gecko/20100101 Firefox/123.0
07:11:13 https://letournesolboutiquesante.com:443/phpmyadmin2022/index.php?lang=en  Mozilla/5.0 (Windows NT 10.0; Win64; x64; rv:123.0) Gecko/20100101 Firefox/123.0
07:11:13 https://letournesolboutiquesante.com:443/phpMyAdmin5.2/index.php?lang=en  Mozilla/5.0 (Windows NT 10.0; Win64; x64; rv:123.0) Gecko/20100101 Firefox/123.0
07:11:13 https://letournesolboutiquesante.com:443/sql/myadmin/index.php?lang=en  Mozilla/5.0 (Windows NT 10.0; Win64; x64; rv:123.0) Gecko/20100101 Firefox/123.0
07:11:14 https://letournesolboutiquesante.com:443/__phpmyadmin/index.php?lang=en  Mozilla/5.0 (Windows NT 10.0; Win64; x64; rv:123.0) Gecko/20100101 Firefox/123.0
07:11:14 https://letournesolboutiquesante.com:443/phpMyAdmin-5.2/index.php?lang=en  Mozilla/5.0 (Windows NT 10.0; Win64; x64; rv:123.0) Gecko/20100101 Firefox/123.0
07:11:14 https://letournesolboutiquesante.com:443/phpMyAdmin2/index.php?lang=en  Mozilla/5.0 (Windows NT 10.0; Win64; x64; rv:123.0) Gecko/20100101 Firefox/123.0
07:11:14 https://letournesolboutiquesante.com:443/db/phpMyAdmin-4/index.php?lang=en  Mozilla/5.0 (Windows NT 10.0; Win64; x64; rv:123.0) Gecko/20100101 Firefox/123.0
07:11:14 https://letournesolboutiquesante.com:443/sql/sqlweb/index.php?lang=en  Mozilla/5.0 (Windows NT 10.0; Win64; x64; rv:123.0) Gecko/20100101 Firefox/123.0
07:11:14 https://letournesolboutiquesante.com:443/mysqlmanager/index.php?lang=en  Mozilla/5.0 (Windows NT 10.0; Win64; x64; rv:123.0) Gecko/20100101 Firefox/123.0
07:11:14 https://letournesolboutiquesante.com:443/phpmyAdmin/index.php?lang=en  Mozilla/5.0 (Windows NT 10.0; Win64; x64; rv:123.0) Gecko/20100101 Firefox/123.0
07:11:14 https://letournesolboutiquesante.com:443/database/index.php?lang=en  Mozilla/5.0 (Windows NT 10.0; Win64; x64; rv:123.0) Gecko/20100101 Firefox/123.0
07:11:14 https://letournesolboutiquesante.com:443/mysql-admin/index.php?lang=en  Mozilla/5.0 (Windows NT 10.0; Win64; x64; rv:123.0) Gecko/20100101 Firefox/123.0
07:11:14 https://letournesolboutiquesante.com:443/db/webdb/index.php?lang=en  Mozilla/5.0 (Windows NT 10.0; Win64; x64; rv:123.0) Gecko/20100101 Firefox/123.0
07:11:14 https://letournesolboutiquesante.com:443/phpmyadmin2/index.php?lang=en  Mozilla/5.0 (Windows NT 10.0; Win64; x64; rv:123.0) Gecko/20100101 Firefox/123.0
07:11:15 https://letournesolboutiquesante.com:443/mysql/web/index.php?lang=en  Mozilla/5.0 (Windows NT 10.0; Win64; x64; rv:123.0) Gecko/20100101 Firefox/123.0
07:11:15 https://letournesolboutiquesante.com:443/phpMyAdmin-4/index.php?lang=en  Mozilla/5.0 (Windows NT 10.0; Win64; x64; rv:123.0) Gecko/20100101 Firefox/123.0
07:11:15 https://letournesolboutiquesante.com:443/phpMyAdmin-4.9.7/index.php?lang=en  Mozilla/5.0 (Windows NT 10.0; Win64; x64; rv:123.0) Gecko/20100101 Firefox/123.0
07:11:15 https://letournesolboutiquesante.com:443/sql/phpmyadmin4/index.php?lang=en  Mozilla/5.0 (Windows NT 10.0; Win64; x64; rv:123.0) Gecko/20100101 Firefox/123.0
07:11:15 https://letournesolboutiquesante.com:443/phpMyAdmin-latest-all-languages/index.php?lang=en  Mozilla/5.0 (Windows NT 10.0; Win64; x64; rv:123.0) Gecko/20100101 Firefox/123.0
07:11:15 https://letournesolboutiquesante.com:443/pma/index.php?lang=en  Mozilla/5.0 (Windows NT 10.0; Win64; x64; rv:123.0) Gecko/20100101 Firefox/123.0
07:11:15 https://letournesolboutiquesante.com:443/_phpMyAdmin/index.php?lang=en  Mozilla/5.0 (Windows NT 10.0; Win64; x64; rv:123.0) Gecko/20100101 Firefox/123.0
07:11:15 https://letournesolboutiquesante.com:443/sql/sql/index.php?lang=en  Mozilla/5.0 (Windows NT 10.0; Win64; x64; rv:123.0) Gecko/20100101 Firefox/123.0
07:11:15 https://letournesolboutiquesante.com:443/phpMyAdmin-4.9.10-all-languages/index.php?lang=en  Mozilla/5.0 (Windows NT 10.0; Win64; x64; rv:123.0) Gecko/20100101 Firefox/123.0
07:11:15 https://letournesolboutiquesante.com:443/MyAdmin/index.php?lang=en  Mozilla/5.0 (Windows NT 10.0; Win64; x64; rv:123.0) Gecko/20100101 Firefox/123.0
07:11:16 https://letournesolboutiquesante.com:443/program/index.php?lang=en  Mozilla/5.0 (Windows NT 10.0; Win64; x64; rv:123.0) Gecko/20100101 Firefox/123.0
07:11:16 https://letournesolboutiquesante.com:443/wp-content/plugins/portable-phpmyadmin/wp-pma-mod/index.php?lang=en  Mozilla/5.0 (Windows NT 10.0; Win64; x64; rv:123.0) Gecko/20100101 Firefox/123.0
07:11:16 https://letournesolboutiquesante.com:443/db/phpmyadmin/index.php?lang=en  Mozilla/5.0 (Windows NT 10.0; Win64; x64; rv:123.0) Gecko/20100101 Firefox/123.0
07:11:16 https://letournesolboutiquesante.com:443/_phpmyadmin/index.php?lang=en  Mozilla/5.0 (Windows NT 10.0; Win64; x64; rv:123.0) Gecko/20100101 Firefox/123.0
07:11:16 https://letournesolboutiquesante.com:443/phpMyAdmin-5.2.0-all-languages/index.php?lang=en  Mozilla/5.0 (Windows NT 10.0; Win64; x64; rv:123.0) Gecko/20100101 Firefox/123.0
07:11:16 https://letournesolboutiquesante.com:443/phpMyAdmin-5/index.php?lang=en  Mozilla/5.0 (Windows NT 10.0; Win64; x64; rv:123.0) Gecko/20100101 Firefox/123.0
07:11:16 https://letournesolboutiquesante.com:443/1phpmyadmin/index.php?lang=en  Mozilla/5.0 (Windows NT 10.0; Win64; x64; rv:123.0) Gecko/20100101 Firefox/123.0
07:11:16 https://letournesolboutiquesante.com:443/phpmyadmin_/index.php?lang=en  Mozilla/5.0 (Windows NT 10.0; Win64; x64; rv:123.0) Gecko/20100101 Firefox/123.0
07:11:16 https://letournesolboutiquesante.com:443/php-my-admin/index.php?lang=en  Mozilla/5.0 (Windows NT 10.0; Win64; x64; rv:123.0) Gecko/20100101 Firefox/123.0
07:11:16 https://letournesolboutiquesante.com:443/sql/phpmanager/index.php?lang=en  Mozilla/5.0 (Windows NT 10.0; Win64; x64; rv:123.0) Gecko/20100101 Firefox/123.0
07:11:16 https://letournesolboutiquesante.com:443/phpMyAdmin4/index.php?lang=en  Mozilla/5.0 (Windows NT 10.0; Win64; x64; rv:123.0) Gecko/20100101 Firefox/123.0
07:11:17 https://letournesolboutiquesante.com:443/phpMyAdmin-5.1.3/index.php?lang=en  Mozilla/5.0 (Windows NT 10.0; Win64; x64; rv:123.0) Gecko/20100101 Firefox/123.0
07:11:17 https://letournesolboutiquesante.com:443/phpMyAdmin5/index.php?lang=en  Mozilla/5.0 (Windows NT 10.0; Win64; x64; rv:123.0) Gecko/20100101 Firefox/123.0
07:11:17 https://letournesolboutiquesante.com:443/phpMyAdmin-latest-english/index.php?lang=en  Mozilla/5.0 (Windows NT 10.0; Win64; x64; rv:123.0) Gecko/20100101 Firefox/123.0
07:11:17 https://letournesolboutiquesante.com:443/administrator/PMA/index.php?lang=en  Mozilla/5.0 (Windows NT 10.0; Win64; x64; rv:123.0) Gecko/20100101 Firefox/123.0
07:11:17 https://letournesolboutiquesante.com:443/phpMyAdmin-latest/index.php?lang=en  Mozilla/5.0 (Windows NT 10.0; Win64; x64; rv:123.0) Gecko/20100101 Firefox/123.0
07:11:17 https://letournesolboutiquesante.com:443/phpmyadmin3/index.php?lang=en  Mozilla/5.0 (Windows NT 10.0; Win64; x64; rv:123.0) Gecko/20100101 Firefox/123.0
07:11:17 https://letournesolboutiquesante.com:443/phpmyadmin5/index.php?lang=en  Mozilla/5.0 (Windows NT 10.0; Win64; x64; rv:123.0) Gecko/20100101 Firefox/123.0
07:11:17 https://letournesolboutiquesante.com:443/phpmy/index.php?lang=en  Mozilla/5.0 (Windows NT 10.0; Win64; x64; rv:123.0) Gecko/20100101 Firefox/123.0
07:11:17 https://letournesolboutiquesante.com:443/phpMyAdmin_/index.php?lang=en  Mozilla/5.0 (Windows NT 10.0; Win64; x64; rv:123.0) Gecko/20100101 Firefox/123.0
07:11:17 https://letournesolboutiquesante.com:443/PMA/index.php?lang=en  Mozilla/5.0 (Windows NT 10.0; Win64; x64; rv:123.0) Gecko/20100101 Firefox/123.0
07:11:17 https://letournesolboutiquesante.com:443/phpmyadmin2018/index.php?lang=en  Mozilla/5.0 (Windows NT 10.0; Win64; x64; rv:123.0) Gecko/20100101 Firefox/123.0
07:11:17 https://letournesolboutiquesante.com:443/mysql/db/index.php?lang=en  Mozilla/5.0 (Windows NT 10.0; Win64; x64; rv:123.0) Gecko/20100101 Firefox/123.0
07:11:18 https://letournesolboutiquesante.com:443/mysql/admin/index.php?lang=en  Mozilla/5.0 (Windows NT 10.0; Win64; x64; rv:123.0) Gecko/20100101 Firefox/123.0
07:11:18 https://letournesolboutiquesante.com:443/mysql/dbadmin/index.php?lang=en  Mozilla/5.0 (Windows NT 10.0; Win64; x64; rv:123.0) Gecko/20100101 Firefox/123.0
07:11:18 https://letournesolboutiquesante.com:443/db/phpMyAdmin-5/index.php?lang=en  Mozilla/5.0 (Windows NT 10.0; Win64; x64; rv:123.0) Gecko/20100101 Firefox/123.0
07:11:18 https://letournesolboutiquesante.com:443/sql/phpmyadmin3/index.php?lang=en  Mozilla/5.0 (Windows NT 10.0; Win64; x64; rv:123.0) Gecko/20100101 Firefox/123.0
07:11:18 https://letournesolboutiquesante.com:443/administrator/phpmyadmin/index.php?lang=en  Mozilla/5.0 (Windows NT 10.0; Win64; x64; rv:123.0) Gecko/20100101 Firefox/123.0
07:11:18 https://letournesolboutiquesante.com:443/db/phpmyadmin5/index.php?lang=en  Mozilla/5.0 (Windows NT 10.0; Win64; x64; rv:123.0) Gecko/20100101 Firefox/123.0
07:11:18 https://letournesolboutiquesante.com:443/phpmyadmin2020/index.php?lang=en  Mozilla/5.0 (Windows NT 10.0; Win64; x64; rv:123.0) Gecko/20100101 Firefox/123.0
07:11:18 https://letournesolboutiquesante.com:443/phpMyAdmin-3/index.php?lang=en  Mozilla/5.0 (Windows NT 10.0; Win64; x64; rv:123.0) Gecko/20100101 Firefox/123.0
07:11:18 https://letournesolboutiquesante.com:443/phpMyAdmin5.1/index.php?lang=en  Mozilla/5.0 (Windows NT 10.0; Win64; x64; rv:123.0) Gecko/20100101 Firefox/123.0
07:11:18 https://letournesolboutiquesante.com:443/mysql/index.php?lang=en  Mozilla/5.0 (Windows NT 10.0; Win64; x64; rv:123.0) Gecko/20100101 Firefox/123.0
07:11:19 https://letournesolboutiquesante.com:443/phpMyAdmin6/index.php?lang=en  Mozilla/5.0 (Windows NT 10.0; Win64; x64; rv:123.0) Gecko/20100101 Firefox/123.0
07:11:19 https://letournesolboutiquesante.com:443/phpMyAdmin6.0/index.php?lang=en  Mozilla/5.0 (Windows NT 10.0; Win64; x64; rv:123.0) Gecko/20100101 Firefox/123.0
07:11:19 https://letournesolboutiquesante.com:443/2phpmyadmin/index.php?lang=en  Mozilla/5.0 (Windows NT 10.0; Win64; x64; rv:123.0) Gecko/20100101 Firefox/123.0
07:11:19 https://letournesolboutiquesante.com:443/_phpmyadmin_/index.php?lang=en  Mozilla/5.0 (Windows NT 10.0; Win64; x64; rv:123.0) Gecko/20100101 Firefox/123.0
07:11:19 https://letournesolboutiquesante.com:443/administrator/db/index.php?lang=en  Mozilla/5.0 (Windows NT 10.0; Win64; x64; rv:123.0) Gecko/20100101 Firefox/123.0
07:11:19 https://letournesolboutiquesante.com:443/db/phpmyadmin3/index.php?lang=en  Mozilla/5.0 (Windows NT 10.0; Win64; x64; rv:123.0) Gecko/20100101 Firefox/123.0
07:11:19 https://letournesolboutiquesante.com:443/db/websql/index.php?lang=en  Mozilla/5.0 (Windows NT 10.0; Win64; x64; rv:123.0) Gecko/20100101 Firefox/123.0
07:11:19 https://letournesolboutiquesante.com:443/phpMyAdmin-5.2.1-english/index.php?lang=en  Mozilla/5.0 (Windows NT 10.0; Win64; x64; rv:123.0) Gecko/20100101 Firefox/123.0
07:11:19 https://letournesolboutiquesante.com:443/shopdb/index.php?lang=en  Mozilla/5.0 (Windows NT 10.0; Win64; x64; rv:123.0) Gecko/20100101 Firefox/123.0
07:11:19 https://letournesolboutiquesante.com:443/phpmyadmin4/index.php?lang=en  Mozilla/5.0 (Windows NT 10.0; Win64; x64; rv:123.0) Gecko/20100101 Firefox/123.0
07:59:55 https://www.letournesolboutiquesante.com:443/favicon.ico https://www.letournesolboutiquesante.com/ Mozilla/5.0 (Macintosh; Intel Mac OS X 10_15_7) AppleWebKit/537.36 (KHTML, like Gecko) Chrome/121.0.0.0 Safari/537.36
10:28:34 https://letournesolboutiquesante.com:443/meta.json  facebookexternalhit/1.1 (+http://www.facebook.com/externalhit_uatext.php)
11:25:16 https://www.letournesolboutiquesante.com:443/.env  Mozilla/5.0 (X11; Linux x86_64) AppleWebKit/537.36 (KHTML, like Gecko) Chrome/81.0.4044.129 Safari/537.36
13:10:51 https://tournesolalimentsnaturelsetbiologiques.comelin.com:443/wp-login.php https://tournesolalimentsnaturelsetbiologiques.comelin.com/wp-login.php Mozilla/5.0 (X11; Fedora; Linux x86_64; rv:94.0) Gecko/20100101 Firefox/95.0
14:35:49 https://letournesolboutiquesante.com:443/.well-known/traffic-advice  Chrome Privacy Preserving Prefetch Proxy
15:29:15 https://letournesolboutiquesante.com:443/favicon.ico https://letournesolboutiquesante.com/fr/ Mozilla/5.0 (Windows NT 10.0; Win64; x64) AppleWebKit/537.36 (KHTML, like Gecko) Chrome/124.0.0.0 Safari/537.36
15:37:25 https://letournesolboutiquesante.com:443/favicon.ico https://letournesolboutiquesante.com/fr/ Mozilla/5.0 (Linux; Android 10; K) AppleWebKit/537.36 (KHTML, like Gecko) Chrome/120.0.0.0 Mobile Safari/537.36
15:55:28 https://letournesolboutiquesante.com:443/favicon.ico https://letournesolboutiquesante.com/fr/ Mozilla/5.0 (iPhone; CPU iPhone OS 17_4_1 like Mac OS X) AppleWebKit/605.1.15 (KHTML, like Gecko) Version/17.4.1 Mobile/15E148 Safari/604.1
16:06:08 https://letournesolboutiquesante.com:443/.well-known/traffic-advice  Chrome Privacy Preserving Prefetch Proxy
22:36:08 https://letournesolboutiquesante.com:443/favicon.ico https://letournesolboutiquesante.com/fr/ Mozilla/5.0 (Linux; Android 10; K) AppleWebKit/537.36 (KHTML, like Gecko) Chrome/124.0.0.0 Mobile Safari/537.36
