7:13:49 AM Searching for certificate tournesolalimentsnaturelsetbiologiques.comelin.com
7:13:49 AM  Number of certificate in WebHosting: 150
7:13:49 AM  Matching: [IIS] TournesolAlimentsnaturelsetbiologiques, (any host) @ 2024/5/15 9:55:51
7:13:49 AM  * best Matching: [IIS] TournesolAlimentsnaturelsetbiologiques, (any host) @ 2024/5/15 9:55:51 HasPrivateKey:True
7:13:49 AM  SerialNumber: 04B104EC4C0D30AC2B77FA59FE2DAC14A627
7:13:49 AM ** PrivateKey is present
8:23:28 AM Searching for certificate tournesolalimentsnaturelsetbiologiques.comelin.com
8:23:28 AM  Number of certificate in WebHosting: 150
8:23:28 AM  Matching: [IIS] TournesolAlimentsnaturelsetbiologiques, (any host) @ 2024/5/15 9:55:51
8:23:28 AM  * best Matching: [IIS] TournesolAlimentsnaturelsetbiologiques, (any host) @ 2024/5/15 9:55:51 HasPrivateKey:True
8:23:29 AM  SerialNumber: 04B104EC4C0D30AC2B77FA59FE2DAC14A627
8:23:29 AM ** PrivateKey is present
8:29:59 AM Searching for certificate tournesolalimentsnaturelsetbiologiques.comelin.com
8:29:59 AM  Number of certificate in WebHosting: 150
8:29:59 AM  Matching: [IIS] TournesolAlimentsnaturelsetbiologiques, (any host) @ 2024/5/15 9:55:51
8:29:59 AM  * best Matching: [IIS] TournesolAlimentsnaturelsetbiologiques, (any host) @ 2024/5/15 9:55:51 HasPrivateKey:True
8:29:59 AM  SerialNumber: 04B104EC4C0D30AC2B77FA59FE2DAC14A627
8:29:59 AM ** PrivateKey is present
8:45:38 AM Searching for certificate tournesolalimentsnaturelsetbiologiques.comelin.com
8:45:38 AM  Number of certificate in WebHosting: 150
8:45:38 AM  Matching: [IIS] TournesolAlimentsnaturelsetbiologiques, (any host) @ 2024/5/15 9:55:51
8:45:38 AM  * best Matching: [IIS] TournesolAlimentsnaturelsetbiologiques, (any host) @ 2024/5/15 9:55:51 HasPrivateKey:True
8:45:38 AM  SerialNumber: 04B104EC4C0D30AC2B77FA59FE2DAC14A627
8:45:38 AM ** PrivateKey is present
